[2025-07-16T19:48:20.567+0000] {processor.py:161} INFO - Started process (PID=15034) to work on /mnt/c/Users/Shivam Gupta/OneDrive/Documents/Shivam_Developement/data_engineering/data_engineering_project/batch-etl-pyspark/airflow/dags/ecommerce_etl_dag.py
[2025-07-16T19:48:20.570+0000] {processor.py:830} INFO - Processing file /mnt/c/Users/Shivam Gupta/OneDrive/Documents/Shivam_Developement/data_engineering/data_engineering_project/batch-etl-pyspark/airflow/dags/ecommerce_etl_dag.py for tasks to queue
[2025-07-16T19:48:20.575+0000] {logging_mixin.py:188} INFO - [2025-07-16T19:48:20.573+0000] {dagbag.py:545} INFO - Filling up the DagBag from /mnt/c/Users/Shivam Gupta/OneDrive/Documents/Shivam_Developement/data_engineering/data_engineering_project/batch-etl-pyspark/airflow/dags/ecommerce_etl_dag.py
[2025-07-16T19:48:20.852+0000] {processor.py:840} INFO - DAG(s) 'ecommerce_etl_dag' retrieved from /mnt/c/Users/Shivam Gupta/OneDrive/Documents/Shivam_Developement/data_engineering/data_engineering_project/batch-etl-pyspark/airflow/dags/ecommerce_etl_dag.py
[2025-07-16T19:48:22.815+0000] {logging_mixin.py:188} INFO - [2025-07-16T19:48:22.813+0000] {override.py:1930} INFO - Created Permission View: can read on DAG:ecommerce_etl_dag
[2025-07-16T19:48:22.874+0000] {logging_mixin.py:188} INFO - [2025-07-16T19:48:22.873+0000] {override.py:1930} INFO - Created Permission View: can edit on DAG:ecommerce_etl_dag
[2025-07-16T19:48:22.935+0000] {logging_mixin.py:188} INFO - [2025-07-16T19:48:22.933+0000] {override.py:1930} INFO - Created Permission View: can delete on DAG:ecommerce_etl_dag
[2025-07-16T19:48:22.938+0000] {logging_mixin.py:188} INFO - [2025-07-16T19:48:22.937+0000] {dag.py:3096} INFO - Sync 1 DAGs
[2025-07-16T19:48:22.963+0000] {logging_mixin.py:188} INFO - [2025-07-16T19:48:22.962+0000] {dag.py:3118} INFO - Creating ORM DAG for ecommerce_etl_dag
[2025-07-16T19:48:22.966+0000] {logging_mixin.py:188} INFO - [2025-07-16T19:48:22.965+0000] {dag.py:3954} INFO - Setting next_dagrun for ecommerce_etl_dag to None, run_after=None
[2025-07-16T19:48:23.164+0000] {processor.py:183} INFO - Processing /mnt/c/Users/Shivam Gupta/OneDrive/Documents/Shivam_Developement/data_engineering/data_engineering_project/batch-etl-pyspark/airflow/dags/ecommerce_etl_dag.py took 2.614 seconds
[2025-07-16T19:49:48.748+0000] {processor.py:161} INFO - Started process (PID=15132) to work on /mnt/c/Users/Shivam Gupta/OneDrive/Documents/Shivam_Developement/data_engineering/data_engineering_project/batch-etl-pyspark/airflow/dags/ecommerce_etl_dag.py
[2025-07-16T19:49:48.749+0000] {processor.py:830} INFO - Processing file /mnt/c/Users/Shivam Gupta/OneDrive/Documents/Shivam_Developement/data_engineering/data_engineering_project/batch-etl-pyspark/airflow/dags/ecommerce_etl_dag.py for tasks to queue
[2025-07-16T19:49:48.752+0000] {logging_mixin.py:188} INFO - [2025-07-16T19:49:48.751+0000] {dagbag.py:545} INFO - Filling up the DagBag from /mnt/c/Users/Shivam Gupta/OneDrive/Documents/Shivam_Developement/data_engineering/data_engineering_project/batch-etl-pyspark/airflow/dags/ecommerce_etl_dag.py
[2025-07-16T19:49:48.768+0000] {processor.py:840} INFO - DAG(s) 'ecommerce_etl_dag' retrieved from /mnt/c/Users/Shivam Gupta/OneDrive/Documents/Shivam_Developement/data_engineering/data_engineering_project/batch-etl-pyspark/airflow/dags/ecommerce_etl_dag.py
[2025-07-16T19:49:48.790+0000] {logging_mixin.py:188} INFO - [2025-07-16T19:49:48.789+0000] {dag.py:3096} INFO - Sync 1 DAGs
[2025-07-16T19:49:48.801+0000] {logging_mixin.py:188} INFO - [2025-07-16T19:49:48.800+0000] {dag.py:3954} INFO - Setting next_dagrun for ecommerce_etl_dag to None, run_after=None
[2025-07-16T19:49:48.851+0000] {processor.py:183} INFO - Processing /mnt/c/Users/Shivam Gupta/OneDrive/Documents/Shivam_Developement/data_engineering/data_engineering_project/batch-etl-pyspark/airflow/dags/ecommerce_etl_dag.py took 0.113 seconds
[2025-07-16T19:50:33.462+0000] {processor.py:161} INFO - Started process (PID=15191) to work on /mnt/c/Users/Shivam Gupta/OneDrive/Documents/Shivam_Developement/data_engineering/data_engineering_project/batch-etl-pyspark/airflow/dags/ecommerce_etl_dag.py
[2025-07-16T19:50:33.473+0000] {processor.py:830} INFO - Processing file /mnt/c/Users/Shivam Gupta/OneDrive/Documents/Shivam_Developement/data_engineering/data_engineering_project/batch-etl-pyspark/airflow/dags/ecommerce_etl_dag.py for tasks to queue
[2025-07-16T19:50:33.478+0000] {logging_mixin.py:188} INFO - [2025-07-16T19:50:33.476+0000] {dagbag.py:545} INFO - Filling up the DagBag from /mnt/c/Users/Shivam Gupta/OneDrive/Documents/Shivam_Developement/data_engineering/data_engineering_project/batch-etl-pyspark/airflow/dags/ecommerce_etl_dag.py
[2025-07-16T19:50:33.506+0000] {processor.py:840} INFO - DAG(s) 'ecommerce_etl_dag' retrieved from /mnt/c/Users/Shivam Gupta/OneDrive/Documents/Shivam_Developement/data_engineering/data_engineering_project/batch-etl-pyspark/airflow/dags/ecommerce_etl_dag.py
[2025-07-16T19:50:33.540+0000] {logging_mixin.py:188} INFO - [2025-07-16T19:50:33.539+0000] {dag.py:3096} INFO - Sync 1 DAGs
[2025-07-16T19:50:33.563+0000] {logging_mixin.py:188} INFO - [2025-07-16T19:50:33.561+0000] {dag.py:3954} INFO - Setting next_dagrun for ecommerce_etl_dag to None, run_after=None
[2025-07-16T19:50:33.767+0000] {processor.py:183} INFO - Processing /mnt/c/Users/Shivam Gupta/OneDrive/Documents/Shivam_Developement/data_engineering/data_engineering_project/batch-etl-pyspark/airflow/dags/ecommerce_etl_dag.py took 0.320 seconds
[2025-07-16T19:51:15.795+0000] {processor.py:161} INFO - Started process (PID=15235) to work on /mnt/c/Users/Shivam Gupta/OneDrive/Documents/Shivam_Developement/data_engineering/data_engineering_project/batch-etl-pyspark/airflow/dags/ecommerce_etl_dag.py
[2025-07-16T19:51:15.797+0000] {processor.py:830} INFO - Processing file /mnt/c/Users/Shivam Gupta/OneDrive/Documents/Shivam_Developement/data_engineering/data_engineering_project/batch-etl-pyspark/airflow/dags/ecommerce_etl_dag.py for tasks to queue
[2025-07-16T19:51:15.800+0000] {logging_mixin.py:188} INFO - [2025-07-16T19:51:15.799+0000] {dagbag.py:545} INFO - Filling up the DagBag from /mnt/c/Users/Shivam Gupta/OneDrive/Documents/Shivam_Developement/data_engineering/data_engineering_project/batch-etl-pyspark/airflow/dags/ecommerce_etl_dag.py
[2025-07-16T19:51:15.817+0000] {processor.py:840} INFO - DAG(s) 'ecommerce_etl_dag' retrieved from /mnt/c/Users/Shivam Gupta/OneDrive/Documents/Shivam_Developement/data_engineering/data_engineering_project/batch-etl-pyspark/airflow/dags/ecommerce_etl_dag.py
[2025-07-16T19:51:15.844+0000] {logging_mixin.py:188} INFO - [2025-07-16T19:51:15.843+0000] {dag.py:3096} INFO - Sync 1 DAGs
[2025-07-16T19:51:15.857+0000] {logging_mixin.py:188} INFO - [2025-07-16T19:51:15.856+0000] {dag.py:3954} INFO - Setting next_dagrun for ecommerce_etl_dag to None, run_after=None
[2025-07-16T19:51:15.954+0000] {processor.py:183} INFO - Processing /mnt/c/Users/Shivam Gupta/OneDrive/Documents/Shivam_Developement/data_engineering/data_engineering_project/batch-etl-pyspark/airflow/dags/ecommerce_etl_dag.py took 0.170 seconds
[2025-07-16T19:51:59.909+0000] {processor.py:161} INFO - Started process (PID=15284) to work on /mnt/c/Users/Shivam Gupta/OneDrive/Documents/Shivam_Developement/data_engineering/data_engineering_project/batch-etl-pyspark/airflow/dags/ecommerce_etl_dag.py
[2025-07-16T19:51:59.912+0000] {processor.py:830} INFO - Processing file /mnt/c/Users/Shivam Gupta/OneDrive/Documents/Shivam_Developement/data_engineering/data_engineering_project/batch-etl-pyspark/airflow/dags/ecommerce_etl_dag.py for tasks to queue
[2025-07-16T19:51:59.916+0000] {logging_mixin.py:188} INFO - [2025-07-16T19:51:59.915+0000] {dagbag.py:545} INFO - Filling up the DagBag from /mnt/c/Users/Shivam Gupta/OneDrive/Documents/Shivam_Developement/data_engineering/data_engineering_project/batch-etl-pyspark/airflow/dags/ecommerce_etl_dag.py
[2025-07-16T19:51:59.956+0000] {processor.py:840} INFO - DAG(s) 'ecommerce_etl_dag' retrieved from /mnt/c/Users/Shivam Gupta/OneDrive/Documents/Shivam_Developement/data_engineering/data_engineering_project/batch-etl-pyspark/airflow/dags/ecommerce_etl_dag.py
[2025-07-16T19:52:00.015+0000] {logging_mixin.py:188} INFO - [2025-07-16T19:52:00.012+0000] {dag.py:3096} INFO - Sync 1 DAGs
[2025-07-16T19:52:00.041+0000] {logging_mixin.py:188} INFO - [2025-07-16T19:52:00.039+0000] {dag.py:3954} INFO - Setting next_dagrun for ecommerce_etl_dag to None, run_after=None
[2025-07-16T19:52:00.174+0000] {processor.py:183} INFO - Processing /mnt/c/Users/Shivam Gupta/OneDrive/Documents/Shivam_Developement/data_engineering/data_engineering_project/batch-etl-pyspark/airflow/dags/ecommerce_etl_dag.py took 0.284 seconds
[2025-07-16T19:52:43.646+0000] {processor.py:161} INFO - Started process (PID=15357) to work on /mnt/c/Users/Shivam Gupta/OneDrive/Documents/Shivam_Developement/data_engineering/data_engineering_project/batch-etl-pyspark/airflow/dags/ecommerce_etl_dag.py
[2025-07-16T19:52:43.649+0000] {processor.py:830} INFO - Processing file /mnt/c/Users/Shivam Gupta/OneDrive/Documents/Shivam_Developement/data_engineering/data_engineering_project/batch-etl-pyspark/airflow/dags/ecommerce_etl_dag.py for tasks to queue
[2025-07-16T19:52:43.654+0000] {logging_mixin.py:188} INFO - [2025-07-16T19:52:43.652+0000] {dagbag.py:545} INFO - Filling up the DagBag from /mnt/c/Users/Shivam Gupta/OneDrive/Documents/Shivam_Developement/data_engineering/data_engineering_project/batch-etl-pyspark/airflow/dags/ecommerce_etl_dag.py
[2025-07-16T19:52:43.682+0000] {processor.py:840} INFO - DAG(s) 'ecommerce_etl_dag' retrieved from /mnt/c/Users/Shivam Gupta/OneDrive/Documents/Shivam_Developement/data_engineering/data_engineering_project/batch-etl-pyspark/airflow/dags/ecommerce_etl_dag.py
[2025-07-16T19:52:43.724+0000] {logging_mixin.py:188} INFO - [2025-07-16T19:52:43.723+0000] {dag.py:3096} INFO - Sync 1 DAGs
[2025-07-16T19:52:43.745+0000] {logging_mixin.py:188} INFO - [2025-07-16T19:52:43.744+0000] {dag.py:3954} INFO - Setting next_dagrun for ecommerce_etl_dag to None, run_after=None
[2025-07-16T19:52:43.829+0000] {processor.py:183} INFO - Processing /mnt/c/Users/Shivam Gupta/OneDrive/Documents/Shivam_Developement/data_engineering/data_engineering_project/batch-etl-pyspark/airflow/dags/ecommerce_etl_dag.py took 0.203 seconds
[2025-07-16T19:53:36.463+0000] {processor.py:161} INFO - Started process (PID=15459) to work on /mnt/c/Users/Shivam Gupta/OneDrive/Documents/Shivam_Developement/data_engineering/data_engineering_project/batch-etl-pyspark/airflow/dags/ecommerce_etl_dag.py
[2025-07-16T19:53:36.469+0000] {processor.py:830} INFO - Processing file /mnt/c/Users/Shivam Gupta/OneDrive/Documents/Shivam_Developement/data_engineering/data_engineering_project/batch-etl-pyspark/airflow/dags/ecommerce_etl_dag.py for tasks to queue
[2025-07-16T19:53:36.474+0000] {logging_mixin.py:188} INFO - [2025-07-16T19:53:36.472+0000] {dagbag.py:545} INFO - Filling up the DagBag from /mnt/c/Users/Shivam Gupta/OneDrive/Documents/Shivam_Developement/data_engineering/data_engineering_project/batch-etl-pyspark/airflow/dags/ecommerce_etl_dag.py
[2025-07-16T19:53:36.506+0000] {processor.py:840} INFO - DAG(s) 'ecommerce_etl_dag' retrieved from /mnt/c/Users/Shivam Gupta/OneDrive/Documents/Shivam_Developement/data_engineering/data_engineering_project/batch-etl-pyspark/airflow/dags/ecommerce_etl_dag.py
[2025-07-16T19:53:36.543+0000] {logging_mixin.py:188} INFO - [2025-07-16T19:53:36.542+0000] {dag.py:3096} INFO - Sync 1 DAGs
[2025-07-16T19:53:36.560+0000] {logging_mixin.py:188} INFO - [2025-07-16T19:53:36.558+0000] {dag.py:3954} INFO - Setting next_dagrun for ecommerce_etl_dag to None, run_after=None
[2025-07-16T19:53:36.649+0000] {processor.py:183} INFO - Processing /mnt/c/Users/Shivam Gupta/OneDrive/Documents/Shivam_Developement/data_engineering/data_engineering_project/batch-etl-pyspark/airflow/dags/ecommerce_etl_dag.py took 0.202 seconds
