[2025-07-18T07:38:06.351+0000] {local_task_job_runner.py:120} INFO - ::group::Pre task execution logs
[2025-07-18T07:38:06.583+0000] {taskinstance.py:2076} INFO - Dependencies all met for dep_context=non-requeueable deps ti=<TaskInstance: ecommerce_etl.run_etl scheduled__2025-07-17T00:00:00+00:00 [queued]>
[2025-07-18T07:38:06.594+0000] {taskinstance.py:2076} INFO - Dependencies all met for dep_context=requeueable deps ti=<TaskInstance: ecommerce_etl.run_etl scheduled__2025-07-17T00:00:00+00:00 [queued]>
[2025-07-18T07:38:06.595+0000] {taskinstance.py:2306} INFO - Starting attempt 1 of 1
[2025-07-18T07:38:06.632+0000] {taskinstance.py:2330} INFO - Executing <Task(PythonOperator): run_etl> on 2025-07-17 00:00:00+00:00
[2025-07-18T07:38:06.642+0000] {standard_task_runner.py:90} INFO - Running: ['airflow', 'tasks', 'run', 'ecommerce_etl', 'run_etl', 'scheduled__2025-07-17T00:00:00+00:00', '--job-id', '10', '--raw', '--subdir', 'DAGS_FOLDER/ecommerce_etl_dag.py', '--cfg-path', '/tmp/tmpey7hj77v']
[2025-07-18T07:38:06.645+0000] {logging_mixin.py:188} WARNING - /mnt/c/Users/Shivam Gupta/OneDrive/Documents/Shivam_Developement/DATA_ENGINEERING/data_engineering_project/batch-etl-pyspark/.venv/lib/python3.12/site-packages/airflow/task/task_runner/standard_task_runner.py:61 DeprecationWarning: This process (pid=8005) is multi-threaded, use of fork() may lead to deadlocks in the child.
[2025-07-18T07:38:06.647+0000] {standard_task_runner.py:91} INFO - Job 10: Subtask run_etl
[2025-07-18T07:38:06.648+0000] {standard_task_runner.py:63} INFO - Started process 8042 to run task
[2025-07-18T07:38:06.754+0000] {task_command.py:426} INFO - Running <TaskInstance: ecommerce_etl.run_etl scheduled__2025-07-17T00:00:00+00:00 [running]> on host LAPTOP-2CRA05LG.
[2025-07-18T07:38:06.922+0000] {taskinstance.py:2648} INFO - Exporting env vars: AIRFLOW_CTX_DAG_OWNER='airflow' AIRFLOW_CTX_DAG_ID='ecommerce_etl' AIRFLOW_CTX_TASK_ID='run_etl' AIRFLOW_CTX_EXECUTION_DATE='2025-07-17T00:00:00+00:00' AIRFLOW_CTX_TRY_NUMBER='1' AIRFLOW_CTX_DAG_RUN_ID='scheduled__2025-07-17T00:00:00+00:00'
[2025-07-18T07:38:06.927+0000] {taskinstance.py:430} INFO - ::endgroup::
[2025-07-18T07:38:06.930+0000] {logging_mixin.py:188} INFO - Creating SparkSession with appName: EcommerceSalesAnalytics and master: local[*]
[2025-07-18T07:38:07.730+0000] {taskinstance.py:441} INFO - ::group::Post task execution logs
[2025-07-18T07:38:07.736+0000] {taskinstance.py:2905} ERROR - Task failed with exception
Traceback (most recent call last):
  File "/mnt/c/Users/Shivam Gupta/OneDrive/Documents/Shivam_Developement/DATA_ENGINEERING/data_engineering_project/batch-etl-pyspark/.venv/lib/python3.12/site-packages/airflow/models/taskinstance.py", line 465, in _execute_task
    result = _execute_callable(context=context, **execute_callable_kwargs)
             ^^^^^^^^^^^^^^^^^^^^^^^^^^^^^^^^^^^^^^^^^^^^^^^^^^^^^^^^^^^^^
  File "/mnt/c/Users/Shivam Gupta/OneDrive/Documents/Shivam_Developement/DATA_ENGINEERING/data_engineering_project/batch-etl-pyspark/.venv/lib/python3.12/site-packages/airflow/models/taskinstance.py", line 432, in _execute_callable
    return execute_callable(context=context, **execute_callable_kwargs)
           ^^^^^^^^^^^^^^^^^^^^^^^^^^^^^^^^^^^^^^^^^^^^^^^^^^^^^^^^^^^^
  File "/mnt/c/Users/Shivam Gupta/OneDrive/Documents/Shivam_Developement/DATA_ENGINEERING/data_engineering_project/batch-etl-pyspark/.venv/lib/python3.12/site-packages/airflow/models/baseoperator.py", line 400, in wrapper
    return func(self, *args, **kwargs)
           ^^^^^^^^^^^^^^^^^^^^^^^^^^^
  File "/mnt/c/Users/Shivam Gupta/OneDrive/Documents/Shivam_Developement/DATA_ENGINEERING/data_engineering_project/batch-etl-pyspark/.venv/lib/python3.12/site-packages/airflow/operators/python.py", line 235, in execute
    return_value = self.execute_callable()
                   ^^^^^^^^^^^^^^^^^^^^^^^
  File "/mnt/c/Users/Shivam Gupta/OneDrive/Documents/Shivam_Developement/DATA_ENGINEERING/data_engineering_project/batch-etl-pyspark/.venv/lib/python3.12/site-packages/airflow/operators/python.py", line 252, in execute_callable
    return self.python_callable(*self.op_args, **self.op_kwargs)
           ^^^^^^^^^^^^^^^^^^^^^^^^^^^^^^^^^^^^^^^^^^^^^^^^^^^^^
  File "/mnt/c/Users/Shivam Gupta/OneDrive/Documents/Shivam_Developement/data_engineering/data_engineering_project/batch-etl-pyspark/airflow/dags/ecommerce_etl_dag.py", line 24, in run_etl
    spark = create_spark_session()
            ^^^^^^^^^^^^^^^^^^^^^^
  File "/mnt/c/Users/Shivam Gupta/OneDrive/Documents/Shivam_Developement/data_engineering/data_engineering_project/batch-etl-pyspark/src/utils/spark_session.py", line 14, in create_spark_session
    .getOrCreate()
     ^^^^^^^^^^^^^
  File "/mnt/c/Users/Shivam Gupta/OneDrive/Documents/Shivam_Developement/DATA_ENGINEERING/data_engineering_project/batch-etl-pyspark/.venv/lib/python3.12/site-packages/pyspark/sql/session.py", line 497, in getOrCreate
    sc = SparkContext.getOrCreate(sparkConf)
         ^^^^^^^^^^^^^^^^^^^^^^^^^^^^^^^^^^^
  File "/mnt/c/Users/Shivam Gupta/OneDrive/Documents/Shivam_Developement/DATA_ENGINEERING/data_engineering_project/batch-etl-pyspark/.venv/lib/python3.12/site-packages/pyspark/context.py", line 515, in getOrCreate
    SparkContext(conf=conf or SparkConf())
  File "/mnt/c/Users/Shivam Gupta/OneDrive/Documents/Shivam_Developement/DATA_ENGINEERING/data_engineering_project/batch-etl-pyspark/.venv/lib/python3.12/site-packages/pyspark/context.py", line 201, in __init__
    SparkContext._ensure_initialized(self, gateway=gateway, conf=conf)
  File "/mnt/c/Users/Shivam Gupta/OneDrive/Documents/Shivam_Developement/DATA_ENGINEERING/data_engineering_project/batch-etl-pyspark/.venv/lib/python3.12/site-packages/pyspark/context.py", line 436, in _ensure_initialized
    SparkContext._gateway = gateway or launch_gateway(conf)
                                       ^^^^^^^^^^^^^^^^^^^^
  File "/mnt/c/Users/Shivam Gupta/OneDrive/Documents/Shivam_Developement/DATA_ENGINEERING/data_engineering_project/batch-etl-pyspark/.venv/lib/python3.12/site-packages/pyspark/java_gateway.py", line 107, in launch_gateway
    raise PySparkRuntimeError(
pyspark.errors.exceptions.base.PySparkRuntimeError: [JAVA_GATEWAY_EXITED] Java gateway process exited before sending its port number.
[2025-07-18T07:38:07.830+0000] {taskinstance.py:1206} INFO - Marking task as FAILED. dag_id=ecommerce_etl, task_id=run_etl, run_id=scheduled__2025-07-17T00:00:00+00:00, execution_date=20250717T000000, start_date=20250718T073806, end_date=20250718T073807
[2025-07-18T07:38:07.859+0000] {standard_task_runner.py:110} ERROR - Failed to execute job 10 for task run_etl ([JAVA_GATEWAY_EXITED] Java gateway process exited before sending its port number.; 8042)
[2025-07-18T07:38:07.868+0000] {local_task_job_runner.py:240} INFO - Task exited with return code 1
[2025-07-18T07:38:07.893+0000] {taskinstance.py:3498} INFO - 0 downstream tasks scheduled from follow-on schedule check
[2025-07-18T07:38:07.895+0000] {local_task_job_runner.py:222} INFO - ::endgroup::
