[2025-07-17T17:14:25.010+0000] {processor.py:161} INFO - Started process (PID=1949) to work on /mnt/c/Users/Shivam Gupta/OneDrive/Documents/Shivam_Developement/DATA_ENGINEERING/data_engineering_project/batch-etl-pyspark/.venv/lib/python3.12/site-packages/airflow/example_dags/example_python_decorator.py
[2025-07-17T17:14:25.014+0000] {processor.py:830} INFO - Processing file /mnt/c/Users/Shivam Gupta/OneDrive/Documents/Shivam_Developement/DATA_ENGINEERING/data_engineering_project/batch-etl-pyspark/.venv/lib/python3.12/site-packages/airflow/example_dags/example_python_decorator.py for tasks to queue
[2025-07-17T17:14:25.022+0000] {logging_mixin.py:188} INFO - [2025-07-17T17:14:25.019+0000] {dagbag.py:545} INFO - Filling up the DagBag from /mnt/c/Users/Shivam Gupta/OneDrive/Documents/Shivam_Developement/DATA_ENGINEERING/data_engineering_project/batch-etl-pyspark/.venv/lib/python3.12/site-packages/airflow/example_dags/example_python_decorator.py
[2025-07-17T17:14:26.895+0000] {logging_mixin.py:188} INFO - [2025-07-17T17:14:26.857+0000] {example_python_decorator.py:80} WARNING - The virtalenv_python example task requires virtualenv, please install it.
[2025-07-17T17:14:26.929+0000] {processor.py:840} INFO - DAG(s) 'example_python_decorator' retrieved from /mnt/c/Users/Shivam Gupta/OneDrive/Documents/Shivam_Developement/DATA_ENGINEERING/data_engineering_project/batch-etl-pyspark/.venv/lib/python3.12/site-packages/airflow/example_dags/example_python_decorator.py
[2025-07-17T17:14:31.343+0000] {logging_mixin.py:188} INFO - [2025-07-17T17:14:31.341+0000] {dag.py:3096} INFO - Sync 1 DAGs
[2025-07-17T17:14:31.375+0000] {logging_mixin.py:188} INFO - [2025-07-17T17:14:31.372+0000] {dag.py:3954} INFO - Setting next_dagrun for example_python_decorator to None, run_after=None
[2025-07-17T17:14:31.578+0000] {processor.py:183} INFO - Processing /mnt/c/Users/Shivam Gupta/OneDrive/Documents/Shivam_Developement/DATA_ENGINEERING/data_engineering_project/batch-etl-pyspark/.venv/lib/python3.12/site-packages/airflow/example_dags/example_python_decorator.py took 6.664 seconds
[2025-07-17T17:19:11.314+0000] {processor.py:161} INFO - Started process (PID=2035) to work on /mnt/c/Users/Shivam Gupta/OneDrive/Documents/Shivam_Developement/DATA_ENGINEERING/data_engineering_project/batch-etl-pyspark/.venv/lib/python3.12/site-packages/airflow/example_dags/example_python_decorator.py
[2025-07-17T17:19:11.320+0000] {processor.py:830} INFO - Processing file /mnt/c/Users/Shivam Gupta/OneDrive/Documents/Shivam_Developement/DATA_ENGINEERING/data_engineering_project/batch-etl-pyspark/.venv/lib/python3.12/site-packages/airflow/example_dags/example_python_decorator.py for tasks to queue
[2025-07-17T17:19:11.327+0000] {logging_mixin.py:188} INFO - [2025-07-17T17:19:11.324+0000] {dagbag.py:545} INFO - Filling up the DagBag from /mnt/c/Users/Shivam Gupta/OneDrive/Documents/Shivam_Developement/DATA_ENGINEERING/data_engineering_project/batch-etl-pyspark/.venv/lib/python3.12/site-packages/airflow/example_dags/example_python_decorator.py
[2025-07-17T17:19:11.660+0000] {logging_mixin.py:188} INFO - [2025-07-17T17:19:11.658+0000] {example_python_decorator.py:80} WARNING - The virtalenv_python example task requires virtualenv, please install it.
[2025-07-17T17:19:11.664+0000] {processor.py:840} INFO - DAG(s) 'example_python_decorator' retrieved from /mnt/c/Users/Shivam Gupta/OneDrive/Documents/Shivam_Developement/DATA_ENGINEERING/data_engineering_project/batch-etl-pyspark/.venv/lib/python3.12/site-packages/airflow/example_dags/example_python_decorator.py
[2025-07-17T17:19:11.743+0000] {logging_mixin.py:188} INFO - [2025-07-17T17:19:11.741+0000] {dag.py:3096} INFO - Sync 1 DAGs
[2025-07-17T17:19:11.771+0000] {logging_mixin.py:188} INFO - [2025-07-17T17:19:11.768+0000] {dag.py:3954} INFO - Setting next_dagrun for example_python_decorator to None, run_after=None
[2025-07-17T17:19:11.996+0000] {processor.py:183} INFO - Processing /mnt/c/Users/Shivam Gupta/OneDrive/Documents/Shivam_Developement/DATA_ENGINEERING/data_engineering_project/batch-etl-pyspark/.venv/lib/python3.12/site-packages/airflow/example_dags/example_python_decorator.py took 0.721 seconds
[2025-07-17T17:21:32.090+0000] {processor.py:161} INFO - Started process (PID=2106) to work on /mnt/c/Users/Shivam Gupta/OneDrive/Documents/Shivam_Developement/DATA_ENGINEERING/data_engineering_project/batch-etl-pyspark/.venv/lib/python3.12/site-packages/airflow/example_dags/example_python_decorator.py
[2025-07-17T17:21:32.093+0000] {processor.py:830} INFO - Processing file /mnt/c/Users/Shivam Gupta/OneDrive/Documents/Shivam_Developement/DATA_ENGINEERING/data_engineering_project/batch-etl-pyspark/.venv/lib/python3.12/site-packages/airflow/example_dags/example_python_decorator.py for tasks to queue
[2025-07-17T17:21:32.100+0000] {logging_mixin.py:188} INFO - [2025-07-17T17:21:32.097+0000] {dagbag.py:545} INFO - Filling up the DagBag from /mnt/c/Users/Shivam Gupta/OneDrive/Documents/Shivam_Developement/DATA_ENGINEERING/data_engineering_project/batch-etl-pyspark/.venv/lib/python3.12/site-packages/airflow/example_dags/example_python_decorator.py
[2025-07-17T17:21:32.292+0000] {logging_mixin.py:188} INFO - [2025-07-17T17:21:32.290+0000] {example_python_decorator.py:80} WARNING - The virtalenv_python example task requires virtualenv, please install it.
[2025-07-17T17:21:32.295+0000] {processor.py:840} INFO - DAG(s) 'example_python_decorator' retrieved from /mnt/c/Users/Shivam Gupta/OneDrive/Documents/Shivam_Developement/DATA_ENGINEERING/data_engineering_project/batch-etl-pyspark/.venv/lib/python3.12/site-packages/airflow/example_dags/example_python_decorator.py
[2025-07-17T17:21:32.366+0000] {logging_mixin.py:188} INFO - [2025-07-17T17:21:32.362+0000] {dag.py:3096} INFO - Sync 1 DAGs
[2025-07-17T17:21:32.397+0000] {logging_mixin.py:188} INFO - [2025-07-17T17:21:32.393+0000] {dag.py:3954} INFO - Setting next_dagrun for example_python_decorator to None, run_after=None
[2025-07-17T17:21:32.556+0000] {processor.py:183} INFO - Processing /mnt/c/Users/Shivam Gupta/OneDrive/Documents/Shivam_Developement/DATA_ENGINEERING/data_engineering_project/batch-etl-pyspark/.venv/lib/python3.12/site-packages/airflow/example_dags/example_python_decorator.py took 0.490 seconds
[2025-07-17T17:25:13.551+0000] {processor.py:161} INFO - Started process (PID=2250) to work on /mnt/c/Users/Shivam Gupta/OneDrive/Documents/Shivam_Developement/DATA_ENGINEERING/data_engineering_project/batch-etl-pyspark/.venv/lib/python3.12/site-packages/airflow/example_dags/example_python_decorator.py
[2025-07-17T17:25:13.558+0000] {processor.py:830} INFO - Processing file /mnt/c/Users/Shivam Gupta/OneDrive/Documents/Shivam_Developement/DATA_ENGINEERING/data_engineering_project/batch-etl-pyspark/.venv/lib/python3.12/site-packages/airflow/example_dags/example_python_decorator.py for tasks to queue
[2025-07-17T17:25:13.564+0000] {logging_mixin.py:188} INFO - [2025-07-17T17:25:13.562+0000] {dagbag.py:545} INFO - Filling up the DagBag from /mnt/c/Users/Shivam Gupta/OneDrive/Documents/Shivam_Developement/DATA_ENGINEERING/data_engineering_project/batch-etl-pyspark/.venv/lib/python3.12/site-packages/airflow/example_dags/example_python_decorator.py
[2025-07-17T17:25:13.813+0000] {logging_mixin.py:188} INFO - [2025-07-17T17:25:13.811+0000] {example_python_decorator.py:80} WARNING - The virtalenv_python example task requires virtualenv, please install it.
[2025-07-17T17:25:13.816+0000] {processor.py:840} INFO - DAG(s) 'example_python_decorator' retrieved from /mnt/c/Users/Shivam Gupta/OneDrive/Documents/Shivam_Developement/DATA_ENGINEERING/data_engineering_project/batch-etl-pyspark/.venv/lib/python3.12/site-packages/airflow/example_dags/example_python_decorator.py
[2025-07-17T17:25:13.878+0000] {logging_mixin.py:188} INFO - [2025-07-17T17:25:13.876+0000] {dag.py:3096} INFO - Sync 1 DAGs
[2025-07-17T17:25:13.908+0000] {logging_mixin.py:188} INFO - [2025-07-17T17:25:13.906+0000] {dag.py:3954} INFO - Setting next_dagrun for example_python_decorator to None, run_after=None
[2025-07-17T17:25:14.048+0000] {processor.py:183} INFO - Processing /mnt/c/Users/Shivam Gupta/OneDrive/Documents/Shivam_Developement/DATA_ENGINEERING/data_engineering_project/batch-etl-pyspark/.venv/lib/python3.12/site-packages/airflow/example_dags/example_python_decorator.py took 0.532 seconds
[2025-07-17T17:27:26.563+0000] {processor.py:161} INFO - Started process (PID=2323) to work on /mnt/c/Users/Shivam Gupta/OneDrive/Documents/Shivam_Developement/DATA_ENGINEERING/data_engineering_project/batch-etl-pyspark/.venv/lib/python3.12/site-packages/airflow/example_dags/example_python_decorator.py
[2025-07-17T17:27:26.570+0000] {processor.py:830} INFO - Processing file /mnt/c/Users/Shivam Gupta/OneDrive/Documents/Shivam_Developement/DATA_ENGINEERING/data_engineering_project/batch-etl-pyspark/.venv/lib/python3.12/site-packages/airflow/example_dags/example_python_decorator.py for tasks to queue
[2025-07-17T17:27:26.575+0000] {logging_mixin.py:188} INFO - [2025-07-17T17:27:26.573+0000] {dagbag.py:545} INFO - Filling up the DagBag from /mnt/c/Users/Shivam Gupta/OneDrive/Documents/Shivam_Developement/DATA_ENGINEERING/data_engineering_project/batch-etl-pyspark/.venv/lib/python3.12/site-packages/airflow/example_dags/example_python_decorator.py
[2025-07-17T17:27:26.846+0000] {logging_mixin.py:188} INFO - [2025-07-17T17:27:26.843+0000] {example_python_decorator.py:80} WARNING - The virtalenv_python example task requires virtualenv, please install it.
[2025-07-17T17:27:26.851+0000] {processor.py:840} INFO - DAG(s) 'example_python_decorator' retrieved from /mnt/c/Users/Shivam Gupta/OneDrive/Documents/Shivam_Developement/DATA_ENGINEERING/data_engineering_project/batch-etl-pyspark/.venv/lib/python3.12/site-packages/airflow/example_dags/example_python_decorator.py
[2025-07-17T17:27:26.912+0000] {logging_mixin.py:188} INFO - [2025-07-17T17:27:26.909+0000] {dag.py:3096} INFO - Sync 1 DAGs
[2025-07-17T17:27:26.933+0000] {logging_mixin.py:188} INFO - [2025-07-17T17:27:26.931+0000] {dag.py:3954} INFO - Setting next_dagrun for example_python_decorator to None, run_after=None
[2025-07-17T17:27:27.204+0000] {processor.py:183} INFO - Processing /mnt/c/Users/Shivam Gupta/OneDrive/Documents/Shivam_Developement/DATA_ENGINEERING/data_engineering_project/batch-etl-pyspark/.venv/lib/python3.12/site-packages/airflow/example_dags/example_python_decorator.py took 0.662 seconds
[2025-07-17T17:33:10.635+0000] {processor.py:161} INFO - Started process (PID=2490) to work on /mnt/c/Users/Shivam Gupta/OneDrive/Documents/Shivam_Developement/DATA_ENGINEERING/data_engineering_project/batch-etl-pyspark/.venv/lib/python3.12/site-packages/airflow/example_dags/example_python_decorator.py
[2025-07-17T17:33:10.640+0000] {processor.py:830} INFO - Processing file /mnt/c/Users/Shivam Gupta/OneDrive/Documents/Shivam_Developement/DATA_ENGINEERING/data_engineering_project/batch-etl-pyspark/.venv/lib/python3.12/site-packages/airflow/example_dags/example_python_decorator.py for tasks to queue
[2025-07-17T17:33:10.651+0000] {logging_mixin.py:188} INFO - [2025-07-17T17:33:10.648+0000] {dagbag.py:545} INFO - Filling up the DagBag from /mnt/c/Users/Shivam Gupta/OneDrive/Documents/Shivam_Developement/DATA_ENGINEERING/data_engineering_project/batch-etl-pyspark/.venv/lib/python3.12/site-packages/airflow/example_dags/example_python_decorator.py
[2025-07-17T17:33:10.891+0000] {logging_mixin.py:188} INFO - [2025-07-17T17:33:10.889+0000] {example_python_decorator.py:80} WARNING - The virtalenv_python example task requires virtualenv, please install it.
[2025-07-17T17:33:10.896+0000] {processor.py:840} INFO - DAG(s) 'example_python_decorator' retrieved from /mnt/c/Users/Shivam Gupta/OneDrive/Documents/Shivam_Developement/DATA_ENGINEERING/data_engineering_project/batch-etl-pyspark/.venv/lib/python3.12/site-packages/airflow/example_dags/example_python_decorator.py
[2025-07-17T17:33:10.994+0000] {logging_mixin.py:188} INFO - [2025-07-17T17:33:10.991+0000] {dag.py:3096} INFO - Sync 1 DAGs
[2025-07-17T17:33:11.171+0000] {logging_mixin.py:188} INFO - [2025-07-17T17:33:11.168+0000] {dag.py:3954} INFO - Setting next_dagrun for example_python_decorator to None, run_after=None
[2025-07-17T17:33:11.300+0000] {processor.py:183} INFO - Processing /mnt/c/Users/Shivam Gupta/OneDrive/Documents/Shivam_Developement/DATA_ENGINEERING/data_engineering_project/batch-etl-pyspark/.venv/lib/python3.12/site-packages/airflow/example_dags/example_python_decorator.py took 0.703 seconds
[2025-07-17T17:35:25.933+0000] {processor.py:161} INFO - Started process (PID=2565) to work on /mnt/c/Users/Shivam Gupta/OneDrive/Documents/Shivam_Developement/DATA_ENGINEERING/data_engineering_project/batch-etl-pyspark/.venv/lib/python3.12/site-packages/airflow/example_dags/example_python_decorator.py
[2025-07-17T17:35:25.941+0000] {processor.py:830} INFO - Processing file /mnt/c/Users/Shivam Gupta/OneDrive/Documents/Shivam_Developement/DATA_ENGINEERING/data_engineering_project/batch-etl-pyspark/.venv/lib/python3.12/site-packages/airflow/example_dags/example_python_decorator.py for tasks to queue
[2025-07-17T17:35:25.965+0000] {logging_mixin.py:188} INFO - [2025-07-17T17:35:25.953+0000] {dagbag.py:545} INFO - Filling up the DagBag from /mnt/c/Users/Shivam Gupta/OneDrive/Documents/Shivam_Developement/DATA_ENGINEERING/data_engineering_project/batch-etl-pyspark/.venv/lib/python3.12/site-packages/airflow/example_dags/example_python_decorator.py
[2025-07-17T17:35:26.884+0000] {logging_mixin.py:188} INFO - [2025-07-17T17:35:26.882+0000] {example_python_decorator.py:80} WARNING - The virtalenv_python example task requires virtualenv, please install it.
[2025-07-17T17:35:26.886+0000] {processor.py:840} INFO - DAG(s) 'example_python_decorator' retrieved from /mnt/c/Users/Shivam Gupta/OneDrive/Documents/Shivam_Developement/DATA_ENGINEERING/data_engineering_project/batch-etl-pyspark/.venv/lib/python3.12/site-packages/airflow/example_dags/example_python_decorator.py
[2025-07-17T17:35:27.148+0000] {logging_mixin.py:188} INFO - [2025-07-17T17:35:27.141+0000] {dag.py:3096} INFO - Sync 1 DAGs
[2025-07-17T17:35:27.253+0000] {logging_mixin.py:188} INFO - [2025-07-17T17:35:27.246+0000] {dag.py:3954} INFO - Setting next_dagrun for example_python_decorator to None, run_after=None
[2025-07-17T17:35:27.511+0000] {processor.py:183} INFO - Processing /mnt/c/Users/Shivam Gupta/OneDrive/Documents/Shivam_Developement/DATA_ENGINEERING/data_engineering_project/batch-etl-pyspark/.venv/lib/python3.12/site-packages/airflow/example_dags/example_python_decorator.py took 1.636 seconds
[2025-07-17T17:39:09.784+0000] {processor.py:161} INFO - Started process (PID=2697) to work on /mnt/c/Users/Shivam Gupta/OneDrive/Documents/Shivam_Developement/DATA_ENGINEERING/data_engineering_project/batch-etl-pyspark/.venv/lib/python3.12/site-packages/airflow/example_dags/example_python_decorator.py
[2025-07-17T17:39:09.786+0000] {processor.py:830} INFO - Processing file /mnt/c/Users/Shivam Gupta/OneDrive/Documents/Shivam_Developement/DATA_ENGINEERING/data_engineering_project/batch-etl-pyspark/.venv/lib/python3.12/site-packages/airflow/example_dags/example_python_decorator.py for tasks to queue
[2025-07-17T17:39:09.789+0000] {logging_mixin.py:188} INFO - [2025-07-17T17:39:09.788+0000] {dagbag.py:545} INFO - Filling up the DagBag from /mnt/c/Users/Shivam Gupta/OneDrive/Documents/Shivam_Developement/DATA_ENGINEERING/data_engineering_project/batch-etl-pyspark/.venv/lib/python3.12/site-packages/airflow/example_dags/example_python_decorator.py
[2025-07-17T17:39:09.906+0000] {logging_mixin.py:188} INFO - [2025-07-17T17:39:09.905+0000] {example_python_decorator.py:80} WARNING - The virtalenv_python example task requires virtualenv, please install it.
[2025-07-17T17:39:09.908+0000] {processor.py:840} INFO - DAG(s) 'example_python_decorator' retrieved from /mnt/c/Users/Shivam Gupta/OneDrive/Documents/Shivam_Developement/DATA_ENGINEERING/data_engineering_project/batch-etl-pyspark/.venv/lib/python3.12/site-packages/airflow/example_dags/example_python_decorator.py
[2025-07-17T17:39:09.956+0000] {logging_mixin.py:188} INFO - [2025-07-17T17:39:09.955+0000] {dag.py:3096} INFO - Sync 1 DAGs
[2025-07-17T17:39:09.973+0000] {logging_mixin.py:188} INFO - [2025-07-17T17:39:09.972+0000] {dag.py:3954} INFO - Setting next_dagrun for example_python_decorator to None, run_after=None
[2025-07-17T17:39:10.057+0000] {processor.py:183} INFO - Processing /mnt/c/Users/Shivam Gupta/OneDrive/Documents/Shivam_Developement/DATA_ENGINEERING/data_engineering_project/batch-etl-pyspark/.venv/lib/python3.12/site-packages/airflow/example_dags/example_python_decorator.py took 0.289 seconds
[2025-07-17T17:42:31.412+0000] {processor.py:161} INFO - Started process (PID=2815) to work on /mnt/c/Users/Shivam Gupta/OneDrive/Documents/Shivam_Developement/DATA_ENGINEERING/data_engineering_project/batch-etl-pyspark/.venv/lib/python3.12/site-packages/airflow/example_dags/example_python_decorator.py
[2025-07-17T17:42:31.414+0000] {processor.py:830} INFO - Processing file /mnt/c/Users/Shivam Gupta/OneDrive/Documents/Shivam_Developement/DATA_ENGINEERING/data_engineering_project/batch-etl-pyspark/.venv/lib/python3.12/site-packages/airflow/example_dags/example_python_decorator.py for tasks to queue
[2025-07-17T17:42:31.419+0000] {logging_mixin.py:188} INFO - [2025-07-17T17:42:31.417+0000] {dagbag.py:545} INFO - Filling up the DagBag from /mnt/c/Users/Shivam Gupta/OneDrive/Documents/Shivam_Developement/DATA_ENGINEERING/data_engineering_project/batch-etl-pyspark/.venv/lib/python3.12/site-packages/airflow/example_dags/example_python_decorator.py
[2025-07-17T17:42:31.537+0000] {logging_mixin.py:188} INFO - [2025-07-17T17:42:31.535+0000] {example_python_decorator.py:80} WARNING - The virtalenv_python example task requires virtualenv, please install it.
[2025-07-17T17:42:31.539+0000] {processor.py:840} INFO - DAG(s) 'example_python_decorator' retrieved from /mnt/c/Users/Shivam Gupta/OneDrive/Documents/Shivam_Developement/DATA_ENGINEERING/data_engineering_project/batch-etl-pyspark/.venv/lib/python3.12/site-packages/airflow/example_dags/example_python_decorator.py
[2025-07-17T17:42:31.571+0000] {logging_mixin.py:188} INFO - [2025-07-17T17:42:31.570+0000] {dag.py:3096} INFO - Sync 1 DAGs
[2025-07-17T17:42:31.583+0000] {logging_mixin.py:188} INFO - [2025-07-17T17:42:31.582+0000] {dag.py:3954} INFO - Setting next_dagrun for example_python_decorator to None, run_after=None
[2025-07-17T17:42:31.651+0000] {processor.py:183} INFO - Processing /mnt/c/Users/Shivam Gupta/OneDrive/Documents/Shivam_Developement/DATA_ENGINEERING/data_engineering_project/batch-etl-pyspark/.venv/lib/python3.12/site-packages/airflow/example_dags/example_python_decorator.py took 0.254 seconds
[2025-07-17T17:46:15.452+0000] {processor.py:161} INFO - Started process (PID=2930) to work on /mnt/c/Users/Shivam Gupta/OneDrive/Documents/Shivam_Developement/DATA_ENGINEERING/data_engineering_project/batch-etl-pyspark/.venv/lib/python3.12/site-packages/airflow/example_dags/example_python_decorator.py
[2025-07-17T17:46:15.472+0000] {processor.py:830} INFO - Processing file /mnt/c/Users/Shivam Gupta/OneDrive/Documents/Shivam_Developement/DATA_ENGINEERING/data_engineering_project/batch-etl-pyspark/.venv/lib/python3.12/site-packages/airflow/example_dags/example_python_decorator.py for tasks to queue
[2025-07-17T17:46:15.501+0000] {logging_mixin.py:188} INFO - [2025-07-17T17:46:15.488+0000] {dagbag.py:545} INFO - Filling up the DagBag from /mnt/c/Users/Shivam Gupta/OneDrive/Documents/Shivam_Developement/DATA_ENGINEERING/data_engineering_project/batch-etl-pyspark/.venv/lib/python3.12/site-packages/airflow/example_dags/example_python_decorator.py
[2025-07-17T17:46:15.809+0000] {logging_mixin.py:188} INFO - [2025-07-17T17:46:15.808+0000] {example_python_decorator.py:80} WARNING - The virtalenv_python example task requires virtualenv, please install it.
[2025-07-17T17:46:15.811+0000] {processor.py:840} INFO - DAG(s) 'example_python_decorator' retrieved from /mnt/c/Users/Shivam Gupta/OneDrive/Documents/Shivam_Developement/DATA_ENGINEERING/data_engineering_project/batch-etl-pyspark/.venv/lib/python3.12/site-packages/airflow/example_dags/example_python_decorator.py
[2025-07-17T17:46:15.875+0000] {logging_mixin.py:188} INFO - [2025-07-17T17:46:15.857+0000] {dag.py:3096} INFO - Sync 1 DAGs
[2025-07-17T17:46:15.961+0000] {logging_mixin.py:188} INFO - [2025-07-17T17:46:15.957+0000] {dag.py:3954} INFO - Setting next_dagrun for example_python_decorator to None, run_after=None
[2025-07-17T17:46:16.438+0000] {processor.py:183} INFO - Processing /mnt/c/Users/Shivam Gupta/OneDrive/Documents/Shivam_Developement/DATA_ENGINEERING/data_engineering_project/batch-etl-pyspark/.venv/lib/python3.12/site-packages/airflow/example_dags/example_python_decorator.py took 1.081 seconds
[2025-07-17T17:48:40.452+0000] {processor.py:161} INFO - Started process (PID=3040) to work on /mnt/c/Users/Shivam Gupta/OneDrive/Documents/Shivam_Developement/DATA_ENGINEERING/data_engineering_project/batch-etl-pyspark/.venv/lib/python3.12/site-packages/airflow/example_dags/example_python_decorator.py
[2025-07-17T17:48:40.457+0000] {processor.py:830} INFO - Processing file /mnt/c/Users/Shivam Gupta/OneDrive/Documents/Shivam_Developement/DATA_ENGINEERING/data_engineering_project/batch-etl-pyspark/.venv/lib/python3.12/site-packages/airflow/example_dags/example_python_decorator.py for tasks to queue
[2025-07-17T17:48:40.463+0000] {logging_mixin.py:188} INFO - [2025-07-17T17:48:40.460+0000] {dagbag.py:545} INFO - Filling up the DagBag from /mnt/c/Users/Shivam Gupta/OneDrive/Documents/Shivam_Developement/DATA_ENGINEERING/data_engineering_project/batch-etl-pyspark/.venv/lib/python3.12/site-packages/airflow/example_dags/example_python_decorator.py
[2025-07-17T17:48:40.638+0000] {logging_mixin.py:188} INFO - [2025-07-17T17:48:40.636+0000] {example_python_decorator.py:80} WARNING - The virtalenv_python example task requires virtualenv, please install it.
[2025-07-17T17:48:40.640+0000] {processor.py:840} INFO - DAG(s) 'example_python_decorator' retrieved from /mnt/c/Users/Shivam Gupta/OneDrive/Documents/Shivam_Developement/DATA_ENGINEERING/data_engineering_project/batch-etl-pyspark/.venv/lib/python3.12/site-packages/airflow/example_dags/example_python_decorator.py
[2025-07-17T17:48:40.682+0000] {logging_mixin.py:188} INFO - [2025-07-17T17:48:40.680+0000] {dag.py:3096} INFO - Sync 1 DAGs
[2025-07-17T17:48:40.706+0000] {logging_mixin.py:188} INFO - [2025-07-17T17:48:40.704+0000] {dag.py:3954} INFO - Setting next_dagrun for example_python_decorator to None, run_after=None
[2025-07-17T17:48:40.834+0000] {processor.py:183} INFO - Processing /mnt/c/Users/Shivam Gupta/OneDrive/Documents/Shivam_Developement/DATA_ENGINEERING/data_engineering_project/batch-etl-pyspark/.venv/lib/python3.12/site-packages/airflow/example_dags/example_python_decorator.py took 0.411 seconds
[2025-07-17T17:50:38.105+0000] {processor.py:161} INFO - Started process (PID=3142) to work on /mnt/c/Users/Shivam Gupta/OneDrive/Documents/Shivam_Developement/DATA_ENGINEERING/data_engineering_project/batch-etl-pyspark/.venv/lib/python3.12/site-packages/airflow/example_dags/example_python_decorator.py
[2025-07-17T17:50:38.108+0000] {processor.py:830} INFO - Processing file /mnt/c/Users/Shivam Gupta/OneDrive/Documents/Shivam_Developement/DATA_ENGINEERING/data_engineering_project/batch-etl-pyspark/.venv/lib/python3.12/site-packages/airflow/example_dags/example_python_decorator.py for tasks to queue
[2025-07-17T17:50:38.111+0000] {logging_mixin.py:188} INFO - [2025-07-17T17:50:38.109+0000] {dagbag.py:545} INFO - Filling up the DagBag from /mnt/c/Users/Shivam Gupta/OneDrive/Documents/Shivam_Developement/DATA_ENGINEERING/data_engineering_project/batch-etl-pyspark/.venv/lib/python3.12/site-packages/airflow/example_dags/example_python_decorator.py
[2025-07-17T17:50:38.230+0000] {logging_mixin.py:188} INFO - [2025-07-17T17:50:38.229+0000] {example_python_decorator.py:80} WARNING - The virtalenv_python example task requires virtualenv, please install it.
[2025-07-17T17:50:38.231+0000] {processor.py:840} INFO - DAG(s) 'example_python_decorator' retrieved from /mnt/c/Users/Shivam Gupta/OneDrive/Documents/Shivam_Developement/DATA_ENGINEERING/data_engineering_project/batch-etl-pyspark/.venv/lib/python3.12/site-packages/airflow/example_dags/example_python_decorator.py
[2025-07-17T17:50:38.265+0000] {logging_mixin.py:188} INFO - [2025-07-17T17:50:38.264+0000] {dag.py:3096} INFO - Sync 1 DAGs
[2025-07-17T17:50:38.282+0000] {logging_mixin.py:188} INFO - [2025-07-17T17:50:38.279+0000] {dag.py:3954} INFO - Setting next_dagrun for example_python_decorator to None, run_after=None
[2025-07-17T17:50:38.388+0000] {processor.py:183} INFO - Processing /mnt/c/Users/Shivam Gupta/OneDrive/Documents/Shivam_Developement/DATA_ENGINEERING/data_engineering_project/batch-etl-pyspark/.venv/lib/python3.12/site-packages/airflow/example_dags/example_python_decorator.py took 0.299 seconds
[2025-07-17T17:52:49.373+0000] {processor.py:161} INFO - Started process (PID=3245) to work on /mnt/c/Users/Shivam Gupta/OneDrive/Documents/Shivam_Developement/DATA_ENGINEERING/data_engineering_project/batch-etl-pyspark/.venv/lib/python3.12/site-packages/airflow/example_dags/example_python_decorator.py
[2025-07-17T17:52:49.378+0000] {processor.py:830} INFO - Processing file /mnt/c/Users/Shivam Gupta/OneDrive/Documents/Shivam_Developement/DATA_ENGINEERING/data_engineering_project/batch-etl-pyspark/.venv/lib/python3.12/site-packages/airflow/example_dags/example_python_decorator.py for tasks to queue
[2025-07-17T17:52:49.386+0000] {logging_mixin.py:188} INFO - [2025-07-17T17:52:49.383+0000] {dagbag.py:545} INFO - Filling up the DagBag from /mnt/c/Users/Shivam Gupta/OneDrive/Documents/Shivam_Developement/DATA_ENGINEERING/data_engineering_project/batch-etl-pyspark/.venv/lib/python3.12/site-packages/airflow/example_dags/example_python_decorator.py
[2025-07-17T17:52:49.525+0000] {logging_mixin.py:188} INFO - [2025-07-17T17:52:49.524+0000] {example_python_decorator.py:80} WARNING - The virtalenv_python example task requires virtualenv, please install it.
[2025-07-17T17:52:49.527+0000] {processor.py:840} INFO - DAG(s) 'example_python_decorator' retrieved from /mnt/c/Users/Shivam Gupta/OneDrive/Documents/Shivam_Developement/DATA_ENGINEERING/data_engineering_project/batch-etl-pyspark/.venv/lib/python3.12/site-packages/airflow/example_dags/example_python_decorator.py
[2025-07-17T17:52:49.561+0000] {logging_mixin.py:188} INFO - [2025-07-17T17:52:49.560+0000] {dag.py:3096} INFO - Sync 1 DAGs
[2025-07-17T17:52:49.576+0000] {logging_mixin.py:188} INFO - [2025-07-17T17:52:49.575+0000] {dag.py:3954} INFO - Setting next_dagrun for example_python_decorator to None, run_after=None
[2025-07-17T17:52:49.678+0000] {processor.py:183} INFO - Processing /mnt/c/Users/Shivam Gupta/OneDrive/Documents/Shivam_Developement/DATA_ENGINEERING/data_engineering_project/batch-etl-pyspark/.venv/lib/python3.12/site-packages/airflow/example_dags/example_python_decorator.py took 0.351 seconds
[2025-07-17T17:54:52.740+0000] {processor.py:161} INFO - Started process (PID=3348) to work on /mnt/c/Users/Shivam Gupta/OneDrive/Documents/Shivam_Developement/DATA_ENGINEERING/data_engineering_project/batch-etl-pyspark/.venv/lib/python3.12/site-packages/airflow/example_dags/example_python_decorator.py
[2025-07-17T17:54:52.744+0000] {processor.py:830} INFO - Processing file /mnt/c/Users/Shivam Gupta/OneDrive/Documents/Shivam_Developement/DATA_ENGINEERING/data_engineering_project/batch-etl-pyspark/.venv/lib/python3.12/site-packages/airflow/example_dags/example_python_decorator.py for tasks to queue
[2025-07-17T17:54:52.748+0000] {logging_mixin.py:188} INFO - [2025-07-17T17:54:52.746+0000] {dagbag.py:545} INFO - Filling up the DagBag from /mnt/c/Users/Shivam Gupta/OneDrive/Documents/Shivam_Developement/DATA_ENGINEERING/data_engineering_project/batch-etl-pyspark/.venv/lib/python3.12/site-packages/airflow/example_dags/example_python_decorator.py
[2025-07-17T17:54:52.953+0000] {logging_mixin.py:188} INFO - [2025-07-17T17:54:52.952+0000] {example_python_decorator.py:80} WARNING - The virtalenv_python example task requires virtualenv, please install it.
[2025-07-17T17:54:52.954+0000] {processor.py:840} INFO - DAG(s) 'example_python_decorator' retrieved from /mnt/c/Users/Shivam Gupta/OneDrive/Documents/Shivam_Developement/DATA_ENGINEERING/data_engineering_project/batch-etl-pyspark/.venv/lib/python3.12/site-packages/airflow/example_dags/example_python_decorator.py
[2025-07-17T17:54:52.980+0000] {logging_mixin.py:188} INFO - [2025-07-17T17:54:52.979+0000] {dag.py:3096} INFO - Sync 1 DAGs
[2025-07-17T17:54:52.994+0000] {logging_mixin.py:188} INFO - [2025-07-17T17:54:52.992+0000] {dag.py:3954} INFO - Setting next_dagrun for example_python_decorator to None, run_after=None
[2025-07-17T17:54:53.285+0000] {processor.py:183} INFO - Processing /mnt/c/Users/Shivam Gupta/OneDrive/Documents/Shivam_Developement/DATA_ENGINEERING/data_engineering_project/batch-etl-pyspark/.venv/lib/python3.12/site-packages/airflow/example_dags/example_python_decorator.py took 0.565 seconds
[2025-07-17T17:56:57.551+0000] {processor.py:161} INFO - Started process (PID=3449) to work on /mnt/c/Users/Shivam Gupta/OneDrive/Documents/Shivam_Developement/DATA_ENGINEERING/data_engineering_project/batch-etl-pyspark/.venv/lib/python3.12/site-packages/airflow/example_dags/example_python_decorator.py
[2025-07-17T17:56:57.553+0000] {processor.py:830} INFO - Processing file /mnt/c/Users/Shivam Gupta/OneDrive/Documents/Shivam_Developement/DATA_ENGINEERING/data_engineering_project/batch-etl-pyspark/.venv/lib/python3.12/site-packages/airflow/example_dags/example_python_decorator.py for tasks to queue
[2025-07-17T17:56:57.557+0000] {logging_mixin.py:188} INFO - [2025-07-17T17:56:57.555+0000] {dagbag.py:545} INFO - Filling up the DagBag from /mnt/c/Users/Shivam Gupta/OneDrive/Documents/Shivam_Developement/DATA_ENGINEERING/data_engineering_project/batch-etl-pyspark/.venv/lib/python3.12/site-packages/airflow/example_dags/example_python_decorator.py
[2025-07-17T17:56:57.793+0000] {logging_mixin.py:188} INFO - [2025-07-17T17:56:57.792+0000] {example_python_decorator.py:80} WARNING - The virtalenv_python example task requires virtualenv, please install it.
[2025-07-17T17:56:57.795+0000] {processor.py:840} INFO - DAG(s) 'example_python_decorator' retrieved from /mnt/c/Users/Shivam Gupta/OneDrive/Documents/Shivam_Developement/DATA_ENGINEERING/data_engineering_project/batch-etl-pyspark/.venv/lib/python3.12/site-packages/airflow/example_dags/example_python_decorator.py
[2025-07-17T17:56:57.838+0000] {logging_mixin.py:188} INFO - [2025-07-17T17:56:57.836+0000] {dag.py:3096} INFO - Sync 1 DAGs
[2025-07-17T17:56:57.856+0000] {logging_mixin.py:188} INFO - [2025-07-17T17:56:57.853+0000] {dag.py:3954} INFO - Setting next_dagrun for example_python_decorator to None, run_after=None
[2025-07-17T17:56:57.977+0000] {processor.py:183} INFO - Processing /mnt/c/Users/Shivam Gupta/OneDrive/Documents/Shivam_Developement/DATA_ENGINEERING/data_engineering_project/batch-etl-pyspark/.venv/lib/python3.12/site-packages/airflow/example_dags/example_python_decorator.py took 0.447 seconds
[2025-07-17T17:58:59.915+0000] {processor.py:161} INFO - Started process (PID=3549) to work on /mnt/c/Users/Shivam Gupta/OneDrive/Documents/Shivam_Developement/DATA_ENGINEERING/data_engineering_project/batch-etl-pyspark/.venv/lib/python3.12/site-packages/airflow/example_dags/example_python_decorator.py
[2025-07-17T17:58:59.920+0000] {processor.py:830} INFO - Processing file /mnt/c/Users/Shivam Gupta/OneDrive/Documents/Shivam_Developement/DATA_ENGINEERING/data_engineering_project/batch-etl-pyspark/.venv/lib/python3.12/site-packages/airflow/example_dags/example_python_decorator.py for tasks to queue
[2025-07-17T17:58:59.925+0000] {logging_mixin.py:188} INFO - [2025-07-17T17:58:59.923+0000] {dagbag.py:545} INFO - Filling up the DagBag from /mnt/c/Users/Shivam Gupta/OneDrive/Documents/Shivam_Developement/DATA_ENGINEERING/data_engineering_project/batch-etl-pyspark/.venv/lib/python3.12/site-packages/airflow/example_dags/example_python_decorator.py
[2025-07-17T17:59:00.098+0000] {logging_mixin.py:188} INFO - [2025-07-17T17:59:00.097+0000] {example_python_decorator.py:80} WARNING - The virtalenv_python example task requires virtualenv, please install it.
[2025-07-17T17:59:00.099+0000] {processor.py:840} INFO - DAG(s) 'example_python_decorator' retrieved from /mnt/c/Users/Shivam Gupta/OneDrive/Documents/Shivam_Developement/DATA_ENGINEERING/data_engineering_project/batch-etl-pyspark/.venv/lib/python3.12/site-packages/airflow/example_dags/example_python_decorator.py
[2025-07-17T17:59:00.198+0000] {logging_mixin.py:188} INFO - [2025-07-17T17:59:00.192+0000] {dag.py:3096} INFO - Sync 1 DAGs
[2025-07-17T17:59:00.217+0000] {logging_mixin.py:188} INFO - [2025-07-17T17:59:00.216+0000] {dag.py:3954} INFO - Setting next_dagrun for example_python_decorator to None, run_after=None
[2025-07-17T17:59:00.383+0000] {processor.py:183} INFO - Processing /mnt/c/Users/Shivam Gupta/OneDrive/Documents/Shivam_Developement/DATA_ENGINEERING/data_engineering_project/batch-etl-pyspark/.venv/lib/python3.12/site-packages/airflow/example_dags/example_python_decorator.py took 0.499 seconds
[2025-07-17T18:01:10.911+0000] {processor.py:161} INFO - Started process (PID=3654) to work on /mnt/c/Users/Shivam Gupta/OneDrive/Documents/Shivam_Developement/DATA_ENGINEERING/data_engineering_project/batch-etl-pyspark/.venv/lib/python3.12/site-packages/airflow/example_dags/example_python_decorator.py
[2025-07-17T18:01:10.916+0000] {processor.py:830} INFO - Processing file /mnt/c/Users/Shivam Gupta/OneDrive/Documents/Shivam_Developement/DATA_ENGINEERING/data_engineering_project/batch-etl-pyspark/.venv/lib/python3.12/site-packages/airflow/example_dags/example_python_decorator.py for tasks to queue
[2025-07-17T18:01:10.925+0000] {logging_mixin.py:188} INFO - [2025-07-17T18:01:10.922+0000] {dagbag.py:545} INFO - Filling up the DagBag from /mnt/c/Users/Shivam Gupta/OneDrive/Documents/Shivam_Developement/DATA_ENGINEERING/data_engineering_project/batch-etl-pyspark/.venv/lib/python3.12/site-packages/airflow/example_dags/example_python_decorator.py
[2025-07-17T18:01:11.060+0000] {logging_mixin.py:188} INFO - [2025-07-17T18:01:11.055+0000] {example_python_decorator.py:80} WARNING - The virtalenv_python example task requires virtualenv, please install it.
[2025-07-17T18:01:11.064+0000] {processor.py:840} INFO - DAG(s) 'example_python_decorator' retrieved from /mnt/c/Users/Shivam Gupta/OneDrive/Documents/Shivam_Developement/DATA_ENGINEERING/data_engineering_project/batch-etl-pyspark/.venv/lib/python3.12/site-packages/airflow/example_dags/example_python_decorator.py
[2025-07-17T18:01:11.122+0000] {logging_mixin.py:188} INFO - [2025-07-17T18:01:11.121+0000] {dag.py:3096} INFO - Sync 1 DAGs
[2025-07-17T18:01:11.142+0000] {logging_mixin.py:188} INFO - [2025-07-17T18:01:11.141+0000] {dag.py:3954} INFO - Setting next_dagrun for example_python_decorator to None, run_after=None
[2025-07-17T18:01:11.248+0000] {processor.py:183} INFO - Processing /mnt/c/Users/Shivam Gupta/OneDrive/Documents/Shivam_Developement/DATA_ENGINEERING/data_engineering_project/batch-etl-pyspark/.venv/lib/python3.12/site-packages/airflow/example_dags/example_python_decorator.py took 0.367 seconds
[2025-07-17T18:03:10.843+0000] {processor.py:161} INFO - Started process (PID=3757) to work on /mnt/c/Users/Shivam Gupta/OneDrive/Documents/Shivam_Developement/DATA_ENGINEERING/data_engineering_project/batch-etl-pyspark/.venv/lib/python3.12/site-packages/airflow/example_dags/example_python_decorator.py
[2025-07-17T18:03:10.846+0000] {processor.py:830} INFO - Processing file /mnt/c/Users/Shivam Gupta/OneDrive/Documents/Shivam_Developement/DATA_ENGINEERING/data_engineering_project/batch-etl-pyspark/.venv/lib/python3.12/site-packages/airflow/example_dags/example_python_decorator.py for tasks to queue
[2025-07-17T18:03:10.849+0000] {logging_mixin.py:188} INFO - [2025-07-17T18:03:10.848+0000] {dagbag.py:545} INFO - Filling up the DagBag from /mnt/c/Users/Shivam Gupta/OneDrive/Documents/Shivam_Developement/DATA_ENGINEERING/data_engineering_project/batch-etl-pyspark/.venv/lib/python3.12/site-packages/airflow/example_dags/example_python_decorator.py
[2025-07-17T18:03:10.979+0000] {logging_mixin.py:188} INFO - [2025-07-17T18:03:10.978+0000] {example_python_decorator.py:80} WARNING - The virtalenv_python example task requires virtualenv, please install it.
[2025-07-17T18:03:10.980+0000] {processor.py:840} INFO - DAG(s) 'example_python_decorator' retrieved from /mnt/c/Users/Shivam Gupta/OneDrive/Documents/Shivam_Developement/DATA_ENGINEERING/data_engineering_project/batch-etl-pyspark/.venv/lib/python3.12/site-packages/airflow/example_dags/example_python_decorator.py
[2025-07-17T18:03:11.017+0000] {logging_mixin.py:188} INFO - [2025-07-17T18:03:11.016+0000] {dag.py:3096} INFO - Sync 1 DAGs
[2025-07-17T18:03:11.037+0000] {logging_mixin.py:188} INFO - [2025-07-17T18:03:11.033+0000] {dag.py:3954} INFO - Setting next_dagrun for example_python_decorator to None, run_after=None
[2025-07-17T18:03:11.277+0000] {processor.py:183} INFO - Processing /mnt/c/Users/Shivam Gupta/OneDrive/Documents/Shivam_Developement/DATA_ENGINEERING/data_engineering_project/batch-etl-pyspark/.venv/lib/python3.12/site-packages/airflow/example_dags/example_python_decorator.py took 0.488 seconds
[2025-07-17T18:05:12.368+0000] {processor.py:161} INFO - Started process (PID=3860) to work on /mnt/c/Users/Shivam Gupta/OneDrive/Documents/Shivam_Developement/DATA_ENGINEERING/data_engineering_project/batch-etl-pyspark/.venv/lib/python3.12/site-packages/airflow/example_dags/example_python_decorator.py
[2025-07-17T18:05:12.371+0000] {processor.py:830} INFO - Processing file /mnt/c/Users/Shivam Gupta/OneDrive/Documents/Shivam_Developement/DATA_ENGINEERING/data_engineering_project/batch-etl-pyspark/.venv/lib/python3.12/site-packages/airflow/example_dags/example_python_decorator.py for tasks to queue
[2025-07-17T18:05:12.373+0000] {logging_mixin.py:188} INFO - [2025-07-17T18:05:12.372+0000] {dagbag.py:545} INFO - Filling up the DagBag from /mnt/c/Users/Shivam Gupta/OneDrive/Documents/Shivam_Developement/DATA_ENGINEERING/data_engineering_project/batch-etl-pyspark/.venv/lib/python3.12/site-packages/airflow/example_dags/example_python_decorator.py
[2025-07-17T18:05:12.586+0000] {logging_mixin.py:188} INFO - [2025-07-17T18:05:12.578+0000] {example_python_decorator.py:80} WARNING - The virtalenv_python example task requires virtualenv, please install it.
[2025-07-17T18:05:12.600+0000] {processor.py:840} INFO - DAG(s) 'example_python_decorator' retrieved from /mnt/c/Users/Shivam Gupta/OneDrive/Documents/Shivam_Developement/DATA_ENGINEERING/data_engineering_project/batch-etl-pyspark/.venv/lib/python3.12/site-packages/airflow/example_dags/example_python_decorator.py
[2025-07-17T18:05:12.790+0000] {logging_mixin.py:188} INFO - [2025-07-17T18:05:12.782+0000] {dag.py:3096} INFO - Sync 1 DAGs
[2025-07-17T18:05:12.827+0000] {logging_mixin.py:188} INFO - [2025-07-17T18:05:12.823+0000] {dag.py:3954} INFO - Setting next_dagrun for example_python_decorator to None, run_after=None
[2025-07-17T18:05:12.948+0000] {processor.py:183} INFO - Processing /mnt/c/Users/Shivam Gupta/OneDrive/Documents/Shivam_Developement/DATA_ENGINEERING/data_engineering_project/batch-etl-pyspark/.venv/lib/python3.12/site-packages/airflow/example_dags/example_python_decorator.py took 0.595 seconds
[2025-07-17T18:07:18.746+0000] {processor.py:161} INFO - Started process (PID=3961) to work on /mnt/c/Users/Shivam Gupta/OneDrive/Documents/Shivam_Developement/DATA_ENGINEERING/data_engineering_project/batch-etl-pyspark/.venv/lib/python3.12/site-packages/airflow/example_dags/example_python_decorator.py
[2025-07-17T18:07:18.748+0000] {processor.py:830} INFO - Processing file /mnt/c/Users/Shivam Gupta/OneDrive/Documents/Shivam_Developement/DATA_ENGINEERING/data_engineering_project/batch-etl-pyspark/.venv/lib/python3.12/site-packages/airflow/example_dags/example_python_decorator.py for tasks to queue
[2025-07-17T18:07:18.750+0000] {logging_mixin.py:188} INFO - [2025-07-17T18:07:18.749+0000] {dagbag.py:545} INFO - Filling up the DagBag from /mnt/c/Users/Shivam Gupta/OneDrive/Documents/Shivam_Developement/DATA_ENGINEERING/data_engineering_project/batch-etl-pyspark/.venv/lib/python3.12/site-packages/airflow/example_dags/example_python_decorator.py
[2025-07-17T18:07:18.929+0000] {logging_mixin.py:188} INFO - [2025-07-17T18:07:18.927+0000] {example_python_decorator.py:80} WARNING - The virtalenv_python example task requires virtualenv, please install it.
[2025-07-17T18:07:18.931+0000] {processor.py:840} INFO - DAG(s) 'example_python_decorator' retrieved from /mnt/c/Users/Shivam Gupta/OneDrive/Documents/Shivam_Developement/DATA_ENGINEERING/data_engineering_project/batch-etl-pyspark/.venv/lib/python3.12/site-packages/airflow/example_dags/example_python_decorator.py
[2025-07-17T18:07:18.996+0000] {logging_mixin.py:188} INFO - [2025-07-17T18:07:18.994+0000] {dag.py:3096} INFO - Sync 1 DAGs
[2025-07-17T18:07:19.013+0000] {logging_mixin.py:188} INFO - [2025-07-17T18:07:19.011+0000] {dag.py:3954} INFO - Setting next_dagrun for example_python_decorator to None, run_after=None
[2025-07-17T18:07:19.188+0000] {processor.py:183} INFO - Processing /mnt/c/Users/Shivam Gupta/OneDrive/Documents/Shivam_Developement/DATA_ENGINEERING/data_engineering_project/batch-etl-pyspark/.venv/lib/python3.12/site-packages/airflow/example_dags/example_python_decorator.py took 0.458 seconds
[2025-07-17T18:09:30.810+0000] {processor.py:161} INFO - Started process (PID=4066) to work on /mnt/c/Users/Shivam Gupta/OneDrive/Documents/Shivam_Developement/DATA_ENGINEERING/data_engineering_project/batch-etl-pyspark/.venv/lib/python3.12/site-packages/airflow/example_dags/example_python_decorator.py
[2025-07-17T18:09:30.816+0000] {processor.py:830} INFO - Processing file /mnt/c/Users/Shivam Gupta/OneDrive/Documents/Shivam_Developement/DATA_ENGINEERING/data_engineering_project/batch-etl-pyspark/.venv/lib/python3.12/site-packages/airflow/example_dags/example_python_decorator.py for tasks to queue
[2025-07-17T18:09:30.825+0000] {logging_mixin.py:188} INFO - [2025-07-17T18:09:30.821+0000] {dagbag.py:545} INFO - Filling up the DagBag from /mnt/c/Users/Shivam Gupta/OneDrive/Documents/Shivam_Developement/DATA_ENGINEERING/data_engineering_project/batch-etl-pyspark/.venv/lib/python3.12/site-packages/airflow/example_dags/example_python_decorator.py
[2025-07-17T18:09:30.989+0000] {logging_mixin.py:188} INFO - [2025-07-17T18:09:30.988+0000] {example_python_decorator.py:80} WARNING - The virtalenv_python example task requires virtualenv, please install it.
[2025-07-17T18:09:30.991+0000] {processor.py:840} INFO - DAG(s) 'example_python_decorator' retrieved from /mnt/c/Users/Shivam Gupta/OneDrive/Documents/Shivam_Developement/DATA_ENGINEERING/data_engineering_project/batch-etl-pyspark/.venv/lib/python3.12/site-packages/airflow/example_dags/example_python_decorator.py
[2025-07-17T18:09:31.034+0000] {logging_mixin.py:188} INFO - [2025-07-17T18:09:31.033+0000] {dag.py:3096} INFO - Sync 1 DAGs
[2025-07-17T18:09:31.051+0000] {logging_mixin.py:188} INFO - [2025-07-17T18:09:31.049+0000] {dag.py:3954} INFO - Setting next_dagrun for example_python_decorator to None, run_after=None
[2025-07-17T18:09:31.174+0000] {processor.py:183} INFO - Processing /mnt/c/Users/Shivam Gupta/OneDrive/Documents/Shivam_Developement/DATA_ENGINEERING/data_engineering_project/batch-etl-pyspark/.venv/lib/python3.12/site-packages/airflow/example_dags/example_python_decorator.py took 0.394 seconds
[2025-07-17T18:11:37.806+0000] {processor.py:161} INFO - Started process (PID=4168) to work on /mnt/c/Users/Shivam Gupta/OneDrive/Documents/Shivam_Developement/DATA_ENGINEERING/data_engineering_project/batch-etl-pyspark/.venv/lib/python3.12/site-packages/airflow/example_dags/example_python_decorator.py
[2025-07-17T18:11:37.808+0000] {processor.py:830} INFO - Processing file /mnt/c/Users/Shivam Gupta/OneDrive/Documents/Shivam_Developement/DATA_ENGINEERING/data_engineering_project/batch-etl-pyspark/.venv/lib/python3.12/site-packages/airflow/example_dags/example_python_decorator.py for tasks to queue
[2025-07-17T18:11:37.812+0000] {logging_mixin.py:188} INFO - [2025-07-17T18:11:37.810+0000] {dagbag.py:545} INFO - Filling up the DagBag from /mnt/c/Users/Shivam Gupta/OneDrive/Documents/Shivam_Developement/DATA_ENGINEERING/data_engineering_project/batch-etl-pyspark/.venv/lib/python3.12/site-packages/airflow/example_dags/example_python_decorator.py
[2025-07-17T18:11:37.981+0000] {logging_mixin.py:188} INFO - [2025-07-17T18:11:37.979+0000] {example_python_decorator.py:80} WARNING - The virtalenv_python example task requires virtualenv, please install it.
[2025-07-17T18:11:37.983+0000] {processor.py:840} INFO - DAG(s) 'example_python_decorator' retrieved from /mnt/c/Users/Shivam Gupta/OneDrive/Documents/Shivam_Developement/DATA_ENGINEERING/data_engineering_project/batch-etl-pyspark/.venv/lib/python3.12/site-packages/airflow/example_dags/example_python_decorator.py
[2025-07-17T18:11:38.030+0000] {logging_mixin.py:188} INFO - [2025-07-17T18:11:38.029+0000] {dag.py:3096} INFO - Sync 1 DAGs
[2025-07-17T18:11:38.053+0000] {logging_mixin.py:188} INFO - [2025-07-17T18:11:38.049+0000] {dag.py:3954} INFO - Setting next_dagrun for example_python_decorator to None, run_after=None
[2025-07-17T18:11:38.200+0000] {processor.py:183} INFO - Processing /mnt/c/Users/Shivam Gupta/OneDrive/Documents/Shivam_Developement/DATA_ENGINEERING/data_engineering_project/batch-etl-pyspark/.venv/lib/python3.12/site-packages/airflow/example_dags/example_python_decorator.py took 0.417 seconds
[2025-07-17T18:13:46.435+0000] {processor.py:161} INFO - Started process (PID=4271) to work on /mnt/c/Users/Shivam Gupta/OneDrive/Documents/Shivam_Developement/DATA_ENGINEERING/data_engineering_project/batch-etl-pyspark/.venv/lib/python3.12/site-packages/airflow/example_dags/example_python_decorator.py
[2025-07-17T18:13:46.438+0000] {processor.py:830} INFO - Processing file /mnt/c/Users/Shivam Gupta/OneDrive/Documents/Shivam_Developement/DATA_ENGINEERING/data_engineering_project/batch-etl-pyspark/.venv/lib/python3.12/site-packages/airflow/example_dags/example_python_decorator.py for tasks to queue
[2025-07-17T18:13:46.441+0000] {logging_mixin.py:188} INFO - [2025-07-17T18:13:46.439+0000] {dagbag.py:545} INFO - Filling up the DagBag from /mnt/c/Users/Shivam Gupta/OneDrive/Documents/Shivam_Developement/DATA_ENGINEERING/data_engineering_project/batch-etl-pyspark/.venv/lib/python3.12/site-packages/airflow/example_dags/example_python_decorator.py
[2025-07-17T18:13:46.831+0000] {logging_mixin.py:188} INFO - [2025-07-17T18:13:46.827+0000] {example_python_decorator.py:80} WARNING - The virtalenv_python example task requires virtualenv, please install it.
[2025-07-17T18:13:46.834+0000] {processor.py:840} INFO - DAG(s) 'example_python_decorator' retrieved from /mnt/c/Users/Shivam Gupta/OneDrive/Documents/Shivam_Developement/DATA_ENGINEERING/data_engineering_project/batch-etl-pyspark/.venv/lib/python3.12/site-packages/airflow/example_dags/example_python_decorator.py
[2025-07-17T18:13:46.883+0000] {logging_mixin.py:188} INFO - [2025-07-17T18:13:46.881+0000] {dag.py:3096} INFO - Sync 1 DAGs
[2025-07-17T18:13:46.900+0000] {logging_mixin.py:188} INFO - [2025-07-17T18:13:46.898+0000] {dag.py:3954} INFO - Setting next_dagrun for example_python_decorator to None, run_after=None
[2025-07-17T18:13:47.004+0000] {processor.py:183} INFO - Processing /mnt/c/Users/Shivam Gupta/OneDrive/Documents/Shivam_Developement/DATA_ENGINEERING/data_engineering_project/batch-etl-pyspark/.venv/lib/python3.12/site-packages/airflow/example_dags/example_python_decorator.py took 0.582 seconds
