[2025-07-17T17:13:26.551+0000] {processor.py:161} INFO - Started process (PID=1931) to work on /mnt/c/Users/Shivam Gupta/OneDrive/Documents/Shivam_Developement/DATA_ENGINEERING/data_engineering_project/batch-etl-pyspark/.venv/lib/python3.12/site-packages/airflow/example_dags/example_short_circuit_operator.py
[2025-07-17T17:13:26.552+0000] {processor.py:830} INFO - Processing file /mnt/c/Users/Shivam Gupta/OneDrive/Documents/Shivam_Developement/DATA_ENGINEERING/data_engineering_project/batch-etl-pyspark/.venv/lib/python3.12/site-packages/airflow/example_dags/example_short_circuit_operator.py for tasks to queue
[2025-07-17T17:13:26.581+0000] {logging_mixin.py:188} INFO - [2025-07-17T17:13:26.578+0000] {dagbag.py:545} INFO - Filling up the DagBag from /mnt/c/Users/Shivam Gupta/OneDrive/Documents/Shivam_Developement/DATA_ENGINEERING/data_engineering_project/batch-etl-pyspark/.venv/lib/python3.12/site-packages/airflow/example_dags/example_short_circuit_operator.py
[2025-07-17T17:13:26.700+0000] {processor.py:840} INFO - DAG(s) 'example_short_circuit_operator' retrieved from /mnt/c/Users/Shivam Gupta/OneDrive/Documents/Shivam_Developement/DATA_ENGINEERING/data_engineering_project/batch-etl-pyspark/.venv/lib/python3.12/site-packages/airflow/example_dags/example_short_circuit_operator.py
[2025-07-17T17:13:34.634+0000] {logging_mixin.py:188} INFO - [2025-07-17T17:13:34.633+0000] {dag.py:3096} INFO - Sync 1 DAGs
[2025-07-17T17:13:34.727+0000] {logging_mixin.py:188} INFO - [2025-07-17T17:13:34.724+0000] {dag.py:3954} INFO - Setting next_dagrun for example_short_circuit_operator to 2025-07-16 00:00:00+00:00, run_after=2025-07-17 00:00:00+00:00
[2025-07-17T17:13:34.838+0000] {processor.py:183} INFO - Processing /mnt/c/Users/Shivam Gupta/OneDrive/Documents/Shivam_Developement/DATA_ENGINEERING/data_engineering_project/batch-etl-pyspark/.venv/lib/python3.12/site-packages/airflow/example_dags/example_short_circuit_operator.py took 8.479 seconds
[2025-07-17T17:18:52.321+0000] {processor.py:161} INFO - Started process (PID=2028) to work on /mnt/c/Users/Shivam Gupta/OneDrive/Documents/Shivam_Developement/DATA_ENGINEERING/data_engineering_project/batch-etl-pyspark/.venv/lib/python3.12/site-packages/airflow/example_dags/example_short_circuit_operator.py
[2025-07-17T17:18:52.326+0000] {processor.py:830} INFO - Processing file /mnt/c/Users/Shivam Gupta/OneDrive/Documents/Shivam_Developement/DATA_ENGINEERING/data_engineering_project/batch-etl-pyspark/.venv/lib/python3.12/site-packages/airflow/example_dags/example_short_circuit_operator.py for tasks to queue
[2025-07-17T17:18:52.339+0000] {logging_mixin.py:188} INFO - [2025-07-17T17:18:52.335+0000] {dagbag.py:545} INFO - Filling up the DagBag from /mnt/c/Users/Shivam Gupta/OneDrive/Documents/Shivam_Developement/DATA_ENGINEERING/data_engineering_project/batch-etl-pyspark/.venv/lib/python3.12/site-packages/airflow/example_dags/example_short_circuit_operator.py
[2025-07-17T17:18:52.432+0000] {processor.py:840} INFO - DAG(s) 'example_short_circuit_operator' retrieved from /mnt/c/Users/Shivam Gupta/OneDrive/Documents/Shivam_Developement/DATA_ENGINEERING/data_engineering_project/batch-etl-pyspark/.venv/lib/python3.12/site-packages/airflow/example_dags/example_short_circuit_operator.py
[2025-07-17T17:18:52.526+0000] {logging_mixin.py:188} INFO - [2025-07-17T17:18:52.523+0000] {dag.py:3096} INFO - Sync 1 DAGs
[2025-07-17T17:18:52.617+0000] {logging_mixin.py:188} INFO - [2025-07-17T17:18:52.615+0000] {dag.py:3954} INFO - Setting next_dagrun for example_short_circuit_operator to 2025-07-16 00:00:00+00:00, run_after=2025-07-17 00:00:00+00:00
[2025-07-17T17:18:52.799+0000] {processor.py:183} INFO - Processing /mnt/c/Users/Shivam Gupta/OneDrive/Documents/Shivam_Developement/DATA_ENGINEERING/data_engineering_project/batch-etl-pyspark/.venv/lib/python3.12/site-packages/airflow/example_dags/example_short_circuit_operator.py took 0.533 seconds
[2025-07-17T17:21:18.501+0000] {processor.py:161} INFO - Started process (PID=2097) to work on /mnt/c/Users/Shivam Gupta/OneDrive/Documents/Shivam_Developement/DATA_ENGINEERING/data_engineering_project/batch-etl-pyspark/.venv/lib/python3.12/site-packages/airflow/example_dags/example_short_circuit_operator.py
[2025-07-17T17:21:18.505+0000] {processor.py:830} INFO - Processing file /mnt/c/Users/Shivam Gupta/OneDrive/Documents/Shivam_Developement/DATA_ENGINEERING/data_engineering_project/batch-etl-pyspark/.venv/lib/python3.12/site-packages/airflow/example_dags/example_short_circuit_operator.py for tasks to queue
[2025-07-17T17:21:18.511+0000] {logging_mixin.py:188} INFO - [2025-07-17T17:21:18.509+0000] {dagbag.py:545} INFO - Filling up the DagBag from /mnt/c/Users/Shivam Gupta/OneDrive/Documents/Shivam_Developement/DATA_ENGINEERING/data_engineering_project/batch-etl-pyspark/.venv/lib/python3.12/site-packages/airflow/example_dags/example_short_circuit_operator.py
[2025-07-17T17:21:18.543+0000] {processor.py:840} INFO - DAG(s) 'example_short_circuit_operator' retrieved from /mnt/c/Users/Shivam Gupta/OneDrive/Documents/Shivam_Developement/DATA_ENGINEERING/data_engineering_project/batch-etl-pyspark/.venv/lib/python3.12/site-packages/airflow/example_dags/example_short_circuit_operator.py
[2025-07-17T17:21:18.579+0000] {logging_mixin.py:188} INFO - [2025-07-17T17:21:18.577+0000] {dag.py:3096} INFO - Sync 1 DAGs
[2025-07-17T17:21:18.611+0000] {logging_mixin.py:188} INFO - [2025-07-17T17:21:18.610+0000] {dag.py:3954} INFO - Setting next_dagrun for example_short_circuit_operator to 2025-07-16 00:00:00+00:00, run_after=2025-07-17 00:00:00+00:00
[2025-07-17T17:21:18.690+0000] {processor.py:183} INFO - Processing /mnt/c/Users/Shivam Gupta/OneDrive/Documents/Shivam_Developement/DATA_ENGINEERING/data_engineering_project/batch-etl-pyspark/.venv/lib/python3.12/site-packages/airflow/example_dags/example_short_circuit_operator.py took 0.212 seconds
[2025-07-17T17:23:08.542+0000] {processor.py:161} INFO - Started process (PID=2179) to work on /mnt/c/Users/Shivam Gupta/OneDrive/Documents/Shivam_Developement/DATA_ENGINEERING/data_engineering_project/batch-etl-pyspark/.venv/lib/python3.12/site-packages/airflow/example_dags/example_short_circuit_operator.py
[2025-07-17T17:23:08.545+0000] {processor.py:830} INFO - Processing file /mnt/c/Users/Shivam Gupta/OneDrive/Documents/Shivam_Developement/DATA_ENGINEERING/data_engineering_project/batch-etl-pyspark/.venv/lib/python3.12/site-packages/airflow/example_dags/example_short_circuit_operator.py for tasks to queue
[2025-07-17T17:23:08.551+0000] {logging_mixin.py:188} INFO - [2025-07-17T17:23:08.549+0000] {dagbag.py:545} INFO - Filling up the DagBag from /mnt/c/Users/Shivam Gupta/OneDrive/Documents/Shivam_Developement/DATA_ENGINEERING/data_engineering_project/batch-etl-pyspark/.venv/lib/python3.12/site-packages/airflow/example_dags/example_short_circuit_operator.py
[2025-07-17T17:23:08.709+0000] {processor.py:840} INFO - DAG(s) 'example_short_circuit_operator' retrieved from /mnt/c/Users/Shivam Gupta/OneDrive/Documents/Shivam_Developement/DATA_ENGINEERING/data_engineering_project/batch-etl-pyspark/.venv/lib/python3.12/site-packages/airflow/example_dags/example_short_circuit_operator.py
[2025-07-17T17:23:08.869+0000] {logging_mixin.py:188} INFO - [2025-07-17T17:23:08.866+0000] {dag.py:3096} INFO - Sync 1 DAGs
[2025-07-17T17:23:08.936+0000] {logging_mixin.py:188} INFO - [2025-07-17T17:23:08.932+0000] {dag.py:3954} INFO - Setting next_dagrun for example_short_circuit_operator to 2025-07-16 00:00:00+00:00, run_after=2025-07-17 00:00:00+00:00
[2025-07-17T17:23:09.401+0000] {processor.py:183} INFO - Processing /mnt/c/Users/Shivam Gupta/OneDrive/Documents/Shivam_Developement/DATA_ENGINEERING/data_engineering_project/batch-etl-pyspark/.venv/lib/python3.12/site-packages/airflow/example_dags/example_short_circuit_operator.py took 1.006 seconds
[2025-07-17T17:25:02.905+0000] {processor.py:161} INFO - Started process (PID=2242) to work on /mnt/c/Users/Shivam Gupta/OneDrive/Documents/Shivam_Developement/DATA_ENGINEERING/data_engineering_project/batch-etl-pyspark/.venv/lib/python3.12/site-packages/airflow/example_dags/example_short_circuit_operator.py
[2025-07-17T17:25:02.916+0000] {processor.py:830} INFO - Processing file /mnt/c/Users/Shivam Gupta/OneDrive/Documents/Shivam_Developement/DATA_ENGINEERING/data_engineering_project/batch-etl-pyspark/.venv/lib/python3.12/site-packages/airflow/example_dags/example_short_circuit_operator.py for tasks to queue
[2025-07-17T17:25:02.922+0000] {logging_mixin.py:188} INFO - [2025-07-17T17:25:02.920+0000] {dagbag.py:545} INFO - Filling up the DagBag from /mnt/c/Users/Shivam Gupta/OneDrive/Documents/Shivam_Developement/DATA_ENGINEERING/data_engineering_project/batch-etl-pyspark/.venv/lib/python3.12/site-packages/airflow/example_dags/example_short_circuit_operator.py
[2025-07-17T17:25:02.979+0000] {processor.py:840} INFO - DAG(s) 'example_short_circuit_operator' retrieved from /mnt/c/Users/Shivam Gupta/OneDrive/Documents/Shivam_Developement/DATA_ENGINEERING/data_engineering_project/batch-etl-pyspark/.venv/lib/python3.12/site-packages/airflow/example_dags/example_short_circuit_operator.py
[2025-07-17T17:25:03.034+0000] {logging_mixin.py:188} INFO - [2025-07-17T17:25:03.033+0000] {dag.py:3096} INFO - Sync 1 DAGs
[2025-07-17T17:25:03.077+0000] {logging_mixin.py:188} INFO - [2025-07-17T17:25:03.075+0000] {dag.py:3954} INFO - Setting next_dagrun for example_short_circuit_operator to 2025-07-16 00:00:00+00:00, run_after=2025-07-17 00:00:00+00:00
[2025-07-17T17:25:03.156+0000] {processor.py:183} INFO - Processing /mnt/c/Users/Shivam Gupta/OneDrive/Documents/Shivam_Developement/DATA_ENGINEERING/data_engineering_project/batch-etl-pyspark/.venv/lib/python3.12/site-packages/airflow/example_dags/example_short_circuit_operator.py took 0.275 seconds
[2025-07-17T17:27:10.649+0000] {processor.py:161} INFO - Started process (PID=2316) to work on /mnt/c/Users/Shivam Gupta/OneDrive/Documents/Shivam_Developement/DATA_ENGINEERING/data_engineering_project/batch-etl-pyspark/.venv/lib/python3.12/site-packages/airflow/example_dags/example_short_circuit_operator.py
[2025-07-17T17:27:10.653+0000] {processor.py:830} INFO - Processing file /mnt/c/Users/Shivam Gupta/OneDrive/Documents/Shivam_Developement/DATA_ENGINEERING/data_engineering_project/batch-etl-pyspark/.venv/lib/python3.12/site-packages/airflow/example_dags/example_short_circuit_operator.py for tasks to queue
[2025-07-17T17:27:10.657+0000] {logging_mixin.py:188} INFO - [2025-07-17T17:27:10.656+0000] {dagbag.py:545} INFO - Filling up the DagBag from /mnt/c/Users/Shivam Gupta/OneDrive/Documents/Shivam_Developement/DATA_ENGINEERING/data_engineering_project/batch-etl-pyspark/.venv/lib/python3.12/site-packages/airflow/example_dags/example_short_circuit_operator.py
[2025-07-17T17:27:10.798+0000] {processor.py:840} INFO - DAG(s) 'example_short_circuit_operator' retrieved from /mnt/c/Users/Shivam Gupta/OneDrive/Documents/Shivam_Developement/DATA_ENGINEERING/data_engineering_project/batch-etl-pyspark/.venv/lib/python3.12/site-packages/airflow/example_dags/example_short_circuit_operator.py
[2025-07-17T17:27:10.943+0000] {logging_mixin.py:188} INFO - [2025-07-17T17:27:10.943+0000] {dag.py:3096} INFO - Sync 1 DAGs
[2025-07-17T17:27:11.074+0000] {logging_mixin.py:188} INFO - [2025-07-17T17:27:11.072+0000] {dag.py:3954} INFO - Setting next_dagrun for example_short_circuit_operator to 2025-07-16 00:00:00+00:00, run_after=2025-07-17 00:00:00+00:00
[2025-07-17T17:27:11.506+0000] {processor.py:183} INFO - Processing /mnt/c/Users/Shivam Gupta/OneDrive/Documents/Shivam_Developement/DATA_ENGINEERING/data_engineering_project/batch-etl-pyspark/.venv/lib/python3.12/site-packages/airflow/example_dags/example_short_circuit_operator.py took 0.882 seconds
[2025-07-17T17:32:58.058+0000] {processor.py:161} INFO - Started process (PID=2481) to work on /mnt/c/Users/Shivam Gupta/OneDrive/Documents/Shivam_Developement/DATA_ENGINEERING/data_engineering_project/batch-etl-pyspark/.venv/lib/python3.12/site-packages/airflow/example_dags/example_short_circuit_operator.py
[2025-07-17T17:32:58.063+0000] {processor.py:830} INFO - Processing file /mnt/c/Users/Shivam Gupta/OneDrive/Documents/Shivam_Developement/DATA_ENGINEERING/data_engineering_project/batch-etl-pyspark/.venv/lib/python3.12/site-packages/airflow/example_dags/example_short_circuit_operator.py for tasks to queue
[2025-07-17T17:32:58.068+0000] {logging_mixin.py:188} INFO - [2025-07-17T17:32:58.066+0000] {dagbag.py:545} INFO - Filling up the DagBag from /mnt/c/Users/Shivam Gupta/OneDrive/Documents/Shivam_Developement/DATA_ENGINEERING/data_engineering_project/batch-etl-pyspark/.venv/lib/python3.12/site-packages/airflow/example_dags/example_short_circuit_operator.py
[2025-07-17T17:32:58.118+0000] {processor.py:840} INFO - DAG(s) 'example_short_circuit_operator' retrieved from /mnt/c/Users/Shivam Gupta/OneDrive/Documents/Shivam_Developement/DATA_ENGINEERING/data_engineering_project/batch-etl-pyspark/.venv/lib/python3.12/site-packages/airflow/example_dags/example_short_circuit_operator.py
[2025-07-17T17:32:58.200+0000] {logging_mixin.py:188} INFO - [2025-07-17T17:32:58.199+0000] {dag.py:3096} INFO - Sync 1 DAGs
[2025-07-17T17:32:58.374+0000] {logging_mixin.py:188} INFO - [2025-07-17T17:32:58.366+0000] {dag.py:3954} INFO - Setting next_dagrun for example_short_circuit_operator to 2025-07-16 00:00:00+00:00, run_after=2025-07-17 00:00:00+00:00
[2025-07-17T17:32:58.689+0000] {processor.py:183} INFO - Processing /mnt/c/Users/Shivam Gupta/OneDrive/Documents/Shivam_Developement/DATA_ENGINEERING/data_engineering_project/batch-etl-pyspark/.venv/lib/python3.12/site-packages/airflow/example_dags/example_short_circuit_operator.py took 0.653 seconds
[2025-07-17T17:35:05.964+0000] {processor.py:161} INFO - Started process (PID=2555) to work on /mnt/c/Users/Shivam Gupta/OneDrive/Documents/Shivam_Developement/DATA_ENGINEERING/data_engineering_project/batch-etl-pyspark/.venv/lib/python3.12/site-packages/airflow/example_dags/example_short_circuit_operator.py
[2025-07-17T17:35:05.971+0000] {processor.py:830} INFO - Processing file /mnt/c/Users/Shivam Gupta/OneDrive/Documents/Shivam_Developement/DATA_ENGINEERING/data_engineering_project/batch-etl-pyspark/.venv/lib/python3.12/site-packages/airflow/example_dags/example_short_circuit_operator.py for tasks to queue
[2025-07-17T17:35:05.978+0000] {logging_mixin.py:188} INFO - [2025-07-17T17:35:05.972+0000] {dagbag.py:545} INFO - Filling up the DagBag from /mnt/c/Users/Shivam Gupta/OneDrive/Documents/Shivam_Developement/DATA_ENGINEERING/data_engineering_project/batch-etl-pyspark/.venv/lib/python3.12/site-packages/airflow/example_dags/example_short_circuit_operator.py
[2025-07-17T17:35:06.227+0000] {processor.py:840} INFO - DAG(s) 'example_short_circuit_operator' retrieved from /mnt/c/Users/Shivam Gupta/OneDrive/Documents/Shivam_Developement/DATA_ENGINEERING/data_engineering_project/batch-etl-pyspark/.venv/lib/python3.12/site-packages/airflow/example_dags/example_short_circuit_operator.py
[2025-07-17T17:35:06.281+0000] {logging_mixin.py:188} INFO - [2025-07-17T17:35:06.280+0000] {dag.py:3096} INFO - Sync 1 DAGs
[2025-07-17T17:35:06.324+0000] {logging_mixin.py:188} INFO - [2025-07-17T17:35:06.323+0000] {dag.py:3954} INFO - Setting next_dagrun for example_short_circuit_operator to 2025-07-16 00:00:00+00:00, run_after=2025-07-17 00:00:00+00:00
[2025-07-17T17:35:06.899+0000] {processor.py:183} INFO - Processing /mnt/c/Users/Shivam Gupta/OneDrive/Documents/Shivam_Developement/DATA_ENGINEERING/data_engineering_project/batch-etl-pyspark/.venv/lib/python3.12/site-packages/airflow/example_dags/example_short_circuit_operator.py took 0.949 seconds
[2025-07-17T17:37:01.655+0000] {processor.py:161} INFO - Started process (PID=2625) to work on /mnt/c/Users/Shivam Gupta/OneDrive/Documents/Shivam_Developement/DATA_ENGINEERING/data_engineering_project/batch-etl-pyspark/.venv/lib/python3.12/site-packages/airflow/example_dags/example_short_circuit_operator.py
[2025-07-17T17:37:01.657+0000] {processor.py:830} INFO - Processing file /mnt/c/Users/Shivam Gupta/OneDrive/Documents/Shivam_Developement/DATA_ENGINEERING/data_engineering_project/batch-etl-pyspark/.venv/lib/python3.12/site-packages/airflow/example_dags/example_short_circuit_operator.py for tasks to queue
[2025-07-17T17:37:01.660+0000] {logging_mixin.py:188} INFO - [2025-07-17T17:37:01.659+0000] {dagbag.py:545} INFO - Filling up the DagBag from /mnt/c/Users/Shivam Gupta/OneDrive/Documents/Shivam_Developement/DATA_ENGINEERING/data_engineering_project/batch-etl-pyspark/.venv/lib/python3.12/site-packages/airflow/example_dags/example_short_circuit_operator.py
[2025-07-17T17:37:01.739+0000] {processor.py:840} INFO - DAG(s) 'example_short_circuit_operator' retrieved from /mnt/c/Users/Shivam Gupta/OneDrive/Documents/Shivam_Developement/DATA_ENGINEERING/data_engineering_project/batch-etl-pyspark/.venv/lib/python3.12/site-packages/airflow/example_dags/example_short_circuit_operator.py
[2025-07-17T17:37:01.909+0000] {logging_mixin.py:188} INFO - [2025-07-17T17:37:01.863+0000] {dag.py:3096} INFO - Sync 1 DAGs
[2025-07-17T17:37:02.002+0000] {logging_mixin.py:188} INFO - [2025-07-17T17:37:01.999+0000] {dag.py:3954} INFO - Setting next_dagrun for example_short_circuit_operator to 2025-07-16 00:00:00+00:00, run_after=2025-07-17 00:00:00+00:00
[2025-07-17T17:37:02.150+0000] {processor.py:183} INFO - Processing /mnt/c/Users/Shivam Gupta/OneDrive/Documents/Shivam_Developement/DATA_ENGINEERING/data_engineering_project/batch-etl-pyspark/.venv/lib/python3.12/site-packages/airflow/example_dags/example_short_circuit_operator.py took 0.541 seconds
[2025-07-17T17:38:54.841+0000] {processor.py:161} INFO - Started process (PID=2690) to work on /mnt/c/Users/Shivam Gupta/OneDrive/Documents/Shivam_Developement/DATA_ENGINEERING/data_engineering_project/batch-etl-pyspark/.venv/lib/python3.12/site-packages/airflow/example_dags/example_short_circuit_operator.py
[2025-07-17T17:38:54.848+0000] {processor.py:830} INFO - Processing file /mnt/c/Users/Shivam Gupta/OneDrive/Documents/Shivam_Developement/DATA_ENGINEERING/data_engineering_project/batch-etl-pyspark/.venv/lib/python3.12/site-packages/airflow/example_dags/example_short_circuit_operator.py for tasks to queue
[2025-07-17T17:38:54.855+0000] {logging_mixin.py:188} INFO - [2025-07-17T17:38:54.852+0000] {dagbag.py:545} INFO - Filling up the DagBag from /mnt/c/Users/Shivam Gupta/OneDrive/Documents/Shivam_Developement/DATA_ENGINEERING/data_engineering_project/batch-etl-pyspark/.venv/lib/python3.12/site-packages/airflow/example_dags/example_short_circuit_operator.py
[2025-07-17T17:38:54.939+0000] {processor.py:840} INFO - DAG(s) 'example_short_circuit_operator' retrieved from /mnt/c/Users/Shivam Gupta/OneDrive/Documents/Shivam_Developement/DATA_ENGINEERING/data_engineering_project/batch-etl-pyspark/.venv/lib/python3.12/site-packages/airflow/example_dags/example_short_circuit_operator.py
[2025-07-17T17:38:55.112+0000] {logging_mixin.py:188} INFO - [2025-07-17T17:38:55.109+0000] {dag.py:3096} INFO - Sync 1 DAGs
[2025-07-17T17:38:55.235+0000] {logging_mixin.py:188} INFO - [2025-07-17T17:38:55.234+0000] {dag.py:3954} INFO - Setting next_dagrun for example_short_circuit_operator to 2025-07-16 00:00:00+00:00, run_after=2025-07-17 00:00:00+00:00
[2025-07-17T17:38:55.408+0000] {processor.py:183} INFO - Processing /mnt/c/Users/Shivam Gupta/OneDrive/Documents/Shivam_Developement/DATA_ENGINEERING/data_engineering_project/batch-etl-pyspark/.venv/lib/python3.12/site-packages/airflow/example_dags/example_short_circuit_operator.py took 0.600 seconds
[2025-07-17T17:40:34.318+0000] {processor.py:161} INFO - Started process (PID=2751) to work on /mnt/c/Users/Shivam Gupta/OneDrive/Documents/Shivam_Developement/DATA_ENGINEERING/data_engineering_project/batch-etl-pyspark/.venv/lib/python3.12/site-packages/airflow/example_dags/example_short_circuit_operator.py
[2025-07-17T17:40:34.321+0000] {processor.py:830} INFO - Processing file /mnt/c/Users/Shivam Gupta/OneDrive/Documents/Shivam_Developement/DATA_ENGINEERING/data_engineering_project/batch-etl-pyspark/.venv/lib/python3.12/site-packages/airflow/example_dags/example_short_circuit_operator.py for tasks to queue
[2025-07-17T17:40:34.328+0000] {logging_mixin.py:188} INFO - [2025-07-17T17:40:34.324+0000] {dagbag.py:545} INFO - Filling up the DagBag from /mnt/c/Users/Shivam Gupta/OneDrive/Documents/Shivam_Developement/DATA_ENGINEERING/data_engineering_project/batch-etl-pyspark/.venv/lib/python3.12/site-packages/airflow/example_dags/example_short_circuit_operator.py
[2025-07-17T17:40:34.365+0000] {processor.py:840} INFO - DAG(s) 'example_short_circuit_operator' retrieved from /mnt/c/Users/Shivam Gupta/OneDrive/Documents/Shivam_Developement/DATA_ENGINEERING/data_engineering_project/batch-etl-pyspark/.venv/lib/python3.12/site-packages/airflow/example_dags/example_short_circuit_operator.py
[2025-07-17T17:40:34.407+0000] {logging_mixin.py:188} INFO - [2025-07-17T17:40:34.405+0000] {dag.py:3096} INFO - Sync 1 DAGs
[2025-07-17T17:40:34.442+0000] {logging_mixin.py:188} INFO - [2025-07-17T17:40:34.440+0000] {dag.py:3954} INFO - Setting next_dagrun for example_short_circuit_operator to 2025-07-16 00:00:00+00:00, run_after=2025-07-17 00:00:00+00:00
[2025-07-17T17:40:34.533+0000] {processor.py:183} INFO - Processing /mnt/c/Users/Shivam Gupta/OneDrive/Documents/Shivam_Developement/DATA_ENGINEERING/data_engineering_project/batch-etl-pyspark/.venv/lib/python3.12/site-packages/airflow/example_dags/example_short_circuit_operator.py took 0.238 seconds
[2025-07-17T17:42:21.086+0000] {processor.py:161} INFO - Started process (PID=2809) to work on /mnt/c/Users/Shivam Gupta/OneDrive/Documents/Shivam_Developement/DATA_ENGINEERING/data_engineering_project/batch-etl-pyspark/.venv/lib/python3.12/site-packages/airflow/example_dags/example_short_circuit_operator.py
[2025-07-17T17:42:21.091+0000] {processor.py:830} INFO - Processing file /mnt/c/Users/Shivam Gupta/OneDrive/Documents/Shivam_Developement/DATA_ENGINEERING/data_engineering_project/batch-etl-pyspark/.venv/lib/python3.12/site-packages/airflow/example_dags/example_short_circuit_operator.py for tasks to queue
[2025-07-17T17:42:21.093+0000] {logging_mixin.py:188} INFO - [2025-07-17T17:42:21.092+0000] {dagbag.py:545} INFO - Filling up the DagBag from /mnt/c/Users/Shivam Gupta/OneDrive/Documents/Shivam_Developement/DATA_ENGINEERING/data_engineering_project/batch-etl-pyspark/.venv/lib/python3.12/site-packages/airflow/example_dags/example_short_circuit_operator.py
[2025-07-17T17:42:21.210+0000] {processor.py:840} INFO - DAG(s) 'example_short_circuit_operator' retrieved from /mnt/c/Users/Shivam Gupta/OneDrive/Documents/Shivam_Developement/DATA_ENGINEERING/data_engineering_project/batch-etl-pyspark/.venv/lib/python3.12/site-packages/airflow/example_dags/example_short_circuit_operator.py
[2025-07-17T17:42:21.307+0000] {logging_mixin.py:188} INFO - [2025-07-17T17:42:21.295+0000] {dag.py:3096} INFO - Sync 1 DAGs
[2025-07-17T17:42:21.439+0000] {logging_mixin.py:188} INFO - [2025-07-17T17:42:21.437+0000] {dag.py:3954} INFO - Setting next_dagrun for example_short_circuit_operator to 2025-07-16 00:00:00+00:00, run_after=2025-07-17 00:00:00+00:00
[2025-07-17T17:42:21.678+0000] {processor.py:183} INFO - Processing /mnt/c/Users/Shivam Gupta/OneDrive/Documents/Shivam_Developement/DATA_ENGINEERING/data_engineering_project/batch-etl-pyspark/.venv/lib/python3.12/site-packages/airflow/example_dags/example_short_circuit_operator.py took 0.610 seconds
[2025-07-17T17:45:56.360+0000] {processor.py:161} INFO - Started process (PID=2922) to work on /mnt/c/Users/Shivam Gupta/OneDrive/Documents/Shivam_Developement/DATA_ENGINEERING/data_engineering_project/batch-etl-pyspark/.venv/lib/python3.12/site-packages/airflow/example_dags/example_short_circuit_operator.py
[2025-07-17T17:45:56.409+0000] {processor.py:830} INFO - Processing file /mnt/c/Users/Shivam Gupta/OneDrive/Documents/Shivam_Developement/DATA_ENGINEERING/data_engineering_project/batch-etl-pyspark/.venv/lib/python3.12/site-packages/airflow/example_dags/example_short_circuit_operator.py for tasks to queue
[2025-07-17T17:45:56.462+0000] {logging_mixin.py:188} INFO - [2025-07-17T17:45:56.456+0000] {dagbag.py:545} INFO - Filling up the DagBag from /mnt/c/Users/Shivam Gupta/OneDrive/Documents/Shivam_Developement/DATA_ENGINEERING/data_engineering_project/batch-etl-pyspark/.venv/lib/python3.12/site-packages/airflow/example_dags/example_short_circuit_operator.py
[2025-07-17T17:45:56.628+0000] {processor.py:840} INFO - DAG(s) 'example_short_circuit_operator' retrieved from /mnt/c/Users/Shivam Gupta/OneDrive/Documents/Shivam_Developement/DATA_ENGINEERING/data_engineering_project/batch-etl-pyspark/.venv/lib/python3.12/site-packages/airflow/example_dags/example_short_circuit_operator.py
[2025-07-17T17:45:56.936+0000] {logging_mixin.py:188} INFO - [2025-07-17T17:45:56.933+0000] {dag.py:3096} INFO - Sync 1 DAGs
[2025-07-17T17:45:56.985+0000] {logging_mixin.py:188} INFO - [2025-07-17T17:45:56.983+0000] {dag.py:3954} INFO - Setting next_dagrun for example_short_circuit_operator to 2025-07-16 00:00:00+00:00, run_after=2025-07-17 00:00:00+00:00
[2025-07-17T17:45:57.508+0000] {processor.py:183} INFO - Processing /mnt/c/Users/Shivam Gupta/OneDrive/Documents/Shivam_Developement/DATA_ENGINEERING/data_engineering_project/batch-etl-pyspark/.venv/lib/python3.12/site-packages/airflow/example_dags/example_short_circuit_operator.py took 1.434 seconds
[2025-07-17T17:47:27.338+0000] {processor.py:161} INFO - Started process (PID=2983) to work on /mnt/c/Users/Shivam Gupta/OneDrive/Documents/Shivam_Developement/DATA_ENGINEERING/data_engineering_project/batch-etl-pyspark/.venv/lib/python3.12/site-packages/airflow/example_dags/example_short_circuit_operator.py
[2025-07-17T17:47:27.345+0000] {processor.py:830} INFO - Processing file /mnt/c/Users/Shivam Gupta/OneDrive/Documents/Shivam_Developement/DATA_ENGINEERING/data_engineering_project/batch-etl-pyspark/.venv/lib/python3.12/site-packages/airflow/example_dags/example_short_circuit_operator.py for tasks to queue
[2025-07-17T17:47:27.352+0000] {logging_mixin.py:188} INFO - [2025-07-17T17:47:27.349+0000] {dagbag.py:545} INFO - Filling up the DagBag from /mnt/c/Users/Shivam Gupta/OneDrive/Documents/Shivam_Developement/DATA_ENGINEERING/data_engineering_project/batch-etl-pyspark/.venv/lib/python3.12/site-packages/airflow/example_dags/example_short_circuit_operator.py
[2025-07-17T17:47:27.390+0000] {processor.py:840} INFO - DAG(s) 'example_short_circuit_operator' retrieved from /mnt/c/Users/Shivam Gupta/OneDrive/Documents/Shivam_Developement/DATA_ENGINEERING/data_engineering_project/batch-etl-pyspark/.venv/lib/python3.12/site-packages/airflow/example_dags/example_short_circuit_operator.py
[2025-07-17T17:47:27.469+0000] {logging_mixin.py:188} INFO - [2025-07-17T17:47:27.468+0000] {dag.py:3096} INFO - Sync 1 DAGs
[2025-07-17T17:47:27.500+0000] {logging_mixin.py:188} INFO - [2025-07-17T17:47:27.499+0000] {dag.py:3954} INFO - Setting next_dagrun for example_short_circuit_operator to 2025-07-16 00:00:00+00:00, run_after=2025-07-17 00:00:00+00:00
[2025-07-17T17:47:27.601+0000] {processor.py:183} INFO - Processing /mnt/c/Users/Shivam Gupta/OneDrive/Documents/Shivam_Developement/DATA_ENGINEERING/data_engineering_project/batch-etl-pyspark/.venv/lib/python3.12/site-packages/airflow/example_dags/example_short_circuit_operator.py took 0.295 seconds
[2025-07-17T17:49:28.106+0000] {processor.py:161} INFO - Started process (PID=3083) to work on /mnt/c/Users/Shivam Gupta/OneDrive/Documents/Shivam_Developement/DATA_ENGINEERING/data_engineering_project/batch-etl-pyspark/.venv/lib/python3.12/site-packages/airflow/example_dags/example_short_circuit_operator.py
[2025-07-17T17:49:28.110+0000] {processor.py:830} INFO - Processing file /mnt/c/Users/Shivam Gupta/OneDrive/Documents/Shivam_Developement/DATA_ENGINEERING/data_engineering_project/batch-etl-pyspark/.venv/lib/python3.12/site-packages/airflow/example_dags/example_short_circuit_operator.py for tasks to queue
[2025-07-17T17:49:28.115+0000] {logging_mixin.py:188} INFO - [2025-07-17T17:49:28.112+0000] {dagbag.py:545} INFO - Filling up the DagBag from /mnt/c/Users/Shivam Gupta/OneDrive/Documents/Shivam_Developement/DATA_ENGINEERING/data_engineering_project/batch-etl-pyspark/.venv/lib/python3.12/site-packages/airflow/example_dags/example_short_circuit_operator.py
[2025-07-17T17:49:28.158+0000] {processor.py:840} INFO - DAG(s) 'example_short_circuit_operator' retrieved from /mnt/c/Users/Shivam Gupta/OneDrive/Documents/Shivam_Developement/DATA_ENGINEERING/data_engineering_project/batch-etl-pyspark/.venv/lib/python3.12/site-packages/airflow/example_dags/example_short_circuit_operator.py
[2025-07-17T17:49:28.208+0000] {logging_mixin.py:188} INFO - [2025-07-17T17:49:28.207+0000] {dag.py:3096} INFO - Sync 1 DAGs
[2025-07-17T17:49:28.249+0000] {logging_mixin.py:188} INFO - [2025-07-17T17:49:28.248+0000] {dag.py:3954} INFO - Setting next_dagrun for example_short_circuit_operator to 2025-07-16 00:00:00+00:00, run_after=2025-07-17 00:00:00+00:00
[2025-07-17T17:49:28.359+0000] {processor.py:183} INFO - Processing /mnt/c/Users/Shivam Gupta/OneDrive/Documents/Shivam_Developement/DATA_ENGINEERING/data_engineering_project/batch-etl-pyspark/.venv/lib/python3.12/site-packages/airflow/example_dags/example_short_circuit_operator.py took 0.274 seconds
[2025-07-17T17:50:36.620+0000] {processor.py:161} INFO - Started process (PID=3141) to work on /mnt/c/Users/Shivam Gupta/OneDrive/Documents/Shivam_Developement/DATA_ENGINEERING/data_engineering_project/batch-etl-pyspark/.venv/lib/python3.12/site-packages/airflow/example_dags/example_short_circuit_operator.py
[2025-07-17T17:50:36.624+0000] {processor.py:830} INFO - Processing file /mnt/c/Users/Shivam Gupta/OneDrive/Documents/Shivam_Developement/DATA_ENGINEERING/data_engineering_project/batch-etl-pyspark/.venv/lib/python3.12/site-packages/airflow/example_dags/example_short_circuit_operator.py for tasks to queue
[2025-07-17T17:50:36.628+0000] {logging_mixin.py:188} INFO - [2025-07-17T17:50:36.626+0000] {dagbag.py:545} INFO - Filling up the DagBag from /mnt/c/Users/Shivam Gupta/OneDrive/Documents/Shivam_Developement/DATA_ENGINEERING/data_engineering_project/batch-etl-pyspark/.venv/lib/python3.12/site-packages/airflow/example_dags/example_short_circuit_operator.py
[2025-07-17T17:50:36.665+0000] {processor.py:840} INFO - DAG(s) 'example_short_circuit_operator' retrieved from /mnt/c/Users/Shivam Gupta/OneDrive/Documents/Shivam_Developement/DATA_ENGINEERING/data_engineering_project/batch-etl-pyspark/.venv/lib/python3.12/site-packages/airflow/example_dags/example_short_circuit_operator.py
[2025-07-17T17:50:36.707+0000] {logging_mixin.py:188} INFO - [2025-07-17T17:50:36.705+0000] {dag.py:3096} INFO - Sync 1 DAGs
[2025-07-17T17:50:36.747+0000] {logging_mixin.py:188} INFO - [2025-07-17T17:50:36.746+0000] {dag.py:3954} INFO - Setting next_dagrun for example_short_circuit_operator to 2025-07-16 00:00:00+00:00, run_after=2025-07-17 00:00:00+00:00
[2025-07-17T17:50:36.853+0000] {processor.py:183} INFO - Processing /mnt/c/Users/Shivam Gupta/OneDrive/Documents/Shivam_Developement/DATA_ENGINEERING/data_engineering_project/batch-etl-pyspark/.venv/lib/python3.12/site-packages/airflow/example_dags/example_short_circuit_operator.py took 0.253 seconds
[2025-07-17T17:52:46.882+0000] {processor.py:161} INFO - Started process (PID=3243) to work on /mnt/c/Users/Shivam Gupta/OneDrive/Documents/Shivam_Developement/DATA_ENGINEERING/data_engineering_project/batch-etl-pyspark/.venv/lib/python3.12/site-packages/airflow/example_dags/example_short_circuit_operator.py
[2025-07-17T17:52:46.884+0000] {processor.py:830} INFO - Processing file /mnt/c/Users/Shivam Gupta/OneDrive/Documents/Shivam_Developement/DATA_ENGINEERING/data_engineering_project/batch-etl-pyspark/.venv/lib/python3.12/site-packages/airflow/example_dags/example_short_circuit_operator.py for tasks to queue
[2025-07-17T17:52:46.887+0000] {logging_mixin.py:188} INFO - [2025-07-17T17:52:46.886+0000] {dagbag.py:545} INFO - Filling up the DagBag from /mnt/c/Users/Shivam Gupta/OneDrive/Documents/Shivam_Developement/DATA_ENGINEERING/data_engineering_project/batch-etl-pyspark/.venv/lib/python3.12/site-packages/airflow/example_dags/example_short_circuit_operator.py
[2025-07-17T17:52:46.925+0000] {processor.py:840} INFO - DAG(s) 'example_short_circuit_operator' retrieved from /mnt/c/Users/Shivam Gupta/OneDrive/Documents/Shivam_Developement/DATA_ENGINEERING/data_engineering_project/batch-etl-pyspark/.venv/lib/python3.12/site-packages/airflow/example_dags/example_short_circuit_operator.py
[2025-07-17T17:52:46.984+0000] {logging_mixin.py:188} INFO - [2025-07-17T17:52:46.982+0000] {dag.py:3096} INFO - Sync 1 DAGs
[2025-07-17T17:52:47.042+0000] {logging_mixin.py:188} INFO - [2025-07-17T17:52:47.040+0000] {dag.py:3954} INFO - Setting next_dagrun for example_short_circuit_operator to 2025-07-16 00:00:00+00:00, run_after=2025-07-17 00:00:00+00:00
[2025-07-17T17:52:47.159+0000] {processor.py:183} INFO - Processing /mnt/c/Users/Shivam Gupta/OneDrive/Documents/Shivam_Developement/DATA_ENGINEERING/data_engineering_project/batch-etl-pyspark/.venv/lib/python3.12/site-packages/airflow/example_dags/example_short_circuit_operator.py took 0.293 seconds
[2025-07-17T17:54:49.588+0000] {processor.py:161} INFO - Started process (PID=3346) to work on /mnt/c/Users/Shivam Gupta/OneDrive/Documents/Shivam_Developement/DATA_ENGINEERING/data_engineering_project/batch-etl-pyspark/.venv/lib/python3.12/site-packages/airflow/example_dags/example_short_circuit_operator.py
[2025-07-17T17:54:49.591+0000] {processor.py:830} INFO - Processing file /mnt/c/Users/Shivam Gupta/OneDrive/Documents/Shivam_Developement/DATA_ENGINEERING/data_engineering_project/batch-etl-pyspark/.venv/lib/python3.12/site-packages/airflow/example_dags/example_short_circuit_operator.py for tasks to queue
[2025-07-17T17:54:49.594+0000] {logging_mixin.py:188} INFO - [2025-07-17T17:54:49.593+0000] {dagbag.py:545} INFO - Filling up the DagBag from /mnt/c/Users/Shivam Gupta/OneDrive/Documents/Shivam_Developement/DATA_ENGINEERING/data_engineering_project/batch-etl-pyspark/.venv/lib/python3.12/site-packages/airflow/example_dags/example_short_circuit_operator.py
[2025-07-17T17:54:49.631+0000] {processor.py:840} INFO - DAG(s) 'example_short_circuit_operator' retrieved from /mnt/c/Users/Shivam Gupta/OneDrive/Documents/Shivam_Developement/DATA_ENGINEERING/data_engineering_project/batch-etl-pyspark/.venv/lib/python3.12/site-packages/airflow/example_dags/example_short_circuit_operator.py
[2025-07-17T17:54:49.697+0000] {logging_mixin.py:188} INFO - [2025-07-17T17:54:49.695+0000] {dag.py:3096} INFO - Sync 1 DAGs
[2025-07-17T17:54:49.743+0000] {logging_mixin.py:188} INFO - [2025-07-17T17:54:49.741+0000] {dag.py:3954} INFO - Setting next_dagrun for example_short_circuit_operator to 2025-07-16 00:00:00+00:00, run_after=2025-07-17 00:00:00+00:00
[2025-07-17T17:54:49.850+0000] {processor.py:183} INFO - Processing /mnt/c/Users/Shivam Gupta/OneDrive/Documents/Shivam_Developement/DATA_ENGINEERING/data_engineering_project/batch-etl-pyspark/.venv/lib/python3.12/site-packages/airflow/example_dags/example_short_circuit_operator.py took 0.278 seconds
[2025-07-17T17:56:54.458+0000] {processor.py:161} INFO - Started process (PID=3447) to work on /mnt/c/Users/Shivam Gupta/OneDrive/Documents/Shivam_Developement/DATA_ENGINEERING/data_engineering_project/batch-etl-pyspark/.venv/lib/python3.12/site-packages/airflow/example_dags/example_short_circuit_operator.py
[2025-07-17T17:56:54.465+0000] {processor.py:830} INFO - Processing file /mnt/c/Users/Shivam Gupta/OneDrive/Documents/Shivam_Developement/DATA_ENGINEERING/data_engineering_project/batch-etl-pyspark/.venv/lib/python3.12/site-packages/airflow/example_dags/example_short_circuit_operator.py for tasks to queue
[2025-07-17T17:56:54.475+0000] {logging_mixin.py:188} INFO - [2025-07-17T17:56:54.471+0000] {dagbag.py:545} INFO - Filling up the DagBag from /mnt/c/Users/Shivam Gupta/OneDrive/Documents/Shivam_Developement/DATA_ENGINEERING/data_engineering_project/batch-etl-pyspark/.venv/lib/python3.12/site-packages/airflow/example_dags/example_short_circuit_operator.py
[2025-07-17T17:56:54.576+0000] {processor.py:840} INFO - DAG(s) 'example_short_circuit_operator' retrieved from /mnt/c/Users/Shivam Gupta/OneDrive/Documents/Shivam_Developement/DATA_ENGINEERING/data_engineering_project/batch-etl-pyspark/.venv/lib/python3.12/site-packages/airflow/example_dags/example_short_circuit_operator.py
[2025-07-17T17:56:54.630+0000] {logging_mixin.py:188} INFO - [2025-07-17T17:56:54.628+0000] {dag.py:3096} INFO - Sync 1 DAGs
[2025-07-17T17:56:54.676+0000] {logging_mixin.py:188} INFO - [2025-07-17T17:56:54.674+0000] {dag.py:3954} INFO - Setting next_dagrun for example_short_circuit_operator to 2025-07-16 00:00:00+00:00, run_after=2025-07-17 00:00:00+00:00
[2025-07-17T17:56:54.811+0000] {processor.py:183} INFO - Processing /mnt/c/Users/Shivam Gupta/OneDrive/Documents/Shivam_Developement/DATA_ENGINEERING/data_engineering_project/batch-etl-pyspark/.venv/lib/python3.12/site-packages/airflow/example_dags/example_short_circuit_operator.py took 0.373 seconds
[2025-07-17T17:58:56.492+0000] {processor.py:161} INFO - Started process (PID=3547) to work on /mnt/c/Users/Shivam Gupta/OneDrive/Documents/Shivam_Developement/DATA_ENGINEERING/data_engineering_project/batch-etl-pyspark/.venv/lib/python3.12/site-packages/airflow/example_dags/example_short_circuit_operator.py
[2025-07-17T17:58:56.495+0000] {processor.py:830} INFO - Processing file /mnt/c/Users/Shivam Gupta/OneDrive/Documents/Shivam_Developement/DATA_ENGINEERING/data_engineering_project/batch-etl-pyspark/.venv/lib/python3.12/site-packages/airflow/example_dags/example_short_circuit_operator.py for tasks to queue
[2025-07-17T17:58:56.499+0000] {logging_mixin.py:188} INFO - [2025-07-17T17:58:56.497+0000] {dagbag.py:545} INFO - Filling up the DagBag from /mnt/c/Users/Shivam Gupta/OneDrive/Documents/Shivam_Developement/DATA_ENGINEERING/data_engineering_project/batch-etl-pyspark/.venv/lib/python3.12/site-packages/airflow/example_dags/example_short_circuit_operator.py
[2025-07-17T17:58:56.541+0000] {processor.py:840} INFO - DAG(s) 'example_short_circuit_operator' retrieved from /mnt/c/Users/Shivam Gupta/OneDrive/Documents/Shivam_Developement/DATA_ENGINEERING/data_engineering_project/batch-etl-pyspark/.venv/lib/python3.12/site-packages/airflow/example_dags/example_short_circuit_operator.py
[2025-07-17T17:58:56.608+0000] {logging_mixin.py:188} INFO - [2025-07-17T17:58:56.605+0000] {dag.py:3096} INFO - Sync 1 DAGs
[2025-07-17T17:58:56.667+0000] {logging_mixin.py:188} INFO - [2025-07-17T17:58:56.665+0000] {dag.py:3954} INFO - Setting next_dagrun for example_short_circuit_operator to 2025-07-16 00:00:00+00:00, run_after=2025-07-17 00:00:00+00:00
[2025-07-17T17:58:56.801+0000] {processor.py:183} INFO - Processing /mnt/c/Users/Shivam Gupta/OneDrive/Documents/Shivam_Developement/DATA_ENGINEERING/data_engineering_project/batch-etl-pyspark/.venv/lib/python3.12/site-packages/airflow/example_dags/example_short_circuit_operator.py took 0.328 seconds
[2025-07-17T18:01:08.331+0000] {processor.py:161} INFO - Started process (PID=3652) to work on /mnt/c/Users/Shivam Gupta/OneDrive/Documents/Shivam_Developement/DATA_ENGINEERING/data_engineering_project/batch-etl-pyspark/.venv/lib/python3.12/site-packages/airflow/example_dags/example_short_circuit_operator.py
[2025-07-17T18:01:08.335+0000] {processor.py:830} INFO - Processing file /mnt/c/Users/Shivam Gupta/OneDrive/Documents/Shivam_Developement/DATA_ENGINEERING/data_engineering_project/batch-etl-pyspark/.venv/lib/python3.12/site-packages/airflow/example_dags/example_short_circuit_operator.py for tasks to queue
[2025-07-17T18:01:08.339+0000] {logging_mixin.py:188} INFO - [2025-07-17T18:01:08.337+0000] {dagbag.py:545} INFO - Filling up the DagBag from /mnt/c/Users/Shivam Gupta/OneDrive/Documents/Shivam_Developement/DATA_ENGINEERING/data_engineering_project/batch-etl-pyspark/.venv/lib/python3.12/site-packages/airflow/example_dags/example_short_circuit_operator.py
[2025-07-17T18:01:08.388+0000] {processor.py:840} INFO - DAG(s) 'example_short_circuit_operator' retrieved from /mnt/c/Users/Shivam Gupta/OneDrive/Documents/Shivam_Developement/DATA_ENGINEERING/data_engineering_project/batch-etl-pyspark/.venv/lib/python3.12/site-packages/airflow/example_dags/example_short_circuit_operator.py
[2025-07-17T18:01:08.440+0000] {logging_mixin.py:188} INFO - [2025-07-17T18:01:08.438+0000] {dag.py:3096} INFO - Sync 1 DAGs
[2025-07-17T18:01:08.486+0000] {logging_mixin.py:188} INFO - [2025-07-17T18:01:08.484+0000] {dag.py:3954} INFO - Setting next_dagrun for example_short_circuit_operator to 2025-07-16 00:00:00+00:00, run_after=2025-07-17 00:00:00+00:00
[2025-07-17T18:01:08.605+0000] {processor.py:183} INFO - Processing /mnt/c/Users/Shivam Gupta/OneDrive/Documents/Shivam_Developement/DATA_ENGINEERING/data_engineering_project/batch-etl-pyspark/.venv/lib/python3.12/site-packages/airflow/example_dags/example_short_circuit_operator.py took 0.305 seconds
[2025-07-17T18:03:07.607+0000] {processor.py:161} INFO - Started process (PID=3755) to work on /mnt/c/Users/Shivam Gupta/OneDrive/Documents/Shivam_Developement/DATA_ENGINEERING/data_engineering_project/batch-etl-pyspark/.venv/lib/python3.12/site-packages/airflow/example_dags/example_short_circuit_operator.py
[2025-07-17T18:03:07.609+0000] {processor.py:830} INFO - Processing file /mnt/c/Users/Shivam Gupta/OneDrive/Documents/Shivam_Developement/DATA_ENGINEERING/data_engineering_project/batch-etl-pyspark/.venv/lib/python3.12/site-packages/airflow/example_dags/example_short_circuit_operator.py for tasks to queue
[2025-07-17T18:03:07.611+0000] {logging_mixin.py:188} INFO - [2025-07-17T18:03:07.610+0000] {dagbag.py:545} INFO - Filling up the DagBag from /mnt/c/Users/Shivam Gupta/OneDrive/Documents/Shivam_Developement/DATA_ENGINEERING/data_engineering_project/batch-etl-pyspark/.venv/lib/python3.12/site-packages/airflow/example_dags/example_short_circuit_operator.py
[2025-07-17T18:03:07.639+0000] {processor.py:840} INFO - DAG(s) 'example_short_circuit_operator' retrieved from /mnt/c/Users/Shivam Gupta/OneDrive/Documents/Shivam_Developement/DATA_ENGINEERING/data_engineering_project/batch-etl-pyspark/.venv/lib/python3.12/site-packages/airflow/example_dags/example_short_circuit_operator.py
[2025-07-17T18:03:07.681+0000] {logging_mixin.py:188} INFO - [2025-07-17T18:03:07.679+0000] {dag.py:3096} INFO - Sync 1 DAGs
[2025-07-17T18:03:07.778+0000] {logging_mixin.py:188} INFO - [2025-07-17T18:03:07.775+0000] {dag.py:3954} INFO - Setting next_dagrun for example_short_circuit_operator to 2025-07-16 00:00:00+00:00, run_after=2025-07-17 00:00:00+00:00
[2025-07-17T18:03:07.958+0000] {processor.py:183} INFO - Processing /mnt/c/Users/Shivam Gupta/OneDrive/Documents/Shivam_Developement/DATA_ENGINEERING/data_engineering_project/batch-etl-pyspark/.venv/lib/python3.12/site-packages/airflow/example_dags/example_short_circuit_operator.py took 0.368 seconds
[2025-07-17T18:05:10.102+0000] {processor.py:161} INFO - Started process (PID=3858) to work on /mnt/c/Users/Shivam Gupta/OneDrive/Documents/Shivam_Developement/DATA_ENGINEERING/data_engineering_project/batch-etl-pyspark/.venv/lib/python3.12/site-packages/airflow/example_dags/example_short_circuit_operator.py
[2025-07-17T18:05:10.104+0000] {processor.py:830} INFO - Processing file /mnt/c/Users/Shivam Gupta/OneDrive/Documents/Shivam_Developement/DATA_ENGINEERING/data_engineering_project/batch-etl-pyspark/.venv/lib/python3.12/site-packages/airflow/example_dags/example_short_circuit_operator.py for tasks to queue
[2025-07-17T18:05:10.108+0000] {logging_mixin.py:188} INFO - [2025-07-17T18:05:10.106+0000] {dagbag.py:545} INFO - Filling up the DagBag from /mnt/c/Users/Shivam Gupta/OneDrive/Documents/Shivam_Developement/DATA_ENGINEERING/data_engineering_project/batch-etl-pyspark/.venv/lib/python3.12/site-packages/airflow/example_dags/example_short_circuit_operator.py
[2025-07-17T18:05:10.128+0000] {processor.py:840} INFO - DAG(s) 'example_short_circuit_operator' retrieved from /mnt/c/Users/Shivam Gupta/OneDrive/Documents/Shivam_Developement/DATA_ENGINEERING/data_engineering_project/batch-etl-pyspark/.venv/lib/python3.12/site-packages/airflow/example_dags/example_short_circuit_operator.py
[2025-07-17T18:05:10.177+0000] {logging_mixin.py:188} INFO - [2025-07-17T18:05:10.175+0000] {dag.py:3096} INFO - Sync 1 DAGs
[2025-07-17T18:05:10.222+0000] {logging_mixin.py:188} INFO - [2025-07-17T18:05:10.220+0000] {dag.py:3954} INFO - Setting next_dagrun for example_short_circuit_operator to 2025-07-16 00:00:00+00:00, run_after=2025-07-17 00:00:00+00:00
[2025-07-17T18:05:10.322+0000] {processor.py:183} INFO - Processing /mnt/c/Users/Shivam Gupta/OneDrive/Documents/Shivam_Developement/DATA_ENGINEERING/data_engineering_project/batch-etl-pyspark/.venv/lib/python3.12/site-packages/airflow/example_dags/example_short_circuit_operator.py took 0.240 seconds
[2025-07-17T18:07:15.272+0000] {processor.py:161} INFO - Started process (PID=3959) to work on /mnt/c/Users/Shivam Gupta/OneDrive/Documents/Shivam_Developement/DATA_ENGINEERING/data_engineering_project/batch-etl-pyspark/.venv/lib/python3.12/site-packages/airflow/example_dags/example_short_circuit_operator.py
[2025-07-17T18:07:15.274+0000] {processor.py:830} INFO - Processing file /mnt/c/Users/Shivam Gupta/OneDrive/Documents/Shivam_Developement/DATA_ENGINEERING/data_engineering_project/batch-etl-pyspark/.venv/lib/python3.12/site-packages/airflow/example_dags/example_short_circuit_operator.py for tasks to queue
[2025-07-17T18:07:15.277+0000] {logging_mixin.py:188} INFO - [2025-07-17T18:07:15.275+0000] {dagbag.py:545} INFO - Filling up the DagBag from /mnt/c/Users/Shivam Gupta/OneDrive/Documents/Shivam_Developement/DATA_ENGINEERING/data_engineering_project/batch-etl-pyspark/.venv/lib/python3.12/site-packages/airflow/example_dags/example_short_circuit_operator.py
[2025-07-17T18:07:15.333+0000] {processor.py:840} INFO - DAG(s) 'example_short_circuit_operator' retrieved from /mnt/c/Users/Shivam Gupta/OneDrive/Documents/Shivam_Developement/DATA_ENGINEERING/data_engineering_project/batch-etl-pyspark/.venv/lib/python3.12/site-packages/airflow/example_dags/example_short_circuit_operator.py
[2025-07-17T18:07:15.379+0000] {logging_mixin.py:188} INFO - [2025-07-17T18:07:15.378+0000] {dag.py:3096} INFO - Sync 1 DAGs
[2025-07-17T18:07:15.418+0000] {logging_mixin.py:188} INFO - [2025-07-17T18:07:15.416+0000] {dag.py:3954} INFO - Setting next_dagrun for example_short_circuit_operator to 2025-07-16 00:00:00+00:00, run_after=2025-07-17 00:00:00+00:00
[2025-07-17T18:07:15.524+0000] {processor.py:183} INFO - Processing /mnt/c/Users/Shivam Gupta/OneDrive/Documents/Shivam_Developement/DATA_ENGINEERING/data_engineering_project/batch-etl-pyspark/.venv/lib/python3.12/site-packages/airflow/example_dags/example_short_circuit_operator.py took 0.270 seconds
[2025-07-17T18:09:28.211+0000] {processor.py:161} INFO - Started process (PID=4062) to work on /mnt/c/Users/Shivam Gupta/OneDrive/Documents/Shivam_Developement/DATA_ENGINEERING/data_engineering_project/batch-etl-pyspark/.venv/lib/python3.12/site-packages/airflow/example_dags/example_short_circuit_operator.py
[2025-07-17T18:09:28.214+0000] {processor.py:830} INFO - Processing file /mnt/c/Users/Shivam Gupta/OneDrive/Documents/Shivam_Developement/DATA_ENGINEERING/data_engineering_project/batch-etl-pyspark/.venv/lib/python3.12/site-packages/airflow/example_dags/example_short_circuit_operator.py for tasks to queue
[2025-07-17T18:09:28.217+0000] {logging_mixin.py:188} INFO - [2025-07-17T18:09:28.216+0000] {dagbag.py:545} INFO - Filling up the DagBag from /mnt/c/Users/Shivam Gupta/OneDrive/Documents/Shivam_Developement/DATA_ENGINEERING/data_engineering_project/batch-etl-pyspark/.venv/lib/python3.12/site-packages/airflow/example_dags/example_short_circuit_operator.py
[2025-07-17T18:09:28.251+0000] {processor.py:840} INFO - DAG(s) 'example_short_circuit_operator' retrieved from /mnt/c/Users/Shivam Gupta/OneDrive/Documents/Shivam_Developement/DATA_ENGINEERING/data_engineering_project/batch-etl-pyspark/.venv/lib/python3.12/site-packages/airflow/example_dags/example_short_circuit_operator.py
[2025-07-17T18:09:28.294+0000] {logging_mixin.py:188} INFO - [2025-07-17T18:09:28.293+0000] {dag.py:3096} INFO - Sync 1 DAGs
[2025-07-17T18:09:28.375+0000] {logging_mixin.py:188} INFO - [2025-07-17T18:09:28.369+0000] {dag.py:3954} INFO - Setting next_dagrun for example_short_circuit_operator to 2025-07-16 00:00:00+00:00, run_after=2025-07-17 00:00:00+00:00
[2025-07-17T18:09:28.482+0000] {processor.py:183} INFO - Processing /mnt/c/Users/Shivam Gupta/OneDrive/Documents/Shivam_Developement/DATA_ENGINEERING/data_engineering_project/batch-etl-pyspark/.venv/lib/python3.12/site-packages/airflow/example_dags/example_short_circuit_operator.py took 0.292 seconds
[2025-07-17T18:11:34.489+0000] {processor.py:161} INFO - Started process (PID=4166) to work on /mnt/c/Users/Shivam Gupta/OneDrive/Documents/Shivam_Developement/DATA_ENGINEERING/data_engineering_project/batch-etl-pyspark/.venv/lib/python3.12/site-packages/airflow/example_dags/example_short_circuit_operator.py
[2025-07-17T18:11:34.493+0000] {processor.py:830} INFO - Processing file /mnt/c/Users/Shivam Gupta/OneDrive/Documents/Shivam_Developement/DATA_ENGINEERING/data_engineering_project/batch-etl-pyspark/.venv/lib/python3.12/site-packages/airflow/example_dags/example_short_circuit_operator.py for tasks to queue
[2025-07-17T18:11:34.498+0000] {logging_mixin.py:188} INFO - [2025-07-17T18:11:34.496+0000] {dagbag.py:545} INFO - Filling up the DagBag from /mnt/c/Users/Shivam Gupta/OneDrive/Documents/Shivam_Developement/DATA_ENGINEERING/data_engineering_project/batch-etl-pyspark/.venv/lib/python3.12/site-packages/airflow/example_dags/example_short_circuit_operator.py
[2025-07-17T18:11:34.534+0000] {processor.py:840} INFO - DAG(s) 'example_short_circuit_operator' retrieved from /mnt/c/Users/Shivam Gupta/OneDrive/Documents/Shivam_Developement/DATA_ENGINEERING/data_engineering_project/batch-etl-pyspark/.venv/lib/python3.12/site-packages/airflow/example_dags/example_short_circuit_operator.py
[2025-07-17T18:11:34.582+0000] {logging_mixin.py:188} INFO - [2025-07-17T18:11:34.581+0000] {dag.py:3096} INFO - Sync 1 DAGs
[2025-07-17T18:11:34.621+0000] {logging_mixin.py:188} INFO - [2025-07-17T18:11:34.620+0000] {dag.py:3954} INFO - Setting next_dagrun for example_short_circuit_operator to 2025-07-16 00:00:00+00:00, run_after=2025-07-17 00:00:00+00:00
[2025-07-17T18:11:34.727+0000] {processor.py:183} INFO - Processing /mnt/c/Users/Shivam Gupta/OneDrive/Documents/Shivam_Developement/DATA_ENGINEERING/data_engineering_project/batch-etl-pyspark/.venv/lib/python3.12/site-packages/airflow/example_dags/example_short_circuit_operator.py took 0.260 seconds
[2025-07-17T18:13:42.978+0000] {processor.py:161} INFO - Started process (PID=4269) to work on /mnt/c/Users/Shivam Gupta/OneDrive/Documents/Shivam_Developement/DATA_ENGINEERING/data_engineering_project/batch-etl-pyspark/.venv/lib/python3.12/site-packages/airflow/example_dags/example_short_circuit_operator.py
[2025-07-17T18:13:42.982+0000] {processor.py:830} INFO - Processing file /mnt/c/Users/Shivam Gupta/OneDrive/Documents/Shivam_Developement/DATA_ENGINEERING/data_engineering_project/batch-etl-pyspark/.venv/lib/python3.12/site-packages/airflow/example_dags/example_short_circuit_operator.py for tasks to queue
[2025-07-17T18:13:42.987+0000] {logging_mixin.py:188} INFO - [2025-07-17T18:13:42.985+0000] {dagbag.py:545} INFO - Filling up the DagBag from /mnt/c/Users/Shivam Gupta/OneDrive/Documents/Shivam_Developement/DATA_ENGINEERING/data_engineering_project/batch-etl-pyspark/.venv/lib/python3.12/site-packages/airflow/example_dags/example_short_circuit_operator.py
[2025-07-17T18:13:43.034+0000] {processor.py:840} INFO - DAG(s) 'example_short_circuit_operator' retrieved from /mnt/c/Users/Shivam Gupta/OneDrive/Documents/Shivam_Developement/DATA_ENGINEERING/data_engineering_project/batch-etl-pyspark/.venv/lib/python3.12/site-packages/airflow/example_dags/example_short_circuit_operator.py
[2025-07-17T18:13:43.081+0000] {logging_mixin.py:188} INFO - [2025-07-17T18:13:43.080+0000] {dag.py:3096} INFO - Sync 1 DAGs
[2025-07-17T18:13:43.116+0000] {logging_mixin.py:188} INFO - [2025-07-17T18:13:43.114+0000] {dag.py:3954} INFO - Setting next_dagrun for example_short_circuit_operator to 2025-07-16 00:00:00+00:00, run_after=2025-07-17 00:00:00+00:00
[2025-07-17T18:13:43.198+0000] {processor.py:183} INFO - Processing /mnt/c/Users/Shivam Gupta/OneDrive/Documents/Shivam_Developement/DATA_ENGINEERING/data_engineering_project/batch-etl-pyspark/.venv/lib/python3.12/site-packages/airflow/example_dags/example_short_circuit_operator.py took 0.249 seconds
