[2025-07-17T17:12:32.005+0000] {processor.py:161} INFO - Started process (PID=1915) to work on /mnt/c/Users/Shivam Gupta/OneDrive/Documents/Shivam_Developement/DATA_ENGINEERING/data_engineering_project/batch-etl-pyspark/.venv/lib/python3.12/site-packages/airflow/example_dags/example_task_group_decorator.py
[2025-07-17T17:12:32.027+0000] {processor.py:830} INFO - Processing file /mnt/c/Users/Shivam Gupta/OneDrive/Documents/Shivam_Developement/DATA_ENGINEERING/data_engineering_project/batch-etl-pyspark/.venv/lib/python3.12/site-packages/airflow/example_dags/example_task_group_decorator.py for tasks to queue
[2025-07-17T17:12:32.041+0000] {logging_mixin.py:188} INFO - [2025-07-17T17:12:32.038+0000] {dagbag.py:545} INFO - Filling up the DagBag from /mnt/c/Users/Shivam Gupta/OneDrive/Documents/Shivam_Developement/DATA_ENGINEERING/data_engineering_project/batch-etl-pyspark/.venv/lib/python3.12/site-packages/airflow/example_dags/example_task_group_decorator.py
[2025-07-17T17:12:32.343+0000] {processor.py:840} INFO - DAG(s) 'example_task_group_decorator' retrieved from /mnt/c/Users/Shivam Gupta/OneDrive/Documents/Shivam_Developement/DATA_ENGINEERING/data_engineering_project/batch-etl-pyspark/.venv/lib/python3.12/site-packages/airflow/example_dags/example_task_group_decorator.py
[2025-07-17T17:12:41.075+0000] {logging_mixin.py:188} INFO - [2025-07-17T17:12:41.074+0000] {dag.py:3096} INFO - Sync 1 DAGs
[2025-07-17T17:12:41.227+0000] {logging_mixin.py:188} INFO - [2025-07-17T17:12:41.226+0000] {dag.py:3954} INFO - Setting next_dagrun for example_task_group_decorator to 2025-07-16 00:00:00+00:00, run_after=2025-07-17 00:00:00+00:00
[2025-07-17T17:12:42.053+0000] {processor.py:183} INFO - Processing /mnt/c/Users/Shivam Gupta/OneDrive/Documents/Shivam_Developement/DATA_ENGINEERING/data_engineering_project/batch-etl-pyspark/.venv/lib/python3.12/site-packages/airflow/example_dags/example_task_group_decorator.py took 10.202 seconds
[2025-07-17T17:18:40.914+0000] {processor.py:161} INFO - Started process (PID=2021) to work on /mnt/c/Users/Shivam Gupta/OneDrive/Documents/Shivam_Developement/DATA_ENGINEERING/data_engineering_project/batch-etl-pyspark/.venv/lib/python3.12/site-packages/airflow/example_dags/example_task_group_decorator.py
[2025-07-17T17:18:40.918+0000] {processor.py:830} INFO - Processing file /mnt/c/Users/Shivam Gupta/OneDrive/Documents/Shivam_Developement/DATA_ENGINEERING/data_engineering_project/batch-etl-pyspark/.venv/lib/python3.12/site-packages/airflow/example_dags/example_task_group_decorator.py for tasks to queue
[2025-07-17T17:18:40.928+0000] {logging_mixin.py:188} INFO - [2025-07-17T17:18:40.925+0000] {dagbag.py:545} INFO - Filling up the DagBag from /mnt/c/Users/Shivam Gupta/OneDrive/Documents/Shivam_Developement/DATA_ENGINEERING/data_engineering_project/batch-etl-pyspark/.venv/lib/python3.12/site-packages/airflow/example_dags/example_task_group_decorator.py
[2025-07-17T17:18:40.997+0000] {processor.py:840} INFO - DAG(s) 'example_task_group_decorator' retrieved from /mnt/c/Users/Shivam Gupta/OneDrive/Documents/Shivam_Developement/DATA_ENGINEERING/data_engineering_project/batch-etl-pyspark/.venv/lib/python3.12/site-packages/airflow/example_dags/example_task_group_decorator.py
[2025-07-17T17:18:41.072+0000] {logging_mixin.py:188} INFO - [2025-07-17T17:18:41.069+0000] {dag.py:3096} INFO - Sync 1 DAGs
[2025-07-17T17:18:41.122+0000] {logging_mixin.py:188} INFO - [2025-07-17T17:18:41.120+0000] {dag.py:3954} INFO - Setting next_dagrun for example_task_group_decorator to 2025-07-16 00:00:00+00:00, run_after=2025-07-17 00:00:00+00:00
[2025-07-17T17:18:41.240+0000] {processor.py:183} INFO - Processing /mnt/c/Users/Shivam Gupta/OneDrive/Documents/Shivam_Developement/DATA_ENGINEERING/data_engineering_project/batch-etl-pyspark/.venv/lib/python3.12/site-packages/airflow/example_dags/example_task_group_decorator.py took 0.355 seconds
[2025-07-17T17:21:08.796+0000] {processor.py:161} INFO - Started process (PID=2092) to work on /mnt/c/Users/Shivam Gupta/OneDrive/Documents/Shivam_Developement/DATA_ENGINEERING/data_engineering_project/batch-etl-pyspark/.venv/lib/python3.12/site-packages/airflow/example_dags/example_task_group_decorator.py
[2025-07-17T17:21:08.800+0000] {processor.py:830} INFO - Processing file /mnt/c/Users/Shivam Gupta/OneDrive/Documents/Shivam_Developement/DATA_ENGINEERING/data_engineering_project/batch-etl-pyspark/.venv/lib/python3.12/site-packages/airflow/example_dags/example_task_group_decorator.py for tasks to queue
[2025-07-17T17:21:08.807+0000] {logging_mixin.py:188} INFO - [2025-07-17T17:21:08.805+0000] {dagbag.py:545} INFO - Filling up the DagBag from /mnt/c/Users/Shivam Gupta/OneDrive/Documents/Shivam_Developement/DATA_ENGINEERING/data_engineering_project/batch-etl-pyspark/.venv/lib/python3.12/site-packages/airflow/example_dags/example_task_group_decorator.py
[2025-07-17T17:21:08.862+0000] {processor.py:840} INFO - DAG(s) 'example_task_group_decorator' retrieved from /mnt/c/Users/Shivam Gupta/OneDrive/Documents/Shivam_Developement/DATA_ENGINEERING/data_engineering_project/batch-etl-pyspark/.venv/lib/python3.12/site-packages/airflow/example_dags/example_task_group_decorator.py
[2025-07-17T17:21:09.054+0000] {logging_mixin.py:188} INFO - [2025-07-17T17:21:09.052+0000] {dag.py:3096} INFO - Sync 1 DAGs
[2025-07-17T17:21:09.111+0000] {logging_mixin.py:188} INFO - [2025-07-17T17:21:09.109+0000] {dag.py:3954} INFO - Setting next_dagrun for example_task_group_decorator to 2025-07-16 00:00:00+00:00, run_after=2025-07-17 00:00:00+00:00
[2025-07-17T17:21:09.232+0000] {processor.py:183} INFO - Processing /mnt/c/Users/Shivam Gupta/OneDrive/Documents/Shivam_Developement/DATA_ENGINEERING/data_engineering_project/batch-etl-pyspark/.venv/lib/python3.12/site-packages/airflow/example_dags/example_task_group_decorator.py took 0.464 seconds
[2025-07-17T17:22:57.920+0000] {processor.py:161} INFO - Started process (PID=2168) to work on /mnt/c/Users/Shivam Gupta/OneDrive/Documents/Shivam_Developement/DATA_ENGINEERING/data_engineering_project/batch-etl-pyspark/.venv/lib/python3.12/site-packages/airflow/example_dags/example_task_group_decorator.py
[2025-07-17T17:22:57.924+0000] {processor.py:830} INFO - Processing file /mnt/c/Users/Shivam Gupta/OneDrive/Documents/Shivam_Developement/DATA_ENGINEERING/data_engineering_project/batch-etl-pyspark/.venv/lib/python3.12/site-packages/airflow/example_dags/example_task_group_decorator.py for tasks to queue
[2025-07-17T17:22:57.928+0000] {logging_mixin.py:188} INFO - [2025-07-17T17:22:57.927+0000] {dagbag.py:545} INFO - Filling up the DagBag from /mnt/c/Users/Shivam Gupta/OneDrive/Documents/Shivam_Developement/DATA_ENGINEERING/data_engineering_project/batch-etl-pyspark/.venv/lib/python3.12/site-packages/airflow/example_dags/example_task_group_decorator.py
[2025-07-17T17:22:58.047+0000] {processor.py:840} INFO - DAG(s) 'example_task_group_decorator' retrieved from /mnt/c/Users/Shivam Gupta/OneDrive/Documents/Shivam_Developement/DATA_ENGINEERING/data_engineering_project/batch-etl-pyspark/.venv/lib/python3.12/site-packages/airflow/example_dags/example_task_group_decorator.py
[2025-07-17T17:22:58.179+0000] {logging_mixin.py:188} INFO - [2025-07-17T17:22:58.176+0000] {dag.py:3096} INFO - Sync 1 DAGs
[2025-07-17T17:22:58.298+0000] {logging_mixin.py:188} INFO - [2025-07-17T17:22:58.297+0000] {dag.py:3954} INFO - Setting next_dagrun for example_task_group_decorator to 2025-07-16 00:00:00+00:00, run_after=2025-07-17 00:00:00+00:00
[2025-07-17T17:22:58.664+0000] {processor.py:183} INFO - Processing /mnt/c/Users/Shivam Gupta/OneDrive/Documents/Shivam_Developement/DATA_ENGINEERING/data_engineering_project/batch-etl-pyspark/.venv/lib/python3.12/site-packages/airflow/example_dags/example_task_group_decorator.py took 0.882 seconds
[2025-07-17T17:24:52.551+0000] {processor.py:161} INFO - Started process (PID=2237) to work on /mnt/c/Users/Shivam Gupta/OneDrive/Documents/Shivam_Developement/DATA_ENGINEERING/data_engineering_project/batch-etl-pyspark/.venv/lib/python3.12/site-packages/airflow/example_dags/example_task_group_decorator.py
[2025-07-17T17:24:52.604+0000] {processor.py:830} INFO - Processing file /mnt/c/Users/Shivam Gupta/OneDrive/Documents/Shivam_Developement/DATA_ENGINEERING/data_engineering_project/batch-etl-pyspark/.venv/lib/python3.12/site-packages/airflow/example_dags/example_task_group_decorator.py for tasks to queue
[2025-07-17T17:24:52.694+0000] {logging_mixin.py:188} INFO - [2025-07-17T17:24:52.654+0000] {dagbag.py:545} INFO - Filling up the DagBag from /mnt/c/Users/Shivam Gupta/OneDrive/Documents/Shivam_Developement/DATA_ENGINEERING/data_engineering_project/batch-etl-pyspark/.venv/lib/python3.12/site-packages/airflow/example_dags/example_task_group_decorator.py
[2025-07-17T17:24:53.152+0000] {processor.py:840} INFO - DAG(s) 'example_task_group_decorator' retrieved from /mnt/c/Users/Shivam Gupta/OneDrive/Documents/Shivam_Developement/DATA_ENGINEERING/data_engineering_project/batch-etl-pyspark/.venv/lib/python3.12/site-packages/airflow/example_dags/example_task_group_decorator.py
[2025-07-17T17:24:53.548+0000] {logging_mixin.py:188} INFO - [2025-07-17T17:24:53.547+0000] {dag.py:3096} INFO - Sync 1 DAGs
[2025-07-17T17:24:53.682+0000] {logging_mixin.py:188} INFO - [2025-07-17T17:24:53.678+0000] {dag.py:3954} INFO - Setting next_dagrun for example_task_group_decorator to 2025-07-16 00:00:00+00:00, run_after=2025-07-17 00:00:00+00:00
[2025-07-17T17:24:53.861+0000] {processor.py:183} INFO - Processing /mnt/c/Users/Shivam Gupta/OneDrive/Documents/Shivam_Developement/DATA_ENGINEERING/data_engineering_project/batch-etl-pyspark/.venv/lib/python3.12/site-packages/airflow/example_dags/example_task_group_decorator.py took 1.324 seconds
[2025-07-17T17:26:55.293+0000] {processor.py:161} INFO - Started process (PID=2309) to work on /mnt/c/Users/Shivam Gupta/OneDrive/Documents/Shivam_Developement/DATA_ENGINEERING/data_engineering_project/batch-etl-pyspark/.venv/lib/python3.12/site-packages/airflow/example_dags/example_task_group_decorator.py
[2025-07-17T17:26:55.298+0000] {processor.py:830} INFO - Processing file /mnt/c/Users/Shivam Gupta/OneDrive/Documents/Shivam_Developement/DATA_ENGINEERING/data_engineering_project/batch-etl-pyspark/.venv/lib/python3.12/site-packages/airflow/example_dags/example_task_group_decorator.py for tasks to queue
[2025-07-17T17:26:55.302+0000] {logging_mixin.py:188} INFO - [2025-07-17T17:26:55.301+0000] {dagbag.py:545} INFO - Filling up the DagBag from /mnt/c/Users/Shivam Gupta/OneDrive/Documents/Shivam_Developement/DATA_ENGINEERING/data_engineering_project/batch-etl-pyspark/.venv/lib/python3.12/site-packages/airflow/example_dags/example_task_group_decorator.py
[2025-07-17T17:26:55.574+0000] {processor.py:840} INFO - DAG(s) 'example_task_group_decorator' retrieved from /mnt/c/Users/Shivam Gupta/OneDrive/Documents/Shivam_Developement/DATA_ENGINEERING/data_engineering_project/batch-etl-pyspark/.venv/lib/python3.12/site-packages/airflow/example_dags/example_task_group_decorator.py
[2025-07-17T17:26:55.931+0000] {logging_mixin.py:188} INFO - [2025-07-17T17:26:55.915+0000] {dag.py:3096} INFO - Sync 1 DAGs
[2025-07-17T17:26:56.105+0000] {logging_mixin.py:188} INFO - [2025-07-17T17:26:56.103+0000] {dag.py:3954} INFO - Setting next_dagrun for example_task_group_decorator to 2025-07-16 00:00:00+00:00, run_after=2025-07-17 00:00:00+00:00
[2025-07-17T17:26:56.294+0000] {processor.py:183} INFO - Processing /mnt/c/Users/Shivam Gupta/OneDrive/Documents/Shivam_Developement/DATA_ENGINEERING/data_engineering_project/batch-etl-pyspark/.venv/lib/python3.12/site-packages/airflow/example_dags/example_task_group_decorator.py took 1.189 seconds
[2025-07-17T17:29:06.200+0000] {processor.py:161} INFO - Started process (PID=2376) to work on /mnt/c/Users/Shivam Gupta/OneDrive/Documents/Shivam_Developement/DATA_ENGINEERING/data_engineering_project/batch-etl-pyspark/.venv/lib/python3.12/site-packages/airflow/example_dags/example_task_group_decorator.py
[2025-07-17T17:29:06.205+0000] {processor.py:830} INFO - Processing file /mnt/c/Users/Shivam Gupta/OneDrive/Documents/Shivam_Developement/DATA_ENGINEERING/data_engineering_project/batch-etl-pyspark/.venv/lib/python3.12/site-packages/airflow/example_dags/example_task_group_decorator.py for tasks to queue
[2025-07-17T17:29:06.211+0000] {logging_mixin.py:188} INFO - [2025-07-17T17:29:06.209+0000] {dagbag.py:545} INFO - Filling up the DagBag from /mnt/c/Users/Shivam Gupta/OneDrive/Documents/Shivam_Developement/DATA_ENGINEERING/data_engineering_project/batch-etl-pyspark/.venv/lib/python3.12/site-packages/airflow/example_dags/example_task_group_decorator.py
[2025-07-17T17:29:06.287+0000] {processor.py:840} INFO - DAG(s) 'example_task_group_decorator' retrieved from /mnt/c/Users/Shivam Gupta/OneDrive/Documents/Shivam_Developement/DATA_ENGINEERING/data_engineering_project/batch-etl-pyspark/.venv/lib/python3.12/site-packages/airflow/example_dags/example_task_group_decorator.py
[2025-07-17T17:29:06.360+0000] {logging_mixin.py:188} INFO - [2025-07-17T17:29:06.359+0000] {dag.py:3096} INFO - Sync 1 DAGs
[2025-07-17T17:29:06.422+0000] {logging_mixin.py:188} INFO - [2025-07-17T17:29:06.420+0000] {dag.py:3954} INFO - Setting next_dagrun for example_task_group_decorator to 2025-07-16 00:00:00+00:00, run_after=2025-07-17 00:00:00+00:00
[2025-07-17T17:29:06.761+0000] {processor.py:183} INFO - Processing /mnt/c/Users/Shivam Gupta/OneDrive/Documents/Shivam_Developement/DATA_ENGINEERING/data_engineering_project/batch-etl-pyspark/.venv/lib/python3.12/site-packages/airflow/example_dags/example_task_group_decorator.py took 0.589 seconds
[2025-07-17T17:32:49.702+0000] {processor.py:161} INFO - Started process (PID=2476) to work on /mnt/c/Users/Shivam Gupta/OneDrive/Documents/Shivam_Developement/DATA_ENGINEERING/data_engineering_project/batch-etl-pyspark/.venv/lib/python3.12/site-packages/airflow/example_dags/example_task_group_decorator.py
[2025-07-17T17:32:49.706+0000] {processor.py:830} INFO - Processing file /mnt/c/Users/Shivam Gupta/OneDrive/Documents/Shivam_Developement/DATA_ENGINEERING/data_engineering_project/batch-etl-pyspark/.venv/lib/python3.12/site-packages/airflow/example_dags/example_task_group_decorator.py for tasks to queue
[2025-07-17T17:32:49.712+0000] {logging_mixin.py:188} INFO - [2025-07-17T17:32:49.709+0000] {dagbag.py:545} INFO - Filling up the DagBag from /mnt/c/Users/Shivam Gupta/OneDrive/Documents/Shivam_Developement/DATA_ENGINEERING/data_engineering_project/batch-etl-pyspark/.venv/lib/python3.12/site-packages/airflow/example_dags/example_task_group_decorator.py
[2025-07-17T17:32:50.016+0000] {processor.py:840} INFO - DAG(s) 'example_task_group_decorator' retrieved from /mnt/c/Users/Shivam Gupta/OneDrive/Documents/Shivam_Developement/DATA_ENGINEERING/data_engineering_project/batch-etl-pyspark/.venv/lib/python3.12/site-packages/airflow/example_dags/example_task_group_decorator.py
[2025-07-17T17:32:50.307+0000] {logging_mixin.py:188} INFO - [2025-07-17T17:32:50.304+0000] {dag.py:3096} INFO - Sync 1 DAGs
[2025-07-17T17:32:50.482+0000] {logging_mixin.py:188} INFO - [2025-07-17T17:32:50.480+0000] {dag.py:3954} INFO - Setting next_dagrun for example_task_group_decorator to 2025-07-16 00:00:00+00:00, run_after=2025-07-17 00:00:00+00:00
[2025-07-17T17:32:50.617+0000] {processor.py:183} INFO - Processing /mnt/c/Users/Shivam Gupta/OneDrive/Documents/Shivam_Developement/DATA_ENGINEERING/data_engineering_project/batch-etl-pyspark/.venv/lib/python3.12/site-packages/airflow/example_dags/example_task_group_decorator.py took 0.954 seconds
[2025-07-17T17:34:54.351+0000] {processor.py:161} INFO - Started process (PID=2550) to work on /mnt/c/Users/Shivam Gupta/OneDrive/Documents/Shivam_Developement/DATA_ENGINEERING/data_engineering_project/batch-etl-pyspark/.venv/lib/python3.12/site-packages/airflow/example_dags/example_task_group_decorator.py
[2025-07-17T17:34:54.357+0000] {processor.py:830} INFO - Processing file /mnt/c/Users/Shivam Gupta/OneDrive/Documents/Shivam_Developement/DATA_ENGINEERING/data_engineering_project/batch-etl-pyspark/.venv/lib/python3.12/site-packages/airflow/example_dags/example_task_group_decorator.py for tasks to queue
[2025-07-17T17:34:54.363+0000] {logging_mixin.py:188} INFO - [2025-07-17T17:34:54.361+0000] {dagbag.py:545} INFO - Filling up the DagBag from /mnt/c/Users/Shivam Gupta/OneDrive/Documents/Shivam_Developement/DATA_ENGINEERING/data_engineering_project/batch-etl-pyspark/.venv/lib/python3.12/site-packages/airflow/example_dags/example_task_group_decorator.py
[2025-07-17T17:34:54.427+0000] {processor.py:840} INFO - DAG(s) 'example_task_group_decorator' retrieved from /mnt/c/Users/Shivam Gupta/OneDrive/Documents/Shivam_Developement/DATA_ENGINEERING/data_engineering_project/batch-etl-pyspark/.venv/lib/python3.12/site-packages/airflow/example_dags/example_task_group_decorator.py
[2025-07-17T17:34:54.792+0000] {logging_mixin.py:188} INFO - [2025-07-17T17:34:54.769+0000] {dag.py:3096} INFO - Sync 1 DAGs
[2025-07-17T17:34:54.996+0000] {logging_mixin.py:188} INFO - [2025-07-17T17:34:54.994+0000] {dag.py:3954} INFO - Setting next_dagrun for example_task_group_decorator to 2025-07-16 00:00:00+00:00, run_after=2025-07-17 00:00:00+00:00
[2025-07-17T17:34:55.194+0000] {processor.py:183} INFO - Processing /mnt/c/Users/Shivam Gupta/OneDrive/Documents/Shivam_Developement/DATA_ENGINEERING/data_engineering_project/batch-etl-pyspark/.venv/lib/python3.12/site-packages/airflow/example_dags/example_task_group_decorator.py took 0.869 seconds
[2025-07-17T17:36:51.141+0000] {processor.py:161} INFO - Started process (PID=2618) to work on /mnt/c/Users/Shivam Gupta/OneDrive/Documents/Shivam_Developement/DATA_ENGINEERING/data_engineering_project/batch-etl-pyspark/.venv/lib/python3.12/site-packages/airflow/example_dags/example_task_group_decorator.py
[2025-07-17T17:36:51.146+0000] {processor.py:830} INFO - Processing file /mnt/c/Users/Shivam Gupta/OneDrive/Documents/Shivam_Developement/DATA_ENGINEERING/data_engineering_project/batch-etl-pyspark/.venv/lib/python3.12/site-packages/airflow/example_dags/example_task_group_decorator.py for tasks to queue
[2025-07-17T17:36:51.152+0000] {logging_mixin.py:188} INFO - [2025-07-17T17:36:51.149+0000] {dagbag.py:545} INFO - Filling up the DagBag from /mnt/c/Users/Shivam Gupta/OneDrive/Documents/Shivam_Developement/DATA_ENGINEERING/data_engineering_project/batch-etl-pyspark/.venv/lib/python3.12/site-packages/airflow/example_dags/example_task_group_decorator.py
[2025-07-17T17:36:51.346+0000] {processor.py:840} INFO - DAG(s) 'example_task_group_decorator' retrieved from /mnt/c/Users/Shivam Gupta/OneDrive/Documents/Shivam_Developement/DATA_ENGINEERING/data_engineering_project/batch-etl-pyspark/.venv/lib/python3.12/site-packages/airflow/example_dags/example_task_group_decorator.py
[2025-07-17T17:36:51.465+0000] {logging_mixin.py:188} INFO - [2025-07-17T17:36:51.462+0000] {dag.py:3096} INFO - Sync 1 DAGs
[2025-07-17T17:36:51.525+0000] {logging_mixin.py:188} INFO - [2025-07-17T17:36:51.523+0000] {dag.py:3954} INFO - Setting next_dagrun for example_task_group_decorator to 2025-07-16 00:00:00+00:00, run_after=2025-07-17 00:00:00+00:00
[2025-07-17T17:36:51.672+0000] {processor.py:183} INFO - Processing /mnt/c/Users/Shivam Gupta/OneDrive/Documents/Shivam_Developement/DATA_ENGINEERING/data_engineering_project/batch-etl-pyspark/.venv/lib/python3.12/site-packages/airflow/example_dags/example_task_group_decorator.py took 0.552 seconds
[2025-07-17T17:38:44.100+0000] {processor.py:161} INFO - Started process (PID=2682) to work on /mnt/c/Users/Shivam Gupta/OneDrive/Documents/Shivam_Developement/DATA_ENGINEERING/data_engineering_project/batch-etl-pyspark/.venv/lib/python3.12/site-packages/airflow/example_dags/example_task_group_decorator.py
[2025-07-17T17:38:44.103+0000] {processor.py:830} INFO - Processing file /mnt/c/Users/Shivam Gupta/OneDrive/Documents/Shivam_Developement/DATA_ENGINEERING/data_engineering_project/batch-etl-pyspark/.venv/lib/python3.12/site-packages/airflow/example_dags/example_task_group_decorator.py for tasks to queue
[2025-07-17T17:38:44.109+0000] {logging_mixin.py:188} INFO - [2025-07-17T17:38:44.106+0000] {dagbag.py:545} INFO - Filling up the DagBag from /mnt/c/Users/Shivam Gupta/OneDrive/Documents/Shivam_Developement/DATA_ENGINEERING/data_engineering_project/batch-etl-pyspark/.venv/lib/python3.12/site-packages/airflow/example_dags/example_task_group_decorator.py
[2025-07-17T17:38:44.151+0000] {processor.py:840} INFO - DAG(s) 'example_task_group_decorator' retrieved from /mnt/c/Users/Shivam Gupta/OneDrive/Documents/Shivam_Developement/DATA_ENGINEERING/data_engineering_project/batch-etl-pyspark/.venv/lib/python3.12/site-packages/airflow/example_dags/example_task_group_decorator.py
[2025-07-17T17:38:44.232+0000] {logging_mixin.py:188} INFO - [2025-07-17T17:38:44.229+0000] {dag.py:3096} INFO - Sync 1 DAGs
[2025-07-17T17:38:44.315+0000] {logging_mixin.py:188} INFO - [2025-07-17T17:38:44.311+0000] {dag.py:3954} INFO - Setting next_dagrun for example_task_group_decorator to 2025-07-16 00:00:00+00:00, run_after=2025-07-17 00:00:00+00:00
[2025-07-17T17:38:44.606+0000] {processor.py:183} INFO - Processing /mnt/c/Users/Shivam Gupta/OneDrive/Documents/Shivam_Developement/DATA_ENGINEERING/data_engineering_project/batch-etl-pyspark/.venv/lib/python3.12/site-packages/airflow/example_dags/example_task_group_decorator.py took 0.526 seconds
[2025-07-17T17:40:26.536+0000] {processor.py:161} INFO - Started process (PID=2746) to work on /mnt/c/Users/Shivam Gupta/OneDrive/Documents/Shivam_Developement/DATA_ENGINEERING/data_engineering_project/batch-etl-pyspark/.venv/lib/python3.12/site-packages/airflow/example_dags/example_task_group_decorator.py
[2025-07-17T17:40:26.538+0000] {processor.py:830} INFO - Processing file /mnt/c/Users/Shivam Gupta/OneDrive/Documents/Shivam_Developement/DATA_ENGINEERING/data_engineering_project/batch-etl-pyspark/.venv/lib/python3.12/site-packages/airflow/example_dags/example_task_group_decorator.py for tasks to queue
[2025-07-17T17:40:26.541+0000] {logging_mixin.py:188} INFO - [2025-07-17T17:40:26.540+0000] {dagbag.py:545} INFO - Filling up the DagBag from /mnt/c/Users/Shivam Gupta/OneDrive/Documents/Shivam_Developement/DATA_ENGINEERING/data_engineering_project/batch-etl-pyspark/.venv/lib/python3.12/site-packages/airflow/example_dags/example_task_group_decorator.py
[2025-07-17T17:40:26.569+0000] {processor.py:840} INFO - DAG(s) 'example_task_group_decorator' retrieved from /mnt/c/Users/Shivam Gupta/OneDrive/Documents/Shivam_Developement/DATA_ENGINEERING/data_engineering_project/batch-etl-pyspark/.venv/lib/python3.12/site-packages/airflow/example_dags/example_task_group_decorator.py
[2025-07-17T17:40:26.707+0000] {logging_mixin.py:188} INFO - [2025-07-17T17:40:26.707+0000] {dag.py:3096} INFO - Sync 1 DAGs
[2025-07-17T17:40:26.951+0000] {logging_mixin.py:188} INFO - [2025-07-17T17:40:26.950+0000] {dag.py:3954} INFO - Setting next_dagrun for example_task_group_decorator to 2025-07-16 00:00:00+00:00, run_after=2025-07-17 00:00:00+00:00
[2025-07-17T17:40:27.040+0000] {processor.py:183} INFO - Processing /mnt/c/Users/Shivam Gupta/OneDrive/Documents/Shivam_Developement/DATA_ENGINEERING/data_engineering_project/batch-etl-pyspark/.venv/lib/python3.12/site-packages/airflow/example_dags/example_task_group_decorator.py took 0.625 seconds
[2025-07-17T17:42:09.586+0000] {processor.py:161} INFO - Started process (PID=2802) to work on /mnt/c/Users/Shivam Gupta/OneDrive/Documents/Shivam_Developement/DATA_ENGINEERING/data_engineering_project/batch-etl-pyspark/.venv/lib/python3.12/site-packages/airflow/example_dags/example_task_group_decorator.py
[2025-07-17T17:42:09.590+0000] {processor.py:830} INFO - Processing file /mnt/c/Users/Shivam Gupta/OneDrive/Documents/Shivam_Developement/DATA_ENGINEERING/data_engineering_project/batch-etl-pyspark/.venv/lib/python3.12/site-packages/airflow/example_dags/example_task_group_decorator.py for tasks to queue
[2025-07-17T17:42:09.593+0000] {logging_mixin.py:188} INFO - [2025-07-17T17:42:09.592+0000] {dagbag.py:545} INFO - Filling up the DagBag from /mnt/c/Users/Shivam Gupta/OneDrive/Documents/Shivam_Developement/DATA_ENGINEERING/data_engineering_project/batch-etl-pyspark/.venv/lib/python3.12/site-packages/airflow/example_dags/example_task_group_decorator.py
[2025-07-17T17:42:09.725+0000] {processor.py:840} INFO - DAG(s) 'example_task_group_decorator' retrieved from /mnt/c/Users/Shivam Gupta/OneDrive/Documents/Shivam_Developement/DATA_ENGINEERING/data_engineering_project/batch-etl-pyspark/.venv/lib/python3.12/site-packages/airflow/example_dags/example_task_group_decorator.py
[2025-07-17T17:42:09.924+0000] {logging_mixin.py:188} INFO - [2025-07-17T17:42:09.922+0000] {dag.py:3096} INFO - Sync 1 DAGs
[2025-07-17T17:42:10.272+0000] {logging_mixin.py:188} INFO - [2025-07-17T17:42:10.250+0000] {dag.py:3954} INFO - Setting next_dagrun for example_task_group_decorator to 2025-07-16 00:00:00+00:00, run_after=2025-07-17 00:00:00+00:00
[2025-07-17T17:42:10.519+0000] {processor.py:183} INFO - Processing /mnt/c/Users/Shivam Gupta/OneDrive/Documents/Shivam_Developement/DATA_ENGINEERING/data_engineering_project/batch-etl-pyspark/.venv/lib/python3.12/site-packages/airflow/example_dags/example_task_group_decorator.py took 0.949 seconds
[2025-07-17T17:43:51.561+0000] {processor.py:161} INFO - Started process (PID=2863) to work on /mnt/c/Users/Shivam Gupta/OneDrive/Documents/Shivam_Developement/DATA_ENGINEERING/data_engineering_project/batch-etl-pyspark/.venv/lib/python3.12/site-packages/airflow/example_dags/example_task_group_decorator.py
[2025-07-17T17:43:51.564+0000] {processor.py:830} INFO - Processing file /mnt/c/Users/Shivam Gupta/OneDrive/Documents/Shivam_Developement/DATA_ENGINEERING/data_engineering_project/batch-etl-pyspark/.venv/lib/python3.12/site-packages/airflow/example_dags/example_task_group_decorator.py for tasks to queue
[2025-07-17T17:43:51.568+0000] {logging_mixin.py:188} INFO - [2025-07-17T17:43:51.566+0000] {dagbag.py:545} INFO - Filling up the DagBag from /mnt/c/Users/Shivam Gupta/OneDrive/Documents/Shivam_Developement/DATA_ENGINEERING/data_engineering_project/batch-etl-pyspark/.venv/lib/python3.12/site-packages/airflow/example_dags/example_task_group_decorator.py
[2025-07-17T17:43:51.638+0000] {processor.py:840} INFO - DAG(s) 'example_task_group_decorator' retrieved from /mnt/c/Users/Shivam Gupta/OneDrive/Documents/Shivam_Developement/DATA_ENGINEERING/data_engineering_project/batch-etl-pyspark/.venv/lib/python3.12/site-packages/airflow/example_dags/example_task_group_decorator.py
[2025-07-17T17:43:51.686+0000] {logging_mixin.py:188} INFO - [2025-07-17T17:43:51.684+0000] {dag.py:3096} INFO - Sync 1 DAGs
[2025-07-17T17:43:51.877+0000] {logging_mixin.py:188} INFO - [2025-07-17T17:43:51.876+0000] {dag.py:3954} INFO - Setting next_dagrun for example_task_group_decorator to 2025-07-16 00:00:00+00:00, run_after=2025-07-17 00:00:00+00:00
[2025-07-17T17:43:52.068+0000] {processor.py:183} INFO - Processing /mnt/c/Users/Shivam Gupta/OneDrive/Documents/Shivam_Developement/DATA_ENGINEERING/data_engineering_project/batch-etl-pyspark/.venv/lib/python3.12/site-packages/airflow/example_dags/example_task_group_decorator.py took 0.528 seconds
[2025-07-17T17:45:37.576+0000] {processor.py:161} INFO - Started process (PID=2917) to work on /mnt/c/Users/Shivam Gupta/OneDrive/Documents/Shivam_Developement/DATA_ENGINEERING/data_engineering_project/batch-etl-pyspark/.venv/lib/python3.12/site-packages/airflow/example_dags/example_task_group_decorator.py
[2025-07-17T17:45:37.580+0000] {processor.py:830} INFO - Processing file /mnt/c/Users/Shivam Gupta/OneDrive/Documents/Shivam_Developement/DATA_ENGINEERING/data_engineering_project/batch-etl-pyspark/.venv/lib/python3.12/site-packages/airflow/example_dags/example_task_group_decorator.py for tasks to queue
[2025-07-17T17:45:37.590+0000] {logging_mixin.py:188} INFO - [2025-07-17T17:45:37.587+0000] {dagbag.py:545} INFO - Filling up the DagBag from /mnt/c/Users/Shivam Gupta/OneDrive/Documents/Shivam_Developement/DATA_ENGINEERING/data_engineering_project/batch-etl-pyspark/.venv/lib/python3.12/site-packages/airflow/example_dags/example_task_group_decorator.py
[2025-07-17T17:45:37.746+0000] {processor.py:840} INFO - DAG(s) 'example_task_group_decorator' retrieved from /mnt/c/Users/Shivam Gupta/OneDrive/Documents/Shivam_Developement/DATA_ENGINEERING/data_engineering_project/batch-etl-pyspark/.venv/lib/python3.12/site-packages/airflow/example_dags/example_task_group_decorator.py
[2025-07-17T17:45:37.816+0000] {logging_mixin.py:188} INFO - [2025-07-17T17:45:37.816+0000] {dag.py:3096} INFO - Sync 1 DAGs
[2025-07-17T17:45:38.102+0000] {logging_mixin.py:188} INFO - [2025-07-17T17:45:38.092+0000] {dag.py:3954} INFO - Setting next_dagrun for example_task_group_decorator to 2025-07-16 00:00:00+00:00, run_after=2025-07-17 00:00:00+00:00
[2025-07-17T17:45:38.386+0000] {processor.py:183} INFO - Processing /mnt/c/Users/Shivam Gupta/OneDrive/Documents/Shivam_Developement/DATA_ENGINEERING/data_engineering_project/batch-etl-pyspark/.venv/lib/python3.12/site-packages/airflow/example_dags/example_task_group_decorator.py took 0.876 seconds
[2025-07-17T17:47:20.366+0000] {processor.py:161} INFO - Started process (PID=2978) to work on /mnt/c/Users/Shivam Gupta/OneDrive/Documents/Shivam_Developement/DATA_ENGINEERING/data_engineering_project/batch-etl-pyspark/.venv/lib/python3.12/site-packages/airflow/example_dags/example_task_group_decorator.py
[2025-07-17T17:47:20.370+0000] {processor.py:830} INFO - Processing file /mnt/c/Users/Shivam Gupta/OneDrive/Documents/Shivam_Developement/DATA_ENGINEERING/data_engineering_project/batch-etl-pyspark/.venv/lib/python3.12/site-packages/airflow/example_dags/example_task_group_decorator.py for tasks to queue
[2025-07-17T17:47:20.375+0000] {logging_mixin.py:188} INFO - [2025-07-17T17:47:20.373+0000] {dagbag.py:545} INFO - Filling up the DagBag from /mnt/c/Users/Shivam Gupta/OneDrive/Documents/Shivam_Developement/DATA_ENGINEERING/data_engineering_project/batch-etl-pyspark/.venv/lib/python3.12/site-packages/airflow/example_dags/example_task_group_decorator.py
[2025-07-17T17:47:20.426+0000] {processor.py:840} INFO - DAG(s) 'example_task_group_decorator' retrieved from /mnt/c/Users/Shivam Gupta/OneDrive/Documents/Shivam_Developement/DATA_ENGINEERING/data_engineering_project/batch-etl-pyspark/.venv/lib/python3.12/site-packages/airflow/example_dags/example_task_group_decorator.py
[2025-07-17T17:47:20.470+0000] {logging_mixin.py:188} INFO - [2025-07-17T17:47:20.468+0000] {dag.py:3096} INFO - Sync 1 DAGs
[2025-07-17T17:47:20.517+0000] {logging_mixin.py:188} INFO - [2025-07-17T17:47:20.515+0000] {dag.py:3954} INFO - Setting next_dagrun for example_task_group_decorator to 2025-07-16 00:00:00+00:00, run_after=2025-07-17 00:00:00+00:00
[2025-07-17T17:47:20.649+0000] {processor.py:183} INFO - Processing /mnt/c/Users/Shivam Gupta/OneDrive/Documents/Shivam_Developement/DATA_ENGINEERING/data_engineering_project/batch-etl-pyspark/.venv/lib/python3.12/site-packages/airflow/example_dags/example_task_group_decorator.py took 0.309 seconds
[2025-07-17T17:48:32.845+0000] {processor.py:161} INFO - Started process (PID=3035) to work on /mnt/c/Users/Shivam Gupta/OneDrive/Documents/Shivam_Developement/DATA_ENGINEERING/data_engineering_project/batch-etl-pyspark/.venv/lib/python3.12/site-packages/airflow/example_dags/example_task_group_decorator.py
[2025-07-17T17:48:32.847+0000] {processor.py:830} INFO - Processing file /mnt/c/Users/Shivam Gupta/OneDrive/Documents/Shivam_Developement/DATA_ENGINEERING/data_engineering_project/batch-etl-pyspark/.venv/lib/python3.12/site-packages/airflow/example_dags/example_task_group_decorator.py for tasks to queue
[2025-07-17T17:48:32.850+0000] {logging_mixin.py:188} INFO - [2025-07-17T17:48:32.849+0000] {dagbag.py:545} INFO - Filling up the DagBag from /mnt/c/Users/Shivam Gupta/OneDrive/Documents/Shivam_Developement/DATA_ENGINEERING/data_engineering_project/batch-etl-pyspark/.venv/lib/python3.12/site-packages/airflow/example_dags/example_task_group_decorator.py
[2025-07-17T17:48:32.915+0000] {processor.py:840} INFO - DAG(s) 'example_task_group_decorator' retrieved from /mnt/c/Users/Shivam Gupta/OneDrive/Documents/Shivam_Developement/DATA_ENGINEERING/data_engineering_project/batch-etl-pyspark/.venv/lib/python3.12/site-packages/airflow/example_dags/example_task_group_decorator.py
[2025-07-17T17:48:32.967+0000] {logging_mixin.py:188} INFO - [2025-07-17T17:48:32.965+0000] {dag.py:3096} INFO - Sync 1 DAGs
[2025-07-17T17:48:33.016+0000] {logging_mixin.py:188} INFO - [2025-07-17T17:48:33.015+0000] {dag.py:3954} INFO - Setting next_dagrun for example_task_group_decorator to 2025-07-16 00:00:00+00:00, run_after=2025-07-17 00:00:00+00:00
[2025-07-17T17:48:33.148+0000] {processor.py:183} INFO - Processing /mnt/c/Users/Shivam Gupta/OneDrive/Documents/Shivam_Developement/DATA_ENGINEERING/data_engineering_project/batch-etl-pyspark/.venv/lib/python3.12/site-packages/airflow/example_dags/example_task_group_decorator.py took 0.318 seconds
[2025-07-17T17:50:29.313+0000] {processor.py:161} INFO - Started process (PID=3136) to work on /mnt/c/Users/Shivam Gupta/OneDrive/Documents/Shivam_Developement/DATA_ENGINEERING/data_engineering_project/batch-etl-pyspark/.venv/lib/python3.12/site-packages/airflow/example_dags/example_task_group_decorator.py
[2025-07-17T17:50:29.315+0000] {processor.py:830} INFO - Processing file /mnt/c/Users/Shivam Gupta/OneDrive/Documents/Shivam_Developement/DATA_ENGINEERING/data_engineering_project/batch-etl-pyspark/.venv/lib/python3.12/site-packages/airflow/example_dags/example_task_group_decorator.py for tasks to queue
[2025-07-17T17:50:29.319+0000] {logging_mixin.py:188} INFO - [2025-07-17T17:50:29.317+0000] {dagbag.py:545} INFO - Filling up the DagBag from /mnt/c/Users/Shivam Gupta/OneDrive/Documents/Shivam_Developement/DATA_ENGINEERING/data_engineering_project/batch-etl-pyspark/.venv/lib/python3.12/site-packages/airflow/example_dags/example_task_group_decorator.py
[2025-07-17T17:50:29.358+0000] {processor.py:840} INFO - DAG(s) 'example_task_group_decorator' retrieved from /mnt/c/Users/Shivam Gupta/OneDrive/Documents/Shivam_Developement/DATA_ENGINEERING/data_engineering_project/batch-etl-pyspark/.venv/lib/python3.12/site-packages/airflow/example_dags/example_task_group_decorator.py
[2025-07-17T17:50:29.399+0000] {logging_mixin.py:188} INFO - [2025-07-17T17:50:29.398+0000] {dag.py:3096} INFO - Sync 1 DAGs
[2025-07-17T17:50:29.438+0000] {logging_mixin.py:188} INFO - [2025-07-17T17:50:29.436+0000] {dag.py:3954} INFO - Setting next_dagrun for example_task_group_decorator to 2025-07-16 00:00:00+00:00, run_after=2025-07-17 00:00:00+00:00
[2025-07-17T17:50:29.547+0000] {processor.py:183} INFO - Processing /mnt/c/Users/Shivam Gupta/OneDrive/Documents/Shivam_Developement/DATA_ENGINEERING/data_engineering_project/batch-etl-pyspark/.venv/lib/python3.12/site-packages/airflow/example_dags/example_task_group_decorator.py took 0.252 seconds
[2025-07-17T17:52:39.262+0000] {processor.py:161} INFO - Started process (PID=3238) to work on /mnt/c/Users/Shivam Gupta/OneDrive/Documents/Shivam_Developement/DATA_ENGINEERING/data_engineering_project/batch-etl-pyspark/.venv/lib/python3.12/site-packages/airflow/example_dags/example_task_group_decorator.py
[2025-07-17T17:52:39.265+0000] {processor.py:830} INFO - Processing file /mnt/c/Users/Shivam Gupta/OneDrive/Documents/Shivam_Developement/DATA_ENGINEERING/data_engineering_project/batch-etl-pyspark/.venv/lib/python3.12/site-packages/airflow/example_dags/example_task_group_decorator.py for tasks to queue
[2025-07-17T17:52:39.268+0000] {logging_mixin.py:188} INFO - [2025-07-17T17:52:39.266+0000] {dagbag.py:545} INFO - Filling up the DagBag from /mnt/c/Users/Shivam Gupta/OneDrive/Documents/Shivam_Developement/DATA_ENGINEERING/data_engineering_project/batch-etl-pyspark/.venv/lib/python3.12/site-packages/airflow/example_dags/example_task_group_decorator.py
[2025-07-17T17:52:39.304+0000] {processor.py:840} INFO - DAG(s) 'example_task_group_decorator' retrieved from /mnt/c/Users/Shivam Gupta/OneDrive/Documents/Shivam_Developement/DATA_ENGINEERING/data_engineering_project/batch-etl-pyspark/.venv/lib/python3.12/site-packages/airflow/example_dags/example_task_group_decorator.py
[2025-07-17T17:52:39.345+0000] {logging_mixin.py:188} INFO - [2025-07-17T17:52:39.343+0000] {dag.py:3096} INFO - Sync 1 DAGs
[2025-07-17T17:52:39.380+0000] {logging_mixin.py:188} INFO - [2025-07-17T17:52:39.379+0000] {dag.py:3954} INFO - Setting next_dagrun for example_task_group_decorator to 2025-07-16 00:00:00+00:00, run_after=2025-07-17 00:00:00+00:00
[2025-07-17T17:52:39.487+0000] {processor.py:183} INFO - Processing /mnt/c/Users/Shivam Gupta/OneDrive/Documents/Shivam_Developement/DATA_ENGINEERING/data_engineering_project/batch-etl-pyspark/.venv/lib/python3.12/site-packages/airflow/example_dags/example_task_group_decorator.py took 0.244 seconds
[2025-07-17T17:54:43.036+0000] {processor.py:161} INFO - Started process (PID=3339) to work on /mnt/c/Users/Shivam Gupta/OneDrive/Documents/Shivam_Developement/DATA_ENGINEERING/data_engineering_project/batch-etl-pyspark/.venv/lib/python3.12/site-packages/airflow/example_dags/example_task_group_decorator.py
[2025-07-17T17:54:43.038+0000] {processor.py:830} INFO - Processing file /mnt/c/Users/Shivam Gupta/OneDrive/Documents/Shivam_Developement/DATA_ENGINEERING/data_engineering_project/batch-etl-pyspark/.venv/lib/python3.12/site-packages/airflow/example_dags/example_task_group_decorator.py for tasks to queue
[2025-07-17T17:54:43.041+0000] {logging_mixin.py:188} INFO - [2025-07-17T17:54:43.040+0000] {dagbag.py:545} INFO - Filling up the DagBag from /mnt/c/Users/Shivam Gupta/OneDrive/Documents/Shivam_Developement/DATA_ENGINEERING/data_engineering_project/batch-etl-pyspark/.venv/lib/python3.12/site-packages/airflow/example_dags/example_task_group_decorator.py
[2025-07-17T17:54:43.069+0000] {processor.py:840} INFO - DAG(s) 'example_task_group_decorator' retrieved from /mnt/c/Users/Shivam Gupta/OneDrive/Documents/Shivam_Developement/DATA_ENGINEERING/data_engineering_project/batch-etl-pyspark/.venv/lib/python3.12/site-packages/airflow/example_dags/example_task_group_decorator.py
[2025-07-17T17:54:43.118+0000] {logging_mixin.py:188} INFO - [2025-07-17T17:54:43.118+0000] {dag.py:3096} INFO - Sync 1 DAGs
[2025-07-17T17:54:43.176+0000] {logging_mixin.py:188} INFO - [2025-07-17T17:54:43.175+0000] {dag.py:3954} INFO - Setting next_dagrun for example_task_group_decorator to 2025-07-16 00:00:00+00:00, run_after=2025-07-17 00:00:00+00:00
[2025-07-17T17:54:43.361+0000] {processor.py:183} INFO - Processing /mnt/c/Users/Shivam Gupta/OneDrive/Documents/Shivam_Developement/DATA_ENGINEERING/data_engineering_project/batch-etl-pyspark/.venv/lib/python3.12/site-packages/airflow/example_dags/example_task_group_decorator.py took 0.337 seconds
[2025-07-17T17:56:47.166+0000] {processor.py:161} INFO - Started process (PID=3442) to work on /mnt/c/Users/Shivam Gupta/OneDrive/Documents/Shivam_Developement/DATA_ENGINEERING/data_engineering_project/batch-etl-pyspark/.venv/lib/python3.12/site-packages/airflow/example_dags/example_task_group_decorator.py
[2025-07-17T17:56:47.168+0000] {processor.py:830} INFO - Processing file /mnt/c/Users/Shivam Gupta/OneDrive/Documents/Shivam_Developement/DATA_ENGINEERING/data_engineering_project/batch-etl-pyspark/.venv/lib/python3.12/site-packages/airflow/example_dags/example_task_group_decorator.py for tasks to queue
[2025-07-17T17:56:47.171+0000] {logging_mixin.py:188} INFO - [2025-07-17T17:56:47.170+0000] {dagbag.py:545} INFO - Filling up the DagBag from /mnt/c/Users/Shivam Gupta/OneDrive/Documents/Shivam_Developement/DATA_ENGINEERING/data_engineering_project/batch-etl-pyspark/.venv/lib/python3.12/site-packages/airflow/example_dags/example_task_group_decorator.py
[2025-07-17T17:56:47.264+0000] {processor.py:840} INFO - DAG(s) 'example_task_group_decorator' retrieved from /mnt/c/Users/Shivam Gupta/OneDrive/Documents/Shivam_Developement/DATA_ENGINEERING/data_engineering_project/batch-etl-pyspark/.venv/lib/python3.12/site-packages/airflow/example_dags/example_task_group_decorator.py
[2025-07-17T17:56:47.310+0000] {logging_mixin.py:188} INFO - [2025-07-17T17:56:47.309+0000] {dag.py:3096} INFO - Sync 1 DAGs
[2025-07-17T17:56:47.362+0000] {logging_mixin.py:188} INFO - [2025-07-17T17:56:47.359+0000] {dag.py:3954} INFO - Setting next_dagrun for example_task_group_decorator to 2025-07-16 00:00:00+00:00, run_after=2025-07-17 00:00:00+00:00
[2025-07-17T17:56:47.464+0000] {processor.py:183} INFO - Processing /mnt/c/Users/Shivam Gupta/OneDrive/Documents/Shivam_Developement/DATA_ENGINEERING/data_engineering_project/batch-etl-pyspark/.venv/lib/python3.12/site-packages/airflow/example_dags/example_task_group_decorator.py took 0.330 seconds
[2025-07-17T17:58:48.208+0000] {processor.py:161} INFO - Started process (PID=3542) to work on /mnt/c/Users/Shivam Gupta/OneDrive/Documents/Shivam_Developement/DATA_ENGINEERING/data_engineering_project/batch-etl-pyspark/.venv/lib/python3.12/site-packages/airflow/example_dags/example_task_group_decorator.py
[2025-07-17T17:58:48.211+0000] {processor.py:830} INFO - Processing file /mnt/c/Users/Shivam Gupta/OneDrive/Documents/Shivam_Developement/DATA_ENGINEERING/data_engineering_project/batch-etl-pyspark/.venv/lib/python3.12/site-packages/airflow/example_dags/example_task_group_decorator.py for tasks to queue
[2025-07-17T17:58:48.214+0000] {logging_mixin.py:188} INFO - [2025-07-17T17:58:48.213+0000] {dagbag.py:545} INFO - Filling up the DagBag from /mnt/c/Users/Shivam Gupta/OneDrive/Documents/Shivam_Developement/DATA_ENGINEERING/data_engineering_project/batch-etl-pyspark/.venv/lib/python3.12/site-packages/airflow/example_dags/example_task_group_decorator.py
[2025-07-17T17:58:48.240+0000] {processor.py:840} INFO - DAG(s) 'example_task_group_decorator' retrieved from /mnt/c/Users/Shivam Gupta/OneDrive/Documents/Shivam_Developement/DATA_ENGINEERING/data_engineering_project/batch-etl-pyspark/.venv/lib/python3.12/site-packages/airflow/example_dags/example_task_group_decorator.py
[2025-07-17T17:58:48.271+0000] {logging_mixin.py:188} INFO - [2025-07-17T17:58:48.270+0000] {dag.py:3096} INFO - Sync 1 DAGs
[2025-07-17T17:58:48.295+0000] {logging_mixin.py:188} INFO - [2025-07-17T17:58:48.295+0000] {dag.py:3954} INFO - Setting next_dagrun for example_task_group_decorator to 2025-07-16 00:00:00+00:00, run_after=2025-07-17 00:00:00+00:00
[2025-07-17T17:58:48.355+0000] {processor.py:183} INFO - Processing /mnt/c/Users/Shivam Gupta/OneDrive/Documents/Shivam_Developement/DATA_ENGINEERING/data_engineering_project/batch-etl-pyspark/.venv/lib/python3.12/site-packages/airflow/example_dags/example_task_group_decorator.py took 0.157 seconds
[2025-07-17T17:59:56.406+0000] {processor.py:161} INFO - Started process (PID=3596) to work on /mnt/c/Users/Shivam Gupta/OneDrive/Documents/Shivam_Developement/DATA_ENGINEERING/data_engineering_project/batch-etl-pyspark/.venv/lib/python3.12/site-packages/airflow/example_dags/example_task_group_decorator.py
[2025-07-17T17:59:56.408+0000] {processor.py:830} INFO - Processing file /mnt/c/Users/Shivam Gupta/OneDrive/Documents/Shivam_Developement/DATA_ENGINEERING/data_engineering_project/batch-etl-pyspark/.venv/lib/python3.12/site-packages/airflow/example_dags/example_task_group_decorator.py for tasks to queue
[2025-07-17T17:59:56.417+0000] {logging_mixin.py:188} INFO - [2025-07-17T17:59:56.409+0000] {dagbag.py:545} INFO - Filling up the DagBag from /mnt/c/Users/Shivam Gupta/OneDrive/Documents/Shivam_Developement/DATA_ENGINEERING/data_engineering_project/batch-etl-pyspark/.venv/lib/python3.12/site-packages/airflow/example_dags/example_task_group_decorator.py
[2025-07-17T17:59:56.444+0000] {processor.py:840} INFO - DAG(s) 'example_task_group_decorator' retrieved from /mnt/c/Users/Shivam Gupta/OneDrive/Documents/Shivam_Developement/DATA_ENGINEERING/data_engineering_project/batch-etl-pyspark/.venv/lib/python3.12/site-packages/airflow/example_dags/example_task_group_decorator.py
[2025-07-17T17:59:56.473+0000] {logging_mixin.py:188} INFO - [2025-07-17T17:59:56.471+0000] {dag.py:3096} INFO - Sync 1 DAGs
[2025-07-17T17:59:56.494+0000] {logging_mixin.py:188} INFO - [2025-07-17T17:59:56.494+0000] {dag.py:3954} INFO - Setting next_dagrun for example_task_group_decorator to 2025-07-16 00:00:00+00:00, run_after=2025-07-17 00:00:00+00:00
[2025-07-17T17:59:56.622+0000] {processor.py:183} INFO - Processing /mnt/c/Users/Shivam Gupta/OneDrive/Documents/Shivam_Developement/DATA_ENGINEERING/data_engineering_project/batch-etl-pyspark/.venv/lib/python3.12/site-packages/airflow/example_dags/example_task_group_decorator.py took 0.227 seconds
[2025-07-17T18:02:04.353+0000] {processor.py:161} INFO - Started process (PID=3703) to work on /mnt/c/Users/Shivam Gupta/OneDrive/Documents/Shivam_Developement/DATA_ENGINEERING/data_engineering_project/batch-etl-pyspark/.venv/lib/python3.12/site-packages/airflow/example_dags/example_task_group_decorator.py
[2025-07-17T18:02:04.356+0000] {processor.py:830} INFO - Processing file /mnt/c/Users/Shivam Gupta/OneDrive/Documents/Shivam_Developement/DATA_ENGINEERING/data_engineering_project/batch-etl-pyspark/.venv/lib/python3.12/site-packages/airflow/example_dags/example_task_group_decorator.py for tasks to queue
[2025-07-17T18:02:04.360+0000] {logging_mixin.py:188} INFO - [2025-07-17T18:02:04.359+0000] {dagbag.py:545} INFO - Filling up the DagBag from /mnt/c/Users/Shivam Gupta/OneDrive/Documents/Shivam_Developement/DATA_ENGINEERING/data_engineering_project/batch-etl-pyspark/.venv/lib/python3.12/site-packages/airflow/example_dags/example_task_group_decorator.py
[2025-07-17T18:02:04.400+0000] {processor.py:840} INFO - DAG(s) 'example_task_group_decorator' retrieved from /mnt/c/Users/Shivam Gupta/OneDrive/Documents/Shivam_Developement/DATA_ENGINEERING/data_engineering_project/batch-etl-pyspark/.venv/lib/python3.12/site-packages/airflow/example_dags/example_task_group_decorator.py
[2025-07-17T18:02:04.442+0000] {logging_mixin.py:188} INFO - [2025-07-17T18:02:04.441+0000] {dag.py:3096} INFO - Sync 1 DAGs
[2025-07-17T18:02:04.467+0000] {logging_mixin.py:188} INFO - [2025-07-17T18:02:04.466+0000] {dag.py:3954} INFO - Setting next_dagrun for example_task_group_decorator to 2025-07-16 00:00:00+00:00, run_after=2025-07-17 00:00:00+00:00
[2025-07-17T18:02:04.604+0000] {processor.py:183} INFO - Processing /mnt/c/Users/Shivam Gupta/OneDrive/Documents/Shivam_Developement/DATA_ENGINEERING/data_engineering_project/batch-etl-pyspark/.venv/lib/python3.12/site-packages/airflow/example_dags/example_task_group_decorator.py took 0.273 seconds
[2025-07-17T18:04:05.234+0000] {processor.py:161} INFO - Started process (PID=3803) to work on /mnt/c/Users/Shivam Gupta/OneDrive/Documents/Shivam_Developement/DATA_ENGINEERING/data_engineering_project/batch-etl-pyspark/.venv/lib/python3.12/site-packages/airflow/example_dags/example_task_group_decorator.py
[2025-07-17T18:04:05.236+0000] {processor.py:830} INFO - Processing file /mnt/c/Users/Shivam Gupta/OneDrive/Documents/Shivam_Developement/DATA_ENGINEERING/data_engineering_project/batch-etl-pyspark/.venv/lib/python3.12/site-packages/airflow/example_dags/example_task_group_decorator.py for tasks to queue
[2025-07-17T18:04:05.240+0000] {logging_mixin.py:188} INFO - [2025-07-17T18:04:05.238+0000] {dagbag.py:545} INFO - Filling up the DagBag from /mnt/c/Users/Shivam Gupta/OneDrive/Documents/Shivam_Developement/DATA_ENGINEERING/data_engineering_project/batch-etl-pyspark/.venv/lib/python3.12/site-packages/airflow/example_dags/example_task_group_decorator.py
[2025-07-17T18:04:05.276+0000] {processor.py:840} INFO - DAG(s) 'example_task_group_decorator' retrieved from /mnt/c/Users/Shivam Gupta/OneDrive/Documents/Shivam_Developement/DATA_ENGINEERING/data_engineering_project/batch-etl-pyspark/.venv/lib/python3.12/site-packages/airflow/example_dags/example_task_group_decorator.py
[2025-07-17T18:04:05.317+0000] {logging_mixin.py:188} INFO - [2025-07-17T18:04:05.316+0000] {dag.py:3096} INFO - Sync 1 DAGs
[2025-07-17T18:04:05.348+0000] {logging_mixin.py:188} INFO - [2025-07-17T18:04:05.347+0000] {dag.py:3954} INFO - Setting next_dagrun for example_task_group_decorator to 2025-07-16 00:00:00+00:00, run_after=2025-07-17 00:00:00+00:00
[2025-07-17T18:04:05.433+0000] {processor.py:183} INFO - Processing /mnt/c/Users/Shivam Gupta/OneDrive/Documents/Shivam_Developement/DATA_ENGINEERING/data_engineering_project/batch-etl-pyspark/.venv/lib/python3.12/site-packages/airflow/example_dags/example_task_group_decorator.py took 0.216 seconds
[2025-07-17T18:06:08.075+0000] {processor.py:161} INFO - Started process (PID=3906) to work on /mnt/c/Users/Shivam Gupta/OneDrive/Documents/Shivam_Developement/DATA_ENGINEERING/data_engineering_project/batch-etl-pyspark/.venv/lib/python3.12/site-packages/airflow/example_dags/example_task_group_decorator.py
[2025-07-17T18:06:08.078+0000] {processor.py:830} INFO - Processing file /mnt/c/Users/Shivam Gupta/OneDrive/Documents/Shivam_Developement/DATA_ENGINEERING/data_engineering_project/batch-etl-pyspark/.venv/lib/python3.12/site-packages/airflow/example_dags/example_task_group_decorator.py for tasks to queue
[2025-07-17T18:06:08.082+0000] {logging_mixin.py:188} INFO - [2025-07-17T18:06:08.080+0000] {dagbag.py:545} INFO - Filling up the DagBag from /mnt/c/Users/Shivam Gupta/OneDrive/Documents/Shivam_Developement/DATA_ENGINEERING/data_engineering_project/batch-etl-pyspark/.venv/lib/python3.12/site-packages/airflow/example_dags/example_task_group_decorator.py
[2025-07-17T18:06:08.142+0000] {processor.py:840} INFO - DAG(s) 'example_task_group_decorator' retrieved from /mnt/c/Users/Shivam Gupta/OneDrive/Documents/Shivam_Developement/DATA_ENGINEERING/data_engineering_project/batch-etl-pyspark/.venv/lib/python3.12/site-packages/airflow/example_dags/example_task_group_decorator.py
[2025-07-17T18:06:08.269+0000] {logging_mixin.py:188} INFO - [2025-07-17T18:06:08.268+0000] {dag.py:3096} INFO - Sync 1 DAGs
[2025-07-17T18:06:08.297+0000] {logging_mixin.py:188} INFO - [2025-07-17T18:06:08.296+0000] {dag.py:3954} INFO - Setting next_dagrun for example_task_group_decorator to 2025-07-16 00:00:00+00:00, run_after=2025-07-17 00:00:00+00:00
[2025-07-17T18:06:08.417+0000] {processor.py:183} INFO - Processing /mnt/c/Users/Shivam Gupta/OneDrive/Documents/Shivam_Developement/DATA_ENGINEERING/data_engineering_project/batch-etl-pyspark/.venv/lib/python3.12/site-packages/airflow/example_dags/example_task_group_decorator.py took 0.361 seconds
[2025-07-17T18:08:16.251+0000] {processor.py:161} INFO - Started process (PID=4007) to work on /mnt/c/Users/Shivam Gupta/OneDrive/Documents/Shivam_Developement/DATA_ENGINEERING/data_engineering_project/batch-etl-pyspark/.venv/lib/python3.12/site-packages/airflow/example_dags/example_task_group_decorator.py
[2025-07-17T18:08:16.253+0000] {processor.py:830} INFO - Processing file /mnt/c/Users/Shivam Gupta/OneDrive/Documents/Shivam_Developement/DATA_ENGINEERING/data_engineering_project/batch-etl-pyspark/.venv/lib/python3.12/site-packages/airflow/example_dags/example_task_group_decorator.py for tasks to queue
[2025-07-17T18:08:16.256+0000] {logging_mixin.py:188} INFO - [2025-07-17T18:08:16.255+0000] {dagbag.py:545} INFO - Filling up the DagBag from /mnt/c/Users/Shivam Gupta/OneDrive/Documents/Shivam_Developement/DATA_ENGINEERING/data_engineering_project/batch-etl-pyspark/.venv/lib/python3.12/site-packages/airflow/example_dags/example_task_group_decorator.py
[2025-07-17T18:08:16.280+0000] {processor.py:840} INFO - DAG(s) 'example_task_group_decorator' retrieved from /mnt/c/Users/Shivam Gupta/OneDrive/Documents/Shivam_Developement/DATA_ENGINEERING/data_engineering_project/batch-etl-pyspark/.venv/lib/python3.12/site-packages/airflow/example_dags/example_task_group_decorator.py
[2025-07-17T18:08:16.316+0000] {logging_mixin.py:188} INFO - [2025-07-17T18:08:16.316+0000] {dag.py:3096} INFO - Sync 1 DAGs
[2025-07-17T18:08:16.341+0000] {logging_mixin.py:188} INFO - [2025-07-17T18:08:16.341+0000] {dag.py:3954} INFO - Setting next_dagrun for example_task_group_decorator to 2025-07-16 00:00:00+00:00, run_after=2025-07-17 00:00:00+00:00
[2025-07-17T18:08:16.408+0000] {processor.py:183} INFO - Processing /mnt/c/Users/Shivam Gupta/OneDrive/Documents/Shivam_Developement/DATA_ENGINEERING/data_engineering_project/batch-etl-pyspark/.venv/lib/python3.12/site-packages/airflow/example_dags/example_task_group_decorator.py took 0.167 seconds
[2025-07-17T18:10:23.221+0000] {processor.py:161} INFO - Started process (PID=4110) to work on /mnt/c/Users/Shivam Gupta/OneDrive/Documents/Shivam_Developement/DATA_ENGINEERING/data_engineering_project/batch-etl-pyspark/.venv/lib/python3.12/site-packages/airflow/example_dags/example_task_group_decorator.py
[2025-07-17T18:10:23.224+0000] {processor.py:830} INFO - Processing file /mnt/c/Users/Shivam Gupta/OneDrive/Documents/Shivam_Developement/DATA_ENGINEERING/data_engineering_project/batch-etl-pyspark/.venv/lib/python3.12/site-packages/airflow/example_dags/example_task_group_decorator.py for tasks to queue
[2025-07-17T18:10:23.228+0000] {logging_mixin.py:188} INFO - [2025-07-17T18:10:23.227+0000] {dagbag.py:545} INFO - Filling up the DagBag from /mnt/c/Users/Shivam Gupta/OneDrive/Documents/Shivam_Developement/DATA_ENGINEERING/data_engineering_project/batch-etl-pyspark/.venv/lib/python3.12/site-packages/airflow/example_dags/example_task_group_decorator.py
[2025-07-17T18:10:23.278+0000] {processor.py:840} INFO - DAG(s) 'example_task_group_decorator' retrieved from /mnt/c/Users/Shivam Gupta/OneDrive/Documents/Shivam_Developement/DATA_ENGINEERING/data_engineering_project/batch-etl-pyspark/.venv/lib/python3.12/site-packages/airflow/example_dags/example_task_group_decorator.py
[2025-07-17T18:10:23.321+0000] {logging_mixin.py:188} INFO - [2025-07-17T18:10:23.319+0000] {dag.py:3096} INFO - Sync 1 DAGs
[2025-07-17T18:10:23.392+0000] {logging_mixin.py:188} INFO - [2025-07-17T18:10:23.390+0000] {dag.py:3954} INFO - Setting next_dagrun for example_task_group_decorator to 2025-07-16 00:00:00+00:00, run_after=2025-07-17 00:00:00+00:00
[2025-07-17T18:10:23.506+0000] {processor.py:183} INFO - Processing /mnt/c/Users/Shivam Gupta/OneDrive/Documents/Shivam_Developement/DATA_ENGINEERING/data_engineering_project/batch-etl-pyspark/.venv/lib/python3.12/site-packages/airflow/example_dags/example_task_group_decorator.py took 0.308 seconds
[2025-07-17T18:12:35.099+0000] {processor.py:161} INFO - Started process (PID=4215) to work on /mnt/c/Users/Shivam Gupta/OneDrive/Documents/Shivam_Developement/DATA_ENGINEERING/data_engineering_project/batch-etl-pyspark/.venv/lib/python3.12/site-packages/airflow/example_dags/example_task_group_decorator.py
[2025-07-17T18:12:35.103+0000] {processor.py:830} INFO - Processing file /mnt/c/Users/Shivam Gupta/OneDrive/Documents/Shivam_Developement/DATA_ENGINEERING/data_engineering_project/batch-etl-pyspark/.venv/lib/python3.12/site-packages/airflow/example_dags/example_task_group_decorator.py for tasks to queue
[2025-07-17T18:12:35.107+0000] {logging_mixin.py:188} INFO - [2025-07-17T18:12:35.105+0000] {dagbag.py:545} INFO - Filling up the DagBag from /mnt/c/Users/Shivam Gupta/OneDrive/Documents/Shivam_Developement/DATA_ENGINEERING/data_engineering_project/batch-etl-pyspark/.venv/lib/python3.12/site-packages/airflow/example_dags/example_task_group_decorator.py
[2025-07-17T18:12:35.142+0000] {processor.py:840} INFO - DAG(s) 'example_task_group_decorator' retrieved from /mnt/c/Users/Shivam Gupta/OneDrive/Documents/Shivam_Developement/DATA_ENGINEERING/data_engineering_project/batch-etl-pyspark/.venv/lib/python3.12/site-packages/airflow/example_dags/example_task_group_decorator.py
[2025-07-17T18:12:35.187+0000] {logging_mixin.py:188} INFO - [2025-07-17T18:12:35.186+0000] {dag.py:3096} INFO - Sync 1 DAGs
[2025-07-17T18:12:35.219+0000] {logging_mixin.py:188} INFO - [2025-07-17T18:12:35.218+0000] {dag.py:3954} INFO - Setting next_dagrun for example_task_group_decorator to 2025-07-16 00:00:00+00:00, run_after=2025-07-17 00:00:00+00:00
[2025-07-17T18:12:35.326+0000] {processor.py:183} INFO - Processing /mnt/c/Users/Shivam Gupta/OneDrive/Documents/Shivam_Developement/DATA_ENGINEERING/data_engineering_project/batch-etl-pyspark/.venv/lib/python3.12/site-packages/airflow/example_dags/example_task_group_decorator.py took 0.251 seconds
