[2025-07-17T17:13:36.467+0000] {processor.py:161} INFO - Started process (PID=1935) to work on /mnt/c/Users/Shivam Gupta/OneDrive/Documents/Shivam_Developement/DATA_ENGINEERING/data_engineering_project/batch-etl-pyspark/.venv/lib/python3.12/site-packages/airflow/example_dags/example_short_circuit_decorator.py
[2025-07-17T17:13:36.473+0000] {processor.py:830} INFO - Processing file /mnt/c/Users/Shivam Gupta/OneDrive/Documents/Shivam_Developement/DATA_ENGINEERING/data_engineering_project/batch-etl-pyspark/.venv/lib/python3.12/site-packages/airflow/example_dags/example_short_circuit_decorator.py for tasks to queue
[2025-07-17T17:13:36.478+0000] {logging_mixin.py:188} INFO - [2025-07-17T17:13:36.476+0000] {dagbag.py:545} INFO - Filling up the DagBag from /mnt/c/Users/Shivam Gupta/OneDrive/Documents/Shivam_Developement/DATA_ENGINEERING/data_engineering_project/batch-etl-pyspark/.venv/lib/python3.12/site-packages/airflow/example_dags/example_short_circuit_decorator.py
[2025-07-17T17:13:36.767+0000] {processor.py:840} INFO - DAG(s) 'example_short_circuit_decorator' retrieved from /mnt/c/Users/Shivam Gupta/OneDrive/Documents/Shivam_Developement/DATA_ENGINEERING/data_engineering_project/batch-etl-pyspark/.venv/lib/python3.12/site-packages/airflow/example_dags/example_short_circuit_decorator.py
[2025-07-17T17:13:44.242+0000] {logging_mixin.py:188} INFO - [2025-07-17T17:13:44.237+0000] {dag.py:3096} INFO - Sync 1 DAGs
[2025-07-17T17:13:44.300+0000] {logging_mixin.py:188} INFO - [2025-07-17T17:13:44.298+0000] {dag.py:3954} INFO - Setting next_dagrun for example_short_circuit_decorator to 2025-07-16 00:00:00+00:00, run_after=2025-07-17 00:00:00+00:00
[2025-07-17T17:13:44.478+0000] {processor.py:183} INFO - Processing /mnt/c/Users/Shivam Gupta/OneDrive/Documents/Shivam_Developement/DATA_ENGINEERING/data_engineering_project/batch-etl-pyspark/.venv/lib/python3.12/site-packages/airflow/example_dags/example_short_circuit_decorator.py took 8.031 seconds
[2025-07-17T17:18:54.236+0000] {processor.py:161} INFO - Started process (PID=2029) to work on /mnt/c/Users/Shivam Gupta/OneDrive/Documents/Shivam_Developement/DATA_ENGINEERING/data_engineering_project/batch-etl-pyspark/.venv/lib/python3.12/site-packages/airflow/example_dags/example_short_circuit_decorator.py
[2025-07-17T17:18:54.246+0000] {processor.py:830} INFO - Processing file /mnt/c/Users/Shivam Gupta/OneDrive/Documents/Shivam_Developement/DATA_ENGINEERING/data_engineering_project/batch-etl-pyspark/.venv/lib/python3.12/site-packages/airflow/example_dags/example_short_circuit_decorator.py for tasks to queue
[2025-07-17T17:18:54.253+0000] {logging_mixin.py:188} INFO - [2025-07-17T17:18:54.250+0000] {dagbag.py:545} INFO - Filling up the DagBag from /mnt/c/Users/Shivam Gupta/OneDrive/Documents/Shivam_Developement/DATA_ENGINEERING/data_engineering_project/batch-etl-pyspark/.venv/lib/python3.12/site-packages/airflow/example_dags/example_short_circuit_decorator.py
[2025-07-17T17:18:54.313+0000] {processor.py:840} INFO - DAG(s) 'example_short_circuit_decorator' retrieved from /mnt/c/Users/Shivam Gupta/OneDrive/Documents/Shivam_Developement/DATA_ENGINEERING/data_engineering_project/batch-etl-pyspark/.venv/lib/python3.12/site-packages/airflow/example_dags/example_short_circuit_decorator.py
[2025-07-17T17:18:54.434+0000] {logging_mixin.py:188} INFO - [2025-07-17T17:18:54.431+0000] {dag.py:3096} INFO - Sync 1 DAGs
[2025-07-17T17:18:54.518+0000] {logging_mixin.py:188} INFO - [2025-07-17T17:18:54.516+0000] {dag.py:3954} INFO - Setting next_dagrun for example_short_circuit_decorator to 2025-07-16 00:00:00+00:00, run_after=2025-07-17 00:00:00+00:00
[2025-07-17T17:18:54.736+0000] {processor.py:183} INFO - Processing /mnt/c/Users/Shivam Gupta/OneDrive/Documents/Shivam_Developement/DATA_ENGINEERING/data_engineering_project/batch-etl-pyspark/.venv/lib/python3.12/site-packages/airflow/example_dags/example_short_circuit_decorator.py took 0.528 seconds
[2025-07-17T17:21:20.092+0000] {processor.py:161} INFO - Started process (PID=2098) to work on /mnt/c/Users/Shivam Gupta/OneDrive/Documents/Shivam_Developement/DATA_ENGINEERING/data_engineering_project/batch-etl-pyspark/.venv/lib/python3.12/site-packages/airflow/example_dags/example_short_circuit_decorator.py
[2025-07-17T17:21:20.095+0000] {processor.py:830} INFO - Processing file /mnt/c/Users/Shivam Gupta/OneDrive/Documents/Shivam_Developement/DATA_ENGINEERING/data_engineering_project/batch-etl-pyspark/.venv/lib/python3.12/site-packages/airflow/example_dags/example_short_circuit_decorator.py for tasks to queue
[2025-07-17T17:21:20.099+0000] {logging_mixin.py:188} INFO - [2025-07-17T17:21:20.098+0000] {dagbag.py:545} INFO - Filling up the DagBag from /mnt/c/Users/Shivam Gupta/OneDrive/Documents/Shivam_Developement/DATA_ENGINEERING/data_engineering_project/batch-etl-pyspark/.venv/lib/python3.12/site-packages/airflow/example_dags/example_short_circuit_decorator.py
[2025-07-17T17:21:20.360+0000] {processor.py:840} INFO - DAG(s) 'example_short_circuit_decorator' retrieved from /mnt/c/Users/Shivam Gupta/OneDrive/Documents/Shivam_Developement/DATA_ENGINEERING/data_engineering_project/batch-etl-pyspark/.venv/lib/python3.12/site-packages/airflow/example_dags/example_short_circuit_decorator.py
[2025-07-17T17:21:20.593+0000] {logging_mixin.py:188} INFO - [2025-07-17T17:21:20.592+0000] {dag.py:3096} INFO - Sync 1 DAGs
[2025-07-17T17:21:20.645+0000] {logging_mixin.py:188} INFO - [2025-07-17T17:21:20.643+0000] {dag.py:3954} INFO - Setting next_dagrun for example_short_circuit_decorator to 2025-07-16 00:00:00+00:00, run_after=2025-07-17 00:00:00+00:00
[2025-07-17T17:21:20.782+0000] {processor.py:183} INFO - Processing /mnt/c/Users/Shivam Gupta/OneDrive/Documents/Shivam_Developement/DATA_ENGINEERING/data_engineering_project/batch-etl-pyspark/.venv/lib/python3.12/site-packages/airflow/example_dags/example_short_circuit_decorator.py took 0.776 seconds
[2025-07-17T17:23:11.520+0000] {processor.py:161} INFO - Started process (PID=2180) to work on /mnt/c/Users/Shivam Gupta/OneDrive/Documents/Shivam_Developement/DATA_ENGINEERING/data_engineering_project/batch-etl-pyspark/.venv/lib/python3.12/site-packages/airflow/example_dags/example_short_circuit_decorator.py
[2025-07-17T17:23:11.569+0000] {processor.py:830} INFO - Processing file /mnt/c/Users/Shivam Gupta/OneDrive/Documents/Shivam_Developement/DATA_ENGINEERING/data_engineering_project/batch-etl-pyspark/.venv/lib/python3.12/site-packages/airflow/example_dags/example_short_circuit_decorator.py for tasks to queue
[2025-07-17T17:23:11.607+0000] {logging_mixin.py:188} INFO - [2025-07-17T17:23:11.594+0000] {dagbag.py:545} INFO - Filling up the DagBag from /mnt/c/Users/Shivam Gupta/OneDrive/Documents/Shivam_Developement/DATA_ENGINEERING/data_engineering_project/batch-etl-pyspark/.venv/lib/python3.12/site-packages/airflow/example_dags/example_short_circuit_decorator.py
[2025-07-17T17:23:11.716+0000] {processor.py:840} INFO - DAG(s) 'example_short_circuit_decorator' retrieved from /mnt/c/Users/Shivam Gupta/OneDrive/Documents/Shivam_Developement/DATA_ENGINEERING/data_engineering_project/batch-etl-pyspark/.venv/lib/python3.12/site-packages/airflow/example_dags/example_short_circuit_decorator.py
[2025-07-17T17:23:11.780+0000] {logging_mixin.py:188} INFO - [2025-07-17T17:23:11.777+0000] {dag.py:3096} INFO - Sync 1 DAGs
[2025-07-17T17:23:11.849+0000] {logging_mixin.py:188} INFO - [2025-07-17T17:23:11.845+0000] {dag.py:3954} INFO - Setting next_dagrun for example_short_circuit_decorator to 2025-07-16 00:00:00+00:00, run_after=2025-07-17 00:00:00+00:00
[2025-07-17T17:23:12.044+0000] {processor.py:183} INFO - Processing /mnt/c/Users/Shivam Gupta/OneDrive/Documents/Shivam_Developement/DATA_ENGINEERING/data_engineering_project/batch-etl-pyspark/.venv/lib/python3.12/site-packages/airflow/example_dags/example_short_circuit_decorator.py took 0.669 seconds
[2025-07-17T17:25:04.559+0000] {processor.py:161} INFO - Started process (PID=2243) to work on /mnt/c/Users/Shivam Gupta/OneDrive/Documents/Shivam_Developement/DATA_ENGINEERING/data_engineering_project/batch-etl-pyspark/.venv/lib/python3.12/site-packages/airflow/example_dags/example_short_circuit_decorator.py
[2025-07-17T17:25:04.565+0000] {processor.py:830} INFO - Processing file /mnt/c/Users/Shivam Gupta/OneDrive/Documents/Shivam_Developement/DATA_ENGINEERING/data_engineering_project/batch-etl-pyspark/.venv/lib/python3.12/site-packages/airflow/example_dags/example_short_circuit_decorator.py for tasks to queue
[2025-07-17T17:25:04.569+0000] {logging_mixin.py:188} INFO - [2025-07-17T17:25:04.567+0000] {dagbag.py:545} INFO - Filling up the DagBag from /mnt/c/Users/Shivam Gupta/OneDrive/Documents/Shivam_Developement/DATA_ENGINEERING/data_engineering_project/batch-etl-pyspark/.venv/lib/python3.12/site-packages/airflow/example_dags/example_short_circuit_decorator.py
[2025-07-17T17:25:04.607+0000] {processor.py:840} INFO - DAG(s) 'example_short_circuit_decorator' retrieved from /mnt/c/Users/Shivam Gupta/OneDrive/Documents/Shivam_Developement/DATA_ENGINEERING/data_engineering_project/batch-etl-pyspark/.venv/lib/python3.12/site-packages/airflow/example_dags/example_short_circuit_decorator.py
[2025-07-17T17:25:04.665+0000] {logging_mixin.py:188} INFO - [2025-07-17T17:25:04.664+0000] {dag.py:3096} INFO - Sync 1 DAGs
[2025-07-17T17:25:04.709+0000] {logging_mixin.py:188} INFO - [2025-07-17T17:25:04.706+0000] {dag.py:3954} INFO - Setting next_dagrun for example_short_circuit_decorator to 2025-07-16 00:00:00+00:00, run_after=2025-07-17 00:00:00+00:00
[2025-07-17T17:25:04.815+0000] {processor.py:183} INFO - Processing /mnt/c/Users/Shivam Gupta/OneDrive/Documents/Shivam_Developement/DATA_ENGINEERING/data_engineering_project/batch-etl-pyspark/.venv/lib/python3.12/site-packages/airflow/example_dags/example_short_circuit_decorator.py took 0.276 seconds
[2025-07-17T17:27:13.428+0000] {processor.py:161} INFO - Started process (PID=2317) to work on /mnt/c/Users/Shivam Gupta/OneDrive/Documents/Shivam_Developement/DATA_ENGINEERING/data_engineering_project/batch-etl-pyspark/.venv/lib/python3.12/site-packages/airflow/example_dags/example_short_circuit_decorator.py
[2025-07-17T17:27:13.433+0000] {processor.py:830} INFO - Processing file /mnt/c/Users/Shivam Gupta/OneDrive/Documents/Shivam_Developement/DATA_ENGINEERING/data_engineering_project/batch-etl-pyspark/.venv/lib/python3.12/site-packages/airflow/example_dags/example_short_circuit_decorator.py for tasks to queue
[2025-07-17T17:27:13.462+0000] {logging_mixin.py:188} INFO - [2025-07-17T17:27:13.437+0000] {dagbag.py:545} INFO - Filling up the DagBag from /mnt/c/Users/Shivam Gupta/OneDrive/Documents/Shivam_Developement/DATA_ENGINEERING/data_engineering_project/batch-etl-pyspark/.venv/lib/python3.12/site-packages/airflow/example_dags/example_short_circuit_decorator.py
[2025-07-17T17:27:13.567+0000] {processor.py:840} INFO - DAG(s) 'example_short_circuit_decorator' retrieved from /mnt/c/Users/Shivam Gupta/OneDrive/Documents/Shivam_Developement/DATA_ENGINEERING/data_engineering_project/batch-etl-pyspark/.venv/lib/python3.12/site-packages/airflow/example_dags/example_short_circuit_decorator.py
[2025-07-17T17:27:13.625+0000] {logging_mixin.py:188} INFO - [2025-07-17T17:27:13.623+0000] {dag.py:3096} INFO - Sync 1 DAGs
[2025-07-17T17:27:13.659+0000] {logging_mixin.py:188} INFO - [2025-07-17T17:27:13.658+0000] {dag.py:3954} INFO - Setting next_dagrun for example_short_circuit_decorator to 2025-07-16 00:00:00+00:00, run_after=2025-07-17 00:00:00+00:00
[2025-07-17T17:27:13.741+0000] {processor.py:183} INFO - Processing /mnt/c/Users/Shivam Gupta/OneDrive/Documents/Shivam_Developement/DATA_ENGINEERING/data_engineering_project/batch-etl-pyspark/.venv/lib/python3.12/site-packages/airflow/example_dags/example_short_circuit_decorator.py took 0.340 seconds
[2025-07-17T17:33:00.564+0000] {processor.py:161} INFO - Started process (PID=2484) to work on /mnt/c/Users/Shivam Gupta/OneDrive/Documents/Shivam_Developement/DATA_ENGINEERING/data_engineering_project/batch-etl-pyspark/.venv/lib/python3.12/site-packages/airflow/example_dags/example_short_circuit_decorator.py
[2025-07-17T17:33:00.569+0000] {processor.py:830} INFO - Processing file /mnt/c/Users/Shivam Gupta/OneDrive/Documents/Shivam_Developement/DATA_ENGINEERING/data_engineering_project/batch-etl-pyspark/.venv/lib/python3.12/site-packages/airflow/example_dags/example_short_circuit_decorator.py for tasks to queue
[2025-07-17T17:33:00.573+0000] {logging_mixin.py:188} INFO - [2025-07-17T17:33:00.571+0000] {dagbag.py:545} INFO - Filling up the DagBag from /mnt/c/Users/Shivam Gupta/OneDrive/Documents/Shivam_Developement/DATA_ENGINEERING/data_engineering_project/batch-etl-pyspark/.venv/lib/python3.12/site-packages/airflow/example_dags/example_short_circuit_decorator.py
[2025-07-17T17:33:00.628+0000] {processor.py:840} INFO - DAG(s) 'example_short_circuit_decorator' retrieved from /mnt/c/Users/Shivam Gupta/OneDrive/Documents/Shivam_Developement/DATA_ENGINEERING/data_engineering_project/batch-etl-pyspark/.venv/lib/python3.12/site-packages/airflow/example_dags/example_short_circuit_decorator.py
[2025-07-17T17:33:00.738+0000] {logging_mixin.py:188} INFO - [2025-07-17T17:33:00.735+0000] {dag.py:3096} INFO - Sync 1 DAGs
[2025-07-17T17:33:00.933+0000] {logging_mixin.py:188} INFO - [2025-07-17T17:33:00.928+0000] {dag.py:3954} INFO - Setting next_dagrun for example_short_circuit_decorator to 2025-07-16 00:00:00+00:00, run_after=2025-07-17 00:00:00+00:00
[2025-07-17T17:33:01.130+0000] {processor.py:183} INFO - Processing /mnt/c/Users/Shivam Gupta/OneDrive/Documents/Shivam_Developement/DATA_ENGINEERING/data_engineering_project/batch-etl-pyspark/.venv/lib/python3.12/site-packages/airflow/example_dags/example_short_circuit_decorator.py took 0.593 seconds
[2025-07-17T17:35:09.168+0000] {processor.py:161} INFO - Started process (PID=2557) to work on /mnt/c/Users/Shivam Gupta/OneDrive/Documents/Shivam_Developement/DATA_ENGINEERING/data_engineering_project/batch-etl-pyspark/.venv/lib/python3.12/site-packages/airflow/example_dags/example_short_circuit_decorator.py
[2025-07-17T17:35:09.172+0000] {processor.py:830} INFO - Processing file /mnt/c/Users/Shivam Gupta/OneDrive/Documents/Shivam_Developement/DATA_ENGINEERING/data_engineering_project/batch-etl-pyspark/.venv/lib/python3.12/site-packages/airflow/example_dags/example_short_circuit_decorator.py for tasks to queue
[2025-07-17T17:35:09.175+0000] {logging_mixin.py:188} INFO - [2025-07-17T17:35:09.174+0000] {dagbag.py:545} INFO - Filling up the DagBag from /mnt/c/Users/Shivam Gupta/OneDrive/Documents/Shivam_Developement/DATA_ENGINEERING/data_engineering_project/batch-etl-pyspark/.venv/lib/python3.12/site-packages/airflow/example_dags/example_short_circuit_decorator.py
[2025-07-17T17:35:09.213+0000] {processor.py:840} INFO - DAG(s) 'example_short_circuit_decorator' retrieved from /mnt/c/Users/Shivam Gupta/OneDrive/Documents/Shivam_Developement/DATA_ENGINEERING/data_engineering_project/batch-etl-pyspark/.venv/lib/python3.12/site-packages/airflow/example_dags/example_short_circuit_decorator.py
[2025-07-17T17:35:09.248+0000] {logging_mixin.py:188} INFO - [2025-07-17T17:35:09.247+0000] {dag.py:3096} INFO - Sync 1 DAGs
[2025-07-17T17:35:09.278+0000] {logging_mixin.py:188} INFO - [2025-07-17T17:35:09.277+0000] {dag.py:3954} INFO - Setting next_dagrun for example_short_circuit_decorator to 2025-07-16 00:00:00+00:00, run_after=2025-07-17 00:00:00+00:00
[2025-07-17T17:35:09.352+0000] {processor.py:183} INFO - Processing /mnt/c/Users/Shivam Gupta/OneDrive/Documents/Shivam_Developement/DATA_ENGINEERING/data_engineering_project/batch-etl-pyspark/.venv/lib/python3.12/site-packages/airflow/example_dags/example_short_circuit_decorator.py took 0.209 seconds
[2025-07-17T17:37:03.446+0000] {processor.py:161} INFO - Started process (PID=2626) to work on /mnt/c/Users/Shivam Gupta/OneDrive/Documents/Shivam_Developement/DATA_ENGINEERING/data_engineering_project/batch-etl-pyspark/.venv/lib/python3.12/site-packages/airflow/example_dags/example_short_circuit_decorator.py
[2025-07-17T17:37:03.448+0000] {processor.py:830} INFO - Processing file /mnt/c/Users/Shivam Gupta/OneDrive/Documents/Shivam_Developement/DATA_ENGINEERING/data_engineering_project/batch-etl-pyspark/.venv/lib/python3.12/site-packages/airflow/example_dags/example_short_circuit_decorator.py for tasks to queue
[2025-07-17T17:37:03.451+0000] {logging_mixin.py:188} INFO - [2025-07-17T17:37:03.450+0000] {dagbag.py:545} INFO - Filling up the DagBag from /mnt/c/Users/Shivam Gupta/OneDrive/Documents/Shivam_Developement/DATA_ENGINEERING/data_engineering_project/batch-etl-pyspark/.venv/lib/python3.12/site-packages/airflow/example_dags/example_short_circuit_decorator.py
[2025-07-17T17:37:03.490+0000] {processor.py:840} INFO - DAG(s) 'example_short_circuit_decorator' retrieved from /mnt/c/Users/Shivam Gupta/OneDrive/Documents/Shivam_Developement/DATA_ENGINEERING/data_engineering_project/batch-etl-pyspark/.venv/lib/python3.12/site-packages/airflow/example_dags/example_short_circuit_decorator.py
[2025-07-17T17:37:03.538+0000] {logging_mixin.py:188} INFO - [2025-07-17T17:37:03.537+0000] {dag.py:3096} INFO - Sync 1 DAGs
[2025-07-17T17:37:03.590+0000] {logging_mixin.py:188} INFO - [2025-07-17T17:37:03.588+0000] {dag.py:3954} INFO - Setting next_dagrun for example_short_circuit_decorator to 2025-07-16 00:00:00+00:00, run_after=2025-07-17 00:00:00+00:00
[2025-07-17T17:37:03.757+0000] {processor.py:183} INFO - Processing /mnt/c/Users/Shivam Gupta/OneDrive/Documents/Shivam_Developement/DATA_ENGINEERING/data_engineering_project/batch-etl-pyspark/.venv/lib/python3.12/site-packages/airflow/example_dags/example_short_circuit_decorator.py took 0.328 seconds
[2025-07-17T17:38:56.992+0000] {processor.py:161} INFO - Started process (PID=2691) to work on /mnt/c/Users/Shivam Gupta/OneDrive/Documents/Shivam_Developement/DATA_ENGINEERING/data_engineering_project/batch-etl-pyspark/.venv/lib/python3.12/site-packages/airflow/example_dags/example_short_circuit_decorator.py
[2025-07-17T17:38:56.996+0000] {processor.py:830} INFO - Processing file /mnt/c/Users/Shivam Gupta/OneDrive/Documents/Shivam_Developement/DATA_ENGINEERING/data_engineering_project/batch-etl-pyspark/.venv/lib/python3.12/site-packages/airflow/example_dags/example_short_circuit_decorator.py for tasks to queue
[2025-07-17T17:38:57.002+0000] {logging_mixin.py:188} INFO - [2025-07-17T17:38:57.000+0000] {dagbag.py:545} INFO - Filling up the DagBag from /mnt/c/Users/Shivam Gupta/OneDrive/Documents/Shivam_Developement/DATA_ENGINEERING/data_engineering_project/batch-etl-pyspark/.venv/lib/python3.12/site-packages/airflow/example_dags/example_short_circuit_decorator.py
[2025-07-17T17:38:57.044+0000] {processor.py:840} INFO - DAG(s) 'example_short_circuit_decorator' retrieved from /mnt/c/Users/Shivam Gupta/OneDrive/Documents/Shivam_Developement/DATA_ENGINEERING/data_engineering_project/batch-etl-pyspark/.venv/lib/python3.12/site-packages/airflow/example_dags/example_short_circuit_decorator.py
[2025-07-17T17:38:57.083+0000] {logging_mixin.py:188} INFO - [2025-07-17T17:38:57.082+0000] {dag.py:3096} INFO - Sync 1 DAGs
[2025-07-17T17:38:57.129+0000] {logging_mixin.py:188} INFO - [2025-07-17T17:38:57.120+0000] {dag.py:3954} INFO - Setting next_dagrun for example_short_circuit_decorator to 2025-07-16 00:00:00+00:00, run_after=2025-07-17 00:00:00+00:00
[2025-07-17T17:38:57.534+0000] {processor.py:183} INFO - Processing /mnt/c/Users/Shivam Gupta/OneDrive/Documents/Shivam_Developement/DATA_ENGINEERING/data_engineering_project/batch-etl-pyspark/.venv/lib/python3.12/site-packages/airflow/example_dags/example_short_circuit_decorator.py took 0.574 seconds
[2025-07-17T17:40:35.796+0000] {processor.py:161} INFO - Started process (PID=2752) to work on /mnt/c/Users/Shivam Gupta/OneDrive/Documents/Shivam_Developement/DATA_ENGINEERING/data_engineering_project/batch-etl-pyspark/.venv/lib/python3.12/site-packages/airflow/example_dags/example_short_circuit_decorator.py
[2025-07-17T17:40:35.799+0000] {processor.py:830} INFO - Processing file /mnt/c/Users/Shivam Gupta/OneDrive/Documents/Shivam_Developement/DATA_ENGINEERING/data_engineering_project/batch-etl-pyspark/.venv/lib/python3.12/site-packages/airflow/example_dags/example_short_circuit_decorator.py for tasks to queue
[2025-07-17T17:40:35.803+0000] {logging_mixin.py:188} INFO - [2025-07-17T17:40:35.801+0000] {dagbag.py:545} INFO - Filling up the DagBag from /mnt/c/Users/Shivam Gupta/OneDrive/Documents/Shivam_Developement/DATA_ENGINEERING/data_engineering_project/batch-etl-pyspark/.venv/lib/python3.12/site-packages/airflow/example_dags/example_short_circuit_decorator.py
[2025-07-17T17:40:35.844+0000] {processor.py:840} INFO - DAG(s) 'example_short_circuit_decorator' retrieved from /mnt/c/Users/Shivam Gupta/OneDrive/Documents/Shivam_Developement/DATA_ENGINEERING/data_engineering_project/batch-etl-pyspark/.venv/lib/python3.12/site-packages/airflow/example_dags/example_short_circuit_decorator.py
[2025-07-17T17:40:35.897+0000] {logging_mixin.py:188} INFO - [2025-07-17T17:40:35.894+0000] {dag.py:3096} INFO - Sync 1 DAGs
[2025-07-17T17:40:35.942+0000] {logging_mixin.py:188} INFO - [2025-07-17T17:40:35.940+0000] {dag.py:3954} INFO - Setting next_dagrun for example_short_circuit_decorator to 2025-07-16 00:00:00+00:00, run_after=2025-07-17 00:00:00+00:00
[2025-07-17T17:40:36.068+0000] {processor.py:183} INFO - Processing /mnt/c/Users/Shivam Gupta/OneDrive/Documents/Shivam_Developement/DATA_ENGINEERING/data_engineering_project/batch-etl-pyspark/.venv/lib/python3.12/site-packages/airflow/example_dags/example_short_circuit_decorator.py took 0.295 seconds
[2025-07-17T17:42:23.216+0000] {processor.py:161} INFO - Started process (PID=2810) to work on /mnt/c/Users/Shivam Gupta/OneDrive/Documents/Shivam_Developement/DATA_ENGINEERING/data_engineering_project/batch-etl-pyspark/.venv/lib/python3.12/site-packages/airflow/example_dags/example_short_circuit_decorator.py
[2025-07-17T17:42:23.221+0000] {processor.py:830} INFO - Processing file /mnt/c/Users/Shivam Gupta/OneDrive/Documents/Shivam_Developement/DATA_ENGINEERING/data_engineering_project/batch-etl-pyspark/.venv/lib/python3.12/site-packages/airflow/example_dags/example_short_circuit_decorator.py for tasks to queue
[2025-07-17T17:42:23.225+0000] {logging_mixin.py:188} INFO - [2025-07-17T17:42:23.223+0000] {dagbag.py:545} INFO - Filling up the DagBag from /mnt/c/Users/Shivam Gupta/OneDrive/Documents/Shivam_Developement/DATA_ENGINEERING/data_engineering_project/batch-etl-pyspark/.venv/lib/python3.12/site-packages/airflow/example_dags/example_short_circuit_decorator.py
[2025-07-17T17:42:23.257+0000] {processor.py:840} INFO - DAG(s) 'example_short_circuit_decorator' retrieved from /mnt/c/Users/Shivam Gupta/OneDrive/Documents/Shivam_Developement/DATA_ENGINEERING/data_engineering_project/batch-etl-pyspark/.venv/lib/python3.12/site-packages/airflow/example_dags/example_short_circuit_decorator.py
[2025-07-17T17:42:23.450+0000] {logging_mixin.py:188} INFO - [2025-07-17T17:42:23.446+0000] {dag.py:3096} INFO - Sync 1 DAGs
[2025-07-17T17:42:23.655+0000] {logging_mixin.py:188} INFO - [2025-07-17T17:42:23.632+0000] {dag.py:3954} INFO - Setting next_dagrun for example_short_circuit_decorator to 2025-07-16 00:00:00+00:00, run_after=2025-07-17 00:00:00+00:00
[2025-07-17T17:42:23.917+0000] {processor.py:183} INFO - Processing /mnt/c/Users/Shivam Gupta/OneDrive/Documents/Shivam_Developement/DATA_ENGINEERING/data_engineering_project/batch-etl-pyspark/.venv/lib/python3.12/site-packages/airflow/example_dags/example_short_circuit_decorator.py took 0.804 seconds
[2025-07-17T17:45:59.481+0000] {processor.py:161} INFO - Started process (PID=2923) to work on /mnt/c/Users/Shivam Gupta/OneDrive/Documents/Shivam_Developement/DATA_ENGINEERING/data_engineering_project/batch-etl-pyspark/.venv/lib/python3.12/site-packages/airflow/example_dags/example_short_circuit_decorator.py
[2025-07-17T17:45:59.486+0000] {processor.py:830} INFO - Processing file /mnt/c/Users/Shivam Gupta/OneDrive/Documents/Shivam_Developement/DATA_ENGINEERING/data_engineering_project/batch-etl-pyspark/.venv/lib/python3.12/site-packages/airflow/example_dags/example_short_circuit_decorator.py for tasks to queue
[2025-07-17T17:45:59.493+0000] {logging_mixin.py:188} INFO - [2025-07-17T17:45:59.490+0000] {dagbag.py:545} INFO - Filling up the DagBag from /mnt/c/Users/Shivam Gupta/OneDrive/Documents/Shivam_Developement/DATA_ENGINEERING/data_engineering_project/batch-etl-pyspark/.venv/lib/python3.12/site-packages/airflow/example_dags/example_short_circuit_decorator.py
[2025-07-17T17:45:59.562+0000] {processor.py:840} INFO - DAG(s) 'example_short_circuit_decorator' retrieved from /mnt/c/Users/Shivam Gupta/OneDrive/Documents/Shivam_Developement/DATA_ENGINEERING/data_engineering_project/batch-etl-pyspark/.venv/lib/python3.12/site-packages/airflow/example_dags/example_short_circuit_decorator.py
[2025-07-17T17:45:59.690+0000] {logging_mixin.py:188} INFO - [2025-07-17T17:45:59.683+0000] {dag.py:3096} INFO - Sync 1 DAGs
[2025-07-17T17:46:00.097+0000] {logging_mixin.py:188} INFO - [2025-07-17T17:46:00.059+0000] {dag.py:3954} INFO - Setting next_dagrun for example_short_circuit_decorator to 2025-07-16 00:00:00+00:00, run_after=2025-07-17 00:00:00+00:00
[2025-07-17T17:46:00.517+0000] {processor.py:183} INFO - Processing /mnt/c/Users/Shivam Gupta/OneDrive/Documents/Shivam_Developement/DATA_ENGINEERING/data_engineering_project/batch-etl-pyspark/.venv/lib/python3.12/site-packages/airflow/example_dags/example_short_circuit_decorator.py took 1.060 seconds
[2025-07-17T17:47:28.201+0000] {processor.py:161} INFO - Started process (PID=2984) to work on /mnt/c/Users/Shivam Gupta/OneDrive/Documents/Shivam_Developement/DATA_ENGINEERING/data_engineering_project/batch-etl-pyspark/.venv/lib/python3.12/site-packages/airflow/example_dags/example_short_circuit_decorator.py
[2025-07-17T17:47:28.205+0000] {processor.py:830} INFO - Processing file /mnt/c/Users/Shivam Gupta/OneDrive/Documents/Shivam_Developement/DATA_ENGINEERING/data_engineering_project/batch-etl-pyspark/.venv/lib/python3.12/site-packages/airflow/example_dags/example_short_circuit_decorator.py for tasks to queue
[2025-07-17T17:47:28.208+0000] {logging_mixin.py:188} INFO - [2025-07-17T17:47:28.207+0000] {dagbag.py:545} INFO - Filling up the DagBag from /mnt/c/Users/Shivam Gupta/OneDrive/Documents/Shivam_Developement/DATA_ENGINEERING/data_engineering_project/batch-etl-pyspark/.venv/lib/python3.12/site-packages/airflow/example_dags/example_short_circuit_decorator.py
[2025-07-17T17:47:28.244+0000] {processor.py:840} INFO - DAG(s) 'example_short_circuit_decorator' retrieved from /mnt/c/Users/Shivam Gupta/OneDrive/Documents/Shivam_Developement/DATA_ENGINEERING/data_engineering_project/batch-etl-pyspark/.venv/lib/python3.12/site-packages/airflow/example_dags/example_short_circuit_decorator.py
[2025-07-17T17:47:28.289+0000] {logging_mixin.py:188} INFO - [2025-07-17T17:47:28.287+0000] {dag.py:3096} INFO - Sync 1 DAGs
[2025-07-17T17:47:28.334+0000] {logging_mixin.py:188} INFO - [2025-07-17T17:47:28.332+0000] {dag.py:3954} INFO - Setting next_dagrun for example_short_circuit_decorator to 2025-07-16 00:00:00+00:00, run_after=2025-07-17 00:00:00+00:00
[2025-07-17T17:47:28.457+0000] {processor.py:183} INFO - Processing /mnt/c/Users/Shivam Gupta/OneDrive/Documents/Shivam_Developement/DATA_ENGINEERING/data_engineering_project/batch-etl-pyspark/.venv/lib/python3.12/site-packages/airflow/example_dags/example_short_circuit_decorator.py took 0.274 seconds
[2025-07-17T17:49:29.054+0000] {processor.py:161} INFO - Started process (PID=3084) to work on /mnt/c/Users/Shivam Gupta/OneDrive/Documents/Shivam_Developement/DATA_ENGINEERING/data_engineering_project/batch-etl-pyspark/.venv/lib/python3.12/site-packages/airflow/example_dags/example_short_circuit_decorator.py
[2025-07-17T17:49:29.057+0000] {processor.py:830} INFO - Processing file /mnt/c/Users/Shivam Gupta/OneDrive/Documents/Shivam_Developement/DATA_ENGINEERING/data_engineering_project/batch-etl-pyspark/.venv/lib/python3.12/site-packages/airflow/example_dags/example_short_circuit_decorator.py for tasks to queue
[2025-07-17T17:49:29.061+0000] {logging_mixin.py:188} INFO - [2025-07-17T17:49:29.060+0000] {dagbag.py:545} INFO - Filling up the DagBag from /mnt/c/Users/Shivam Gupta/OneDrive/Documents/Shivam_Developement/DATA_ENGINEERING/data_engineering_project/batch-etl-pyspark/.venv/lib/python3.12/site-packages/airflow/example_dags/example_short_circuit_decorator.py
[2025-07-17T17:49:29.093+0000] {processor.py:840} INFO - DAG(s) 'example_short_circuit_decorator' retrieved from /mnt/c/Users/Shivam Gupta/OneDrive/Documents/Shivam_Developement/DATA_ENGINEERING/data_engineering_project/batch-etl-pyspark/.venv/lib/python3.12/site-packages/airflow/example_dags/example_short_circuit_decorator.py
[2025-07-17T17:49:29.134+0000] {logging_mixin.py:188} INFO - [2025-07-17T17:49:29.132+0000] {dag.py:3096} INFO - Sync 1 DAGs
[2025-07-17T17:49:29.170+0000] {logging_mixin.py:188} INFO - [2025-07-17T17:49:29.169+0000] {dag.py:3954} INFO - Setting next_dagrun for example_short_circuit_decorator to 2025-07-16 00:00:00+00:00, run_after=2025-07-17 00:00:00+00:00
[2025-07-17T17:49:29.255+0000] {processor.py:183} INFO - Processing /mnt/c/Users/Shivam Gupta/OneDrive/Documents/Shivam_Developement/DATA_ENGINEERING/data_engineering_project/batch-etl-pyspark/.venv/lib/python3.12/site-packages/airflow/example_dags/example_short_circuit_decorator.py took 0.217 seconds
[2025-07-17T17:51:32.501+0000] {processor.py:161} INFO - Started process (PID=3187) to work on /mnt/c/Users/Shivam Gupta/OneDrive/Documents/Shivam_Developement/DATA_ENGINEERING/data_engineering_project/batch-etl-pyspark/.venv/lib/python3.12/site-packages/airflow/example_dags/example_short_circuit_decorator.py
[2025-07-17T17:51:32.504+0000] {processor.py:830} INFO - Processing file /mnt/c/Users/Shivam Gupta/OneDrive/Documents/Shivam_Developement/DATA_ENGINEERING/data_engineering_project/batch-etl-pyspark/.venv/lib/python3.12/site-packages/airflow/example_dags/example_short_circuit_decorator.py for tasks to queue
[2025-07-17T17:51:32.508+0000] {logging_mixin.py:188} INFO - [2025-07-17T17:51:32.506+0000] {dagbag.py:545} INFO - Filling up the DagBag from /mnt/c/Users/Shivam Gupta/OneDrive/Documents/Shivam_Developement/DATA_ENGINEERING/data_engineering_project/batch-etl-pyspark/.venv/lib/python3.12/site-packages/airflow/example_dags/example_short_circuit_decorator.py
[2025-07-17T17:51:32.548+0000] {processor.py:840} INFO - DAG(s) 'example_short_circuit_decorator' retrieved from /mnt/c/Users/Shivam Gupta/OneDrive/Documents/Shivam_Developement/DATA_ENGINEERING/data_engineering_project/batch-etl-pyspark/.venv/lib/python3.12/site-packages/airflow/example_dags/example_short_circuit_decorator.py
[2025-07-17T17:51:32.590+0000] {logging_mixin.py:188} INFO - [2025-07-17T17:51:32.588+0000] {dag.py:3096} INFO - Sync 1 DAGs
[2025-07-17T17:51:32.635+0000] {logging_mixin.py:188} INFO - [2025-07-17T17:51:32.633+0000] {dag.py:3954} INFO - Setting next_dagrun for example_short_circuit_decorator to 2025-07-16 00:00:00+00:00, run_after=2025-07-17 00:00:00+00:00
[2025-07-17T17:51:32.736+0000] {processor.py:183} INFO - Processing /mnt/c/Users/Shivam Gupta/OneDrive/Documents/Shivam_Developement/DATA_ENGINEERING/data_engineering_project/batch-etl-pyspark/.venv/lib/python3.12/site-packages/airflow/example_dags/example_short_circuit_decorator.py took 0.255 seconds
[2025-07-17T17:52:47.696+0000] {processor.py:161} INFO - Started process (PID=3244) to work on /mnt/c/Users/Shivam Gupta/OneDrive/Documents/Shivam_Developement/DATA_ENGINEERING/data_engineering_project/batch-etl-pyspark/.venv/lib/python3.12/site-packages/airflow/example_dags/example_short_circuit_decorator.py
[2025-07-17T17:52:47.700+0000] {processor.py:830} INFO - Processing file /mnt/c/Users/Shivam Gupta/OneDrive/Documents/Shivam_Developement/DATA_ENGINEERING/data_engineering_project/batch-etl-pyspark/.venv/lib/python3.12/site-packages/airflow/example_dags/example_short_circuit_decorator.py for tasks to queue
[2025-07-17T17:52:47.705+0000] {logging_mixin.py:188} INFO - [2025-07-17T17:52:47.703+0000] {dagbag.py:545} INFO - Filling up the DagBag from /mnt/c/Users/Shivam Gupta/OneDrive/Documents/Shivam_Developement/DATA_ENGINEERING/data_engineering_project/batch-etl-pyspark/.venv/lib/python3.12/site-packages/airflow/example_dags/example_short_circuit_decorator.py
[2025-07-17T17:52:47.745+0000] {processor.py:840} INFO - DAG(s) 'example_short_circuit_decorator' retrieved from /mnt/c/Users/Shivam Gupta/OneDrive/Documents/Shivam_Developement/DATA_ENGINEERING/data_engineering_project/batch-etl-pyspark/.venv/lib/python3.12/site-packages/airflow/example_dags/example_short_circuit_decorator.py
[2025-07-17T17:52:47.787+0000] {logging_mixin.py:188} INFO - [2025-07-17T17:52:47.786+0000] {dag.py:3096} INFO - Sync 1 DAGs
[2025-07-17T17:52:47.815+0000] {logging_mixin.py:188} INFO - [2025-07-17T17:52:47.815+0000] {dag.py:3954} INFO - Setting next_dagrun for example_short_circuit_decorator to 2025-07-16 00:00:00+00:00, run_after=2025-07-17 00:00:00+00:00
[2025-07-17T17:52:47.967+0000] {processor.py:183} INFO - Processing /mnt/c/Users/Shivam Gupta/OneDrive/Documents/Shivam_Developement/DATA_ENGINEERING/data_engineering_project/batch-etl-pyspark/.venv/lib/python3.12/site-packages/airflow/example_dags/example_short_circuit_decorator.py took 0.296 seconds
[2025-07-17T17:54:51.132+0000] {processor.py:161} INFO - Started process (PID=3347) to work on /mnt/c/Users/Shivam Gupta/OneDrive/Documents/Shivam_Developement/DATA_ENGINEERING/data_engineering_project/batch-etl-pyspark/.venv/lib/python3.12/site-packages/airflow/example_dags/example_short_circuit_decorator.py
[2025-07-17T17:54:51.135+0000] {processor.py:830} INFO - Processing file /mnt/c/Users/Shivam Gupta/OneDrive/Documents/Shivam_Developement/DATA_ENGINEERING/data_engineering_project/batch-etl-pyspark/.venv/lib/python3.12/site-packages/airflow/example_dags/example_short_circuit_decorator.py for tasks to queue
[2025-07-17T17:54:51.138+0000] {logging_mixin.py:188} INFO - [2025-07-17T17:54:51.136+0000] {dagbag.py:545} INFO - Filling up the DagBag from /mnt/c/Users/Shivam Gupta/OneDrive/Documents/Shivam_Developement/DATA_ENGINEERING/data_engineering_project/batch-etl-pyspark/.venv/lib/python3.12/site-packages/airflow/example_dags/example_short_circuit_decorator.py
[2025-07-17T17:54:51.168+0000] {processor.py:840} INFO - DAG(s) 'example_short_circuit_decorator' retrieved from /mnt/c/Users/Shivam Gupta/OneDrive/Documents/Shivam_Developement/DATA_ENGINEERING/data_engineering_project/batch-etl-pyspark/.venv/lib/python3.12/site-packages/airflow/example_dags/example_short_circuit_decorator.py
[2025-07-17T17:54:51.219+0000] {logging_mixin.py:188} INFO - [2025-07-17T17:54:51.216+0000] {dag.py:3096} INFO - Sync 1 DAGs
[2025-07-17T17:54:51.263+0000] {logging_mixin.py:188} INFO - [2025-07-17T17:54:51.262+0000] {dag.py:3954} INFO - Setting next_dagrun for example_short_circuit_decorator to 2025-07-16 00:00:00+00:00, run_after=2025-07-17 00:00:00+00:00
[2025-07-17T17:54:51.354+0000] {processor.py:183} INFO - Processing /mnt/c/Users/Shivam Gupta/OneDrive/Documents/Shivam_Developement/DATA_ENGINEERING/data_engineering_project/batch-etl-pyspark/.venv/lib/python3.12/site-packages/airflow/example_dags/example_short_circuit_decorator.py took 0.241 seconds
[2025-07-17T17:56:56.065+0000] {processor.py:161} INFO - Started process (PID=3448) to work on /mnt/c/Users/Shivam Gupta/OneDrive/Documents/Shivam_Developement/DATA_ENGINEERING/data_engineering_project/batch-etl-pyspark/.venv/lib/python3.12/site-packages/airflow/example_dags/example_short_circuit_decorator.py
[2025-07-17T17:56:56.068+0000] {processor.py:830} INFO - Processing file /mnt/c/Users/Shivam Gupta/OneDrive/Documents/Shivam_Developement/DATA_ENGINEERING/data_engineering_project/batch-etl-pyspark/.venv/lib/python3.12/site-packages/airflow/example_dags/example_short_circuit_decorator.py for tasks to queue
[2025-07-17T17:56:56.073+0000] {logging_mixin.py:188} INFO - [2025-07-17T17:56:56.071+0000] {dagbag.py:545} INFO - Filling up the DagBag from /mnt/c/Users/Shivam Gupta/OneDrive/Documents/Shivam_Developement/DATA_ENGINEERING/data_engineering_project/batch-etl-pyspark/.venv/lib/python3.12/site-packages/airflow/example_dags/example_short_circuit_decorator.py
[2025-07-17T17:56:56.113+0000] {processor.py:840} INFO - DAG(s) 'example_short_circuit_decorator' retrieved from /mnt/c/Users/Shivam Gupta/OneDrive/Documents/Shivam_Developement/DATA_ENGINEERING/data_engineering_project/batch-etl-pyspark/.venv/lib/python3.12/site-packages/airflow/example_dags/example_short_circuit_decorator.py
[2025-07-17T17:56:56.158+0000] {logging_mixin.py:188} INFO - [2025-07-17T17:56:56.156+0000] {dag.py:3096} INFO - Sync 1 DAGs
[2025-07-17T17:56:56.197+0000] {logging_mixin.py:188} INFO - [2025-07-17T17:56:56.195+0000] {dag.py:3954} INFO - Setting next_dagrun for example_short_circuit_decorator to 2025-07-16 00:00:00+00:00, run_after=2025-07-17 00:00:00+00:00
[2025-07-17T17:56:56.305+0000] {processor.py:183} INFO - Processing /mnt/c/Users/Shivam Gupta/OneDrive/Documents/Shivam_Developement/DATA_ENGINEERING/data_engineering_project/batch-etl-pyspark/.venv/lib/python3.12/site-packages/airflow/example_dags/example_short_circuit_decorator.py took 0.259 seconds
[2025-07-17T17:58:58.195+0000] {processor.py:161} INFO - Started process (PID=3548) to work on /mnt/c/Users/Shivam Gupta/OneDrive/Documents/Shivam_Developement/DATA_ENGINEERING/data_engineering_project/batch-etl-pyspark/.venv/lib/python3.12/site-packages/airflow/example_dags/example_short_circuit_decorator.py
[2025-07-17T17:58:58.198+0000] {processor.py:830} INFO - Processing file /mnt/c/Users/Shivam Gupta/OneDrive/Documents/Shivam_Developement/DATA_ENGINEERING/data_engineering_project/batch-etl-pyspark/.venv/lib/python3.12/site-packages/airflow/example_dags/example_short_circuit_decorator.py for tasks to queue
[2025-07-17T17:58:58.203+0000] {logging_mixin.py:188} INFO - [2025-07-17T17:58:58.201+0000] {dagbag.py:545} INFO - Filling up the DagBag from /mnt/c/Users/Shivam Gupta/OneDrive/Documents/Shivam_Developement/DATA_ENGINEERING/data_engineering_project/batch-etl-pyspark/.venv/lib/python3.12/site-packages/airflow/example_dags/example_short_circuit_decorator.py
[2025-07-17T17:58:58.268+0000] {processor.py:840} INFO - DAG(s) 'example_short_circuit_decorator' retrieved from /mnt/c/Users/Shivam Gupta/OneDrive/Documents/Shivam_Developement/DATA_ENGINEERING/data_engineering_project/batch-etl-pyspark/.venv/lib/python3.12/site-packages/airflow/example_dags/example_short_circuit_decorator.py
[2025-07-17T17:58:58.320+0000] {logging_mixin.py:188} INFO - [2025-07-17T17:58:58.319+0000] {dag.py:3096} INFO - Sync 1 DAGs
[2025-07-17T17:58:58.356+0000] {logging_mixin.py:188} INFO - [2025-07-17T17:58:58.355+0000] {dag.py:3954} INFO - Setting next_dagrun for example_short_circuit_decorator to 2025-07-16 00:00:00+00:00, run_after=2025-07-17 00:00:00+00:00
[2025-07-17T17:58:58.459+0000] {processor.py:183} INFO - Processing /mnt/c/Users/Shivam Gupta/OneDrive/Documents/Shivam_Developement/DATA_ENGINEERING/data_engineering_project/batch-etl-pyspark/.venv/lib/python3.12/site-packages/airflow/example_dags/example_short_circuit_decorator.py took 0.285 seconds
[2025-07-17T18:01:09.930+0000] {processor.py:161} INFO - Started process (PID=3653) to work on /mnt/c/Users/Shivam Gupta/OneDrive/Documents/Shivam_Developement/DATA_ENGINEERING/data_engineering_project/batch-etl-pyspark/.venv/lib/python3.12/site-packages/airflow/example_dags/example_short_circuit_decorator.py
[2025-07-17T18:01:09.933+0000] {processor.py:830} INFO - Processing file /mnt/c/Users/Shivam Gupta/OneDrive/Documents/Shivam_Developement/DATA_ENGINEERING/data_engineering_project/batch-etl-pyspark/.venv/lib/python3.12/site-packages/airflow/example_dags/example_short_circuit_decorator.py for tasks to queue
[2025-07-17T18:01:09.937+0000] {logging_mixin.py:188} INFO - [2025-07-17T18:01:09.935+0000] {dagbag.py:545} INFO - Filling up the DagBag from /mnt/c/Users/Shivam Gupta/OneDrive/Documents/Shivam_Developement/DATA_ENGINEERING/data_engineering_project/batch-etl-pyspark/.venv/lib/python3.12/site-packages/airflow/example_dags/example_short_circuit_decorator.py
[2025-07-17T18:01:09.978+0000] {processor.py:840} INFO - DAG(s) 'example_short_circuit_decorator' retrieved from /mnt/c/Users/Shivam Gupta/OneDrive/Documents/Shivam_Developement/DATA_ENGINEERING/data_engineering_project/batch-etl-pyspark/.venv/lib/python3.12/site-packages/airflow/example_dags/example_short_circuit_decorator.py
[2025-07-17T18:01:10.023+0000] {logging_mixin.py:188} INFO - [2025-07-17T18:01:10.022+0000] {dag.py:3096} INFO - Sync 1 DAGs
[2025-07-17T18:01:10.054+0000] {logging_mixin.py:188} INFO - [2025-07-17T18:01:10.053+0000] {dag.py:3954} INFO - Setting next_dagrun for example_short_circuit_decorator to 2025-07-16 00:00:00+00:00, run_after=2025-07-17 00:00:00+00:00
[2025-07-17T18:01:10.176+0000] {processor.py:183} INFO - Processing /mnt/c/Users/Shivam Gupta/OneDrive/Documents/Shivam_Developement/DATA_ENGINEERING/data_engineering_project/batch-etl-pyspark/.venv/lib/python3.12/site-packages/airflow/example_dags/example_short_circuit_decorator.py took 0.263 seconds
[2025-07-17T18:03:09.218+0000] {processor.py:161} INFO - Started process (PID=3756) to work on /mnt/c/Users/Shivam Gupta/OneDrive/Documents/Shivam_Developement/DATA_ENGINEERING/data_engineering_project/batch-etl-pyspark/.venv/lib/python3.12/site-packages/airflow/example_dags/example_short_circuit_decorator.py
[2025-07-17T18:03:09.221+0000] {processor.py:830} INFO - Processing file /mnt/c/Users/Shivam Gupta/OneDrive/Documents/Shivam_Developement/DATA_ENGINEERING/data_engineering_project/batch-etl-pyspark/.venv/lib/python3.12/site-packages/airflow/example_dags/example_short_circuit_decorator.py for tasks to queue
[2025-07-17T18:03:09.226+0000] {logging_mixin.py:188} INFO - [2025-07-17T18:03:09.224+0000] {dagbag.py:545} INFO - Filling up the DagBag from /mnt/c/Users/Shivam Gupta/OneDrive/Documents/Shivam_Developement/DATA_ENGINEERING/data_engineering_project/batch-etl-pyspark/.venv/lib/python3.12/site-packages/airflow/example_dags/example_short_circuit_decorator.py
[2025-07-17T18:03:09.258+0000] {processor.py:840} INFO - DAG(s) 'example_short_circuit_decorator' retrieved from /mnt/c/Users/Shivam Gupta/OneDrive/Documents/Shivam_Developement/DATA_ENGINEERING/data_engineering_project/batch-etl-pyspark/.venv/lib/python3.12/site-packages/airflow/example_dags/example_short_circuit_decorator.py
[2025-07-17T18:03:09.301+0000] {logging_mixin.py:188} INFO - [2025-07-17T18:03:09.300+0000] {dag.py:3096} INFO - Sync 1 DAGs
[2025-07-17T18:03:09.333+0000] {logging_mixin.py:188} INFO - [2025-07-17T18:03:09.331+0000] {dag.py:3954} INFO - Setting next_dagrun for example_short_circuit_decorator to 2025-07-16 00:00:00+00:00, run_after=2025-07-17 00:00:00+00:00
[2025-07-17T18:03:09.430+0000] {processor.py:183} INFO - Processing /mnt/c/Users/Shivam Gupta/OneDrive/Documents/Shivam_Developement/DATA_ENGINEERING/data_engineering_project/batch-etl-pyspark/.venv/lib/python3.12/site-packages/airflow/example_dags/example_short_circuit_decorator.py took 0.231 seconds
[2025-07-17T18:05:10.696+0000] {processor.py:161} INFO - Started process (PID=3859) to work on /mnt/c/Users/Shivam Gupta/OneDrive/Documents/Shivam_Developement/DATA_ENGINEERING/data_engineering_project/batch-etl-pyspark/.venv/lib/python3.12/site-packages/airflow/example_dags/example_short_circuit_decorator.py
[2025-07-17T18:05:10.698+0000] {processor.py:830} INFO - Processing file /mnt/c/Users/Shivam Gupta/OneDrive/Documents/Shivam_Developement/DATA_ENGINEERING/data_engineering_project/batch-etl-pyspark/.venv/lib/python3.12/site-packages/airflow/example_dags/example_short_circuit_decorator.py for tasks to queue
[2025-07-17T18:05:10.701+0000] {logging_mixin.py:188} INFO - [2025-07-17T18:05:10.699+0000] {dagbag.py:545} INFO - Filling up the DagBag from /mnt/c/Users/Shivam Gupta/OneDrive/Documents/Shivam_Developement/DATA_ENGINEERING/data_engineering_project/batch-etl-pyspark/.venv/lib/python3.12/site-packages/airflow/example_dags/example_short_circuit_decorator.py
[2025-07-17T18:05:10.719+0000] {processor.py:840} INFO - DAG(s) 'example_short_circuit_decorator' retrieved from /mnt/c/Users/Shivam Gupta/OneDrive/Documents/Shivam_Developement/DATA_ENGINEERING/data_engineering_project/batch-etl-pyspark/.venv/lib/python3.12/site-packages/airflow/example_dags/example_short_circuit_decorator.py
[2025-07-17T18:05:10.757+0000] {logging_mixin.py:188} INFO - [2025-07-17T18:05:10.756+0000] {dag.py:3096} INFO - Sync 1 DAGs
[2025-07-17T18:05:10.814+0000] {logging_mixin.py:188} INFO - [2025-07-17T18:05:10.808+0000] {dag.py:3954} INFO - Setting next_dagrun for example_short_circuit_decorator to 2025-07-16 00:00:00+00:00, run_after=2025-07-17 00:00:00+00:00
[2025-07-17T18:05:10.998+0000] {processor.py:183} INFO - Processing /mnt/c/Users/Shivam Gupta/OneDrive/Documents/Shivam_Developement/DATA_ENGINEERING/data_engineering_project/batch-etl-pyspark/.venv/lib/python3.12/site-packages/airflow/example_dags/example_short_circuit_decorator.py took 0.311 seconds
[2025-07-17T18:07:17.008+0000] {processor.py:161} INFO - Started process (PID=3960) to work on /mnt/c/Users/Shivam Gupta/OneDrive/Documents/Shivam_Developement/DATA_ENGINEERING/data_engineering_project/batch-etl-pyspark/.venv/lib/python3.12/site-packages/airflow/example_dags/example_short_circuit_decorator.py
[2025-07-17T18:07:17.011+0000] {processor.py:830} INFO - Processing file /mnt/c/Users/Shivam Gupta/OneDrive/Documents/Shivam_Developement/DATA_ENGINEERING/data_engineering_project/batch-etl-pyspark/.venv/lib/python3.12/site-packages/airflow/example_dags/example_short_circuit_decorator.py for tasks to queue
[2025-07-17T18:07:17.016+0000] {logging_mixin.py:188} INFO - [2025-07-17T18:07:17.013+0000] {dagbag.py:545} INFO - Filling up the DagBag from /mnt/c/Users/Shivam Gupta/OneDrive/Documents/Shivam_Developement/DATA_ENGINEERING/data_engineering_project/batch-etl-pyspark/.venv/lib/python3.12/site-packages/airflow/example_dags/example_short_circuit_decorator.py
[2025-07-17T18:07:17.062+0000] {processor.py:840} INFO - DAG(s) 'example_short_circuit_decorator' retrieved from /mnt/c/Users/Shivam Gupta/OneDrive/Documents/Shivam_Developement/DATA_ENGINEERING/data_engineering_project/batch-etl-pyspark/.venv/lib/python3.12/site-packages/airflow/example_dags/example_short_circuit_decorator.py
[2025-07-17T18:07:17.105+0000] {logging_mixin.py:188} INFO - [2025-07-17T18:07:17.103+0000] {dag.py:3096} INFO - Sync 1 DAGs
[2025-07-17T18:07:17.141+0000] {logging_mixin.py:188} INFO - [2025-07-17T18:07:17.140+0000] {dag.py:3954} INFO - Setting next_dagrun for example_short_circuit_decorator to 2025-07-16 00:00:00+00:00, run_after=2025-07-17 00:00:00+00:00
[2025-07-17T18:07:17.281+0000] {processor.py:183} INFO - Processing /mnt/c/Users/Shivam Gupta/OneDrive/Documents/Shivam_Developement/DATA_ENGINEERING/data_engineering_project/batch-etl-pyspark/.venv/lib/python3.12/site-packages/airflow/example_dags/example_short_circuit_decorator.py took 0.293 seconds
[2025-07-17T18:09:29.802+0000] {processor.py:161} INFO - Started process (PID=4063) to work on /mnt/c/Users/Shivam Gupta/OneDrive/Documents/Shivam_Developement/DATA_ENGINEERING/data_engineering_project/batch-etl-pyspark/.venv/lib/python3.12/site-packages/airflow/example_dags/example_short_circuit_decorator.py
[2025-07-17T18:09:29.805+0000] {processor.py:830} INFO - Processing file /mnt/c/Users/Shivam Gupta/OneDrive/Documents/Shivam_Developement/DATA_ENGINEERING/data_engineering_project/batch-etl-pyspark/.venv/lib/python3.12/site-packages/airflow/example_dags/example_short_circuit_decorator.py for tasks to queue
[2025-07-17T18:09:29.809+0000] {logging_mixin.py:188} INFO - [2025-07-17T18:09:29.808+0000] {dagbag.py:545} INFO - Filling up the DagBag from /mnt/c/Users/Shivam Gupta/OneDrive/Documents/Shivam_Developement/DATA_ENGINEERING/data_engineering_project/batch-etl-pyspark/.venv/lib/python3.12/site-packages/airflow/example_dags/example_short_circuit_decorator.py
[2025-07-17T18:09:29.846+0000] {processor.py:840} INFO - DAG(s) 'example_short_circuit_decorator' retrieved from /mnt/c/Users/Shivam Gupta/OneDrive/Documents/Shivam_Developement/DATA_ENGINEERING/data_engineering_project/batch-etl-pyspark/.venv/lib/python3.12/site-packages/airflow/example_dags/example_short_circuit_decorator.py
[2025-07-17T18:09:29.887+0000] {logging_mixin.py:188} INFO - [2025-07-17T18:09:29.885+0000] {dag.py:3096} INFO - Sync 1 DAGs
[2025-07-17T18:09:29.957+0000] {logging_mixin.py:188} INFO - [2025-07-17T18:09:29.954+0000] {dag.py:3954} INFO - Setting next_dagrun for example_short_circuit_decorator to 2025-07-16 00:00:00+00:00, run_after=2025-07-17 00:00:00+00:00
[2025-07-17T18:09:30.129+0000] {processor.py:183} INFO - Processing /mnt/c/Users/Shivam Gupta/OneDrive/Documents/Shivam_Developement/DATA_ENGINEERING/data_engineering_project/batch-etl-pyspark/.venv/lib/python3.12/site-packages/airflow/example_dags/example_short_circuit_decorator.py took 0.346 seconds
[2025-07-17T18:11:36.086+0000] {processor.py:161} INFO - Started process (PID=4167) to work on /mnt/c/Users/Shivam Gupta/OneDrive/Documents/Shivam_Developement/DATA_ENGINEERING/data_engineering_project/batch-etl-pyspark/.venv/lib/python3.12/site-packages/airflow/example_dags/example_short_circuit_decorator.py
[2025-07-17T18:11:36.098+0000] {processor.py:830} INFO - Processing file /mnt/c/Users/Shivam Gupta/OneDrive/Documents/Shivam_Developement/DATA_ENGINEERING/data_engineering_project/batch-etl-pyspark/.venv/lib/python3.12/site-packages/airflow/example_dags/example_short_circuit_decorator.py for tasks to queue
[2025-07-17T18:11:36.109+0000] {logging_mixin.py:188} INFO - [2025-07-17T18:11:36.104+0000] {dagbag.py:545} INFO - Filling up the DagBag from /mnt/c/Users/Shivam Gupta/OneDrive/Documents/Shivam_Developement/DATA_ENGINEERING/data_engineering_project/batch-etl-pyspark/.venv/lib/python3.12/site-packages/airflow/example_dags/example_short_circuit_decorator.py
[2025-07-17T18:11:36.155+0000] {processor.py:840} INFO - DAG(s) 'example_short_circuit_decorator' retrieved from /mnt/c/Users/Shivam Gupta/OneDrive/Documents/Shivam_Developement/DATA_ENGINEERING/data_engineering_project/batch-etl-pyspark/.venv/lib/python3.12/site-packages/airflow/example_dags/example_short_circuit_decorator.py
[2025-07-17T18:11:36.261+0000] {logging_mixin.py:188} INFO - [2025-07-17T18:11:36.258+0000] {dag.py:3096} INFO - Sync 1 DAGs
[2025-07-17T18:11:36.367+0000] {logging_mixin.py:188} INFO - [2025-07-17T18:11:36.359+0000] {dag.py:3954} INFO - Setting next_dagrun for example_short_circuit_decorator to 2025-07-16 00:00:00+00:00, run_after=2025-07-17 00:00:00+00:00
[2025-07-17T18:11:36.472+0000] {processor.py:183} INFO - Processing /mnt/c/Users/Shivam Gupta/OneDrive/Documents/Shivam_Developement/DATA_ENGINEERING/data_engineering_project/batch-etl-pyspark/.venv/lib/python3.12/site-packages/airflow/example_dags/example_short_circuit_decorator.py took 0.409 seconds
[2025-07-17T18:13:44.593+0000] {processor.py:161} INFO - Started process (PID=4270) to work on /mnt/c/Users/Shivam Gupta/OneDrive/Documents/Shivam_Developement/DATA_ENGINEERING/data_engineering_project/batch-etl-pyspark/.venv/lib/python3.12/site-packages/airflow/example_dags/example_short_circuit_decorator.py
[2025-07-17T18:13:44.595+0000] {processor.py:830} INFO - Processing file /mnt/c/Users/Shivam Gupta/OneDrive/Documents/Shivam_Developement/DATA_ENGINEERING/data_engineering_project/batch-etl-pyspark/.venv/lib/python3.12/site-packages/airflow/example_dags/example_short_circuit_decorator.py for tasks to queue
[2025-07-17T18:13:44.598+0000] {logging_mixin.py:188} INFO - [2025-07-17T18:13:44.597+0000] {dagbag.py:545} INFO - Filling up the DagBag from /mnt/c/Users/Shivam Gupta/OneDrive/Documents/Shivam_Developement/DATA_ENGINEERING/data_engineering_project/batch-etl-pyspark/.venv/lib/python3.12/site-packages/airflow/example_dags/example_short_circuit_decorator.py
[2025-07-17T18:13:44.629+0000] {processor.py:840} INFO - DAG(s) 'example_short_circuit_decorator' retrieved from /mnt/c/Users/Shivam Gupta/OneDrive/Documents/Shivam_Developement/DATA_ENGINEERING/data_engineering_project/batch-etl-pyspark/.venv/lib/python3.12/site-packages/airflow/example_dags/example_short_circuit_decorator.py
[2025-07-17T18:13:44.671+0000] {logging_mixin.py:188} INFO - [2025-07-17T18:13:44.670+0000] {dag.py:3096} INFO - Sync 1 DAGs
[2025-07-17T18:13:44.703+0000] {logging_mixin.py:188} INFO - [2025-07-17T18:13:44.702+0000] {dag.py:3954} INFO - Setting next_dagrun for example_short_circuit_decorator to 2025-07-16 00:00:00+00:00, run_after=2025-07-17 00:00:00+00:00
[2025-07-17T18:13:44.791+0000] {processor.py:183} INFO - Processing /mnt/c/Users/Shivam Gupta/OneDrive/Documents/Shivam_Developement/DATA_ENGINEERING/data_engineering_project/batch-etl-pyspark/.venv/lib/python3.12/site-packages/airflow/example_dags/example_short_circuit_decorator.py took 0.217 seconds
