[2025-07-17T17:16:24.284+0000] {processor.py:161} INFO - Started process (PID=1970) to work on /mnt/c/Users/Shivam Gupta/OneDrive/Documents/Shivam_Developement/DATA_ENGINEERING/data_engineering_project/batch-etl-pyspark/.venv/lib/python3.12/site-packages/airflow/example_dags/example_dag_decorator.py
[2025-07-17T17:16:24.289+0000] {processor.py:830} INFO - Processing file /mnt/c/Users/Shivam Gupta/OneDrive/Documents/Shivam_Developement/DATA_ENGINEERING/data_engineering_project/batch-etl-pyspark/.venv/lib/python3.12/site-packages/airflow/example_dags/example_dag_decorator.py for tasks to queue
[2025-07-17T17:16:24.293+0000] {logging_mixin.py:188} INFO - [2025-07-17T17:16:24.292+0000] {dagbag.py:545} INFO - Filling up the DagBag from /mnt/c/Users/Shivam Gupta/OneDrive/Documents/Shivam_Developement/DATA_ENGINEERING/data_engineering_project/batch-etl-pyspark/.venv/lib/python3.12/site-packages/airflow/example_dags/example_dag_decorator.py
[2025-07-17T17:16:26.019+0000] {processor.py:840} INFO - DAG(s) 'example_dag_decorator' retrieved from /mnt/c/Users/Shivam Gupta/OneDrive/Documents/Shivam_Developement/DATA_ENGINEERING/data_engineering_project/batch-etl-pyspark/.venv/lib/python3.12/site-packages/airflow/example_dags/example_dag_decorator.py
[2025-07-17T17:16:30.968+0000] {logging_mixin.py:188} INFO - [2025-07-17T17:16:30.966+0000] {dag.py:3096} INFO - Sync 1 DAGs
[2025-07-17T17:16:30.993+0000] {logging_mixin.py:188} INFO - [2025-07-17T17:16:30.992+0000] {dag.py:3954} INFO - Setting next_dagrun for example_dag_decorator to None, run_after=None
[2025-07-17T17:16:31.195+0000] {processor.py:183} INFO - Processing /mnt/c/Users/Shivam Gupta/OneDrive/Documents/Shivam_Developement/DATA_ENGINEERING/data_engineering_project/batch-etl-pyspark/.venv/lib/python3.12/site-packages/airflow/example_dags/example_dag_decorator.py took 6.929 seconds
[2025-07-17T17:19:41.077+0000] {processor.py:161} INFO - Started process (PID=2051) to work on /mnt/c/Users/Shivam Gupta/OneDrive/Documents/Shivam_Developement/DATA_ENGINEERING/data_engineering_project/batch-etl-pyspark/.venv/lib/python3.12/site-packages/airflow/example_dags/example_dag_decorator.py
[2025-07-17T17:19:41.081+0000] {processor.py:830} INFO - Processing file /mnt/c/Users/Shivam Gupta/OneDrive/Documents/Shivam_Developement/DATA_ENGINEERING/data_engineering_project/batch-etl-pyspark/.venv/lib/python3.12/site-packages/airflow/example_dags/example_dag_decorator.py for tasks to queue
[2025-07-17T17:19:41.087+0000] {logging_mixin.py:188} INFO - [2025-07-17T17:19:41.085+0000] {dagbag.py:545} INFO - Filling up the DagBag from /mnt/c/Users/Shivam Gupta/OneDrive/Documents/Shivam_Developement/DATA_ENGINEERING/data_engineering_project/batch-etl-pyspark/.venv/lib/python3.12/site-packages/airflow/example_dags/example_dag_decorator.py
[2025-07-17T17:19:42.362+0000] {processor.py:840} INFO - DAG(s) 'example_dag_decorator' retrieved from /mnt/c/Users/Shivam Gupta/OneDrive/Documents/Shivam_Developement/DATA_ENGINEERING/data_engineering_project/batch-etl-pyspark/.venv/lib/python3.12/site-packages/airflow/example_dags/example_dag_decorator.py
[2025-07-17T17:19:46.653+0000] {logging_mixin.py:188} INFO - [2025-07-17T17:19:46.650+0000] {dag.py:3096} INFO - Sync 1 DAGs
[2025-07-17T17:19:46.674+0000] {logging_mixin.py:188} INFO - [2025-07-17T17:19:46.671+0000] {dag.py:3954} INFO - Setting next_dagrun for example_dag_decorator to None, run_after=None
[2025-07-17T17:19:46.812+0000] {processor.py:183} INFO - Processing /mnt/c/Users/Shivam Gupta/OneDrive/Documents/Shivam_Developement/DATA_ENGINEERING/data_engineering_project/batch-etl-pyspark/.venv/lib/python3.12/site-packages/airflow/example_dags/example_dag_decorator.py took 5.762 seconds
[2025-07-17T17:23:30.391+0000] {processor.py:161} INFO - Started process (PID=2192) to work on /mnt/c/Users/Shivam Gupta/OneDrive/Documents/Shivam_Developement/DATA_ENGINEERING/data_engineering_project/batch-etl-pyspark/.venv/lib/python3.12/site-packages/airflow/example_dags/example_dag_decorator.py
[2025-07-17T17:23:30.397+0000] {processor.py:830} INFO - Processing file /mnt/c/Users/Shivam Gupta/OneDrive/Documents/Shivam_Developement/DATA_ENGINEERING/data_engineering_project/batch-etl-pyspark/.venv/lib/python3.12/site-packages/airflow/example_dags/example_dag_decorator.py for tasks to queue
[2025-07-17T17:23:30.406+0000] {logging_mixin.py:188} INFO - [2025-07-17T17:23:30.403+0000] {dagbag.py:545} INFO - Filling up the DagBag from /mnt/c/Users/Shivam Gupta/OneDrive/Documents/Shivam_Developement/DATA_ENGINEERING/data_engineering_project/batch-etl-pyspark/.venv/lib/python3.12/site-packages/airflow/example_dags/example_dag_decorator.py
[2025-07-17T17:23:31.577+0000] {processor.py:840} INFO - DAG(s) 'example_dag_decorator' retrieved from /mnt/c/Users/Shivam Gupta/OneDrive/Documents/Shivam_Developement/DATA_ENGINEERING/data_engineering_project/batch-etl-pyspark/.venv/lib/python3.12/site-packages/airflow/example_dags/example_dag_decorator.py
[2025-07-17T17:23:38.546+0000] {logging_mixin.py:188} INFO - [2025-07-17T17:23:38.541+0000] {dag.py:3096} INFO - Sync 1 DAGs
[2025-07-17T17:23:38.590+0000] {logging_mixin.py:188} INFO - [2025-07-17T17:23:38.588+0000] {dag.py:3954} INFO - Setting next_dagrun for example_dag_decorator to None, run_after=None
[2025-07-17T17:23:38.811+0000] {processor.py:183} INFO - Processing /mnt/c/Users/Shivam Gupta/OneDrive/Documents/Shivam_Developement/DATA_ENGINEERING/data_engineering_project/batch-etl-pyspark/.venv/lib/python3.12/site-packages/airflow/example_dags/example_dag_decorator.py took 8.454 seconds
[2025-07-17T17:27:39.818+0000] {processor.py:161} INFO - Started process (PID=2330) to work on /mnt/c/Users/Shivam Gupta/OneDrive/Documents/Shivam_Developement/DATA_ENGINEERING/data_engineering_project/batch-etl-pyspark/.venv/lib/python3.12/site-packages/airflow/example_dags/example_dag_decorator.py
[2025-07-17T17:27:39.823+0000] {processor.py:830} INFO - Processing file /mnt/c/Users/Shivam Gupta/OneDrive/Documents/Shivam_Developement/DATA_ENGINEERING/data_engineering_project/batch-etl-pyspark/.venv/lib/python3.12/site-packages/airflow/example_dags/example_dag_decorator.py for tasks to queue
[2025-07-17T17:27:39.829+0000] {logging_mixin.py:188} INFO - [2025-07-17T17:27:39.826+0000] {dagbag.py:545} INFO - Filling up the DagBag from /mnt/c/Users/Shivam Gupta/OneDrive/Documents/Shivam_Developement/DATA_ENGINEERING/data_engineering_project/batch-etl-pyspark/.venv/lib/python3.12/site-packages/airflow/example_dags/example_dag_decorator.py
[2025-07-17T17:27:40.257+0000] {processor.py:840} INFO - DAG(s) 'example_dag_decorator' retrieved from /mnt/c/Users/Shivam Gupta/OneDrive/Documents/Shivam_Developement/DATA_ENGINEERING/data_engineering_project/batch-etl-pyspark/.venv/lib/python3.12/site-packages/airflow/example_dags/example_dag_decorator.py
[2025-07-17T17:27:48.611+0000] {logging_mixin.py:188} INFO - [2025-07-17T17:27:48.609+0000] {dag.py:3096} INFO - Sync 1 DAGs
[2025-07-17T17:27:48.645+0000] {logging_mixin.py:188} INFO - [2025-07-17T17:27:48.642+0000] {dag.py:3954} INFO - Setting next_dagrun for example_dag_decorator to None, run_after=None
[2025-07-17T17:27:48.808+0000] {processor.py:183} INFO - Processing /mnt/c/Users/Shivam Gupta/OneDrive/Documents/Shivam_Developement/DATA_ENGINEERING/data_engineering_project/batch-etl-pyspark/.venv/lib/python3.12/site-packages/airflow/example_dags/example_dag_decorator.py took 9.010 seconds
[2025-07-17T17:33:37.379+0000] {processor.py:161} INFO - Started process (PID=2504) to work on /mnt/c/Users/Shivam Gupta/OneDrive/Documents/Shivam_Developement/DATA_ENGINEERING/data_engineering_project/batch-etl-pyspark/.venv/lib/python3.12/site-packages/airflow/example_dags/example_dag_decorator.py
[2025-07-17T17:33:37.382+0000] {processor.py:830} INFO - Processing file /mnt/c/Users/Shivam Gupta/OneDrive/Documents/Shivam_Developement/DATA_ENGINEERING/data_engineering_project/batch-etl-pyspark/.venv/lib/python3.12/site-packages/airflow/example_dags/example_dag_decorator.py for tasks to queue
[2025-07-17T17:33:37.386+0000] {logging_mixin.py:188} INFO - [2025-07-17T17:33:37.385+0000] {dagbag.py:545} INFO - Filling up the DagBag from /mnt/c/Users/Shivam Gupta/OneDrive/Documents/Shivam_Developement/DATA_ENGINEERING/data_engineering_project/batch-etl-pyspark/.venv/lib/python3.12/site-packages/airflow/example_dags/example_dag_decorator.py
[2025-07-17T17:33:37.836+0000] {processor.py:840} INFO - DAG(s) 'example_dag_decorator' retrieved from /mnt/c/Users/Shivam Gupta/OneDrive/Documents/Shivam_Developement/DATA_ENGINEERING/data_engineering_project/batch-etl-pyspark/.venv/lib/python3.12/site-packages/airflow/example_dags/example_dag_decorator.py
[2025-07-17T17:33:40.120+0000] {logging_mixin.py:188} INFO - [2025-07-17T17:33:40.119+0000] {dag.py:3096} INFO - Sync 1 DAGs
[2025-07-17T17:33:40.138+0000] {logging_mixin.py:188} INFO - [2025-07-17T17:33:40.136+0000] {dag.py:3954} INFO - Setting next_dagrun for example_dag_decorator to None, run_after=None
[2025-07-17T17:33:40.228+0000] {processor.py:183} INFO - Processing /mnt/c/Users/Shivam Gupta/OneDrive/Documents/Shivam_Developement/DATA_ENGINEERING/data_engineering_project/batch-etl-pyspark/.venv/lib/python3.12/site-packages/airflow/example_dags/example_dag_decorator.py took 2.866 seconds
[2025-07-17T17:37:22.329+0000] {processor.py:161} INFO - Started process (PID=2634) to work on /mnt/c/Users/Shivam Gupta/OneDrive/Documents/Shivam_Developement/DATA_ENGINEERING/data_engineering_project/batch-etl-pyspark/.venv/lib/python3.12/site-packages/airflow/example_dags/example_dag_decorator.py
[2025-07-17T17:37:22.339+0000] {processor.py:830} INFO - Processing file /mnt/c/Users/Shivam Gupta/OneDrive/Documents/Shivam_Developement/DATA_ENGINEERING/data_engineering_project/batch-etl-pyspark/.venv/lib/python3.12/site-packages/airflow/example_dags/example_dag_decorator.py for tasks to queue
[2025-07-17T17:37:22.351+0000] {logging_mixin.py:188} INFO - [2025-07-17T17:37:22.341+0000] {dagbag.py:545} INFO - Filling up the DagBag from /mnt/c/Users/Shivam Gupta/OneDrive/Documents/Shivam_Developement/DATA_ENGINEERING/data_engineering_project/batch-etl-pyspark/.venv/lib/python3.12/site-packages/airflow/example_dags/example_dag_decorator.py
[2025-07-17T17:37:23.487+0000] {processor.py:840} INFO - DAG(s) 'example_dag_decorator' retrieved from /mnt/c/Users/Shivam Gupta/OneDrive/Documents/Shivam_Developement/DATA_ENGINEERING/data_engineering_project/batch-etl-pyspark/.venv/lib/python3.12/site-packages/airflow/example_dags/example_dag_decorator.py
[2025-07-17T17:37:27.040+0000] {logging_mixin.py:188} INFO - [2025-07-17T17:37:27.037+0000] {dag.py:3096} INFO - Sync 1 DAGs
[2025-07-17T17:37:27.107+0000] {logging_mixin.py:188} INFO - [2025-07-17T17:37:27.105+0000] {dag.py:3954} INFO - Setting next_dagrun for example_dag_decorator to None, run_after=None
[2025-07-17T17:37:27.311+0000] {processor.py:183} INFO - Processing /mnt/c/Users/Shivam Gupta/OneDrive/Documents/Shivam_Developement/DATA_ENGINEERING/data_engineering_project/batch-etl-pyspark/.venv/lib/python3.12/site-packages/airflow/example_dags/example_dag_decorator.py took 5.014 seconds
[2025-07-17T17:40:43.752+0000] {processor.py:161} INFO - Started process (PID=2757) to work on /mnt/c/Users/Shivam Gupta/OneDrive/Documents/Shivam_Developement/DATA_ENGINEERING/data_engineering_project/batch-etl-pyspark/.venv/lib/python3.12/site-packages/airflow/example_dags/example_dag_decorator.py
[2025-07-17T17:40:43.755+0000] {processor.py:830} INFO - Processing file /mnt/c/Users/Shivam Gupta/OneDrive/Documents/Shivam_Developement/DATA_ENGINEERING/data_engineering_project/batch-etl-pyspark/.venv/lib/python3.12/site-packages/airflow/example_dags/example_dag_decorator.py for tasks to queue
[2025-07-17T17:40:43.760+0000] {logging_mixin.py:188} INFO - [2025-07-17T17:40:43.757+0000] {dagbag.py:545} INFO - Filling up the DagBag from /mnt/c/Users/Shivam Gupta/OneDrive/Documents/Shivam_Developement/DATA_ENGINEERING/data_engineering_project/batch-etl-pyspark/.venv/lib/python3.12/site-packages/airflow/example_dags/example_dag_decorator.py
[2025-07-17T17:40:44.529+0000] {processor.py:840} INFO - DAG(s) 'example_dag_decorator' retrieved from /mnt/c/Users/Shivam Gupta/OneDrive/Documents/Shivam_Developement/DATA_ENGINEERING/data_engineering_project/batch-etl-pyspark/.venv/lib/python3.12/site-packages/airflow/example_dags/example_dag_decorator.py
[2025-07-17T17:40:48.632+0000] {logging_mixin.py:188} INFO - [2025-07-17T17:40:48.631+0000] {dag.py:3096} INFO - Sync 1 DAGs
[2025-07-17T17:40:48.661+0000] {logging_mixin.py:188} INFO - [2025-07-17T17:40:48.659+0000] {dag.py:3954} INFO - Setting next_dagrun for example_dag_decorator to None, run_after=None
[2025-07-17T17:40:48.836+0000] {processor.py:183} INFO - Processing /mnt/c/Users/Shivam Gupta/OneDrive/Documents/Shivam_Developement/DATA_ENGINEERING/data_engineering_project/batch-etl-pyspark/.venv/lib/python3.12/site-packages/airflow/example_dags/example_dag_decorator.py took 5.103 seconds
[2025-07-17T17:44:06.808+0000] {processor.py:161} INFO - Started process (PID=2870) to work on /mnt/c/Users/Shivam Gupta/OneDrive/Documents/Shivam_Developement/DATA_ENGINEERING/data_engineering_project/batch-etl-pyspark/.venv/lib/python3.12/site-packages/airflow/example_dags/example_dag_decorator.py
[2025-07-17T17:44:06.851+0000] {processor.py:830} INFO - Processing file /mnt/c/Users/Shivam Gupta/OneDrive/Documents/Shivam_Developement/DATA_ENGINEERING/data_engineering_project/batch-etl-pyspark/.venv/lib/python3.12/site-packages/airflow/example_dags/example_dag_decorator.py for tasks to queue
[2025-07-17T17:44:06.873+0000] {logging_mixin.py:188} INFO - [2025-07-17T17:44:06.870+0000] {dagbag.py:545} INFO - Filling up the DagBag from /mnt/c/Users/Shivam Gupta/OneDrive/Documents/Shivam_Developement/DATA_ENGINEERING/data_engineering_project/batch-etl-pyspark/.venv/lib/python3.12/site-packages/airflow/example_dags/example_dag_decorator.py
[2025-07-17T17:44:08.844+0000] {processor.py:840} INFO - DAG(s) 'example_dag_decorator' retrieved from /mnt/c/Users/Shivam Gupta/OneDrive/Documents/Shivam_Developement/DATA_ENGINEERING/data_engineering_project/batch-etl-pyspark/.venv/lib/python3.12/site-packages/airflow/example_dags/example_dag_decorator.py
[2025-07-17T17:44:08.891+0000] {logging_mixin.py:188} INFO - [2025-07-17T17:44:08.890+0000] {dag.py:3096} INFO - Sync 1 DAGs
[2025-07-17T17:44:09.052+0000] {logging_mixin.py:188} INFO - [2025-07-17T17:44:09.039+0000] {dag.py:3954} INFO - Setting next_dagrun for example_dag_decorator to None, run_after=None
[2025-07-17T17:44:09.318+0000] {processor.py:183} INFO - Processing /mnt/c/Users/Shivam Gupta/OneDrive/Documents/Shivam_Developement/DATA_ENGINEERING/data_engineering_project/batch-etl-pyspark/.venv/lib/python3.12/site-packages/airflow/example_dags/example_dag_decorator.py took 2.537 seconds
[2025-07-17T17:47:38.818+0000] {processor.py:161} INFO - Started process (PID=2991) to work on /mnt/c/Users/Shivam Gupta/OneDrive/Documents/Shivam_Developement/DATA_ENGINEERING/data_engineering_project/batch-etl-pyspark/.venv/lib/python3.12/site-packages/airflow/example_dags/example_dag_decorator.py
[2025-07-17T17:47:38.822+0000] {processor.py:830} INFO - Processing file /mnt/c/Users/Shivam Gupta/OneDrive/Documents/Shivam_Developement/DATA_ENGINEERING/data_engineering_project/batch-etl-pyspark/.venv/lib/python3.12/site-packages/airflow/example_dags/example_dag_decorator.py for tasks to queue
[2025-07-17T17:47:38.826+0000] {logging_mixin.py:188} INFO - [2025-07-17T17:47:38.824+0000] {dagbag.py:545} INFO - Filling up the DagBag from /mnt/c/Users/Shivam Gupta/OneDrive/Documents/Shivam_Developement/DATA_ENGINEERING/data_engineering_project/batch-etl-pyspark/.venv/lib/python3.12/site-packages/airflow/example_dags/example_dag_decorator.py
[2025-07-17T17:47:39.347+0000] {processor.py:840} INFO - DAG(s) 'example_dag_decorator' retrieved from /mnt/c/Users/Shivam Gupta/OneDrive/Documents/Shivam_Developement/DATA_ENGINEERING/data_engineering_project/batch-etl-pyspark/.venv/lib/python3.12/site-packages/airflow/example_dags/example_dag_decorator.py
[2025-07-17T17:47:41.382+0000] {logging_mixin.py:188} INFO - [2025-07-17T17:47:41.380+0000] {dag.py:3096} INFO - Sync 1 DAGs
[2025-07-17T17:47:41.405+0000] {logging_mixin.py:188} INFO - [2025-07-17T17:47:41.403+0000] {dag.py:3954} INFO - Setting next_dagrun for example_dag_decorator to None, run_after=None
[2025-07-17T17:47:41.510+0000] {processor.py:183} INFO - Processing /mnt/c/Users/Shivam Gupta/OneDrive/Documents/Shivam_Developement/DATA_ENGINEERING/data_engineering_project/batch-etl-pyspark/.venv/lib/python3.12/site-packages/airflow/example_dags/example_dag_decorator.py took 2.711 seconds
[2025-07-17T17:49:39.720+0000] {processor.py:161} INFO - Started process (PID=3091) to work on /mnt/c/Users/Shivam Gupta/OneDrive/Documents/Shivam_Developement/DATA_ENGINEERING/data_engineering_project/batch-etl-pyspark/.venv/lib/python3.12/site-packages/airflow/example_dags/example_dag_decorator.py
[2025-07-17T17:49:39.723+0000] {processor.py:830} INFO - Processing file /mnt/c/Users/Shivam Gupta/OneDrive/Documents/Shivam_Developement/DATA_ENGINEERING/data_engineering_project/batch-etl-pyspark/.venv/lib/python3.12/site-packages/airflow/example_dags/example_dag_decorator.py for tasks to queue
[2025-07-17T17:49:39.728+0000] {logging_mixin.py:188} INFO - [2025-07-17T17:49:39.726+0000] {dagbag.py:545} INFO - Filling up the DagBag from /mnt/c/Users/Shivam Gupta/OneDrive/Documents/Shivam_Developement/DATA_ENGINEERING/data_engineering_project/batch-etl-pyspark/.venv/lib/python3.12/site-packages/airflow/example_dags/example_dag_decorator.py
[2025-07-17T17:49:40.333+0000] {processor.py:840} INFO - DAG(s) 'example_dag_decorator' retrieved from /mnt/c/Users/Shivam Gupta/OneDrive/Documents/Shivam_Developement/DATA_ENGINEERING/data_engineering_project/batch-etl-pyspark/.venv/lib/python3.12/site-packages/airflow/example_dags/example_dag_decorator.py
[2025-07-17T17:49:42.904+0000] {logging_mixin.py:188} INFO - [2025-07-17T17:49:42.900+0000] {dag.py:3096} INFO - Sync 1 DAGs
[2025-07-17T17:49:42.926+0000] {logging_mixin.py:188} INFO - [2025-07-17T17:49:42.924+0000] {dag.py:3954} INFO - Setting next_dagrun for example_dag_decorator to None, run_after=None
[2025-07-17T17:49:43.068+0000] {processor.py:183} INFO - Processing /mnt/c/Users/Shivam Gupta/OneDrive/Documents/Shivam_Developement/DATA_ENGINEERING/data_engineering_project/batch-etl-pyspark/.venv/lib/python3.12/site-packages/airflow/example_dags/example_dag_decorator.py took 3.373 seconds
[2025-07-17T17:51:45.504+0000] {processor.py:161} INFO - Started process (PID=3194) to work on /mnt/c/Users/Shivam Gupta/OneDrive/Documents/Shivam_Developement/DATA_ENGINEERING/data_engineering_project/batch-etl-pyspark/.venv/lib/python3.12/site-packages/airflow/example_dags/example_dag_decorator.py
[2025-07-17T17:51:45.508+0000] {processor.py:830} INFO - Processing file /mnt/c/Users/Shivam Gupta/OneDrive/Documents/Shivam_Developement/DATA_ENGINEERING/data_engineering_project/batch-etl-pyspark/.venv/lib/python3.12/site-packages/airflow/example_dags/example_dag_decorator.py for tasks to queue
[2025-07-17T17:51:45.512+0000] {logging_mixin.py:188} INFO - [2025-07-17T17:51:45.511+0000] {dagbag.py:545} INFO - Filling up the DagBag from /mnt/c/Users/Shivam Gupta/OneDrive/Documents/Shivam_Developement/DATA_ENGINEERING/data_engineering_project/batch-etl-pyspark/.venv/lib/python3.12/site-packages/airflow/example_dags/example_dag_decorator.py
[2025-07-17T17:51:46.408+0000] {processor.py:840} INFO - DAG(s) 'example_dag_decorator' retrieved from /mnt/c/Users/Shivam Gupta/OneDrive/Documents/Shivam_Developement/DATA_ENGINEERING/data_engineering_project/batch-etl-pyspark/.venv/lib/python3.12/site-packages/airflow/example_dags/example_dag_decorator.py
[2025-07-17T17:51:49.594+0000] {logging_mixin.py:188} INFO - [2025-07-17T17:51:49.593+0000] {dag.py:3096} INFO - Sync 1 DAGs
[2025-07-17T17:51:49.610+0000] {logging_mixin.py:188} INFO - [2025-07-17T17:51:49.609+0000] {dag.py:3954} INFO - Setting next_dagrun for example_dag_decorator to None, run_after=None
[2025-07-17T17:51:49.781+0000] {processor.py:183} INFO - Processing /mnt/c/Users/Shivam Gupta/OneDrive/Documents/Shivam_Developement/DATA_ENGINEERING/data_engineering_project/batch-etl-pyspark/.venv/lib/python3.12/site-packages/airflow/example_dags/example_dag_decorator.py took 4.302 seconds
[2025-07-17T17:53:53.461+0000] {processor.py:161} INFO - Started process (PID=3300) to work on /mnt/c/Users/Shivam Gupta/OneDrive/Documents/Shivam_Developement/DATA_ENGINEERING/data_engineering_project/batch-etl-pyspark/.venv/lib/python3.12/site-packages/airflow/example_dags/example_dag_decorator.py
[2025-07-17T17:53:53.463+0000] {processor.py:830} INFO - Processing file /mnt/c/Users/Shivam Gupta/OneDrive/Documents/Shivam_Developement/DATA_ENGINEERING/data_engineering_project/batch-etl-pyspark/.venv/lib/python3.12/site-packages/airflow/example_dags/example_dag_decorator.py for tasks to queue
[2025-07-17T17:53:53.467+0000] {logging_mixin.py:188} INFO - [2025-07-17T17:53:53.466+0000] {dagbag.py:545} INFO - Filling up the DagBag from /mnt/c/Users/Shivam Gupta/OneDrive/Documents/Shivam_Developement/DATA_ENGINEERING/data_engineering_project/batch-etl-pyspark/.venv/lib/python3.12/site-packages/airflow/example_dags/example_dag_decorator.py
[2025-07-17T17:53:53.987+0000] {processor.py:840} INFO - DAG(s) 'example_dag_decorator' retrieved from /mnt/c/Users/Shivam Gupta/OneDrive/Documents/Shivam_Developement/DATA_ENGINEERING/data_engineering_project/batch-etl-pyspark/.venv/lib/python3.12/site-packages/airflow/example_dags/example_dag_decorator.py
[2025-07-17T17:53:55.959+0000] {logging_mixin.py:188} INFO - [2025-07-17T17:53:55.955+0000] {dag.py:3096} INFO - Sync 1 DAGs
[2025-07-17T17:53:55.981+0000] {logging_mixin.py:188} INFO - [2025-07-17T17:53:55.977+0000] {dag.py:3954} INFO - Setting next_dagrun for example_dag_decorator to None, run_after=None
[2025-07-17T17:53:56.084+0000] {processor.py:183} INFO - Processing /mnt/c/Users/Shivam Gupta/OneDrive/Documents/Shivam_Developement/DATA_ENGINEERING/data_engineering_project/batch-etl-pyspark/.venv/lib/python3.12/site-packages/airflow/example_dags/example_dag_decorator.py took 2.639 seconds
[2025-07-17T17:55:56.500+0000] {processor.py:161} INFO - Started process (PID=3401) to work on /mnt/c/Users/Shivam Gupta/OneDrive/Documents/Shivam_Developement/DATA_ENGINEERING/data_engineering_project/batch-etl-pyspark/.venv/lib/python3.12/site-packages/airflow/example_dags/example_dag_decorator.py
[2025-07-17T17:55:56.502+0000] {processor.py:830} INFO - Processing file /mnt/c/Users/Shivam Gupta/OneDrive/Documents/Shivam_Developement/DATA_ENGINEERING/data_engineering_project/batch-etl-pyspark/.venv/lib/python3.12/site-packages/airflow/example_dags/example_dag_decorator.py for tasks to queue
[2025-07-17T17:55:56.505+0000] {logging_mixin.py:188} INFO - [2025-07-17T17:55:56.504+0000] {dagbag.py:545} INFO - Filling up the DagBag from /mnt/c/Users/Shivam Gupta/OneDrive/Documents/Shivam_Developement/DATA_ENGINEERING/data_engineering_project/batch-etl-pyspark/.venv/lib/python3.12/site-packages/airflow/example_dags/example_dag_decorator.py
[2025-07-17T17:55:57.038+0000] {processor.py:840} INFO - DAG(s) 'example_dag_decorator' retrieved from /mnt/c/Users/Shivam Gupta/OneDrive/Documents/Shivam_Developement/DATA_ENGINEERING/data_engineering_project/batch-etl-pyspark/.venv/lib/python3.12/site-packages/airflow/example_dags/example_dag_decorator.py
[2025-07-17T17:55:59.064+0000] {logging_mixin.py:188} INFO - [2025-07-17T17:55:59.063+0000] {dag.py:3096} INFO - Sync 1 DAGs
[2025-07-17T17:55:59.082+0000] {logging_mixin.py:188} INFO - [2025-07-17T17:55:59.081+0000] {dag.py:3954} INFO - Setting next_dagrun for example_dag_decorator to None, run_after=None
[2025-07-17T17:55:59.200+0000] {processor.py:183} INFO - Processing /mnt/c/Users/Shivam Gupta/OneDrive/Documents/Shivam_Developement/DATA_ENGINEERING/data_engineering_project/batch-etl-pyspark/.venv/lib/python3.12/site-packages/airflow/example_dags/example_dag_decorator.py took 2.717 seconds
[2025-07-17T17:58:01.013+0000] {processor.py:161} INFO - Started process (PID=3501) to work on /mnt/c/Users/Shivam Gupta/OneDrive/Documents/Shivam_Developement/DATA_ENGINEERING/data_engineering_project/batch-etl-pyspark/.venv/lib/python3.12/site-packages/airflow/example_dags/example_dag_decorator.py
[2025-07-17T17:58:01.016+0000] {processor.py:830} INFO - Processing file /mnt/c/Users/Shivam Gupta/OneDrive/Documents/Shivam_Developement/DATA_ENGINEERING/data_engineering_project/batch-etl-pyspark/.venv/lib/python3.12/site-packages/airflow/example_dags/example_dag_decorator.py for tasks to queue
[2025-07-17T17:58:01.020+0000] {logging_mixin.py:188} INFO - [2025-07-17T17:58:01.018+0000] {dagbag.py:545} INFO - Filling up the DagBag from /mnt/c/Users/Shivam Gupta/OneDrive/Documents/Shivam_Developement/DATA_ENGINEERING/data_engineering_project/batch-etl-pyspark/.venv/lib/python3.12/site-packages/airflow/example_dags/example_dag_decorator.py
[2025-07-17T17:58:01.526+0000] {processor.py:840} INFO - DAG(s) 'example_dag_decorator' retrieved from /mnt/c/Users/Shivam Gupta/OneDrive/Documents/Shivam_Developement/DATA_ENGINEERING/data_engineering_project/batch-etl-pyspark/.venv/lib/python3.12/site-packages/airflow/example_dags/example_dag_decorator.py
[2025-07-17T17:58:03.791+0000] {logging_mixin.py:188} INFO - [2025-07-17T17:58:03.781+0000] {dag.py:3096} INFO - Sync 1 DAGs
[2025-07-17T17:58:03.809+0000] {logging_mixin.py:188} INFO - [2025-07-17T17:58:03.807+0000] {dag.py:3954} INFO - Setting next_dagrun for example_dag_decorator to None, run_after=None
[2025-07-17T17:58:03.922+0000] {processor.py:183} INFO - Processing /mnt/c/Users/Shivam Gupta/OneDrive/Documents/Shivam_Developement/DATA_ENGINEERING/data_engineering_project/batch-etl-pyspark/.venv/lib/python3.12/site-packages/airflow/example_dags/example_dag_decorator.py took 2.928 seconds
[2025-07-17T18:00:08.134+0000] {processor.py:161} INFO - Started process (PID=3603) to work on /mnt/c/Users/Shivam Gupta/OneDrive/Documents/Shivam_Developement/DATA_ENGINEERING/data_engineering_project/batch-etl-pyspark/.venv/lib/python3.12/site-packages/airflow/example_dags/example_dag_decorator.py
[2025-07-17T18:00:08.137+0000] {processor.py:830} INFO - Processing file /mnt/c/Users/Shivam Gupta/OneDrive/Documents/Shivam_Developement/DATA_ENGINEERING/data_engineering_project/batch-etl-pyspark/.venv/lib/python3.12/site-packages/airflow/example_dags/example_dag_decorator.py for tasks to queue
[2025-07-17T18:00:08.140+0000] {logging_mixin.py:188} INFO - [2025-07-17T18:00:08.139+0000] {dagbag.py:545} INFO - Filling up the DagBag from /mnt/c/Users/Shivam Gupta/OneDrive/Documents/Shivam_Developement/DATA_ENGINEERING/data_engineering_project/batch-etl-pyspark/.venv/lib/python3.12/site-packages/airflow/example_dags/example_dag_decorator.py
[2025-07-17T18:00:08.783+0000] {processor.py:840} INFO - DAG(s) 'example_dag_decorator' retrieved from /mnt/c/Users/Shivam Gupta/OneDrive/Documents/Shivam_Developement/DATA_ENGINEERING/data_engineering_project/batch-etl-pyspark/.venv/lib/python3.12/site-packages/airflow/example_dags/example_dag_decorator.py
[2025-07-17T18:00:10.826+0000] {logging_mixin.py:188} INFO - [2025-07-17T18:00:10.824+0000] {dag.py:3096} INFO - Sync 1 DAGs
[2025-07-17T18:00:10.841+0000] {logging_mixin.py:188} INFO - [2025-07-17T18:00:10.840+0000] {dag.py:3954} INFO - Setting next_dagrun for example_dag_decorator to None, run_after=None
[2025-07-17T18:00:10.961+0000] {processor.py:183} INFO - Processing /mnt/c/Users/Shivam Gupta/OneDrive/Documents/Shivam_Developement/DATA_ENGINEERING/data_engineering_project/batch-etl-pyspark/.venv/lib/python3.12/site-packages/airflow/example_dags/example_dag_decorator.py took 2.845 seconds
[2025-07-17T18:02:14.505+0000] {processor.py:161} INFO - Started process (PID=3710) to work on /mnt/c/Users/Shivam Gupta/OneDrive/Documents/Shivam_Developement/DATA_ENGINEERING/data_engineering_project/batch-etl-pyspark/.venv/lib/python3.12/site-packages/airflow/example_dags/example_dag_decorator.py
[2025-07-17T18:02:14.507+0000] {processor.py:830} INFO - Processing file /mnt/c/Users/Shivam Gupta/OneDrive/Documents/Shivam_Developement/DATA_ENGINEERING/data_engineering_project/batch-etl-pyspark/.venv/lib/python3.12/site-packages/airflow/example_dags/example_dag_decorator.py for tasks to queue
[2025-07-17T18:02:14.511+0000] {logging_mixin.py:188} INFO - [2025-07-17T18:02:14.509+0000] {dagbag.py:545} INFO - Filling up the DagBag from /mnt/c/Users/Shivam Gupta/OneDrive/Documents/Shivam_Developement/DATA_ENGINEERING/data_engineering_project/batch-etl-pyspark/.venv/lib/python3.12/site-packages/airflow/example_dags/example_dag_decorator.py
[2025-07-17T18:02:15.292+0000] {processor.py:840} INFO - DAG(s) 'example_dag_decorator' retrieved from /mnt/c/Users/Shivam Gupta/OneDrive/Documents/Shivam_Developement/DATA_ENGINEERING/data_engineering_project/batch-etl-pyspark/.venv/lib/python3.12/site-packages/airflow/example_dags/example_dag_decorator.py
[2025-07-17T18:02:15.338+0000] {logging_mixin.py:188} INFO - [2025-07-17T18:02:15.337+0000] {dag.py:3096} INFO - Sync 1 DAGs
[2025-07-17T18:02:15.353+0000] {logging_mixin.py:188} INFO - [2025-07-17T18:02:15.352+0000] {dag.py:3954} INFO - Setting next_dagrun for example_dag_decorator to None, run_after=None
[2025-07-17T18:02:15.468+0000] {processor.py:183} INFO - Processing /mnt/c/Users/Shivam Gupta/OneDrive/Documents/Shivam_Developement/DATA_ENGINEERING/data_engineering_project/batch-etl-pyspark/.venv/lib/python3.12/site-packages/airflow/example_dags/example_dag_decorator.py took 0.981 seconds
[2025-07-17T18:04:16.340+0000] {processor.py:161} INFO - Started process (PID=3812) to work on /mnt/c/Users/Shivam Gupta/OneDrive/Documents/Shivam_Developement/DATA_ENGINEERING/data_engineering_project/batch-etl-pyspark/.venv/lib/python3.12/site-packages/airflow/example_dags/example_dag_decorator.py
[2025-07-17T18:04:16.343+0000] {processor.py:830} INFO - Processing file /mnt/c/Users/Shivam Gupta/OneDrive/Documents/Shivam_Developement/DATA_ENGINEERING/data_engineering_project/batch-etl-pyspark/.venv/lib/python3.12/site-packages/airflow/example_dags/example_dag_decorator.py for tasks to queue
[2025-07-17T18:04:16.347+0000] {logging_mixin.py:188} INFO - [2025-07-17T18:04:16.345+0000] {dagbag.py:545} INFO - Filling up the DagBag from /mnt/c/Users/Shivam Gupta/OneDrive/Documents/Shivam_Developement/DATA_ENGINEERING/data_engineering_project/batch-etl-pyspark/.venv/lib/python3.12/site-packages/airflow/example_dags/example_dag_decorator.py
[2025-07-17T18:04:16.685+0000] {processor.py:840} INFO - DAG(s) 'example_dag_decorator' retrieved from /mnt/c/Users/Shivam Gupta/OneDrive/Documents/Shivam_Developement/DATA_ENGINEERING/data_engineering_project/batch-etl-pyspark/.venv/lib/python3.12/site-packages/airflow/example_dags/example_dag_decorator.py
[2025-07-17T18:04:16.737+0000] {logging_mixin.py:188} INFO - [2025-07-17T18:04:16.736+0000] {dag.py:3096} INFO - Sync 1 DAGs
[2025-07-17T18:04:16.754+0000] {logging_mixin.py:188} INFO - [2025-07-17T18:04:16.752+0000] {dag.py:3954} INFO - Setting next_dagrun for example_dag_decorator to None, run_after=None
[2025-07-17T18:04:16.866+0000] {processor.py:183} INFO - Processing /mnt/c/Users/Shivam Gupta/OneDrive/Documents/Shivam_Developement/DATA_ENGINEERING/data_engineering_project/batch-etl-pyspark/.venv/lib/python3.12/site-packages/airflow/example_dags/example_dag_decorator.py took 0.542 seconds
[2025-07-17T18:06:17.674+0000] {processor.py:161} INFO - Started process (PID=3913) to work on /mnt/c/Users/Shivam Gupta/OneDrive/Documents/Shivam_Developement/DATA_ENGINEERING/data_engineering_project/batch-etl-pyspark/.venv/lib/python3.12/site-packages/airflow/example_dags/example_dag_decorator.py
[2025-07-17T18:06:17.677+0000] {processor.py:830} INFO - Processing file /mnt/c/Users/Shivam Gupta/OneDrive/Documents/Shivam_Developement/DATA_ENGINEERING/data_engineering_project/batch-etl-pyspark/.venv/lib/python3.12/site-packages/airflow/example_dags/example_dag_decorator.py for tasks to queue
[2025-07-17T18:06:17.680+0000] {logging_mixin.py:188} INFO - [2025-07-17T18:06:17.679+0000] {dagbag.py:545} INFO - Filling up the DagBag from /mnt/c/Users/Shivam Gupta/OneDrive/Documents/Shivam_Developement/DATA_ENGINEERING/data_engineering_project/batch-etl-pyspark/.venv/lib/python3.12/site-packages/airflow/example_dags/example_dag_decorator.py
[2025-07-17T18:06:18.138+0000] {processor.py:840} INFO - DAG(s) 'example_dag_decorator' retrieved from /mnt/c/Users/Shivam Gupta/OneDrive/Documents/Shivam_Developement/DATA_ENGINEERING/data_engineering_project/batch-etl-pyspark/.venv/lib/python3.12/site-packages/airflow/example_dags/example_dag_decorator.py
[2025-07-17T18:06:20.100+0000] {logging_mixin.py:188} INFO - [2025-07-17T18:06:20.098+0000] {dag.py:3096} INFO - Sync 1 DAGs
[2025-07-17T18:06:20.130+0000] {logging_mixin.py:188} INFO - [2025-07-17T18:06:20.126+0000] {dag.py:3954} INFO - Setting next_dagrun for example_dag_decorator to None, run_after=None
[2025-07-17T18:06:20.294+0000] {processor.py:183} INFO - Processing /mnt/c/Users/Shivam Gupta/OneDrive/Documents/Shivam_Developement/DATA_ENGINEERING/data_engineering_project/batch-etl-pyspark/.venv/lib/python3.12/site-packages/airflow/example_dags/example_dag_decorator.py took 2.637 seconds
[2025-07-17T18:08:27.520+0000] {processor.py:161} INFO - Started process (PID=4014) to work on /mnt/c/Users/Shivam Gupta/OneDrive/Documents/Shivam_Developement/DATA_ENGINEERING/data_engineering_project/batch-etl-pyspark/.venv/lib/python3.12/site-packages/airflow/example_dags/example_dag_decorator.py
[2025-07-17T18:08:27.522+0000] {processor.py:830} INFO - Processing file /mnt/c/Users/Shivam Gupta/OneDrive/Documents/Shivam_Developement/DATA_ENGINEERING/data_engineering_project/batch-etl-pyspark/.venv/lib/python3.12/site-packages/airflow/example_dags/example_dag_decorator.py for tasks to queue
[2025-07-17T18:08:27.526+0000] {logging_mixin.py:188} INFO - [2025-07-17T18:08:27.524+0000] {dagbag.py:545} INFO - Filling up the DagBag from /mnt/c/Users/Shivam Gupta/OneDrive/Documents/Shivam_Developement/DATA_ENGINEERING/data_engineering_project/batch-etl-pyspark/.venv/lib/python3.12/site-packages/airflow/example_dags/example_dag_decorator.py
[2025-07-17T18:08:28.083+0000] {processor.py:840} INFO - DAG(s) 'example_dag_decorator' retrieved from /mnt/c/Users/Shivam Gupta/OneDrive/Documents/Shivam_Developement/DATA_ENGINEERING/data_engineering_project/batch-etl-pyspark/.venv/lib/python3.12/site-packages/airflow/example_dags/example_dag_decorator.py
[2025-07-17T18:08:30.245+0000] {logging_mixin.py:188} INFO - [2025-07-17T18:08:30.243+0000] {dag.py:3096} INFO - Sync 1 DAGs
[2025-07-17T18:08:30.269+0000] {logging_mixin.py:188} INFO - [2025-07-17T18:08:30.266+0000] {dag.py:3954} INFO - Setting next_dagrun for example_dag_decorator to None, run_after=None
[2025-07-17T18:08:30.403+0000] {processor.py:183} INFO - Processing /mnt/c/Users/Shivam Gupta/OneDrive/Documents/Shivam_Developement/DATA_ENGINEERING/data_engineering_project/batch-etl-pyspark/.venv/lib/python3.12/site-packages/airflow/example_dags/example_dag_decorator.py took 2.902 seconds
[2025-07-17T18:10:33.742+0000] {processor.py:161} INFO - Started process (PID=4119) to work on /mnt/c/Users/Shivam Gupta/OneDrive/Documents/Shivam_Developement/DATA_ENGINEERING/data_engineering_project/batch-etl-pyspark/.venv/lib/python3.12/site-packages/airflow/example_dags/example_dag_decorator.py
[2025-07-17T18:10:33.746+0000] {processor.py:830} INFO - Processing file /mnt/c/Users/Shivam Gupta/OneDrive/Documents/Shivam_Developement/DATA_ENGINEERING/data_engineering_project/batch-etl-pyspark/.venv/lib/python3.12/site-packages/airflow/example_dags/example_dag_decorator.py for tasks to queue
[2025-07-17T18:10:33.749+0000] {logging_mixin.py:188} INFO - [2025-07-17T18:10:33.747+0000] {dagbag.py:545} INFO - Filling up the DagBag from /mnt/c/Users/Shivam Gupta/OneDrive/Documents/Shivam_Developement/DATA_ENGINEERING/data_engineering_project/batch-etl-pyspark/.venv/lib/python3.12/site-packages/airflow/example_dags/example_dag_decorator.py
[2025-07-17T18:10:34.455+0000] {processor.py:840} INFO - DAG(s) 'example_dag_decorator' retrieved from /mnt/c/Users/Shivam Gupta/OneDrive/Documents/Shivam_Developement/DATA_ENGINEERING/data_engineering_project/batch-etl-pyspark/.venv/lib/python3.12/site-packages/airflow/example_dags/example_dag_decorator.py
[2025-07-17T18:10:36.428+0000] {logging_mixin.py:188} INFO - [2025-07-17T18:10:36.423+0000] {dag.py:3096} INFO - Sync 1 DAGs
[2025-07-17T18:10:36.468+0000] {logging_mixin.py:188} INFO - [2025-07-17T18:10:36.461+0000] {dag.py:3954} INFO - Setting next_dagrun for example_dag_decorator to None, run_after=None
[2025-07-17T18:10:36.598+0000] {processor.py:183} INFO - Processing /mnt/c/Users/Shivam Gupta/OneDrive/Documents/Shivam_Developement/DATA_ENGINEERING/data_engineering_project/batch-etl-pyspark/.venv/lib/python3.12/site-packages/airflow/example_dags/example_dag_decorator.py took 2.872 seconds
[2025-07-17T18:12:46.495+0000] {processor.py:161} INFO - Started process (PID=4223) to work on /mnt/c/Users/Shivam Gupta/OneDrive/Documents/Shivam_Developement/DATA_ENGINEERING/data_engineering_project/batch-etl-pyspark/.venv/lib/python3.12/site-packages/airflow/example_dags/example_dag_decorator.py
[2025-07-17T18:12:46.504+0000] {processor.py:830} INFO - Processing file /mnt/c/Users/Shivam Gupta/OneDrive/Documents/Shivam_Developement/DATA_ENGINEERING/data_engineering_project/batch-etl-pyspark/.venv/lib/python3.12/site-packages/airflow/example_dags/example_dag_decorator.py for tasks to queue
[2025-07-17T18:12:46.515+0000] {logging_mixin.py:188} INFO - [2025-07-17T18:12:46.512+0000] {dagbag.py:545} INFO - Filling up the DagBag from /mnt/c/Users/Shivam Gupta/OneDrive/Documents/Shivam_Developement/DATA_ENGINEERING/data_engineering_project/batch-etl-pyspark/.venv/lib/python3.12/site-packages/airflow/example_dags/example_dag_decorator.py
[2025-07-17T18:12:46.973+0000] {processor.py:840} INFO - DAG(s) 'example_dag_decorator' retrieved from /mnt/c/Users/Shivam Gupta/OneDrive/Documents/Shivam_Developement/DATA_ENGINEERING/data_engineering_project/batch-etl-pyspark/.venv/lib/python3.12/site-packages/airflow/example_dags/example_dag_decorator.py
[2025-07-17T18:12:49.556+0000] {logging_mixin.py:188} INFO - [2025-07-17T18:12:49.553+0000] {dag.py:3096} INFO - Sync 1 DAGs
[2025-07-17T18:12:49.576+0000] {logging_mixin.py:188} INFO - [2025-07-17T18:12:49.572+0000] {dag.py:3954} INFO - Setting next_dagrun for example_dag_decorator to None, run_after=None
[2025-07-17T18:12:49.676+0000] {processor.py:183} INFO - Processing /mnt/c/Users/Shivam Gupta/OneDrive/Documents/Shivam_Developement/DATA_ENGINEERING/data_engineering_project/batch-etl-pyspark/.venv/lib/python3.12/site-packages/airflow/example_dags/example_dag_decorator.py took 3.214 seconds
