[2025-07-17T17:14:19.372+0000] {processor.py:161} INFO - Started process (PID=1948) to work on /mnt/c/Users/Shivam Gupta/OneDrive/Documents/Shivam_Developement/DATA_ENGINEERING/data_engineering_project/batch-etl-pyspark/.venv/lib/python3.12/site-packages/airflow/example_dags/example_python_operator.py
[2025-07-17T17:14:19.381+0000] {processor.py:830} INFO - Processing file /mnt/c/Users/Shivam Gupta/OneDrive/Documents/Shivam_Developement/DATA_ENGINEERING/data_engineering_project/batch-etl-pyspark/.venv/lib/python3.12/site-packages/airflow/example_dags/example_python_operator.py for tasks to queue
[2025-07-17T17:14:19.400+0000] {logging_mixin.py:188} INFO - [2025-07-17T17:14:19.388+0000] {dagbag.py:545} INFO - Filling up the DagBag from /mnt/c/Users/Shivam Gupta/OneDrive/Documents/Shivam_Developement/DATA_ENGINEERING/data_engineering_project/batch-etl-pyspark/.venv/lib/python3.12/site-packages/airflow/example_dags/example_python_operator.py
[2025-07-17T17:14:19.709+0000] {logging_mixin.py:188} INFO - [2025-07-17T17:14:19.706+0000] {example_python_operator.py:93} WARNING - The virtalenv_python example task requires virtualenv, please install it.
[2025-07-17T17:14:19.712+0000] {processor.py:840} INFO - DAG(s) 'example_python_operator' retrieved from /mnt/c/Users/Shivam Gupta/OneDrive/Documents/Shivam_Developement/DATA_ENGINEERING/data_engineering_project/batch-etl-pyspark/.venv/lib/python3.12/site-packages/airflow/example_dags/example_python_operator.py
[2025-07-17T17:14:23.203+0000] {logging_mixin.py:188} INFO - [2025-07-17T17:14:23.199+0000] {dag.py:3096} INFO - Sync 1 DAGs
[2025-07-17T17:14:23.228+0000] {logging_mixin.py:188} INFO - [2025-07-17T17:14:23.227+0000] {dag.py:3954} INFO - Setting next_dagrun for example_python_operator to None, run_after=None
[2025-07-17T17:14:23.381+0000] {processor.py:183} INFO - Processing /mnt/c/Users/Shivam Gupta/OneDrive/Documents/Shivam_Developement/DATA_ENGINEERING/data_engineering_project/batch-etl-pyspark/.venv/lib/python3.12/site-packages/airflow/example_dags/example_python_operator.py took 4.043 seconds
[2025-07-17T17:19:08.277+0000] {processor.py:161} INFO - Started process (PID=2034) to work on /mnt/c/Users/Shivam Gupta/OneDrive/Documents/Shivam_Developement/DATA_ENGINEERING/data_engineering_project/batch-etl-pyspark/.venv/lib/python3.12/site-packages/airflow/example_dags/example_python_operator.py
[2025-07-17T17:19:08.282+0000] {processor.py:830} INFO - Processing file /mnt/c/Users/Shivam Gupta/OneDrive/Documents/Shivam_Developement/DATA_ENGINEERING/data_engineering_project/batch-etl-pyspark/.venv/lib/python3.12/site-packages/airflow/example_dags/example_python_operator.py for tasks to queue
[2025-07-17T17:19:08.289+0000] {logging_mixin.py:188} INFO - [2025-07-17T17:19:08.286+0000] {dagbag.py:545} INFO - Filling up the DagBag from /mnt/c/Users/Shivam Gupta/OneDrive/Documents/Shivam_Developement/DATA_ENGINEERING/data_engineering_project/batch-etl-pyspark/.venv/lib/python3.12/site-packages/airflow/example_dags/example_python_operator.py
[2025-07-17T17:19:08.432+0000] {logging_mixin.py:188} INFO - [2025-07-17T17:19:08.431+0000] {example_python_operator.py:93} WARNING - The virtalenv_python example task requires virtualenv, please install it.
[2025-07-17T17:19:08.433+0000] {processor.py:840} INFO - DAG(s) 'example_python_operator' retrieved from /mnt/c/Users/Shivam Gupta/OneDrive/Documents/Shivam_Developement/DATA_ENGINEERING/data_engineering_project/batch-etl-pyspark/.venv/lib/python3.12/site-packages/airflow/example_dags/example_python_operator.py
[2025-07-17T17:19:08.468+0000] {logging_mixin.py:188} INFO - [2025-07-17T17:19:08.467+0000] {dag.py:3096} INFO - Sync 1 DAGs
[2025-07-17T17:19:08.486+0000] {logging_mixin.py:188} INFO - [2025-07-17T17:19:08.485+0000] {dag.py:3954} INFO - Setting next_dagrun for example_python_operator to None, run_after=None
[2025-07-17T17:19:09.166+0000] {processor.py:183} INFO - Processing /mnt/c/Users/Shivam Gupta/OneDrive/Documents/Shivam_Developement/DATA_ENGINEERING/data_engineering_project/batch-etl-pyspark/.venv/lib/python3.12/site-packages/airflow/example_dags/example_python_operator.py took 0.915 seconds
[2025-07-17T17:21:30.148+0000] {processor.py:161} INFO - Started process (PID=2105) to work on /mnt/c/Users/Shivam Gupta/OneDrive/Documents/Shivam_Developement/DATA_ENGINEERING/data_engineering_project/batch-etl-pyspark/.venv/lib/python3.12/site-packages/airflow/example_dags/example_python_operator.py
[2025-07-17T17:21:30.151+0000] {processor.py:830} INFO - Processing file /mnt/c/Users/Shivam Gupta/OneDrive/Documents/Shivam_Developement/DATA_ENGINEERING/data_engineering_project/batch-etl-pyspark/.venv/lib/python3.12/site-packages/airflow/example_dags/example_python_operator.py for tasks to queue
[2025-07-17T17:21:30.155+0000] {logging_mixin.py:188} INFO - [2025-07-17T17:21:30.154+0000] {dagbag.py:545} INFO - Filling up the DagBag from /mnt/c/Users/Shivam Gupta/OneDrive/Documents/Shivam_Developement/DATA_ENGINEERING/data_engineering_project/batch-etl-pyspark/.venv/lib/python3.12/site-packages/airflow/example_dags/example_python_operator.py
[2025-07-17T17:21:30.328+0000] {logging_mixin.py:188} INFO - [2025-07-17T17:21:30.325+0000] {example_python_operator.py:93} WARNING - The virtalenv_python example task requires virtualenv, please install it.
[2025-07-17T17:21:30.330+0000] {processor.py:840} INFO - DAG(s) 'example_python_operator' retrieved from /mnt/c/Users/Shivam Gupta/OneDrive/Documents/Shivam_Developement/DATA_ENGINEERING/data_engineering_project/batch-etl-pyspark/.venv/lib/python3.12/site-packages/airflow/example_dags/example_python_operator.py
[2025-07-17T17:21:30.388+0000] {logging_mixin.py:188} INFO - [2025-07-17T17:21:30.386+0000] {dag.py:3096} INFO - Sync 1 DAGs
[2025-07-17T17:21:30.416+0000] {logging_mixin.py:188} INFO - [2025-07-17T17:21:30.414+0000] {dag.py:3954} INFO - Setting next_dagrun for example_python_operator to None, run_after=None
[2025-07-17T17:21:30.591+0000] {processor.py:183} INFO - Processing /mnt/c/Users/Shivam Gupta/OneDrive/Documents/Shivam_Developement/DATA_ENGINEERING/data_engineering_project/batch-etl-pyspark/.venv/lib/python3.12/site-packages/airflow/example_dags/example_python_operator.py took 0.461 seconds
[2025-07-17T17:25:11.350+0000] {processor.py:161} INFO - Started process (PID=2249) to work on /mnt/c/Users/Shivam Gupta/OneDrive/Documents/Shivam_Developement/DATA_ENGINEERING/data_engineering_project/batch-etl-pyspark/.venv/lib/python3.12/site-packages/airflow/example_dags/example_python_operator.py
[2025-07-17T17:25:11.356+0000] {processor.py:830} INFO - Processing file /mnt/c/Users/Shivam Gupta/OneDrive/Documents/Shivam_Developement/DATA_ENGINEERING/data_engineering_project/batch-etl-pyspark/.venv/lib/python3.12/site-packages/airflow/example_dags/example_python_operator.py for tasks to queue
[2025-07-17T17:25:11.364+0000] {logging_mixin.py:188} INFO - [2025-07-17T17:25:11.360+0000] {dagbag.py:545} INFO - Filling up the DagBag from /mnt/c/Users/Shivam Gupta/OneDrive/Documents/Shivam_Developement/DATA_ENGINEERING/data_engineering_project/batch-etl-pyspark/.venv/lib/python3.12/site-packages/airflow/example_dags/example_python_operator.py
[2025-07-17T17:25:11.626+0000] {logging_mixin.py:188} INFO - [2025-07-17T17:25:11.622+0000] {example_python_operator.py:93} WARNING - The virtalenv_python example task requires virtualenv, please install it.
[2025-07-17T17:25:11.631+0000] {processor.py:840} INFO - DAG(s) 'example_python_operator' retrieved from /mnt/c/Users/Shivam Gupta/OneDrive/Documents/Shivam_Developement/DATA_ENGINEERING/data_engineering_project/batch-etl-pyspark/.venv/lib/python3.12/site-packages/airflow/example_dags/example_python_operator.py
[2025-07-17T17:25:11.709+0000] {logging_mixin.py:188} INFO - [2025-07-17T17:25:11.706+0000] {dag.py:3096} INFO - Sync 1 DAGs
[2025-07-17T17:25:11.744+0000] {logging_mixin.py:188} INFO - [2025-07-17T17:25:11.741+0000] {dag.py:3954} INFO - Setting next_dagrun for example_python_operator to None, run_after=None
[2025-07-17T17:25:11.987+0000] {processor.py:183} INFO - Processing /mnt/c/Users/Shivam Gupta/OneDrive/Documents/Shivam_Developement/DATA_ENGINEERING/data_engineering_project/batch-etl-pyspark/.venv/lib/python3.12/site-packages/airflow/example_dags/example_python_operator.py took 0.666 seconds
[2025-07-17T17:27:24.153+0000] {processor.py:161} INFO - Started process (PID=2322) to work on /mnt/c/Users/Shivam Gupta/OneDrive/Documents/Shivam_Developement/DATA_ENGINEERING/data_engineering_project/batch-etl-pyspark/.venv/lib/python3.12/site-packages/airflow/example_dags/example_python_operator.py
[2025-07-17T17:27:24.158+0000] {processor.py:830} INFO - Processing file /mnt/c/Users/Shivam Gupta/OneDrive/Documents/Shivam_Developement/DATA_ENGINEERING/data_engineering_project/batch-etl-pyspark/.venv/lib/python3.12/site-packages/airflow/example_dags/example_python_operator.py for tasks to queue
[2025-07-17T17:27:24.167+0000] {logging_mixin.py:188} INFO - [2025-07-17T17:27:24.164+0000] {dagbag.py:545} INFO - Filling up the DagBag from /mnt/c/Users/Shivam Gupta/OneDrive/Documents/Shivam_Developement/DATA_ENGINEERING/data_engineering_project/batch-etl-pyspark/.venv/lib/python3.12/site-packages/airflow/example_dags/example_python_operator.py
[2025-07-17T17:27:24.863+0000] {logging_mixin.py:188} INFO - [2025-07-17T17:27:24.853+0000] {example_python_operator.py:93} WARNING - The virtalenv_python example task requires virtualenv, please install it.
[2025-07-17T17:27:24.881+0000] {processor.py:840} INFO - DAG(s) 'example_python_operator' retrieved from /mnt/c/Users/Shivam Gupta/OneDrive/Documents/Shivam_Developement/DATA_ENGINEERING/data_engineering_project/batch-etl-pyspark/.venv/lib/python3.12/site-packages/airflow/example_dags/example_python_operator.py
[2025-07-17T17:27:24.959+0000] {logging_mixin.py:188} INFO - [2025-07-17T17:27:24.955+0000] {dag.py:3096} INFO - Sync 1 DAGs
[2025-07-17T17:27:24.983+0000] {logging_mixin.py:188} INFO - [2025-07-17T17:27:24.981+0000] {dag.py:3954} INFO - Setting next_dagrun for example_python_operator to None, run_after=None
[2025-07-17T17:27:25.139+0000] {processor.py:183} INFO - Processing /mnt/c/Users/Shivam Gupta/OneDrive/Documents/Shivam_Developement/DATA_ENGINEERING/data_engineering_project/batch-etl-pyspark/.venv/lib/python3.12/site-packages/airflow/example_dags/example_python_operator.py took 1.024 seconds
[2025-07-17T17:33:08.901+0000] {processor.py:161} INFO - Started process (PID=2489) to work on /mnt/c/Users/Shivam Gupta/OneDrive/Documents/Shivam_Developement/DATA_ENGINEERING/data_engineering_project/batch-etl-pyspark/.venv/lib/python3.12/site-packages/airflow/example_dags/example_python_operator.py
[2025-07-17T17:33:08.903+0000] {processor.py:830} INFO - Processing file /mnt/c/Users/Shivam Gupta/OneDrive/Documents/Shivam_Developement/DATA_ENGINEERING/data_engineering_project/batch-etl-pyspark/.venv/lib/python3.12/site-packages/airflow/example_dags/example_python_operator.py for tasks to queue
[2025-07-17T17:33:08.906+0000] {logging_mixin.py:188} INFO - [2025-07-17T17:33:08.905+0000] {dagbag.py:545} INFO - Filling up the DagBag from /mnt/c/Users/Shivam Gupta/OneDrive/Documents/Shivam_Developement/DATA_ENGINEERING/data_engineering_project/batch-etl-pyspark/.venv/lib/python3.12/site-packages/airflow/example_dags/example_python_operator.py
[2025-07-17T17:33:08.999+0000] {logging_mixin.py:188} INFO - [2025-07-17T17:33:08.998+0000] {example_python_operator.py:93} WARNING - The virtalenv_python example task requires virtualenv, please install it.
[2025-07-17T17:33:09.001+0000] {processor.py:840} INFO - DAG(s) 'example_python_operator' retrieved from /mnt/c/Users/Shivam Gupta/OneDrive/Documents/Shivam_Developement/DATA_ENGINEERING/data_engineering_project/batch-etl-pyspark/.venv/lib/python3.12/site-packages/airflow/example_dags/example_python_operator.py
[2025-07-17T17:33:09.058+0000] {logging_mixin.py:188} INFO - [2025-07-17T17:33:09.057+0000] {dag.py:3096} INFO - Sync 1 DAGs
[2025-07-17T17:33:09.167+0000] {logging_mixin.py:188} INFO - [2025-07-17T17:33:09.166+0000] {dag.py:3954} INFO - Setting next_dagrun for example_python_operator to None, run_after=None
[2025-07-17T17:33:09.245+0000] {processor.py:183} INFO - Processing /mnt/c/Users/Shivam Gupta/OneDrive/Documents/Shivam_Developement/DATA_ENGINEERING/data_engineering_project/batch-etl-pyspark/.venv/lib/python3.12/site-packages/airflow/example_dags/example_python_operator.py took 0.357 seconds
[2025-07-17T17:35:22.139+0000] {processor.py:161} INFO - Started process (PID=2562) to work on /mnt/c/Users/Shivam Gupta/OneDrive/Documents/Shivam_Developement/DATA_ENGINEERING/data_engineering_project/batch-etl-pyspark/.venv/lib/python3.12/site-packages/airflow/example_dags/example_python_operator.py
[2025-07-17T17:35:22.142+0000] {processor.py:830} INFO - Processing file /mnt/c/Users/Shivam Gupta/OneDrive/Documents/Shivam_Developement/DATA_ENGINEERING/data_engineering_project/batch-etl-pyspark/.venv/lib/python3.12/site-packages/airflow/example_dags/example_python_operator.py for tasks to queue
[2025-07-17T17:35:22.146+0000] {logging_mixin.py:188} INFO - [2025-07-17T17:35:22.145+0000] {dagbag.py:545} INFO - Filling up the DagBag from /mnt/c/Users/Shivam Gupta/OneDrive/Documents/Shivam_Developement/DATA_ENGINEERING/data_engineering_project/batch-etl-pyspark/.venv/lib/python3.12/site-packages/airflow/example_dags/example_python_operator.py
[2025-07-17T17:35:23.192+0000] {logging_mixin.py:188} INFO - [2025-07-17T17:35:23.189+0000] {example_python_operator.py:93} WARNING - The virtalenv_python example task requires virtualenv, please install it.
[2025-07-17T17:35:23.200+0000] {processor.py:840} INFO - DAG(s) 'example_python_operator' retrieved from /mnt/c/Users/Shivam Gupta/OneDrive/Documents/Shivam_Developement/DATA_ENGINEERING/data_engineering_project/batch-etl-pyspark/.venv/lib/python3.12/site-packages/airflow/example_dags/example_python_operator.py
[2025-07-17T17:35:23.447+0000] {logging_mixin.py:188} INFO - [2025-07-17T17:35:23.438+0000] {dag.py:3096} INFO - Sync 1 DAGs
[2025-07-17T17:35:23.534+0000] {logging_mixin.py:188} INFO - [2025-07-17T17:35:23.529+0000] {dag.py:3954} INFO - Setting next_dagrun for example_python_operator to None, run_after=None
[2025-07-17T17:35:23.854+0000] {processor.py:183} INFO - Processing /mnt/c/Users/Shivam Gupta/OneDrive/Documents/Shivam_Developement/DATA_ENGINEERING/data_engineering_project/batch-etl-pyspark/.venv/lib/python3.12/site-packages/airflow/example_dags/example_python_operator.py took 1.819 seconds
[2025-07-17T17:39:08.050+0000] {processor.py:161} INFO - Started process (PID=2696) to work on /mnt/c/Users/Shivam Gupta/OneDrive/Documents/Shivam_Developement/DATA_ENGINEERING/data_engineering_project/batch-etl-pyspark/.venv/lib/python3.12/site-packages/airflow/example_dags/example_python_operator.py
[2025-07-17T17:39:08.055+0000] {processor.py:830} INFO - Processing file /mnt/c/Users/Shivam Gupta/OneDrive/Documents/Shivam_Developement/DATA_ENGINEERING/data_engineering_project/batch-etl-pyspark/.venv/lib/python3.12/site-packages/airflow/example_dags/example_python_operator.py for tasks to queue
[2025-07-17T17:39:08.061+0000] {logging_mixin.py:188} INFO - [2025-07-17T17:39:08.058+0000] {dagbag.py:545} INFO - Filling up the DagBag from /mnt/c/Users/Shivam Gupta/OneDrive/Documents/Shivam_Developement/DATA_ENGINEERING/data_engineering_project/batch-etl-pyspark/.venv/lib/python3.12/site-packages/airflow/example_dags/example_python_operator.py
[2025-07-17T17:39:08.315+0000] {logging_mixin.py:188} INFO - [2025-07-17T17:39:08.313+0000] {example_python_operator.py:93} WARNING - The virtalenv_python example task requires virtualenv, please install it.
[2025-07-17T17:39:08.318+0000] {processor.py:840} INFO - DAG(s) 'example_python_operator' retrieved from /mnt/c/Users/Shivam Gupta/OneDrive/Documents/Shivam_Developement/DATA_ENGINEERING/data_engineering_project/batch-etl-pyspark/.venv/lib/python3.12/site-packages/airflow/example_dags/example_python_operator.py
[2025-07-17T17:39:08.388+0000] {logging_mixin.py:188} INFO - [2025-07-17T17:39:08.387+0000] {dag.py:3096} INFO - Sync 1 DAGs
[2025-07-17T17:39:08.413+0000] {logging_mixin.py:188} INFO - [2025-07-17T17:39:08.411+0000] {dag.py:3954} INFO - Setting next_dagrun for example_python_operator to None, run_after=None
[2025-07-17T17:39:08.542+0000] {processor.py:183} INFO - Processing /mnt/c/Users/Shivam Gupta/OneDrive/Documents/Shivam_Developement/DATA_ENGINEERING/data_engineering_project/batch-etl-pyspark/.venv/lib/python3.12/site-packages/airflow/example_dags/example_python_operator.py took 0.517 seconds
[2025-07-17T17:42:29.919+0000] {processor.py:161} INFO - Started process (PID=2814) to work on /mnt/c/Users/Shivam Gupta/OneDrive/Documents/Shivam_Developement/DATA_ENGINEERING/data_engineering_project/batch-etl-pyspark/.venv/lib/python3.12/site-packages/airflow/example_dags/example_python_operator.py
[2025-07-17T17:42:29.922+0000] {processor.py:830} INFO - Processing file /mnt/c/Users/Shivam Gupta/OneDrive/Documents/Shivam_Developement/DATA_ENGINEERING/data_engineering_project/batch-etl-pyspark/.venv/lib/python3.12/site-packages/airflow/example_dags/example_python_operator.py for tasks to queue
[2025-07-17T17:42:29.924+0000] {logging_mixin.py:188} INFO - [2025-07-17T17:42:29.923+0000] {dagbag.py:545} INFO - Filling up the DagBag from /mnt/c/Users/Shivam Gupta/OneDrive/Documents/Shivam_Developement/DATA_ENGINEERING/data_engineering_project/batch-etl-pyspark/.venv/lib/python3.12/site-packages/airflow/example_dags/example_python_operator.py
[2025-07-17T17:42:30.052+0000] {logging_mixin.py:188} INFO - [2025-07-17T17:42:30.051+0000] {example_python_operator.py:93} WARNING - The virtalenv_python example task requires virtualenv, please install it.
[2025-07-17T17:42:30.054+0000] {processor.py:840} INFO - DAG(s) 'example_python_operator' retrieved from /mnt/c/Users/Shivam Gupta/OneDrive/Documents/Shivam_Developement/DATA_ENGINEERING/data_engineering_project/batch-etl-pyspark/.venv/lib/python3.12/site-packages/airflow/example_dags/example_python_operator.py
[2025-07-17T17:42:30.089+0000] {logging_mixin.py:188} INFO - [2025-07-17T17:42:30.088+0000] {dag.py:3096} INFO - Sync 1 DAGs
[2025-07-17T17:42:30.104+0000] {logging_mixin.py:188} INFO - [2025-07-17T17:42:30.103+0000] {dag.py:3954} INFO - Setting next_dagrun for example_python_operator to None, run_after=None
[2025-07-17T17:42:30.183+0000] {processor.py:183} INFO - Processing /mnt/c/Users/Shivam Gupta/OneDrive/Documents/Shivam_Developement/DATA_ENGINEERING/data_engineering_project/batch-etl-pyspark/.venv/lib/python3.12/site-packages/airflow/example_dags/example_python_operator.py took 0.277 seconds
[2025-07-17T17:46:13.170+0000] {processor.py:161} INFO - Started process (PID=2929) to work on /mnt/c/Users/Shivam Gupta/OneDrive/Documents/Shivam_Developement/DATA_ENGINEERING/data_engineering_project/batch-etl-pyspark/.venv/lib/python3.12/site-packages/airflow/example_dags/example_python_operator.py
[2025-07-17T17:46:13.174+0000] {processor.py:830} INFO - Processing file /mnt/c/Users/Shivam Gupta/OneDrive/Documents/Shivam_Developement/DATA_ENGINEERING/data_engineering_project/batch-etl-pyspark/.venv/lib/python3.12/site-packages/airflow/example_dags/example_python_operator.py for tasks to queue
[2025-07-17T17:46:13.178+0000] {logging_mixin.py:188} INFO - [2025-07-17T17:46:13.176+0000] {dagbag.py:545} INFO - Filling up the DagBag from /mnt/c/Users/Shivam Gupta/OneDrive/Documents/Shivam_Developement/DATA_ENGINEERING/data_engineering_project/batch-etl-pyspark/.venv/lib/python3.12/site-packages/airflow/example_dags/example_python_operator.py
[2025-07-17T17:46:13.480+0000] {logging_mixin.py:188} INFO - [2025-07-17T17:46:13.479+0000] {example_python_operator.py:93} WARNING - The virtalenv_python example task requires virtualenv, please install it.
[2025-07-17T17:46:13.482+0000] {processor.py:840} INFO - DAG(s) 'example_python_operator' retrieved from /mnt/c/Users/Shivam Gupta/OneDrive/Documents/Shivam_Developement/DATA_ENGINEERING/data_engineering_project/batch-etl-pyspark/.venv/lib/python3.12/site-packages/airflow/example_dags/example_python_operator.py
[2025-07-17T17:46:13.515+0000] {logging_mixin.py:188} INFO - [2025-07-17T17:46:13.514+0000] {dag.py:3096} INFO - Sync 1 DAGs
[2025-07-17T17:46:13.529+0000] {logging_mixin.py:188} INFO - [2025-07-17T17:46:13.528+0000] {dag.py:3954} INFO - Setting next_dagrun for example_python_operator to None, run_after=None
[2025-07-17T17:46:13.608+0000] {processor.py:183} INFO - Processing /mnt/c/Users/Shivam Gupta/OneDrive/Documents/Shivam_Developement/DATA_ENGINEERING/data_engineering_project/batch-etl-pyspark/.venv/lib/python3.12/site-packages/airflow/example_dags/example_python_operator.py took 0.549 seconds
[2025-07-17T17:47:35.339+0000] {processor.py:161} INFO - Started process (PID=2989) to work on /mnt/c/Users/Shivam Gupta/OneDrive/Documents/Shivam_Developement/DATA_ENGINEERING/data_engineering_project/batch-etl-pyspark/.venv/lib/python3.12/site-packages/airflow/example_dags/example_python_operator.py
[2025-07-17T17:47:35.343+0000] {processor.py:830} INFO - Processing file /mnt/c/Users/Shivam Gupta/OneDrive/Documents/Shivam_Developement/DATA_ENGINEERING/data_engineering_project/batch-etl-pyspark/.venv/lib/python3.12/site-packages/airflow/example_dags/example_python_operator.py for tasks to queue
[2025-07-17T17:47:35.348+0000] {logging_mixin.py:188} INFO - [2025-07-17T17:47:35.345+0000] {dagbag.py:545} INFO - Filling up the DagBag from /mnt/c/Users/Shivam Gupta/OneDrive/Documents/Shivam_Developement/DATA_ENGINEERING/data_engineering_project/batch-etl-pyspark/.venv/lib/python3.12/site-packages/airflow/example_dags/example_python_operator.py
[2025-07-17T17:47:35.507+0000] {logging_mixin.py:188} INFO - [2025-07-17T17:47:35.506+0000] {example_python_operator.py:93} WARNING - The virtalenv_python example task requires virtualenv, please install it.
[2025-07-17T17:47:35.509+0000] {processor.py:840} INFO - DAG(s) 'example_python_operator' retrieved from /mnt/c/Users/Shivam Gupta/OneDrive/Documents/Shivam_Developement/DATA_ENGINEERING/data_engineering_project/batch-etl-pyspark/.venv/lib/python3.12/site-packages/airflow/example_dags/example_python_operator.py
[2025-07-17T17:47:35.555+0000] {logging_mixin.py:188} INFO - [2025-07-17T17:47:35.553+0000] {dag.py:3096} INFO - Sync 1 DAGs
[2025-07-17T17:47:35.571+0000] {logging_mixin.py:188} INFO - [2025-07-17T17:47:35.570+0000] {dag.py:3954} INFO - Setting next_dagrun for example_python_operator to None, run_after=None
[2025-07-17T17:47:35.690+0000] {processor.py:183} INFO - Processing /mnt/c/Users/Shivam Gupta/OneDrive/Documents/Shivam_Developement/DATA_ENGINEERING/data_engineering_project/batch-etl-pyspark/.venv/lib/python3.12/site-packages/airflow/example_dags/example_python_operator.py took 0.376 seconds
[2025-07-17T17:49:36.433+0000] {processor.py:161} INFO - Started process (PID=3089) to work on /mnt/c/Users/Shivam Gupta/OneDrive/Documents/Shivam_Developement/DATA_ENGINEERING/data_engineering_project/batch-etl-pyspark/.venv/lib/python3.12/site-packages/airflow/example_dags/example_python_operator.py
[2025-07-17T17:49:36.437+0000] {processor.py:830} INFO - Processing file /mnt/c/Users/Shivam Gupta/OneDrive/Documents/Shivam_Developement/DATA_ENGINEERING/data_engineering_project/batch-etl-pyspark/.venv/lib/python3.12/site-packages/airflow/example_dags/example_python_operator.py for tasks to queue
[2025-07-17T17:49:36.441+0000] {logging_mixin.py:188} INFO - [2025-07-17T17:49:36.439+0000] {dagbag.py:545} INFO - Filling up the DagBag from /mnt/c/Users/Shivam Gupta/OneDrive/Documents/Shivam_Developement/DATA_ENGINEERING/data_engineering_project/batch-etl-pyspark/.venv/lib/python3.12/site-packages/airflow/example_dags/example_python_operator.py
[2025-07-17T17:49:36.591+0000] {logging_mixin.py:188} INFO - [2025-07-17T17:49:36.589+0000] {example_python_operator.py:93} WARNING - The virtalenv_python example task requires virtualenv, please install it.
[2025-07-17T17:49:36.593+0000] {processor.py:840} INFO - DAG(s) 'example_python_operator' retrieved from /mnt/c/Users/Shivam Gupta/OneDrive/Documents/Shivam_Developement/DATA_ENGINEERING/data_engineering_project/batch-etl-pyspark/.venv/lib/python3.12/site-packages/airflow/example_dags/example_python_operator.py
[2025-07-17T17:49:36.632+0000] {logging_mixin.py:188} INFO - [2025-07-17T17:49:36.630+0000] {dag.py:3096} INFO - Sync 1 DAGs
[2025-07-17T17:49:36.648+0000] {logging_mixin.py:188} INFO - [2025-07-17T17:49:36.647+0000] {dag.py:3954} INFO - Setting next_dagrun for example_python_operator to None, run_after=None
[2025-07-17T17:49:36.763+0000] {processor.py:183} INFO - Processing /mnt/c/Users/Shivam Gupta/OneDrive/Documents/Shivam_Developement/DATA_ENGINEERING/data_engineering_project/batch-etl-pyspark/.venv/lib/python3.12/site-packages/airflow/example_dags/example_python_operator.py took 0.350 seconds
[2025-07-17T17:51:41.959+0000] {processor.py:161} INFO - Started process (PID=3192) to work on /mnt/c/Users/Shivam Gupta/OneDrive/Documents/Shivam_Developement/DATA_ENGINEERING/data_engineering_project/batch-etl-pyspark/.venv/lib/python3.12/site-packages/airflow/example_dags/example_python_operator.py
[2025-07-17T17:51:41.962+0000] {processor.py:830} INFO - Processing file /mnt/c/Users/Shivam Gupta/OneDrive/Documents/Shivam_Developement/DATA_ENGINEERING/data_engineering_project/batch-etl-pyspark/.venv/lib/python3.12/site-packages/airflow/example_dags/example_python_operator.py for tasks to queue
[2025-07-17T17:51:41.965+0000] {logging_mixin.py:188} INFO - [2025-07-17T17:51:41.963+0000] {dagbag.py:545} INFO - Filling up the DagBag from /mnt/c/Users/Shivam Gupta/OneDrive/Documents/Shivam_Developement/DATA_ENGINEERING/data_engineering_project/batch-etl-pyspark/.venv/lib/python3.12/site-packages/airflow/example_dags/example_python_operator.py
[2025-07-17T17:51:42.186+0000] {logging_mixin.py:188} INFO - [2025-07-17T17:51:42.185+0000] {example_python_operator.py:93} WARNING - The virtalenv_python example task requires virtualenv, please install it.
[2025-07-17T17:51:42.189+0000] {processor.py:840} INFO - DAG(s) 'example_python_operator' retrieved from /mnt/c/Users/Shivam Gupta/OneDrive/Documents/Shivam_Developement/DATA_ENGINEERING/data_engineering_project/batch-etl-pyspark/.venv/lib/python3.12/site-packages/airflow/example_dags/example_python_operator.py
[2025-07-17T17:51:42.237+0000] {logging_mixin.py:188} INFO - [2025-07-17T17:51:42.235+0000] {dag.py:3096} INFO - Sync 1 DAGs
[2025-07-17T17:51:42.263+0000] {logging_mixin.py:188} INFO - [2025-07-17T17:51:42.260+0000] {dag.py:3954} INFO - Setting next_dagrun for example_python_operator to None, run_after=None
[2025-07-17T17:51:42.408+0000] {processor.py:183} INFO - Processing /mnt/c/Users/Shivam Gupta/OneDrive/Documents/Shivam_Developement/DATA_ENGINEERING/data_engineering_project/batch-etl-pyspark/.venv/lib/python3.12/site-packages/airflow/example_dags/example_python_operator.py took 0.470 seconds
[2025-07-17T17:53:50.629+0000] {processor.py:161} INFO - Started process (PID=3296) to work on /mnt/c/Users/Shivam Gupta/OneDrive/Documents/Shivam_Developement/DATA_ENGINEERING/data_engineering_project/batch-etl-pyspark/.venv/lib/python3.12/site-packages/airflow/example_dags/example_python_operator.py
[2025-07-17T17:53:50.631+0000] {processor.py:830} INFO - Processing file /mnt/c/Users/Shivam Gupta/OneDrive/Documents/Shivam_Developement/DATA_ENGINEERING/data_engineering_project/batch-etl-pyspark/.venv/lib/python3.12/site-packages/airflow/example_dags/example_python_operator.py for tasks to queue
[2025-07-17T17:53:50.638+0000] {logging_mixin.py:188} INFO - [2025-07-17T17:53:50.635+0000] {dagbag.py:545} INFO - Filling up the DagBag from /mnt/c/Users/Shivam Gupta/OneDrive/Documents/Shivam_Developement/DATA_ENGINEERING/data_engineering_project/batch-etl-pyspark/.venv/lib/python3.12/site-packages/airflow/example_dags/example_python_operator.py
[2025-07-17T17:53:50.798+0000] {logging_mixin.py:188} INFO - [2025-07-17T17:53:50.796+0000] {example_python_operator.py:93} WARNING - The virtalenv_python example task requires virtualenv, please install it.
[2025-07-17T17:53:50.801+0000] {processor.py:840} INFO - DAG(s) 'example_python_operator' retrieved from /mnt/c/Users/Shivam Gupta/OneDrive/Documents/Shivam_Developement/DATA_ENGINEERING/data_engineering_project/batch-etl-pyspark/.venv/lib/python3.12/site-packages/airflow/example_dags/example_python_operator.py
[2025-07-17T17:53:50.845+0000] {logging_mixin.py:188} INFO - [2025-07-17T17:53:50.844+0000] {dag.py:3096} INFO - Sync 1 DAGs
[2025-07-17T17:53:50.863+0000] {logging_mixin.py:188} INFO - [2025-07-17T17:53:50.861+0000] {dag.py:3954} INFO - Setting next_dagrun for example_python_operator to None, run_after=None
[2025-07-17T17:53:50.953+0000] {processor.py:183} INFO - Processing /mnt/c/Users/Shivam Gupta/OneDrive/Documents/Shivam_Developement/DATA_ENGINEERING/data_engineering_project/batch-etl-pyspark/.venv/lib/python3.12/site-packages/airflow/example_dags/example_python_operator.py took 0.360 seconds
[2025-07-17T17:55:52.719+0000] {processor.py:161} INFO - Started process (PID=3399) to work on /mnt/c/Users/Shivam Gupta/OneDrive/Documents/Shivam_Developement/DATA_ENGINEERING/data_engineering_project/batch-etl-pyspark/.venv/lib/python3.12/site-packages/airflow/example_dags/example_python_operator.py
[2025-07-17T17:55:52.723+0000] {processor.py:830} INFO - Processing file /mnt/c/Users/Shivam Gupta/OneDrive/Documents/Shivam_Developement/DATA_ENGINEERING/data_engineering_project/batch-etl-pyspark/.venv/lib/python3.12/site-packages/airflow/example_dags/example_python_operator.py for tasks to queue
[2025-07-17T17:55:52.728+0000] {logging_mixin.py:188} INFO - [2025-07-17T17:55:52.725+0000] {dagbag.py:545} INFO - Filling up the DagBag from /mnt/c/Users/Shivam Gupta/OneDrive/Documents/Shivam_Developement/DATA_ENGINEERING/data_engineering_project/batch-etl-pyspark/.venv/lib/python3.12/site-packages/airflow/example_dags/example_python_operator.py
[2025-07-17T17:55:52.874+0000] {logging_mixin.py:188} INFO - [2025-07-17T17:55:52.873+0000] {example_python_operator.py:93} WARNING - The virtalenv_python example task requires virtualenv, please install it.
[2025-07-17T17:55:52.876+0000] {processor.py:840} INFO - DAG(s) 'example_python_operator' retrieved from /mnt/c/Users/Shivam Gupta/OneDrive/Documents/Shivam_Developement/DATA_ENGINEERING/data_engineering_project/batch-etl-pyspark/.venv/lib/python3.12/site-packages/airflow/example_dags/example_python_operator.py
[2025-07-17T17:55:52.915+0000] {logging_mixin.py:188} INFO - [2025-07-17T17:55:52.914+0000] {dag.py:3096} INFO - Sync 1 DAGs
[2025-07-17T17:55:52.932+0000] {logging_mixin.py:188} INFO - [2025-07-17T17:55:52.931+0000] {dag.py:3954} INFO - Setting next_dagrun for example_python_operator to None, run_after=None
[2025-07-17T17:55:53.052+0000] {processor.py:183} INFO - Processing /mnt/c/Users/Shivam Gupta/OneDrive/Documents/Shivam_Developement/DATA_ENGINEERING/data_engineering_project/batch-etl-pyspark/.venv/lib/python3.12/site-packages/airflow/example_dags/example_python_operator.py took 0.355 seconds
[2025-07-17T17:57:57.217+0000] {processor.py:161} INFO - Started process (PID=3499) to work on /mnt/c/Users/Shivam Gupta/OneDrive/Documents/Shivam_Developement/DATA_ENGINEERING/data_engineering_project/batch-etl-pyspark/.venv/lib/python3.12/site-packages/airflow/example_dags/example_python_operator.py
[2025-07-17T17:57:57.226+0000] {processor.py:830} INFO - Processing file /mnt/c/Users/Shivam Gupta/OneDrive/Documents/Shivam_Developement/DATA_ENGINEERING/data_engineering_project/batch-etl-pyspark/.venv/lib/python3.12/site-packages/airflow/example_dags/example_python_operator.py for tasks to queue
[2025-07-17T17:57:57.235+0000] {logging_mixin.py:188} INFO - [2025-07-17T17:57:57.230+0000] {dagbag.py:545} INFO - Filling up the DagBag from /mnt/c/Users/Shivam Gupta/OneDrive/Documents/Shivam_Developement/DATA_ENGINEERING/data_engineering_project/batch-etl-pyspark/.venv/lib/python3.12/site-packages/airflow/example_dags/example_python_operator.py
[2025-07-17T17:57:57.342+0000] {logging_mixin.py:188} INFO - [2025-07-17T17:57:57.342+0000] {example_python_operator.py:93} WARNING - The virtalenv_python example task requires virtualenv, please install it.
[2025-07-17T17:57:57.343+0000] {processor.py:840} INFO - DAG(s) 'example_python_operator' retrieved from /mnt/c/Users/Shivam Gupta/OneDrive/Documents/Shivam_Developement/DATA_ENGINEERING/data_engineering_project/batch-etl-pyspark/.venv/lib/python3.12/site-packages/airflow/example_dags/example_python_operator.py
[2025-07-17T17:57:57.406+0000] {logging_mixin.py:188} INFO - [2025-07-17T17:57:57.403+0000] {dag.py:3096} INFO - Sync 1 DAGs
[2025-07-17T17:57:57.426+0000] {logging_mixin.py:188} INFO - [2025-07-17T17:57:57.424+0000] {dag.py:3954} INFO - Setting next_dagrun for example_python_operator to None, run_after=None
[2025-07-17T17:57:57.542+0000] {processor.py:183} INFO - Processing /mnt/c/Users/Shivam Gupta/OneDrive/Documents/Shivam_Developement/DATA_ENGINEERING/data_engineering_project/batch-etl-pyspark/.venv/lib/python3.12/site-packages/airflow/example_dags/example_python_operator.py took 0.369 seconds
[2025-07-17T18:00:05.429+0000] {processor.py:161} INFO - Started process (PID=3601) to work on /mnt/c/Users/Shivam Gupta/OneDrive/Documents/Shivam_Developement/DATA_ENGINEERING/data_engineering_project/batch-etl-pyspark/.venv/lib/python3.12/site-packages/airflow/example_dags/example_python_operator.py
[2025-07-17T18:00:05.433+0000] {processor.py:830} INFO - Processing file /mnt/c/Users/Shivam Gupta/OneDrive/Documents/Shivam_Developement/DATA_ENGINEERING/data_engineering_project/batch-etl-pyspark/.venv/lib/python3.12/site-packages/airflow/example_dags/example_python_operator.py for tasks to queue
[2025-07-17T18:00:05.435+0000] {logging_mixin.py:188} INFO - [2025-07-17T18:00:05.434+0000] {dagbag.py:545} INFO - Filling up the DagBag from /mnt/c/Users/Shivam Gupta/OneDrive/Documents/Shivam_Developement/DATA_ENGINEERING/data_engineering_project/batch-etl-pyspark/.venv/lib/python3.12/site-packages/airflow/example_dags/example_python_operator.py
[2025-07-17T18:00:05.506+0000] {logging_mixin.py:188} INFO - [2025-07-17T18:00:05.505+0000] {example_python_operator.py:93} WARNING - The virtalenv_python example task requires virtualenv, please install it.
[2025-07-17T18:00:05.507+0000] {processor.py:840} INFO - DAG(s) 'example_python_operator' retrieved from /mnt/c/Users/Shivam Gupta/OneDrive/Documents/Shivam_Developement/DATA_ENGINEERING/data_engineering_project/batch-etl-pyspark/.venv/lib/python3.12/site-packages/airflow/example_dags/example_python_operator.py
[2025-07-17T18:00:05.553+0000] {logging_mixin.py:188} INFO - [2025-07-17T18:00:05.552+0000] {dag.py:3096} INFO - Sync 1 DAGs
[2025-07-17T18:00:05.582+0000] {logging_mixin.py:188} INFO - [2025-07-17T18:00:05.580+0000] {dag.py:3954} INFO - Setting next_dagrun for example_python_operator to None, run_after=None
[2025-07-17T18:00:05.728+0000] {processor.py:183} INFO - Processing /mnt/c/Users/Shivam Gupta/OneDrive/Documents/Shivam_Developement/DATA_ENGINEERING/data_engineering_project/batch-etl-pyspark/.venv/lib/python3.12/site-packages/airflow/example_dags/example_python_operator.py took 0.322 seconds
[2025-07-17T18:02:11.484+0000] {processor.py:161} INFO - Started process (PID=3708) to work on /mnt/c/Users/Shivam Gupta/OneDrive/Documents/Shivam_Developement/DATA_ENGINEERING/data_engineering_project/batch-etl-pyspark/.venv/lib/python3.12/site-packages/airflow/example_dags/example_python_operator.py
[2025-07-17T18:02:11.487+0000] {processor.py:830} INFO - Processing file /mnt/c/Users/Shivam Gupta/OneDrive/Documents/Shivam_Developement/DATA_ENGINEERING/data_engineering_project/batch-etl-pyspark/.venv/lib/python3.12/site-packages/airflow/example_dags/example_python_operator.py for tasks to queue
[2025-07-17T18:02:11.492+0000] {logging_mixin.py:188} INFO - [2025-07-17T18:02:11.490+0000] {dagbag.py:545} INFO - Filling up the DagBag from /mnt/c/Users/Shivam Gupta/OneDrive/Documents/Shivam_Developement/DATA_ENGINEERING/data_engineering_project/batch-etl-pyspark/.venv/lib/python3.12/site-packages/airflow/example_dags/example_python_operator.py
[2025-07-17T18:02:11.698+0000] {logging_mixin.py:188} INFO - [2025-07-17T18:02:11.697+0000] {example_python_operator.py:93} WARNING - The virtalenv_python example task requires virtualenv, please install it.
[2025-07-17T18:02:11.699+0000] {processor.py:840} INFO - DAG(s) 'example_python_operator' retrieved from /mnt/c/Users/Shivam Gupta/OneDrive/Documents/Shivam_Developement/DATA_ENGINEERING/data_engineering_project/batch-etl-pyspark/.venv/lib/python3.12/site-packages/airflow/example_dags/example_python_operator.py
[2025-07-17T18:02:11.735+0000] {logging_mixin.py:188} INFO - [2025-07-17T18:02:11.734+0000] {dag.py:3096} INFO - Sync 1 DAGs
[2025-07-17T18:02:11.750+0000] {logging_mixin.py:188} INFO - [2025-07-17T18:02:11.749+0000] {dag.py:3954} INFO - Setting next_dagrun for example_python_operator to None, run_after=None
[2025-07-17T18:02:11.855+0000] {processor.py:183} INFO - Processing /mnt/c/Users/Shivam Gupta/OneDrive/Documents/Shivam_Developement/DATA_ENGINEERING/data_engineering_project/batch-etl-pyspark/.venv/lib/python3.12/site-packages/airflow/example_dags/example_python_operator.py took 0.390 seconds
[2025-07-17T18:04:12.669+0000] {processor.py:161} INFO - Started process (PID=3810) to work on /mnt/c/Users/Shivam Gupta/OneDrive/Documents/Shivam_Developement/DATA_ENGINEERING/data_engineering_project/batch-etl-pyspark/.venv/lib/python3.12/site-packages/airflow/example_dags/example_python_operator.py
[2025-07-17T18:04:12.671+0000] {processor.py:830} INFO - Processing file /mnt/c/Users/Shivam Gupta/OneDrive/Documents/Shivam_Developement/DATA_ENGINEERING/data_engineering_project/batch-etl-pyspark/.venv/lib/python3.12/site-packages/airflow/example_dags/example_python_operator.py for tasks to queue
[2025-07-17T18:04:12.676+0000] {logging_mixin.py:188} INFO - [2025-07-17T18:04:12.673+0000] {dagbag.py:545} INFO - Filling up the DagBag from /mnt/c/Users/Shivam Gupta/OneDrive/Documents/Shivam_Developement/DATA_ENGINEERING/data_engineering_project/batch-etl-pyspark/.venv/lib/python3.12/site-packages/airflow/example_dags/example_python_operator.py
[2025-07-17T18:04:12.811+0000] {logging_mixin.py:188} INFO - [2025-07-17T18:04:12.809+0000] {example_python_operator.py:93} WARNING - The virtalenv_python example task requires virtualenv, please install it.
[2025-07-17T18:04:12.814+0000] {processor.py:840} INFO - DAG(s) 'example_python_operator' retrieved from /mnt/c/Users/Shivam Gupta/OneDrive/Documents/Shivam_Developement/DATA_ENGINEERING/data_engineering_project/batch-etl-pyspark/.venv/lib/python3.12/site-packages/airflow/example_dags/example_python_operator.py
[2025-07-17T18:04:12.862+0000] {logging_mixin.py:188} INFO - [2025-07-17T18:04:12.861+0000] {dag.py:3096} INFO - Sync 1 DAGs
[2025-07-17T18:04:12.885+0000] {logging_mixin.py:188} INFO - [2025-07-17T18:04:12.880+0000] {dag.py:3954} INFO - Setting next_dagrun for example_python_operator to None, run_after=None
[2025-07-17T18:04:13.056+0000] {processor.py:183} INFO - Processing /mnt/c/Users/Shivam Gupta/OneDrive/Documents/Shivam_Developement/DATA_ENGINEERING/data_engineering_project/batch-etl-pyspark/.venv/lib/python3.12/site-packages/airflow/example_dags/example_python_operator.py took 0.413 seconds
[2025-07-17T18:06:15.137+0000] {processor.py:161} INFO - Started process (PID=3911) to work on /mnt/c/Users/Shivam Gupta/OneDrive/Documents/Shivam_Developement/DATA_ENGINEERING/data_engineering_project/batch-etl-pyspark/.venv/lib/python3.12/site-packages/airflow/example_dags/example_python_operator.py
[2025-07-17T18:06:15.139+0000] {processor.py:830} INFO - Processing file /mnt/c/Users/Shivam Gupta/OneDrive/Documents/Shivam_Developement/DATA_ENGINEERING/data_engineering_project/batch-etl-pyspark/.venv/lib/python3.12/site-packages/airflow/example_dags/example_python_operator.py for tasks to queue
[2025-07-17T18:06:15.142+0000] {logging_mixin.py:188} INFO - [2025-07-17T18:06:15.141+0000] {dagbag.py:545} INFO - Filling up the DagBag from /mnt/c/Users/Shivam Gupta/OneDrive/Documents/Shivam_Developement/DATA_ENGINEERING/data_engineering_project/batch-etl-pyspark/.venv/lib/python3.12/site-packages/airflow/example_dags/example_python_operator.py
[2025-07-17T18:06:15.294+0000] {logging_mixin.py:188} INFO - [2025-07-17T18:06:15.293+0000] {example_python_operator.py:93} WARNING - The virtalenv_python example task requires virtualenv, please install it.
[2025-07-17T18:06:15.296+0000] {processor.py:840} INFO - DAG(s) 'example_python_operator' retrieved from /mnt/c/Users/Shivam Gupta/OneDrive/Documents/Shivam_Developement/DATA_ENGINEERING/data_engineering_project/batch-etl-pyspark/.venv/lib/python3.12/site-packages/airflow/example_dags/example_python_operator.py
[2025-07-17T18:06:15.332+0000] {logging_mixin.py:188} INFO - [2025-07-17T18:06:15.330+0000] {dag.py:3096} INFO - Sync 1 DAGs
[2025-07-17T18:06:15.347+0000] {logging_mixin.py:188} INFO - [2025-07-17T18:06:15.346+0000] {dag.py:3954} INFO - Setting next_dagrun for example_python_operator to None, run_after=None
[2025-07-17T18:06:15.443+0000] {processor.py:183} INFO - Processing /mnt/c/Users/Shivam Gupta/OneDrive/Documents/Shivam_Developement/DATA_ENGINEERING/data_engineering_project/batch-etl-pyspark/.venv/lib/python3.12/site-packages/airflow/example_dags/example_python_operator.py took 0.320 seconds
[2025-07-17T18:08:23.901+0000] {processor.py:161} INFO - Started process (PID=4012) to work on /mnt/c/Users/Shivam Gupta/OneDrive/Documents/Shivam_Developement/DATA_ENGINEERING/data_engineering_project/batch-etl-pyspark/.venv/lib/python3.12/site-packages/airflow/example_dags/example_python_operator.py
[2025-07-17T18:08:23.903+0000] {processor.py:830} INFO - Processing file /mnt/c/Users/Shivam Gupta/OneDrive/Documents/Shivam_Developement/DATA_ENGINEERING/data_engineering_project/batch-etl-pyspark/.venv/lib/python3.12/site-packages/airflow/example_dags/example_python_operator.py for tasks to queue
[2025-07-17T18:08:23.907+0000] {logging_mixin.py:188} INFO - [2025-07-17T18:08:23.905+0000] {dagbag.py:545} INFO - Filling up the DagBag from /mnt/c/Users/Shivam Gupta/OneDrive/Documents/Shivam_Developement/DATA_ENGINEERING/data_engineering_project/batch-etl-pyspark/.venv/lib/python3.12/site-packages/airflow/example_dags/example_python_operator.py
[2025-07-17T18:08:24.044+0000] {logging_mixin.py:188} INFO - [2025-07-17T18:08:24.039+0000] {example_python_operator.py:93} WARNING - The virtalenv_python example task requires virtualenv, please install it.
[2025-07-17T18:08:24.049+0000] {processor.py:840} INFO - DAG(s) 'example_python_operator' retrieved from /mnt/c/Users/Shivam Gupta/OneDrive/Documents/Shivam_Developement/DATA_ENGINEERING/data_engineering_project/batch-etl-pyspark/.venv/lib/python3.12/site-packages/airflow/example_dags/example_python_operator.py
[2025-07-17T18:08:24.174+0000] {logging_mixin.py:188} INFO - [2025-07-17T18:08:24.169+0000] {dag.py:3096} INFO - Sync 1 DAGs
[2025-07-17T18:08:24.205+0000] {logging_mixin.py:188} INFO - [2025-07-17T18:08:24.198+0000] {dag.py:3954} INFO - Setting next_dagrun for example_python_operator to None, run_after=None
[2025-07-17T18:08:24.346+0000] {processor.py:183} INFO - Processing /mnt/c/Users/Shivam Gupta/OneDrive/Documents/Shivam_Developement/DATA_ENGINEERING/data_engineering_project/batch-etl-pyspark/.venv/lib/python3.12/site-packages/airflow/example_dags/example_python_operator.py took 0.464 seconds
[2025-07-17T18:10:30.344+0000] {processor.py:161} INFO - Started process (PID=4117) to work on /mnt/c/Users/Shivam Gupta/OneDrive/Documents/Shivam_Developement/DATA_ENGINEERING/data_engineering_project/batch-etl-pyspark/.venv/lib/python3.12/site-packages/airflow/example_dags/example_python_operator.py
[2025-07-17T18:10:30.347+0000] {processor.py:830} INFO - Processing file /mnt/c/Users/Shivam Gupta/OneDrive/Documents/Shivam_Developement/DATA_ENGINEERING/data_engineering_project/batch-etl-pyspark/.venv/lib/python3.12/site-packages/airflow/example_dags/example_python_operator.py for tasks to queue
[2025-07-17T18:10:30.353+0000] {logging_mixin.py:188} INFO - [2025-07-17T18:10:30.350+0000] {dagbag.py:545} INFO - Filling up the DagBag from /mnt/c/Users/Shivam Gupta/OneDrive/Documents/Shivam_Developement/DATA_ENGINEERING/data_engineering_project/batch-etl-pyspark/.venv/lib/python3.12/site-packages/airflow/example_dags/example_python_operator.py
[2025-07-17T18:10:30.479+0000] {logging_mixin.py:188} INFO - [2025-07-17T18:10:30.478+0000] {example_python_operator.py:93} WARNING - The virtalenv_python example task requires virtualenv, please install it.
[2025-07-17T18:10:30.481+0000] {processor.py:840} INFO - DAG(s) 'example_python_operator' retrieved from /mnt/c/Users/Shivam Gupta/OneDrive/Documents/Shivam_Developement/DATA_ENGINEERING/data_engineering_project/batch-etl-pyspark/.venv/lib/python3.12/site-packages/airflow/example_dags/example_python_operator.py
[2025-07-17T18:10:30.515+0000] {logging_mixin.py:188} INFO - [2025-07-17T18:10:30.513+0000] {dag.py:3096} INFO - Sync 1 DAGs
[2025-07-17T18:10:30.529+0000] {logging_mixin.py:188} INFO - [2025-07-17T18:10:30.528+0000] {dag.py:3954} INFO - Setting next_dagrun for example_python_operator to None, run_after=None
[2025-07-17T18:10:30.623+0000] {processor.py:183} INFO - Processing /mnt/c/Users/Shivam Gupta/OneDrive/Documents/Shivam_Developement/DATA_ENGINEERING/data_engineering_project/batch-etl-pyspark/.venv/lib/python3.12/site-packages/airflow/example_dags/example_python_operator.py took 0.295 seconds
[2025-07-17T18:12:43.091+0000] {processor.py:161} INFO - Started process (PID=4221) to work on /mnt/c/Users/Shivam Gupta/OneDrive/Documents/Shivam_Developement/DATA_ENGINEERING/data_engineering_project/batch-etl-pyspark/.venv/lib/python3.12/site-packages/airflow/example_dags/example_python_operator.py
[2025-07-17T18:12:43.093+0000] {processor.py:830} INFO - Processing file /mnt/c/Users/Shivam Gupta/OneDrive/Documents/Shivam_Developement/DATA_ENGINEERING/data_engineering_project/batch-etl-pyspark/.venv/lib/python3.12/site-packages/airflow/example_dags/example_python_operator.py for tasks to queue
[2025-07-17T18:12:43.097+0000] {logging_mixin.py:188} INFO - [2025-07-17T18:12:43.095+0000] {dagbag.py:545} INFO - Filling up the DagBag from /mnt/c/Users/Shivam Gupta/OneDrive/Documents/Shivam_Developement/DATA_ENGINEERING/data_engineering_project/batch-etl-pyspark/.venv/lib/python3.12/site-packages/airflow/example_dags/example_python_operator.py
[2025-07-17T18:12:43.218+0000] {logging_mixin.py:188} INFO - [2025-07-17T18:12:43.217+0000] {example_python_operator.py:93} WARNING - The virtalenv_python example task requires virtualenv, please install it.
[2025-07-17T18:12:43.219+0000] {processor.py:840} INFO - DAG(s) 'example_python_operator' retrieved from /mnt/c/Users/Shivam Gupta/OneDrive/Documents/Shivam_Developement/DATA_ENGINEERING/data_engineering_project/batch-etl-pyspark/.venv/lib/python3.12/site-packages/airflow/example_dags/example_python_operator.py
[2025-07-17T18:12:43.254+0000] {logging_mixin.py:188} INFO - [2025-07-17T18:12:43.252+0000] {dag.py:3096} INFO - Sync 1 DAGs
[2025-07-17T18:12:43.270+0000] {logging_mixin.py:188} INFO - [2025-07-17T18:12:43.268+0000] {dag.py:3954} INFO - Setting next_dagrun for example_python_operator to None, run_after=None
[2025-07-17T18:12:43.342+0000] {processor.py:183} INFO - Processing /mnt/c/Users/Shivam Gupta/OneDrive/Documents/Shivam_Developement/DATA_ENGINEERING/data_engineering_project/batch-etl-pyspark/.venv/lib/python3.12/site-packages/airflow/example_dags/example_python_operator.py took 0.268 seconds
