[2025-07-17T17:12:44.566+0000] {processor.py:161} INFO - Started process (PID=1916) to work on /mnt/c/Users/Shivam Gupta/OneDrive/Documents/Shivam_Developement/DATA_ENGINEERING/data_engineering_project/batch-etl-pyspark/.venv/lib/python3.12/site-packages/airflow/example_dags/example_task_group.py
[2025-07-17T17:12:44.571+0000] {processor.py:830} INFO - Processing file /mnt/c/Users/Shivam Gupta/OneDrive/Documents/Shivam_Developement/DATA_ENGINEERING/data_engineering_project/batch-etl-pyspark/.venv/lib/python3.12/site-packages/airflow/example_dags/example_task_group.py for tasks to queue
[2025-07-17T17:12:44.605+0000] {logging_mixin.py:188} INFO - [2025-07-17T17:12:44.602+0000] {dagbag.py:545} INFO - Filling up the DagBag from /mnt/c/Users/Shivam Gupta/OneDrive/Documents/Shivam_Developement/DATA_ENGINEERING/data_engineering_project/batch-etl-pyspark/.venv/lib/python3.12/site-packages/airflow/example_dags/example_task_group.py
[2025-07-17T17:12:45.928+0000] {processor.py:840} INFO - DAG(s) 'example_task_group' retrieved from /mnt/c/Users/Shivam Gupta/OneDrive/Documents/Shivam_Developement/DATA_ENGINEERING/data_engineering_project/batch-etl-pyspark/.venv/lib/python3.12/site-packages/airflow/example_dags/example_task_group.py
[2025-07-17T17:12:52.055+0000] {logging_mixin.py:188} INFO - [2025-07-17T17:12:52.052+0000] {dag.py:3096} INFO - Sync 1 DAGs
[2025-07-17T17:12:52.155+0000] {logging_mixin.py:188} INFO - [2025-07-17T17:12:52.153+0000] {dag.py:3954} INFO - Setting next_dagrun for example_task_group to 2025-07-16 00:00:00+00:00, run_after=2025-07-17 00:00:00+00:00
[2025-07-17T17:12:52.465+0000] {processor.py:183} INFO - Processing /mnt/c/Users/Shivam Gupta/OneDrive/Documents/Shivam_Developement/DATA_ENGINEERING/data_engineering_project/batch-etl-pyspark/.venv/lib/python3.12/site-packages/airflow/example_dags/example_task_group.py took 8.546 seconds
[2025-07-17T17:18:42.648+0000] {processor.py:161} INFO - Started process (PID=2022) to work on /mnt/c/Users/Shivam Gupta/OneDrive/Documents/Shivam_Developement/DATA_ENGINEERING/data_engineering_project/batch-etl-pyspark/.venv/lib/python3.12/site-packages/airflow/example_dags/example_task_group.py
[2025-07-17T17:18:42.653+0000] {processor.py:830} INFO - Processing file /mnt/c/Users/Shivam Gupta/OneDrive/Documents/Shivam_Developement/DATA_ENGINEERING/data_engineering_project/batch-etl-pyspark/.venv/lib/python3.12/site-packages/airflow/example_dags/example_task_group.py for tasks to queue
[2025-07-17T17:18:42.660+0000] {logging_mixin.py:188} INFO - [2025-07-17T17:18:42.658+0000] {dagbag.py:545} INFO - Filling up the DagBag from /mnt/c/Users/Shivam Gupta/OneDrive/Documents/Shivam_Developement/DATA_ENGINEERING/data_engineering_project/batch-etl-pyspark/.venv/lib/python3.12/site-packages/airflow/example_dags/example_task_group.py
[2025-07-17T17:18:42.732+0000] {processor.py:840} INFO - DAG(s) 'example_task_group' retrieved from /mnt/c/Users/Shivam Gupta/OneDrive/Documents/Shivam_Developement/DATA_ENGINEERING/data_engineering_project/batch-etl-pyspark/.venv/lib/python3.12/site-packages/airflow/example_dags/example_task_group.py
[2025-07-17T17:18:42.795+0000] {logging_mixin.py:188} INFO - [2025-07-17T17:18:42.792+0000] {dag.py:3096} INFO - Sync 1 DAGs
[2025-07-17T17:18:42.848+0000] {logging_mixin.py:188} INFO - [2025-07-17T17:18:42.846+0000] {dag.py:3954} INFO - Setting next_dagrun for example_task_group to 2025-07-16 00:00:00+00:00, run_after=2025-07-17 00:00:00+00:00
[2025-07-17T17:18:42.991+0000] {processor.py:183} INFO - Processing /mnt/c/Users/Shivam Gupta/OneDrive/Documents/Shivam_Developement/DATA_ENGINEERING/data_engineering_project/batch-etl-pyspark/.venv/lib/python3.12/site-packages/airflow/example_dags/example_task_group.py took 0.380 seconds
[2025-07-17T17:21:10.910+0000] {processor.py:161} INFO - Started process (PID=2093) to work on /mnt/c/Users/Shivam Gupta/OneDrive/Documents/Shivam_Developement/DATA_ENGINEERING/data_engineering_project/batch-etl-pyspark/.venv/lib/python3.12/site-packages/airflow/example_dags/example_task_group.py
[2025-07-17T17:21:10.939+0000] {processor.py:830} INFO - Processing file /mnt/c/Users/Shivam Gupta/OneDrive/Documents/Shivam_Developement/DATA_ENGINEERING/data_engineering_project/batch-etl-pyspark/.venv/lib/python3.12/site-packages/airflow/example_dags/example_task_group.py for tasks to queue
[2025-07-17T17:21:11.003+0000] {logging_mixin.py:188} INFO - [2025-07-17T17:21:10.980+0000] {dagbag.py:545} INFO - Filling up the DagBag from /mnt/c/Users/Shivam Gupta/OneDrive/Documents/Shivam_Developement/DATA_ENGINEERING/data_engineering_project/batch-etl-pyspark/.venv/lib/python3.12/site-packages/airflow/example_dags/example_task_group.py
[2025-07-17T17:21:11.107+0000] {processor.py:840} INFO - DAG(s) 'example_task_group' retrieved from /mnt/c/Users/Shivam Gupta/OneDrive/Documents/Shivam_Developement/DATA_ENGINEERING/data_engineering_project/batch-etl-pyspark/.venv/lib/python3.12/site-packages/airflow/example_dags/example_task_group.py
[2025-07-17T17:21:11.240+0000] {logging_mixin.py:188} INFO - [2025-07-17T17:21:11.233+0000] {dag.py:3096} INFO - Sync 1 DAGs
[2025-07-17T17:21:11.374+0000] {logging_mixin.py:188} INFO - [2025-07-17T17:21:11.326+0000] {dag.py:3954} INFO - Setting next_dagrun for example_task_group to 2025-07-16 00:00:00+00:00, run_after=2025-07-17 00:00:00+00:00
[2025-07-17T17:21:11.803+0000] {processor.py:183} INFO - Processing /mnt/c/Users/Shivam Gupta/OneDrive/Documents/Shivam_Developement/DATA_ENGINEERING/data_engineering_project/batch-etl-pyspark/.venv/lib/python3.12/site-packages/airflow/example_dags/example_task_group.py took 0.913 seconds
[2025-07-17T17:23:00.748+0000] {processor.py:161} INFO - Started process (PID=2169) to work on /mnt/c/Users/Shivam Gupta/OneDrive/Documents/Shivam_Developement/DATA_ENGINEERING/data_engineering_project/batch-etl-pyspark/.venv/lib/python3.12/site-packages/airflow/example_dags/example_task_group.py
[2025-07-17T17:23:00.755+0000] {processor.py:830} INFO - Processing file /mnt/c/Users/Shivam Gupta/OneDrive/Documents/Shivam_Developement/DATA_ENGINEERING/data_engineering_project/batch-etl-pyspark/.venv/lib/python3.12/site-packages/airflow/example_dags/example_task_group.py for tasks to queue
[2025-07-17T17:23:00.774+0000] {logging_mixin.py:188} INFO - [2025-07-17T17:23:00.758+0000] {dagbag.py:545} INFO - Filling up the DagBag from /mnt/c/Users/Shivam Gupta/OneDrive/Documents/Shivam_Developement/DATA_ENGINEERING/data_engineering_project/batch-etl-pyspark/.venv/lib/python3.12/site-packages/airflow/example_dags/example_task_group.py
[2025-07-17T17:23:00.929+0000] {processor.py:840} INFO - DAG(s) 'example_task_group' retrieved from /mnt/c/Users/Shivam Gupta/OneDrive/Documents/Shivam_Developement/DATA_ENGINEERING/data_engineering_project/batch-etl-pyspark/.venv/lib/python3.12/site-packages/airflow/example_dags/example_task_group.py
[2025-07-17T17:23:00.989+0000] {logging_mixin.py:188} INFO - [2025-07-17T17:23:00.987+0000] {dag.py:3096} INFO - Sync 1 DAGs
[2025-07-17T17:23:01.032+0000] {logging_mixin.py:188} INFO - [2025-07-17T17:23:01.031+0000] {dag.py:3954} INFO - Setting next_dagrun for example_task_group to 2025-07-16 00:00:00+00:00, run_after=2025-07-17 00:00:00+00:00
[2025-07-17T17:23:01.129+0000] {processor.py:183} INFO - Processing /mnt/c/Users/Shivam Gupta/OneDrive/Documents/Shivam_Developement/DATA_ENGINEERING/data_engineering_project/batch-etl-pyspark/.venv/lib/python3.12/site-packages/airflow/example_dags/example_task_group.py took 0.400 seconds
[2025-07-17T17:24:55.417+0000] {processor.py:161} INFO - Started process (PID=2238) to work on /mnt/c/Users/Shivam Gupta/OneDrive/Documents/Shivam_Developement/DATA_ENGINEERING/data_engineering_project/batch-etl-pyspark/.venv/lib/python3.12/site-packages/airflow/example_dags/example_task_group.py
[2025-07-17T17:24:55.419+0000] {processor.py:830} INFO - Processing file /mnt/c/Users/Shivam Gupta/OneDrive/Documents/Shivam_Developement/DATA_ENGINEERING/data_engineering_project/batch-etl-pyspark/.venv/lib/python3.12/site-packages/airflow/example_dags/example_task_group.py for tasks to queue
[2025-07-17T17:24:55.422+0000] {logging_mixin.py:188} INFO - [2025-07-17T17:24:55.421+0000] {dagbag.py:545} INFO - Filling up the DagBag from /mnt/c/Users/Shivam Gupta/OneDrive/Documents/Shivam_Developement/DATA_ENGINEERING/data_engineering_project/batch-etl-pyspark/.venv/lib/python3.12/site-packages/airflow/example_dags/example_task_group.py
[2025-07-17T17:24:55.444+0000] {processor.py:840} INFO - DAG(s) 'example_task_group' retrieved from /mnt/c/Users/Shivam Gupta/OneDrive/Documents/Shivam_Developement/DATA_ENGINEERING/data_engineering_project/batch-etl-pyspark/.venv/lib/python3.12/site-packages/airflow/example_dags/example_task_group.py
[2025-07-17T17:24:55.479+0000] {logging_mixin.py:188} INFO - [2025-07-17T17:24:55.478+0000] {dag.py:3096} INFO - Sync 1 DAGs
[2025-07-17T17:24:55.700+0000] {logging_mixin.py:188} INFO - [2025-07-17T17:24:55.696+0000] {dag.py:3954} INFO - Setting next_dagrun for example_task_group to 2025-07-16 00:00:00+00:00, run_after=2025-07-17 00:00:00+00:00
[2025-07-17T17:24:56.060+0000] {processor.py:183} INFO - Processing /mnt/c/Users/Shivam Gupta/OneDrive/Documents/Shivam_Developement/DATA_ENGINEERING/data_engineering_project/batch-etl-pyspark/.venv/lib/python3.12/site-packages/airflow/example_dags/example_task_group.py took 0.657 seconds
[2025-07-17T17:26:58.401+0000] {processor.py:161} INFO - Started process (PID=2310) to work on /mnt/c/Users/Shivam Gupta/OneDrive/Documents/Shivam_Developement/DATA_ENGINEERING/data_engineering_project/batch-etl-pyspark/.venv/lib/python3.12/site-packages/airflow/example_dags/example_task_group.py
[2025-07-17T17:26:58.404+0000] {processor.py:830} INFO - Processing file /mnt/c/Users/Shivam Gupta/OneDrive/Documents/Shivam_Developement/DATA_ENGINEERING/data_engineering_project/batch-etl-pyspark/.venv/lib/python3.12/site-packages/airflow/example_dags/example_task_group.py for tasks to queue
[2025-07-17T17:26:58.481+0000] {logging_mixin.py:188} INFO - [2025-07-17T17:26:58.446+0000] {dagbag.py:545} INFO - Filling up the DagBag from /mnt/c/Users/Shivam Gupta/OneDrive/Documents/Shivam_Developement/DATA_ENGINEERING/data_engineering_project/batch-etl-pyspark/.venv/lib/python3.12/site-packages/airflow/example_dags/example_task_group.py
[2025-07-17T17:26:58.906+0000] {processor.py:840} INFO - DAG(s) 'example_task_group' retrieved from /mnt/c/Users/Shivam Gupta/OneDrive/Documents/Shivam_Developement/DATA_ENGINEERING/data_engineering_project/batch-etl-pyspark/.venv/lib/python3.12/site-packages/airflow/example_dags/example_task_group.py
[2025-07-17T17:26:59.122+0000] {logging_mixin.py:188} INFO - [2025-07-17T17:26:59.115+0000] {dag.py:3096} INFO - Sync 1 DAGs
[2025-07-17T17:26:59.268+0000] {logging_mixin.py:188} INFO - [2025-07-17T17:26:59.264+0000] {dag.py:3954} INFO - Setting next_dagrun for example_task_group to 2025-07-16 00:00:00+00:00, run_after=2025-07-17 00:00:00+00:00
[2025-07-17T17:26:59.477+0000] {processor.py:183} INFO - Processing /mnt/c/Users/Shivam Gupta/OneDrive/Documents/Shivam_Developement/DATA_ENGINEERING/data_engineering_project/batch-etl-pyspark/.venv/lib/python3.12/site-packages/airflow/example_dags/example_task_group.py took 1.093 seconds
[2025-07-17T17:29:08.130+0000] {processor.py:161} INFO - Started process (PID=2379) to work on /mnt/c/Users/Shivam Gupta/OneDrive/Documents/Shivam_Developement/DATA_ENGINEERING/data_engineering_project/batch-etl-pyspark/.venv/lib/python3.12/site-packages/airflow/example_dags/example_task_group.py
[2025-07-17T17:29:08.133+0000] {processor.py:830} INFO - Processing file /mnt/c/Users/Shivam Gupta/OneDrive/Documents/Shivam_Developement/DATA_ENGINEERING/data_engineering_project/batch-etl-pyspark/.venv/lib/python3.12/site-packages/airflow/example_dags/example_task_group.py for tasks to queue
[2025-07-17T17:29:08.140+0000] {logging_mixin.py:188} INFO - [2025-07-17T17:29:08.137+0000] {dagbag.py:545} INFO - Filling up the DagBag from /mnt/c/Users/Shivam Gupta/OneDrive/Documents/Shivam_Developement/DATA_ENGINEERING/data_engineering_project/batch-etl-pyspark/.venv/lib/python3.12/site-packages/airflow/example_dags/example_task_group.py
[2025-07-17T17:29:08.190+0000] {processor.py:840} INFO - DAG(s) 'example_task_group' retrieved from /mnt/c/Users/Shivam Gupta/OneDrive/Documents/Shivam_Developement/DATA_ENGINEERING/data_engineering_project/batch-etl-pyspark/.venv/lib/python3.12/site-packages/airflow/example_dags/example_task_group.py
[2025-07-17T17:29:08.312+0000] {logging_mixin.py:188} INFO - [2025-07-17T17:29:08.310+0000] {dag.py:3096} INFO - Sync 1 DAGs
[2025-07-17T17:29:08.480+0000] {logging_mixin.py:188} INFO - [2025-07-17T17:29:08.478+0000] {dag.py:3954} INFO - Setting next_dagrun for example_task_group to 2025-07-16 00:00:00+00:00, run_after=2025-07-17 00:00:00+00:00
[2025-07-17T17:29:08.750+0000] {processor.py:183} INFO - Processing /mnt/c/Users/Shivam Gupta/OneDrive/Documents/Shivam_Developement/DATA_ENGINEERING/data_engineering_project/batch-etl-pyspark/.venv/lib/python3.12/site-packages/airflow/example_dags/example_task_group.py took 0.647 seconds
[2025-07-17T17:32:51.196+0000] {processor.py:161} INFO - Started process (PID=2477) to work on /mnt/c/Users/Shivam Gupta/OneDrive/Documents/Shivam_Developement/DATA_ENGINEERING/data_engineering_project/batch-etl-pyspark/.venv/lib/python3.12/site-packages/airflow/example_dags/example_task_group.py
[2025-07-17T17:32:51.201+0000] {processor.py:830} INFO - Processing file /mnt/c/Users/Shivam Gupta/OneDrive/Documents/Shivam_Developement/DATA_ENGINEERING/data_engineering_project/batch-etl-pyspark/.venv/lib/python3.12/site-packages/airflow/example_dags/example_task_group.py for tasks to queue
[2025-07-17T17:32:51.207+0000] {logging_mixin.py:188} INFO - [2025-07-17T17:32:51.204+0000] {dagbag.py:545} INFO - Filling up the DagBag from /mnt/c/Users/Shivam Gupta/OneDrive/Documents/Shivam_Developement/DATA_ENGINEERING/data_engineering_project/batch-etl-pyspark/.venv/lib/python3.12/site-packages/airflow/example_dags/example_task_group.py
[2025-07-17T17:32:51.251+0000] {processor.py:840} INFO - DAG(s) 'example_task_group' retrieved from /mnt/c/Users/Shivam Gupta/OneDrive/Documents/Shivam_Developement/DATA_ENGINEERING/data_engineering_project/batch-etl-pyspark/.venv/lib/python3.12/site-packages/airflow/example_dags/example_task_group.py
[2025-07-17T17:32:51.329+0000] {logging_mixin.py:188} INFO - [2025-07-17T17:32:51.327+0000] {dag.py:3096} INFO - Sync 1 DAGs
[2025-07-17T17:32:51.692+0000] {logging_mixin.py:188} INFO - [2025-07-17T17:32:51.691+0000] {dag.py:3954} INFO - Setting next_dagrun for example_task_group to 2025-07-16 00:00:00+00:00, run_after=2025-07-17 00:00:00+00:00
[2025-07-17T17:32:52.119+0000] {processor.py:183} INFO - Processing /mnt/c/Users/Shivam Gupta/OneDrive/Documents/Shivam_Developement/DATA_ENGINEERING/data_engineering_project/batch-etl-pyspark/.venv/lib/python3.12/site-packages/airflow/example_dags/example_task_group.py took 0.946 seconds
[2025-07-17T17:34:57.346+0000] {processor.py:161} INFO - Started process (PID=2551) to work on /mnt/c/Users/Shivam Gupta/OneDrive/Documents/Shivam_Developement/DATA_ENGINEERING/data_engineering_project/batch-etl-pyspark/.venv/lib/python3.12/site-packages/airflow/example_dags/example_task_group.py
[2025-07-17T17:34:57.411+0000] {processor.py:830} INFO - Processing file /mnt/c/Users/Shivam Gupta/OneDrive/Documents/Shivam_Developement/DATA_ENGINEERING/data_engineering_project/batch-etl-pyspark/.venv/lib/python3.12/site-packages/airflow/example_dags/example_task_group.py for tasks to queue
[2025-07-17T17:34:57.467+0000] {logging_mixin.py:188} INFO - [2025-07-17T17:34:57.435+0000] {dagbag.py:545} INFO - Filling up the DagBag from /mnt/c/Users/Shivam Gupta/OneDrive/Documents/Shivam_Developement/DATA_ENGINEERING/data_engineering_project/batch-etl-pyspark/.venv/lib/python3.12/site-packages/airflow/example_dags/example_task_group.py
[2025-07-17T17:34:57.704+0000] {processor.py:840} INFO - DAG(s) 'example_task_group' retrieved from /mnt/c/Users/Shivam Gupta/OneDrive/Documents/Shivam_Developement/DATA_ENGINEERING/data_engineering_project/batch-etl-pyspark/.venv/lib/python3.12/site-packages/airflow/example_dags/example_task_group.py
[2025-07-17T17:34:57.774+0000] {logging_mixin.py:188} INFO - [2025-07-17T17:34:57.772+0000] {dag.py:3096} INFO - Sync 1 DAGs
[2025-07-17T17:34:57.837+0000] {logging_mixin.py:188} INFO - [2025-07-17T17:34:57.835+0000] {dag.py:3954} INFO - Setting next_dagrun for example_task_group to 2025-07-16 00:00:00+00:00, run_after=2025-07-17 00:00:00+00:00
[2025-07-17T17:34:58.025+0000] {processor.py:183} INFO - Processing /mnt/c/Users/Shivam Gupta/OneDrive/Documents/Shivam_Developement/DATA_ENGINEERING/data_engineering_project/batch-etl-pyspark/.venv/lib/python3.12/site-packages/airflow/example_dags/example_task_group.py took 0.838 seconds
[2025-07-17T17:36:53.344+0000] {processor.py:161} INFO - Started process (PID=2619) to work on /mnt/c/Users/Shivam Gupta/OneDrive/Documents/Shivam_Developement/DATA_ENGINEERING/data_engineering_project/batch-etl-pyspark/.venv/lib/python3.12/site-packages/airflow/example_dags/example_task_group.py
[2025-07-17T17:36:53.377+0000] {processor.py:830} INFO - Processing file /mnt/c/Users/Shivam Gupta/OneDrive/Documents/Shivam_Developement/DATA_ENGINEERING/data_engineering_project/batch-etl-pyspark/.venv/lib/python3.12/site-packages/airflow/example_dags/example_task_group.py for tasks to queue
[2025-07-17T17:36:53.401+0000] {logging_mixin.py:188} INFO - [2025-07-17T17:36:53.389+0000] {dagbag.py:545} INFO - Filling up the DagBag from /mnt/c/Users/Shivam Gupta/OneDrive/Documents/Shivam_Developement/DATA_ENGINEERING/data_engineering_project/batch-etl-pyspark/.venv/lib/python3.12/site-packages/airflow/example_dags/example_task_group.py
[2025-07-17T17:36:53.480+0000] {processor.py:840} INFO - DAG(s) 'example_task_group' retrieved from /mnt/c/Users/Shivam Gupta/OneDrive/Documents/Shivam_Developement/DATA_ENGINEERING/data_engineering_project/batch-etl-pyspark/.venv/lib/python3.12/site-packages/airflow/example_dags/example_task_group.py
[2025-07-17T17:36:53.660+0000] {logging_mixin.py:188} INFO - [2025-07-17T17:36:53.639+0000] {dag.py:3096} INFO - Sync 1 DAGs
[2025-07-17T17:36:53.883+0000] {logging_mixin.py:188} INFO - [2025-07-17T17:36:53.868+0000] {dag.py:3954} INFO - Setting next_dagrun for example_task_group to 2025-07-16 00:00:00+00:00, run_after=2025-07-17 00:00:00+00:00
[2025-07-17T17:36:54.203+0000] {processor.py:183} INFO - Processing /mnt/c/Users/Shivam Gupta/OneDrive/Documents/Shivam_Developement/DATA_ENGINEERING/data_engineering_project/batch-etl-pyspark/.venv/lib/python3.12/site-packages/airflow/example_dags/example_task_group.py took 1.030 seconds
[2025-07-17T17:38:46.040+0000] {processor.py:161} INFO - Started process (PID=2683) to work on /mnt/c/Users/Shivam Gupta/OneDrive/Documents/Shivam_Developement/DATA_ENGINEERING/data_engineering_project/batch-etl-pyspark/.venv/lib/python3.12/site-packages/airflow/example_dags/example_task_group.py
[2025-07-17T17:38:46.048+0000] {processor.py:830} INFO - Processing file /mnt/c/Users/Shivam Gupta/OneDrive/Documents/Shivam_Developement/DATA_ENGINEERING/data_engineering_project/batch-etl-pyspark/.venv/lib/python3.12/site-packages/airflow/example_dags/example_task_group.py for tasks to queue
[2025-07-17T17:38:46.056+0000] {logging_mixin.py:188} INFO - [2025-07-17T17:38:46.053+0000] {dagbag.py:545} INFO - Filling up the DagBag from /mnt/c/Users/Shivam Gupta/OneDrive/Documents/Shivam_Developement/DATA_ENGINEERING/data_engineering_project/batch-etl-pyspark/.venv/lib/python3.12/site-packages/airflow/example_dags/example_task_group.py
[2025-07-17T17:38:46.199+0000] {processor.py:840} INFO - DAG(s) 'example_task_group' retrieved from /mnt/c/Users/Shivam Gupta/OneDrive/Documents/Shivam_Developement/DATA_ENGINEERING/data_engineering_project/batch-etl-pyspark/.venv/lib/python3.12/site-packages/airflow/example_dags/example_task_group.py
[2025-07-17T17:38:46.515+0000] {logging_mixin.py:188} INFO - [2025-07-17T17:38:46.490+0000] {dag.py:3096} INFO - Sync 1 DAGs
[2025-07-17T17:38:46.681+0000] {logging_mixin.py:188} INFO - [2025-07-17T17:38:46.678+0000] {dag.py:3954} INFO - Setting next_dagrun for example_task_group to 2025-07-16 00:00:00+00:00, run_after=2025-07-17 00:00:00+00:00
[2025-07-17T17:38:46.859+0000] {processor.py:183} INFO - Processing /mnt/c/Users/Shivam Gupta/OneDrive/Documents/Shivam_Developement/DATA_ENGINEERING/data_engineering_project/batch-etl-pyspark/.venv/lib/python3.12/site-packages/airflow/example_dags/example_task_group.py took 0.857 seconds
[2025-07-17T17:40:28.638+0000] {processor.py:161} INFO - Started process (PID=2747) to work on /mnt/c/Users/Shivam Gupta/OneDrive/Documents/Shivam_Developement/DATA_ENGINEERING/data_engineering_project/batch-etl-pyspark/.venv/lib/python3.12/site-packages/airflow/example_dags/example_task_group.py
[2025-07-17T17:40:28.652+0000] {processor.py:830} INFO - Processing file /mnt/c/Users/Shivam Gupta/OneDrive/Documents/Shivam_Developement/DATA_ENGINEERING/data_engineering_project/batch-etl-pyspark/.venv/lib/python3.12/site-packages/airflow/example_dags/example_task_group.py for tasks to queue
[2025-07-17T17:40:28.656+0000] {logging_mixin.py:188} INFO - [2025-07-17T17:40:28.654+0000] {dagbag.py:545} INFO - Filling up the DagBag from /mnt/c/Users/Shivam Gupta/OneDrive/Documents/Shivam_Developement/DATA_ENGINEERING/data_engineering_project/batch-etl-pyspark/.venv/lib/python3.12/site-packages/airflow/example_dags/example_task_group.py
[2025-07-17T17:40:28.679+0000] {processor.py:840} INFO - DAG(s) 'example_task_group' retrieved from /mnt/c/Users/Shivam Gupta/OneDrive/Documents/Shivam_Developement/DATA_ENGINEERING/data_engineering_project/batch-etl-pyspark/.venv/lib/python3.12/site-packages/airflow/example_dags/example_task_group.py
[2025-07-17T17:40:28.803+0000] {logging_mixin.py:188} INFO - [2025-07-17T17:40:28.796+0000] {dag.py:3096} INFO - Sync 1 DAGs
[2025-07-17T17:40:28.889+0000] {logging_mixin.py:188} INFO - [2025-07-17T17:40:28.881+0000] {dag.py:3954} INFO - Setting next_dagrun for example_task_group to 2025-07-16 00:00:00+00:00, run_after=2025-07-17 00:00:00+00:00
[2025-07-17T17:40:29.045+0000] {processor.py:183} INFO - Processing /mnt/c/Users/Shivam Gupta/OneDrive/Documents/Shivam_Developement/DATA_ENGINEERING/data_engineering_project/batch-etl-pyspark/.venv/lib/python3.12/site-packages/airflow/example_dags/example_task_group.py took 0.502 seconds
[2025-07-17T17:42:11.824+0000] {processor.py:161} INFO - Started process (PID=2803) to work on /mnt/c/Users/Shivam Gupta/OneDrive/Documents/Shivam_Developement/DATA_ENGINEERING/data_engineering_project/batch-etl-pyspark/.venv/lib/python3.12/site-packages/airflow/example_dags/example_task_group.py
[2025-07-17T17:42:11.826+0000] {processor.py:830} INFO - Processing file /mnt/c/Users/Shivam Gupta/OneDrive/Documents/Shivam_Developement/DATA_ENGINEERING/data_engineering_project/batch-etl-pyspark/.venv/lib/python3.12/site-packages/airflow/example_dags/example_task_group.py for tasks to queue
[2025-07-17T17:42:11.830+0000] {logging_mixin.py:188} INFO - [2025-07-17T17:42:11.829+0000] {dagbag.py:545} INFO - Filling up the DagBag from /mnt/c/Users/Shivam Gupta/OneDrive/Documents/Shivam_Developement/DATA_ENGINEERING/data_engineering_project/batch-etl-pyspark/.venv/lib/python3.12/site-packages/airflow/example_dags/example_task_group.py
[2025-07-17T17:42:11.949+0000] {processor.py:840} INFO - DAG(s) 'example_task_group' retrieved from /mnt/c/Users/Shivam Gupta/OneDrive/Documents/Shivam_Developement/DATA_ENGINEERING/data_engineering_project/batch-etl-pyspark/.venv/lib/python3.12/site-packages/airflow/example_dags/example_task_group.py
[2025-07-17T17:42:12.075+0000] {logging_mixin.py:188} INFO - [2025-07-17T17:42:12.075+0000] {dag.py:3096} INFO - Sync 1 DAGs
[2025-07-17T17:42:12.184+0000] {logging_mixin.py:188} INFO - [2025-07-17T17:42:12.183+0000] {dag.py:3954} INFO - Setting next_dagrun for example_task_group to 2025-07-16 00:00:00+00:00, run_after=2025-07-17 00:00:00+00:00
[2025-07-17T17:42:12.341+0000] {processor.py:183} INFO - Processing /mnt/c/Users/Shivam Gupta/OneDrive/Documents/Shivam_Developement/DATA_ENGINEERING/data_engineering_project/batch-etl-pyspark/.venv/lib/python3.12/site-packages/airflow/example_dags/example_task_group.py took 0.533 seconds
[2025-07-17T17:43:53.345+0000] {processor.py:161} INFO - Started process (PID=2864) to work on /mnt/c/Users/Shivam Gupta/OneDrive/Documents/Shivam_Developement/DATA_ENGINEERING/data_engineering_project/batch-etl-pyspark/.venv/lib/python3.12/site-packages/airflow/example_dags/example_task_group.py
[2025-07-17T17:43:53.348+0000] {processor.py:830} INFO - Processing file /mnt/c/Users/Shivam Gupta/OneDrive/Documents/Shivam_Developement/DATA_ENGINEERING/data_engineering_project/batch-etl-pyspark/.venv/lib/python3.12/site-packages/airflow/example_dags/example_task_group.py for tasks to queue
[2025-07-17T17:43:53.359+0000] {logging_mixin.py:188} INFO - [2025-07-17T17:43:53.351+0000] {dagbag.py:545} INFO - Filling up the DagBag from /mnt/c/Users/Shivam Gupta/OneDrive/Documents/Shivam_Developement/DATA_ENGINEERING/data_engineering_project/batch-etl-pyspark/.venv/lib/python3.12/site-packages/airflow/example_dags/example_task_group.py
[2025-07-17T17:43:53.582+0000] {processor.py:840} INFO - DAG(s) 'example_task_group' retrieved from /mnt/c/Users/Shivam Gupta/OneDrive/Documents/Shivam_Developement/DATA_ENGINEERING/data_engineering_project/batch-etl-pyspark/.venv/lib/python3.12/site-packages/airflow/example_dags/example_task_group.py
[2025-07-17T17:43:53.876+0000] {logging_mixin.py:188} INFO - [2025-07-17T17:43:53.875+0000] {dag.py:3096} INFO - Sync 1 DAGs
[2025-07-17T17:43:53.914+0000] {logging_mixin.py:188} INFO - [2025-07-17T17:43:53.912+0000] {dag.py:3954} INFO - Setting next_dagrun for example_task_group to 2025-07-16 00:00:00+00:00, run_after=2025-07-17 00:00:00+00:00
[2025-07-17T17:43:54.043+0000] {processor.py:183} INFO - Processing /mnt/c/Users/Shivam Gupta/OneDrive/Documents/Shivam_Developement/DATA_ENGINEERING/data_engineering_project/batch-etl-pyspark/.venv/lib/python3.12/site-packages/airflow/example_dags/example_task_group.py took 0.711 seconds
[2025-07-17T17:45:40.741+0000] {processor.py:161} INFO - Started process (PID=2918) to work on /mnt/c/Users/Shivam Gupta/OneDrive/Documents/Shivam_Developement/DATA_ENGINEERING/data_engineering_project/batch-etl-pyspark/.venv/lib/python3.12/site-packages/airflow/example_dags/example_task_group.py
[2025-07-17T17:45:40.746+0000] {processor.py:830} INFO - Processing file /mnt/c/Users/Shivam Gupta/OneDrive/Documents/Shivam_Developement/DATA_ENGINEERING/data_engineering_project/batch-etl-pyspark/.venv/lib/python3.12/site-packages/airflow/example_dags/example_task_group.py for tasks to queue
[2025-07-17T17:45:40.752+0000] {logging_mixin.py:188} INFO - [2025-07-17T17:45:40.749+0000] {dagbag.py:545} INFO - Filling up the DagBag from /mnt/c/Users/Shivam Gupta/OneDrive/Documents/Shivam_Developement/DATA_ENGINEERING/data_engineering_project/batch-etl-pyspark/.venv/lib/python3.12/site-packages/airflow/example_dags/example_task_group.py
[2025-07-17T17:45:40.841+0000] {processor.py:840} INFO - DAG(s) 'example_task_group' retrieved from /mnt/c/Users/Shivam Gupta/OneDrive/Documents/Shivam_Developement/DATA_ENGINEERING/data_engineering_project/batch-etl-pyspark/.venv/lib/python3.12/site-packages/airflow/example_dags/example_task_group.py
[2025-07-17T17:45:40.927+0000] {logging_mixin.py:188} INFO - [2025-07-17T17:45:40.924+0000] {dag.py:3096} INFO - Sync 1 DAGs
[2025-07-17T17:45:41.006+0000] {logging_mixin.py:188} INFO - [2025-07-17T17:45:41.001+0000] {dag.py:3954} INFO - Setting next_dagrun for example_task_group to 2025-07-16 00:00:00+00:00, run_after=2025-07-17 00:00:00+00:00
[2025-07-17T17:45:41.190+0000] {processor.py:183} INFO - Processing /mnt/c/Users/Shivam Gupta/OneDrive/Documents/Shivam_Developement/DATA_ENGINEERING/data_engineering_project/batch-etl-pyspark/.venv/lib/python3.12/site-packages/airflow/example_dags/example_task_group.py took 0.478 seconds
[2025-07-17T17:47:21.060+0000] {processor.py:161} INFO - Started process (PID=2979) to work on /mnt/c/Users/Shivam Gupta/OneDrive/Documents/Shivam_Developement/DATA_ENGINEERING/data_engineering_project/batch-etl-pyspark/.venv/lib/python3.12/site-packages/airflow/example_dags/example_task_group.py
[2025-07-17T17:47:21.063+0000] {processor.py:830} INFO - Processing file /mnt/c/Users/Shivam Gupta/OneDrive/Documents/Shivam_Developement/DATA_ENGINEERING/data_engineering_project/batch-etl-pyspark/.venv/lib/python3.12/site-packages/airflow/example_dags/example_task_group.py for tasks to queue
[2025-07-17T17:47:21.067+0000] {logging_mixin.py:188} INFO - [2025-07-17T17:47:21.065+0000] {dagbag.py:545} INFO - Filling up the DagBag from /mnt/c/Users/Shivam Gupta/OneDrive/Documents/Shivam_Developement/DATA_ENGINEERING/data_engineering_project/batch-etl-pyspark/.venv/lib/python3.12/site-packages/airflow/example_dags/example_task_group.py
[2025-07-17T17:47:21.105+0000] {processor.py:840} INFO - DAG(s) 'example_task_group' retrieved from /mnt/c/Users/Shivam Gupta/OneDrive/Documents/Shivam_Developement/DATA_ENGINEERING/data_engineering_project/batch-etl-pyspark/.venv/lib/python3.12/site-packages/airflow/example_dags/example_task_group.py
[2025-07-17T17:47:21.150+0000] {logging_mixin.py:188} INFO - [2025-07-17T17:47:21.148+0000] {dag.py:3096} INFO - Sync 1 DAGs
[2025-07-17T17:47:21.192+0000] {logging_mixin.py:188} INFO - [2025-07-17T17:47:21.190+0000] {dag.py:3954} INFO - Setting next_dagrun for example_task_group to 2025-07-16 00:00:00+00:00, run_after=2025-07-17 00:00:00+00:00
[2025-07-17T17:47:21.303+0000] {processor.py:183} INFO - Processing /mnt/c/Users/Shivam Gupta/OneDrive/Documents/Shivam_Developement/DATA_ENGINEERING/data_engineering_project/batch-etl-pyspark/.venv/lib/python3.12/site-packages/airflow/example_dags/example_task_group.py took 0.264 seconds
[2025-07-17T17:48:33.864+0000] {processor.py:161} INFO - Started process (PID=3036) to work on /mnt/c/Users/Shivam Gupta/OneDrive/Documents/Shivam_Developement/DATA_ENGINEERING/data_engineering_project/batch-etl-pyspark/.venv/lib/python3.12/site-packages/airflow/example_dags/example_task_group.py
[2025-07-17T17:48:33.867+0000] {processor.py:830} INFO - Processing file /mnt/c/Users/Shivam Gupta/OneDrive/Documents/Shivam_Developement/DATA_ENGINEERING/data_engineering_project/batch-etl-pyspark/.venv/lib/python3.12/site-packages/airflow/example_dags/example_task_group.py for tasks to queue
[2025-07-17T17:48:33.872+0000] {logging_mixin.py:188} INFO - [2025-07-17T17:48:33.870+0000] {dagbag.py:545} INFO - Filling up the DagBag from /mnt/c/Users/Shivam Gupta/OneDrive/Documents/Shivam_Developement/DATA_ENGINEERING/data_engineering_project/batch-etl-pyspark/.venv/lib/python3.12/site-packages/airflow/example_dags/example_task_group.py
[2025-07-17T17:48:33.917+0000] {processor.py:840} INFO - DAG(s) 'example_task_group' retrieved from /mnt/c/Users/Shivam Gupta/OneDrive/Documents/Shivam_Developement/DATA_ENGINEERING/data_engineering_project/batch-etl-pyspark/.venv/lib/python3.12/site-packages/airflow/example_dags/example_task_group.py
[2025-07-17T17:48:33.963+0000] {logging_mixin.py:188} INFO - [2025-07-17T17:48:33.962+0000] {dag.py:3096} INFO - Sync 1 DAGs
[2025-07-17T17:48:34.006+0000] {logging_mixin.py:188} INFO - [2025-07-17T17:48:34.005+0000] {dag.py:3954} INFO - Setting next_dagrun for example_task_group to 2025-07-16 00:00:00+00:00, run_after=2025-07-17 00:00:00+00:00
[2025-07-17T17:48:34.138+0000] {processor.py:183} INFO - Processing /mnt/c/Users/Shivam Gupta/OneDrive/Documents/Shivam_Developement/DATA_ENGINEERING/data_engineering_project/batch-etl-pyspark/.venv/lib/python3.12/site-packages/airflow/example_dags/example_task_group.py took 0.292 seconds
[2025-07-17T17:50:30.964+0000] {processor.py:161} INFO - Started process (PID=3137) to work on /mnt/c/Users/Shivam Gupta/OneDrive/Documents/Shivam_Developement/DATA_ENGINEERING/data_engineering_project/batch-etl-pyspark/.venv/lib/python3.12/site-packages/airflow/example_dags/example_task_group.py
[2025-07-17T17:50:30.967+0000] {processor.py:830} INFO - Processing file /mnt/c/Users/Shivam Gupta/OneDrive/Documents/Shivam_Developement/DATA_ENGINEERING/data_engineering_project/batch-etl-pyspark/.venv/lib/python3.12/site-packages/airflow/example_dags/example_task_group.py for tasks to queue
[2025-07-17T17:50:30.971+0000] {logging_mixin.py:188} INFO - [2025-07-17T17:50:30.969+0000] {dagbag.py:545} INFO - Filling up the DagBag from /mnt/c/Users/Shivam Gupta/OneDrive/Documents/Shivam_Developement/DATA_ENGINEERING/data_engineering_project/batch-etl-pyspark/.venv/lib/python3.12/site-packages/airflow/example_dags/example_task_group.py
[2025-07-17T17:50:31.050+0000] {processor.py:840} INFO - DAG(s) 'example_task_group' retrieved from /mnt/c/Users/Shivam Gupta/OneDrive/Documents/Shivam_Developement/DATA_ENGINEERING/data_engineering_project/batch-etl-pyspark/.venv/lib/python3.12/site-packages/airflow/example_dags/example_task_group.py
[2025-07-17T17:50:31.141+0000] {logging_mixin.py:188} INFO - [2025-07-17T17:50:31.140+0000] {dag.py:3096} INFO - Sync 1 DAGs
[2025-07-17T17:50:31.182+0000] {logging_mixin.py:188} INFO - [2025-07-17T17:50:31.180+0000] {dag.py:3954} INFO - Setting next_dagrun for example_task_group to 2025-07-16 00:00:00+00:00, run_after=2025-07-17 00:00:00+00:00
[2025-07-17T17:50:31.366+0000] {processor.py:183} INFO - Processing /mnt/c/Users/Shivam Gupta/OneDrive/Documents/Shivam_Developement/DATA_ENGINEERING/data_engineering_project/batch-etl-pyspark/.venv/lib/python3.12/site-packages/airflow/example_dags/example_task_group.py took 0.418 seconds
[2025-07-17T17:52:40.813+0000] {processor.py:161} INFO - Started process (PID=3239) to work on /mnt/c/Users/Shivam Gupta/OneDrive/Documents/Shivam_Developement/DATA_ENGINEERING/data_engineering_project/batch-etl-pyspark/.venv/lib/python3.12/site-packages/airflow/example_dags/example_task_group.py
[2025-07-17T17:52:40.816+0000] {processor.py:830} INFO - Processing file /mnt/c/Users/Shivam Gupta/OneDrive/Documents/Shivam_Developement/DATA_ENGINEERING/data_engineering_project/batch-etl-pyspark/.venv/lib/python3.12/site-packages/airflow/example_dags/example_task_group.py for tasks to queue
[2025-07-17T17:52:40.820+0000] {logging_mixin.py:188} INFO - [2025-07-17T17:52:40.818+0000] {dagbag.py:545} INFO - Filling up the DagBag from /mnt/c/Users/Shivam Gupta/OneDrive/Documents/Shivam_Developement/DATA_ENGINEERING/data_engineering_project/batch-etl-pyspark/.venv/lib/python3.12/site-packages/airflow/example_dags/example_task_group.py
[2025-07-17T17:52:40.860+0000] {processor.py:840} INFO - DAG(s) 'example_task_group' retrieved from /mnt/c/Users/Shivam Gupta/OneDrive/Documents/Shivam_Developement/DATA_ENGINEERING/data_engineering_project/batch-etl-pyspark/.venv/lib/python3.12/site-packages/airflow/example_dags/example_task_group.py
[2025-07-17T17:52:40.924+0000] {logging_mixin.py:188} INFO - [2025-07-17T17:52:40.923+0000] {dag.py:3096} INFO - Sync 1 DAGs
[2025-07-17T17:52:40.989+0000] {logging_mixin.py:188} INFO - [2025-07-17T17:52:40.983+0000] {dag.py:3954} INFO - Setting next_dagrun for example_task_group to 2025-07-16 00:00:00+00:00, run_after=2025-07-17 00:00:00+00:00
[2025-07-17T17:52:41.157+0000] {processor.py:183} INFO - Processing /mnt/c/Users/Shivam Gupta/OneDrive/Documents/Shivam_Developement/DATA_ENGINEERING/data_engineering_project/batch-etl-pyspark/.venv/lib/python3.12/site-packages/airflow/example_dags/example_task_group.py took 0.362 seconds
[2025-07-17T17:54:44.017+0000] {processor.py:161} INFO - Started process (PID=3340) to work on /mnt/c/Users/Shivam Gupta/OneDrive/Documents/Shivam_Developement/DATA_ENGINEERING/data_engineering_project/batch-etl-pyspark/.venv/lib/python3.12/site-packages/airflow/example_dags/example_task_group.py
[2025-07-17T17:54:44.019+0000] {processor.py:830} INFO - Processing file /mnt/c/Users/Shivam Gupta/OneDrive/Documents/Shivam_Developement/DATA_ENGINEERING/data_engineering_project/batch-etl-pyspark/.venv/lib/python3.12/site-packages/airflow/example_dags/example_task_group.py for tasks to queue
[2025-07-17T17:54:44.025+0000] {logging_mixin.py:188} INFO - [2025-07-17T17:54:44.023+0000] {dagbag.py:545} INFO - Filling up the DagBag from /mnt/c/Users/Shivam Gupta/OneDrive/Documents/Shivam_Developement/DATA_ENGINEERING/data_engineering_project/batch-etl-pyspark/.venv/lib/python3.12/site-packages/airflow/example_dags/example_task_group.py
[2025-07-17T17:54:44.055+0000] {processor.py:840} INFO - DAG(s) 'example_task_group' retrieved from /mnt/c/Users/Shivam Gupta/OneDrive/Documents/Shivam_Developement/DATA_ENGINEERING/data_engineering_project/batch-etl-pyspark/.venv/lib/python3.12/site-packages/airflow/example_dags/example_task_group.py
[2025-07-17T17:54:44.106+0000] {logging_mixin.py:188} INFO - [2025-07-17T17:54:44.104+0000] {dag.py:3096} INFO - Sync 1 DAGs
[2025-07-17T17:54:44.147+0000] {logging_mixin.py:188} INFO - [2025-07-17T17:54:44.146+0000] {dag.py:3954} INFO - Setting next_dagrun for example_task_group to 2025-07-16 00:00:00+00:00, run_after=2025-07-17 00:00:00+00:00
[2025-07-17T17:54:44.244+0000] {processor.py:183} INFO - Processing /mnt/c/Users/Shivam Gupta/OneDrive/Documents/Shivam_Developement/DATA_ENGINEERING/data_engineering_project/batch-etl-pyspark/.venv/lib/python3.12/site-packages/airflow/example_dags/example_task_group.py took 0.245 seconds
[2025-07-17T17:56:48.959+0000] {processor.py:161} INFO - Started process (PID=3443) to work on /mnt/c/Users/Shivam Gupta/OneDrive/Documents/Shivam_Developement/DATA_ENGINEERING/data_engineering_project/batch-etl-pyspark/.venv/lib/python3.12/site-packages/airflow/example_dags/example_task_group.py
[2025-07-17T17:56:48.962+0000] {processor.py:830} INFO - Processing file /mnt/c/Users/Shivam Gupta/OneDrive/Documents/Shivam_Developement/DATA_ENGINEERING/data_engineering_project/batch-etl-pyspark/.venv/lib/python3.12/site-packages/airflow/example_dags/example_task_group.py for tasks to queue
[2025-07-17T17:56:48.966+0000] {logging_mixin.py:188} INFO - [2025-07-17T17:56:48.964+0000] {dagbag.py:545} INFO - Filling up the DagBag from /mnt/c/Users/Shivam Gupta/OneDrive/Documents/Shivam_Developement/DATA_ENGINEERING/data_engineering_project/batch-etl-pyspark/.venv/lib/python3.12/site-packages/airflow/example_dags/example_task_group.py
[2025-07-17T17:56:49.013+0000] {processor.py:840} INFO - DAG(s) 'example_task_group' retrieved from /mnt/c/Users/Shivam Gupta/OneDrive/Documents/Shivam_Developement/DATA_ENGINEERING/data_engineering_project/batch-etl-pyspark/.venv/lib/python3.12/site-packages/airflow/example_dags/example_task_group.py
[2025-07-17T17:56:49.066+0000] {logging_mixin.py:188} INFO - [2025-07-17T17:56:49.064+0000] {dag.py:3096} INFO - Sync 1 DAGs
[2025-07-17T17:56:49.109+0000] {logging_mixin.py:188} INFO - [2025-07-17T17:56:49.107+0000] {dag.py:3954} INFO - Setting next_dagrun for example_task_group to 2025-07-16 00:00:00+00:00, run_after=2025-07-17 00:00:00+00:00
[2025-07-17T17:56:49.261+0000] {processor.py:183} INFO - Processing /mnt/c/Users/Shivam Gupta/OneDrive/Documents/Shivam_Developement/DATA_ENGINEERING/data_engineering_project/batch-etl-pyspark/.venv/lib/python3.12/site-packages/airflow/example_dags/example_task_group.py took 0.329 seconds
[2025-07-17T17:58:49.548+0000] {processor.py:161} INFO - Started process (PID=3543) to work on /mnt/c/Users/Shivam Gupta/OneDrive/Documents/Shivam_Developement/DATA_ENGINEERING/data_engineering_project/batch-etl-pyspark/.venv/lib/python3.12/site-packages/airflow/example_dags/example_task_group.py
[2025-07-17T17:58:49.552+0000] {processor.py:830} INFO - Processing file /mnt/c/Users/Shivam Gupta/OneDrive/Documents/Shivam_Developement/DATA_ENGINEERING/data_engineering_project/batch-etl-pyspark/.venv/lib/python3.12/site-packages/airflow/example_dags/example_task_group.py for tasks to queue
[2025-07-17T17:58:49.556+0000] {logging_mixin.py:188} INFO - [2025-07-17T17:58:49.555+0000] {dagbag.py:545} INFO - Filling up the DagBag from /mnt/c/Users/Shivam Gupta/OneDrive/Documents/Shivam_Developement/DATA_ENGINEERING/data_engineering_project/batch-etl-pyspark/.venv/lib/python3.12/site-packages/airflow/example_dags/example_task_group.py
[2025-07-17T17:58:49.588+0000] {processor.py:840} INFO - DAG(s) 'example_task_group' retrieved from /mnt/c/Users/Shivam Gupta/OneDrive/Documents/Shivam_Developement/DATA_ENGINEERING/data_engineering_project/batch-etl-pyspark/.venv/lib/python3.12/site-packages/airflow/example_dags/example_task_group.py
[2025-07-17T17:58:49.628+0000] {logging_mixin.py:188} INFO - [2025-07-17T17:58:49.625+0000] {dag.py:3096} INFO - Sync 1 DAGs
[2025-07-17T17:58:49.679+0000] {logging_mixin.py:188} INFO - [2025-07-17T17:58:49.678+0000] {dag.py:3954} INFO - Setting next_dagrun for example_task_group to 2025-07-16 00:00:00+00:00, run_after=2025-07-17 00:00:00+00:00
[2025-07-17T17:58:49.793+0000] {processor.py:183} INFO - Processing /mnt/c/Users/Shivam Gupta/OneDrive/Documents/Shivam_Developement/DATA_ENGINEERING/data_engineering_project/batch-etl-pyspark/.venv/lib/python3.12/site-packages/airflow/example_dags/example_task_group.py took 0.302 seconds
[2025-07-17T18:01:03.028+0000] {processor.py:161} INFO - Started process (PID=3648) to work on /mnt/c/Users/Shivam Gupta/OneDrive/Documents/Shivam_Developement/DATA_ENGINEERING/data_engineering_project/batch-etl-pyspark/.venv/lib/python3.12/site-packages/airflow/example_dags/example_task_group.py
[2025-07-17T18:01:03.031+0000] {processor.py:830} INFO - Processing file /mnt/c/Users/Shivam Gupta/OneDrive/Documents/Shivam_Developement/DATA_ENGINEERING/data_engineering_project/batch-etl-pyspark/.venv/lib/python3.12/site-packages/airflow/example_dags/example_task_group.py for tasks to queue
[2025-07-17T18:01:03.034+0000] {logging_mixin.py:188} INFO - [2025-07-17T18:01:03.032+0000] {dagbag.py:545} INFO - Filling up the DagBag from /mnt/c/Users/Shivam Gupta/OneDrive/Documents/Shivam_Developement/DATA_ENGINEERING/data_engineering_project/batch-etl-pyspark/.venv/lib/python3.12/site-packages/airflow/example_dags/example_task_group.py
[2025-07-17T18:01:03.068+0000] {processor.py:840} INFO - DAG(s) 'example_task_group' retrieved from /mnt/c/Users/Shivam Gupta/OneDrive/Documents/Shivam_Developement/DATA_ENGINEERING/data_engineering_project/batch-etl-pyspark/.venv/lib/python3.12/site-packages/airflow/example_dags/example_task_group.py
[2025-07-17T18:01:03.105+0000] {logging_mixin.py:188} INFO - [2025-07-17T18:01:03.103+0000] {dag.py:3096} INFO - Sync 1 DAGs
[2025-07-17T18:01:03.137+0000] {logging_mixin.py:188} INFO - [2025-07-17T18:01:03.136+0000] {dag.py:3954} INFO - Setting next_dagrun for example_task_group to 2025-07-16 00:00:00+00:00, run_after=2025-07-17 00:00:00+00:00
[2025-07-17T18:01:03.231+0000] {processor.py:183} INFO - Processing /mnt/c/Users/Shivam Gupta/OneDrive/Documents/Shivam_Developement/DATA_ENGINEERING/data_engineering_project/batch-etl-pyspark/.venv/lib/python3.12/site-packages/airflow/example_dags/example_task_group.py took 0.219 seconds
[2025-07-17T18:03:02.013+0000] {processor.py:161} INFO - Started process (PID=3751) to work on /mnt/c/Users/Shivam Gupta/OneDrive/Documents/Shivam_Developement/DATA_ENGINEERING/data_engineering_project/batch-etl-pyspark/.venv/lib/python3.12/site-packages/airflow/example_dags/example_task_group.py
[2025-07-17T18:03:02.032+0000] {processor.py:830} INFO - Processing file /mnt/c/Users/Shivam Gupta/OneDrive/Documents/Shivam_Developement/DATA_ENGINEERING/data_engineering_project/batch-etl-pyspark/.venv/lib/python3.12/site-packages/airflow/example_dags/example_task_group.py for tasks to queue
[2025-07-17T18:03:02.046+0000] {logging_mixin.py:188} INFO - [2025-07-17T18:03:02.042+0000] {dagbag.py:545} INFO - Filling up the DagBag from /mnt/c/Users/Shivam Gupta/OneDrive/Documents/Shivam_Developement/DATA_ENGINEERING/data_engineering_project/batch-etl-pyspark/.venv/lib/python3.12/site-packages/airflow/example_dags/example_task_group.py
[2025-07-17T18:03:02.155+0000] {processor.py:840} INFO - DAG(s) 'example_task_group' retrieved from /mnt/c/Users/Shivam Gupta/OneDrive/Documents/Shivam_Developement/DATA_ENGINEERING/data_engineering_project/batch-etl-pyspark/.venv/lib/python3.12/site-packages/airflow/example_dags/example_task_group.py
[2025-07-17T18:03:02.194+0000] {logging_mixin.py:188} INFO - [2025-07-17T18:03:02.192+0000] {dag.py:3096} INFO - Sync 1 DAGs
[2025-07-17T18:03:02.228+0000] {logging_mixin.py:188} INFO - [2025-07-17T18:03:02.227+0000] {dag.py:3954} INFO - Setting next_dagrun for example_task_group to 2025-07-16 00:00:00+00:00, run_after=2025-07-17 00:00:00+00:00
[2025-07-17T18:03:02.390+0000] {processor.py:183} INFO - Processing /mnt/c/Users/Shivam Gupta/OneDrive/Documents/Shivam_Developement/DATA_ENGINEERING/data_engineering_project/batch-etl-pyspark/.venv/lib/python3.12/site-packages/airflow/example_dags/example_task_group.py took 0.389 seconds
[2025-07-17T18:05:03.437+0000] {processor.py:161} INFO - Started process (PID=3853) to work on /mnt/c/Users/Shivam Gupta/OneDrive/Documents/Shivam_Developement/DATA_ENGINEERING/data_engineering_project/batch-etl-pyspark/.venv/lib/python3.12/site-packages/airflow/example_dags/example_task_group.py
[2025-07-17T18:05:03.438+0000] {processor.py:830} INFO - Processing file /mnt/c/Users/Shivam Gupta/OneDrive/Documents/Shivam_Developement/DATA_ENGINEERING/data_engineering_project/batch-etl-pyspark/.venv/lib/python3.12/site-packages/airflow/example_dags/example_task_group.py for tasks to queue
[2025-07-17T18:05:03.440+0000] {logging_mixin.py:188} INFO - [2025-07-17T18:05:03.439+0000] {dagbag.py:545} INFO - Filling up the DagBag from /mnt/c/Users/Shivam Gupta/OneDrive/Documents/Shivam_Developement/DATA_ENGINEERING/data_engineering_project/batch-etl-pyspark/.venv/lib/python3.12/site-packages/airflow/example_dags/example_task_group.py
[2025-07-17T18:05:03.461+0000] {processor.py:840} INFO - DAG(s) 'example_task_group' retrieved from /mnt/c/Users/Shivam Gupta/OneDrive/Documents/Shivam_Developement/DATA_ENGINEERING/data_engineering_project/batch-etl-pyspark/.venv/lib/python3.12/site-packages/airflow/example_dags/example_task_group.py
[2025-07-17T18:05:03.502+0000] {logging_mixin.py:188} INFO - [2025-07-17T18:05:03.501+0000] {dag.py:3096} INFO - Sync 1 DAGs
[2025-07-17T18:05:03.526+0000] {logging_mixin.py:188} INFO - [2025-07-17T18:05:03.525+0000] {dag.py:3954} INFO - Setting next_dagrun for example_task_group to 2025-07-16 00:00:00+00:00, run_after=2025-07-17 00:00:00+00:00
[2025-07-17T18:05:03.606+0000] {processor.py:183} INFO - Processing /mnt/c/Users/Shivam Gupta/OneDrive/Documents/Shivam_Developement/DATA_ENGINEERING/data_engineering_project/batch-etl-pyspark/.venv/lib/python3.12/site-packages/airflow/example_dags/example_task_group.py took 0.180 seconds
[2025-07-17T18:07:09.444+0000] {processor.py:161} INFO - Started process (PID=3955) to work on /mnt/c/Users/Shivam Gupta/OneDrive/Documents/Shivam_Developement/DATA_ENGINEERING/data_engineering_project/batch-etl-pyspark/.venv/lib/python3.12/site-packages/airflow/example_dags/example_task_group.py
[2025-07-17T18:07:09.447+0000] {processor.py:830} INFO - Processing file /mnt/c/Users/Shivam Gupta/OneDrive/Documents/Shivam_Developement/DATA_ENGINEERING/data_engineering_project/batch-etl-pyspark/.venv/lib/python3.12/site-packages/airflow/example_dags/example_task_group.py for tasks to queue
[2025-07-17T18:07:09.451+0000] {logging_mixin.py:188} INFO - [2025-07-17T18:07:09.450+0000] {dagbag.py:545} INFO - Filling up the DagBag from /mnt/c/Users/Shivam Gupta/OneDrive/Documents/Shivam_Developement/DATA_ENGINEERING/data_engineering_project/batch-etl-pyspark/.venv/lib/python3.12/site-packages/airflow/example_dags/example_task_group.py
[2025-07-17T18:07:09.500+0000] {processor.py:840} INFO - DAG(s) 'example_task_group' retrieved from /mnt/c/Users/Shivam Gupta/OneDrive/Documents/Shivam_Developement/DATA_ENGINEERING/data_engineering_project/batch-etl-pyspark/.venv/lib/python3.12/site-packages/airflow/example_dags/example_task_group.py
[2025-07-17T18:07:09.553+0000] {logging_mixin.py:188} INFO - [2025-07-17T18:07:09.551+0000] {dag.py:3096} INFO - Sync 1 DAGs
[2025-07-17T18:07:09.593+0000] {logging_mixin.py:188} INFO - [2025-07-17T18:07:09.591+0000] {dag.py:3954} INFO - Setting next_dagrun for example_task_group to 2025-07-16 00:00:00+00:00, run_after=2025-07-17 00:00:00+00:00
[2025-07-17T18:07:09.690+0000] {processor.py:183} INFO - Processing /mnt/c/Users/Shivam Gupta/OneDrive/Documents/Shivam_Developement/DATA_ENGINEERING/data_engineering_project/batch-etl-pyspark/.venv/lib/python3.12/site-packages/airflow/example_dags/example_task_group.py took 0.265 seconds
[2025-07-17T18:09:22.643+0000] {processor.py:161} INFO - Started process (PID=4058) to work on /mnt/c/Users/Shivam Gupta/OneDrive/Documents/Shivam_Developement/DATA_ENGINEERING/data_engineering_project/batch-etl-pyspark/.venv/lib/python3.12/site-packages/airflow/example_dags/example_task_group.py
[2025-07-17T18:09:22.646+0000] {processor.py:830} INFO - Processing file /mnt/c/Users/Shivam Gupta/OneDrive/Documents/Shivam_Developement/DATA_ENGINEERING/data_engineering_project/batch-etl-pyspark/.venv/lib/python3.12/site-packages/airflow/example_dags/example_task_group.py for tasks to queue
[2025-07-17T18:09:22.649+0000] {logging_mixin.py:188} INFO - [2025-07-17T18:09:22.648+0000] {dagbag.py:545} INFO - Filling up the DagBag from /mnt/c/Users/Shivam Gupta/OneDrive/Documents/Shivam_Developement/DATA_ENGINEERING/data_engineering_project/batch-etl-pyspark/.venv/lib/python3.12/site-packages/airflow/example_dags/example_task_group.py
[2025-07-17T18:09:22.688+0000] {processor.py:840} INFO - DAG(s) 'example_task_group' retrieved from /mnt/c/Users/Shivam Gupta/OneDrive/Documents/Shivam_Developement/DATA_ENGINEERING/data_engineering_project/batch-etl-pyspark/.venv/lib/python3.12/site-packages/airflow/example_dags/example_task_group.py
[2025-07-17T18:09:22.731+0000] {logging_mixin.py:188} INFO - [2025-07-17T18:09:22.730+0000] {dag.py:3096} INFO - Sync 1 DAGs
[2025-07-17T18:09:22.765+0000] {logging_mixin.py:188} INFO - [2025-07-17T18:09:22.764+0000] {dag.py:3954} INFO - Setting next_dagrun for example_task_group to 2025-07-16 00:00:00+00:00, run_after=2025-07-17 00:00:00+00:00
[2025-07-17T18:09:22.863+0000] {processor.py:183} INFO - Processing /mnt/c/Users/Shivam Gupta/OneDrive/Documents/Shivam_Developement/DATA_ENGINEERING/data_engineering_project/batch-etl-pyspark/.venv/lib/python3.12/site-packages/airflow/example_dags/example_task_group.py took 0.239 seconds
[2025-07-17T18:11:28.734+0000] {processor.py:161} INFO - Started process (PID=4162) to work on /mnt/c/Users/Shivam Gupta/OneDrive/Documents/Shivam_Developement/DATA_ENGINEERING/data_engineering_project/batch-etl-pyspark/.venv/lib/python3.12/site-packages/airflow/example_dags/example_task_group.py
[2025-07-17T18:11:28.736+0000] {processor.py:830} INFO - Processing file /mnt/c/Users/Shivam Gupta/OneDrive/Documents/Shivam_Developement/DATA_ENGINEERING/data_engineering_project/batch-etl-pyspark/.venv/lib/python3.12/site-packages/airflow/example_dags/example_task_group.py for tasks to queue
[2025-07-17T18:11:28.739+0000] {logging_mixin.py:188} INFO - [2025-07-17T18:11:28.737+0000] {dagbag.py:545} INFO - Filling up the DagBag from /mnt/c/Users/Shivam Gupta/OneDrive/Documents/Shivam_Developement/DATA_ENGINEERING/data_engineering_project/batch-etl-pyspark/.venv/lib/python3.12/site-packages/airflow/example_dags/example_task_group.py
[2025-07-17T18:11:28.777+0000] {processor.py:840} INFO - DAG(s) 'example_task_group' retrieved from /mnt/c/Users/Shivam Gupta/OneDrive/Documents/Shivam_Developement/DATA_ENGINEERING/data_engineering_project/batch-etl-pyspark/.venv/lib/python3.12/site-packages/airflow/example_dags/example_task_group.py
[2025-07-17T18:11:28.813+0000] {logging_mixin.py:188} INFO - [2025-07-17T18:11:28.812+0000] {dag.py:3096} INFO - Sync 1 DAGs
[2025-07-17T18:11:28.840+0000] {logging_mixin.py:188} INFO - [2025-07-17T18:11:28.839+0000] {dag.py:3954} INFO - Setting next_dagrun for example_task_group to 2025-07-16 00:00:00+00:00, run_after=2025-07-17 00:00:00+00:00
[2025-07-17T18:11:28.980+0000] {processor.py:183} INFO - Processing /mnt/c/Users/Shivam Gupta/OneDrive/Documents/Shivam_Developement/DATA_ENGINEERING/data_engineering_project/batch-etl-pyspark/.venv/lib/python3.12/site-packages/airflow/example_dags/example_task_group.py took 0.295 seconds
[2025-07-17T18:12:36.064+0000] {processor.py:161} INFO - Started process (PID=4216) to work on /mnt/c/Users/Shivam Gupta/OneDrive/Documents/Shivam_Developement/DATA_ENGINEERING/data_engineering_project/batch-etl-pyspark/.venv/lib/python3.12/site-packages/airflow/example_dags/example_task_group.py
[2025-07-17T18:12:36.073+0000] {processor.py:830} INFO - Processing file /mnt/c/Users/Shivam Gupta/OneDrive/Documents/Shivam_Developement/DATA_ENGINEERING/data_engineering_project/batch-etl-pyspark/.venv/lib/python3.12/site-packages/airflow/example_dags/example_task_group.py for tasks to queue
[2025-07-17T18:12:36.090+0000] {logging_mixin.py:188} INFO - [2025-07-17T18:12:36.085+0000] {dagbag.py:545} INFO - Filling up the DagBag from /mnt/c/Users/Shivam Gupta/OneDrive/Documents/Shivam_Developement/DATA_ENGINEERING/data_engineering_project/batch-etl-pyspark/.venv/lib/python3.12/site-packages/airflow/example_dags/example_task_group.py
[2025-07-17T18:12:36.227+0000] {processor.py:840} INFO - DAG(s) 'example_task_group' retrieved from /mnt/c/Users/Shivam Gupta/OneDrive/Documents/Shivam_Developement/DATA_ENGINEERING/data_engineering_project/batch-etl-pyspark/.venv/lib/python3.12/site-packages/airflow/example_dags/example_task_group.py
[2025-07-17T18:12:36.289+0000] {logging_mixin.py:188} INFO - [2025-07-17T18:12:36.288+0000] {dag.py:3096} INFO - Sync 1 DAGs
[2025-07-17T18:12:36.323+0000] {logging_mixin.py:188} INFO - [2025-07-17T18:12:36.322+0000] {dag.py:3954} INFO - Setting next_dagrun for example_task_group to 2025-07-16 00:00:00+00:00, run_after=2025-07-17 00:00:00+00:00
[2025-07-17T18:12:36.485+0000] {processor.py:183} INFO - Processing /mnt/c/Users/Shivam Gupta/OneDrive/Documents/Shivam_Developement/DATA_ENGINEERING/data_engineering_project/batch-etl-pyspark/.venv/lib/python3.12/site-packages/airflow/example_dags/example_task_group.py took 0.471 seconds
