[2025-07-17T17:12:08.558+0000] {processor.py:161} INFO - Started process (PID=1909) to work on /mnt/c/Users/Shivam Gupta/OneDrive/Documents/Shivam_Developement/DATA_ENGINEERING/data_engineering_project/batch-etl-pyspark/.venv/lib/python3.12/site-packages/airflow/example_dags/example_xcom.py
[2025-07-17T17:12:08.562+0000] {processor.py:830} INFO - Processing file /mnt/c/Users/Shivam Gupta/OneDrive/Documents/Shivam_Developement/DATA_ENGINEERING/data_engineering_project/batch-etl-pyspark/.venv/lib/python3.12/site-packages/airflow/example_dags/example_xcom.py for tasks to queue
[2025-07-17T17:12:08.566+0000] {logging_mixin.py:188} INFO - [2025-07-17T17:12:08.565+0000] {dagbag.py:545} INFO - Filling up the DagBag from /mnt/c/Users/Shivam Gupta/OneDrive/Documents/Shivam_Developement/DATA_ENGINEERING/data_engineering_project/batch-etl-pyspark/.venv/lib/python3.12/site-packages/airflow/example_dags/example_xcom.py
[2025-07-17T17:12:09.442+0000] {processor.py:840} INFO - DAG(s) 'example_xcom' retrieved from /mnt/c/Users/Shivam Gupta/OneDrive/Documents/Shivam_Developement/DATA_ENGINEERING/data_engineering_project/batch-etl-pyspark/.venv/lib/python3.12/site-packages/airflow/example_dags/example_xcom.py
[2025-07-17T17:12:13.027+0000] {logging_mixin.py:188} INFO - [2025-07-17T17:12:13.021+0000] {dag.py:3096} INFO - Sync 1 DAGs
[2025-07-17T17:12:13.483+0000] {logging_mixin.py:188} INFO - [2025-07-17T17:12:13.447+0000] {dag.py:3954} INFO - Setting next_dagrun for example_xcom to 2021-01-01 00:00:00+00:00, run_after=2021-01-01 00:00:00+00:00
[2025-07-17T17:12:13.892+0000] {processor.py:183} INFO - Processing /mnt/c/Users/Shivam Gupta/OneDrive/Documents/Shivam_Developement/DATA_ENGINEERING/data_engineering_project/batch-etl-pyspark/.venv/lib/python3.12/site-packages/airflow/example_dags/example_xcom.py took 5.351 seconds
[2025-07-17T17:18:30.717+0000] {processor.py:161} INFO - Started process (PID=2017) to work on /mnt/c/Users/Shivam Gupta/OneDrive/Documents/Shivam_Developement/DATA_ENGINEERING/data_engineering_project/batch-etl-pyspark/.venv/lib/python3.12/site-packages/airflow/example_dags/example_xcom.py
[2025-07-17T17:18:30.722+0000] {processor.py:830} INFO - Processing file /mnt/c/Users/Shivam Gupta/OneDrive/Documents/Shivam_Developement/DATA_ENGINEERING/data_engineering_project/batch-etl-pyspark/.venv/lib/python3.12/site-packages/airflow/example_dags/example_xcom.py for tasks to queue
[2025-07-17T17:18:30.730+0000] {logging_mixin.py:188} INFO - [2025-07-17T17:18:30.727+0000] {dagbag.py:545} INFO - Filling up the DagBag from /mnt/c/Users/Shivam Gupta/OneDrive/Documents/Shivam_Developement/DATA_ENGINEERING/data_engineering_project/batch-etl-pyspark/.venv/lib/python3.12/site-packages/airflow/example_dags/example_xcom.py
[2025-07-17T17:18:30.820+0000] {processor.py:840} INFO - DAG(s) 'example_xcom' retrieved from /mnt/c/Users/Shivam Gupta/OneDrive/Documents/Shivam_Developement/DATA_ENGINEERING/data_engineering_project/batch-etl-pyspark/.venv/lib/python3.12/site-packages/airflow/example_dags/example_xcom.py
[2025-07-17T17:18:30.945+0000] {logging_mixin.py:188} INFO - [2025-07-17T17:18:30.937+0000] {dag.py:3096} INFO - Sync 1 DAGs
[2025-07-17T17:18:31.072+0000] {logging_mixin.py:188} INFO - [2025-07-17T17:18:31.056+0000] {dag.py:3954} INFO - Setting next_dagrun for example_xcom to 2021-01-01 00:00:00+00:00, run_after=2021-01-01 00:00:00+00:00
[2025-07-17T17:18:31.366+0000] {processor.py:183} INFO - Processing /mnt/c/Users/Shivam Gupta/OneDrive/Documents/Shivam_Developement/DATA_ENGINEERING/data_engineering_project/batch-etl-pyspark/.venv/lib/python3.12/site-packages/airflow/example_dags/example_xcom.py took 0.679 seconds
[2025-07-17T17:21:01.028+0000] {processor.py:161} INFO - Started process (PID=2088) to work on /mnt/c/Users/Shivam Gupta/OneDrive/Documents/Shivam_Developement/DATA_ENGINEERING/data_engineering_project/batch-etl-pyspark/.venv/lib/python3.12/site-packages/airflow/example_dags/example_xcom.py
[2025-07-17T17:21:01.031+0000] {processor.py:830} INFO - Processing file /mnt/c/Users/Shivam Gupta/OneDrive/Documents/Shivam_Developement/DATA_ENGINEERING/data_engineering_project/batch-etl-pyspark/.venv/lib/python3.12/site-packages/airflow/example_dags/example_xcom.py for tasks to queue
[2025-07-17T17:21:01.037+0000] {logging_mixin.py:188} INFO - [2025-07-17T17:21:01.035+0000] {dagbag.py:545} INFO - Filling up the DagBag from /mnt/c/Users/Shivam Gupta/OneDrive/Documents/Shivam_Developement/DATA_ENGINEERING/data_engineering_project/batch-etl-pyspark/.venv/lib/python3.12/site-packages/airflow/example_dags/example_xcom.py
[2025-07-17T17:21:01.080+0000] {processor.py:840} INFO - DAG(s) 'example_xcom' retrieved from /mnt/c/Users/Shivam Gupta/OneDrive/Documents/Shivam_Developement/DATA_ENGINEERING/data_engineering_project/batch-etl-pyspark/.venv/lib/python3.12/site-packages/airflow/example_dags/example_xcom.py
[2025-07-17T17:21:01.122+0000] {logging_mixin.py:188} INFO - [2025-07-17T17:21:01.121+0000] {dag.py:3096} INFO - Sync 1 DAGs
[2025-07-17T17:21:01.423+0000] {logging_mixin.py:188} INFO - [2025-07-17T17:21:01.394+0000] {dag.py:3954} INFO - Setting next_dagrun for example_xcom to 2021-01-01 00:00:00+00:00, run_after=2021-01-01 00:00:00+00:00
[2025-07-17T17:21:02.012+0000] {processor.py:183} INFO - Processing /mnt/c/Users/Shivam Gupta/OneDrive/Documents/Shivam_Developement/DATA_ENGINEERING/data_engineering_project/batch-etl-pyspark/.venv/lib/python3.12/site-packages/airflow/example_dags/example_xcom.py took 1.005 seconds
[2025-07-17T17:22:49.459+0000] {processor.py:161} INFO - Started process (PID=2148) to work on /mnt/c/Users/Shivam Gupta/OneDrive/Documents/Shivam_Developement/DATA_ENGINEERING/data_engineering_project/batch-etl-pyspark/.venv/lib/python3.12/site-packages/airflow/example_dags/example_xcom.py
[2025-07-17T17:22:49.463+0000] {processor.py:830} INFO - Processing file /mnt/c/Users/Shivam Gupta/OneDrive/Documents/Shivam_Developement/DATA_ENGINEERING/data_engineering_project/batch-etl-pyspark/.venv/lib/python3.12/site-packages/airflow/example_dags/example_xcom.py for tasks to queue
[2025-07-17T17:22:49.470+0000] {logging_mixin.py:188} INFO - [2025-07-17T17:22:49.468+0000] {dagbag.py:545} INFO - Filling up the DagBag from /mnt/c/Users/Shivam Gupta/OneDrive/Documents/Shivam_Developement/DATA_ENGINEERING/data_engineering_project/batch-etl-pyspark/.venv/lib/python3.12/site-packages/airflow/example_dags/example_xcom.py
[2025-07-17T17:22:49.516+0000] {processor.py:840} INFO - DAG(s) 'example_xcom' retrieved from /mnt/c/Users/Shivam Gupta/OneDrive/Documents/Shivam_Developement/DATA_ENGINEERING/data_engineering_project/batch-etl-pyspark/.venv/lib/python3.12/site-packages/airflow/example_dags/example_xcom.py
[2025-07-17T17:22:49.631+0000] {logging_mixin.py:188} INFO - [2025-07-17T17:22:49.630+0000] {dag.py:3096} INFO - Sync 1 DAGs
[2025-07-17T17:22:49.721+0000] {logging_mixin.py:188} INFO - [2025-07-17T17:22:49.720+0000] {dag.py:3954} INFO - Setting next_dagrun for example_xcom to 2021-01-01 00:00:00+00:00, run_after=2021-01-01 00:00:00+00:00
[2025-07-17T17:22:49.979+0000] {processor.py:183} INFO - Processing /mnt/c/Users/Shivam Gupta/OneDrive/Documents/Shivam_Developement/DATA_ENGINEERING/data_engineering_project/batch-etl-pyspark/.venv/lib/python3.12/site-packages/airflow/example_dags/example_xcom.py took 0.545 seconds
[2025-07-17T17:24:44.737+0000] {processor.py:161} INFO - Started process (PID=2233) to work on /mnt/c/Users/Shivam Gupta/OneDrive/Documents/Shivam_Developement/DATA_ENGINEERING/data_engineering_project/batch-etl-pyspark/.venv/lib/python3.12/site-packages/airflow/example_dags/example_xcom.py
[2025-07-17T17:24:44.742+0000] {processor.py:830} INFO - Processing file /mnt/c/Users/Shivam Gupta/OneDrive/Documents/Shivam_Developement/DATA_ENGINEERING/data_engineering_project/batch-etl-pyspark/.venv/lib/python3.12/site-packages/airflow/example_dags/example_xcom.py for tasks to queue
[2025-07-17T17:24:44.749+0000] {logging_mixin.py:188} INFO - [2025-07-17T17:24:44.746+0000] {dagbag.py:545} INFO - Filling up the DagBag from /mnt/c/Users/Shivam Gupta/OneDrive/Documents/Shivam_Developement/DATA_ENGINEERING/data_engineering_project/batch-etl-pyspark/.venv/lib/python3.12/site-packages/airflow/example_dags/example_xcom.py
[2025-07-17T17:24:44.808+0000] {processor.py:840} INFO - DAG(s) 'example_xcom' retrieved from /mnt/c/Users/Shivam Gupta/OneDrive/Documents/Shivam_Developement/DATA_ENGINEERING/data_engineering_project/batch-etl-pyspark/.venv/lib/python3.12/site-packages/airflow/example_dags/example_xcom.py
[2025-07-17T17:24:44.878+0000] {logging_mixin.py:188} INFO - [2025-07-17T17:24:44.876+0000] {dag.py:3096} INFO - Sync 1 DAGs
[2025-07-17T17:24:44.931+0000] {logging_mixin.py:188} INFO - [2025-07-17T17:24:44.928+0000] {dag.py:3954} INFO - Setting next_dagrun for example_xcom to 2021-01-01 00:00:00+00:00, run_after=2021-01-01 00:00:00+00:00
[2025-07-17T17:24:45.089+0000] {processor.py:183} INFO - Processing /mnt/c/Users/Shivam Gupta/OneDrive/Documents/Shivam_Developement/DATA_ENGINEERING/data_engineering_project/batch-etl-pyspark/.venv/lib/python3.12/site-packages/airflow/example_dags/example_xcom.py took 0.381 seconds
[2025-07-17T17:26:44.780+0000] {processor.py:161} INFO - Started process (PID=2299) to work on /mnt/c/Users/Shivam Gupta/OneDrive/Documents/Shivam_Developement/DATA_ENGINEERING/data_engineering_project/batch-etl-pyspark/.venv/lib/python3.12/site-packages/airflow/example_dags/example_xcom.py
[2025-07-17T17:26:44.789+0000] {processor.py:830} INFO - Processing file /mnt/c/Users/Shivam Gupta/OneDrive/Documents/Shivam_Developement/DATA_ENGINEERING/data_engineering_project/batch-etl-pyspark/.venv/lib/python3.12/site-packages/airflow/example_dags/example_xcom.py for tasks to queue
[2025-07-17T17:26:44.804+0000] {logging_mixin.py:188} INFO - [2025-07-17T17:26:44.798+0000] {dagbag.py:545} INFO - Filling up the DagBag from /mnt/c/Users/Shivam Gupta/OneDrive/Documents/Shivam_Developement/DATA_ENGINEERING/data_engineering_project/batch-etl-pyspark/.venv/lib/python3.12/site-packages/airflow/example_dags/example_xcom.py
[2025-07-17T17:26:44.891+0000] {processor.py:840} INFO - DAG(s) 'example_xcom' retrieved from /mnt/c/Users/Shivam Gupta/OneDrive/Documents/Shivam_Developement/DATA_ENGINEERING/data_engineering_project/batch-etl-pyspark/.venv/lib/python3.12/site-packages/airflow/example_dags/example_xcom.py
[2025-07-17T17:26:45.011+0000] {logging_mixin.py:188} INFO - [2025-07-17T17:26:45.002+0000] {dag.py:3096} INFO - Sync 1 DAGs
[2025-07-17T17:26:45.087+0000] {logging_mixin.py:188} INFO - [2025-07-17T17:26:45.079+0000] {dag.py:3954} INFO - Setting next_dagrun for example_xcom to 2021-01-01 00:00:00+00:00, run_after=2021-01-01 00:00:00+00:00
[2025-07-17T17:26:45.357+0000] {processor.py:183} INFO - Processing /mnt/c/Users/Shivam Gupta/OneDrive/Documents/Shivam_Developement/DATA_ENGINEERING/data_engineering_project/batch-etl-pyspark/.venv/lib/python3.12/site-packages/airflow/example_dags/example_xcom.py took 0.600 seconds
[2025-07-17T17:29:00.266+0000] {processor.py:161} INFO - Started process (PID=2371) to work on /mnt/c/Users/Shivam Gupta/OneDrive/Documents/Shivam_Developement/DATA_ENGINEERING/data_engineering_project/batch-etl-pyspark/.venv/lib/python3.12/site-packages/airflow/example_dags/example_xcom.py
[2025-07-17T17:29:00.272+0000] {processor.py:830} INFO - Processing file /mnt/c/Users/Shivam Gupta/OneDrive/Documents/Shivam_Developement/DATA_ENGINEERING/data_engineering_project/batch-etl-pyspark/.venv/lib/python3.12/site-packages/airflow/example_dags/example_xcom.py for tasks to queue
[2025-07-17T17:29:00.282+0000] {logging_mixin.py:188} INFO - [2025-07-17T17:29:00.278+0000] {dagbag.py:545} INFO - Filling up the DagBag from /mnt/c/Users/Shivam Gupta/OneDrive/Documents/Shivam_Developement/DATA_ENGINEERING/data_engineering_project/batch-etl-pyspark/.venv/lib/python3.12/site-packages/airflow/example_dags/example_xcom.py
[2025-07-17T17:29:00.369+0000] {processor.py:840} INFO - DAG(s) 'example_xcom' retrieved from /mnt/c/Users/Shivam Gupta/OneDrive/Documents/Shivam_Developement/DATA_ENGINEERING/data_engineering_project/batch-etl-pyspark/.venv/lib/python3.12/site-packages/airflow/example_dags/example_xcom.py
[2025-07-17T17:29:00.516+0000] {logging_mixin.py:188} INFO - [2025-07-17T17:29:00.511+0000] {dag.py:3096} INFO - Sync 1 DAGs
[2025-07-17T17:29:00.565+0000] {logging_mixin.py:188} INFO - [2025-07-17T17:29:00.562+0000] {dag.py:3954} INFO - Setting next_dagrun for example_xcom to 2021-01-01 00:00:00+00:00, run_after=2021-01-01 00:00:00+00:00
[2025-07-17T17:29:00.734+0000] {processor.py:183} INFO - Processing /mnt/c/Users/Shivam Gupta/OneDrive/Documents/Shivam_Developement/DATA_ENGINEERING/data_engineering_project/batch-etl-pyspark/.venv/lib/python3.12/site-packages/airflow/example_dags/example_xcom.py took 0.504 seconds
[2025-07-17T17:32:40.556+0000] {processor.py:161} INFO - Started process (PID=2472) to work on /mnt/c/Users/Shivam Gupta/OneDrive/Documents/Shivam_Developement/DATA_ENGINEERING/data_engineering_project/batch-etl-pyspark/.venv/lib/python3.12/site-packages/airflow/example_dags/example_xcom.py
[2025-07-17T17:32:40.560+0000] {processor.py:830} INFO - Processing file /mnt/c/Users/Shivam Gupta/OneDrive/Documents/Shivam_Developement/DATA_ENGINEERING/data_engineering_project/batch-etl-pyspark/.venv/lib/python3.12/site-packages/airflow/example_dags/example_xcom.py for tasks to queue
[2025-07-17T17:32:40.564+0000] {logging_mixin.py:188} INFO - [2025-07-17T17:32:40.563+0000] {dagbag.py:545} INFO - Filling up the DagBag from /mnt/c/Users/Shivam Gupta/OneDrive/Documents/Shivam_Developement/DATA_ENGINEERING/data_engineering_project/batch-etl-pyspark/.venv/lib/python3.12/site-packages/airflow/example_dags/example_xcom.py
[2025-07-17T17:32:40.597+0000] {processor.py:840} INFO - DAG(s) 'example_xcom' retrieved from /mnt/c/Users/Shivam Gupta/OneDrive/Documents/Shivam_Developement/DATA_ENGINEERING/data_engineering_project/batch-etl-pyspark/.venv/lib/python3.12/site-packages/airflow/example_dags/example_xcom.py
[2025-07-17T17:32:40.841+0000] {logging_mixin.py:188} INFO - [2025-07-17T17:32:40.839+0000] {dag.py:3096} INFO - Sync 1 DAGs
[2025-07-17T17:32:40.876+0000] {logging_mixin.py:188} INFO - [2025-07-17T17:32:40.874+0000] {dag.py:3954} INFO - Setting next_dagrun for example_xcom to 2021-01-01 00:00:00+00:00, run_after=2021-01-01 00:00:00+00:00
[2025-07-17T17:32:41.138+0000] {processor.py:183} INFO - Processing /mnt/c/Users/Shivam Gupta/OneDrive/Documents/Shivam_Developement/DATA_ENGINEERING/data_engineering_project/batch-etl-pyspark/.venv/lib/python3.12/site-packages/airflow/example_dags/example_xcom.py took 0.606 seconds
[2025-07-17T17:34:46.076+0000] {processor.py:161} INFO - Started process (PID=2546) to work on /mnt/c/Users/Shivam Gupta/OneDrive/Documents/Shivam_Developement/DATA_ENGINEERING/data_engineering_project/batch-etl-pyspark/.venv/lib/python3.12/site-packages/airflow/example_dags/example_xcom.py
[2025-07-17T17:34:46.078+0000] {processor.py:830} INFO - Processing file /mnt/c/Users/Shivam Gupta/OneDrive/Documents/Shivam_Developement/DATA_ENGINEERING/data_engineering_project/batch-etl-pyspark/.venv/lib/python3.12/site-packages/airflow/example_dags/example_xcom.py for tasks to queue
[2025-07-17T17:34:46.080+0000] {logging_mixin.py:188} INFO - [2025-07-17T17:34:46.079+0000] {dagbag.py:545} INFO - Filling up the DagBag from /mnt/c/Users/Shivam Gupta/OneDrive/Documents/Shivam_Developement/DATA_ENGINEERING/data_engineering_project/batch-etl-pyspark/.venv/lib/python3.12/site-packages/airflow/example_dags/example_xcom.py
[2025-07-17T17:34:46.225+0000] {processor.py:840} INFO - DAG(s) 'example_xcom' retrieved from /mnt/c/Users/Shivam Gupta/OneDrive/Documents/Shivam_Developement/DATA_ENGINEERING/data_engineering_project/batch-etl-pyspark/.venv/lib/python3.12/site-packages/airflow/example_dags/example_xcom.py
[2025-07-17T17:34:46.370+0000] {logging_mixin.py:188} INFO - [2025-07-17T17:34:46.368+0000] {dag.py:3096} INFO - Sync 1 DAGs
[2025-07-17T17:34:46.443+0000] {logging_mixin.py:188} INFO - [2025-07-17T17:34:46.435+0000] {dag.py:3954} INFO - Setting next_dagrun for example_xcom to 2021-01-01 00:00:00+00:00, run_after=2021-01-01 00:00:00+00:00
[2025-07-17T17:34:46.823+0000] {processor.py:183} INFO - Processing /mnt/c/Users/Shivam Gupta/OneDrive/Documents/Shivam_Developement/DATA_ENGINEERING/data_engineering_project/batch-etl-pyspark/.venv/lib/python3.12/site-packages/airflow/example_dags/example_xcom.py took 0.763 seconds
[2025-07-17T17:36:43.516+0000] {processor.py:161} INFO - Started process (PID=2614) to work on /mnt/c/Users/Shivam Gupta/OneDrive/Documents/Shivam_Developement/DATA_ENGINEERING/data_engineering_project/batch-etl-pyspark/.venv/lib/python3.12/site-packages/airflow/example_dags/example_xcom.py
[2025-07-17T17:36:43.521+0000] {processor.py:830} INFO - Processing file /mnt/c/Users/Shivam Gupta/OneDrive/Documents/Shivam_Developement/DATA_ENGINEERING/data_engineering_project/batch-etl-pyspark/.venv/lib/python3.12/site-packages/airflow/example_dags/example_xcom.py for tasks to queue
[2025-07-17T17:36:43.528+0000] {logging_mixin.py:188} INFO - [2025-07-17T17:36:43.525+0000] {dagbag.py:545} INFO - Filling up the DagBag from /mnt/c/Users/Shivam Gupta/OneDrive/Documents/Shivam_Developement/DATA_ENGINEERING/data_engineering_project/batch-etl-pyspark/.venv/lib/python3.12/site-packages/airflow/example_dags/example_xcom.py
[2025-07-17T17:36:43.597+0000] {processor.py:840} INFO - DAG(s) 'example_xcom' retrieved from /mnt/c/Users/Shivam Gupta/OneDrive/Documents/Shivam_Developement/DATA_ENGINEERING/data_engineering_project/batch-etl-pyspark/.venv/lib/python3.12/site-packages/airflow/example_dags/example_xcom.py
[2025-07-17T17:36:43.664+0000] {logging_mixin.py:188} INFO - [2025-07-17T17:36:43.661+0000] {dag.py:3096} INFO - Sync 1 DAGs
[2025-07-17T17:36:43.701+0000] {logging_mixin.py:188} INFO - [2025-07-17T17:36:43.699+0000] {dag.py:3954} INFO - Setting next_dagrun for example_xcom to 2021-01-01 00:00:00+00:00, run_after=2021-01-01 00:00:00+00:00
[2025-07-17T17:36:43.801+0000] {processor.py:183} INFO - Processing /mnt/c/Users/Shivam Gupta/OneDrive/Documents/Shivam_Developement/DATA_ENGINEERING/data_engineering_project/batch-etl-pyspark/.venv/lib/python3.12/site-packages/airflow/example_dags/example_xcom.py took 0.312 seconds
[2025-07-17T17:38:36.752+0000] {processor.py:161} INFO - Started process (PID=2676) to work on /mnt/c/Users/Shivam Gupta/OneDrive/Documents/Shivam_Developement/DATA_ENGINEERING/data_engineering_project/batch-etl-pyspark/.venv/lib/python3.12/site-packages/airflow/example_dags/example_xcom.py
[2025-07-17T17:38:36.755+0000] {processor.py:830} INFO - Processing file /mnt/c/Users/Shivam Gupta/OneDrive/Documents/Shivam_Developement/DATA_ENGINEERING/data_engineering_project/batch-etl-pyspark/.venv/lib/python3.12/site-packages/airflow/example_dags/example_xcom.py for tasks to queue
[2025-07-17T17:38:36.762+0000] {logging_mixin.py:188} INFO - [2025-07-17T17:38:36.758+0000] {dagbag.py:545} INFO - Filling up the DagBag from /mnt/c/Users/Shivam Gupta/OneDrive/Documents/Shivam_Developement/DATA_ENGINEERING/data_engineering_project/batch-etl-pyspark/.venv/lib/python3.12/site-packages/airflow/example_dags/example_xcom.py
[2025-07-17T17:38:36.815+0000] {processor.py:840} INFO - DAG(s) 'example_xcom' retrieved from /mnt/c/Users/Shivam Gupta/OneDrive/Documents/Shivam_Developement/DATA_ENGINEERING/data_engineering_project/batch-etl-pyspark/.venv/lib/python3.12/site-packages/airflow/example_dags/example_xcom.py
[2025-07-17T17:38:36.984+0000] {logging_mixin.py:188} INFO - [2025-07-17T17:38:36.977+0000] {dag.py:3096} INFO - Sync 1 DAGs
[2025-07-17T17:38:37.072+0000] {logging_mixin.py:188} INFO - [2025-07-17T17:38:37.060+0000] {dag.py:3954} INFO - Setting next_dagrun for example_xcom to 2021-01-01 00:00:00+00:00, run_after=2021-01-01 00:00:00+00:00
[2025-07-17T17:38:37.306+0000] {processor.py:183} INFO - Processing /mnt/c/Users/Shivam Gupta/OneDrive/Documents/Shivam_Developement/DATA_ENGINEERING/data_engineering_project/batch-etl-pyspark/.venv/lib/python3.12/site-packages/airflow/example_dags/example_xcom.py took 0.573 seconds
[2025-07-17T17:40:20.441+0000] {processor.py:161} INFO - Started process (PID=2742) to work on /mnt/c/Users/Shivam Gupta/OneDrive/Documents/Shivam_Developement/DATA_ENGINEERING/data_engineering_project/batch-etl-pyspark/.venv/lib/python3.12/site-packages/airflow/example_dags/example_xcom.py
[2025-07-17T17:40:20.445+0000] {processor.py:830} INFO - Processing file /mnt/c/Users/Shivam Gupta/OneDrive/Documents/Shivam_Developement/DATA_ENGINEERING/data_engineering_project/batch-etl-pyspark/.venv/lib/python3.12/site-packages/airflow/example_dags/example_xcom.py for tasks to queue
[2025-07-17T17:40:20.449+0000] {logging_mixin.py:188} INFO - [2025-07-17T17:40:20.447+0000] {dagbag.py:545} INFO - Filling up the DagBag from /mnt/c/Users/Shivam Gupta/OneDrive/Documents/Shivam_Developement/DATA_ENGINEERING/data_engineering_project/batch-etl-pyspark/.venv/lib/python3.12/site-packages/airflow/example_dags/example_xcom.py
[2025-07-17T17:40:20.489+0000] {processor.py:840} INFO - DAG(s) 'example_xcom' retrieved from /mnt/c/Users/Shivam Gupta/OneDrive/Documents/Shivam_Developement/DATA_ENGINEERING/data_engineering_project/batch-etl-pyspark/.venv/lib/python3.12/site-packages/airflow/example_dags/example_xcom.py
[2025-07-17T17:40:20.529+0000] {logging_mixin.py:188} INFO - [2025-07-17T17:40:20.528+0000] {dag.py:3096} INFO - Sync 1 DAGs
[2025-07-17T17:40:20.551+0000] {logging_mixin.py:188} INFO - [2025-07-17T17:40:20.551+0000] {dag.py:3954} INFO - Setting next_dagrun for example_xcom to 2021-01-01 00:00:00+00:00, run_after=2021-01-01 00:00:00+00:00
[2025-07-17T17:40:20.641+0000] {processor.py:183} INFO - Processing /mnt/c/Users/Shivam Gupta/OneDrive/Documents/Shivam_Developement/DATA_ENGINEERING/data_engineering_project/batch-etl-pyspark/.venv/lib/python3.12/site-packages/airflow/example_dags/example_xcom.py took 0.269 seconds
[2025-07-17T17:42:02.816+0000] {processor.py:161} INFO - Started process (PID=2798) to work on /mnt/c/Users/Shivam Gupta/OneDrive/Documents/Shivam_Developement/DATA_ENGINEERING/data_engineering_project/batch-etl-pyspark/.venv/lib/python3.12/site-packages/airflow/example_dags/example_xcom.py
[2025-07-17T17:42:02.820+0000] {processor.py:830} INFO - Processing file /mnt/c/Users/Shivam Gupta/OneDrive/Documents/Shivam_Developement/DATA_ENGINEERING/data_engineering_project/batch-etl-pyspark/.venv/lib/python3.12/site-packages/airflow/example_dags/example_xcom.py for tasks to queue
[2025-07-17T17:42:02.826+0000] {logging_mixin.py:188} INFO - [2025-07-17T17:42:02.823+0000] {dagbag.py:545} INFO - Filling up the DagBag from /mnt/c/Users/Shivam Gupta/OneDrive/Documents/Shivam_Developement/DATA_ENGINEERING/data_engineering_project/batch-etl-pyspark/.venv/lib/python3.12/site-packages/airflow/example_dags/example_xcom.py
[2025-07-17T17:42:02.874+0000] {processor.py:840} INFO - DAG(s) 'example_xcom' retrieved from /mnt/c/Users/Shivam Gupta/OneDrive/Documents/Shivam_Developement/DATA_ENGINEERING/data_engineering_project/batch-etl-pyspark/.venv/lib/python3.12/site-packages/airflow/example_dags/example_xcom.py
[2025-07-17T17:42:02.976+0000] {logging_mixin.py:188} INFO - [2025-07-17T17:42:02.956+0000] {dag.py:3096} INFO - Sync 1 DAGs
[2025-07-17T17:42:03.018+0000] {logging_mixin.py:188} INFO - [2025-07-17T17:42:03.017+0000] {dag.py:3954} INFO - Setting next_dagrun for example_xcom to 2021-01-01 00:00:00+00:00, run_after=2021-01-01 00:00:00+00:00
[2025-07-17T17:42:03.202+0000] {processor.py:183} INFO - Processing /mnt/c/Users/Shivam Gupta/OneDrive/Documents/Shivam_Developement/DATA_ENGINEERING/data_engineering_project/batch-etl-pyspark/.venv/lib/python3.12/site-packages/airflow/example_dags/example_xcom.py took 0.410 seconds
[2025-07-17T17:43:41.817+0000] {processor.py:161} INFO - Started process (PID=2857) to work on /mnt/c/Users/Shivam Gupta/OneDrive/Documents/Shivam_Developement/DATA_ENGINEERING/data_engineering_project/batch-etl-pyspark/.venv/lib/python3.12/site-packages/airflow/example_dags/example_xcom.py
[2025-07-17T17:43:41.823+0000] {processor.py:830} INFO - Processing file /mnt/c/Users/Shivam Gupta/OneDrive/Documents/Shivam_Developement/DATA_ENGINEERING/data_engineering_project/batch-etl-pyspark/.venv/lib/python3.12/site-packages/airflow/example_dags/example_xcom.py for tasks to queue
[2025-07-17T17:43:41.829+0000] {logging_mixin.py:188} INFO - [2025-07-17T17:43:41.827+0000] {dagbag.py:545} INFO - Filling up the DagBag from /mnt/c/Users/Shivam Gupta/OneDrive/Documents/Shivam_Developement/DATA_ENGINEERING/data_engineering_project/batch-etl-pyspark/.venv/lib/python3.12/site-packages/airflow/example_dags/example_xcom.py
[2025-07-17T17:43:41.908+0000] {processor.py:840} INFO - DAG(s) 'example_xcom' retrieved from /mnt/c/Users/Shivam Gupta/OneDrive/Documents/Shivam_Developement/DATA_ENGINEERING/data_engineering_project/batch-etl-pyspark/.venv/lib/python3.12/site-packages/airflow/example_dags/example_xcom.py
[2025-07-17T17:43:42.137+0000] {logging_mixin.py:188} INFO - [2025-07-17T17:43:42.135+0000] {dag.py:3096} INFO - Sync 1 DAGs
[2025-07-17T17:43:42.259+0000] {logging_mixin.py:188} INFO - [2025-07-17T17:43:42.258+0000] {dag.py:3954} INFO - Setting next_dagrun for example_xcom to 2021-01-01 00:00:00+00:00, run_after=2021-01-01 00:00:00+00:00
[2025-07-17T17:43:42.577+0000] {processor.py:183} INFO - Processing /mnt/c/Users/Shivam Gupta/OneDrive/Documents/Shivam_Developement/DATA_ENGINEERING/data_engineering_project/batch-etl-pyspark/.venv/lib/python3.12/site-packages/airflow/example_dags/example_xcom.py took 0.778 seconds
[2025-07-17T17:45:28.754+0000] {processor.py:161} INFO - Started process (PID=2913) to work on /mnt/c/Users/Shivam Gupta/OneDrive/Documents/Shivam_Developement/DATA_ENGINEERING/data_engineering_project/batch-etl-pyspark/.venv/lib/python3.12/site-packages/airflow/example_dags/example_xcom.py
[2025-07-17T17:45:28.756+0000] {processor.py:830} INFO - Processing file /mnt/c/Users/Shivam Gupta/OneDrive/Documents/Shivam_Developement/DATA_ENGINEERING/data_engineering_project/batch-etl-pyspark/.venv/lib/python3.12/site-packages/airflow/example_dags/example_xcom.py for tasks to queue
[2025-07-17T17:45:28.758+0000] {logging_mixin.py:188} INFO - [2025-07-17T17:45:28.757+0000] {dagbag.py:545} INFO - Filling up the DagBag from /mnt/c/Users/Shivam Gupta/OneDrive/Documents/Shivam_Developement/DATA_ENGINEERING/data_engineering_project/batch-etl-pyspark/.venv/lib/python3.12/site-packages/airflow/example_dags/example_xcom.py
[2025-07-17T17:45:28.782+0000] {processor.py:840} INFO - DAG(s) 'example_xcom' retrieved from /mnt/c/Users/Shivam Gupta/OneDrive/Documents/Shivam_Developement/DATA_ENGINEERING/data_engineering_project/batch-etl-pyspark/.venv/lib/python3.12/site-packages/airflow/example_dags/example_xcom.py
[2025-07-17T17:45:28.813+0000] {logging_mixin.py:188} INFO - [2025-07-17T17:45:28.812+0000] {dag.py:3096} INFO - Sync 1 DAGs
[2025-07-17T17:45:28.835+0000] {logging_mixin.py:188} INFO - [2025-07-17T17:45:28.835+0000] {dag.py:3954} INFO - Setting next_dagrun for example_xcom to 2021-01-01 00:00:00+00:00, run_after=2021-01-01 00:00:00+00:00
[2025-07-17T17:45:28.913+0000] {processor.py:183} INFO - Processing /mnt/c/Users/Shivam Gupta/OneDrive/Documents/Shivam_Developement/DATA_ENGINEERING/data_engineering_project/batch-etl-pyspark/.venv/lib/python3.12/site-packages/airflow/example_dags/example_xcom.py took 0.173 seconds
[2025-07-17T17:47:14.938+0000] {processor.py:161} INFO - Started process (PID=2974) to work on /mnt/c/Users/Shivam Gupta/OneDrive/Documents/Shivam_Developement/DATA_ENGINEERING/data_engineering_project/batch-etl-pyspark/.venv/lib/python3.12/site-packages/airflow/example_dags/example_xcom.py
[2025-07-17T17:47:14.941+0000] {processor.py:830} INFO - Processing file /mnt/c/Users/Shivam Gupta/OneDrive/Documents/Shivam_Developement/DATA_ENGINEERING/data_engineering_project/batch-etl-pyspark/.venv/lib/python3.12/site-packages/airflow/example_dags/example_xcom.py for tasks to queue
[2025-07-17T17:47:14.945+0000] {logging_mixin.py:188} INFO - [2025-07-17T17:47:14.944+0000] {dagbag.py:545} INFO - Filling up the DagBag from /mnt/c/Users/Shivam Gupta/OneDrive/Documents/Shivam_Developement/DATA_ENGINEERING/data_engineering_project/batch-etl-pyspark/.venv/lib/python3.12/site-packages/airflow/example_dags/example_xcom.py
[2025-07-17T17:47:14.994+0000] {processor.py:840} INFO - DAG(s) 'example_xcom' retrieved from /mnt/c/Users/Shivam Gupta/OneDrive/Documents/Shivam_Developement/DATA_ENGINEERING/data_engineering_project/batch-etl-pyspark/.venv/lib/python3.12/site-packages/airflow/example_dags/example_xcom.py
[2025-07-17T17:47:15.031+0000] {logging_mixin.py:188} INFO - [2025-07-17T17:47:15.029+0000] {dag.py:3096} INFO - Sync 1 DAGs
[2025-07-17T17:47:15.058+0000] {logging_mixin.py:188} INFO - [2025-07-17T17:47:15.056+0000] {dag.py:3954} INFO - Setting next_dagrun for example_xcom to 2021-01-01 00:00:00+00:00, run_after=2021-01-01 00:00:00+00:00
[2025-07-17T17:47:15.155+0000] {processor.py:183} INFO - Processing /mnt/c/Users/Shivam Gupta/OneDrive/Documents/Shivam_Developement/DATA_ENGINEERING/data_engineering_project/batch-etl-pyspark/.venv/lib/python3.12/site-packages/airflow/example_dags/example_xcom.py took 0.236 seconds
[2025-07-17T17:48:27.340+0000] {processor.py:161} INFO - Started process (PID=3031) to work on /mnt/c/Users/Shivam Gupta/OneDrive/Documents/Shivam_Developement/DATA_ENGINEERING/data_engineering_project/batch-etl-pyspark/.venv/lib/python3.12/site-packages/airflow/example_dags/example_xcom.py
[2025-07-17T17:48:27.345+0000] {processor.py:830} INFO - Processing file /mnt/c/Users/Shivam Gupta/OneDrive/Documents/Shivam_Developement/DATA_ENGINEERING/data_engineering_project/batch-etl-pyspark/.venv/lib/python3.12/site-packages/airflow/example_dags/example_xcom.py for tasks to queue
[2025-07-17T17:48:27.352+0000] {logging_mixin.py:188} INFO - [2025-07-17T17:48:27.348+0000] {dagbag.py:545} INFO - Filling up the DagBag from /mnt/c/Users/Shivam Gupta/OneDrive/Documents/Shivam_Developement/DATA_ENGINEERING/data_engineering_project/batch-etl-pyspark/.venv/lib/python3.12/site-packages/airflow/example_dags/example_xcom.py
[2025-07-17T17:48:27.399+0000] {processor.py:840} INFO - DAG(s) 'example_xcom' retrieved from /mnt/c/Users/Shivam Gupta/OneDrive/Documents/Shivam_Developement/DATA_ENGINEERING/data_engineering_project/batch-etl-pyspark/.venv/lib/python3.12/site-packages/airflow/example_dags/example_xcom.py
[2025-07-17T17:48:27.439+0000] {logging_mixin.py:188} INFO - [2025-07-17T17:48:27.438+0000] {dag.py:3096} INFO - Sync 1 DAGs
[2025-07-17T17:48:27.464+0000] {logging_mixin.py:188} INFO - [2025-07-17T17:48:27.463+0000] {dag.py:3954} INFO - Setting next_dagrun for example_xcom to 2021-01-01 00:00:00+00:00, run_after=2021-01-01 00:00:00+00:00
[2025-07-17T17:48:27.554+0000] {processor.py:183} INFO - Processing /mnt/c/Users/Shivam Gupta/OneDrive/Documents/Shivam_Developement/DATA_ENGINEERING/data_engineering_project/batch-etl-pyspark/.venv/lib/python3.12/site-packages/airflow/example_dags/example_xcom.py took 0.235 seconds
[2025-07-17T17:49:26.810+0000] {processor.py:161} INFO - Started process (PID=3082) to work on /mnt/c/Users/Shivam Gupta/OneDrive/Documents/Shivam_Developement/DATA_ENGINEERING/data_engineering_project/batch-etl-pyspark/.venv/lib/python3.12/site-packages/airflow/example_dags/example_xcom.py
[2025-07-17T17:49:26.813+0000] {processor.py:830} INFO - Processing file /mnt/c/Users/Shivam Gupta/OneDrive/Documents/Shivam_Developement/DATA_ENGINEERING/data_engineering_project/batch-etl-pyspark/.venv/lib/python3.12/site-packages/airflow/example_dags/example_xcom.py for tasks to queue
[2025-07-17T17:49:26.817+0000] {logging_mixin.py:188} INFO - [2025-07-17T17:49:26.816+0000] {dagbag.py:545} INFO - Filling up the DagBag from /mnt/c/Users/Shivam Gupta/OneDrive/Documents/Shivam_Developement/DATA_ENGINEERING/data_engineering_project/batch-etl-pyspark/.venv/lib/python3.12/site-packages/airflow/example_dags/example_xcom.py
[2025-07-17T17:49:26.850+0000] {processor.py:840} INFO - DAG(s) 'example_xcom' retrieved from /mnt/c/Users/Shivam Gupta/OneDrive/Documents/Shivam_Developement/DATA_ENGINEERING/data_engineering_project/batch-etl-pyspark/.venv/lib/python3.12/site-packages/airflow/example_dags/example_xcom.py
[2025-07-17T17:49:26.885+0000] {logging_mixin.py:188} INFO - [2025-07-17T17:49:26.884+0000] {dag.py:3096} INFO - Sync 1 DAGs
[2025-07-17T17:49:26.913+0000] {logging_mixin.py:188} INFO - [2025-07-17T17:49:26.911+0000] {dag.py:3954} INFO - Setting next_dagrun for example_xcom to 2021-01-01 00:00:00+00:00, run_after=2021-01-01 00:00:00+00:00
[2025-07-17T17:49:27.032+0000] {processor.py:183} INFO - Processing /mnt/c/Users/Shivam Gupta/OneDrive/Documents/Shivam_Developement/DATA_ENGINEERING/data_engineering_project/batch-etl-pyspark/.venv/lib/python3.12/site-packages/airflow/example_dags/example_xcom.py took 0.248 seconds
[2025-07-17T17:50:23.750+0000] {processor.py:161} INFO - Started process (PID=3132) to work on /mnt/c/Users/Shivam Gupta/OneDrive/Documents/Shivam_Developement/DATA_ENGINEERING/data_engineering_project/batch-etl-pyspark/.venv/lib/python3.12/site-packages/airflow/example_dags/example_xcom.py
[2025-07-17T17:50:23.753+0000] {processor.py:830} INFO - Processing file /mnt/c/Users/Shivam Gupta/OneDrive/Documents/Shivam_Developement/DATA_ENGINEERING/data_engineering_project/batch-etl-pyspark/.venv/lib/python3.12/site-packages/airflow/example_dags/example_xcom.py for tasks to queue
[2025-07-17T17:50:23.759+0000] {logging_mixin.py:188} INFO - [2025-07-17T17:50:23.756+0000] {dagbag.py:545} INFO - Filling up the DagBag from /mnt/c/Users/Shivam Gupta/OneDrive/Documents/Shivam_Developement/DATA_ENGINEERING/data_engineering_project/batch-etl-pyspark/.venv/lib/python3.12/site-packages/airflow/example_dags/example_xcom.py
[2025-07-17T17:50:23.803+0000] {processor.py:840} INFO - DAG(s) 'example_xcom' retrieved from /mnt/c/Users/Shivam Gupta/OneDrive/Documents/Shivam_Developement/DATA_ENGINEERING/data_engineering_project/batch-etl-pyspark/.venv/lib/python3.12/site-packages/airflow/example_dags/example_xcom.py
[2025-07-17T17:50:23.852+0000] {logging_mixin.py:188} INFO - [2025-07-17T17:50:23.849+0000] {dag.py:3096} INFO - Sync 1 DAGs
[2025-07-17T17:50:23.883+0000] {logging_mixin.py:188} INFO - [2025-07-17T17:50:23.881+0000] {dag.py:3954} INFO - Setting next_dagrun for example_xcom to 2021-01-01 00:00:00+00:00, run_after=2021-01-01 00:00:00+00:00
[2025-07-17T17:50:24.016+0000] {processor.py:183} INFO - Processing /mnt/c/Users/Shivam Gupta/OneDrive/Documents/Shivam_Developement/DATA_ENGINEERING/data_engineering_project/batch-etl-pyspark/.venv/lib/python3.12/site-packages/airflow/example_dags/example_xcom.py took 0.291 seconds
[2025-07-17T17:51:29.879+0000] {processor.py:161} INFO - Started process (PID=3185) to work on /mnt/c/Users/Shivam Gupta/OneDrive/Documents/Shivam_Developement/DATA_ENGINEERING/data_engineering_project/batch-etl-pyspark/.venv/lib/python3.12/site-packages/airflow/example_dags/example_xcom.py
[2025-07-17T17:51:29.883+0000] {processor.py:830} INFO - Processing file /mnt/c/Users/Shivam Gupta/OneDrive/Documents/Shivam_Developement/DATA_ENGINEERING/data_engineering_project/batch-etl-pyspark/.venv/lib/python3.12/site-packages/airflow/example_dags/example_xcom.py for tasks to queue
[2025-07-17T17:51:29.887+0000] {logging_mixin.py:188} INFO - [2025-07-17T17:51:29.885+0000] {dagbag.py:545} INFO - Filling up the DagBag from /mnt/c/Users/Shivam Gupta/OneDrive/Documents/Shivam_Developement/DATA_ENGINEERING/data_engineering_project/batch-etl-pyspark/.venv/lib/python3.12/site-packages/airflow/example_dags/example_xcom.py
[2025-07-17T17:51:29.924+0000] {processor.py:840} INFO - DAG(s) 'example_xcom' retrieved from /mnt/c/Users/Shivam Gupta/OneDrive/Documents/Shivam_Developement/DATA_ENGINEERING/data_engineering_project/batch-etl-pyspark/.venv/lib/python3.12/site-packages/airflow/example_dags/example_xcom.py
[2025-07-17T17:51:29.969+0000] {logging_mixin.py:188} INFO - [2025-07-17T17:51:29.967+0000] {dag.py:3096} INFO - Sync 1 DAGs
[2025-07-17T17:51:30.002+0000] {logging_mixin.py:188} INFO - [2025-07-17T17:51:30.000+0000] {dag.py:3954} INFO - Setting next_dagrun for example_xcom to 2021-01-01 00:00:00+00:00, run_after=2021-01-01 00:00:00+00:00
[2025-07-17T17:51:30.111+0000] {processor.py:183} INFO - Processing /mnt/c/Users/Shivam Gupta/OneDrive/Documents/Shivam_Developement/DATA_ENGINEERING/data_engineering_project/batch-etl-pyspark/.venv/lib/python3.12/site-packages/airflow/example_dags/example_xcom.py took 0.249 seconds
[2025-07-17T17:52:33.786+0000] {processor.py:161} INFO - Started process (PID=3234) to work on /mnt/c/Users/Shivam Gupta/OneDrive/Documents/Shivam_Developement/DATA_ENGINEERING/data_engineering_project/batch-etl-pyspark/.venv/lib/python3.12/site-packages/airflow/example_dags/example_xcom.py
[2025-07-17T17:52:33.789+0000] {processor.py:830} INFO - Processing file /mnt/c/Users/Shivam Gupta/OneDrive/Documents/Shivam_Developement/DATA_ENGINEERING/data_engineering_project/batch-etl-pyspark/.venv/lib/python3.12/site-packages/airflow/example_dags/example_xcom.py for tasks to queue
[2025-07-17T17:52:33.794+0000] {logging_mixin.py:188} INFO - [2025-07-17T17:52:33.792+0000] {dagbag.py:545} INFO - Filling up the DagBag from /mnt/c/Users/Shivam Gupta/OneDrive/Documents/Shivam_Developement/DATA_ENGINEERING/data_engineering_project/batch-etl-pyspark/.venv/lib/python3.12/site-packages/airflow/example_dags/example_xcom.py
[2025-07-17T17:52:33.827+0000] {processor.py:840} INFO - DAG(s) 'example_xcom' retrieved from /mnt/c/Users/Shivam Gupta/OneDrive/Documents/Shivam_Developement/DATA_ENGINEERING/data_engineering_project/batch-etl-pyspark/.venv/lib/python3.12/site-packages/airflow/example_dags/example_xcom.py
[2025-07-17T17:52:33.860+0000] {logging_mixin.py:188} INFO - [2025-07-17T17:52:33.859+0000] {dag.py:3096} INFO - Sync 1 DAGs
[2025-07-17T17:52:33.887+0000] {logging_mixin.py:188} INFO - [2025-07-17T17:52:33.886+0000] {dag.py:3954} INFO - Setting next_dagrun for example_xcom to 2021-01-01 00:00:00+00:00, run_after=2021-01-01 00:00:00+00:00
[2025-07-17T17:52:33.976+0000] {processor.py:183} INFO - Processing /mnt/c/Users/Shivam Gupta/OneDrive/Documents/Shivam_Developement/DATA_ENGINEERING/data_engineering_project/batch-etl-pyspark/.venv/lib/python3.12/site-packages/airflow/example_dags/example_xcom.py took 0.235 seconds
[2025-07-17T17:53:38.131+0000] {processor.py:161} INFO - Started process (PID=3288) to work on /mnt/c/Users/Shivam Gupta/OneDrive/Documents/Shivam_Developement/DATA_ENGINEERING/data_engineering_project/batch-etl-pyspark/.venv/lib/python3.12/site-packages/airflow/example_dags/example_xcom.py
[2025-07-17T17:53:38.137+0000] {processor.py:830} INFO - Processing file /mnt/c/Users/Shivam Gupta/OneDrive/Documents/Shivam_Developement/DATA_ENGINEERING/data_engineering_project/batch-etl-pyspark/.venv/lib/python3.12/site-packages/airflow/example_dags/example_xcom.py for tasks to queue
[2025-07-17T17:53:38.141+0000] {logging_mixin.py:188} INFO - [2025-07-17T17:53:38.139+0000] {dagbag.py:545} INFO - Filling up the DagBag from /mnt/c/Users/Shivam Gupta/OneDrive/Documents/Shivam_Developement/DATA_ENGINEERING/data_engineering_project/batch-etl-pyspark/.venv/lib/python3.12/site-packages/airflow/example_dags/example_xcom.py
[2025-07-17T17:53:38.220+0000] {processor.py:840} INFO - DAG(s) 'example_xcom' retrieved from /mnt/c/Users/Shivam Gupta/OneDrive/Documents/Shivam_Developement/DATA_ENGINEERING/data_engineering_project/batch-etl-pyspark/.venv/lib/python3.12/site-packages/airflow/example_dags/example_xcom.py
[2025-07-17T17:53:38.292+0000] {logging_mixin.py:188} INFO - [2025-07-17T17:53:38.290+0000] {dag.py:3096} INFO - Sync 1 DAGs
[2025-07-17T17:53:38.321+0000] {logging_mixin.py:188} INFO - [2025-07-17T17:53:38.319+0000] {dag.py:3954} INFO - Setting next_dagrun for example_xcom to 2021-01-01 00:00:00+00:00, run_after=2021-01-01 00:00:00+00:00
[2025-07-17T17:53:38.437+0000] {processor.py:183} INFO - Processing /mnt/c/Users/Shivam Gupta/OneDrive/Documents/Shivam_Developement/DATA_ENGINEERING/data_engineering_project/batch-etl-pyspark/.venv/lib/python3.12/site-packages/airflow/example_dags/example_xcom.py took 0.336 seconds
[2025-07-17T17:54:41.724+0000] {processor.py:161} INFO - Started process (PID=3338) to work on /mnt/c/Users/Shivam Gupta/OneDrive/Documents/Shivam_Developement/DATA_ENGINEERING/data_engineering_project/batch-etl-pyspark/.venv/lib/python3.12/site-packages/airflow/example_dags/example_xcom.py
[2025-07-17T17:54:41.726+0000] {processor.py:830} INFO - Processing file /mnt/c/Users/Shivam Gupta/OneDrive/Documents/Shivam_Developement/DATA_ENGINEERING/data_engineering_project/batch-etl-pyspark/.venv/lib/python3.12/site-packages/airflow/example_dags/example_xcom.py for tasks to queue
[2025-07-17T17:54:41.728+0000] {logging_mixin.py:188} INFO - [2025-07-17T17:54:41.727+0000] {dagbag.py:545} INFO - Filling up the DagBag from /mnt/c/Users/Shivam Gupta/OneDrive/Documents/Shivam_Developement/DATA_ENGINEERING/data_engineering_project/batch-etl-pyspark/.venv/lib/python3.12/site-packages/airflow/example_dags/example_xcom.py
[2025-07-17T17:54:41.751+0000] {processor.py:840} INFO - DAG(s) 'example_xcom' retrieved from /mnt/c/Users/Shivam Gupta/OneDrive/Documents/Shivam_Developement/DATA_ENGINEERING/data_engineering_project/batch-etl-pyspark/.venv/lib/python3.12/site-packages/airflow/example_dags/example_xcom.py
[2025-07-17T17:54:41.849+0000] {logging_mixin.py:188} INFO - [2025-07-17T17:54:41.847+0000] {dag.py:3096} INFO - Sync 1 DAGs
[2025-07-17T17:54:41.885+0000] {logging_mixin.py:188} INFO - [2025-07-17T17:54:41.883+0000] {dag.py:3954} INFO - Setting next_dagrun for example_xcom to 2021-01-01 00:00:00+00:00, run_after=2021-01-01 00:00:00+00:00
[2025-07-17T17:54:42.113+0000] {processor.py:183} INFO - Processing /mnt/c/Users/Shivam Gupta/OneDrive/Documents/Shivam_Developement/DATA_ENGINEERING/data_engineering_project/batch-etl-pyspark/.venv/lib/python3.12/site-packages/airflow/example_dags/example_xcom.py took 0.402 seconds
[2025-07-17T17:56:46.266+0000] {processor.py:161} INFO - Started process (PID=3441) to work on /mnt/c/Users/Shivam Gupta/OneDrive/Documents/Shivam_Developement/DATA_ENGINEERING/data_engineering_project/batch-etl-pyspark/.venv/lib/python3.12/site-packages/airflow/example_dags/example_xcom.py
[2025-07-17T17:56:46.269+0000] {processor.py:830} INFO - Processing file /mnt/c/Users/Shivam Gupta/OneDrive/Documents/Shivam_Developement/DATA_ENGINEERING/data_engineering_project/batch-etl-pyspark/.venv/lib/python3.12/site-packages/airflow/example_dags/example_xcom.py for tasks to queue
[2025-07-17T17:56:46.272+0000] {logging_mixin.py:188} INFO - [2025-07-17T17:56:46.270+0000] {dagbag.py:545} INFO - Filling up the DagBag from /mnt/c/Users/Shivam Gupta/OneDrive/Documents/Shivam_Developement/DATA_ENGINEERING/data_engineering_project/batch-etl-pyspark/.venv/lib/python3.12/site-packages/airflow/example_dags/example_xcom.py
[2025-07-17T17:56:46.322+0000] {processor.py:840} INFO - DAG(s) 'example_xcom' retrieved from /mnt/c/Users/Shivam Gupta/OneDrive/Documents/Shivam_Developement/DATA_ENGINEERING/data_engineering_project/batch-etl-pyspark/.venv/lib/python3.12/site-packages/airflow/example_dags/example_xcom.py
[2025-07-17T17:56:46.356+0000] {logging_mixin.py:188} INFO - [2025-07-17T17:56:46.355+0000] {dag.py:3096} INFO - Sync 1 DAGs
[2025-07-17T17:56:46.382+0000] {logging_mixin.py:188} INFO - [2025-07-17T17:56:46.381+0000] {dag.py:3954} INFO - Setting next_dagrun for example_xcom to 2021-01-01 00:00:00+00:00, run_after=2021-01-01 00:00:00+00:00
[2025-07-17T17:56:46.500+0000] {processor.py:183} INFO - Processing /mnt/c/Users/Shivam Gupta/OneDrive/Documents/Shivam_Developement/DATA_ENGINEERING/data_engineering_project/batch-etl-pyspark/.venv/lib/python3.12/site-packages/airflow/example_dags/example_xcom.py took 0.249 seconds
[2025-07-17T17:58:46.999+0000] {processor.py:161} INFO - Started process (PID=3541) to work on /mnt/c/Users/Shivam Gupta/OneDrive/Documents/Shivam_Developement/DATA_ENGINEERING/data_engineering_project/batch-etl-pyspark/.venv/lib/python3.12/site-packages/airflow/example_dags/example_xcom.py
[2025-07-17T17:58:47.001+0000] {processor.py:830} INFO - Processing file /mnt/c/Users/Shivam Gupta/OneDrive/Documents/Shivam_Developement/DATA_ENGINEERING/data_engineering_project/batch-etl-pyspark/.venv/lib/python3.12/site-packages/airflow/example_dags/example_xcom.py for tasks to queue
[2025-07-17T17:58:47.005+0000] {logging_mixin.py:188} INFO - [2025-07-17T17:58:47.004+0000] {dagbag.py:545} INFO - Filling up the DagBag from /mnt/c/Users/Shivam Gupta/OneDrive/Documents/Shivam_Developement/DATA_ENGINEERING/data_engineering_project/batch-etl-pyspark/.venv/lib/python3.12/site-packages/airflow/example_dags/example_xcom.py
[2025-07-17T17:58:47.047+0000] {processor.py:840} INFO - DAG(s) 'example_xcom' retrieved from /mnt/c/Users/Shivam Gupta/OneDrive/Documents/Shivam_Developement/DATA_ENGINEERING/data_engineering_project/batch-etl-pyspark/.venv/lib/python3.12/site-packages/airflow/example_dags/example_xcom.py
[2025-07-17T17:58:47.076+0000] {logging_mixin.py:188} INFO - [2025-07-17T17:58:47.075+0000] {dag.py:3096} INFO - Sync 1 DAGs
[2025-07-17T17:58:47.095+0000] {logging_mixin.py:188} INFO - [2025-07-17T17:58:47.095+0000] {dag.py:3954} INFO - Setting next_dagrun for example_xcom to 2021-01-01 00:00:00+00:00, run_after=2021-01-01 00:00:00+00:00
[2025-07-17T17:58:47.207+0000] {processor.py:183} INFO - Processing /mnt/c/Users/Shivam Gupta/OneDrive/Documents/Shivam_Developement/DATA_ENGINEERING/data_engineering_project/batch-etl-pyspark/.venv/lib/python3.12/site-packages/airflow/example_dags/example_xcom.py took 0.220 seconds
[2025-07-17T17:59:50.640+0000] {processor.py:161} INFO - Started process (PID=3592) to work on /mnt/c/Users/Shivam Gupta/OneDrive/Documents/Shivam_Developement/DATA_ENGINEERING/data_engineering_project/batch-etl-pyspark/.venv/lib/python3.12/site-packages/airflow/example_dags/example_xcom.py
[2025-07-17T17:59:50.642+0000] {processor.py:830} INFO - Processing file /mnt/c/Users/Shivam Gupta/OneDrive/Documents/Shivam_Developement/DATA_ENGINEERING/data_engineering_project/batch-etl-pyspark/.venv/lib/python3.12/site-packages/airflow/example_dags/example_xcom.py for tasks to queue
[2025-07-17T17:59:50.645+0000] {logging_mixin.py:188} INFO - [2025-07-17T17:59:50.644+0000] {dagbag.py:545} INFO - Filling up the DagBag from /mnt/c/Users/Shivam Gupta/OneDrive/Documents/Shivam_Developement/DATA_ENGINEERING/data_engineering_project/batch-etl-pyspark/.venv/lib/python3.12/site-packages/airflow/example_dags/example_xcom.py
[2025-07-17T17:59:50.675+0000] {processor.py:840} INFO - DAG(s) 'example_xcom' retrieved from /mnt/c/Users/Shivam Gupta/OneDrive/Documents/Shivam_Developement/DATA_ENGINEERING/data_engineering_project/batch-etl-pyspark/.venv/lib/python3.12/site-packages/airflow/example_dags/example_xcom.py
[2025-07-17T17:59:50.700+0000] {logging_mixin.py:188} INFO - [2025-07-17T17:59:50.699+0000] {dag.py:3096} INFO - Sync 1 DAGs
[2025-07-17T17:59:50.721+0000] {logging_mixin.py:188} INFO - [2025-07-17T17:59:50.720+0000] {dag.py:3954} INFO - Setting next_dagrun for example_xcom to 2021-01-01 00:00:00+00:00, run_after=2021-01-01 00:00:00+00:00
[2025-07-17T17:59:50.867+0000] {processor.py:183} INFO - Processing /mnt/c/Users/Shivam Gupta/OneDrive/Documents/Shivam_Developement/DATA_ENGINEERING/data_engineering_project/batch-etl-pyspark/.venv/lib/python3.12/site-packages/airflow/example_dags/example_xcom.py took 0.238 seconds
[2025-07-17T18:00:57.395+0000] {processor.py:161} INFO - Started process (PID=3644) to work on /mnt/c/Users/Shivam Gupta/OneDrive/Documents/Shivam_Developement/DATA_ENGINEERING/data_engineering_project/batch-etl-pyspark/.venv/lib/python3.12/site-packages/airflow/example_dags/example_xcom.py
[2025-07-17T18:00:57.399+0000] {processor.py:830} INFO - Processing file /mnt/c/Users/Shivam Gupta/OneDrive/Documents/Shivam_Developement/DATA_ENGINEERING/data_engineering_project/batch-etl-pyspark/.venv/lib/python3.12/site-packages/airflow/example_dags/example_xcom.py for tasks to queue
[2025-07-17T18:00:57.403+0000] {logging_mixin.py:188} INFO - [2025-07-17T18:00:57.402+0000] {dagbag.py:545} INFO - Filling up the DagBag from /mnt/c/Users/Shivam Gupta/OneDrive/Documents/Shivam_Developement/DATA_ENGINEERING/data_engineering_project/batch-etl-pyspark/.venv/lib/python3.12/site-packages/airflow/example_dags/example_xcom.py
[2025-07-17T18:00:57.443+0000] {processor.py:840} INFO - DAG(s) 'example_xcom' retrieved from /mnt/c/Users/Shivam Gupta/OneDrive/Documents/Shivam_Developement/DATA_ENGINEERING/data_engineering_project/batch-etl-pyspark/.venv/lib/python3.12/site-packages/airflow/example_dags/example_xcom.py
[2025-07-17T18:00:57.491+0000] {logging_mixin.py:188} INFO - [2025-07-17T18:00:57.489+0000] {dag.py:3096} INFO - Sync 1 DAGs
[2025-07-17T18:00:57.522+0000] {logging_mixin.py:188} INFO - [2025-07-17T18:00:57.521+0000] {dag.py:3954} INFO - Setting next_dagrun for example_xcom to 2021-01-01 00:00:00+00:00, run_after=2021-01-01 00:00:00+00:00
[2025-07-17T18:00:57.646+0000] {processor.py:183} INFO - Processing /mnt/c/Users/Shivam Gupta/OneDrive/Documents/Shivam_Developement/DATA_ENGINEERING/data_engineering_project/batch-etl-pyspark/.venv/lib/python3.12/site-packages/airflow/example_dags/example_xcom.py took 0.276 seconds
[2025-07-17T18:02:01.147+0000] {processor.py:161} INFO - Started process (PID=3701) to work on /mnt/c/Users/Shivam Gupta/OneDrive/Documents/Shivam_Developement/DATA_ENGINEERING/data_engineering_project/batch-etl-pyspark/.venv/lib/python3.12/site-packages/airflow/example_dags/example_xcom.py
[2025-07-17T18:02:01.150+0000] {processor.py:830} INFO - Processing file /mnt/c/Users/Shivam Gupta/OneDrive/Documents/Shivam_Developement/DATA_ENGINEERING/data_engineering_project/batch-etl-pyspark/.venv/lib/python3.12/site-packages/airflow/example_dags/example_xcom.py for tasks to queue
[2025-07-17T18:02:01.154+0000] {logging_mixin.py:188} INFO - [2025-07-17T18:02:01.152+0000] {dagbag.py:545} INFO - Filling up the DagBag from /mnt/c/Users/Shivam Gupta/OneDrive/Documents/Shivam_Developement/DATA_ENGINEERING/data_engineering_project/batch-etl-pyspark/.venv/lib/python3.12/site-packages/airflow/example_dags/example_xcom.py
[2025-07-17T18:02:01.189+0000] {processor.py:840} INFO - DAG(s) 'example_xcom' retrieved from /mnt/c/Users/Shivam Gupta/OneDrive/Documents/Shivam_Developement/DATA_ENGINEERING/data_engineering_project/batch-etl-pyspark/.venv/lib/python3.12/site-packages/airflow/example_dags/example_xcom.py
[2025-07-17T18:02:01.225+0000] {logging_mixin.py:188} INFO - [2025-07-17T18:02:01.223+0000] {dag.py:3096} INFO - Sync 1 DAGs
[2025-07-17T18:02:01.262+0000] {logging_mixin.py:188} INFO - [2025-07-17T18:02:01.261+0000] {dag.py:3954} INFO - Setting next_dagrun for example_xcom to 2021-01-01 00:00:00+00:00, run_after=2021-01-01 00:00:00+00:00
[2025-07-17T18:02:01.348+0000] {processor.py:183} INFO - Processing /mnt/c/Users/Shivam Gupta/OneDrive/Documents/Shivam_Developement/DATA_ENGINEERING/data_engineering_project/batch-etl-pyspark/.venv/lib/python3.12/site-packages/airflow/example_dags/example_xcom.py took 0.216 seconds
[2025-07-17T18:04:01.137+0000] {processor.py:161} INFO - Started process (PID=3800) to work on /mnt/c/Users/Shivam Gupta/OneDrive/Documents/Shivam_Developement/DATA_ENGINEERING/data_engineering_project/batch-etl-pyspark/.venv/lib/python3.12/site-packages/airflow/example_dags/example_xcom.py
[2025-07-17T18:04:01.139+0000] {processor.py:830} INFO - Processing file /mnt/c/Users/Shivam Gupta/OneDrive/Documents/Shivam_Developement/DATA_ENGINEERING/data_engineering_project/batch-etl-pyspark/.venv/lib/python3.12/site-packages/airflow/example_dags/example_xcom.py for tasks to queue
[2025-07-17T18:04:01.142+0000] {logging_mixin.py:188} INFO - [2025-07-17T18:04:01.141+0000] {dagbag.py:545} INFO - Filling up the DagBag from /mnt/c/Users/Shivam Gupta/OneDrive/Documents/Shivam_Developement/DATA_ENGINEERING/data_engineering_project/batch-etl-pyspark/.venv/lib/python3.12/site-packages/airflow/example_dags/example_xcom.py
[2025-07-17T18:04:01.163+0000] {processor.py:840} INFO - DAG(s) 'example_xcom' retrieved from /mnt/c/Users/Shivam Gupta/OneDrive/Documents/Shivam_Developement/DATA_ENGINEERING/data_engineering_project/batch-etl-pyspark/.venv/lib/python3.12/site-packages/airflow/example_dags/example_xcom.py
[2025-07-17T18:04:01.191+0000] {logging_mixin.py:188} INFO - [2025-07-17T18:04:01.191+0000] {dag.py:3096} INFO - Sync 1 DAGs
[2025-07-17T18:04:01.216+0000] {logging_mixin.py:188} INFO - [2025-07-17T18:04:01.215+0000] {dag.py:3954} INFO - Setting next_dagrun for example_xcom to 2021-01-01 00:00:00+00:00, run_after=2021-01-01 00:00:00+00:00
[2025-07-17T18:04:01.350+0000] {processor.py:183} INFO - Processing /mnt/c/Users/Shivam Gupta/OneDrive/Documents/Shivam_Developement/DATA_ENGINEERING/data_engineering_project/batch-etl-pyspark/.venv/lib/python3.12/site-packages/airflow/example_dags/example_xcom.py took 0.227 seconds
[2025-07-17T18:06:03.664+0000] {processor.py:161} INFO - Started process (PID=3903) to work on /mnt/c/Users/Shivam Gupta/OneDrive/Documents/Shivam_Developement/DATA_ENGINEERING/data_engineering_project/batch-etl-pyspark/.venv/lib/python3.12/site-packages/airflow/example_dags/example_xcom.py
[2025-07-17T18:06:03.667+0000] {processor.py:830} INFO - Processing file /mnt/c/Users/Shivam Gupta/OneDrive/Documents/Shivam_Developement/DATA_ENGINEERING/data_engineering_project/batch-etl-pyspark/.venv/lib/python3.12/site-packages/airflow/example_dags/example_xcom.py for tasks to queue
[2025-07-17T18:06:03.670+0000] {logging_mixin.py:188} INFO - [2025-07-17T18:06:03.668+0000] {dagbag.py:545} INFO - Filling up the DagBag from /mnt/c/Users/Shivam Gupta/OneDrive/Documents/Shivam_Developement/DATA_ENGINEERING/data_engineering_project/batch-etl-pyspark/.venv/lib/python3.12/site-packages/airflow/example_dags/example_xcom.py
[2025-07-17T18:06:03.702+0000] {processor.py:840} INFO - DAG(s) 'example_xcom' retrieved from /mnt/c/Users/Shivam Gupta/OneDrive/Documents/Shivam_Developement/DATA_ENGINEERING/data_engineering_project/batch-etl-pyspark/.venv/lib/python3.12/site-packages/airflow/example_dags/example_xcom.py
[2025-07-17T18:06:03.743+0000] {logging_mixin.py:188} INFO - [2025-07-17T18:06:03.741+0000] {dag.py:3096} INFO - Sync 1 DAGs
[2025-07-17T18:06:03.778+0000] {logging_mixin.py:188} INFO - [2025-07-17T18:06:03.776+0000] {dag.py:3954} INFO - Setting next_dagrun for example_xcom to 2021-01-01 00:00:00+00:00, run_after=2021-01-01 00:00:00+00:00
[2025-07-17T18:06:03.905+0000] {processor.py:183} INFO - Processing /mnt/c/Users/Shivam Gupta/OneDrive/Documents/Shivam_Developement/DATA_ENGINEERING/data_engineering_project/batch-etl-pyspark/.venv/lib/python3.12/site-packages/airflow/example_dags/example_xcom.py took 0.260 seconds
[2025-07-17T18:07:06.195+0000] {processor.py:161} INFO - Started process (PID=3953) to work on /mnt/c/Users/Shivam Gupta/OneDrive/Documents/Shivam_Developement/DATA_ENGINEERING/data_engineering_project/batch-etl-pyspark/.venv/lib/python3.12/site-packages/airflow/example_dags/example_xcom.py
[2025-07-17T18:07:06.197+0000] {processor.py:830} INFO - Processing file /mnt/c/Users/Shivam Gupta/OneDrive/Documents/Shivam_Developement/DATA_ENGINEERING/data_engineering_project/batch-etl-pyspark/.venv/lib/python3.12/site-packages/airflow/example_dags/example_xcom.py for tasks to queue
[2025-07-17T18:07:06.201+0000] {logging_mixin.py:188} INFO - [2025-07-17T18:07:06.199+0000] {dagbag.py:545} INFO - Filling up the DagBag from /mnt/c/Users/Shivam Gupta/OneDrive/Documents/Shivam_Developement/DATA_ENGINEERING/data_engineering_project/batch-etl-pyspark/.venv/lib/python3.12/site-packages/airflow/example_dags/example_xcom.py
[2025-07-17T18:07:06.233+0000] {processor.py:840} INFO - DAG(s) 'example_xcom' retrieved from /mnt/c/Users/Shivam Gupta/OneDrive/Documents/Shivam_Developement/DATA_ENGINEERING/data_engineering_project/batch-etl-pyspark/.venv/lib/python3.12/site-packages/airflow/example_dags/example_xcom.py
[2025-07-17T18:07:06.358+0000] {logging_mixin.py:188} INFO - [2025-07-17T18:07:06.356+0000] {dag.py:3096} INFO - Sync 1 DAGs
[2025-07-17T18:07:06.388+0000] {logging_mixin.py:188} INFO - [2025-07-17T18:07:06.387+0000] {dag.py:3954} INFO - Setting next_dagrun for example_xcom to 2021-01-01 00:00:00+00:00, run_after=2021-01-01 00:00:00+00:00
[2025-07-17T18:07:06.478+0000] {processor.py:183} INFO - Processing /mnt/c/Users/Shivam Gupta/OneDrive/Documents/Shivam_Developement/DATA_ENGINEERING/data_engineering_project/batch-etl-pyspark/.venv/lib/python3.12/site-packages/airflow/example_dags/example_xcom.py took 0.303 seconds
[2025-07-17T18:08:12.565+0000] {processor.py:161} INFO - Started process (PID=4004) to work on /mnt/c/Users/Shivam Gupta/OneDrive/Documents/Shivam_Developement/DATA_ENGINEERING/data_engineering_project/batch-etl-pyspark/.venv/lib/python3.12/site-packages/airflow/example_dags/example_xcom.py
[2025-07-17T18:08:12.567+0000] {processor.py:830} INFO - Processing file /mnt/c/Users/Shivam Gupta/OneDrive/Documents/Shivam_Developement/DATA_ENGINEERING/data_engineering_project/batch-etl-pyspark/.venv/lib/python3.12/site-packages/airflow/example_dags/example_xcom.py for tasks to queue
[2025-07-17T18:08:12.569+0000] {logging_mixin.py:188} INFO - [2025-07-17T18:08:12.568+0000] {dagbag.py:545} INFO - Filling up the DagBag from /mnt/c/Users/Shivam Gupta/OneDrive/Documents/Shivam_Developement/DATA_ENGINEERING/data_engineering_project/batch-etl-pyspark/.venv/lib/python3.12/site-packages/airflow/example_dags/example_xcom.py
[2025-07-17T18:08:12.592+0000] {processor.py:840} INFO - DAG(s) 'example_xcom' retrieved from /mnt/c/Users/Shivam Gupta/OneDrive/Documents/Shivam_Developement/DATA_ENGINEERING/data_engineering_project/batch-etl-pyspark/.venv/lib/python3.12/site-packages/airflow/example_dags/example_xcom.py
[2025-07-17T18:08:12.622+0000] {logging_mixin.py:188} INFO - [2025-07-17T18:08:12.621+0000] {dag.py:3096} INFO - Sync 1 DAGs
[2025-07-17T18:08:12.657+0000] {logging_mixin.py:188} INFO - [2025-07-17T18:08:12.653+0000] {dag.py:3954} INFO - Setting next_dagrun for example_xcom to 2021-01-01 00:00:00+00:00, run_after=2021-01-01 00:00:00+00:00
[2025-07-17T18:08:12.775+0000] {processor.py:183} INFO - Processing /mnt/c/Users/Shivam Gupta/OneDrive/Documents/Shivam_Developement/DATA_ENGINEERING/data_engineering_project/batch-etl-pyspark/.venv/lib/python3.12/site-packages/airflow/example_dags/example_xcom.py took 0.223 seconds
[2025-07-17T18:09:17.271+0000] {processor.py:161} INFO - Started process (PID=4054) to work on /mnt/c/Users/Shivam Gupta/OneDrive/Documents/Shivam_Developement/DATA_ENGINEERING/data_engineering_project/batch-etl-pyspark/.venv/lib/python3.12/site-packages/airflow/example_dags/example_xcom.py
[2025-07-17T18:09:17.274+0000] {processor.py:830} INFO - Processing file /mnt/c/Users/Shivam Gupta/OneDrive/Documents/Shivam_Developement/DATA_ENGINEERING/data_engineering_project/batch-etl-pyspark/.venv/lib/python3.12/site-packages/airflow/example_dags/example_xcom.py for tasks to queue
[2025-07-17T18:09:17.278+0000] {logging_mixin.py:188} INFO - [2025-07-17T18:09:17.277+0000] {dagbag.py:545} INFO - Filling up the DagBag from /mnt/c/Users/Shivam Gupta/OneDrive/Documents/Shivam_Developement/DATA_ENGINEERING/data_engineering_project/batch-etl-pyspark/.venv/lib/python3.12/site-packages/airflow/example_dags/example_xcom.py
[2025-07-17T18:09:17.315+0000] {processor.py:840} INFO - DAG(s) 'example_xcom' retrieved from /mnt/c/Users/Shivam Gupta/OneDrive/Documents/Shivam_Developement/DATA_ENGINEERING/data_engineering_project/batch-etl-pyspark/.venv/lib/python3.12/site-packages/airflow/example_dags/example_xcom.py
[2025-07-17T18:09:17.356+0000] {logging_mixin.py:188} INFO - [2025-07-17T18:09:17.355+0000] {dag.py:3096} INFO - Sync 1 DAGs
[2025-07-17T18:09:17.385+0000] {logging_mixin.py:188} INFO - [2025-07-17T18:09:17.384+0000] {dag.py:3954} INFO - Setting next_dagrun for example_xcom to 2021-01-01 00:00:00+00:00, run_after=2021-01-01 00:00:00+00:00
[2025-07-17T18:09:17.506+0000] {processor.py:183} INFO - Processing /mnt/c/Users/Shivam Gupta/OneDrive/Documents/Shivam_Developement/DATA_ENGINEERING/data_engineering_project/batch-etl-pyspark/.venv/lib/python3.12/site-packages/airflow/example_dags/example_xcom.py took 0.253 seconds
[2025-07-17T18:10:20.837+0000] {processor.py:161} INFO - Started process (PID=4108) to work on /mnt/c/Users/Shivam Gupta/OneDrive/Documents/Shivam_Developement/DATA_ENGINEERING/data_engineering_project/batch-etl-pyspark/.venv/lib/python3.12/site-packages/airflow/example_dags/example_xcom.py
[2025-07-17T18:10:20.845+0000] {processor.py:830} INFO - Processing file /mnt/c/Users/Shivam Gupta/OneDrive/Documents/Shivam_Developement/DATA_ENGINEERING/data_engineering_project/batch-etl-pyspark/.venv/lib/python3.12/site-packages/airflow/example_dags/example_xcom.py for tasks to queue
[2025-07-17T18:10:20.851+0000] {logging_mixin.py:188} INFO - [2025-07-17T18:10:20.849+0000] {dagbag.py:545} INFO - Filling up the DagBag from /mnt/c/Users/Shivam Gupta/OneDrive/Documents/Shivam_Developement/DATA_ENGINEERING/data_engineering_project/batch-etl-pyspark/.venv/lib/python3.12/site-packages/airflow/example_dags/example_xcom.py
[2025-07-17T18:10:20.994+0000] {processor.py:840} INFO - DAG(s) 'example_xcom' retrieved from /mnt/c/Users/Shivam Gupta/OneDrive/Documents/Shivam_Developement/DATA_ENGINEERING/data_engineering_project/batch-etl-pyspark/.venv/lib/python3.12/site-packages/airflow/example_dags/example_xcom.py
[2025-07-17T18:10:21.029+0000] {logging_mixin.py:188} INFO - [2025-07-17T18:10:21.028+0000] {dag.py:3096} INFO - Sync 1 DAGs
[2025-07-17T18:10:21.060+0000] {logging_mixin.py:188} INFO - [2025-07-17T18:10:21.059+0000] {dag.py:3954} INFO - Setting next_dagrun for example_xcom to 2021-01-01 00:00:00+00:00, run_after=2021-01-01 00:00:00+00:00
[2025-07-17T18:10:21.168+0000] {processor.py:183} INFO - Processing /mnt/c/Users/Shivam Gupta/OneDrive/Documents/Shivam_Developement/DATA_ENGINEERING/data_engineering_project/batch-etl-pyspark/.venv/lib/python3.12/site-packages/airflow/example_dags/example_xcom.py took 0.365 seconds
[2025-07-17T18:11:24.448+0000] {processor.py:161} INFO - Started process (PID=4159) to work on /mnt/c/Users/Shivam Gupta/OneDrive/Documents/Shivam_Developement/DATA_ENGINEERING/data_engineering_project/batch-etl-pyspark/.venv/lib/python3.12/site-packages/airflow/example_dags/example_xcom.py
[2025-07-17T18:11:24.456+0000] {processor.py:830} INFO - Processing file /mnt/c/Users/Shivam Gupta/OneDrive/Documents/Shivam_Developement/DATA_ENGINEERING/data_engineering_project/batch-etl-pyspark/.venv/lib/python3.12/site-packages/airflow/example_dags/example_xcom.py for tasks to queue
[2025-07-17T18:11:24.471+0000] {logging_mixin.py:188} INFO - [2025-07-17T18:11:24.467+0000] {dagbag.py:545} INFO - Filling up the DagBag from /mnt/c/Users/Shivam Gupta/OneDrive/Documents/Shivam_Developement/DATA_ENGINEERING/data_engineering_project/batch-etl-pyspark/.venv/lib/python3.12/site-packages/airflow/example_dags/example_xcom.py
[2025-07-17T18:11:24.584+0000] {processor.py:840} INFO - DAG(s) 'example_xcom' retrieved from /mnt/c/Users/Shivam Gupta/OneDrive/Documents/Shivam_Developement/DATA_ENGINEERING/data_engineering_project/batch-etl-pyspark/.venv/lib/python3.12/site-packages/airflow/example_dags/example_xcom.py
[2025-07-17T18:11:24.666+0000] {logging_mixin.py:188} INFO - [2025-07-17T18:11:24.663+0000] {dag.py:3096} INFO - Sync 1 DAGs
[2025-07-17T18:11:24.703+0000] {logging_mixin.py:188} INFO - [2025-07-17T18:11:24.700+0000] {dag.py:3954} INFO - Setting next_dagrun for example_xcom to 2021-01-01 00:00:00+00:00, run_after=2021-01-01 00:00:00+00:00
[2025-07-17T18:11:24.843+0000] {processor.py:183} INFO - Processing /mnt/c/Users/Shivam Gupta/OneDrive/Documents/Shivam_Developement/DATA_ENGINEERING/data_engineering_project/batch-etl-pyspark/.venv/lib/python3.12/site-packages/airflow/example_dags/example_xcom.py took 0.463 seconds
[2025-07-17T18:12:29.548+0000] {processor.py:161} INFO - Started process (PID=4211) to work on /mnt/c/Users/Shivam Gupta/OneDrive/Documents/Shivam_Developement/DATA_ENGINEERING/data_engineering_project/batch-etl-pyspark/.venv/lib/python3.12/site-packages/airflow/example_dags/example_xcom.py
[2025-07-17T18:12:29.551+0000] {processor.py:830} INFO - Processing file /mnt/c/Users/Shivam Gupta/OneDrive/Documents/Shivam_Developement/DATA_ENGINEERING/data_engineering_project/batch-etl-pyspark/.venv/lib/python3.12/site-packages/airflow/example_dags/example_xcom.py for tasks to queue
[2025-07-17T18:12:29.556+0000] {logging_mixin.py:188} INFO - [2025-07-17T18:12:29.554+0000] {dagbag.py:545} INFO - Filling up the DagBag from /mnt/c/Users/Shivam Gupta/OneDrive/Documents/Shivam_Developement/DATA_ENGINEERING/data_engineering_project/batch-etl-pyspark/.venv/lib/python3.12/site-packages/airflow/example_dags/example_xcom.py
[2025-07-17T18:12:29.629+0000] {processor.py:840} INFO - DAG(s) 'example_xcom' retrieved from /mnt/c/Users/Shivam Gupta/OneDrive/Documents/Shivam_Developement/DATA_ENGINEERING/data_engineering_project/batch-etl-pyspark/.venv/lib/python3.12/site-packages/airflow/example_dags/example_xcom.py
[2025-07-17T18:12:29.679+0000] {logging_mixin.py:188} INFO - [2025-07-17T18:12:29.677+0000] {dag.py:3096} INFO - Sync 1 DAGs
[2025-07-17T18:12:29.714+0000] {logging_mixin.py:188} INFO - [2025-07-17T18:12:29.712+0000] {dag.py:3954} INFO - Setting next_dagrun for example_xcom to 2021-01-01 00:00:00+00:00, run_after=2021-01-01 00:00:00+00:00
[2025-07-17T18:12:29.864+0000] {processor.py:183} INFO - Processing /mnt/c/Users/Shivam Gupta/OneDrive/Documents/Shivam_Developement/DATA_ENGINEERING/data_engineering_project/batch-etl-pyspark/.venv/lib/python3.12/site-packages/airflow/example_dags/example_xcom.py took 0.347 seconds
[2025-07-17T18:13:33.902+0000] {processor.py:161} INFO - Started process (PID=4263) to work on /mnt/c/Users/Shivam Gupta/OneDrive/Documents/Shivam_Developement/DATA_ENGINEERING/data_engineering_project/batch-etl-pyspark/.venv/lib/python3.12/site-packages/airflow/example_dags/example_xcom.py
[2025-07-17T18:13:33.905+0000] {processor.py:830} INFO - Processing file /mnt/c/Users/Shivam Gupta/OneDrive/Documents/Shivam_Developement/DATA_ENGINEERING/data_engineering_project/batch-etl-pyspark/.venv/lib/python3.12/site-packages/airflow/example_dags/example_xcom.py for tasks to queue
[2025-07-17T18:13:33.910+0000] {logging_mixin.py:188} INFO - [2025-07-17T18:13:33.908+0000] {dagbag.py:545} INFO - Filling up the DagBag from /mnt/c/Users/Shivam Gupta/OneDrive/Documents/Shivam_Developement/DATA_ENGINEERING/data_engineering_project/batch-etl-pyspark/.venv/lib/python3.12/site-packages/airflow/example_dags/example_xcom.py
[2025-07-17T18:13:33.950+0000] {processor.py:840} INFO - DAG(s) 'example_xcom' retrieved from /mnt/c/Users/Shivam Gupta/OneDrive/Documents/Shivam_Developement/DATA_ENGINEERING/data_engineering_project/batch-etl-pyspark/.venv/lib/python3.12/site-packages/airflow/example_dags/example_xcom.py
[2025-07-17T18:13:33.991+0000] {logging_mixin.py:188} INFO - [2025-07-17T18:13:33.989+0000] {dag.py:3096} INFO - Sync 1 DAGs
[2025-07-17T18:13:34.022+0000] {logging_mixin.py:188} INFO - [2025-07-17T18:13:34.020+0000] {dag.py:3954} INFO - Setting next_dagrun for example_xcom to 2021-01-01 00:00:00+00:00, run_after=2021-01-01 00:00:00+00:00
[2025-07-17T18:13:34.123+0000] {processor.py:183} INFO - Processing /mnt/c/Users/Shivam Gupta/OneDrive/Documents/Shivam_Developement/DATA_ENGINEERING/data_engineering_project/batch-etl-pyspark/.venv/lib/python3.12/site-packages/airflow/example_dags/example_xcom.py took 0.249 seconds
