[2025-07-17T17:12:02.017+0000] {processor.py:161} INFO - Started process (PID=1908) to work on /mnt/c/Users/Shivam Gupta/OneDrive/Documents/Shivam_Developement/DATA_ENGINEERING/data_engineering_project/batch-etl-pyspark/.venv/lib/python3.12/site-packages/airflow/example_dags/example_xcomargs.py
[2025-07-17T17:12:02.021+0000] {processor.py:830} INFO - Processing file /mnt/c/Users/Shivam Gupta/OneDrive/Documents/Shivam_Developement/DATA_ENGINEERING/data_engineering_project/batch-etl-pyspark/.venv/lib/python3.12/site-packages/airflow/example_dags/example_xcomargs.py for tasks to queue
[2025-07-17T17:12:02.027+0000] {logging_mixin.py:188} INFO - [2025-07-17T17:12:02.025+0000] {dagbag.py:545} INFO - Filling up the DagBag from /mnt/c/Users/Shivam Gupta/OneDrive/Documents/Shivam_Developement/DATA_ENGINEERING/data_engineering_project/batch-etl-pyspark/.venv/lib/python3.12/site-packages/airflow/example_dags/example_xcomargs.py
[2025-07-17T17:12:02.496+0000] {processor.py:840} INFO - DAG(s) 'example_xcom_args_with_operators', 'example_xcom_args' retrieved from /mnt/c/Users/Shivam Gupta/OneDrive/Documents/Shivam_Developement/DATA_ENGINEERING/data_engineering_project/batch-etl-pyspark/.venv/lib/python3.12/site-packages/airflow/example_dags/example_xcomargs.py
[2025-07-17T17:12:06.561+0000] {logging_mixin.py:188} INFO - [2025-07-17T17:12:06.559+0000] {dag.py:3096} INFO - Sync 2 DAGs
[2025-07-17T17:12:06.580+0000] {logging_mixin.py:188} INFO - [2025-07-17T17:12:06.578+0000] {dag.py:3954} INFO - Setting next_dagrun for example_xcom_args to None, run_after=None
[2025-07-17T17:12:06.587+0000] {logging_mixin.py:188} INFO - [2025-07-17T17:12:06.586+0000] {dag.py:3954} INFO - Setting next_dagrun for example_xcom_args_with_operators to None, run_after=None
[2025-07-17T17:12:06.685+0000] {processor.py:183} INFO - Processing /mnt/c/Users/Shivam Gupta/OneDrive/Documents/Shivam_Developement/DATA_ENGINEERING/data_engineering_project/batch-etl-pyspark/.venv/lib/python3.12/site-packages/airflow/example_dags/example_xcomargs.py took 4.697 seconds
[2025-07-17T17:18:28.451+0000] {processor.py:161} INFO - Started process (PID=2016) to work on /mnt/c/Users/Shivam Gupta/OneDrive/Documents/Shivam_Developement/DATA_ENGINEERING/data_engineering_project/batch-etl-pyspark/.venv/lib/python3.12/site-packages/airflow/example_dags/example_xcomargs.py
[2025-07-17T17:18:28.453+0000] {processor.py:830} INFO - Processing file /mnt/c/Users/Shivam Gupta/OneDrive/Documents/Shivam_Developement/DATA_ENGINEERING/data_engineering_project/batch-etl-pyspark/.venv/lib/python3.12/site-packages/airflow/example_dags/example_xcomargs.py for tasks to queue
[2025-07-17T17:18:28.456+0000] {logging_mixin.py:188} INFO - [2025-07-17T17:18:28.456+0000] {dagbag.py:545} INFO - Filling up the DagBag from /mnt/c/Users/Shivam Gupta/OneDrive/Documents/Shivam_Developement/DATA_ENGINEERING/data_engineering_project/batch-etl-pyspark/.venv/lib/python3.12/site-packages/airflow/example_dags/example_xcomargs.py
[2025-07-17T17:18:28.562+0000] {processor.py:840} INFO - DAG(s) 'example_xcom_args_with_operators', 'example_xcom_args' retrieved from /mnt/c/Users/Shivam Gupta/OneDrive/Documents/Shivam_Developement/DATA_ENGINEERING/data_engineering_project/batch-etl-pyspark/.venv/lib/python3.12/site-packages/airflow/example_dags/example_xcomargs.py
[2025-07-17T17:18:28.826+0000] {logging_mixin.py:188} INFO - [2025-07-17T17:18:28.825+0000] {dag.py:3096} INFO - Sync 2 DAGs
[2025-07-17T17:18:28.847+0000] {logging_mixin.py:188} INFO - [2025-07-17T17:18:28.846+0000] {dag.py:3954} INFO - Setting next_dagrun for example_xcom_args to None, run_after=None
[2025-07-17T17:18:28.897+0000] {logging_mixin.py:188} INFO - [2025-07-17T17:18:28.886+0000] {dag.py:3954} INFO - Setting next_dagrun for example_xcom_args_with_operators to None, run_after=None
[2025-07-17T17:18:29.082+0000] {processor.py:183} INFO - Processing /mnt/c/Users/Shivam Gupta/OneDrive/Documents/Shivam_Developement/DATA_ENGINEERING/data_engineering_project/batch-etl-pyspark/.venv/lib/python3.12/site-packages/airflow/example_dags/example_xcomargs.py took 0.648 seconds
[2025-07-17T17:20:58.948+0000] {processor.py:161} INFO - Started process (PID=2087) to work on /mnt/c/Users/Shivam Gupta/OneDrive/Documents/Shivam_Developement/DATA_ENGINEERING/data_engineering_project/batch-etl-pyspark/.venv/lib/python3.12/site-packages/airflow/example_dags/example_xcomargs.py
[2025-07-17T17:20:58.951+0000] {processor.py:830} INFO - Processing file /mnt/c/Users/Shivam Gupta/OneDrive/Documents/Shivam_Developement/DATA_ENGINEERING/data_engineering_project/batch-etl-pyspark/.venv/lib/python3.12/site-packages/airflow/example_dags/example_xcomargs.py for tasks to queue
[2025-07-17T17:20:58.957+0000] {logging_mixin.py:188} INFO - [2025-07-17T17:20:58.955+0000] {dagbag.py:545} INFO - Filling up the DagBag from /mnt/c/Users/Shivam Gupta/OneDrive/Documents/Shivam_Developement/DATA_ENGINEERING/data_engineering_project/batch-etl-pyspark/.venv/lib/python3.12/site-packages/airflow/example_dags/example_xcomargs.py
[2025-07-17T17:20:58.987+0000] {processor.py:840} INFO - DAG(s) 'example_xcom_args', 'example_xcom_args_with_operators' retrieved from /mnt/c/Users/Shivam Gupta/OneDrive/Documents/Shivam_Developement/DATA_ENGINEERING/data_engineering_project/batch-etl-pyspark/.venv/lib/python3.12/site-packages/airflow/example_dags/example_xcomargs.py
[2025-07-17T17:20:59.189+0000] {logging_mixin.py:188} INFO - [2025-07-17T17:20:59.186+0000] {dag.py:3096} INFO - Sync 2 DAGs
[2025-07-17T17:20:59.211+0000] {logging_mixin.py:188} INFO - [2025-07-17T17:20:59.209+0000] {dag.py:3954} INFO - Setting next_dagrun for example_xcom_args to None, run_after=None
[2025-07-17T17:20:59.220+0000] {logging_mixin.py:188} INFO - [2025-07-17T17:20:59.219+0000] {dag.py:3954} INFO - Setting next_dagrun for example_xcom_args_with_operators to None, run_after=None
[2025-07-17T17:20:59.394+0000] {processor.py:183} INFO - Processing /mnt/c/Users/Shivam Gupta/OneDrive/Documents/Shivam_Developement/DATA_ENGINEERING/data_engineering_project/batch-etl-pyspark/.venv/lib/python3.12/site-packages/airflow/example_dags/example_xcomargs.py took 0.467 seconds
[2025-07-17T17:22:46.911+0000] {processor.py:161} INFO - Started process (PID=2147) to work on /mnt/c/Users/Shivam Gupta/OneDrive/Documents/Shivam_Developement/DATA_ENGINEERING/data_engineering_project/batch-etl-pyspark/.venv/lib/python3.12/site-packages/airflow/example_dags/example_xcomargs.py
[2025-07-17T17:22:46.913+0000] {processor.py:830} INFO - Processing file /mnt/c/Users/Shivam Gupta/OneDrive/Documents/Shivam_Developement/DATA_ENGINEERING/data_engineering_project/batch-etl-pyspark/.venv/lib/python3.12/site-packages/airflow/example_dags/example_xcomargs.py for tasks to queue
[2025-07-17T17:22:46.918+0000] {logging_mixin.py:188} INFO - [2025-07-17T17:22:46.917+0000] {dagbag.py:545} INFO - Filling up the DagBag from /mnt/c/Users/Shivam Gupta/OneDrive/Documents/Shivam_Developement/DATA_ENGINEERING/data_engineering_project/batch-etl-pyspark/.venv/lib/python3.12/site-packages/airflow/example_dags/example_xcomargs.py
[2025-07-17T17:22:47.090+0000] {processor.py:840} INFO - DAG(s) 'example_xcom_args_with_operators', 'example_xcom_args' retrieved from /mnt/c/Users/Shivam Gupta/OneDrive/Documents/Shivam_Developement/DATA_ENGINEERING/data_engineering_project/batch-etl-pyspark/.venv/lib/python3.12/site-packages/airflow/example_dags/example_xcomargs.py
[2025-07-17T17:22:47.223+0000] {logging_mixin.py:188} INFO - [2025-07-17T17:22:47.220+0000] {dag.py:3096} INFO - Sync 2 DAGs
[2025-07-17T17:22:47.247+0000] {logging_mixin.py:188} INFO - [2025-07-17T17:22:47.244+0000] {dag.py:3954} INFO - Setting next_dagrun for example_xcom_args to None, run_after=None
[2025-07-17T17:22:47.257+0000] {logging_mixin.py:188} INFO - [2025-07-17T17:22:47.256+0000] {dag.py:3954} INFO - Setting next_dagrun for example_xcom_args_with_operators to None, run_after=None
[2025-07-17T17:22:47.348+0000] {processor.py:183} INFO - Processing /mnt/c/Users/Shivam Gupta/OneDrive/Documents/Shivam_Developement/DATA_ENGINEERING/data_engineering_project/batch-etl-pyspark/.venv/lib/python3.12/site-packages/airflow/example_dags/example_xcomargs.py took 0.548 seconds
[2025-07-17T17:24:42.400+0000] {processor.py:161} INFO - Started process (PID=2232) to work on /mnt/c/Users/Shivam Gupta/OneDrive/Documents/Shivam_Developement/DATA_ENGINEERING/data_engineering_project/batch-etl-pyspark/.venv/lib/python3.12/site-packages/airflow/example_dags/example_xcomargs.py
[2025-07-17T17:24:42.422+0000] {processor.py:830} INFO - Processing file /mnt/c/Users/Shivam Gupta/OneDrive/Documents/Shivam_Developement/DATA_ENGINEERING/data_engineering_project/batch-etl-pyspark/.venv/lib/python3.12/site-packages/airflow/example_dags/example_xcomargs.py for tasks to queue
[2025-07-17T17:24:42.504+0000] {logging_mixin.py:188} INFO - [2025-07-17T17:24:42.442+0000] {dagbag.py:545} INFO - Filling up the DagBag from /mnt/c/Users/Shivam Gupta/OneDrive/Documents/Shivam_Developement/DATA_ENGINEERING/data_engineering_project/batch-etl-pyspark/.venv/lib/python3.12/site-packages/airflow/example_dags/example_xcomargs.py
[2025-07-17T17:24:42.595+0000] {processor.py:840} INFO - DAG(s) 'example_xcom_args_with_operators', 'example_xcom_args' retrieved from /mnt/c/Users/Shivam Gupta/OneDrive/Documents/Shivam_Developement/DATA_ENGINEERING/data_engineering_project/batch-etl-pyspark/.venv/lib/python3.12/site-packages/airflow/example_dags/example_xcomargs.py
[2025-07-17T17:24:42.801+0000] {logging_mixin.py:188} INFO - [2025-07-17T17:24:42.797+0000] {dag.py:3096} INFO - Sync 2 DAGs
[2025-07-17T17:24:43.043+0000] {logging_mixin.py:188} INFO - [2025-07-17T17:24:42.939+0000] {dag.py:3954} INFO - Setting next_dagrun for example_xcom_args to None, run_after=None
[2025-07-17T17:24:43.071+0000] {logging_mixin.py:188} INFO - [2025-07-17T17:24:43.070+0000] {dag.py:3954} INFO - Setting next_dagrun for example_xcom_args_with_operators to None, run_after=None
[2025-07-17T17:24:43.308+0000] {processor.py:183} INFO - Processing /mnt/c/Users/Shivam Gupta/OneDrive/Documents/Shivam_Developement/DATA_ENGINEERING/data_engineering_project/batch-etl-pyspark/.venv/lib/python3.12/site-packages/airflow/example_dags/example_xcomargs.py took 0.927 seconds
[2025-07-17T17:26:42.059+0000] {processor.py:161} INFO - Started process (PID=2298) to work on /mnt/c/Users/Shivam Gupta/OneDrive/Documents/Shivam_Developement/DATA_ENGINEERING/data_engineering_project/batch-etl-pyspark/.venv/lib/python3.12/site-packages/airflow/example_dags/example_xcomargs.py
[2025-07-17T17:26:42.063+0000] {processor.py:830} INFO - Processing file /mnt/c/Users/Shivam Gupta/OneDrive/Documents/Shivam_Developement/DATA_ENGINEERING/data_engineering_project/batch-etl-pyspark/.venv/lib/python3.12/site-packages/airflow/example_dags/example_xcomargs.py for tasks to queue
[2025-07-17T17:26:42.071+0000] {logging_mixin.py:188} INFO - [2025-07-17T17:26:42.068+0000] {dagbag.py:545} INFO - Filling up the DagBag from /mnt/c/Users/Shivam Gupta/OneDrive/Documents/Shivam_Developement/DATA_ENGINEERING/data_engineering_project/batch-etl-pyspark/.venv/lib/python3.12/site-packages/airflow/example_dags/example_xcomargs.py
[2025-07-17T17:26:42.168+0000] {processor.py:840} INFO - DAG(s) 'example_xcom_args', 'example_xcom_args_with_operators' retrieved from /mnt/c/Users/Shivam Gupta/OneDrive/Documents/Shivam_Developement/DATA_ENGINEERING/data_engineering_project/batch-etl-pyspark/.venv/lib/python3.12/site-packages/airflow/example_dags/example_xcomargs.py
[2025-07-17T17:26:42.459+0000] {logging_mixin.py:188} INFO - [2025-07-17T17:26:42.456+0000] {dag.py:3096} INFO - Sync 2 DAGs
[2025-07-17T17:26:42.484+0000] {logging_mixin.py:188} INFO - [2025-07-17T17:26:42.481+0000] {dag.py:3954} INFO - Setting next_dagrun for example_xcom_args to None, run_after=None
[2025-07-17T17:26:42.495+0000] {logging_mixin.py:188} INFO - [2025-07-17T17:26:42.493+0000] {dag.py:3954} INFO - Setting next_dagrun for example_xcom_args_with_operators to None, run_after=None
[2025-07-17T17:26:42.614+0000] {processor.py:183} INFO - Processing /mnt/c/Users/Shivam Gupta/OneDrive/Documents/Shivam_Developement/DATA_ENGINEERING/data_engineering_project/batch-etl-pyspark/.venv/lib/python3.12/site-packages/airflow/example_dags/example_xcomargs.py took 0.588 seconds
[2025-07-17T17:28:58.481+0000] {processor.py:161} INFO - Started process (PID=2370) to work on /mnt/c/Users/Shivam Gupta/OneDrive/Documents/Shivam_Developement/DATA_ENGINEERING/data_engineering_project/batch-etl-pyspark/.venv/lib/python3.12/site-packages/airflow/example_dags/example_xcomargs.py
[2025-07-17T17:28:58.487+0000] {processor.py:830} INFO - Processing file /mnt/c/Users/Shivam Gupta/OneDrive/Documents/Shivam_Developement/DATA_ENGINEERING/data_engineering_project/batch-etl-pyspark/.venv/lib/python3.12/site-packages/airflow/example_dags/example_xcomargs.py for tasks to queue
[2025-07-17T17:28:58.498+0000] {logging_mixin.py:188} INFO - [2025-07-17T17:28:58.494+0000] {dagbag.py:545} INFO - Filling up the DagBag from /mnt/c/Users/Shivam Gupta/OneDrive/Documents/Shivam_Developement/DATA_ENGINEERING/data_engineering_project/batch-etl-pyspark/.venv/lib/python3.12/site-packages/airflow/example_dags/example_xcomargs.py
[2025-07-17T17:28:58.572+0000] {processor.py:840} INFO - DAG(s) 'example_xcom_args', 'example_xcom_args_with_operators' retrieved from /mnt/c/Users/Shivam Gupta/OneDrive/Documents/Shivam_Developement/DATA_ENGINEERING/data_engineering_project/batch-etl-pyspark/.venv/lib/python3.12/site-packages/airflow/example_dags/example_xcomargs.py
[2025-07-17T17:28:58.661+0000] {logging_mixin.py:188} INFO - [2025-07-17T17:28:58.658+0000] {dag.py:3096} INFO - Sync 2 DAGs
[2025-07-17T17:28:58.695+0000] {logging_mixin.py:188} INFO - [2025-07-17T17:28:58.692+0000] {dag.py:3954} INFO - Setting next_dagrun for example_xcom_args to None, run_after=None
[2025-07-17T17:28:58.708+0000] {logging_mixin.py:188} INFO - [2025-07-17T17:28:58.706+0000] {dag.py:3954} INFO - Setting next_dagrun for example_xcom_args_with_operators to None, run_after=None
[2025-07-17T17:28:58.850+0000] {processor.py:183} INFO - Processing /mnt/c/Users/Shivam Gupta/OneDrive/Documents/Shivam_Developement/DATA_ENGINEERING/data_engineering_project/batch-etl-pyspark/.venv/lib/python3.12/site-packages/airflow/example_dags/example_xcomargs.py took 0.404 seconds
[2025-07-17T17:32:38.471+0000] {processor.py:161} INFO - Started process (PID=2471) to work on /mnt/c/Users/Shivam Gupta/OneDrive/Documents/Shivam_Developement/DATA_ENGINEERING/data_engineering_project/batch-etl-pyspark/.venv/lib/python3.12/site-packages/airflow/example_dags/example_xcomargs.py
[2025-07-17T17:32:38.475+0000] {processor.py:830} INFO - Processing file /mnt/c/Users/Shivam Gupta/OneDrive/Documents/Shivam_Developement/DATA_ENGINEERING/data_engineering_project/batch-etl-pyspark/.venv/lib/python3.12/site-packages/airflow/example_dags/example_xcomargs.py for tasks to queue
[2025-07-17T17:32:38.478+0000] {logging_mixin.py:188} INFO - [2025-07-17T17:32:38.477+0000] {dagbag.py:545} INFO - Filling up the DagBag from /mnt/c/Users/Shivam Gupta/OneDrive/Documents/Shivam_Developement/DATA_ENGINEERING/data_engineering_project/batch-etl-pyspark/.venv/lib/python3.12/site-packages/airflow/example_dags/example_xcomargs.py
[2025-07-17T17:32:38.510+0000] {processor.py:840} INFO - DAG(s) 'example_xcom_args_with_operators', 'example_xcom_args' retrieved from /mnt/c/Users/Shivam Gupta/OneDrive/Documents/Shivam_Developement/DATA_ENGINEERING/data_engineering_project/batch-etl-pyspark/.venv/lib/python3.12/site-packages/airflow/example_dags/example_xcomargs.py
[2025-07-17T17:32:38.782+0000] {logging_mixin.py:188} INFO - [2025-07-17T17:32:38.779+0000] {dag.py:3096} INFO - Sync 2 DAGs
[2025-07-17T17:32:38.812+0000] {logging_mixin.py:188} INFO - [2025-07-17T17:32:38.810+0000] {dag.py:3954} INFO - Setting next_dagrun for example_xcom_args to None, run_after=None
[2025-07-17T17:32:38.826+0000] {logging_mixin.py:188} INFO - [2025-07-17T17:32:38.823+0000] {dag.py:3954} INFO - Setting next_dagrun for example_xcom_args_with_operators to None, run_after=None
[2025-07-17T17:32:39.024+0000] {processor.py:183} INFO - Processing /mnt/c/Users/Shivam Gupta/OneDrive/Documents/Shivam_Developement/DATA_ENGINEERING/data_engineering_project/batch-etl-pyspark/.venv/lib/python3.12/site-packages/airflow/example_dags/example_xcomargs.py took 0.574 seconds
[2025-07-17T17:34:44.286+0000] {processor.py:161} INFO - Started process (PID=2545) to work on /mnt/c/Users/Shivam Gupta/OneDrive/Documents/Shivam_Developement/DATA_ENGINEERING/data_engineering_project/batch-etl-pyspark/.venv/lib/python3.12/site-packages/airflow/example_dags/example_xcomargs.py
[2025-07-17T17:34:44.291+0000] {processor.py:830} INFO - Processing file /mnt/c/Users/Shivam Gupta/OneDrive/Documents/Shivam_Developement/DATA_ENGINEERING/data_engineering_project/batch-etl-pyspark/.venv/lib/python3.12/site-packages/airflow/example_dags/example_xcomargs.py for tasks to queue
[2025-07-17T17:34:44.297+0000] {logging_mixin.py:188} INFO - [2025-07-17T17:34:44.294+0000] {dagbag.py:545} INFO - Filling up the DagBag from /mnt/c/Users/Shivam Gupta/OneDrive/Documents/Shivam_Developement/DATA_ENGINEERING/data_engineering_project/batch-etl-pyspark/.venv/lib/python3.12/site-packages/airflow/example_dags/example_xcomargs.py
[2025-07-17T17:34:44.366+0000] {processor.py:840} INFO - DAG(s) 'example_xcom_args_with_operators', 'example_xcom_args' retrieved from /mnt/c/Users/Shivam Gupta/OneDrive/Documents/Shivam_Developement/DATA_ENGINEERING/data_engineering_project/batch-etl-pyspark/.venv/lib/python3.12/site-packages/airflow/example_dags/example_xcomargs.py
[2025-07-17T17:34:44.417+0000] {logging_mixin.py:188} INFO - [2025-07-17T17:34:44.415+0000] {dag.py:3096} INFO - Sync 2 DAGs
[2025-07-17T17:34:44.432+0000] {logging_mixin.py:188} INFO - [2025-07-17T17:34:44.431+0000] {dag.py:3954} INFO - Setting next_dagrun for example_xcom_args to None, run_after=None
[2025-07-17T17:34:44.440+0000] {logging_mixin.py:188} INFO - [2025-07-17T17:34:44.437+0000] {dag.py:3954} INFO - Setting next_dagrun for example_xcom_args_with_operators to None, run_after=None
[2025-07-17T17:34:44.517+0000] {processor.py:183} INFO - Processing /mnt/c/Users/Shivam Gupta/OneDrive/Documents/Shivam_Developement/DATA_ENGINEERING/data_engineering_project/batch-etl-pyspark/.venv/lib/python3.12/site-packages/airflow/example_dags/example_xcomargs.py took 0.262 seconds
[2025-07-17T17:36:42.183+0000] {processor.py:161} INFO - Started process (PID=2613) to work on /mnt/c/Users/Shivam Gupta/OneDrive/Documents/Shivam_Developement/DATA_ENGINEERING/data_engineering_project/batch-etl-pyspark/.venv/lib/python3.12/site-packages/airflow/example_dags/example_xcomargs.py
[2025-07-17T17:36:42.189+0000] {processor.py:830} INFO - Processing file /mnt/c/Users/Shivam Gupta/OneDrive/Documents/Shivam_Developement/DATA_ENGINEERING/data_engineering_project/batch-etl-pyspark/.venv/lib/python3.12/site-packages/airflow/example_dags/example_xcomargs.py for tasks to queue
[2025-07-17T17:36:42.196+0000] {logging_mixin.py:188} INFO - [2025-07-17T17:36:42.193+0000] {dagbag.py:545} INFO - Filling up the DagBag from /mnt/c/Users/Shivam Gupta/OneDrive/Documents/Shivam_Developement/DATA_ENGINEERING/data_engineering_project/batch-etl-pyspark/.venv/lib/python3.12/site-packages/airflow/example_dags/example_xcomargs.py
[2025-07-17T17:36:42.265+0000] {processor.py:840} INFO - DAG(s) 'example_xcom_args', 'example_xcom_args_with_operators' retrieved from /mnt/c/Users/Shivam Gupta/OneDrive/Documents/Shivam_Developement/DATA_ENGINEERING/data_engineering_project/batch-etl-pyspark/.venv/lib/python3.12/site-packages/airflow/example_dags/example_xcomargs.py
[2025-07-17T17:36:42.347+0000] {logging_mixin.py:188} INFO - [2025-07-17T17:36:42.344+0000] {dag.py:3096} INFO - Sync 2 DAGs
[2025-07-17T17:36:42.372+0000] {logging_mixin.py:188} INFO - [2025-07-17T17:36:42.369+0000] {dag.py:3954} INFO - Setting next_dagrun for example_xcom_args to None, run_after=None
[2025-07-17T17:36:42.387+0000] {logging_mixin.py:188} INFO - [2025-07-17T17:36:42.384+0000] {dag.py:3954} INFO - Setting next_dagrun for example_xcom_args_with_operators to None, run_after=None
[2025-07-17T17:36:42.515+0000] {processor.py:183} INFO - Processing /mnt/c/Users/Shivam Gupta/OneDrive/Documents/Shivam_Developement/DATA_ENGINEERING/data_engineering_project/batch-etl-pyspark/.venv/lib/python3.12/site-packages/airflow/example_dags/example_xcomargs.py took 0.360 seconds
[2025-07-17T17:38:34.853+0000] {processor.py:161} INFO - Started process (PID=2675) to work on /mnt/c/Users/Shivam Gupta/OneDrive/Documents/Shivam_Developement/DATA_ENGINEERING/data_engineering_project/batch-etl-pyspark/.venv/lib/python3.12/site-packages/airflow/example_dags/example_xcomargs.py
[2025-07-17T17:38:34.871+0000] {processor.py:830} INFO - Processing file /mnt/c/Users/Shivam Gupta/OneDrive/Documents/Shivam_Developement/DATA_ENGINEERING/data_engineering_project/batch-etl-pyspark/.venv/lib/python3.12/site-packages/airflow/example_dags/example_xcomargs.py for tasks to queue
[2025-07-17T17:38:34.883+0000] {logging_mixin.py:188} INFO - [2025-07-17T17:38:34.879+0000] {dagbag.py:545} INFO - Filling up the DagBag from /mnt/c/Users/Shivam Gupta/OneDrive/Documents/Shivam_Developement/DATA_ENGINEERING/data_engineering_project/batch-etl-pyspark/.venv/lib/python3.12/site-packages/airflow/example_dags/example_xcomargs.py
[2025-07-17T17:38:34.984+0000] {processor.py:840} INFO - DAG(s) 'example_xcom_args_with_operators', 'example_xcom_args' retrieved from /mnt/c/Users/Shivam Gupta/OneDrive/Documents/Shivam_Developement/DATA_ENGINEERING/data_engineering_project/batch-etl-pyspark/.venv/lib/python3.12/site-packages/airflow/example_dags/example_xcomargs.py
[2025-07-17T17:38:35.049+0000] {logging_mixin.py:188} INFO - [2025-07-17T17:38:35.047+0000] {dag.py:3096} INFO - Sync 2 DAGs
[2025-07-17T17:38:35.124+0000] {logging_mixin.py:188} INFO - [2025-07-17T17:38:35.122+0000] {dag.py:3954} INFO - Setting next_dagrun for example_xcom_args to None, run_after=None
[2025-07-17T17:38:35.140+0000] {logging_mixin.py:188} INFO - [2025-07-17T17:38:35.139+0000] {dag.py:3954} INFO - Setting next_dagrun for example_xcom_args_with_operators to None, run_after=None
[2025-07-17T17:38:35.321+0000] {processor.py:183} INFO - Processing /mnt/c/Users/Shivam Gupta/OneDrive/Documents/Shivam_Developement/DATA_ENGINEERING/data_engineering_project/batch-etl-pyspark/.venv/lib/python3.12/site-packages/airflow/example_dags/example_xcomargs.py took 0.511 seconds
[2025-07-17T17:40:18.759+0000] {processor.py:161} INFO - Started process (PID=2741) to work on /mnt/c/Users/Shivam Gupta/OneDrive/Documents/Shivam_Developement/DATA_ENGINEERING/data_engineering_project/batch-etl-pyspark/.venv/lib/python3.12/site-packages/airflow/example_dags/example_xcomargs.py
[2025-07-17T17:40:18.761+0000] {processor.py:830} INFO - Processing file /mnt/c/Users/Shivam Gupta/OneDrive/Documents/Shivam_Developement/DATA_ENGINEERING/data_engineering_project/batch-etl-pyspark/.venv/lib/python3.12/site-packages/airflow/example_dags/example_xcomargs.py for tasks to queue
[2025-07-17T17:40:18.767+0000] {logging_mixin.py:188} INFO - [2025-07-17T17:40:18.765+0000] {dagbag.py:545} INFO - Filling up the DagBag from /mnt/c/Users/Shivam Gupta/OneDrive/Documents/Shivam_Developement/DATA_ENGINEERING/data_engineering_project/batch-etl-pyspark/.venv/lib/python3.12/site-packages/airflow/example_dags/example_xcomargs.py
[2025-07-17T17:40:18.814+0000] {processor.py:840} INFO - DAG(s) 'example_xcom_args', 'example_xcom_args_with_operators' retrieved from /mnt/c/Users/Shivam Gupta/OneDrive/Documents/Shivam_Developement/DATA_ENGINEERING/data_engineering_project/batch-etl-pyspark/.venv/lib/python3.12/site-packages/airflow/example_dags/example_xcomargs.py
[2025-07-17T17:40:18.855+0000] {logging_mixin.py:188} INFO - [2025-07-17T17:40:18.854+0000] {dag.py:3096} INFO - Sync 2 DAGs
[2025-07-17T17:40:18.869+0000] {logging_mixin.py:188} INFO - [2025-07-17T17:40:18.868+0000] {dag.py:3954} INFO - Setting next_dagrun for example_xcom_args to None, run_after=None
[2025-07-17T17:40:18.876+0000] {logging_mixin.py:188} INFO - [2025-07-17T17:40:18.875+0000] {dag.py:3954} INFO - Setting next_dagrun for example_xcom_args_with_operators to None, run_after=None
[2025-07-17T17:40:19.027+0000] {processor.py:183} INFO - Processing /mnt/c/Users/Shivam Gupta/OneDrive/Documents/Shivam_Developement/DATA_ENGINEERING/data_engineering_project/batch-etl-pyspark/.venv/lib/python3.12/site-packages/airflow/example_dags/example_xcomargs.py took 0.286 seconds
[2025-07-17T17:42:01.947+0000] {processor.py:161} INFO - Started process (PID=2797) to work on /mnt/c/Users/Shivam Gupta/OneDrive/Documents/Shivam_Developement/DATA_ENGINEERING/data_engineering_project/batch-etl-pyspark/.venv/lib/python3.12/site-packages/airflow/example_dags/example_xcomargs.py
[2025-07-17T17:42:01.949+0000] {processor.py:830} INFO - Processing file /mnt/c/Users/Shivam Gupta/OneDrive/Documents/Shivam_Developement/DATA_ENGINEERING/data_engineering_project/batch-etl-pyspark/.venv/lib/python3.12/site-packages/airflow/example_dags/example_xcomargs.py for tasks to queue
[2025-07-17T17:42:01.952+0000] {logging_mixin.py:188} INFO - [2025-07-17T17:42:01.951+0000] {dagbag.py:545} INFO - Filling up the DagBag from /mnt/c/Users/Shivam Gupta/OneDrive/Documents/Shivam_Developement/DATA_ENGINEERING/data_engineering_project/batch-etl-pyspark/.venv/lib/python3.12/site-packages/airflow/example_dags/example_xcomargs.py
[2025-07-17T17:42:01.974+0000] {processor.py:840} INFO - DAG(s) 'example_xcom_args', 'example_xcom_args_with_operators' retrieved from /mnt/c/Users/Shivam Gupta/OneDrive/Documents/Shivam_Developement/DATA_ENGINEERING/data_engineering_project/batch-etl-pyspark/.venv/lib/python3.12/site-packages/airflow/example_dags/example_xcomargs.py
[2025-07-17T17:42:02.028+0000] {logging_mixin.py:188} INFO - [2025-07-17T17:42:02.026+0000] {dag.py:3096} INFO - Sync 2 DAGs
[2025-07-17T17:42:02.044+0000] {logging_mixin.py:188} INFO - [2025-07-17T17:42:02.043+0000] {dag.py:3954} INFO - Setting next_dagrun for example_xcom_args to None, run_after=None
[2025-07-17T17:42:02.052+0000] {logging_mixin.py:188} INFO - [2025-07-17T17:42:02.051+0000] {dag.py:3954} INFO - Setting next_dagrun for example_xcom_args_with_operators to None, run_after=None
[2025-07-17T17:42:02.130+0000] {processor.py:183} INFO - Processing /mnt/c/Users/Shivam Gupta/OneDrive/Documents/Shivam_Developement/DATA_ENGINEERING/data_engineering_project/batch-etl-pyspark/.venv/lib/python3.12/site-packages/airflow/example_dags/example_xcomargs.py took 0.195 seconds
[2025-07-17T17:43:39.737+0000] {processor.py:161} INFO - Started process (PID=2856) to work on /mnt/c/Users/Shivam Gupta/OneDrive/Documents/Shivam_Developement/DATA_ENGINEERING/data_engineering_project/batch-etl-pyspark/.venv/lib/python3.12/site-packages/airflow/example_dags/example_xcomargs.py
[2025-07-17T17:43:39.742+0000] {processor.py:830} INFO - Processing file /mnt/c/Users/Shivam Gupta/OneDrive/Documents/Shivam_Developement/DATA_ENGINEERING/data_engineering_project/batch-etl-pyspark/.venv/lib/python3.12/site-packages/airflow/example_dags/example_xcomargs.py for tasks to queue
[2025-07-17T17:43:39.748+0000] {logging_mixin.py:188} INFO - [2025-07-17T17:43:39.745+0000] {dagbag.py:545} INFO - Filling up the DagBag from /mnt/c/Users/Shivam Gupta/OneDrive/Documents/Shivam_Developement/DATA_ENGINEERING/data_engineering_project/batch-etl-pyspark/.venv/lib/python3.12/site-packages/airflow/example_dags/example_xcomargs.py
[2025-07-17T17:43:39.824+0000] {processor.py:840} INFO - DAG(s) 'example_xcom_args_with_operators', 'example_xcom_args' retrieved from /mnt/c/Users/Shivam Gupta/OneDrive/Documents/Shivam_Developement/DATA_ENGINEERING/data_engineering_project/batch-etl-pyspark/.venv/lib/python3.12/site-packages/airflow/example_dags/example_xcomargs.py
[2025-07-17T17:43:39.902+0000] {logging_mixin.py:188} INFO - [2025-07-17T17:43:39.900+0000] {dag.py:3096} INFO - Sync 2 DAGs
[2025-07-17T17:43:39.927+0000] {logging_mixin.py:188} INFO - [2025-07-17T17:43:39.924+0000] {dag.py:3954} INFO - Setting next_dagrun for example_xcom_args to None, run_after=None
[2025-07-17T17:43:39.938+0000] {logging_mixin.py:188} INFO - [2025-07-17T17:43:39.936+0000] {dag.py:3954} INFO - Setting next_dagrun for example_xcom_args_with_operators to None, run_after=None
[2025-07-17T17:43:40.157+0000] {processor.py:183} INFO - Processing /mnt/c/Users/Shivam Gupta/OneDrive/Documents/Shivam_Developement/DATA_ENGINEERING/data_engineering_project/batch-etl-pyspark/.venv/lib/python3.12/site-packages/airflow/example_dags/example_xcomargs.py took 0.449 seconds
[2025-07-17T17:45:26.391+0000] {processor.py:161} INFO - Started process (PID=2912) to work on /mnt/c/Users/Shivam Gupta/OneDrive/Documents/Shivam_Developement/DATA_ENGINEERING/data_engineering_project/batch-etl-pyspark/.venv/lib/python3.12/site-packages/airflow/example_dags/example_xcomargs.py
[2025-07-17T17:45:26.394+0000] {processor.py:830} INFO - Processing file /mnt/c/Users/Shivam Gupta/OneDrive/Documents/Shivam_Developement/DATA_ENGINEERING/data_engineering_project/batch-etl-pyspark/.venv/lib/python3.12/site-packages/airflow/example_dags/example_xcomargs.py for tasks to queue
[2025-07-17T17:45:26.399+0000] {logging_mixin.py:188} INFO - [2025-07-17T17:45:26.397+0000] {dagbag.py:545} INFO - Filling up the DagBag from /mnt/c/Users/Shivam Gupta/OneDrive/Documents/Shivam_Developement/DATA_ENGINEERING/data_engineering_project/batch-etl-pyspark/.venv/lib/python3.12/site-packages/airflow/example_dags/example_xcomargs.py
[2025-07-17T17:45:26.520+0000] {processor.py:840} INFO - DAG(s) 'example_xcom_args', 'example_xcom_args_with_operators' retrieved from /mnt/c/Users/Shivam Gupta/OneDrive/Documents/Shivam_Developement/DATA_ENGINEERING/data_engineering_project/batch-etl-pyspark/.venv/lib/python3.12/site-packages/airflow/example_dags/example_xcomargs.py
[2025-07-17T17:45:26.605+0000] {logging_mixin.py:188} INFO - [2025-07-17T17:45:26.602+0000] {dag.py:3096} INFO - Sync 2 DAGs
[2025-07-17T17:45:26.697+0000] {logging_mixin.py:188} INFO - [2025-07-17T17:45:26.682+0000] {dag.py:3954} INFO - Setting next_dagrun for example_xcom_args to None, run_after=None
[2025-07-17T17:45:26.716+0000] {logging_mixin.py:188} INFO - [2025-07-17T17:45:26.713+0000] {dag.py:3954} INFO - Setting next_dagrun for example_xcom_args_with_operators to None, run_after=None
[2025-07-17T17:45:26.883+0000] {processor.py:183} INFO - Processing /mnt/c/Users/Shivam Gupta/OneDrive/Documents/Shivam_Developement/DATA_ENGINEERING/data_engineering_project/batch-etl-pyspark/.venv/lib/python3.12/site-packages/airflow/example_dags/example_xcomargs.py took 0.510 seconds
[2025-07-17T17:47:13.296+0000] {processor.py:161} INFO - Started process (PID=2973) to work on /mnt/c/Users/Shivam Gupta/OneDrive/Documents/Shivam_Developement/DATA_ENGINEERING/data_engineering_project/batch-etl-pyspark/.venv/lib/python3.12/site-packages/airflow/example_dags/example_xcomargs.py
[2025-07-17T17:47:13.299+0000] {processor.py:830} INFO - Processing file /mnt/c/Users/Shivam Gupta/OneDrive/Documents/Shivam_Developement/DATA_ENGINEERING/data_engineering_project/batch-etl-pyspark/.venv/lib/python3.12/site-packages/airflow/example_dags/example_xcomargs.py for tasks to queue
[2025-07-17T17:47:13.304+0000] {logging_mixin.py:188} INFO - [2025-07-17T17:47:13.302+0000] {dagbag.py:545} INFO - Filling up the DagBag from /mnt/c/Users/Shivam Gupta/OneDrive/Documents/Shivam_Developement/DATA_ENGINEERING/data_engineering_project/batch-etl-pyspark/.venv/lib/python3.12/site-packages/airflow/example_dags/example_xcomargs.py
[2025-07-17T17:47:13.352+0000] {processor.py:840} INFO - DAG(s) 'example_xcom_args', 'example_xcom_args_with_operators' retrieved from /mnt/c/Users/Shivam Gupta/OneDrive/Documents/Shivam_Developement/DATA_ENGINEERING/data_engineering_project/batch-etl-pyspark/.venv/lib/python3.12/site-packages/airflow/example_dags/example_xcomargs.py
[2025-07-17T17:47:13.407+0000] {logging_mixin.py:188} INFO - [2025-07-17T17:47:13.405+0000] {dag.py:3096} INFO - Sync 2 DAGs
[2025-07-17T17:47:13.428+0000] {logging_mixin.py:188} INFO - [2025-07-17T17:47:13.426+0000] {dag.py:3954} INFO - Setting next_dagrun for example_xcom_args to None, run_after=None
[2025-07-17T17:47:13.435+0000] {logging_mixin.py:188} INFO - [2025-07-17T17:47:13.434+0000] {dag.py:3954} INFO - Setting next_dagrun for example_xcom_args_with_operators to None, run_after=None
[2025-07-17T17:47:13.534+0000] {processor.py:183} INFO - Processing /mnt/c/Users/Shivam Gupta/OneDrive/Documents/Shivam_Developement/DATA_ENGINEERING/data_engineering_project/batch-etl-pyspark/.venv/lib/python3.12/site-packages/airflow/example_dags/example_xcomargs.py took 0.275 seconds
[2025-07-17T17:48:25.868+0000] {processor.py:161} INFO - Started process (PID=3030) to work on /mnt/c/Users/Shivam Gupta/OneDrive/Documents/Shivam_Developement/DATA_ENGINEERING/data_engineering_project/batch-etl-pyspark/.venv/lib/python3.12/site-packages/airflow/example_dags/example_xcomargs.py
[2025-07-17T17:48:25.871+0000] {processor.py:830} INFO - Processing file /mnt/c/Users/Shivam Gupta/OneDrive/Documents/Shivam_Developement/DATA_ENGINEERING/data_engineering_project/batch-etl-pyspark/.venv/lib/python3.12/site-packages/airflow/example_dags/example_xcomargs.py for tasks to queue
[2025-07-17T17:48:25.875+0000] {logging_mixin.py:188} INFO - [2025-07-17T17:48:25.873+0000] {dagbag.py:545} INFO - Filling up the DagBag from /mnt/c/Users/Shivam Gupta/OneDrive/Documents/Shivam_Developement/DATA_ENGINEERING/data_engineering_project/batch-etl-pyspark/.venv/lib/python3.12/site-packages/airflow/example_dags/example_xcomargs.py
[2025-07-17T17:48:25.913+0000] {processor.py:840} INFO - DAG(s) 'example_xcom_args', 'example_xcom_args_with_operators' retrieved from /mnt/c/Users/Shivam Gupta/OneDrive/Documents/Shivam_Developement/DATA_ENGINEERING/data_engineering_project/batch-etl-pyspark/.venv/lib/python3.12/site-packages/airflow/example_dags/example_xcomargs.py
[2025-07-17T17:48:25.955+0000] {logging_mixin.py:188} INFO - [2025-07-17T17:48:25.954+0000] {dag.py:3096} INFO - Sync 2 DAGs
[2025-07-17T17:48:25.972+0000] {logging_mixin.py:188} INFO - [2025-07-17T17:48:25.971+0000] {dag.py:3954} INFO - Setting next_dagrun for example_xcom_args to None, run_after=None
[2025-07-17T17:48:25.979+0000] {logging_mixin.py:188} INFO - [2025-07-17T17:48:25.978+0000] {dag.py:3954} INFO - Setting next_dagrun for example_xcom_args_with_operators to None, run_after=None
[2025-07-17T17:48:26.063+0000] {processor.py:183} INFO - Processing /mnt/c/Users/Shivam Gupta/OneDrive/Documents/Shivam_Developement/DATA_ENGINEERING/data_engineering_project/batch-etl-pyspark/.venv/lib/python3.12/site-packages/airflow/example_dags/example_xcomargs.py took 0.215 seconds
[2025-07-17T17:49:25.318+0000] {processor.py:161} INFO - Started process (PID=3081) to work on /mnt/c/Users/Shivam Gupta/OneDrive/Documents/Shivam_Developement/DATA_ENGINEERING/data_engineering_project/batch-etl-pyspark/.venv/lib/python3.12/site-packages/airflow/example_dags/example_xcomargs.py
[2025-07-17T17:49:25.321+0000] {processor.py:830} INFO - Processing file /mnt/c/Users/Shivam Gupta/OneDrive/Documents/Shivam_Developement/DATA_ENGINEERING/data_engineering_project/batch-etl-pyspark/.venv/lib/python3.12/site-packages/airflow/example_dags/example_xcomargs.py for tasks to queue
[2025-07-17T17:49:25.325+0000] {logging_mixin.py:188} INFO - [2025-07-17T17:49:25.323+0000] {dagbag.py:545} INFO - Filling up the DagBag from /mnt/c/Users/Shivam Gupta/OneDrive/Documents/Shivam_Developement/DATA_ENGINEERING/data_engineering_project/batch-etl-pyspark/.venv/lib/python3.12/site-packages/airflow/example_dags/example_xcomargs.py
[2025-07-17T17:49:25.362+0000] {processor.py:840} INFO - DAG(s) 'example_xcom_args_with_operators', 'example_xcom_args' retrieved from /mnt/c/Users/Shivam Gupta/OneDrive/Documents/Shivam_Developement/DATA_ENGINEERING/data_engineering_project/batch-etl-pyspark/.venv/lib/python3.12/site-packages/airflow/example_dags/example_xcomargs.py
[2025-07-17T17:49:25.411+0000] {logging_mixin.py:188} INFO - [2025-07-17T17:49:25.409+0000] {dag.py:3096} INFO - Sync 2 DAGs
[2025-07-17T17:49:25.433+0000] {logging_mixin.py:188} INFO - [2025-07-17T17:49:25.431+0000] {dag.py:3954} INFO - Setting next_dagrun for example_xcom_args to None, run_after=None
[2025-07-17T17:49:25.443+0000] {logging_mixin.py:188} INFO - [2025-07-17T17:49:25.442+0000] {dag.py:3954} INFO - Setting next_dagrun for example_xcom_args_with_operators to None, run_after=None
[2025-07-17T17:49:25.568+0000] {processor.py:183} INFO - Processing /mnt/c/Users/Shivam Gupta/OneDrive/Documents/Shivam_Developement/DATA_ENGINEERING/data_engineering_project/batch-etl-pyspark/.venv/lib/python3.12/site-packages/airflow/example_dags/example_xcomargs.py took 0.268 seconds
[2025-07-17T17:50:22.062+0000] {processor.py:161} INFO - Started process (PID=3131) to work on /mnt/c/Users/Shivam Gupta/OneDrive/Documents/Shivam_Developement/DATA_ENGINEERING/data_engineering_project/batch-etl-pyspark/.venv/lib/python3.12/site-packages/airflow/example_dags/example_xcomargs.py
[2025-07-17T17:50:22.065+0000] {processor.py:830} INFO - Processing file /mnt/c/Users/Shivam Gupta/OneDrive/Documents/Shivam_Developement/DATA_ENGINEERING/data_engineering_project/batch-etl-pyspark/.venv/lib/python3.12/site-packages/airflow/example_dags/example_xcomargs.py for tasks to queue
[2025-07-17T17:50:22.068+0000] {logging_mixin.py:188} INFO - [2025-07-17T17:50:22.066+0000] {dagbag.py:545} INFO - Filling up the DagBag from /mnt/c/Users/Shivam Gupta/OneDrive/Documents/Shivam_Developement/DATA_ENGINEERING/data_engineering_project/batch-etl-pyspark/.venv/lib/python3.12/site-packages/airflow/example_dags/example_xcomargs.py
[2025-07-17T17:50:22.122+0000] {processor.py:840} INFO - DAG(s) 'example_xcom_args_with_operators', 'example_xcom_args' retrieved from /mnt/c/Users/Shivam Gupta/OneDrive/Documents/Shivam_Developement/DATA_ENGINEERING/data_engineering_project/batch-etl-pyspark/.venv/lib/python3.12/site-packages/airflow/example_dags/example_xcomargs.py
[2025-07-17T17:50:22.186+0000] {logging_mixin.py:188} INFO - [2025-07-17T17:50:22.184+0000] {dag.py:3096} INFO - Sync 2 DAGs
[2025-07-17T17:50:22.205+0000] {logging_mixin.py:188} INFO - [2025-07-17T17:50:22.203+0000] {dag.py:3954} INFO - Setting next_dagrun for example_xcom_args to None, run_after=None
[2025-07-17T17:50:22.214+0000] {logging_mixin.py:188} INFO - [2025-07-17T17:50:22.213+0000] {dag.py:3954} INFO - Setting next_dagrun for example_xcom_args_with_operators to None, run_after=None
[2025-07-17T17:50:22.338+0000] {processor.py:183} INFO - Processing /mnt/c/Users/Shivam Gupta/OneDrive/Documents/Shivam_Developement/DATA_ENGINEERING/data_engineering_project/batch-etl-pyspark/.venv/lib/python3.12/site-packages/airflow/example_dags/example_xcomargs.py took 0.292 seconds
[2025-07-17T17:51:28.522+0000] {processor.py:161} INFO - Started process (PID=3184) to work on /mnt/c/Users/Shivam Gupta/OneDrive/Documents/Shivam_Developement/DATA_ENGINEERING/data_engineering_project/batch-etl-pyspark/.venv/lib/python3.12/site-packages/airflow/example_dags/example_xcomargs.py
[2025-07-17T17:51:28.527+0000] {processor.py:830} INFO - Processing file /mnt/c/Users/Shivam Gupta/OneDrive/Documents/Shivam_Developement/DATA_ENGINEERING/data_engineering_project/batch-etl-pyspark/.venv/lib/python3.12/site-packages/airflow/example_dags/example_xcomargs.py for tasks to queue
[2025-07-17T17:51:28.533+0000] {logging_mixin.py:188} INFO - [2025-07-17T17:51:28.530+0000] {dagbag.py:545} INFO - Filling up the DagBag from /mnt/c/Users/Shivam Gupta/OneDrive/Documents/Shivam_Developement/DATA_ENGINEERING/data_engineering_project/batch-etl-pyspark/.venv/lib/python3.12/site-packages/airflow/example_dags/example_xcomargs.py
[2025-07-17T17:51:28.613+0000] {processor.py:840} INFO - DAG(s) 'example_xcom_args_with_operators', 'example_xcom_args' retrieved from /mnt/c/Users/Shivam Gupta/OneDrive/Documents/Shivam_Developement/DATA_ENGINEERING/data_engineering_project/batch-etl-pyspark/.venv/lib/python3.12/site-packages/airflow/example_dags/example_xcomargs.py
[2025-07-17T17:51:28.704+0000] {logging_mixin.py:188} INFO - [2025-07-17T17:51:28.703+0000] {dag.py:3096} INFO - Sync 2 DAGs
[2025-07-17T17:51:28.720+0000] {logging_mixin.py:188} INFO - [2025-07-17T17:51:28.718+0000] {dag.py:3954} INFO - Setting next_dagrun for example_xcom_args to None, run_after=None
[2025-07-17T17:51:28.727+0000] {logging_mixin.py:188} INFO - [2025-07-17T17:51:28.726+0000] {dag.py:3954} INFO - Setting next_dagrun for example_xcom_args_with_operators to None, run_after=None
[2025-07-17T17:51:28.826+0000] {processor.py:183} INFO - Processing /mnt/c/Users/Shivam Gupta/OneDrive/Documents/Shivam_Developement/DATA_ENGINEERING/data_engineering_project/batch-etl-pyspark/.venv/lib/python3.12/site-packages/airflow/example_dags/example_xcomargs.py took 0.329 seconds
[2025-07-17T17:52:32.305+0000] {processor.py:161} INFO - Started process (PID=3233) to work on /mnt/c/Users/Shivam Gupta/OneDrive/Documents/Shivam_Developement/DATA_ENGINEERING/data_engineering_project/batch-etl-pyspark/.venv/lib/python3.12/site-packages/airflow/example_dags/example_xcomargs.py
[2025-07-17T17:52:32.308+0000] {processor.py:830} INFO - Processing file /mnt/c/Users/Shivam Gupta/OneDrive/Documents/Shivam_Developement/DATA_ENGINEERING/data_engineering_project/batch-etl-pyspark/.venv/lib/python3.12/site-packages/airflow/example_dags/example_xcomargs.py for tasks to queue
[2025-07-17T17:52:32.313+0000] {logging_mixin.py:188} INFO - [2025-07-17T17:52:32.311+0000] {dagbag.py:545} INFO - Filling up the DagBag from /mnt/c/Users/Shivam Gupta/OneDrive/Documents/Shivam_Developement/DATA_ENGINEERING/data_engineering_project/batch-etl-pyspark/.venv/lib/python3.12/site-packages/airflow/example_dags/example_xcomargs.py
[2025-07-17T17:52:32.351+0000] {processor.py:840} INFO - DAG(s) 'example_xcom_args', 'example_xcom_args_with_operators' retrieved from /mnt/c/Users/Shivam Gupta/OneDrive/Documents/Shivam_Developement/DATA_ENGINEERING/data_engineering_project/batch-etl-pyspark/.venv/lib/python3.12/site-packages/airflow/example_dags/example_xcomargs.py
[2025-07-17T17:52:32.401+0000] {logging_mixin.py:188} INFO - [2025-07-17T17:52:32.399+0000] {dag.py:3096} INFO - Sync 2 DAGs
[2025-07-17T17:52:32.420+0000] {logging_mixin.py:188} INFO - [2025-07-17T17:52:32.418+0000] {dag.py:3954} INFO - Setting next_dagrun for example_xcom_args to None, run_after=None
[2025-07-17T17:52:32.430+0000] {logging_mixin.py:188} INFO - [2025-07-17T17:52:32.428+0000] {dag.py:3954} INFO - Setting next_dagrun for example_xcom_args_with_operators to None, run_after=None
[2025-07-17T17:52:32.534+0000] {processor.py:183} INFO - Processing /mnt/c/Users/Shivam Gupta/OneDrive/Documents/Shivam_Developement/DATA_ENGINEERING/data_engineering_project/batch-etl-pyspark/.venv/lib/python3.12/site-packages/airflow/example_dags/example_xcomargs.py took 0.253 seconds
[2025-07-17T17:53:36.591+0000] {processor.py:161} INFO - Started process (PID=3287) to work on /mnt/c/Users/Shivam Gupta/OneDrive/Documents/Shivam_Developement/DATA_ENGINEERING/data_engineering_project/batch-etl-pyspark/.venv/lib/python3.12/site-packages/airflow/example_dags/example_xcomargs.py
[2025-07-17T17:53:36.593+0000] {processor.py:830} INFO - Processing file /mnt/c/Users/Shivam Gupta/OneDrive/Documents/Shivam_Developement/DATA_ENGINEERING/data_engineering_project/batch-etl-pyspark/.venv/lib/python3.12/site-packages/airflow/example_dags/example_xcomargs.py for tasks to queue
[2025-07-17T17:53:36.596+0000] {logging_mixin.py:188} INFO - [2025-07-17T17:53:36.595+0000] {dagbag.py:545} INFO - Filling up the DagBag from /mnt/c/Users/Shivam Gupta/OneDrive/Documents/Shivam_Developement/DATA_ENGINEERING/data_engineering_project/batch-etl-pyspark/.venv/lib/python3.12/site-packages/airflow/example_dags/example_xcomargs.py
[2025-07-17T17:53:36.636+0000] {processor.py:840} INFO - DAG(s) 'example_xcom_args_with_operators', 'example_xcom_args' retrieved from /mnt/c/Users/Shivam Gupta/OneDrive/Documents/Shivam_Developement/DATA_ENGINEERING/data_engineering_project/batch-etl-pyspark/.venv/lib/python3.12/site-packages/airflow/example_dags/example_xcomargs.py
[2025-07-17T17:53:36.690+0000] {logging_mixin.py:188} INFO - [2025-07-17T17:53:36.689+0000] {dag.py:3096} INFO - Sync 2 DAGs
[2025-07-17T17:53:36.706+0000] {logging_mixin.py:188} INFO - [2025-07-17T17:53:36.704+0000] {dag.py:3954} INFO - Setting next_dagrun for example_xcom_args to None, run_after=None
[2025-07-17T17:53:36.714+0000] {logging_mixin.py:188} INFO - [2025-07-17T17:53:36.712+0000] {dag.py:3954} INFO - Setting next_dagrun for example_xcom_args_with_operators to None, run_after=None
[2025-07-17T17:53:36.803+0000] {processor.py:183} INFO - Processing /mnt/c/Users/Shivam Gupta/OneDrive/Documents/Shivam_Developement/DATA_ENGINEERING/data_engineering_project/batch-etl-pyspark/.venv/lib/python3.12/site-packages/airflow/example_dags/example_xcomargs.py took 0.234 seconds
[2025-07-17T17:54:40.101+0000] {processor.py:161} INFO - Started process (PID=3337) to work on /mnt/c/Users/Shivam Gupta/OneDrive/Documents/Shivam_Developement/DATA_ENGINEERING/data_engineering_project/batch-etl-pyspark/.venv/lib/python3.12/site-packages/airflow/example_dags/example_xcomargs.py
[2025-07-17T17:54:40.108+0000] {processor.py:830} INFO - Processing file /mnt/c/Users/Shivam Gupta/OneDrive/Documents/Shivam_Developement/DATA_ENGINEERING/data_engineering_project/batch-etl-pyspark/.venv/lib/python3.12/site-packages/airflow/example_dags/example_xcomargs.py for tasks to queue
[2025-07-17T17:54:40.122+0000] {logging_mixin.py:188} INFO - [2025-07-17T17:54:40.118+0000] {dagbag.py:545} INFO - Filling up the DagBag from /mnt/c/Users/Shivam Gupta/OneDrive/Documents/Shivam_Developement/DATA_ENGINEERING/data_engineering_project/batch-etl-pyspark/.venv/lib/python3.12/site-packages/airflow/example_dags/example_xcomargs.py
[2025-07-17T17:54:40.248+0000] {processor.py:840} INFO - DAG(s) 'example_xcom_args_with_operators', 'example_xcom_args' retrieved from /mnt/c/Users/Shivam Gupta/OneDrive/Documents/Shivam_Developement/DATA_ENGINEERING/data_engineering_project/batch-etl-pyspark/.venv/lib/python3.12/site-packages/airflow/example_dags/example_xcomargs.py
[2025-07-17T17:54:40.296+0000] {logging_mixin.py:188} INFO - [2025-07-17T17:54:40.294+0000] {dag.py:3096} INFO - Sync 2 DAGs
[2025-07-17T17:54:40.312+0000] {logging_mixin.py:188} INFO - [2025-07-17T17:54:40.311+0000] {dag.py:3954} INFO - Setting next_dagrun for example_xcom_args to None, run_after=None
[2025-07-17T17:54:40.322+0000] {logging_mixin.py:188} INFO - [2025-07-17T17:54:40.320+0000] {dag.py:3954} INFO - Setting next_dagrun for example_xcom_args_with_operators to None, run_after=None
[2025-07-17T17:54:40.445+0000] {processor.py:183} INFO - Processing /mnt/c/Users/Shivam Gupta/OneDrive/Documents/Shivam_Developement/DATA_ENGINEERING/data_engineering_project/batch-etl-pyspark/.venv/lib/python3.12/site-packages/airflow/example_dags/example_xcomargs.py took 0.383 seconds
[2025-07-17T17:55:41.302+0000] {processor.py:161} INFO - Started process (PID=3391) to work on /mnt/c/Users/Shivam Gupta/OneDrive/Documents/Shivam_Developement/DATA_ENGINEERING/data_engineering_project/batch-etl-pyspark/.venv/lib/python3.12/site-packages/airflow/example_dags/example_xcomargs.py
[2025-07-17T17:55:41.304+0000] {processor.py:830} INFO - Processing file /mnt/c/Users/Shivam Gupta/OneDrive/Documents/Shivam_Developement/DATA_ENGINEERING/data_engineering_project/batch-etl-pyspark/.venv/lib/python3.12/site-packages/airflow/example_dags/example_xcomargs.py for tasks to queue
[2025-07-17T17:55:41.307+0000] {logging_mixin.py:188} INFO - [2025-07-17T17:55:41.306+0000] {dagbag.py:545} INFO - Filling up the DagBag from /mnt/c/Users/Shivam Gupta/OneDrive/Documents/Shivam_Developement/DATA_ENGINEERING/data_engineering_project/batch-etl-pyspark/.venv/lib/python3.12/site-packages/airflow/example_dags/example_xcomargs.py
[2025-07-17T17:55:41.355+0000] {processor.py:840} INFO - DAG(s) 'example_xcom_args', 'example_xcom_args_with_operators' retrieved from /mnt/c/Users/Shivam Gupta/OneDrive/Documents/Shivam_Developement/DATA_ENGINEERING/data_engineering_project/batch-etl-pyspark/.venv/lib/python3.12/site-packages/airflow/example_dags/example_xcomargs.py
[2025-07-17T17:55:41.397+0000] {logging_mixin.py:188} INFO - [2025-07-17T17:55:41.395+0000] {dag.py:3096} INFO - Sync 2 DAGs
[2025-07-17T17:55:41.412+0000] {logging_mixin.py:188} INFO - [2025-07-17T17:55:41.411+0000] {dag.py:3954} INFO - Setting next_dagrun for example_xcom_args to None, run_after=None
[2025-07-17T17:55:41.420+0000] {logging_mixin.py:188} INFO - [2025-07-17T17:55:41.419+0000] {dag.py:3954} INFO - Setting next_dagrun for example_xcom_args_with_operators to None, run_after=None
[2025-07-17T17:55:41.543+0000] {processor.py:183} INFO - Processing /mnt/c/Users/Shivam Gupta/OneDrive/Documents/Shivam_Developement/DATA_ENGINEERING/data_engineering_project/batch-etl-pyspark/.venv/lib/python3.12/site-packages/airflow/example_dags/example_xcomargs.py took 0.260 seconds
[2025-07-17T17:56:44.773+0000] {processor.py:161} INFO - Started process (PID=3440) to work on /mnt/c/Users/Shivam Gupta/OneDrive/Documents/Shivam_Developement/DATA_ENGINEERING/data_engineering_project/batch-etl-pyspark/.venv/lib/python3.12/site-packages/airflow/example_dags/example_xcomargs.py
[2025-07-17T17:56:44.776+0000] {processor.py:830} INFO - Processing file /mnt/c/Users/Shivam Gupta/OneDrive/Documents/Shivam_Developement/DATA_ENGINEERING/data_engineering_project/batch-etl-pyspark/.venv/lib/python3.12/site-packages/airflow/example_dags/example_xcomargs.py for tasks to queue
[2025-07-17T17:56:44.781+0000] {logging_mixin.py:188} INFO - [2025-07-17T17:56:44.779+0000] {dagbag.py:545} INFO - Filling up the DagBag from /mnt/c/Users/Shivam Gupta/OneDrive/Documents/Shivam_Developement/DATA_ENGINEERING/data_engineering_project/batch-etl-pyspark/.venv/lib/python3.12/site-packages/airflow/example_dags/example_xcomargs.py
[2025-07-17T17:56:44.827+0000] {processor.py:840} INFO - DAG(s) 'example_xcom_args', 'example_xcom_args_with_operators' retrieved from /mnt/c/Users/Shivam Gupta/OneDrive/Documents/Shivam_Developement/DATA_ENGINEERING/data_engineering_project/batch-etl-pyspark/.venv/lib/python3.12/site-packages/airflow/example_dags/example_xcomargs.py
[2025-07-17T17:56:44.889+0000] {logging_mixin.py:188} INFO - [2025-07-17T17:56:44.888+0000] {dag.py:3096} INFO - Sync 2 DAGs
[2025-07-17T17:56:44.906+0000] {logging_mixin.py:188} INFO - [2025-07-17T17:56:44.905+0000] {dag.py:3954} INFO - Setting next_dagrun for example_xcom_args to None, run_after=None
[2025-07-17T17:56:44.915+0000] {logging_mixin.py:188} INFO - [2025-07-17T17:56:44.913+0000] {dag.py:3954} INFO - Setting next_dagrun for example_xcom_args_with_operators to None, run_after=None
[2025-07-17T17:56:45.009+0000] {processor.py:183} INFO - Processing /mnt/c/Users/Shivam Gupta/OneDrive/Documents/Shivam_Developement/DATA_ENGINEERING/data_engineering_project/batch-etl-pyspark/.venv/lib/python3.12/site-packages/airflow/example_dags/example_xcomargs.py took 0.257 seconds
[2025-07-17T17:57:45.846+0000] {processor.py:161} INFO - Started process (PID=3491) to work on /mnt/c/Users/Shivam Gupta/OneDrive/Documents/Shivam_Developement/DATA_ENGINEERING/data_engineering_project/batch-etl-pyspark/.venv/lib/python3.12/site-packages/airflow/example_dags/example_xcomargs.py
[2025-07-17T17:57:45.849+0000] {processor.py:830} INFO - Processing file /mnt/c/Users/Shivam Gupta/OneDrive/Documents/Shivam_Developement/DATA_ENGINEERING/data_engineering_project/batch-etl-pyspark/.venv/lib/python3.12/site-packages/airflow/example_dags/example_xcomargs.py for tasks to queue
[2025-07-17T17:57:45.854+0000] {logging_mixin.py:188} INFO - [2025-07-17T17:57:45.852+0000] {dagbag.py:545} INFO - Filling up the DagBag from /mnt/c/Users/Shivam Gupta/OneDrive/Documents/Shivam_Developement/DATA_ENGINEERING/data_engineering_project/batch-etl-pyspark/.venv/lib/python3.12/site-packages/airflow/example_dags/example_xcomargs.py
[2025-07-17T17:57:45.911+0000] {processor.py:840} INFO - DAG(s) 'example_xcom_args', 'example_xcom_args_with_operators' retrieved from /mnt/c/Users/Shivam Gupta/OneDrive/Documents/Shivam_Developement/DATA_ENGINEERING/data_engineering_project/batch-etl-pyspark/.venv/lib/python3.12/site-packages/airflow/example_dags/example_xcomargs.py
[2025-07-17T17:57:45.959+0000] {logging_mixin.py:188} INFO - [2025-07-17T17:57:45.957+0000] {dag.py:3096} INFO - Sync 2 DAGs
[2025-07-17T17:57:45.972+0000] {logging_mixin.py:188} INFO - [2025-07-17T17:57:45.971+0000] {dag.py:3954} INFO - Setting next_dagrun for example_xcom_args to None, run_after=None
[2025-07-17T17:57:45.980+0000] {logging_mixin.py:188} INFO - [2025-07-17T17:57:45.979+0000] {dag.py:3954} INFO - Setting next_dagrun for example_xcom_args_with_operators to None, run_after=None
[2025-07-17T17:57:46.113+0000] {processor.py:183} INFO - Processing /mnt/c/Users/Shivam Gupta/OneDrive/Documents/Shivam_Developement/DATA_ENGINEERING/data_engineering_project/batch-etl-pyspark/.venv/lib/python3.12/site-packages/airflow/example_dags/example_xcomargs.py took 0.294 seconds
[2025-07-17T17:58:45.472+0000] {processor.py:161} INFO - Started process (PID=3540) to work on /mnt/c/Users/Shivam Gupta/OneDrive/Documents/Shivam_Developement/DATA_ENGINEERING/data_engineering_project/batch-etl-pyspark/.venv/lib/python3.12/site-packages/airflow/example_dags/example_xcomargs.py
[2025-07-17T17:58:45.474+0000] {processor.py:830} INFO - Processing file /mnt/c/Users/Shivam Gupta/OneDrive/Documents/Shivam_Developement/DATA_ENGINEERING/data_engineering_project/batch-etl-pyspark/.venv/lib/python3.12/site-packages/airflow/example_dags/example_xcomargs.py for tasks to queue
[2025-07-17T17:58:45.477+0000] {logging_mixin.py:188} INFO - [2025-07-17T17:58:45.475+0000] {dagbag.py:545} INFO - Filling up the DagBag from /mnt/c/Users/Shivam Gupta/OneDrive/Documents/Shivam_Developement/DATA_ENGINEERING/data_engineering_project/batch-etl-pyspark/.venv/lib/python3.12/site-packages/airflow/example_dags/example_xcomargs.py
[2025-07-17T17:58:45.508+0000] {processor.py:840} INFO - DAG(s) 'example_xcom_args_with_operators', 'example_xcom_args' retrieved from /mnt/c/Users/Shivam Gupta/OneDrive/Documents/Shivam_Developement/DATA_ENGINEERING/data_engineering_project/batch-etl-pyspark/.venv/lib/python3.12/site-packages/airflow/example_dags/example_xcomargs.py
[2025-07-17T17:58:45.557+0000] {logging_mixin.py:188} INFO - [2025-07-17T17:58:45.556+0000] {dag.py:3096} INFO - Sync 2 DAGs
[2025-07-17T17:58:45.572+0000] {logging_mixin.py:188} INFO - [2025-07-17T17:58:45.571+0000] {dag.py:3954} INFO - Setting next_dagrun for example_xcom_args to None, run_after=None
[2025-07-17T17:58:45.577+0000] {logging_mixin.py:188} INFO - [2025-07-17T17:58:45.576+0000] {dag.py:3954} INFO - Setting next_dagrun for example_xcom_args_with_operators to None, run_after=None
[2025-07-17T17:58:45.735+0000] {processor.py:183} INFO - Processing /mnt/c/Users/Shivam Gupta/OneDrive/Documents/Shivam_Developement/DATA_ENGINEERING/data_engineering_project/batch-etl-pyspark/.venv/lib/python3.12/site-packages/airflow/example_dags/example_xcomargs.py took 0.279 seconds
[2025-07-17T17:59:49.008+0000] {processor.py:161} INFO - Started process (PID=3591) to work on /mnt/c/Users/Shivam Gupta/OneDrive/Documents/Shivam_Developement/DATA_ENGINEERING/data_engineering_project/batch-etl-pyspark/.venv/lib/python3.12/site-packages/airflow/example_dags/example_xcomargs.py
[2025-07-17T17:59:49.012+0000] {processor.py:830} INFO - Processing file /mnt/c/Users/Shivam Gupta/OneDrive/Documents/Shivam_Developement/DATA_ENGINEERING/data_engineering_project/batch-etl-pyspark/.venv/lib/python3.12/site-packages/airflow/example_dags/example_xcomargs.py for tasks to queue
[2025-07-17T17:59:49.018+0000] {logging_mixin.py:188} INFO - [2025-07-17T17:59:49.014+0000] {dagbag.py:545} INFO - Filling up the DagBag from /mnt/c/Users/Shivam Gupta/OneDrive/Documents/Shivam_Developement/DATA_ENGINEERING/data_engineering_project/batch-etl-pyspark/.venv/lib/python3.12/site-packages/airflow/example_dags/example_xcomargs.py
[2025-07-17T17:59:49.080+0000] {processor.py:840} INFO - DAG(s) 'example_xcom_args_with_operators', 'example_xcom_args' retrieved from /mnt/c/Users/Shivam Gupta/OneDrive/Documents/Shivam_Developement/DATA_ENGINEERING/data_engineering_project/batch-etl-pyspark/.venv/lib/python3.12/site-packages/airflow/example_dags/example_xcomargs.py
[2025-07-17T17:59:49.235+0000] {logging_mixin.py:188} INFO - [2025-07-17T17:59:49.232+0000] {dag.py:3096} INFO - Sync 2 DAGs
[2025-07-17T17:59:49.259+0000] {logging_mixin.py:188} INFO - [2025-07-17T17:59:49.257+0000] {dag.py:3954} INFO - Setting next_dagrun for example_xcom_args to None, run_after=None
[2025-07-17T17:59:49.269+0000] {logging_mixin.py:188} INFO - [2025-07-17T17:59:49.267+0000] {dag.py:3954} INFO - Setting next_dagrun for example_xcom_args_with_operators to None, run_after=None
[2025-07-17T17:59:49.377+0000] {processor.py:183} INFO - Processing /mnt/c/Users/Shivam Gupta/OneDrive/Documents/Shivam_Developement/DATA_ENGINEERING/data_engineering_project/batch-etl-pyspark/.venv/lib/python3.12/site-packages/airflow/example_dags/example_xcomargs.py took 0.387 seconds
[2025-07-17T18:00:55.782+0000] {processor.py:161} INFO - Started process (PID=3643) to work on /mnt/c/Users/Shivam Gupta/OneDrive/Documents/Shivam_Developement/DATA_ENGINEERING/data_engineering_project/batch-etl-pyspark/.venv/lib/python3.12/site-packages/airflow/example_dags/example_xcomargs.py
[2025-07-17T18:00:55.785+0000] {processor.py:830} INFO - Processing file /mnt/c/Users/Shivam Gupta/OneDrive/Documents/Shivam_Developement/DATA_ENGINEERING/data_engineering_project/batch-etl-pyspark/.venv/lib/python3.12/site-packages/airflow/example_dags/example_xcomargs.py for tasks to queue
[2025-07-17T18:00:55.787+0000] {logging_mixin.py:188} INFO - [2025-07-17T18:00:55.786+0000] {dagbag.py:545} INFO - Filling up the DagBag from /mnt/c/Users/Shivam Gupta/OneDrive/Documents/Shivam_Developement/DATA_ENGINEERING/data_engineering_project/batch-etl-pyspark/.venv/lib/python3.12/site-packages/airflow/example_dags/example_xcomargs.py
[2025-07-17T18:00:55.818+0000] {processor.py:840} INFO - DAG(s) 'example_xcom_args', 'example_xcom_args_with_operators' retrieved from /mnt/c/Users/Shivam Gupta/OneDrive/Documents/Shivam_Developement/DATA_ENGINEERING/data_engineering_project/batch-etl-pyspark/.venv/lib/python3.12/site-packages/airflow/example_dags/example_xcomargs.py
[2025-07-17T18:00:55.916+0000] {logging_mixin.py:188} INFO - [2025-07-17T18:00:55.914+0000] {dag.py:3096} INFO - Sync 2 DAGs
[2025-07-17T18:00:55.940+0000] {logging_mixin.py:188} INFO - [2025-07-17T18:00:55.938+0000] {dag.py:3954} INFO - Setting next_dagrun for example_xcom_args to None, run_after=None
[2025-07-17T18:00:55.947+0000] {logging_mixin.py:188} INFO - [2025-07-17T18:00:55.945+0000] {dag.py:3954} INFO - Setting next_dagrun for example_xcom_args_with_operators to None, run_after=None
[2025-07-17T18:00:56.054+0000] {processor.py:183} INFO - Processing /mnt/c/Users/Shivam Gupta/OneDrive/Documents/Shivam_Developement/DATA_ENGINEERING/data_engineering_project/batch-etl-pyspark/.venv/lib/python3.12/site-packages/airflow/example_dags/example_xcomargs.py took 0.289 seconds
[2025-07-17T18:02:00.654+0000] {processor.py:161} INFO - Started process (PID=3700) to work on /mnt/c/Users/Shivam Gupta/OneDrive/Documents/Shivam_Developement/DATA_ENGINEERING/data_engineering_project/batch-etl-pyspark/.venv/lib/python3.12/site-packages/airflow/example_dags/example_xcomargs.py
[2025-07-17T18:02:00.656+0000] {processor.py:830} INFO - Processing file /mnt/c/Users/Shivam Gupta/OneDrive/Documents/Shivam_Developement/DATA_ENGINEERING/data_engineering_project/batch-etl-pyspark/.venv/lib/python3.12/site-packages/airflow/example_dags/example_xcomargs.py for tasks to queue
[2025-07-17T18:02:00.661+0000] {logging_mixin.py:188} INFO - [2025-07-17T18:02:00.659+0000] {dagbag.py:545} INFO - Filling up the DagBag from /mnt/c/Users/Shivam Gupta/OneDrive/Documents/Shivam_Developement/DATA_ENGINEERING/data_engineering_project/batch-etl-pyspark/.venv/lib/python3.12/site-packages/airflow/example_dags/example_xcomargs.py
[2025-07-17T18:02:00.700+0000] {processor.py:840} INFO - DAG(s) 'example_xcom_args_with_operators', 'example_xcom_args' retrieved from /mnt/c/Users/Shivam Gupta/OneDrive/Documents/Shivam_Developement/DATA_ENGINEERING/data_engineering_project/batch-etl-pyspark/.venv/lib/python3.12/site-packages/airflow/example_dags/example_xcomargs.py
[2025-07-17T18:02:00.750+0000] {logging_mixin.py:188} INFO - [2025-07-17T18:02:00.748+0000] {dag.py:3096} INFO - Sync 2 DAGs
[2025-07-17T18:02:00.767+0000] {logging_mixin.py:188} INFO - [2025-07-17T18:02:00.764+0000] {dag.py:3954} INFO - Setting next_dagrun for example_xcom_args to None, run_after=None
[2025-07-17T18:02:00.775+0000] {logging_mixin.py:188} INFO - [2025-07-17T18:02:00.774+0000] {dag.py:3954} INFO - Setting next_dagrun for example_xcom_args_with_operators to None, run_after=None
[2025-07-17T18:02:00.860+0000] {processor.py:183} INFO - Processing /mnt/c/Users/Shivam Gupta/OneDrive/Documents/Shivam_Developement/DATA_ENGINEERING/data_engineering_project/batch-etl-pyspark/.venv/lib/python3.12/site-packages/airflow/example_dags/example_xcomargs.py took 0.223 seconds
[2025-07-17T18:03:59.720+0000] {processor.py:161} INFO - Started process (PID=3799) to work on /mnt/c/Users/Shivam Gupta/OneDrive/Documents/Shivam_Developement/DATA_ENGINEERING/data_engineering_project/batch-etl-pyspark/.venv/lib/python3.12/site-packages/airflow/example_dags/example_xcomargs.py
[2025-07-17T18:03:59.722+0000] {processor.py:830} INFO - Processing file /mnt/c/Users/Shivam Gupta/OneDrive/Documents/Shivam_Developement/DATA_ENGINEERING/data_engineering_project/batch-etl-pyspark/.venv/lib/python3.12/site-packages/airflow/example_dags/example_xcomargs.py for tasks to queue
[2025-07-17T18:03:59.725+0000] {logging_mixin.py:188} INFO - [2025-07-17T18:03:59.724+0000] {dagbag.py:545} INFO - Filling up the DagBag from /mnt/c/Users/Shivam Gupta/OneDrive/Documents/Shivam_Developement/DATA_ENGINEERING/data_engineering_project/batch-etl-pyspark/.venv/lib/python3.12/site-packages/airflow/example_dags/example_xcomargs.py
[2025-07-17T18:03:59.763+0000] {processor.py:840} INFO - DAG(s) 'example_xcom_args', 'example_xcom_args_with_operators' retrieved from /mnt/c/Users/Shivam Gupta/OneDrive/Documents/Shivam_Developement/DATA_ENGINEERING/data_engineering_project/batch-etl-pyspark/.venv/lib/python3.12/site-packages/airflow/example_dags/example_xcomargs.py
[2025-07-17T18:03:59.813+0000] {logging_mixin.py:188} INFO - [2025-07-17T18:03:59.811+0000] {dag.py:3096} INFO - Sync 2 DAGs
[2025-07-17T18:03:59.833+0000] {logging_mixin.py:188} INFO - [2025-07-17T18:03:59.832+0000] {dag.py:3954} INFO - Setting next_dagrun for example_xcom_args to None, run_after=None
[2025-07-17T18:03:59.844+0000] {logging_mixin.py:188} INFO - [2025-07-17T18:03:59.842+0000] {dag.py:3954} INFO - Setting next_dagrun for example_xcom_args_with_operators to None, run_after=None
[2025-07-17T18:03:59.957+0000] {processor.py:183} INFO - Processing /mnt/c/Users/Shivam Gupta/OneDrive/Documents/Shivam_Developement/DATA_ENGINEERING/data_engineering_project/batch-etl-pyspark/.venv/lib/python3.12/site-packages/airflow/example_dags/example_xcomargs.py took 0.255 seconds
[2025-07-17T18:05:00.831+0000] {processor.py:161} INFO - Started process (PID=3849) to work on /mnt/c/Users/Shivam Gupta/OneDrive/Documents/Shivam_Developement/DATA_ENGINEERING/data_engineering_project/batch-etl-pyspark/.venv/lib/python3.12/site-packages/airflow/example_dags/example_xcomargs.py
[2025-07-17T18:05:00.834+0000] {processor.py:830} INFO - Processing file /mnt/c/Users/Shivam Gupta/OneDrive/Documents/Shivam_Developement/DATA_ENGINEERING/data_engineering_project/batch-etl-pyspark/.venv/lib/python3.12/site-packages/airflow/example_dags/example_xcomargs.py for tasks to queue
[2025-07-17T18:05:00.839+0000] {logging_mixin.py:188} INFO - [2025-07-17T18:05:00.837+0000] {dagbag.py:545} INFO - Filling up the DagBag from /mnt/c/Users/Shivam Gupta/OneDrive/Documents/Shivam_Developement/DATA_ENGINEERING/data_engineering_project/batch-etl-pyspark/.venv/lib/python3.12/site-packages/airflow/example_dags/example_xcomargs.py
[2025-07-17T18:05:00.874+0000] {processor.py:840} INFO - DAG(s) 'example_xcom_args', 'example_xcom_args_with_operators' retrieved from /mnt/c/Users/Shivam Gupta/OneDrive/Documents/Shivam_Developement/DATA_ENGINEERING/data_engineering_project/batch-etl-pyspark/.venv/lib/python3.12/site-packages/airflow/example_dags/example_xcomargs.py
[2025-07-17T18:05:00.925+0000] {logging_mixin.py:188} INFO - [2025-07-17T18:05:00.923+0000] {dag.py:3096} INFO - Sync 2 DAGs
[2025-07-17T18:05:00.943+0000] {logging_mixin.py:188} INFO - [2025-07-17T18:05:00.941+0000] {dag.py:3954} INFO - Setting next_dagrun for example_xcom_args to None, run_after=None
[2025-07-17T18:05:00.951+0000] {logging_mixin.py:188} INFO - [2025-07-17T18:05:00.949+0000] {dag.py:3954} INFO - Setting next_dagrun for example_xcom_args_with_operators to None, run_after=None
[2025-07-17T18:05:01.060+0000] {processor.py:183} INFO - Processing /mnt/c/Users/Shivam Gupta/OneDrive/Documents/Shivam_Developement/DATA_ENGINEERING/data_engineering_project/batch-etl-pyspark/.venv/lib/python3.12/site-packages/airflow/example_dags/example_xcomargs.py took 0.249 seconds
[2025-07-17T18:06:02.181+0000] {processor.py:161} INFO - Started process (PID=3902) to work on /mnt/c/Users/Shivam Gupta/OneDrive/Documents/Shivam_Developement/DATA_ENGINEERING/data_engineering_project/batch-etl-pyspark/.venv/lib/python3.12/site-packages/airflow/example_dags/example_xcomargs.py
[2025-07-17T18:06:02.183+0000] {processor.py:830} INFO - Processing file /mnt/c/Users/Shivam Gupta/OneDrive/Documents/Shivam_Developement/DATA_ENGINEERING/data_engineering_project/batch-etl-pyspark/.venv/lib/python3.12/site-packages/airflow/example_dags/example_xcomargs.py for tasks to queue
[2025-07-17T18:06:02.185+0000] {logging_mixin.py:188} INFO - [2025-07-17T18:06:02.184+0000] {dagbag.py:545} INFO - Filling up the DagBag from /mnt/c/Users/Shivam Gupta/OneDrive/Documents/Shivam_Developement/DATA_ENGINEERING/data_engineering_project/batch-etl-pyspark/.venv/lib/python3.12/site-packages/airflow/example_dags/example_xcomargs.py
[2025-07-17T18:06:02.208+0000] {processor.py:840} INFO - DAG(s) 'example_xcom_args', 'example_xcom_args_with_operators' retrieved from /mnt/c/Users/Shivam Gupta/OneDrive/Documents/Shivam_Developement/DATA_ENGINEERING/data_engineering_project/batch-etl-pyspark/.venv/lib/python3.12/site-packages/airflow/example_dags/example_xcomargs.py
[2025-07-17T18:06:02.243+0000] {logging_mixin.py:188} INFO - [2025-07-17T18:06:02.242+0000] {dag.py:3096} INFO - Sync 2 DAGs
[2025-07-17T18:06:02.256+0000] {logging_mixin.py:188} INFO - [2025-07-17T18:06:02.255+0000] {dag.py:3954} INFO - Setting next_dagrun for example_xcom_args to None, run_after=None
[2025-07-17T18:06:02.264+0000] {logging_mixin.py:188} INFO - [2025-07-17T18:06:02.263+0000] {dag.py:3954} INFO - Setting next_dagrun for example_xcom_args_with_operators to None, run_after=None
[2025-07-17T18:06:02.333+0000] {processor.py:183} INFO - Processing /mnt/c/Users/Shivam Gupta/OneDrive/Documents/Shivam_Developement/DATA_ENGINEERING/data_engineering_project/batch-etl-pyspark/.venv/lib/python3.12/site-packages/airflow/example_dags/example_xcomargs.py took 0.170 seconds
[2025-07-17T18:07:05.266+0000] {processor.py:161} INFO - Started process (PID=3952) to work on /mnt/c/Users/Shivam Gupta/OneDrive/Documents/Shivam_Developement/DATA_ENGINEERING/data_engineering_project/batch-etl-pyspark/.venv/lib/python3.12/site-packages/airflow/example_dags/example_xcomargs.py
[2025-07-17T18:07:05.269+0000] {processor.py:830} INFO - Processing file /mnt/c/Users/Shivam Gupta/OneDrive/Documents/Shivam_Developement/DATA_ENGINEERING/data_engineering_project/batch-etl-pyspark/.venv/lib/python3.12/site-packages/airflow/example_dags/example_xcomargs.py for tasks to queue
[2025-07-17T18:07:05.273+0000] {logging_mixin.py:188} INFO - [2025-07-17T18:07:05.271+0000] {dagbag.py:545} INFO - Filling up the DagBag from /mnt/c/Users/Shivam Gupta/OneDrive/Documents/Shivam_Developement/DATA_ENGINEERING/data_engineering_project/batch-etl-pyspark/.venv/lib/python3.12/site-packages/airflow/example_dags/example_xcomargs.py
[2025-07-17T18:07:05.308+0000] {processor.py:840} INFO - DAG(s) 'example_xcom_args_with_operators', 'example_xcom_args' retrieved from /mnt/c/Users/Shivam Gupta/OneDrive/Documents/Shivam_Developement/DATA_ENGINEERING/data_engineering_project/batch-etl-pyspark/.venv/lib/python3.12/site-packages/airflow/example_dags/example_xcomargs.py
[2025-07-17T18:07:05.359+0000] {logging_mixin.py:188} INFO - [2025-07-17T18:07:05.357+0000] {dag.py:3096} INFO - Sync 2 DAGs
[2025-07-17T18:07:05.379+0000] {logging_mixin.py:188} INFO - [2025-07-17T18:07:05.378+0000] {dag.py:3954} INFO - Setting next_dagrun for example_xcom_args to None, run_after=None
[2025-07-17T18:07:05.388+0000] {logging_mixin.py:188} INFO - [2025-07-17T18:07:05.387+0000] {dag.py:3954} INFO - Setting next_dagrun for example_xcom_args_with_operators to None, run_after=None
[2025-07-17T18:07:05.483+0000] {processor.py:183} INFO - Processing /mnt/c/Users/Shivam Gupta/OneDrive/Documents/Shivam_Developement/DATA_ENGINEERING/data_engineering_project/batch-etl-pyspark/.venv/lib/python3.12/site-packages/airflow/example_dags/example_xcomargs.py took 0.237 seconds
[2025-07-17T18:08:10.971+0000] {processor.py:161} INFO - Started process (PID=4003) to work on /mnt/c/Users/Shivam Gupta/OneDrive/Documents/Shivam_Developement/DATA_ENGINEERING/data_engineering_project/batch-etl-pyspark/.venv/lib/python3.12/site-packages/airflow/example_dags/example_xcomargs.py
[2025-07-17T18:08:10.976+0000] {processor.py:830} INFO - Processing file /mnt/c/Users/Shivam Gupta/OneDrive/Documents/Shivam_Developement/DATA_ENGINEERING/data_engineering_project/batch-etl-pyspark/.venv/lib/python3.12/site-packages/airflow/example_dags/example_xcomargs.py for tasks to queue
[2025-07-17T18:08:10.980+0000] {logging_mixin.py:188} INFO - [2025-07-17T18:08:10.979+0000] {dagbag.py:545} INFO - Filling up the DagBag from /mnt/c/Users/Shivam Gupta/OneDrive/Documents/Shivam_Developement/DATA_ENGINEERING/data_engineering_project/batch-etl-pyspark/.venv/lib/python3.12/site-packages/airflow/example_dags/example_xcomargs.py
[2025-07-17T18:08:11.014+0000] {processor.py:840} INFO - DAG(s) 'example_xcom_args_with_operators', 'example_xcom_args' retrieved from /mnt/c/Users/Shivam Gupta/OneDrive/Documents/Shivam_Developement/DATA_ENGINEERING/data_engineering_project/batch-etl-pyspark/.venv/lib/python3.12/site-packages/airflow/example_dags/example_xcomargs.py
[2025-07-17T18:08:11.089+0000] {logging_mixin.py:188} INFO - [2025-07-17T18:08:11.087+0000] {dag.py:3096} INFO - Sync 2 DAGs
[2025-07-17T18:08:11.110+0000] {logging_mixin.py:188} INFO - [2025-07-17T18:08:11.108+0000] {dag.py:3954} INFO - Setting next_dagrun for example_xcom_args to None, run_after=None
[2025-07-17T18:08:11.118+0000] {logging_mixin.py:188} INFO - [2025-07-17T18:08:11.117+0000] {dag.py:3954} INFO - Setting next_dagrun for example_xcom_args_with_operators to None, run_after=None
[2025-07-17T18:08:11.282+0000] {processor.py:183} INFO - Processing /mnt/c/Users/Shivam Gupta/OneDrive/Documents/Shivam_Developement/DATA_ENGINEERING/data_engineering_project/batch-etl-pyspark/.venv/lib/python3.12/site-packages/airflow/example_dags/example_xcomargs.py took 0.332 seconds
[2025-07-17T18:09:15.670+0000] {processor.py:161} INFO - Started process (PID=4053) to work on /mnt/c/Users/Shivam Gupta/OneDrive/Documents/Shivam_Developement/DATA_ENGINEERING/data_engineering_project/batch-etl-pyspark/.venv/lib/python3.12/site-packages/airflow/example_dags/example_xcomargs.py
[2025-07-17T18:09:15.673+0000] {processor.py:830} INFO - Processing file /mnt/c/Users/Shivam Gupta/OneDrive/Documents/Shivam_Developement/DATA_ENGINEERING/data_engineering_project/batch-etl-pyspark/.venv/lib/python3.12/site-packages/airflow/example_dags/example_xcomargs.py for tasks to queue
[2025-07-17T18:09:15.676+0000] {logging_mixin.py:188} INFO - [2025-07-17T18:09:15.675+0000] {dagbag.py:545} INFO - Filling up the DagBag from /mnt/c/Users/Shivam Gupta/OneDrive/Documents/Shivam_Developement/DATA_ENGINEERING/data_engineering_project/batch-etl-pyspark/.venv/lib/python3.12/site-packages/airflow/example_dags/example_xcomargs.py
[2025-07-17T18:09:15.723+0000] {processor.py:840} INFO - DAG(s) 'example_xcom_args', 'example_xcom_args_with_operators' retrieved from /mnt/c/Users/Shivam Gupta/OneDrive/Documents/Shivam_Developement/DATA_ENGINEERING/data_engineering_project/batch-etl-pyspark/.venv/lib/python3.12/site-packages/airflow/example_dags/example_xcomargs.py
[2025-07-17T18:09:15.808+0000] {logging_mixin.py:188} INFO - [2025-07-17T18:09:15.805+0000] {dag.py:3096} INFO - Sync 2 DAGs
[2025-07-17T18:09:15.834+0000] {logging_mixin.py:188} INFO - [2025-07-17T18:09:15.831+0000] {dag.py:3954} INFO - Setting next_dagrun for example_xcom_args to None, run_after=None
[2025-07-17T18:09:15.847+0000] {logging_mixin.py:188} INFO - [2025-07-17T18:09:15.845+0000] {dag.py:3954} INFO - Setting next_dagrun for example_xcom_args_with_operators to None, run_after=None
[2025-07-17T18:09:15.970+0000] {processor.py:183} INFO - Processing /mnt/c/Users/Shivam Gupta/OneDrive/Documents/Shivam_Developement/DATA_ENGINEERING/data_engineering_project/batch-etl-pyspark/.venv/lib/python3.12/site-packages/airflow/example_dags/example_xcomargs.py took 0.322 seconds
[2025-07-17T18:10:19.168+0000] {processor.py:161} INFO - Started process (PID=4107) to work on /mnt/c/Users/Shivam Gupta/OneDrive/Documents/Shivam_Developement/DATA_ENGINEERING/data_engineering_project/batch-etl-pyspark/.venv/lib/python3.12/site-packages/airflow/example_dags/example_xcomargs.py
[2025-07-17T18:10:19.170+0000] {processor.py:830} INFO - Processing file /mnt/c/Users/Shivam Gupta/OneDrive/Documents/Shivam_Developement/DATA_ENGINEERING/data_engineering_project/batch-etl-pyspark/.venv/lib/python3.12/site-packages/airflow/example_dags/example_xcomargs.py for tasks to queue
[2025-07-17T18:10:19.172+0000] {logging_mixin.py:188} INFO - [2025-07-17T18:10:19.171+0000] {dagbag.py:545} INFO - Filling up the DagBag from /mnt/c/Users/Shivam Gupta/OneDrive/Documents/Shivam_Developement/DATA_ENGINEERING/data_engineering_project/batch-etl-pyspark/.venv/lib/python3.12/site-packages/airflow/example_dags/example_xcomargs.py
[2025-07-17T18:10:19.239+0000] {processor.py:840} INFO - DAG(s) 'example_xcom_args', 'example_xcom_args_with_operators' retrieved from /mnt/c/Users/Shivam Gupta/OneDrive/Documents/Shivam_Developement/DATA_ENGINEERING/data_engineering_project/batch-etl-pyspark/.venv/lib/python3.12/site-packages/airflow/example_dags/example_xcomargs.py
[2025-07-17T18:10:19.403+0000] {logging_mixin.py:188} INFO - [2025-07-17T18:10:19.396+0000] {dag.py:3096} INFO - Sync 2 DAGs
[2025-07-17T18:10:19.445+0000] {logging_mixin.py:188} INFO - [2025-07-17T18:10:19.439+0000] {dag.py:3954} INFO - Setting next_dagrun for example_xcom_args to None, run_after=None
[2025-07-17T18:10:19.458+0000] {logging_mixin.py:188} INFO - [2025-07-17T18:10:19.457+0000] {dag.py:3954} INFO - Setting next_dagrun for example_xcom_args_with_operators to None, run_after=None
[2025-07-17T18:10:19.561+0000] {processor.py:183} INFO - Processing /mnt/c/Users/Shivam Gupta/OneDrive/Documents/Shivam_Developement/DATA_ENGINEERING/data_engineering_project/batch-etl-pyspark/.venv/lib/python3.12/site-packages/airflow/example_dags/example_xcomargs.py took 0.405 seconds
[2025-07-17T18:11:22.943+0000] {processor.py:161} INFO - Started process (PID=4156) to work on /mnt/c/Users/Shivam Gupta/OneDrive/Documents/Shivam_Developement/DATA_ENGINEERING/data_engineering_project/batch-etl-pyspark/.venv/lib/python3.12/site-packages/airflow/example_dags/example_xcomargs.py
[2025-07-17T18:11:22.944+0000] {processor.py:830} INFO - Processing file /mnt/c/Users/Shivam Gupta/OneDrive/Documents/Shivam_Developement/DATA_ENGINEERING/data_engineering_project/batch-etl-pyspark/.venv/lib/python3.12/site-packages/airflow/example_dags/example_xcomargs.py for tasks to queue
[2025-07-17T18:11:22.946+0000] {logging_mixin.py:188} INFO - [2025-07-17T18:11:22.945+0000] {dagbag.py:545} INFO - Filling up the DagBag from /mnt/c/Users/Shivam Gupta/OneDrive/Documents/Shivam_Developement/DATA_ENGINEERING/data_engineering_project/batch-etl-pyspark/.venv/lib/python3.12/site-packages/airflow/example_dags/example_xcomargs.py
[2025-07-17T18:11:22.968+0000] {processor.py:840} INFO - DAG(s) 'example_xcom_args_with_operators', 'example_xcom_args' retrieved from /mnt/c/Users/Shivam Gupta/OneDrive/Documents/Shivam_Developement/DATA_ENGINEERING/data_engineering_project/batch-etl-pyspark/.venv/lib/python3.12/site-packages/airflow/example_dags/example_xcomargs.py
[2025-07-17T18:11:23.003+0000] {logging_mixin.py:188} INFO - [2025-07-17T18:11:23.001+0000] {dag.py:3096} INFO - Sync 2 DAGs
[2025-07-17T18:11:23.016+0000] {logging_mixin.py:188} INFO - [2025-07-17T18:11:23.015+0000] {dag.py:3954} INFO - Setting next_dagrun for example_xcom_args to None, run_after=None
[2025-07-17T18:11:23.020+0000] {logging_mixin.py:188} INFO - [2025-07-17T18:11:23.020+0000] {dag.py:3954} INFO - Setting next_dagrun for example_xcom_args_with_operators to None, run_after=None
[2025-07-17T18:11:23.157+0000] {processor.py:183} INFO - Processing /mnt/c/Users/Shivam Gupta/OneDrive/Documents/Shivam_Developement/DATA_ENGINEERING/data_engineering_project/batch-etl-pyspark/.venv/lib/python3.12/site-packages/airflow/example_dags/example_xcomargs.py took 0.228 seconds
[2025-07-17T18:12:27.956+0000] {processor.py:161} INFO - Started process (PID=4210) to work on /mnt/c/Users/Shivam Gupta/OneDrive/Documents/Shivam_Developement/DATA_ENGINEERING/data_engineering_project/batch-etl-pyspark/.venv/lib/python3.12/site-packages/airflow/example_dags/example_xcomargs.py
[2025-07-17T18:12:27.958+0000] {processor.py:830} INFO - Processing file /mnt/c/Users/Shivam Gupta/OneDrive/Documents/Shivam_Developement/DATA_ENGINEERING/data_engineering_project/batch-etl-pyspark/.venv/lib/python3.12/site-packages/airflow/example_dags/example_xcomargs.py for tasks to queue
[2025-07-17T18:12:27.961+0000] {logging_mixin.py:188} INFO - [2025-07-17T18:12:27.960+0000] {dagbag.py:545} INFO - Filling up the DagBag from /mnt/c/Users/Shivam Gupta/OneDrive/Documents/Shivam_Developement/DATA_ENGINEERING/data_engineering_project/batch-etl-pyspark/.venv/lib/python3.12/site-packages/airflow/example_dags/example_xcomargs.py
[2025-07-17T18:12:28.031+0000] {processor.py:840} INFO - DAG(s) 'example_xcom_args', 'example_xcom_args_with_operators' retrieved from /mnt/c/Users/Shivam Gupta/OneDrive/Documents/Shivam_Developement/DATA_ENGINEERING/data_engineering_project/batch-etl-pyspark/.venv/lib/python3.12/site-packages/airflow/example_dags/example_xcomargs.py
[2025-07-17T18:12:28.105+0000] {logging_mixin.py:188} INFO - [2025-07-17T18:12:28.102+0000] {dag.py:3096} INFO - Sync 2 DAGs
[2025-07-17T18:12:28.135+0000] {logging_mixin.py:188} INFO - [2025-07-17T18:12:28.132+0000] {dag.py:3954} INFO - Setting next_dagrun for example_xcom_args to None, run_after=None
[2025-07-17T18:12:28.151+0000] {logging_mixin.py:188} INFO - [2025-07-17T18:12:28.149+0000] {dag.py:3954} INFO - Setting next_dagrun for example_xcom_args_with_operators to None, run_after=None
[2025-07-17T18:12:28.263+0000] {processor.py:183} INFO - Processing /mnt/c/Users/Shivam Gupta/OneDrive/Documents/Shivam_Developement/DATA_ENGINEERING/data_engineering_project/batch-etl-pyspark/.venv/lib/python3.12/site-packages/airflow/example_dags/example_xcomargs.py took 0.325 seconds
[2025-07-17T18:13:32.321+0000] {processor.py:161} INFO - Started process (PID=4262) to work on /mnt/c/Users/Shivam Gupta/OneDrive/Documents/Shivam_Developement/DATA_ENGINEERING/data_engineering_project/batch-etl-pyspark/.venv/lib/python3.12/site-packages/airflow/example_dags/example_xcomargs.py
[2025-07-17T18:13:32.325+0000] {processor.py:830} INFO - Processing file /mnt/c/Users/Shivam Gupta/OneDrive/Documents/Shivam_Developement/DATA_ENGINEERING/data_engineering_project/batch-etl-pyspark/.venv/lib/python3.12/site-packages/airflow/example_dags/example_xcomargs.py for tasks to queue
[2025-07-17T18:13:32.330+0000] {logging_mixin.py:188} INFO - [2025-07-17T18:13:32.328+0000] {dagbag.py:545} INFO - Filling up the DagBag from /mnt/c/Users/Shivam Gupta/OneDrive/Documents/Shivam_Developement/DATA_ENGINEERING/data_engineering_project/batch-etl-pyspark/.venv/lib/python3.12/site-packages/airflow/example_dags/example_xcomargs.py
[2025-07-17T18:13:32.376+0000] {processor.py:840} INFO - DAG(s) 'example_xcom_args_with_operators', 'example_xcom_args' retrieved from /mnt/c/Users/Shivam Gupta/OneDrive/Documents/Shivam_Developement/DATA_ENGINEERING/data_engineering_project/batch-etl-pyspark/.venv/lib/python3.12/site-packages/airflow/example_dags/example_xcomargs.py
[2025-07-17T18:13:32.436+0000] {logging_mixin.py:188} INFO - [2025-07-17T18:13:32.434+0000] {dag.py:3096} INFO - Sync 2 DAGs
[2025-07-17T18:13:32.460+0000] {logging_mixin.py:188} INFO - [2025-07-17T18:13:32.457+0000] {dag.py:3954} INFO - Setting next_dagrun for example_xcom_args to None, run_after=None
[2025-07-17T18:13:32.473+0000] {logging_mixin.py:188} INFO - [2025-07-17T18:13:32.471+0000] {dag.py:3954} INFO - Setting next_dagrun for example_xcom_args_with_operators to None, run_after=None
[2025-07-17T18:13:32.593+0000] {processor.py:183} INFO - Processing /mnt/c/Users/Shivam Gupta/OneDrive/Documents/Shivam_Developement/DATA_ENGINEERING/data_engineering_project/batch-etl-pyspark/.venv/lib/python3.12/site-packages/airflow/example_dags/example_xcomargs.py took 0.297 seconds
