[2025-07-17T17:14:02.645+0000] {processor.py:161} INFO - Started process (PID=1944) to work on /mnt/c/Users/Shivam Gupta/OneDrive/Documents/Shivam_Developement/DATA_ENGINEERING/data_engineering_project/batch-etl-pyspark/.venv/lib/python3.12/site-packages/airflow/example_dags/example_sensors.py
[2025-07-17T17:14:02.647+0000] {processor.py:830} INFO - Processing file /mnt/c/Users/Shivam Gupta/OneDrive/Documents/Shivam_Developement/DATA_ENGINEERING/data_engineering_project/batch-etl-pyspark/.venv/lib/python3.12/site-packages/airflow/example_dags/example_sensors.py for tasks to queue
[2025-07-17T17:14:02.651+0000] {logging_mixin.py:188} INFO - [2025-07-17T17:14:02.649+0000] {dagbag.py:545} INFO - Filling up the DagBag from /mnt/c/Users/Shivam Gupta/OneDrive/Documents/Shivam_Developement/DATA_ENGINEERING/data_engineering_project/batch-etl-pyspark/.venv/lib/python3.12/site-packages/airflow/example_dags/example_sensors.py
[2025-07-17T17:14:02.705+0000] {processor.py:840} INFO - DAG(s) 'example_sensors' retrieved from /mnt/c/Users/Shivam Gupta/OneDrive/Documents/Shivam_Developement/DATA_ENGINEERING/data_engineering_project/batch-etl-pyspark/.venv/lib/python3.12/site-packages/airflow/example_dags/example_sensors.py
[2025-07-17T17:14:08.534+0000] {logging_mixin.py:188} INFO - [2025-07-17T17:14:08.527+0000] {dag.py:3096} INFO - Sync 1 DAGs
[2025-07-17T17:14:08.642+0000] {logging_mixin.py:188} INFO - [2025-07-17T17:14:08.639+0000] {dag.py:3954} INFO - Setting next_dagrun for example_sensors to None, run_after=None
[2025-07-17T17:14:08.936+0000] {processor.py:183} INFO - Processing /mnt/c/Users/Shivam Gupta/OneDrive/Documents/Shivam_Developement/DATA_ENGINEERING/data_engineering_project/batch-etl-pyspark/.venv/lib/python3.12/site-packages/airflow/example_dags/example_sensors.py took 6.308 seconds
[2025-07-17T17:19:02.087+0000] {processor.py:161} INFO - Started process (PID=2032) to work on /mnt/c/Users/Shivam Gupta/OneDrive/Documents/Shivam_Developement/DATA_ENGINEERING/data_engineering_project/batch-etl-pyspark/.venv/lib/python3.12/site-packages/airflow/example_dags/example_sensors.py
[2025-07-17T17:19:02.090+0000] {processor.py:830} INFO - Processing file /mnt/c/Users/Shivam Gupta/OneDrive/Documents/Shivam_Developement/DATA_ENGINEERING/data_engineering_project/batch-etl-pyspark/.venv/lib/python3.12/site-packages/airflow/example_dags/example_sensors.py for tasks to queue
[2025-07-17T17:19:02.097+0000] {logging_mixin.py:188} INFO - [2025-07-17T17:19:02.094+0000] {dagbag.py:545} INFO - Filling up the DagBag from /mnt/c/Users/Shivam Gupta/OneDrive/Documents/Shivam_Developement/DATA_ENGINEERING/data_engineering_project/batch-etl-pyspark/.venv/lib/python3.12/site-packages/airflow/example_dags/example_sensors.py
[2025-07-17T17:19:02.367+0000] {processor.py:840} INFO - DAG(s) 'example_sensors' retrieved from /mnt/c/Users/Shivam Gupta/OneDrive/Documents/Shivam_Developement/DATA_ENGINEERING/data_engineering_project/batch-etl-pyspark/.venv/lib/python3.12/site-packages/airflow/example_dags/example_sensors.py
[2025-07-17T17:19:02.641+0000] {logging_mixin.py:188} INFO - [2025-07-17T17:19:02.639+0000] {dag.py:3096} INFO - Sync 1 DAGs
[2025-07-17T17:19:02.710+0000] {logging_mixin.py:188} INFO - [2025-07-17T17:19:02.702+0000] {dag.py:3954} INFO - Setting next_dagrun for example_sensors to None, run_after=None
[2025-07-17T17:19:03.497+0000] {processor.py:183} INFO - Processing /mnt/c/Users/Shivam Gupta/OneDrive/Documents/Shivam_Developement/DATA_ENGINEERING/data_engineering_project/batch-etl-pyspark/.venv/lib/python3.12/site-packages/airflow/example_dags/example_sensors.py took 1.530 seconds
[2025-07-17T17:21:26.710+0000] {processor.py:161} INFO - Started process (PID=2103) to work on /mnt/c/Users/Shivam Gupta/OneDrive/Documents/Shivam_Developement/DATA_ENGINEERING/data_engineering_project/batch-etl-pyspark/.venv/lib/python3.12/site-packages/airflow/example_dags/example_sensors.py
[2025-07-17T17:21:26.715+0000] {processor.py:830} INFO - Processing file /mnt/c/Users/Shivam Gupta/OneDrive/Documents/Shivam_Developement/DATA_ENGINEERING/data_engineering_project/batch-etl-pyspark/.venv/lib/python3.12/site-packages/airflow/example_dags/example_sensors.py for tasks to queue
[2025-07-17T17:21:26.724+0000] {logging_mixin.py:188} INFO - [2025-07-17T17:21:26.721+0000] {dagbag.py:545} INFO - Filling up the DagBag from /mnt/c/Users/Shivam Gupta/OneDrive/Documents/Shivam_Developement/DATA_ENGINEERING/data_engineering_project/batch-etl-pyspark/.venv/lib/python3.12/site-packages/airflow/example_dags/example_sensors.py
[2025-07-17T17:21:26.784+0000] {processor.py:840} INFO - DAG(s) 'example_sensors' retrieved from /mnt/c/Users/Shivam Gupta/OneDrive/Documents/Shivam_Developement/DATA_ENGINEERING/data_engineering_project/batch-etl-pyspark/.venv/lib/python3.12/site-packages/airflow/example_dags/example_sensors.py
[2025-07-17T17:21:27.025+0000] {logging_mixin.py:188} INFO - [2025-07-17T17:21:27.011+0000] {dag.py:3096} INFO - Sync 1 DAGs
[2025-07-17T17:21:27.096+0000] {logging_mixin.py:188} INFO - [2025-07-17T17:21:27.090+0000] {dag.py:3954} INFO - Setting next_dagrun for example_sensors to None, run_after=None
[2025-07-17T17:21:27.527+0000] {processor.py:183} INFO - Processing /mnt/c/Users/Shivam Gupta/OneDrive/Documents/Shivam_Developement/DATA_ENGINEERING/data_engineering_project/batch-etl-pyspark/.venv/lib/python3.12/site-packages/airflow/example_dags/example_sensors.py took 0.846 seconds
[2025-07-17T17:23:16.817+0000] {processor.py:161} INFO - Started process (PID=2183) to work on /mnt/c/Users/Shivam Gupta/OneDrive/Documents/Shivam_Developement/DATA_ENGINEERING/data_engineering_project/batch-etl-pyspark/.venv/lib/python3.12/site-packages/airflow/example_dags/example_sensors.py
[2025-07-17T17:23:16.821+0000] {processor.py:830} INFO - Processing file /mnt/c/Users/Shivam Gupta/OneDrive/Documents/Shivam_Developement/DATA_ENGINEERING/data_engineering_project/batch-etl-pyspark/.venv/lib/python3.12/site-packages/airflow/example_dags/example_sensors.py for tasks to queue
[2025-07-17T17:23:16.827+0000] {logging_mixin.py:188} INFO - [2025-07-17T17:23:16.825+0000] {dagbag.py:545} INFO - Filling up the DagBag from /mnt/c/Users/Shivam Gupta/OneDrive/Documents/Shivam_Developement/DATA_ENGINEERING/data_engineering_project/batch-etl-pyspark/.venv/lib/python3.12/site-packages/airflow/example_dags/example_sensors.py
[2025-07-17T17:23:16.868+0000] {processor.py:840} INFO - DAG(s) 'example_sensors' retrieved from /mnt/c/Users/Shivam Gupta/OneDrive/Documents/Shivam_Developement/DATA_ENGINEERING/data_engineering_project/batch-etl-pyspark/.venv/lib/python3.12/site-packages/airflow/example_dags/example_sensors.py
[2025-07-17T17:23:16.930+0000] {logging_mixin.py:188} INFO - [2025-07-17T17:23:16.927+0000] {dag.py:3096} INFO - Sync 1 DAGs
[2025-07-17T17:23:16.957+0000] {logging_mixin.py:188} INFO - [2025-07-17T17:23:16.954+0000] {dag.py:3954} INFO - Setting next_dagrun for example_sensors to None, run_after=None
[2025-07-17T17:23:17.193+0000] {processor.py:183} INFO - Processing /mnt/c/Users/Shivam Gupta/OneDrive/Documents/Shivam_Developement/DATA_ENGINEERING/data_engineering_project/batch-etl-pyspark/.venv/lib/python3.12/site-packages/airflow/example_dags/example_sensors.py took 0.398 seconds
[2025-07-17T17:25:09.029+0000] {processor.py:161} INFO - Started process (PID=2247) to work on /mnt/c/Users/Shivam Gupta/OneDrive/Documents/Shivam_Developement/DATA_ENGINEERING/data_engineering_project/batch-etl-pyspark/.venv/lib/python3.12/site-packages/airflow/example_dags/example_sensors.py
[2025-07-17T17:25:09.032+0000] {processor.py:830} INFO - Processing file /mnt/c/Users/Shivam Gupta/OneDrive/Documents/Shivam_Developement/DATA_ENGINEERING/data_engineering_project/batch-etl-pyspark/.venv/lib/python3.12/site-packages/airflow/example_dags/example_sensors.py for tasks to queue
[2025-07-17T17:25:09.036+0000] {logging_mixin.py:188} INFO - [2025-07-17T17:25:09.034+0000] {dagbag.py:545} INFO - Filling up the DagBag from /mnt/c/Users/Shivam Gupta/OneDrive/Documents/Shivam_Developement/DATA_ENGINEERING/data_engineering_project/batch-etl-pyspark/.venv/lib/python3.12/site-packages/airflow/example_dags/example_sensors.py
[2025-07-17T17:25:09.083+0000] {processor.py:840} INFO - DAG(s) 'example_sensors' retrieved from /mnt/c/Users/Shivam Gupta/OneDrive/Documents/Shivam_Developement/DATA_ENGINEERING/data_engineering_project/batch-etl-pyspark/.venv/lib/python3.12/site-packages/airflow/example_dags/example_sensors.py
[2025-07-17T17:25:09.153+0000] {logging_mixin.py:188} INFO - [2025-07-17T17:25:09.150+0000] {dag.py:3096} INFO - Sync 1 DAGs
[2025-07-17T17:25:09.177+0000] {logging_mixin.py:188} INFO - [2025-07-17T17:25:09.174+0000] {dag.py:3954} INFO - Setting next_dagrun for example_sensors to None, run_after=None
[2025-07-17T17:25:09.287+0000] {processor.py:183} INFO - Processing /mnt/c/Users/Shivam Gupta/OneDrive/Documents/Shivam_Developement/DATA_ENGINEERING/data_engineering_project/batch-etl-pyspark/.venv/lib/python3.12/site-packages/airflow/example_dags/example_sensors.py took 0.275 seconds
[2025-07-17T17:27:20.570+0000] {processor.py:161} INFO - Started process (PID=2320) to work on /mnt/c/Users/Shivam Gupta/OneDrive/Documents/Shivam_Developement/DATA_ENGINEERING/data_engineering_project/batch-etl-pyspark/.venv/lib/python3.12/site-packages/airflow/example_dags/example_sensors.py
[2025-07-17T17:27:20.576+0000] {processor.py:830} INFO - Processing file /mnt/c/Users/Shivam Gupta/OneDrive/Documents/Shivam_Developement/DATA_ENGINEERING/data_engineering_project/batch-etl-pyspark/.venv/lib/python3.12/site-packages/airflow/example_dags/example_sensors.py for tasks to queue
[2025-07-17T17:27:20.585+0000] {logging_mixin.py:188} INFO - [2025-07-17T17:27:20.581+0000] {dagbag.py:545} INFO - Filling up the DagBag from /mnt/c/Users/Shivam Gupta/OneDrive/Documents/Shivam_Developement/DATA_ENGINEERING/data_engineering_project/batch-etl-pyspark/.venv/lib/python3.12/site-packages/airflow/example_dags/example_sensors.py
[2025-07-17T17:27:20.673+0000] {processor.py:840} INFO - DAG(s) 'example_sensors' retrieved from /mnt/c/Users/Shivam Gupta/OneDrive/Documents/Shivam_Developement/DATA_ENGINEERING/data_engineering_project/batch-etl-pyspark/.venv/lib/python3.12/site-packages/airflow/example_dags/example_sensors.py
[2025-07-17T17:27:20.756+0000] {logging_mixin.py:188} INFO - [2025-07-17T17:27:20.754+0000] {dag.py:3096} INFO - Sync 1 DAGs
[2025-07-17T17:27:20.784+0000] {logging_mixin.py:188} INFO - [2025-07-17T17:27:20.781+0000] {dag.py:3954} INFO - Setting next_dagrun for example_sensors to None, run_after=None
[2025-07-17T17:27:20.957+0000] {processor.py:183} INFO - Processing /mnt/c/Users/Shivam Gupta/OneDrive/Documents/Shivam_Developement/DATA_ENGINEERING/data_engineering_project/batch-etl-pyspark/.venv/lib/python3.12/site-packages/airflow/example_dags/example_sensors.py took 0.430 seconds
[2025-07-17T17:33:06.560+0000] {processor.py:161} INFO - Started process (PID=2487) to work on /mnt/c/Users/Shivam Gupta/OneDrive/Documents/Shivam_Developement/DATA_ENGINEERING/data_engineering_project/batch-etl-pyspark/.venv/lib/python3.12/site-packages/airflow/example_dags/example_sensors.py
[2025-07-17T17:33:06.563+0000] {processor.py:830} INFO - Processing file /mnt/c/Users/Shivam Gupta/OneDrive/Documents/Shivam_Developement/DATA_ENGINEERING/data_engineering_project/batch-etl-pyspark/.venv/lib/python3.12/site-packages/airflow/example_dags/example_sensors.py for tasks to queue
[2025-07-17T17:33:06.566+0000] {logging_mixin.py:188} INFO - [2025-07-17T17:33:06.564+0000] {dagbag.py:545} INFO - Filling up the DagBag from /mnt/c/Users/Shivam Gupta/OneDrive/Documents/Shivam_Developement/DATA_ENGINEERING/data_engineering_project/batch-etl-pyspark/.venv/lib/python3.12/site-packages/airflow/example_dags/example_sensors.py
[2025-07-17T17:33:06.602+0000] {processor.py:840} INFO - DAG(s) 'example_sensors' retrieved from /mnt/c/Users/Shivam Gupta/OneDrive/Documents/Shivam_Developement/DATA_ENGINEERING/data_engineering_project/batch-etl-pyspark/.venv/lib/python3.12/site-packages/airflow/example_dags/example_sensors.py
[2025-07-17T17:33:06.790+0000] {logging_mixin.py:188} INFO - [2025-07-17T17:33:06.788+0000] {dag.py:3096} INFO - Sync 1 DAGs
[2025-07-17T17:33:06.811+0000] {logging_mixin.py:188} INFO - [2025-07-17T17:33:06.809+0000] {dag.py:3954} INFO - Setting next_dagrun for example_sensors to None, run_after=None
[2025-07-17T17:33:06.933+0000] {processor.py:183} INFO - Processing /mnt/c/Users/Shivam Gupta/OneDrive/Documents/Shivam_Developement/DATA_ENGINEERING/data_engineering_project/batch-etl-pyspark/.venv/lib/python3.12/site-packages/airflow/example_dags/example_sensors.py took 0.390 seconds
[2025-07-17T17:35:17.004+0000] {processor.py:161} INFO - Started process (PID=2560) to work on /mnt/c/Users/Shivam Gupta/OneDrive/Documents/Shivam_Developement/DATA_ENGINEERING/data_engineering_project/batch-etl-pyspark/.venv/lib/python3.12/site-packages/airflow/example_dags/example_sensors.py
[2025-07-17T17:35:17.057+0000] {processor.py:830} INFO - Processing file /mnt/c/Users/Shivam Gupta/OneDrive/Documents/Shivam_Developement/DATA_ENGINEERING/data_engineering_project/batch-etl-pyspark/.venv/lib/python3.12/site-packages/airflow/example_dags/example_sensors.py for tasks to queue
[2025-07-17T17:35:17.082+0000] {logging_mixin.py:188} INFO - [2025-07-17T17:35:17.071+0000] {dagbag.py:545} INFO - Filling up the DagBag from /mnt/c/Users/Shivam Gupta/OneDrive/Documents/Shivam_Developement/DATA_ENGINEERING/data_engineering_project/batch-etl-pyspark/.venv/lib/python3.12/site-packages/airflow/example_dags/example_sensors.py
[2025-07-17T17:35:17.190+0000] {processor.py:840} INFO - DAG(s) 'example_sensors' retrieved from /mnt/c/Users/Shivam Gupta/OneDrive/Documents/Shivam_Developement/DATA_ENGINEERING/data_engineering_project/batch-etl-pyspark/.venv/lib/python3.12/site-packages/airflow/example_dags/example_sensors.py
[2025-07-17T17:35:17.266+0000] {logging_mixin.py:188} INFO - [2025-07-17T17:35:17.264+0000] {dag.py:3096} INFO - Sync 1 DAGs
[2025-07-17T17:35:17.297+0000] {logging_mixin.py:188} INFO - [2025-07-17T17:35:17.294+0000] {dag.py:3954} INFO - Setting next_dagrun for example_sensors to None, run_after=None
[2025-07-17T17:35:17.477+0000] {processor.py:183} INFO - Processing /mnt/c/Users/Shivam Gupta/OneDrive/Documents/Shivam_Developement/DATA_ENGINEERING/data_engineering_project/batch-etl-pyspark/.venv/lib/python3.12/site-packages/airflow/example_dags/example_sensors.py took 0.888 seconds
[2025-07-17T17:39:03.971+0000] {processor.py:161} INFO - Started process (PID=2694) to work on /mnt/c/Users/Shivam Gupta/OneDrive/Documents/Shivam_Developement/DATA_ENGINEERING/data_engineering_project/batch-etl-pyspark/.venv/lib/python3.12/site-packages/airflow/example_dags/example_sensors.py
[2025-07-17T17:39:03.975+0000] {processor.py:830} INFO - Processing file /mnt/c/Users/Shivam Gupta/OneDrive/Documents/Shivam_Developement/DATA_ENGINEERING/data_engineering_project/batch-etl-pyspark/.venv/lib/python3.12/site-packages/airflow/example_dags/example_sensors.py for tasks to queue
[2025-07-17T17:39:03.979+0000] {logging_mixin.py:188} INFO - [2025-07-17T17:39:03.977+0000] {dagbag.py:545} INFO - Filling up the DagBag from /mnt/c/Users/Shivam Gupta/OneDrive/Documents/Shivam_Developement/DATA_ENGINEERING/data_engineering_project/batch-etl-pyspark/.venv/lib/python3.12/site-packages/airflow/example_dags/example_sensors.py
[2025-07-17T17:39:04.035+0000] {processor.py:840} INFO - DAG(s) 'example_sensors' retrieved from /mnt/c/Users/Shivam Gupta/OneDrive/Documents/Shivam_Developement/DATA_ENGINEERING/data_engineering_project/batch-etl-pyspark/.venv/lib/python3.12/site-packages/airflow/example_dags/example_sensors.py
[2025-07-17T17:39:04.252+0000] {logging_mixin.py:188} INFO - [2025-07-17T17:39:04.251+0000] {dag.py:3096} INFO - Sync 1 DAGs
[2025-07-17T17:39:04.318+0000] {logging_mixin.py:188} INFO - [2025-07-17T17:39:04.299+0000] {dag.py:3954} INFO - Setting next_dagrun for example_sensors to None, run_after=None
[2025-07-17T17:39:04.454+0000] {processor.py:183} INFO - Processing /mnt/c/Users/Shivam Gupta/OneDrive/Documents/Shivam_Developement/DATA_ENGINEERING/data_engineering_project/batch-etl-pyspark/.venv/lib/python3.12/site-packages/airflow/example_dags/example_sensors.py took 0.509 seconds
[2025-07-17T17:42:27.475+0000] {processor.py:161} INFO - Started process (PID=2812) to work on /mnt/c/Users/Shivam Gupta/OneDrive/Documents/Shivam_Developement/DATA_ENGINEERING/data_engineering_project/batch-etl-pyspark/.venv/lib/python3.12/site-packages/airflow/example_dags/example_sensors.py
[2025-07-17T17:42:27.515+0000] {processor.py:830} INFO - Processing file /mnt/c/Users/Shivam Gupta/OneDrive/Documents/Shivam_Developement/DATA_ENGINEERING/data_engineering_project/batch-etl-pyspark/.venv/lib/python3.12/site-packages/airflow/example_dags/example_sensors.py for tasks to queue
[2025-07-17T17:42:27.520+0000] {logging_mixin.py:188} INFO - [2025-07-17T17:42:27.518+0000] {dagbag.py:545} INFO - Filling up the DagBag from /mnt/c/Users/Shivam Gupta/OneDrive/Documents/Shivam_Developement/DATA_ENGINEERING/data_engineering_project/batch-etl-pyspark/.venv/lib/python3.12/site-packages/airflow/example_dags/example_sensors.py
[2025-07-17T17:42:27.564+0000] {processor.py:840} INFO - DAG(s) 'example_sensors' retrieved from /mnt/c/Users/Shivam Gupta/OneDrive/Documents/Shivam_Developement/DATA_ENGINEERING/data_engineering_project/batch-etl-pyspark/.venv/lib/python3.12/site-packages/airflow/example_dags/example_sensors.py
[2025-07-17T17:42:27.610+0000] {logging_mixin.py:188} INFO - [2025-07-17T17:42:27.609+0000] {dag.py:3096} INFO - Sync 1 DAGs
[2025-07-17T17:42:27.628+0000] {logging_mixin.py:188} INFO - [2025-07-17T17:42:27.627+0000] {dag.py:3954} INFO - Setting next_dagrun for example_sensors to None, run_after=None
[2025-07-17T17:42:27.711+0000] {processor.py:183} INFO - Processing /mnt/c/Users/Shivam Gupta/OneDrive/Documents/Shivam_Developement/DATA_ENGINEERING/data_engineering_project/batch-etl-pyspark/.venv/lib/python3.12/site-packages/airflow/example_dags/example_sensors.py took 0.265 seconds
[2025-07-17T17:46:06.264+0000] {processor.py:161} INFO - Started process (PID=2926) to work on /mnt/c/Users/Shivam Gupta/OneDrive/Documents/Shivam_Developement/DATA_ENGINEERING/data_engineering_project/batch-etl-pyspark/.venv/lib/python3.12/site-packages/airflow/example_dags/example_sensors.py
[2025-07-17T17:46:06.266+0000] {processor.py:830} INFO - Processing file /mnt/c/Users/Shivam Gupta/OneDrive/Documents/Shivam_Developement/DATA_ENGINEERING/data_engineering_project/batch-etl-pyspark/.venv/lib/python3.12/site-packages/airflow/example_dags/example_sensors.py for tasks to queue
[2025-07-17T17:46:06.284+0000] {logging_mixin.py:188} INFO - [2025-07-17T17:46:06.268+0000] {dagbag.py:545} INFO - Filling up the DagBag from /mnt/c/Users/Shivam Gupta/OneDrive/Documents/Shivam_Developement/DATA_ENGINEERING/data_engineering_project/batch-etl-pyspark/.venv/lib/python3.12/site-packages/airflow/example_dags/example_sensors.py
[2025-07-17T17:46:06.449+0000] {processor.py:840} INFO - DAG(s) 'example_sensors' retrieved from /mnt/c/Users/Shivam Gupta/OneDrive/Documents/Shivam_Developement/DATA_ENGINEERING/data_engineering_project/batch-etl-pyspark/.venv/lib/python3.12/site-packages/airflow/example_dags/example_sensors.py
[2025-07-17T17:46:06.648+0000] {logging_mixin.py:188} INFO - [2025-07-17T17:46:06.645+0000] {dag.py:3096} INFO - Sync 1 DAGs
[2025-07-17T17:46:06.676+0000] {logging_mixin.py:188} INFO - [2025-07-17T17:46:06.674+0000] {dag.py:3954} INFO - Setting next_dagrun for example_sensors to None, run_after=None
[2025-07-17T17:46:06.924+0000] {processor.py:183} INFO - Processing /mnt/c/Users/Shivam Gupta/OneDrive/Documents/Shivam_Developement/DATA_ENGINEERING/data_engineering_project/batch-etl-pyspark/.venv/lib/python3.12/site-packages/airflow/example_dags/example_sensors.py took 0.676 seconds
[2025-07-17T17:47:32.822+0000] {processor.py:161} INFO - Started process (PID=2987) to work on /mnt/c/Users/Shivam Gupta/OneDrive/Documents/Shivam_Developement/DATA_ENGINEERING/data_engineering_project/batch-etl-pyspark/.venv/lib/python3.12/site-packages/airflow/example_dags/example_sensors.py
[2025-07-17T17:47:32.825+0000] {processor.py:830} INFO - Processing file /mnt/c/Users/Shivam Gupta/OneDrive/Documents/Shivam_Developement/DATA_ENGINEERING/data_engineering_project/batch-etl-pyspark/.venv/lib/python3.12/site-packages/airflow/example_dags/example_sensors.py for tasks to queue
[2025-07-17T17:47:32.828+0000] {logging_mixin.py:188} INFO - [2025-07-17T17:47:32.827+0000] {dagbag.py:545} INFO - Filling up the DagBag from /mnt/c/Users/Shivam Gupta/OneDrive/Documents/Shivam_Developement/DATA_ENGINEERING/data_engineering_project/batch-etl-pyspark/.venv/lib/python3.12/site-packages/airflow/example_dags/example_sensors.py
[2025-07-17T17:47:32.864+0000] {processor.py:840} INFO - DAG(s) 'example_sensors' retrieved from /mnt/c/Users/Shivam Gupta/OneDrive/Documents/Shivam_Developement/DATA_ENGINEERING/data_engineering_project/batch-etl-pyspark/.venv/lib/python3.12/site-packages/airflow/example_dags/example_sensors.py
[2025-07-17T17:47:32.908+0000] {logging_mixin.py:188} INFO - [2025-07-17T17:47:32.907+0000] {dag.py:3096} INFO - Sync 1 DAGs
[2025-07-17T17:47:32.924+0000] {logging_mixin.py:188} INFO - [2025-07-17T17:47:32.922+0000] {dag.py:3954} INFO - Setting next_dagrun for example_sensors to None, run_after=None
[2025-07-17T17:47:33.027+0000] {processor.py:183} INFO - Processing /mnt/c/Users/Shivam Gupta/OneDrive/Documents/Shivam_Developement/DATA_ENGINEERING/data_engineering_project/batch-etl-pyspark/.venv/lib/python3.12/site-packages/airflow/example_dags/example_sensors.py took 0.223 seconds
[2025-07-17T17:49:33.295+0000] {processor.py:161} INFO - Started process (PID=3087) to work on /mnt/c/Users/Shivam Gupta/OneDrive/Documents/Shivam_Developement/DATA_ENGINEERING/data_engineering_project/batch-etl-pyspark/.venv/lib/python3.12/site-packages/airflow/example_dags/example_sensors.py
[2025-07-17T17:49:33.297+0000] {processor.py:830} INFO - Processing file /mnt/c/Users/Shivam Gupta/OneDrive/Documents/Shivam_Developement/DATA_ENGINEERING/data_engineering_project/batch-etl-pyspark/.venv/lib/python3.12/site-packages/airflow/example_dags/example_sensors.py for tasks to queue
[2025-07-17T17:49:33.301+0000] {logging_mixin.py:188} INFO - [2025-07-17T17:49:33.299+0000] {dagbag.py:545} INFO - Filling up the DagBag from /mnt/c/Users/Shivam Gupta/OneDrive/Documents/Shivam_Developement/DATA_ENGINEERING/data_engineering_project/batch-etl-pyspark/.venv/lib/python3.12/site-packages/airflow/example_dags/example_sensors.py
[2025-07-17T17:49:33.339+0000] {processor.py:840} INFO - DAG(s) 'example_sensors' retrieved from /mnt/c/Users/Shivam Gupta/OneDrive/Documents/Shivam_Developement/DATA_ENGINEERING/data_engineering_project/batch-etl-pyspark/.venv/lib/python3.12/site-packages/airflow/example_dags/example_sensors.py
[2025-07-17T17:49:33.388+0000] {logging_mixin.py:188} INFO - [2025-07-17T17:49:33.386+0000] {dag.py:3096} INFO - Sync 1 DAGs
[2025-07-17T17:49:33.402+0000] {logging_mixin.py:188} INFO - [2025-07-17T17:49:33.400+0000] {dag.py:3954} INFO - Setting next_dagrun for example_sensors to None, run_after=None
[2025-07-17T17:49:33.492+0000] {processor.py:183} INFO - Processing /mnt/c/Users/Shivam Gupta/OneDrive/Documents/Shivam_Developement/DATA_ENGINEERING/data_engineering_project/batch-etl-pyspark/.venv/lib/python3.12/site-packages/airflow/example_dags/example_sensors.py took 0.214 seconds
[2025-07-17T17:51:36.368+0000] {processor.py:161} INFO - Started process (PID=3190) to work on /mnt/c/Users/Shivam Gupta/OneDrive/Documents/Shivam_Developement/DATA_ENGINEERING/data_engineering_project/batch-etl-pyspark/.venv/lib/python3.12/site-packages/airflow/example_dags/example_sensors.py
[2025-07-17T17:51:36.370+0000] {processor.py:830} INFO - Processing file /mnt/c/Users/Shivam Gupta/OneDrive/Documents/Shivam_Developement/DATA_ENGINEERING/data_engineering_project/batch-etl-pyspark/.venv/lib/python3.12/site-packages/airflow/example_dags/example_sensors.py for tasks to queue
[2025-07-17T17:51:36.373+0000] {logging_mixin.py:188} INFO - [2025-07-17T17:51:36.372+0000] {dagbag.py:545} INFO - Filling up the DagBag from /mnt/c/Users/Shivam Gupta/OneDrive/Documents/Shivam_Developement/DATA_ENGINEERING/data_engineering_project/batch-etl-pyspark/.venv/lib/python3.12/site-packages/airflow/example_dags/example_sensors.py
[2025-07-17T17:51:36.410+0000] {processor.py:840} INFO - DAG(s) 'example_sensors' retrieved from /mnt/c/Users/Shivam Gupta/OneDrive/Documents/Shivam_Developement/DATA_ENGINEERING/data_engineering_project/batch-etl-pyspark/.venv/lib/python3.12/site-packages/airflow/example_dags/example_sensors.py
[2025-07-17T17:51:36.459+0000] {logging_mixin.py:188} INFO - [2025-07-17T17:51:36.458+0000] {dag.py:3096} INFO - Sync 1 DAGs
[2025-07-17T17:51:36.477+0000] {logging_mixin.py:188} INFO - [2025-07-17T17:51:36.475+0000] {dag.py:3954} INFO - Setting next_dagrun for example_sensors to None, run_after=None
[2025-07-17T17:51:36.584+0000] {processor.py:183} INFO - Processing /mnt/c/Users/Shivam Gupta/OneDrive/Documents/Shivam_Developement/DATA_ENGINEERING/data_engineering_project/batch-etl-pyspark/.venv/lib/python3.12/site-packages/airflow/example_dags/example_sensors.py took 0.232 seconds
[2025-07-17T17:53:47.460+0000] {processor.py:161} INFO - Started process (PID=3294) to work on /mnt/c/Users/Shivam Gupta/OneDrive/Documents/Shivam_Developement/DATA_ENGINEERING/data_engineering_project/batch-etl-pyspark/.venv/lib/python3.12/site-packages/airflow/example_dags/example_sensors.py
[2025-07-17T17:53:47.461+0000] {processor.py:830} INFO - Processing file /mnt/c/Users/Shivam Gupta/OneDrive/Documents/Shivam_Developement/DATA_ENGINEERING/data_engineering_project/batch-etl-pyspark/.venv/lib/python3.12/site-packages/airflow/example_dags/example_sensors.py for tasks to queue
[2025-07-17T17:53:47.463+0000] {logging_mixin.py:188} INFO - [2025-07-17T17:53:47.463+0000] {dagbag.py:545} INFO - Filling up the DagBag from /mnt/c/Users/Shivam Gupta/OneDrive/Documents/Shivam_Developement/DATA_ENGINEERING/data_engineering_project/batch-etl-pyspark/.venv/lib/python3.12/site-packages/airflow/example_dags/example_sensors.py
[2025-07-17T17:53:47.485+0000] {processor.py:840} INFO - DAG(s) 'example_sensors' retrieved from /mnt/c/Users/Shivam Gupta/OneDrive/Documents/Shivam_Developement/DATA_ENGINEERING/data_engineering_project/batch-etl-pyspark/.venv/lib/python3.12/site-packages/airflow/example_dags/example_sensors.py
[2025-07-17T17:53:47.515+0000] {logging_mixin.py:188} INFO - [2025-07-17T17:53:47.514+0000] {dag.py:3096} INFO - Sync 1 DAGs
[2025-07-17T17:53:47.526+0000] {logging_mixin.py:188} INFO - [2025-07-17T17:53:47.526+0000] {dag.py:3954} INFO - Setting next_dagrun for example_sensors to None, run_after=None
[2025-07-17T17:53:47.698+0000] {processor.py:183} INFO - Processing /mnt/c/Users/Shivam Gupta/OneDrive/Documents/Shivam_Developement/DATA_ENGINEERING/data_engineering_project/batch-etl-pyspark/.venv/lib/python3.12/site-packages/airflow/example_dags/example_sensors.py took 0.250 seconds
[2025-07-17T17:55:50.288+0000] {processor.py:161} INFO - Started process (PID=3397) to work on /mnt/c/Users/Shivam Gupta/OneDrive/Documents/Shivam_Developement/DATA_ENGINEERING/data_engineering_project/batch-etl-pyspark/.venv/lib/python3.12/site-packages/airflow/example_dags/example_sensors.py
[2025-07-17T17:55:50.292+0000] {processor.py:830} INFO - Processing file /mnt/c/Users/Shivam Gupta/OneDrive/Documents/Shivam_Developement/DATA_ENGINEERING/data_engineering_project/batch-etl-pyspark/.venv/lib/python3.12/site-packages/airflow/example_dags/example_sensors.py for tasks to queue
[2025-07-17T17:55:50.296+0000] {logging_mixin.py:188} INFO - [2025-07-17T17:55:50.295+0000] {dagbag.py:545} INFO - Filling up the DagBag from /mnt/c/Users/Shivam Gupta/OneDrive/Documents/Shivam_Developement/DATA_ENGINEERING/data_engineering_project/batch-etl-pyspark/.venv/lib/python3.12/site-packages/airflow/example_dags/example_sensors.py
[2025-07-17T17:55:50.343+0000] {processor.py:840} INFO - DAG(s) 'example_sensors' retrieved from /mnt/c/Users/Shivam Gupta/OneDrive/Documents/Shivam_Developement/DATA_ENGINEERING/data_engineering_project/batch-etl-pyspark/.venv/lib/python3.12/site-packages/airflow/example_dags/example_sensors.py
[2025-07-17T17:55:50.395+0000] {logging_mixin.py:188} INFO - [2025-07-17T17:55:50.393+0000] {dag.py:3096} INFO - Sync 1 DAGs
[2025-07-17T17:55:50.416+0000] {logging_mixin.py:188} INFO - [2025-07-17T17:55:50.414+0000] {dag.py:3954} INFO - Setting next_dagrun for example_sensors to None, run_after=None
[2025-07-17T17:55:50.541+0000] {processor.py:183} INFO - Processing /mnt/c/Users/Shivam Gupta/OneDrive/Documents/Shivam_Developement/DATA_ENGINEERING/data_engineering_project/batch-etl-pyspark/.venv/lib/python3.12/site-packages/airflow/example_dags/example_sensors.py took 0.273 seconds
[2025-07-17T17:57:54.625+0000] {processor.py:161} INFO - Started process (PID=3497) to work on /mnt/c/Users/Shivam Gupta/OneDrive/Documents/Shivam_Developement/DATA_ENGINEERING/data_engineering_project/batch-etl-pyspark/.venv/lib/python3.12/site-packages/airflow/example_dags/example_sensors.py
[2025-07-17T17:57:54.629+0000] {processor.py:830} INFO - Processing file /mnt/c/Users/Shivam Gupta/OneDrive/Documents/Shivam_Developement/DATA_ENGINEERING/data_engineering_project/batch-etl-pyspark/.venv/lib/python3.12/site-packages/airflow/example_dags/example_sensors.py for tasks to queue
[2025-07-17T17:57:54.633+0000] {logging_mixin.py:188} INFO - [2025-07-17T17:57:54.631+0000] {dagbag.py:545} INFO - Filling up the DagBag from /mnt/c/Users/Shivam Gupta/OneDrive/Documents/Shivam_Developement/DATA_ENGINEERING/data_engineering_project/batch-etl-pyspark/.venv/lib/python3.12/site-packages/airflow/example_dags/example_sensors.py
[2025-07-17T17:57:54.671+0000] {processor.py:840} INFO - DAG(s) 'example_sensors' retrieved from /mnt/c/Users/Shivam Gupta/OneDrive/Documents/Shivam_Developement/DATA_ENGINEERING/data_engineering_project/batch-etl-pyspark/.venv/lib/python3.12/site-packages/airflow/example_dags/example_sensors.py
[2025-07-17T17:57:54.719+0000] {logging_mixin.py:188} INFO - [2025-07-17T17:57:54.718+0000] {dag.py:3096} INFO - Sync 1 DAGs
[2025-07-17T17:57:54.785+0000] {logging_mixin.py:188} INFO - [2025-07-17T17:57:54.763+0000] {dag.py:3954} INFO - Setting next_dagrun for example_sensors to None, run_after=None
[2025-07-17T17:57:54.905+0000] {processor.py:183} INFO - Processing /mnt/c/Users/Shivam Gupta/OneDrive/Documents/Shivam_Developement/DATA_ENGINEERING/data_engineering_project/batch-etl-pyspark/.venv/lib/python3.12/site-packages/airflow/example_dags/example_sensors.py took 0.296 seconds
[2025-07-17T18:00:01.927+0000] {processor.py:161} INFO - Started process (PID=3599) to work on /mnt/c/Users/Shivam Gupta/OneDrive/Documents/Shivam_Developement/DATA_ENGINEERING/data_engineering_project/batch-etl-pyspark/.venv/lib/python3.12/site-packages/airflow/example_dags/example_sensors.py
[2025-07-17T18:00:01.936+0000] {processor.py:830} INFO - Processing file /mnt/c/Users/Shivam Gupta/OneDrive/Documents/Shivam_Developement/DATA_ENGINEERING/data_engineering_project/batch-etl-pyspark/.venv/lib/python3.12/site-packages/airflow/example_dags/example_sensors.py for tasks to queue
[2025-07-17T18:00:01.948+0000] {logging_mixin.py:188} INFO - [2025-07-17T18:00:01.943+0000] {dagbag.py:545} INFO - Filling up the DagBag from /mnt/c/Users/Shivam Gupta/OneDrive/Documents/Shivam_Developement/DATA_ENGINEERING/data_engineering_project/batch-etl-pyspark/.venv/lib/python3.12/site-packages/airflow/example_dags/example_sensors.py
[2025-07-17T18:00:02.046+0000] {processor.py:840} INFO - DAG(s) 'example_sensors' retrieved from /mnt/c/Users/Shivam Gupta/OneDrive/Documents/Shivam_Developement/DATA_ENGINEERING/data_engineering_project/batch-etl-pyspark/.venv/lib/python3.12/site-packages/airflow/example_dags/example_sensors.py
[2025-07-17T18:00:02.131+0000] {logging_mixin.py:188} INFO - [2025-07-17T18:00:02.129+0000] {dag.py:3096} INFO - Sync 1 DAGs
[2025-07-17T18:00:02.143+0000] {logging_mixin.py:188} INFO - [2025-07-17T18:00:02.142+0000] {dag.py:3954} INFO - Setting next_dagrun for example_sensors to None, run_after=None
[2025-07-17T18:00:02.294+0000] {processor.py:183} INFO - Processing /mnt/c/Users/Shivam Gupta/OneDrive/Documents/Shivam_Developement/DATA_ENGINEERING/data_engineering_project/batch-etl-pyspark/.venv/lib/python3.12/site-packages/airflow/example_dags/example_sensors.py took 0.393 seconds
[2025-07-17T18:02:08.449+0000] {processor.py:161} INFO - Started process (PID=3706) to work on /mnt/c/Users/Shivam Gupta/OneDrive/Documents/Shivam_Developement/DATA_ENGINEERING/data_engineering_project/batch-etl-pyspark/.venv/lib/python3.12/site-packages/airflow/example_dags/example_sensors.py
[2025-07-17T18:02:08.451+0000] {processor.py:830} INFO - Processing file /mnt/c/Users/Shivam Gupta/OneDrive/Documents/Shivam_Developement/DATA_ENGINEERING/data_engineering_project/batch-etl-pyspark/.venv/lib/python3.12/site-packages/airflow/example_dags/example_sensors.py for tasks to queue
[2025-07-17T18:02:08.453+0000] {logging_mixin.py:188} INFO - [2025-07-17T18:02:08.452+0000] {dagbag.py:545} INFO - Filling up the DagBag from /mnt/c/Users/Shivam Gupta/OneDrive/Documents/Shivam_Developement/DATA_ENGINEERING/data_engineering_project/batch-etl-pyspark/.venv/lib/python3.12/site-packages/airflow/example_dags/example_sensors.py
[2025-07-17T18:02:08.477+0000] {processor.py:840} INFO - DAG(s) 'example_sensors' retrieved from /mnt/c/Users/Shivam Gupta/OneDrive/Documents/Shivam_Developement/DATA_ENGINEERING/data_engineering_project/batch-etl-pyspark/.venv/lib/python3.12/site-packages/airflow/example_dags/example_sensors.py
[2025-07-17T18:02:08.510+0000] {logging_mixin.py:188} INFO - [2025-07-17T18:02:08.509+0000] {dag.py:3096} INFO - Sync 1 DAGs
[2025-07-17T18:02:08.523+0000] {logging_mixin.py:188} INFO - [2025-07-17T18:02:08.522+0000] {dag.py:3954} INFO - Setting next_dagrun for example_sensors to None, run_after=None
[2025-07-17T18:02:08.602+0000] {processor.py:183} INFO - Processing /mnt/c/Users/Shivam Gupta/OneDrive/Documents/Shivam_Developement/DATA_ENGINEERING/data_engineering_project/batch-etl-pyspark/.venv/lib/python3.12/site-packages/airflow/example_dags/example_sensors.py took 0.166 seconds
[2025-07-17T18:04:09.343+0000] {processor.py:161} INFO - Started process (PID=3806) to work on /mnt/c/Users/Shivam Gupta/OneDrive/Documents/Shivam_Developement/DATA_ENGINEERING/data_engineering_project/batch-etl-pyspark/.venv/lib/python3.12/site-packages/airflow/example_dags/example_sensors.py
[2025-07-17T18:04:09.345+0000] {processor.py:830} INFO - Processing file /mnt/c/Users/Shivam Gupta/OneDrive/Documents/Shivam_Developement/DATA_ENGINEERING/data_engineering_project/batch-etl-pyspark/.venv/lib/python3.12/site-packages/airflow/example_dags/example_sensors.py for tasks to queue
[2025-07-17T18:04:09.348+0000] {logging_mixin.py:188} INFO - [2025-07-17T18:04:09.347+0000] {dagbag.py:545} INFO - Filling up the DagBag from /mnt/c/Users/Shivam Gupta/OneDrive/Documents/Shivam_Developement/DATA_ENGINEERING/data_engineering_project/batch-etl-pyspark/.venv/lib/python3.12/site-packages/airflow/example_dags/example_sensors.py
[2025-07-17T18:04:09.399+0000] {processor.py:840} INFO - DAG(s) 'example_sensors' retrieved from /mnt/c/Users/Shivam Gupta/OneDrive/Documents/Shivam_Developement/DATA_ENGINEERING/data_engineering_project/batch-etl-pyspark/.venv/lib/python3.12/site-packages/airflow/example_dags/example_sensors.py
[2025-07-17T18:04:09.446+0000] {logging_mixin.py:188} INFO - [2025-07-17T18:04:09.444+0000] {dag.py:3096} INFO - Sync 1 DAGs
[2025-07-17T18:04:09.476+0000] {logging_mixin.py:188} INFO - [2025-07-17T18:04:09.474+0000] {dag.py:3954} INFO - Setting next_dagrun for example_sensors to None, run_after=None
[2025-07-17T18:04:09.594+0000] {processor.py:183} INFO - Processing /mnt/c/Users/Shivam Gupta/OneDrive/Documents/Shivam_Developement/DATA_ENGINEERING/data_engineering_project/batch-etl-pyspark/.venv/lib/python3.12/site-packages/airflow/example_dags/example_sensors.py took 0.276 seconds
[2025-07-17T18:06:12.080+0000] {processor.py:161} INFO - Started process (PID=3909) to work on /mnt/c/Users/Shivam Gupta/OneDrive/Documents/Shivam_Developement/DATA_ENGINEERING/data_engineering_project/batch-etl-pyspark/.venv/lib/python3.12/site-packages/airflow/example_dags/example_sensors.py
[2025-07-17T18:06:12.083+0000] {processor.py:830} INFO - Processing file /mnt/c/Users/Shivam Gupta/OneDrive/Documents/Shivam_Developement/DATA_ENGINEERING/data_engineering_project/batch-etl-pyspark/.venv/lib/python3.12/site-packages/airflow/example_dags/example_sensors.py for tasks to queue
[2025-07-17T18:06:12.086+0000] {logging_mixin.py:188} INFO - [2025-07-17T18:06:12.085+0000] {dagbag.py:545} INFO - Filling up the DagBag from /mnt/c/Users/Shivam Gupta/OneDrive/Documents/Shivam_Developement/DATA_ENGINEERING/data_engineering_project/batch-etl-pyspark/.venv/lib/python3.12/site-packages/airflow/example_dags/example_sensors.py
[2025-07-17T18:06:12.125+0000] {processor.py:840} INFO - DAG(s) 'example_sensors' retrieved from /mnt/c/Users/Shivam Gupta/OneDrive/Documents/Shivam_Developement/DATA_ENGINEERING/data_engineering_project/batch-etl-pyspark/.venv/lib/python3.12/site-packages/airflow/example_dags/example_sensors.py
[2025-07-17T18:06:12.168+0000] {logging_mixin.py:188} INFO - [2025-07-17T18:06:12.167+0000] {dag.py:3096} INFO - Sync 1 DAGs
[2025-07-17T18:06:12.185+0000] {logging_mixin.py:188} INFO - [2025-07-17T18:06:12.184+0000] {dag.py:3954} INFO - Setting next_dagrun for example_sensors to None, run_after=None
[2025-07-17T18:06:12.309+0000] {processor.py:183} INFO - Processing /mnt/c/Users/Shivam Gupta/OneDrive/Documents/Shivam_Developement/DATA_ENGINEERING/data_engineering_project/batch-etl-pyspark/.venv/lib/python3.12/site-packages/airflow/example_dags/example_sensors.py took 0.247 seconds
[2025-07-17T18:08:20.356+0000] {processor.py:161} INFO - Started process (PID=4010) to work on /mnt/c/Users/Shivam Gupta/OneDrive/Documents/Shivam_Developement/DATA_ENGINEERING/data_engineering_project/batch-etl-pyspark/.venv/lib/python3.12/site-packages/airflow/example_dags/example_sensors.py
[2025-07-17T18:08:20.370+0000] {processor.py:830} INFO - Processing file /mnt/c/Users/Shivam Gupta/OneDrive/Documents/Shivam_Developement/DATA_ENGINEERING/data_engineering_project/batch-etl-pyspark/.venv/lib/python3.12/site-packages/airflow/example_dags/example_sensors.py for tasks to queue
[2025-07-17T18:08:20.392+0000] {logging_mixin.py:188} INFO - [2025-07-17T18:08:20.385+0000] {dagbag.py:545} INFO - Filling up the DagBag from /mnt/c/Users/Shivam Gupta/OneDrive/Documents/Shivam_Developement/DATA_ENGINEERING/data_engineering_project/batch-etl-pyspark/.venv/lib/python3.12/site-packages/airflow/example_dags/example_sensors.py
[2025-07-17T18:08:20.499+0000] {processor.py:840} INFO - DAG(s) 'example_sensors' retrieved from /mnt/c/Users/Shivam Gupta/OneDrive/Documents/Shivam_Developement/DATA_ENGINEERING/data_engineering_project/batch-etl-pyspark/.venv/lib/python3.12/site-packages/airflow/example_dags/example_sensors.py
[2025-07-17T18:08:20.556+0000] {logging_mixin.py:188} INFO - [2025-07-17T18:08:20.554+0000] {dag.py:3096} INFO - Sync 1 DAGs
[2025-07-17T18:08:20.582+0000] {logging_mixin.py:188} INFO - [2025-07-17T18:08:20.580+0000] {dag.py:3954} INFO - Setting next_dagrun for example_sensors to None, run_after=None
[2025-07-17T18:08:20.681+0000] {processor.py:183} INFO - Processing /mnt/c/Users/Shivam Gupta/OneDrive/Documents/Shivam_Developement/DATA_ENGINEERING/data_engineering_project/batch-etl-pyspark/.venv/lib/python3.12/site-packages/airflow/example_dags/example_sensors.py took 0.341 seconds
[2025-07-17T18:10:27.344+0000] {processor.py:161} INFO - Started process (PID=4113) to work on /mnt/c/Users/Shivam Gupta/OneDrive/Documents/Shivam_Developement/DATA_ENGINEERING/data_engineering_project/batch-etl-pyspark/.venv/lib/python3.12/site-packages/airflow/example_dags/example_sensors.py
[2025-07-17T18:10:27.347+0000] {processor.py:830} INFO - Processing file /mnt/c/Users/Shivam Gupta/OneDrive/Documents/Shivam_Developement/DATA_ENGINEERING/data_engineering_project/batch-etl-pyspark/.venv/lib/python3.12/site-packages/airflow/example_dags/example_sensors.py for tasks to queue
[2025-07-17T18:10:27.350+0000] {logging_mixin.py:188} INFO - [2025-07-17T18:10:27.348+0000] {dagbag.py:545} INFO - Filling up the DagBag from /mnt/c/Users/Shivam Gupta/OneDrive/Documents/Shivam_Developement/DATA_ENGINEERING/data_engineering_project/batch-etl-pyspark/.venv/lib/python3.12/site-packages/airflow/example_dags/example_sensors.py
[2025-07-17T18:10:27.387+0000] {processor.py:840} INFO - DAG(s) 'example_sensors' retrieved from /mnt/c/Users/Shivam Gupta/OneDrive/Documents/Shivam_Developement/DATA_ENGINEERING/data_engineering_project/batch-etl-pyspark/.venv/lib/python3.12/site-packages/airflow/example_dags/example_sensors.py
[2025-07-17T18:10:27.430+0000] {logging_mixin.py:188} INFO - [2025-07-17T18:10:27.428+0000] {dag.py:3096} INFO - Sync 1 DAGs
[2025-07-17T18:10:27.448+0000] {logging_mixin.py:188} INFO - [2025-07-17T18:10:27.447+0000] {dag.py:3954} INFO - Setting next_dagrun for example_sensors to None, run_after=None
[2025-07-17T18:10:27.561+0000] {processor.py:183} INFO - Processing /mnt/c/Users/Shivam Gupta/OneDrive/Documents/Shivam_Developement/DATA_ENGINEERING/data_engineering_project/batch-etl-pyspark/.venv/lib/python3.12/site-packages/airflow/example_dags/example_sensors.py took 0.233 seconds
[2025-07-17T18:12:40.907+0000] {processor.py:161} INFO - Started process (PID=4219) to work on /mnt/c/Users/Shivam Gupta/OneDrive/Documents/Shivam_Developement/DATA_ENGINEERING/data_engineering_project/batch-etl-pyspark/.venv/lib/python3.12/site-packages/airflow/example_dags/example_sensors.py
[2025-07-17T18:12:40.909+0000] {processor.py:830} INFO - Processing file /mnt/c/Users/Shivam Gupta/OneDrive/Documents/Shivam_Developement/DATA_ENGINEERING/data_engineering_project/batch-etl-pyspark/.venv/lib/python3.12/site-packages/airflow/example_dags/example_sensors.py for tasks to queue
[2025-07-17T18:12:40.911+0000] {logging_mixin.py:188} INFO - [2025-07-17T18:12:40.910+0000] {dagbag.py:545} INFO - Filling up the DagBag from /mnt/c/Users/Shivam Gupta/OneDrive/Documents/Shivam_Developement/DATA_ENGINEERING/data_engineering_project/batch-etl-pyspark/.venv/lib/python3.12/site-packages/airflow/example_dags/example_sensors.py
[2025-07-17T18:12:40.958+0000] {processor.py:840} INFO - DAG(s) 'example_sensors' retrieved from /mnt/c/Users/Shivam Gupta/OneDrive/Documents/Shivam_Developement/DATA_ENGINEERING/data_engineering_project/batch-etl-pyspark/.venv/lib/python3.12/site-packages/airflow/example_dags/example_sensors.py
[2025-07-17T18:12:41.003+0000] {logging_mixin.py:188} INFO - [2025-07-17T18:12:41.001+0000] {dag.py:3096} INFO - Sync 1 DAGs
[2025-07-17T18:12:41.034+0000] {logging_mixin.py:188} INFO - [2025-07-17T18:12:41.032+0000] {dag.py:3954} INFO - Setting next_dagrun for example_sensors to None, run_after=None
[2025-07-17T18:12:41.130+0000] {processor.py:183} INFO - Processing /mnt/c/Users/Shivam Gupta/OneDrive/Documents/Shivam_Developement/DATA_ENGINEERING/data_engineering_project/batch-etl-pyspark/.venv/lib/python3.12/site-packages/airflow/example_dags/example_sensors.py took 0.249 seconds
