[2025-07-17T17:15:08.055+0000] {processor.py:161} INFO - Started process (PID=1958) to work on /mnt/c/Users/Shivam Gupta/OneDrive/Documents/Shivam_Developement/DATA_ENGINEERING/data_engineering_project/batch-etl-pyspark/.venv/lib/python3.12/site-packages/airflow/example_dags/example_latest_only_with_trigger.py
[2025-07-17T17:15:08.058+0000] {processor.py:830} INFO - Processing file /mnt/c/Users/Shivam Gupta/OneDrive/Documents/Shivam_Developement/DATA_ENGINEERING/data_engineering_project/batch-etl-pyspark/.venv/lib/python3.12/site-packages/airflow/example_dags/example_latest_only_with_trigger.py for tasks to queue
[2025-07-17T17:15:08.064+0000] {logging_mixin.py:188} INFO - [2025-07-17T17:15:08.061+0000] {dagbag.py:545} INFO - Filling up the DagBag from /mnt/c/Users/Shivam Gupta/OneDrive/Documents/Shivam_Developement/DATA_ENGINEERING/data_engineering_project/batch-etl-pyspark/.venv/lib/python3.12/site-packages/airflow/example_dags/example_latest_only_with_trigger.py
[2025-07-17T17:15:08.122+0000] {processor.py:840} INFO - DAG(s) 'latest_only_with_trigger' retrieved from /mnt/c/Users/Shivam Gupta/OneDrive/Documents/Shivam_Developement/DATA_ENGINEERING/data_engineering_project/batch-etl-pyspark/.venv/lib/python3.12/site-packages/airflow/example_dags/example_latest_only_with_trigger.py
[2025-07-17T17:15:13.302+0000] {logging_mixin.py:188} INFO - [2025-07-17T17:15:13.300+0000] {dag.py:3096} INFO - Sync 1 DAGs
[2025-07-17T17:15:13.371+0000] {logging_mixin.py:188} INFO - [2025-07-17T17:15:13.368+0000] {dag.py:3954} INFO - Setting next_dagrun for latest_only_with_trigger to 2025-07-17 12:00:00+00:00, run_after=2025-07-17 16:00:00+00:00
[2025-07-17T17:15:13.559+0000] {processor.py:183} INFO - Processing /mnt/c/Users/Shivam Gupta/OneDrive/Documents/Shivam_Developement/DATA_ENGINEERING/data_engineering_project/batch-etl-pyspark/.venv/lib/python3.12/site-packages/airflow/example_dags/example_latest_only_with_trigger.py took 5.525 seconds
[2025-07-17T17:19:24.552+0000] {processor.py:161} INFO - Started process (PID=2041) to work on /mnt/c/Users/Shivam Gupta/OneDrive/Documents/Shivam_Developement/DATA_ENGINEERING/data_engineering_project/batch-etl-pyspark/.venv/lib/python3.12/site-packages/airflow/example_dags/example_latest_only_with_trigger.py
[2025-07-17T17:19:24.559+0000] {processor.py:830} INFO - Processing file /mnt/c/Users/Shivam Gupta/OneDrive/Documents/Shivam_Developement/DATA_ENGINEERING/data_engineering_project/batch-etl-pyspark/.venv/lib/python3.12/site-packages/airflow/example_dags/example_latest_only_with_trigger.py for tasks to queue
[2025-07-17T17:19:24.564+0000] {logging_mixin.py:188} INFO - [2025-07-17T17:19:24.563+0000] {dagbag.py:545} INFO - Filling up the DagBag from /mnt/c/Users/Shivam Gupta/OneDrive/Documents/Shivam_Developement/DATA_ENGINEERING/data_engineering_project/batch-etl-pyspark/.venv/lib/python3.12/site-packages/airflow/example_dags/example_latest_only_with_trigger.py
[2025-07-17T17:19:24.692+0000] {processor.py:840} INFO - DAG(s) 'latest_only_with_trigger' retrieved from /mnt/c/Users/Shivam Gupta/OneDrive/Documents/Shivam_Developement/DATA_ENGINEERING/data_engineering_project/batch-etl-pyspark/.venv/lib/python3.12/site-packages/airflow/example_dags/example_latest_only_with_trigger.py
[2025-07-17T17:19:24.897+0000] {logging_mixin.py:188} INFO - [2025-07-17T17:19:24.888+0000] {dag.py:3096} INFO - Sync 1 DAGs
[2025-07-17T17:19:25.110+0000] {logging_mixin.py:188} INFO - [2025-07-17T17:19:25.109+0000] {dag.py:3954} INFO - Setting next_dagrun for latest_only_with_trigger to 2025-07-17 12:00:00+00:00, run_after=2025-07-17 16:00:00+00:00
[2025-07-17T17:19:25.379+0000] {processor.py:183} INFO - Processing /mnt/c/Users/Shivam Gupta/OneDrive/Documents/Shivam_Developement/DATA_ENGINEERING/data_engineering_project/batch-etl-pyspark/.venv/lib/python3.12/site-packages/airflow/example_dags/example_latest_only_with_trigger.py took 0.897 seconds
[2025-07-17T17:21:44.095+0000] {processor.py:161} INFO - Started process (PID=2112) to work on /mnt/c/Users/Shivam Gupta/OneDrive/Documents/Shivam_Developement/DATA_ENGINEERING/data_engineering_project/batch-etl-pyspark/.venv/lib/python3.12/site-packages/airflow/example_dags/example_latest_only_with_trigger.py
[2025-07-17T17:21:44.098+0000] {processor.py:830} INFO - Processing file /mnt/c/Users/Shivam Gupta/OneDrive/Documents/Shivam_Developement/DATA_ENGINEERING/data_engineering_project/batch-etl-pyspark/.venv/lib/python3.12/site-packages/airflow/example_dags/example_latest_only_with_trigger.py for tasks to queue
[2025-07-17T17:21:44.104+0000] {logging_mixin.py:188} INFO - [2025-07-17T17:21:44.100+0000] {dagbag.py:545} INFO - Filling up the DagBag from /mnt/c/Users/Shivam Gupta/OneDrive/Documents/Shivam_Developement/DATA_ENGINEERING/data_engineering_project/batch-etl-pyspark/.venv/lib/python3.12/site-packages/airflow/example_dags/example_latest_only_with_trigger.py
[2025-07-17T17:21:44.216+0000] {processor.py:840} INFO - DAG(s) 'latest_only_with_trigger' retrieved from /mnt/c/Users/Shivam Gupta/OneDrive/Documents/Shivam_Developement/DATA_ENGINEERING/data_engineering_project/batch-etl-pyspark/.venv/lib/python3.12/site-packages/airflow/example_dags/example_latest_only_with_trigger.py
[2025-07-17T17:21:44.429+0000] {logging_mixin.py:188} INFO - [2025-07-17T17:21:44.405+0000] {dag.py:3096} INFO - Sync 1 DAGs
[2025-07-17T17:21:44.611+0000] {logging_mixin.py:188} INFO - [2025-07-17T17:21:44.610+0000] {dag.py:3954} INFO - Setting next_dagrun for latest_only_with_trigger to 2025-07-17 12:00:00+00:00, run_after=2025-07-17 16:00:00+00:00
[2025-07-17T17:21:44.864+0000] {processor.py:183} INFO - Processing /mnt/c/Users/Shivam Gupta/OneDrive/Documents/Shivam_Developement/DATA_ENGINEERING/data_engineering_project/batch-etl-pyspark/.venv/lib/python3.12/site-packages/airflow/example_dags/example_latest_only_with_trigger.py took 0.785 seconds
[2025-07-17T17:25:23.055+0000] {processor.py:161} INFO - Started process (PID=2256) to work on /mnt/c/Users/Shivam Gupta/OneDrive/Documents/Shivam_Developement/DATA_ENGINEERING/data_engineering_project/batch-etl-pyspark/.venv/lib/python3.12/site-packages/airflow/example_dags/example_latest_only_with_trigger.py
[2025-07-17T17:25:23.059+0000] {processor.py:830} INFO - Processing file /mnt/c/Users/Shivam Gupta/OneDrive/Documents/Shivam_Developement/DATA_ENGINEERING/data_engineering_project/batch-etl-pyspark/.venv/lib/python3.12/site-packages/airflow/example_dags/example_latest_only_with_trigger.py for tasks to queue
[2025-07-17T17:25:23.067+0000] {logging_mixin.py:188} INFO - [2025-07-17T17:25:23.063+0000] {dagbag.py:545} INFO - Filling up the DagBag from /mnt/c/Users/Shivam Gupta/OneDrive/Documents/Shivam_Developement/DATA_ENGINEERING/data_engineering_project/batch-etl-pyspark/.venv/lib/python3.12/site-packages/airflow/example_dags/example_latest_only_with_trigger.py
[2025-07-17T17:25:23.139+0000] {processor.py:840} INFO - DAG(s) 'latest_only_with_trigger' retrieved from /mnt/c/Users/Shivam Gupta/OneDrive/Documents/Shivam_Developement/DATA_ENGINEERING/data_engineering_project/batch-etl-pyspark/.venv/lib/python3.12/site-packages/airflow/example_dags/example_latest_only_with_trigger.py
[2025-07-17T17:25:23.265+0000] {logging_mixin.py:188} INFO - [2025-07-17T17:25:23.262+0000] {dag.py:3096} INFO - Sync 1 DAGs
[2025-07-17T17:25:23.402+0000] {logging_mixin.py:188} INFO - [2025-07-17T17:25:23.398+0000] {dag.py:3954} INFO - Setting next_dagrun for latest_only_with_trigger to 2025-07-17 12:00:00+00:00, run_after=2025-07-17 16:00:00+00:00
[2025-07-17T17:25:23.774+0000] {processor.py:183} INFO - Processing /mnt/c/Users/Shivam Gupta/OneDrive/Documents/Shivam_Developement/DATA_ENGINEERING/data_engineering_project/batch-etl-pyspark/.venv/lib/python3.12/site-packages/airflow/example_dags/example_latest_only_with_trigger.py took 0.746 seconds
[2025-07-17T17:33:22.055+0000] {processor.py:161} INFO - Started process (PID=2496) to work on /mnt/c/Users/Shivam Gupta/OneDrive/Documents/Shivam_Developement/DATA_ENGINEERING/data_engineering_project/batch-etl-pyspark/.venv/lib/python3.12/site-packages/airflow/example_dags/example_latest_only_with_trigger.py
[2025-07-17T17:33:22.060+0000] {processor.py:830} INFO - Processing file /mnt/c/Users/Shivam Gupta/OneDrive/Documents/Shivam_Developement/DATA_ENGINEERING/data_engineering_project/batch-etl-pyspark/.venv/lib/python3.12/site-packages/airflow/example_dags/example_latest_only_with_trigger.py for tasks to queue
[2025-07-17T17:33:22.063+0000] {logging_mixin.py:188} INFO - [2025-07-17T17:33:22.062+0000] {dagbag.py:545} INFO - Filling up the DagBag from /mnt/c/Users/Shivam Gupta/OneDrive/Documents/Shivam_Developement/DATA_ENGINEERING/data_engineering_project/batch-etl-pyspark/.venv/lib/python3.12/site-packages/airflow/example_dags/example_latest_only_with_trigger.py
[2025-07-17T17:33:22.111+0000] {processor.py:840} INFO - DAG(s) 'latest_only_with_trigger' retrieved from /mnt/c/Users/Shivam Gupta/OneDrive/Documents/Shivam_Developement/DATA_ENGINEERING/data_engineering_project/batch-etl-pyspark/.venv/lib/python3.12/site-packages/airflow/example_dags/example_latest_only_with_trigger.py
[2025-07-17T17:33:22.367+0000] {logging_mixin.py:188} INFO - [2025-07-17T17:33:22.365+0000] {dag.py:3096} INFO - Sync 1 DAGs
[2025-07-17T17:33:22.417+0000] {logging_mixin.py:188} INFO - [2025-07-17T17:33:22.415+0000] {dag.py:3954} INFO - Setting next_dagrun for latest_only_with_trigger to 2025-07-17 12:00:00+00:00, run_after=2025-07-17 16:00:00+00:00
[2025-07-17T17:33:22.575+0000] {processor.py:183} INFO - Processing /mnt/c/Users/Shivam Gupta/OneDrive/Documents/Shivam_Developement/DATA_ENGINEERING/data_engineering_project/batch-etl-pyspark/.venv/lib/python3.12/site-packages/airflow/example_dags/example_latest_only_with_trigger.py took 0.545 seconds
[2025-07-17T17:35:41.559+0000] {processor.py:161} INFO - Started process (PID=2571) to work on /mnt/c/Users/Shivam Gupta/OneDrive/Documents/Shivam_Developement/DATA_ENGINEERING/data_engineering_project/batch-etl-pyspark/.venv/lib/python3.12/site-packages/airflow/example_dags/example_latest_only_with_trigger.py
[2025-07-17T17:35:41.586+0000] {processor.py:830} INFO - Processing file /mnt/c/Users/Shivam Gupta/OneDrive/Documents/Shivam_Developement/DATA_ENGINEERING/data_engineering_project/batch-etl-pyspark/.venv/lib/python3.12/site-packages/airflow/example_dags/example_latest_only_with_trigger.py for tasks to queue
[2025-07-17T17:35:41.621+0000] {logging_mixin.py:188} INFO - [2025-07-17T17:35:41.607+0000] {dagbag.py:545} INFO - Filling up the DagBag from /mnt/c/Users/Shivam Gupta/OneDrive/Documents/Shivam_Developement/DATA_ENGINEERING/data_engineering_project/batch-etl-pyspark/.venv/lib/python3.12/site-packages/airflow/example_dags/example_latest_only_with_trigger.py
[2025-07-17T17:35:42.086+0000] {processor.py:840} INFO - DAG(s) 'latest_only_with_trigger' retrieved from /mnt/c/Users/Shivam Gupta/OneDrive/Documents/Shivam_Developement/DATA_ENGINEERING/data_engineering_project/batch-etl-pyspark/.venv/lib/python3.12/site-packages/airflow/example_dags/example_latest_only_with_trigger.py
[2025-07-17T17:35:42.177+0000] {logging_mixin.py:188} INFO - [2025-07-17T17:35:42.175+0000] {dag.py:3096} INFO - Sync 1 DAGs
[2025-07-17T17:35:42.257+0000] {logging_mixin.py:188} INFO - [2025-07-17T17:35:42.254+0000] {dag.py:3954} INFO - Setting next_dagrun for latest_only_with_trigger to 2025-07-17 12:00:00+00:00, run_after=2025-07-17 16:00:00+00:00
[2025-07-17T17:35:42.427+0000] {processor.py:183} INFO - Processing /mnt/c/Users/Shivam Gupta/OneDrive/Documents/Shivam_Developement/DATA_ENGINEERING/data_engineering_project/batch-etl-pyspark/.venv/lib/python3.12/site-packages/airflow/example_dags/example_latest_only_with_trigger.py took 0.932 seconds
[2025-07-17T17:39:21.539+0000] {processor.py:161} INFO - Started process (PID=2705) to work on /mnt/c/Users/Shivam Gupta/OneDrive/Documents/Shivam_Developement/DATA_ENGINEERING/data_engineering_project/batch-etl-pyspark/.venv/lib/python3.12/site-packages/airflow/example_dags/example_latest_only_with_trigger.py
[2025-07-17T17:39:21.548+0000] {processor.py:830} INFO - Processing file /mnt/c/Users/Shivam Gupta/OneDrive/Documents/Shivam_Developement/DATA_ENGINEERING/data_engineering_project/batch-etl-pyspark/.venv/lib/python3.12/site-packages/airflow/example_dags/example_latest_only_with_trigger.py for tasks to queue
[2025-07-17T17:39:21.554+0000] {logging_mixin.py:188} INFO - [2025-07-17T17:39:21.552+0000] {dagbag.py:545} INFO - Filling up the DagBag from /mnt/c/Users/Shivam Gupta/OneDrive/Documents/Shivam_Developement/DATA_ENGINEERING/data_engineering_project/batch-etl-pyspark/.venv/lib/python3.12/site-packages/airflow/example_dags/example_latest_only_with_trigger.py
[2025-07-17T17:39:21.612+0000] {processor.py:840} INFO - DAG(s) 'latest_only_with_trigger' retrieved from /mnt/c/Users/Shivam Gupta/OneDrive/Documents/Shivam_Developement/DATA_ENGINEERING/data_engineering_project/batch-etl-pyspark/.venv/lib/python3.12/site-packages/airflow/example_dags/example_latest_only_with_trigger.py
[2025-07-17T17:39:21.676+0000] {logging_mixin.py:188} INFO - [2025-07-17T17:39:21.673+0000] {dag.py:3096} INFO - Sync 1 DAGs
[2025-07-17T17:39:21.746+0000] {logging_mixin.py:188} INFO - [2025-07-17T17:39:21.744+0000] {dag.py:3954} INFO - Setting next_dagrun for latest_only_with_trigger to 2025-07-17 12:00:00+00:00, run_after=2025-07-17 16:00:00+00:00
[2025-07-17T17:39:21.882+0000] {processor.py:183} INFO - Processing /mnt/c/Users/Shivam Gupta/OneDrive/Documents/Shivam_Developement/DATA_ENGINEERING/data_engineering_project/batch-etl-pyspark/.venv/lib/python3.12/site-packages/airflow/example_dags/example_latest_only_with_trigger.py took 0.377 seconds
[2025-07-17T17:42:40.458+0000] {processor.py:161} INFO - Started process (PID=2821) to work on /mnt/c/Users/Shivam Gupta/OneDrive/Documents/Shivam_Developement/DATA_ENGINEERING/data_engineering_project/batch-etl-pyspark/.venv/lib/python3.12/site-packages/airflow/example_dags/example_latest_only_with_trigger.py
[2025-07-17T17:42:40.460+0000] {processor.py:830} INFO - Processing file /mnt/c/Users/Shivam Gupta/OneDrive/Documents/Shivam_Developement/DATA_ENGINEERING/data_engineering_project/batch-etl-pyspark/.venv/lib/python3.12/site-packages/airflow/example_dags/example_latest_only_with_trigger.py for tasks to queue
[2025-07-17T17:42:40.463+0000] {logging_mixin.py:188} INFO - [2025-07-17T17:42:40.462+0000] {dagbag.py:545} INFO - Filling up the DagBag from /mnt/c/Users/Shivam Gupta/OneDrive/Documents/Shivam_Developement/DATA_ENGINEERING/data_engineering_project/batch-etl-pyspark/.venv/lib/python3.12/site-packages/airflow/example_dags/example_latest_only_with_trigger.py
[2025-07-17T17:42:40.630+0000] {processor.py:840} INFO - DAG(s) 'latest_only_with_trigger' retrieved from /mnt/c/Users/Shivam Gupta/OneDrive/Documents/Shivam_Developement/DATA_ENGINEERING/data_engineering_project/batch-etl-pyspark/.venv/lib/python3.12/site-packages/airflow/example_dags/example_latest_only_with_trigger.py
[2025-07-17T17:42:40.768+0000] {logging_mixin.py:188} INFO - [2025-07-17T17:42:40.767+0000] {dag.py:3096} INFO - Sync 1 DAGs
[2025-07-17T17:42:40.885+0000] {logging_mixin.py:188} INFO - [2025-07-17T17:42:40.876+0000] {dag.py:3954} INFO - Setting next_dagrun for latest_only_with_trigger to 2025-07-17 12:00:00+00:00, run_after=2025-07-17 16:00:00+00:00
[2025-07-17T17:42:41.130+0000] {processor.py:183} INFO - Processing /mnt/c/Users/Shivam Gupta/OneDrive/Documents/Shivam_Developement/DATA_ENGINEERING/data_engineering_project/batch-etl-pyspark/.venv/lib/python3.12/site-packages/airflow/example_dags/example_latest_only_with_trigger.py took 0.685 seconds
[2025-07-17T17:46:32.886+0000] {processor.py:161} INFO - Started process (PID=2938) to work on /mnt/c/Users/Shivam Gupta/OneDrive/Documents/Shivam_Developement/DATA_ENGINEERING/data_engineering_project/batch-etl-pyspark/.venv/lib/python3.12/site-packages/airflow/example_dags/example_latest_only_with_trigger.py
[2025-07-17T17:46:32.890+0000] {processor.py:830} INFO - Processing file /mnt/c/Users/Shivam Gupta/OneDrive/Documents/Shivam_Developement/DATA_ENGINEERING/data_engineering_project/batch-etl-pyspark/.venv/lib/python3.12/site-packages/airflow/example_dags/example_latest_only_with_trigger.py for tasks to queue
[2025-07-17T17:46:32.895+0000] {logging_mixin.py:188} INFO - [2025-07-17T17:46:32.892+0000] {dagbag.py:545} INFO - Filling up the DagBag from /mnt/c/Users/Shivam Gupta/OneDrive/Documents/Shivam_Developement/DATA_ENGINEERING/data_engineering_project/batch-etl-pyspark/.venv/lib/python3.12/site-packages/airflow/example_dags/example_latest_only_with_trigger.py
[2025-07-17T17:46:32.942+0000] {processor.py:840} INFO - DAG(s) 'latest_only_with_trigger' retrieved from /mnt/c/Users/Shivam Gupta/OneDrive/Documents/Shivam_Developement/DATA_ENGINEERING/data_engineering_project/batch-etl-pyspark/.venv/lib/python3.12/site-packages/airflow/example_dags/example_latest_only_with_trigger.py
[2025-07-17T17:46:32.997+0000] {logging_mixin.py:188} INFO - [2025-07-17T17:46:32.995+0000] {dag.py:3096} INFO - Sync 1 DAGs
[2025-07-17T17:46:33.049+0000] {logging_mixin.py:188} INFO - [2025-07-17T17:46:33.047+0000] {dag.py:3954} INFO - Setting next_dagrun for latest_only_with_trigger to 2025-07-17 12:00:00+00:00, run_after=2025-07-17 16:00:00+00:00
[2025-07-17T17:46:33.193+0000] {processor.py:183} INFO - Processing /mnt/c/Users/Shivam Gupta/OneDrive/Documents/Shivam_Developement/DATA_ENGINEERING/data_engineering_project/batch-etl-pyspark/.venv/lib/python3.12/site-packages/airflow/example_dags/example_latest_only_with_trigger.py took 0.331 seconds
[2025-07-17T17:48:48.320+0000] {processor.py:161} INFO - Started process (PID=3046) to work on /mnt/c/Users/Shivam Gupta/OneDrive/Documents/Shivam_Developement/DATA_ENGINEERING/data_engineering_project/batch-etl-pyspark/.venv/lib/python3.12/site-packages/airflow/example_dags/example_latest_only_with_trigger.py
[2025-07-17T17:48:48.323+0000] {processor.py:830} INFO - Processing file /mnt/c/Users/Shivam Gupta/OneDrive/Documents/Shivam_Developement/DATA_ENGINEERING/data_engineering_project/batch-etl-pyspark/.venv/lib/python3.12/site-packages/airflow/example_dags/example_latest_only_with_trigger.py for tasks to queue
[2025-07-17T17:48:48.327+0000] {logging_mixin.py:188} INFO - [2025-07-17T17:48:48.325+0000] {dagbag.py:545} INFO - Filling up the DagBag from /mnt/c/Users/Shivam Gupta/OneDrive/Documents/Shivam_Developement/DATA_ENGINEERING/data_engineering_project/batch-etl-pyspark/.venv/lib/python3.12/site-packages/airflow/example_dags/example_latest_only_with_trigger.py
[2025-07-17T17:48:48.360+0000] {processor.py:840} INFO - DAG(s) 'latest_only_with_trigger' retrieved from /mnt/c/Users/Shivam Gupta/OneDrive/Documents/Shivam_Developement/DATA_ENGINEERING/data_engineering_project/batch-etl-pyspark/.venv/lib/python3.12/site-packages/airflow/example_dags/example_latest_only_with_trigger.py
[2025-07-17T17:48:48.416+0000] {logging_mixin.py:188} INFO - [2025-07-17T17:48:48.414+0000] {dag.py:3096} INFO - Sync 1 DAGs
[2025-07-17T17:48:48.453+0000] {logging_mixin.py:188} INFO - [2025-07-17T17:48:48.451+0000] {dag.py:3954} INFO - Setting next_dagrun for latest_only_with_trigger to 2025-07-17 12:00:00+00:00, run_after=2025-07-17 16:00:00+00:00
[2025-07-17T17:48:48.564+0000] {processor.py:183} INFO - Processing /mnt/c/Users/Shivam Gupta/OneDrive/Documents/Shivam_Developement/DATA_ENGINEERING/data_engineering_project/batch-etl-pyspark/.venv/lib/python3.12/site-packages/airflow/example_dags/example_latest_only_with_trigger.py took 0.262 seconds
[2025-07-17T17:50:46.159+0000] {processor.py:161} INFO - Started process (PID=3148) to work on /mnt/c/Users/Shivam Gupta/OneDrive/Documents/Shivam_Developement/DATA_ENGINEERING/data_engineering_project/batch-etl-pyspark/.venv/lib/python3.12/site-packages/airflow/example_dags/example_latest_only_with_trigger.py
[2025-07-17T17:50:46.162+0000] {processor.py:830} INFO - Processing file /mnt/c/Users/Shivam Gupta/OneDrive/Documents/Shivam_Developement/DATA_ENGINEERING/data_engineering_project/batch-etl-pyspark/.venv/lib/python3.12/site-packages/airflow/example_dags/example_latest_only_with_trigger.py for tasks to queue
[2025-07-17T17:50:46.166+0000] {logging_mixin.py:188} INFO - [2025-07-17T17:50:46.164+0000] {dagbag.py:545} INFO - Filling up the DagBag from /mnt/c/Users/Shivam Gupta/OneDrive/Documents/Shivam_Developement/DATA_ENGINEERING/data_engineering_project/batch-etl-pyspark/.venv/lib/python3.12/site-packages/airflow/example_dags/example_latest_only_with_trigger.py
[2025-07-17T17:50:46.205+0000] {processor.py:840} INFO - DAG(s) 'latest_only_with_trigger' retrieved from /mnt/c/Users/Shivam Gupta/OneDrive/Documents/Shivam_Developement/DATA_ENGINEERING/data_engineering_project/batch-etl-pyspark/.venv/lib/python3.12/site-packages/airflow/example_dags/example_latest_only_with_trigger.py
[2025-07-17T17:50:46.263+0000] {logging_mixin.py:188} INFO - [2025-07-17T17:50:46.260+0000] {dag.py:3096} INFO - Sync 1 DAGs
[2025-07-17T17:50:46.338+0000] {logging_mixin.py:188} INFO - [2025-07-17T17:50:46.332+0000] {dag.py:3954} INFO - Setting next_dagrun for latest_only_with_trigger to 2025-07-17 12:00:00+00:00, run_after=2025-07-17 16:00:00+00:00
[2025-07-17T17:50:46.510+0000] {processor.py:183} INFO - Processing /mnt/c/Users/Shivam Gupta/OneDrive/Documents/Shivam_Developement/DATA_ENGINEERING/data_engineering_project/batch-etl-pyspark/.venv/lib/python3.12/site-packages/airflow/example_dags/example_latest_only_with_trigger.py took 0.376 seconds
[2025-07-17T17:52:57.865+0000] {processor.py:161} INFO - Started process (PID=3253) to work on /mnt/c/Users/Shivam Gupta/OneDrive/Documents/Shivam_Developement/DATA_ENGINEERING/data_engineering_project/batch-etl-pyspark/.venv/lib/python3.12/site-packages/airflow/example_dags/example_latest_only_with_trigger.py
[2025-07-17T17:52:57.868+0000] {processor.py:830} INFO - Processing file /mnt/c/Users/Shivam Gupta/OneDrive/Documents/Shivam_Developement/DATA_ENGINEERING/data_engineering_project/batch-etl-pyspark/.venv/lib/python3.12/site-packages/airflow/example_dags/example_latest_only_with_trigger.py for tasks to queue
[2025-07-17T17:52:57.872+0000] {logging_mixin.py:188} INFO - [2025-07-17T17:52:57.870+0000] {dagbag.py:545} INFO - Filling up the DagBag from /mnt/c/Users/Shivam Gupta/OneDrive/Documents/Shivam_Developement/DATA_ENGINEERING/data_engineering_project/batch-etl-pyspark/.venv/lib/python3.12/site-packages/airflow/example_dags/example_latest_only_with_trigger.py
[2025-07-17T17:52:57.912+0000] {processor.py:840} INFO - DAG(s) 'latest_only_with_trigger' retrieved from /mnt/c/Users/Shivam Gupta/OneDrive/Documents/Shivam_Developement/DATA_ENGINEERING/data_engineering_project/batch-etl-pyspark/.venv/lib/python3.12/site-packages/airflow/example_dags/example_latest_only_with_trigger.py
[2025-07-17T17:52:57.953+0000] {logging_mixin.py:188} INFO - [2025-07-17T17:52:57.951+0000] {dag.py:3096} INFO - Sync 1 DAGs
[2025-07-17T17:52:57.986+0000] {logging_mixin.py:188} INFO - [2025-07-17T17:52:57.985+0000] {dag.py:3954} INFO - Setting next_dagrun for latest_only_with_trigger to 2025-07-17 12:00:00+00:00, run_after=2025-07-17 16:00:00+00:00
[2025-07-17T17:52:58.084+0000] {processor.py:183} INFO - Processing /mnt/c/Users/Shivam Gupta/OneDrive/Documents/Shivam_Developement/DATA_ENGINEERING/data_engineering_project/batch-etl-pyspark/.venv/lib/python3.12/site-packages/airflow/example_dags/example_latest_only_with_trigger.py took 0.241 seconds
[2025-07-17T17:55:01.891+0000] {processor.py:161} INFO - Started process (PID=3354) to work on /mnt/c/Users/Shivam Gupta/OneDrive/Documents/Shivam_Developement/DATA_ENGINEERING/data_engineering_project/batch-etl-pyspark/.venv/lib/python3.12/site-packages/airflow/example_dags/example_latest_only_with_trigger.py
[2025-07-17T17:55:01.894+0000] {processor.py:830} INFO - Processing file /mnt/c/Users/Shivam Gupta/OneDrive/Documents/Shivam_Developement/DATA_ENGINEERING/data_engineering_project/batch-etl-pyspark/.venv/lib/python3.12/site-packages/airflow/example_dags/example_latest_only_with_trigger.py for tasks to queue
[2025-07-17T17:55:01.899+0000] {logging_mixin.py:188} INFO - [2025-07-17T17:55:01.897+0000] {dagbag.py:545} INFO - Filling up the DagBag from /mnt/c/Users/Shivam Gupta/OneDrive/Documents/Shivam_Developement/DATA_ENGINEERING/data_engineering_project/batch-etl-pyspark/.venv/lib/python3.12/site-packages/airflow/example_dags/example_latest_only_with_trigger.py
[2025-07-17T17:55:01.931+0000] {processor.py:840} INFO - DAG(s) 'latest_only_with_trigger' retrieved from /mnt/c/Users/Shivam Gupta/OneDrive/Documents/Shivam_Developement/DATA_ENGINEERING/data_engineering_project/batch-etl-pyspark/.venv/lib/python3.12/site-packages/airflow/example_dags/example_latest_only_with_trigger.py
[2025-07-17T17:55:01.971+0000] {logging_mixin.py:188} INFO - [2025-07-17T17:55:01.970+0000] {dag.py:3096} INFO - Sync 1 DAGs
[2025-07-17T17:55:02.006+0000] {logging_mixin.py:188} INFO - [2025-07-17T17:55:02.005+0000] {dag.py:3954} INFO - Setting next_dagrun for latest_only_with_trigger to 2025-07-17 12:00:00+00:00, run_after=2025-07-17 16:00:00+00:00
[2025-07-17T17:55:02.149+0000] {processor.py:183} INFO - Processing /mnt/c/Users/Shivam Gupta/OneDrive/Documents/Shivam_Developement/DATA_ENGINEERING/data_engineering_project/batch-etl-pyspark/.venv/lib/python3.12/site-packages/airflow/example_dags/example_latest_only_with_trigger.py took 0.278 seconds
[2025-07-17T17:57:05.673+0000] {processor.py:161} INFO - Started process (PID=3455) to work on /mnt/c/Users/Shivam Gupta/OneDrive/Documents/Shivam_Developement/DATA_ENGINEERING/data_engineering_project/batch-etl-pyspark/.venv/lib/python3.12/site-packages/airflow/example_dags/example_latest_only_with_trigger.py
[2025-07-17T17:57:05.676+0000] {processor.py:830} INFO - Processing file /mnt/c/Users/Shivam Gupta/OneDrive/Documents/Shivam_Developement/DATA_ENGINEERING/data_engineering_project/batch-etl-pyspark/.venv/lib/python3.12/site-packages/airflow/example_dags/example_latest_only_with_trigger.py for tasks to queue
[2025-07-17T17:57:05.680+0000] {logging_mixin.py:188} INFO - [2025-07-17T17:57:05.678+0000] {dagbag.py:545} INFO - Filling up the DagBag from /mnt/c/Users/Shivam Gupta/OneDrive/Documents/Shivam_Developement/DATA_ENGINEERING/data_engineering_project/batch-etl-pyspark/.venv/lib/python3.12/site-packages/airflow/example_dags/example_latest_only_with_trigger.py
[2025-07-17T17:57:05.736+0000] {processor.py:840} INFO - DAG(s) 'latest_only_with_trigger' retrieved from /mnt/c/Users/Shivam Gupta/OneDrive/Documents/Shivam_Developement/DATA_ENGINEERING/data_engineering_project/batch-etl-pyspark/.venv/lib/python3.12/site-packages/airflow/example_dags/example_latest_only_with_trigger.py
[2025-07-17T17:57:05.768+0000] {logging_mixin.py:188} INFO - [2025-07-17T17:57:05.766+0000] {dag.py:3096} INFO - Sync 1 DAGs
[2025-07-17T17:57:05.795+0000] {logging_mixin.py:188} INFO - [2025-07-17T17:57:05.794+0000] {dag.py:3954} INFO - Setting next_dagrun for latest_only_with_trigger to 2025-07-17 12:00:00+00:00, run_after=2025-07-17 16:00:00+00:00
[2025-07-17T17:57:05.891+0000] {processor.py:183} INFO - Processing /mnt/c/Users/Shivam Gupta/OneDrive/Documents/Shivam_Developement/DATA_ENGINEERING/data_engineering_project/batch-etl-pyspark/.venv/lib/python3.12/site-packages/airflow/example_dags/example_latest_only_with_trigger.py took 0.236 seconds
[2025-07-17T17:59:10.140+0000] {processor.py:161} INFO - Started process (PID=3555) to work on /mnt/c/Users/Shivam Gupta/OneDrive/Documents/Shivam_Developement/DATA_ENGINEERING/data_engineering_project/batch-etl-pyspark/.venv/lib/python3.12/site-packages/airflow/example_dags/example_latest_only_with_trigger.py
[2025-07-17T17:59:10.151+0000] {processor.py:830} INFO - Processing file /mnt/c/Users/Shivam Gupta/OneDrive/Documents/Shivam_Developement/DATA_ENGINEERING/data_engineering_project/batch-etl-pyspark/.venv/lib/python3.12/site-packages/airflow/example_dags/example_latest_only_with_trigger.py for tasks to queue
[2025-07-17T17:59:10.165+0000] {logging_mixin.py:188} INFO - [2025-07-17T17:59:10.159+0000] {dagbag.py:545} INFO - Filling up the DagBag from /mnt/c/Users/Shivam Gupta/OneDrive/Documents/Shivam_Developement/DATA_ENGINEERING/data_engineering_project/batch-etl-pyspark/.venv/lib/python3.12/site-packages/airflow/example_dags/example_latest_only_with_trigger.py
[2025-07-17T17:59:10.273+0000] {processor.py:840} INFO - DAG(s) 'latest_only_with_trigger' retrieved from /mnt/c/Users/Shivam Gupta/OneDrive/Documents/Shivam_Developement/DATA_ENGINEERING/data_engineering_project/batch-etl-pyspark/.venv/lib/python3.12/site-packages/airflow/example_dags/example_latest_only_with_trigger.py
[2025-07-17T17:59:10.336+0000] {logging_mixin.py:188} INFO - [2025-07-17T17:59:10.334+0000] {dag.py:3096} INFO - Sync 1 DAGs
[2025-07-17T17:59:10.384+0000] {logging_mixin.py:188} INFO - [2025-07-17T17:59:10.382+0000] {dag.py:3954} INFO - Setting next_dagrun for latest_only_with_trigger to 2025-07-17 12:00:00+00:00, run_after=2025-07-17 16:00:00+00:00
[2025-07-17T17:59:10.487+0000] {processor.py:183} INFO - Processing /mnt/c/Users/Shivam Gupta/OneDrive/Documents/Shivam_Developement/DATA_ENGINEERING/data_engineering_project/batch-etl-pyspark/.venv/lib/python3.12/site-packages/airflow/example_dags/example_latest_only_with_trigger.py took 0.421 seconds
[2025-07-17T18:01:19.908+0000] {processor.py:161} INFO - Started process (PID=3660) to work on /mnt/c/Users/Shivam Gupta/OneDrive/Documents/Shivam_Developement/DATA_ENGINEERING/data_engineering_project/batch-etl-pyspark/.venv/lib/python3.12/site-packages/airflow/example_dags/example_latest_only_with_trigger.py
[2025-07-17T18:01:19.911+0000] {processor.py:830} INFO - Processing file /mnt/c/Users/Shivam Gupta/OneDrive/Documents/Shivam_Developement/DATA_ENGINEERING/data_engineering_project/batch-etl-pyspark/.venv/lib/python3.12/site-packages/airflow/example_dags/example_latest_only_with_trigger.py for tasks to queue
[2025-07-17T18:01:19.916+0000] {logging_mixin.py:188} INFO - [2025-07-17T18:01:19.914+0000] {dagbag.py:545} INFO - Filling up the DagBag from /mnt/c/Users/Shivam Gupta/OneDrive/Documents/Shivam_Developement/DATA_ENGINEERING/data_engineering_project/batch-etl-pyspark/.venv/lib/python3.12/site-packages/airflow/example_dags/example_latest_only_with_trigger.py
[2025-07-17T18:01:19.963+0000] {processor.py:840} INFO - DAG(s) 'latest_only_with_trigger' retrieved from /mnt/c/Users/Shivam Gupta/OneDrive/Documents/Shivam_Developement/DATA_ENGINEERING/data_engineering_project/batch-etl-pyspark/.venv/lib/python3.12/site-packages/airflow/example_dags/example_latest_only_with_trigger.py
[2025-07-17T18:01:20.013+0000] {logging_mixin.py:188} INFO - [2025-07-17T18:01:20.011+0000] {dag.py:3096} INFO - Sync 1 DAGs
[2025-07-17T18:01:20.053+0000] {logging_mixin.py:188} INFO - [2025-07-17T18:01:20.052+0000] {dag.py:3954} INFO - Setting next_dagrun for latest_only_with_trigger to 2025-07-17 12:00:00+00:00, run_after=2025-07-17 16:00:00+00:00
[2025-07-17T18:01:20.167+0000] {processor.py:183} INFO - Processing /mnt/c/Users/Shivam Gupta/OneDrive/Documents/Shivam_Developement/DATA_ENGINEERING/data_engineering_project/batch-etl-pyspark/.venv/lib/python3.12/site-packages/airflow/example_dags/example_latest_only_with_trigger.py took 0.277 seconds
[2025-07-17T18:03:20.038+0000] {processor.py:161} INFO - Started process (PID=3765) to work on /mnt/c/Users/Shivam Gupta/OneDrive/Documents/Shivam_Developement/DATA_ENGINEERING/data_engineering_project/batch-etl-pyspark/.venv/lib/python3.12/site-packages/airflow/example_dags/example_latest_only_with_trigger.py
[2025-07-17T18:03:20.040+0000] {processor.py:830} INFO - Processing file /mnt/c/Users/Shivam Gupta/OneDrive/Documents/Shivam_Developement/DATA_ENGINEERING/data_engineering_project/batch-etl-pyspark/.venv/lib/python3.12/site-packages/airflow/example_dags/example_latest_only_with_trigger.py for tasks to queue
[2025-07-17T18:03:20.043+0000] {logging_mixin.py:188} INFO - [2025-07-17T18:03:20.042+0000] {dagbag.py:545} INFO - Filling up the DagBag from /mnt/c/Users/Shivam Gupta/OneDrive/Documents/Shivam_Developement/DATA_ENGINEERING/data_engineering_project/batch-etl-pyspark/.venv/lib/python3.12/site-packages/airflow/example_dags/example_latest_only_with_trigger.py
[2025-07-17T18:03:20.076+0000] {processor.py:840} INFO - DAG(s) 'latest_only_with_trigger' retrieved from /mnt/c/Users/Shivam Gupta/OneDrive/Documents/Shivam_Developement/DATA_ENGINEERING/data_engineering_project/batch-etl-pyspark/.venv/lib/python3.12/site-packages/airflow/example_dags/example_latest_only_with_trigger.py
[2025-07-17T18:03:20.116+0000] {logging_mixin.py:188} INFO - [2025-07-17T18:03:20.115+0000] {dag.py:3096} INFO - Sync 1 DAGs
[2025-07-17T18:03:20.156+0000] {logging_mixin.py:188} INFO - [2025-07-17T18:03:20.155+0000] {dag.py:3954} INFO - Setting next_dagrun for latest_only_with_trigger to 2025-07-17 12:00:00+00:00, run_after=2025-07-17 16:00:00+00:00
[2025-07-17T18:03:20.266+0000] {processor.py:183} INFO - Processing /mnt/c/Users/Shivam Gupta/OneDrive/Documents/Shivam_Developement/DATA_ENGINEERING/data_engineering_project/batch-etl-pyspark/.venv/lib/python3.12/site-packages/airflow/example_dags/example_latest_only_with_trigger.py took 0.245 seconds
[2025-07-17T18:05:21.637+0000] {processor.py:161} INFO - Started process (PID=3866) to work on /mnt/c/Users/Shivam Gupta/OneDrive/Documents/Shivam_Developement/DATA_ENGINEERING/data_engineering_project/batch-etl-pyspark/.venv/lib/python3.12/site-packages/airflow/example_dags/example_latest_only_with_trigger.py
[2025-07-17T18:05:21.640+0000] {processor.py:830} INFO - Processing file /mnt/c/Users/Shivam Gupta/OneDrive/Documents/Shivam_Developement/DATA_ENGINEERING/data_engineering_project/batch-etl-pyspark/.venv/lib/python3.12/site-packages/airflow/example_dags/example_latest_only_with_trigger.py for tasks to queue
[2025-07-17T18:05:21.643+0000] {logging_mixin.py:188} INFO - [2025-07-17T18:05:21.642+0000] {dagbag.py:545} INFO - Filling up the DagBag from /mnt/c/Users/Shivam Gupta/OneDrive/Documents/Shivam_Developement/DATA_ENGINEERING/data_engineering_project/batch-etl-pyspark/.venv/lib/python3.12/site-packages/airflow/example_dags/example_latest_only_with_trigger.py
[2025-07-17T18:05:21.690+0000] {processor.py:840} INFO - DAG(s) 'latest_only_with_trigger' retrieved from /mnt/c/Users/Shivam Gupta/OneDrive/Documents/Shivam_Developement/DATA_ENGINEERING/data_engineering_project/batch-etl-pyspark/.venv/lib/python3.12/site-packages/airflow/example_dags/example_latest_only_with_trigger.py
[2025-07-17T18:05:21.799+0000] {logging_mixin.py:188} INFO - [2025-07-17T18:05:21.795+0000] {dag.py:3096} INFO - Sync 1 DAGs
[2025-07-17T18:05:21.865+0000] {logging_mixin.py:188} INFO - [2025-07-17T18:05:21.862+0000] {dag.py:3954} INFO - Setting next_dagrun for latest_only_with_trigger to 2025-07-17 12:00:00+00:00, run_after=2025-07-17 16:00:00+00:00
[2025-07-17T18:05:22.078+0000] {processor.py:183} INFO - Processing /mnt/c/Users/Shivam Gupta/OneDrive/Documents/Shivam_Developement/DATA_ENGINEERING/data_engineering_project/batch-etl-pyspark/.venv/lib/python3.12/site-packages/airflow/example_dags/example_latest_only_with_trigger.py took 0.460 seconds
[2025-07-17T18:07:27.771+0000] {processor.py:161} INFO - Started process (PID=3967) to work on /mnt/c/Users/Shivam Gupta/OneDrive/Documents/Shivam_Developement/DATA_ENGINEERING/data_engineering_project/batch-etl-pyspark/.venv/lib/python3.12/site-packages/airflow/example_dags/example_latest_only_with_trigger.py
[2025-07-17T18:07:27.773+0000] {processor.py:830} INFO - Processing file /mnt/c/Users/Shivam Gupta/OneDrive/Documents/Shivam_Developement/DATA_ENGINEERING/data_engineering_project/batch-etl-pyspark/.venv/lib/python3.12/site-packages/airflow/example_dags/example_latest_only_with_trigger.py for tasks to queue
[2025-07-17T18:07:27.776+0000] {logging_mixin.py:188} INFO - [2025-07-17T18:07:27.775+0000] {dagbag.py:545} INFO - Filling up the DagBag from /mnt/c/Users/Shivam Gupta/OneDrive/Documents/Shivam_Developement/DATA_ENGINEERING/data_engineering_project/batch-etl-pyspark/.venv/lib/python3.12/site-packages/airflow/example_dags/example_latest_only_with_trigger.py
[2025-07-17T18:07:27.804+0000] {processor.py:840} INFO - DAG(s) 'latest_only_with_trigger' retrieved from /mnt/c/Users/Shivam Gupta/OneDrive/Documents/Shivam_Developement/DATA_ENGINEERING/data_engineering_project/batch-etl-pyspark/.venv/lib/python3.12/site-packages/airflow/example_dags/example_latest_only_with_trigger.py
[2025-07-17T18:07:27.846+0000] {logging_mixin.py:188} INFO - [2025-07-17T18:07:27.844+0000] {dag.py:3096} INFO - Sync 1 DAGs
[2025-07-17T18:07:27.888+0000] {logging_mixin.py:188} INFO - [2025-07-17T18:07:27.886+0000] {dag.py:3954} INFO - Setting next_dagrun for latest_only_with_trigger to 2025-07-17 12:00:00+00:00, run_after=2025-07-17 16:00:00+00:00
[2025-07-17T18:07:28.011+0000] {processor.py:183} INFO - Processing /mnt/c/Users/Shivam Gupta/OneDrive/Documents/Shivam_Developement/DATA_ENGINEERING/data_engineering_project/batch-etl-pyspark/.venv/lib/python3.12/site-packages/airflow/example_dags/example_latest_only_with_trigger.py took 0.256 seconds
[2025-07-17T18:09:39.637+0000] {processor.py:161} INFO - Started process (PID=4072) to work on /mnt/c/Users/Shivam Gupta/OneDrive/Documents/Shivam_Developement/DATA_ENGINEERING/data_engineering_project/batch-etl-pyspark/.venv/lib/python3.12/site-packages/airflow/example_dags/example_latest_only_with_trigger.py
[2025-07-17T18:09:39.640+0000] {processor.py:830} INFO - Processing file /mnt/c/Users/Shivam Gupta/OneDrive/Documents/Shivam_Developement/DATA_ENGINEERING/data_engineering_project/batch-etl-pyspark/.venv/lib/python3.12/site-packages/airflow/example_dags/example_latest_only_with_trigger.py for tasks to queue
[2025-07-17T18:09:39.642+0000] {logging_mixin.py:188} INFO - [2025-07-17T18:09:39.641+0000] {dagbag.py:545} INFO - Filling up the DagBag from /mnt/c/Users/Shivam Gupta/OneDrive/Documents/Shivam_Developement/DATA_ENGINEERING/data_engineering_project/batch-etl-pyspark/.venv/lib/python3.12/site-packages/airflow/example_dags/example_latest_only_with_trigger.py
[2025-07-17T18:09:39.665+0000] {processor.py:840} INFO - DAG(s) 'latest_only_with_trigger' retrieved from /mnt/c/Users/Shivam Gupta/OneDrive/Documents/Shivam_Developement/DATA_ENGINEERING/data_engineering_project/batch-etl-pyspark/.venv/lib/python3.12/site-packages/airflow/example_dags/example_latest_only_with_trigger.py
[2025-07-17T18:09:39.706+0000] {logging_mixin.py:188} INFO - [2025-07-17T18:09:39.704+0000] {dag.py:3096} INFO - Sync 1 DAGs
[2025-07-17T18:09:39.795+0000] {logging_mixin.py:188} INFO - [2025-07-17T18:09:39.791+0000] {dag.py:3954} INFO - Setting next_dagrun for latest_only_with_trigger to 2025-07-17 12:00:00+00:00, run_after=2025-07-17 16:00:00+00:00
[2025-07-17T18:09:39.908+0000] {processor.py:183} INFO - Processing /mnt/c/Users/Shivam Gupta/OneDrive/Documents/Shivam_Developement/DATA_ENGINEERING/data_engineering_project/batch-etl-pyspark/.venv/lib/python3.12/site-packages/airflow/example_dags/example_latest_only_with_trigger.py took 0.285 seconds
[2025-07-17T18:11:46.594+0000] {processor.py:161} INFO - Started process (PID=4174) to work on /mnt/c/Users/Shivam Gupta/OneDrive/Documents/Shivam_Developement/DATA_ENGINEERING/data_engineering_project/batch-etl-pyspark/.venv/lib/python3.12/site-packages/airflow/example_dags/example_latest_only_with_trigger.py
[2025-07-17T18:11:46.606+0000] {processor.py:830} INFO - Processing file /mnt/c/Users/Shivam Gupta/OneDrive/Documents/Shivam_Developement/DATA_ENGINEERING/data_engineering_project/batch-etl-pyspark/.venv/lib/python3.12/site-packages/airflow/example_dags/example_latest_only_with_trigger.py for tasks to queue
[2025-07-17T18:11:46.630+0000] {logging_mixin.py:188} INFO - [2025-07-17T18:11:46.618+0000] {dagbag.py:545} INFO - Filling up the DagBag from /mnt/c/Users/Shivam Gupta/OneDrive/Documents/Shivam_Developement/DATA_ENGINEERING/data_engineering_project/batch-etl-pyspark/.venv/lib/python3.12/site-packages/airflow/example_dags/example_latest_only_with_trigger.py
[2025-07-17T18:11:46.741+0000] {processor.py:840} INFO - DAG(s) 'latest_only_with_trigger' retrieved from /mnt/c/Users/Shivam Gupta/OneDrive/Documents/Shivam_Developement/DATA_ENGINEERING/data_engineering_project/batch-etl-pyspark/.venv/lib/python3.12/site-packages/airflow/example_dags/example_latest_only_with_trigger.py
[2025-07-17T18:11:46.787+0000] {logging_mixin.py:188} INFO - [2025-07-17T18:11:46.786+0000] {dag.py:3096} INFO - Sync 1 DAGs
[2025-07-17T18:11:46.874+0000] {logging_mixin.py:188} INFO - [2025-07-17T18:11:46.866+0000] {dag.py:3954} INFO - Setting next_dagrun for latest_only_with_trigger to 2025-07-17 12:00:00+00:00, run_after=2025-07-17 16:00:00+00:00
[2025-07-17T18:11:47.051+0000] {processor.py:183} INFO - Processing /mnt/c/Users/Shivam Gupta/OneDrive/Documents/Shivam_Developement/DATA_ENGINEERING/data_engineering_project/batch-etl-pyspark/.venv/lib/python3.12/site-packages/airflow/example_dags/example_latest_only_with_trigger.py took 0.503 seconds
[2025-07-17T18:13:56.978+0000] {processor.py:161} INFO - Started process (PID=4277) to work on /mnt/c/Users/Shivam Gupta/OneDrive/Documents/Shivam_Developement/DATA_ENGINEERING/data_engineering_project/batch-etl-pyspark/.venv/lib/python3.12/site-packages/airflow/example_dags/example_latest_only_with_trigger.py
[2025-07-17T18:13:56.988+0000] {processor.py:830} INFO - Processing file /mnt/c/Users/Shivam Gupta/OneDrive/Documents/Shivam_Developement/DATA_ENGINEERING/data_engineering_project/batch-etl-pyspark/.venv/lib/python3.12/site-packages/airflow/example_dags/example_latest_only_with_trigger.py for tasks to queue
[2025-07-17T18:13:57.001+0000] {logging_mixin.py:188} INFO - [2025-07-17T18:13:56.995+0000] {dagbag.py:545} INFO - Filling up the DagBag from /mnt/c/Users/Shivam Gupta/OneDrive/Documents/Shivam_Developement/DATA_ENGINEERING/data_engineering_project/batch-etl-pyspark/.venv/lib/python3.12/site-packages/airflow/example_dags/example_latest_only_with_trigger.py
[2025-07-17T18:13:57.124+0000] {processor.py:840} INFO - DAG(s) 'latest_only_with_trigger' retrieved from /mnt/c/Users/Shivam Gupta/OneDrive/Documents/Shivam_Developement/DATA_ENGINEERING/data_engineering_project/batch-etl-pyspark/.venv/lib/python3.12/site-packages/airflow/example_dags/example_latest_only_with_trigger.py
[2025-07-17T18:13:57.230+0000] {logging_mixin.py:188} INFO - [2025-07-17T18:13:57.228+0000] {dag.py:3096} INFO - Sync 1 DAGs
[2025-07-17T18:13:57.254+0000] {logging_mixin.py:188} INFO - [2025-07-17T18:13:57.253+0000] {dag.py:3954} INFO - Setting next_dagrun for latest_only_with_trigger to 2025-07-17 12:00:00+00:00, run_after=2025-07-17 16:00:00+00:00
[2025-07-17T18:13:57.375+0000] {processor.py:183} INFO - Processing /mnt/c/Users/Shivam Gupta/OneDrive/Documents/Shivam_Developement/DATA_ENGINEERING/data_engineering_project/batch-etl-pyspark/.venv/lib/python3.12/site-packages/airflow/example_dags/example_latest_only_with_trigger.py took 0.452 seconds
