[2025-07-17T17:12:54.495+0000] {processor.py:161} INFO - Started process (PID=1921) to work on /mnt/c/Users/Shivam Gupta/OneDrive/Documents/Shivam_Developement/DATA_ENGINEERING/data_engineering_project/batch-etl-pyspark/.venv/lib/python3.12/site-packages/airflow/example_dags/example_subdag_operator.py
[2025-07-17T17:12:54.498+0000] {processor.py:830} INFO - Processing file /mnt/c/Users/Shivam Gupta/OneDrive/Documents/Shivam_Developement/DATA_ENGINEERING/data_engineering_project/batch-etl-pyspark/.venv/lib/python3.12/site-packages/airflow/example_dags/example_subdag_operator.py for tasks to queue
[2025-07-17T17:12:54.504+0000] {logging_mixin.py:188} INFO - [2025-07-17T17:12:54.502+0000] {dagbag.py:545} INFO - Filling up the DagBag from /mnt/c/Users/Shivam Gupta/OneDrive/Documents/Shivam_Developement/DATA_ENGINEERING/data_engineering_project/batch-etl-pyspark/.venv/lib/python3.12/site-packages/airflow/example_dags/example_subdag_operator.py
[2025-07-17T17:12:54.673+0000] {processor.py:840} INFO - DAG(s) 'example_subdag_operator.section-1', 'example_subdag_operator.section-2', 'example_subdag_operator' retrieved from /mnt/c/Users/Shivam Gupta/OneDrive/Documents/Shivam_Developement/DATA_ENGINEERING/data_engineering_project/batch-etl-pyspark/.venv/lib/python3.12/site-packages/airflow/example_dags/example_subdag_operator.py
[2025-07-17T17:13:00.198+0000] {logging_mixin.py:188} INFO - [2025-07-17T17:13:00.197+0000] {dag.py:3096} INFO - Sync 3 DAGs
[2025-07-17T17:13:00.578+0000] {logging_mixin.py:188} INFO - [2025-07-17T17:13:00.450+0000] {dag.py:3954} INFO - Setting next_dagrun for example_subdag_operator to 2022-01-01 00:00:00+00:00, run_after=2022-01-01 00:00:00+00:00
[2025-07-17T17:13:00.584+0000] {logging_mixin.py:188} INFO - [2025-07-17T17:13:00.583+0000] {dag.py:3954} INFO - Setting next_dagrun for example_subdag_operator.section-1 to None, run_after=None
[2025-07-17T17:13:00.590+0000] {logging_mixin.py:188} INFO - [2025-07-17T17:13:00.589+0000] {dag.py:3954} INFO - Setting next_dagrun for example_subdag_operator.section-2 to None, run_after=None
[2025-07-17T17:13:01.093+0000] {logging_mixin.py:188} INFO - [2025-07-17T17:13:01.091+0000] {dag.py:3096} INFO - Sync 2 DAGs
[2025-07-17T17:13:01.100+0000] {logging_mixin.py:188} INFO - [2025-07-17T17:13:01.099+0000] {dag.py:3954} INFO - Setting next_dagrun for example_subdag_operator.section-1 to None, run_after=None
[2025-07-17T17:13:01.102+0000] {logging_mixin.py:188} INFO - [2025-07-17T17:13:01.101+0000] {dag.py:3954} INFO - Setting next_dagrun for example_subdag_operator.section-2 to None, run_after=None
[2025-07-17T17:13:01.953+0000] {processor.py:183} INFO - Processing /mnt/c/Users/Shivam Gupta/OneDrive/Documents/Shivam_Developement/DATA_ENGINEERING/data_engineering_project/batch-etl-pyspark/.venv/lib/python3.12/site-packages/airflow/example_dags/example_subdag_operator.py took 7.502 seconds
[2025-07-17T17:18:44.347+0000] {processor.py:161} INFO - Started process (PID=2023) to work on /mnt/c/Users/Shivam Gupta/OneDrive/Documents/Shivam_Developement/DATA_ENGINEERING/data_engineering_project/batch-etl-pyspark/.venv/lib/python3.12/site-packages/airflow/example_dags/example_subdag_operator.py
[2025-07-17T17:18:44.352+0000] {processor.py:830} INFO - Processing file /mnt/c/Users/Shivam Gupta/OneDrive/Documents/Shivam_Developement/DATA_ENGINEERING/data_engineering_project/batch-etl-pyspark/.venv/lib/python3.12/site-packages/airflow/example_dags/example_subdag_operator.py for tasks to queue
[2025-07-17T17:18:44.361+0000] {logging_mixin.py:188} INFO - [2025-07-17T17:18:44.356+0000] {dagbag.py:545} INFO - Filling up the DagBag from /mnt/c/Users/Shivam Gupta/OneDrive/Documents/Shivam_Developement/DATA_ENGINEERING/data_engineering_project/batch-etl-pyspark/.venv/lib/python3.12/site-packages/airflow/example_dags/example_subdag_operator.py
[2025-07-17T17:18:44.674+0000] {processor.py:840} INFO - DAG(s) 'example_subdag_operator.section-1', 'example_subdag_operator.section-2', 'example_subdag_operator' retrieved from /mnt/c/Users/Shivam Gupta/OneDrive/Documents/Shivam_Developement/DATA_ENGINEERING/data_engineering_project/batch-etl-pyspark/.venv/lib/python3.12/site-packages/airflow/example_dags/example_subdag_operator.py
[2025-07-17T17:18:44.759+0000] {logging_mixin.py:188} INFO - [2025-07-17T17:18:44.754+0000] {dag.py:3096} INFO - Sync 3 DAGs
[2025-07-17T17:18:44.899+0000] {logging_mixin.py:188} INFO - [2025-07-17T17:18:44.891+0000] {dag.py:3954} INFO - Setting next_dagrun for example_subdag_operator to 2022-01-01 00:00:00+00:00, run_after=2022-01-01 00:00:00+00:00
[2025-07-17T17:18:44.920+0000] {logging_mixin.py:188} INFO - [2025-07-17T17:18:44.917+0000] {dag.py:3954} INFO - Setting next_dagrun for example_subdag_operator.section-1 to None, run_after=None
[2025-07-17T17:18:44.931+0000] {logging_mixin.py:188} INFO - [2025-07-17T17:18:44.927+0000] {dag.py:3954} INFO - Setting next_dagrun for example_subdag_operator.section-2 to None, run_after=None
[2025-07-17T17:18:44.972+0000] {logging_mixin.py:188} INFO - [2025-07-17T17:18:44.970+0000] {dag.py:3096} INFO - Sync 2 DAGs
[2025-07-17T17:18:44.989+0000] {logging_mixin.py:188} INFO - [2025-07-17T17:18:44.987+0000] {dag.py:3954} INFO - Setting next_dagrun for example_subdag_operator.section-1 to None, run_after=None
[2025-07-17T17:18:44.995+0000] {logging_mixin.py:188} INFO - [2025-07-17T17:18:44.991+0000] {dag.py:3954} INFO - Setting next_dagrun for example_subdag_operator.section-2 to None, run_after=None
[2025-07-17T17:18:45.154+0000] {processor.py:183} INFO - Processing /mnt/c/Users/Shivam Gupta/OneDrive/Documents/Shivam_Developement/DATA_ENGINEERING/data_engineering_project/batch-etl-pyspark/.venv/lib/python3.12/site-packages/airflow/example_dags/example_subdag_operator.py took 0.834 seconds
[2025-07-17T17:21:13.074+0000] {processor.py:161} INFO - Started process (PID=2094) to work on /mnt/c/Users/Shivam Gupta/OneDrive/Documents/Shivam_Developement/DATA_ENGINEERING/data_engineering_project/batch-etl-pyspark/.venv/lib/python3.12/site-packages/airflow/example_dags/example_subdag_operator.py
[2025-07-17T17:21:13.080+0000] {processor.py:830} INFO - Processing file /mnt/c/Users/Shivam Gupta/OneDrive/Documents/Shivam_Developement/DATA_ENGINEERING/data_engineering_project/batch-etl-pyspark/.venv/lib/python3.12/site-packages/airflow/example_dags/example_subdag_operator.py for tasks to queue
[2025-07-17T17:21:13.136+0000] {logging_mixin.py:188} INFO - [2025-07-17T17:21:13.120+0000] {dagbag.py:545} INFO - Filling up the DagBag from /mnt/c/Users/Shivam Gupta/OneDrive/Documents/Shivam_Developement/DATA_ENGINEERING/data_engineering_project/batch-etl-pyspark/.venv/lib/python3.12/site-packages/airflow/example_dags/example_subdag_operator.py
[2025-07-17T17:21:13.437+0000] {processor.py:840} INFO - DAG(s) 'example_subdag_operator.section-1', 'example_subdag_operator.section-2', 'example_subdag_operator' retrieved from /mnt/c/Users/Shivam Gupta/OneDrive/Documents/Shivam_Developement/DATA_ENGINEERING/data_engineering_project/batch-etl-pyspark/.venv/lib/python3.12/site-packages/airflow/example_dags/example_subdag_operator.py
[2025-07-17T17:21:13.560+0000] {logging_mixin.py:188} INFO - [2025-07-17T17:21:13.559+0000] {dag.py:3096} INFO - Sync 3 DAGs
[2025-07-17T17:21:13.608+0000] {logging_mixin.py:188} INFO - [2025-07-17T17:21:13.605+0000] {dag.py:3954} INFO - Setting next_dagrun for example_subdag_operator to 2022-01-01 00:00:00+00:00, run_after=2022-01-01 00:00:00+00:00
[2025-07-17T17:21:13.619+0000] {logging_mixin.py:188} INFO - [2025-07-17T17:21:13.617+0000] {dag.py:3954} INFO - Setting next_dagrun for example_subdag_operator.section-1 to None, run_after=None
[2025-07-17T17:21:13.628+0000] {logging_mixin.py:188} INFO - [2025-07-17T17:21:13.625+0000] {dag.py:3954} INFO - Setting next_dagrun for example_subdag_operator.section-2 to None, run_after=None
[2025-07-17T17:21:13.659+0000] {logging_mixin.py:188} INFO - [2025-07-17T17:21:13.658+0000] {dag.py:3096} INFO - Sync 2 DAGs
[2025-07-17T17:21:13.667+0000] {logging_mixin.py:188} INFO - [2025-07-17T17:21:13.665+0000] {dag.py:3954} INFO - Setting next_dagrun for example_subdag_operator.section-1 to None, run_after=None
[2025-07-17T17:21:13.671+0000] {logging_mixin.py:188} INFO - [2025-07-17T17:21:13.669+0000] {dag.py:3954} INFO - Setting next_dagrun for example_subdag_operator.section-2 to None, run_after=None
[2025-07-17T17:21:14.002+0000] {processor.py:183} INFO - Processing /mnt/c/Users/Shivam Gupta/OneDrive/Documents/Shivam_Developement/DATA_ENGINEERING/data_engineering_project/batch-etl-pyspark/.venv/lib/python3.12/site-packages/airflow/example_dags/example_subdag_operator.py took 0.945 seconds
[2025-07-17T17:23:02.506+0000] {processor.py:161} INFO - Started process (PID=2170) to work on /mnt/c/Users/Shivam Gupta/OneDrive/Documents/Shivam_Developement/DATA_ENGINEERING/data_engineering_project/batch-etl-pyspark/.venv/lib/python3.12/site-packages/airflow/example_dags/example_subdag_operator.py
[2025-07-17T17:23:02.509+0000] {processor.py:830} INFO - Processing file /mnt/c/Users/Shivam Gupta/OneDrive/Documents/Shivam_Developement/DATA_ENGINEERING/data_engineering_project/batch-etl-pyspark/.venv/lib/python3.12/site-packages/airflow/example_dags/example_subdag_operator.py for tasks to queue
[2025-07-17T17:23:02.513+0000] {logging_mixin.py:188} INFO - [2025-07-17T17:23:02.512+0000] {dagbag.py:545} INFO - Filling up the DagBag from /mnt/c/Users/Shivam Gupta/OneDrive/Documents/Shivam_Developement/DATA_ENGINEERING/data_engineering_project/batch-etl-pyspark/.venv/lib/python3.12/site-packages/airflow/example_dags/example_subdag_operator.py
[2025-07-17T17:23:02.592+0000] {processor.py:840} INFO - DAG(s) 'example_subdag_operator.section-1', 'example_subdag_operator.section-2', 'example_subdag_operator' retrieved from /mnt/c/Users/Shivam Gupta/OneDrive/Documents/Shivam_Developement/DATA_ENGINEERING/data_engineering_project/batch-etl-pyspark/.venv/lib/python3.12/site-packages/airflow/example_dags/example_subdag_operator.py
[2025-07-17T17:23:02.624+0000] {logging_mixin.py:188} INFO - [2025-07-17T17:23:02.623+0000] {dag.py:3096} INFO - Sync 3 DAGs
[2025-07-17T17:23:02.650+0000] {logging_mixin.py:188} INFO - [2025-07-17T17:23:02.649+0000] {dag.py:3954} INFO - Setting next_dagrun for example_subdag_operator to 2022-01-01 00:00:00+00:00, run_after=2022-01-01 00:00:00+00:00
[2025-07-17T17:23:02.658+0000] {logging_mixin.py:188} INFO - [2025-07-17T17:23:02.657+0000] {dag.py:3954} INFO - Setting next_dagrun for example_subdag_operator.section-1 to None, run_after=None
[2025-07-17T17:23:02.662+0000] {logging_mixin.py:188} INFO - [2025-07-17T17:23:02.661+0000] {dag.py:3954} INFO - Setting next_dagrun for example_subdag_operator.section-2 to None, run_after=None
[2025-07-17T17:23:02.682+0000] {logging_mixin.py:188} INFO - [2025-07-17T17:23:02.680+0000] {dag.py:3096} INFO - Sync 2 DAGs
[2025-07-17T17:23:02.688+0000] {logging_mixin.py:188} INFO - [2025-07-17T17:23:02.687+0000] {dag.py:3954} INFO - Setting next_dagrun for example_subdag_operator.section-1 to None, run_after=None
[2025-07-17T17:23:02.691+0000] {logging_mixin.py:188} INFO - [2025-07-17T17:23:02.690+0000] {dag.py:3954} INFO - Setting next_dagrun for example_subdag_operator.section-2 to None, run_after=None
[2025-07-17T17:23:02.750+0000] {processor.py:183} INFO - Processing /mnt/c/Users/Shivam Gupta/OneDrive/Documents/Shivam_Developement/DATA_ENGINEERING/data_engineering_project/batch-etl-pyspark/.venv/lib/python3.12/site-packages/airflow/example_dags/example_subdag_operator.py took 0.263 seconds
[2025-07-17T17:24:57.931+0000] {processor.py:161} INFO - Started process (PID=2239) to work on /mnt/c/Users/Shivam Gupta/OneDrive/Documents/Shivam_Developement/DATA_ENGINEERING/data_engineering_project/batch-etl-pyspark/.venv/lib/python3.12/site-packages/airflow/example_dags/example_subdag_operator.py
[2025-07-17T17:24:57.938+0000] {processor.py:830} INFO - Processing file /mnt/c/Users/Shivam Gupta/OneDrive/Documents/Shivam_Developement/DATA_ENGINEERING/data_engineering_project/batch-etl-pyspark/.venv/lib/python3.12/site-packages/airflow/example_dags/example_subdag_operator.py for tasks to queue
[2025-07-17T17:24:57.946+0000] {logging_mixin.py:188} INFO - [2025-07-17T17:24:57.943+0000] {dagbag.py:545} INFO - Filling up the DagBag from /mnt/c/Users/Shivam Gupta/OneDrive/Documents/Shivam_Developement/DATA_ENGINEERING/data_engineering_project/batch-etl-pyspark/.venv/lib/python3.12/site-packages/airflow/example_dags/example_subdag_operator.py
[2025-07-17T17:24:58.074+0000] {processor.py:840} INFO - DAG(s) 'example_subdag_operator.section-1', 'example_subdag_operator.section-2', 'example_subdag_operator' retrieved from /mnt/c/Users/Shivam Gupta/OneDrive/Documents/Shivam_Developement/DATA_ENGINEERING/data_engineering_project/batch-etl-pyspark/.venv/lib/python3.12/site-packages/airflow/example_dags/example_subdag_operator.py
[2025-07-17T17:24:58.139+0000] {logging_mixin.py:188} INFO - [2025-07-17T17:24:58.137+0000] {dag.py:3096} INFO - Sync 3 DAGs
[2025-07-17T17:24:58.182+0000] {logging_mixin.py:188} INFO - [2025-07-17T17:24:58.180+0000] {dag.py:3954} INFO - Setting next_dagrun for example_subdag_operator to 2022-01-01 00:00:00+00:00, run_after=2022-01-01 00:00:00+00:00
[2025-07-17T17:24:58.195+0000] {logging_mixin.py:188} INFO - [2025-07-17T17:24:58.194+0000] {dag.py:3954} INFO - Setting next_dagrun for example_subdag_operator.section-1 to None, run_after=None
[2025-07-17T17:24:58.208+0000] {logging_mixin.py:188} INFO - [2025-07-17T17:24:58.207+0000] {dag.py:3954} INFO - Setting next_dagrun for example_subdag_operator.section-2 to None, run_after=None
[2025-07-17T17:24:58.353+0000] {logging_mixin.py:188} INFO - [2025-07-17T17:24:58.330+0000] {dag.py:3096} INFO - Sync 2 DAGs
[2025-07-17T17:24:58.416+0000] {logging_mixin.py:188} INFO - [2025-07-17T17:24:58.395+0000] {dag.py:3954} INFO - Setting next_dagrun for example_subdag_operator.section-1 to None, run_after=None
[2025-07-17T17:24:58.421+0000] {logging_mixin.py:188} INFO - [2025-07-17T17:24:58.418+0000] {dag.py:3954} INFO - Setting next_dagrun for example_subdag_operator.section-2 to None, run_after=None
[2025-07-17T17:24:58.567+0000] {processor.py:183} INFO - Processing /mnt/c/Users/Shivam Gupta/OneDrive/Documents/Shivam_Developement/DATA_ENGINEERING/data_engineering_project/batch-etl-pyspark/.venv/lib/python3.12/site-packages/airflow/example_dags/example_subdag_operator.py took 0.648 seconds
[2025-07-17T17:27:01.759+0000] {processor.py:161} INFO - Started process (PID=2313) to work on /mnt/c/Users/Shivam Gupta/OneDrive/Documents/Shivam_Developement/DATA_ENGINEERING/data_engineering_project/batch-etl-pyspark/.venv/lib/python3.12/site-packages/airflow/example_dags/example_subdag_operator.py
[2025-07-17T17:27:01.764+0000] {processor.py:830} INFO - Processing file /mnt/c/Users/Shivam Gupta/OneDrive/Documents/Shivam_Developement/DATA_ENGINEERING/data_engineering_project/batch-etl-pyspark/.venv/lib/python3.12/site-packages/airflow/example_dags/example_subdag_operator.py for tasks to queue
[2025-07-17T17:27:01.773+0000] {logging_mixin.py:188} INFO - [2025-07-17T17:27:01.770+0000] {dagbag.py:545} INFO - Filling up the DagBag from /mnt/c/Users/Shivam Gupta/OneDrive/Documents/Shivam_Developement/DATA_ENGINEERING/data_engineering_project/batch-etl-pyspark/.venv/lib/python3.12/site-packages/airflow/example_dags/example_subdag_operator.py
[2025-07-17T17:27:01.939+0000] {processor.py:840} INFO - DAG(s) 'example_subdag_operator.section-1', 'example_subdag_operator.section-2', 'example_subdag_operator' retrieved from /mnt/c/Users/Shivam Gupta/OneDrive/Documents/Shivam_Developement/DATA_ENGINEERING/data_engineering_project/batch-etl-pyspark/.venv/lib/python3.12/site-packages/airflow/example_dags/example_subdag_operator.py
[2025-07-17T17:27:01.994+0000] {logging_mixin.py:188} INFO - [2025-07-17T17:27:01.993+0000] {dag.py:3096} INFO - Sync 3 DAGs
[2025-07-17T17:27:02.036+0000] {logging_mixin.py:188} INFO - [2025-07-17T17:27:02.034+0000] {dag.py:3954} INFO - Setting next_dagrun for example_subdag_operator to 2022-01-01 00:00:00+00:00, run_after=2022-01-01 00:00:00+00:00
[2025-07-17T17:27:02.048+0000] {logging_mixin.py:188} INFO - [2025-07-17T17:27:02.046+0000] {dag.py:3954} INFO - Setting next_dagrun for example_subdag_operator.section-1 to None, run_after=None
[2025-07-17T17:27:02.054+0000] {logging_mixin.py:188} INFO - [2025-07-17T17:27:02.052+0000] {dag.py:3954} INFO - Setting next_dagrun for example_subdag_operator.section-2 to None, run_after=None
[2025-07-17T17:27:02.085+0000] {logging_mixin.py:188} INFO - [2025-07-17T17:27:02.083+0000] {dag.py:3096} INFO - Sync 2 DAGs
[2025-07-17T17:27:02.096+0000] {logging_mixin.py:188} INFO - [2025-07-17T17:27:02.094+0000] {dag.py:3954} INFO - Setting next_dagrun for example_subdag_operator.section-1 to None, run_after=None
[2025-07-17T17:27:02.100+0000] {logging_mixin.py:188} INFO - [2025-07-17T17:27:02.098+0000] {dag.py:3954} INFO - Setting next_dagrun for example_subdag_operator.section-2 to None, run_after=None
[2025-07-17T17:27:02.230+0000] {processor.py:183} INFO - Processing /mnt/c/Users/Shivam Gupta/OneDrive/Documents/Shivam_Developement/DATA_ENGINEERING/data_engineering_project/batch-etl-pyspark/.venv/lib/python3.12/site-packages/airflow/example_dags/example_subdag_operator.py took 0.500 seconds
[2025-07-17T17:32:53.562+0000] {processor.py:161} INFO - Started process (PID=2478) to work on /mnt/c/Users/Shivam Gupta/OneDrive/Documents/Shivam_Developement/DATA_ENGINEERING/data_engineering_project/batch-etl-pyspark/.venv/lib/python3.12/site-packages/airflow/example_dags/example_subdag_operator.py
[2025-07-17T17:32:53.564+0000] {processor.py:830} INFO - Processing file /mnt/c/Users/Shivam Gupta/OneDrive/Documents/Shivam_Developement/DATA_ENGINEERING/data_engineering_project/batch-etl-pyspark/.venv/lib/python3.12/site-packages/airflow/example_dags/example_subdag_operator.py for tasks to queue
[2025-07-17T17:32:53.567+0000] {logging_mixin.py:188} INFO - [2025-07-17T17:32:53.566+0000] {dagbag.py:545} INFO - Filling up the DagBag from /mnt/c/Users/Shivam Gupta/OneDrive/Documents/Shivam_Developement/DATA_ENGINEERING/data_engineering_project/batch-etl-pyspark/.venv/lib/python3.12/site-packages/airflow/example_dags/example_subdag_operator.py
[2025-07-17T17:32:53.658+0000] {processor.py:840} INFO - DAG(s) 'example_subdag_operator.section-1', 'example_subdag_operator.section-2', 'example_subdag_operator' retrieved from /mnt/c/Users/Shivam Gupta/OneDrive/Documents/Shivam_Developement/DATA_ENGINEERING/data_engineering_project/batch-etl-pyspark/.venv/lib/python3.12/site-packages/airflow/example_dags/example_subdag_operator.py
[2025-07-17T17:32:53.706+0000] {logging_mixin.py:188} INFO - [2025-07-17T17:32:53.704+0000] {dag.py:3096} INFO - Sync 3 DAGs
[2025-07-17T17:32:53.856+0000] {logging_mixin.py:188} INFO - [2025-07-17T17:32:53.854+0000] {dag.py:3954} INFO - Setting next_dagrun for example_subdag_operator to 2022-01-01 00:00:00+00:00, run_after=2022-01-01 00:00:00+00:00
[2025-07-17T17:32:53.868+0000] {logging_mixin.py:188} INFO - [2025-07-17T17:32:53.866+0000] {dag.py:3954} INFO - Setting next_dagrun for example_subdag_operator.section-1 to None, run_after=None
[2025-07-17T17:32:53.874+0000] {logging_mixin.py:188} INFO - [2025-07-17T17:32:53.873+0000] {dag.py:3954} INFO - Setting next_dagrun for example_subdag_operator.section-2 to None, run_after=None
[2025-07-17T17:32:53.903+0000] {logging_mixin.py:188} INFO - [2025-07-17T17:32:53.901+0000] {dag.py:3096} INFO - Sync 2 DAGs
[2025-07-17T17:32:53.909+0000] {logging_mixin.py:188} INFO - [2025-07-17T17:32:53.907+0000] {dag.py:3954} INFO - Setting next_dagrun for example_subdag_operator.section-1 to None, run_after=None
[2025-07-17T17:32:53.912+0000] {logging_mixin.py:188} INFO - [2025-07-17T17:32:53.911+0000] {dag.py:3954} INFO - Setting next_dagrun for example_subdag_operator.section-2 to None, run_after=None
[2025-07-17T17:32:53.994+0000] {processor.py:183} INFO - Processing /mnt/c/Users/Shivam Gupta/OneDrive/Documents/Shivam_Developement/DATA_ENGINEERING/data_engineering_project/batch-etl-pyspark/.venv/lib/python3.12/site-packages/airflow/example_dags/example_subdag_operator.py took 0.448 seconds
[2025-07-17T17:34:59.306+0000] {processor.py:161} INFO - Started process (PID=2552) to work on /mnt/c/Users/Shivam Gupta/OneDrive/Documents/Shivam_Developement/DATA_ENGINEERING/data_engineering_project/batch-etl-pyspark/.venv/lib/python3.12/site-packages/airflow/example_dags/example_subdag_operator.py
[2025-07-17T17:34:59.314+0000] {processor.py:830} INFO - Processing file /mnt/c/Users/Shivam Gupta/OneDrive/Documents/Shivam_Developement/DATA_ENGINEERING/data_engineering_project/batch-etl-pyspark/.venv/lib/python3.12/site-packages/airflow/example_dags/example_subdag_operator.py for tasks to queue
[2025-07-17T17:34:59.321+0000] {logging_mixin.py:188} INFO - [2025-07-17T17:34:59.319+0000] {dagbag.py:545} INFO - Filling up the DagBag from /mnt/c/Users/Shivam Gupta/OneDrive/Documents/Shivam_Developement/DATA_ENGINEERING/data_engineering_project/batch-etl-pyspark/.venv/lib/python3.12/site-packages/airflow/example_dags/example_subdag_operator.py
[2025-07-17T17:34:59.442+0000] {processor.py:840} INFO - DAG(s) 'example_subdag_operator.section-1', 'example_subdag_operator.section-2', 'example_subdag_operator' retrieved from /mnt/c/Users/Shivam Gupta/OneDrive/Documents/Shivam_Developement/DATA_ENGINEERING/data_engineering_project/batch-etl-pyspark/.venv/lib/python3.12/site-packages/airflow/example_dags/example_subdag_operator.py
[2025-07-17T17:34:59.505+0000] {logging_mixin.py:188} INFO - [2025-07-17T17:34:59.503+0000] {dag.py:3096} INFO - Sync 3 DAGs
[2025-07-17T17:34:59.546+0000] {logging_mixin.py:188} INFO - [2025-07-17T17:34:59.544+0000] {dag.py:3954} INFO - Setting next_dagrun for example_subdag_operator to 2022-01-01 00:00:00+00:00, run_after=2022-01-01 00:00:00+00:00
[2025-07-17T17:34:59.558+0000] {logging_mixin.py:188} INFO - [2025-07-17T17:34:59.556+0000] {dag.py:3954} INFO - Setting next_dagrun for example_subdag_operator.section-1 to None, run_after=None
[2025-07-17T17:34:59.569+0000] {logging_mixin.py:188} INFO - [2025-07-17T17:34:59.567+0000] {dag.py:3954} INFO - Setting next_dagrun for example_subdag_operator.section-2 to None, run_after=None
[2025-07-17T17:34:59.603+0000] {logging_mixin.py:188} INFO - [2025-07-17T17:34:59.601+0000] {dag.py:3096} INFO - Sync 2 DAGs
[2025-07-17T17:34:59.610+0000] {logging_mixin.py:188} INFO - [2025-07-17T17:34:59.608+0000] {dag.py:3954} INFO - Setting next_dagrun for example_subdag_operator.section-1 to None, run_after=None
[2025-07-17T17:34:59.613+0000] {logging_mixin.py:188} INFO - [2025-07-17T17:34:59.612+0000] {dag.py:3954} INFO - Setting next_dagrun for example_subdag_operator.section-2 to None, run_after=None
[2025-07-17T17:34:59.701+0000] {processor.py:183} INFO - Processing /mnt/c/Users/Shivam Gupta/OneDrive/Documents/Shivam_Developement/DATA_ENGINEERING/data_engineering_project/batch-etl-pyspark/.venv/lib/python3.12/site-packages/airflow/example_dags/example_subdag_operator.py took 0.424 seconds
[2025-07-17T17:36:55.492+0000] {processor.py:161} INFO - Started process (PID=2622) to work on /mnt/c/Users/Shivam Gupta/OneDrive/Documents/Shivam_Developement/DATA_ENGINEERING/data_engineering_project/batch-etl-pyspark/.venv/lib/python3.12/site-packages/airflow/example_dags/example_subdag_operator.py
[2025-07-17T17:36:55.494+0000] {processor.py:830} INFO - Processing file /mnt/c/Users/Shivam Gupta/OneDrive/Documents/Shivam_Developement/DATA_ENGINEERING/data_engineering_project/batch-etl-pyspark/.venv/lib/python3.12/site-packages/airflow/example_dags/example_subdag_operator.py for tasks to queue
[2025-07-17T17:36:55.497+0000] {logging_mixin.py:188} INFO - [2025-07-17T17:36:55.496+0000] {dagbag.py:545} INFO - Filling up the DagBag from /mnt/c/Users/Shivam Gupta/OneDrive/Documents/Shivam_Developement/DATA_ENGINEERING/data_engineering_project/batch-etl-pyspark/.venv/lib/python3.12/site-packages/airflow/example_dags/example_subdag_operator.py
[2025-07-17T17:36:55.752+0000] {processor.py:840} INFO - DAG(s) 'example_subdag_operator.section-1', 'example_subdag_operator.section-2', 'example_subdag_operator' retrieved from /mnt/c/Users/Shivam Gupta/OneDrive/Documents/Shivam_Developement/DATA_ENGINEERING/data_engineering_project/batch-etl-pyspark/.venv/lib/python3.12/site-packages/airflow/example_dags/example_subdag_operator.py
[2025-07-17T17:36:55.813+0000] {logging_mixin.py:188} INFO - [2025-07-17T17:36:55.803+0000] {dag.py:3096} INFO - Sync 3 DAGs
[2025-07-17T17:36:55.901+0000] {logging_mixin.py:188} INFO - [2025-07-17T17:36:55.898+0000] {dag.py:3954} INFO - Setting next_dagrun for example_subdag_operator to 2022-01-01 00:00:00+00:00, run_after=2022-01-01 00:00:00+00:00
[2025-07-17T17:36:55.975+0000] {logging_mixin.py:188} INFO - [2025-07-17T17:36:55.951+0000] {dag.py:3954} INFO - Setting next_dagrun for example_subdag_operator.section-1 to None, run_after=None
[2025-07-17T17:36:55.983+0000] {logging_mixin.py:188} INFO - [2025-07-17T17:36:55.983+0000] {dag.py:3954} INFO - Setting next_dagrun for example_subdag_operator.section-2 to None, run_after=None
[2025-07-17T17:36:56.005+0000] {logging_mixin.py:188} INFO - [2025-07-17T17:36:56.003+0000] {dag.py:3096} INFO - Sync 2 DAGs
[2025-07-17T17:36:56.011+0000] {logging_mixin.py:188} INFO - [2025-07-17T17:36:56.009+0000] {dag.py:3954} INFO - Setting next_dagrun for example_subdag_operator.section-1 to None, run_after=None
[2025-07-17T17:36:56.018+0000] {logging_mixin.py:188} INFO - [2025-07-17T17:36:56.015+0000] {dag.py:3954} INFO - Setting next_dagrun for example_subdag_operator.section-2 to None, run_after=None
[2025-07-17T17:36:56.117+0000] {processor.py:183} INFO - Processing /mnt/c/Users/Shivam Gupta/OneDrive/Documents/Shivam_Developement/DATA_ENGINEERING/data_engineering_project/batch-etl-pyspark/.venv/lib/python3.12/site-packages/airflow/example_dags/example_subdag_operator.py took 0.643 seconds
[2025-07-17T17:38:49.116+0000] {processor.py:161} INFO - Started process (PID=2685) to work on /mnt/c/Users/Shivam Gupta/OneDrive/Documents/Shivam_Developement/DATA_ENGINEERING/data_engineering_project/batch-etl-pyspark/.venv/lib/python3.12/site-packages/airflow/example_dags/example_subdag_operator.py
[2025-07-17T17:38:49.121+0000] {processor.py:830} INFO - Processing file /mnt/c/Users/Shivam Gupta/OneDrive/Documents/Shivam_Developement/DATA_ENGINEERING/data_engineering_project/batch-etl-pyspark/.venv/lib/python3.12/site-packages/airflow/example_dags/example_subdag_operator.py for tasks to queue
[2025-07-17T17:38:49.131+0000] {logging_mixin.py:188} INFO - [2025-07-17T17:38:49.127+0000] {dagbag.py:545} INFO - Filling up the DagBag from /mnt/c/Users/Shivam Gupta/OneDrive/Documents/Shivam_Developement/DATA_ENGINEERING/data_engineering_project/batch-etl-pyspark/.venv/lib/python3.12/site-packages/airflow/example_dags/example_subdag_operator.py
[2025-07-17T17:38:49.291+0000] {processor.py:840} INFO - DAG(s) 'example_subdag_operator.section-1', 'example_subdag_operator.section-2', 'example_subdag_operator' retrieved from /mnt/c/Users/Shivam Gupta/OneDrive/Documents/Shivam_Developement/DATA_ENGINEERING/data_engineering_project/batch-etl-pyspark/.venv/lib/python3.12/site-packages/airflow/example_dags/example_subdag_operator.py
[2025-07-17T17:38:49.339+0000] {logging_mixin.py:188} INFO - [2025-07-17T17:38:49.337+0000] {dag.py:3096} INFO - Sync 3 DAGs
[2025-07-17T17:38:49.372+0000] {logging_mixin.py:188} INFO - [2025-07-17T17:38:49.370+0000] {dag.py:3954} INFO - Setting next_dagrun for example_subdag_operator to 2022-01-01 00:00:00+00:00, run_after=2022-01-01 00:00:00+00:00
[2025-07-17T17:38:49.379+0000] {logging_mixin.py:188} INFO - [2025-07-17T17:38:49.378+0000] {dag.py:3954} INFO - Setting next_dagrun for example_subdag_operator.section-1 to None, run_after=None
[2025-07-17T17:38:49.389+0000] {logging_mixin.py:188} INFO - [2025-07-17T17:38:49.386+0000] {dag.py:3954} INFO - Setting next_dagrun for example_subdag_operator.section-2 to None, run_after=None
[2025-07-17T17:38:49.423+0000] {logging_mixin.py:188} INFO - [2025-07-17T17:38:49.421+0000] {dag.py:3096} INFO - Sync 2 DAGs
[2025-07-17T17:38:49.434+0000] {logging_mixin.py:188} INFO - [2025-07-17T17:38:49.431+0000] {dag.py:3954} INFO - Setting next_dagrun for example_subdag_operator.section-1 to None, run_after=None
[2025-07-17T17:38:49.438+0000] {logging_mixin.py:188} INFO - [2025-07-17T17:38:49.436+0000] {dag.py:3954} INFO - Setting next_dagrun for example_subdag_operator.section-2 to None, run_after=None
[2025-07-17T17:38:49.548+0000] {processor.py:183} INFO - Processing /mnt/c/Users/Shivam Gupta/OneDrive/Documents/Shivam_Developement/DATA_ENGINEERING/data_engineering_project/batch-etl-pyspark/.venv/lib/python3.12/site-packages/airflow/example_dags/example_subdag_operator.py took 0.469 seconds
[2025-07-17T17:40:30.374+0000] {processor.py:161} INFO - Started process (PID=2748) to work on /mnt/c/Users/Shivam Gupta/OneDrive/Documents/Shivam_Developement/DATA_ENGINEERING/data_engineering_project/batch-etl-pyspark/.venv/lib/python3.12/site-packages/airflow/example_dags/example_subdag_operator.py
[2025-07-17T17:40:30.377+0000] {processor.py:830} INFO - Processing file /mnt/c/Users/Shivam Gupta/OneDrive/Documents/Shivam_Developement/DATA_ENGINEERING/data_engineering_project/batch-etl-pyspark/.venv/lib/python3.12/site-packages/airflow/example_dags/example_subdag_operator.py for tasks to queue
[2025-07-17T17:40:30.380+0000] {logging_mixin.py:188} INFO - [2025-07-17T17:40:30.379+0000] {dagbag.py:545} INFO - Filling up the DagBag from /mnt/c/Users/Shivam Gupta/OneDrive/Documents/Shivam_Developement/DATA_ENGINEERING/data_engineering_project/batch-etl-pyspark/.venv/lib/python3.12/site-packages/airflow/example_dags/example_subdag_operator.py
[2025-07-17T17:40:30.456+0000] {processor.py:840} INFO - DAG(s) 'example_subdag_operator.section-1', 'example_subdag_operator.section-2', 'example_subdag_operator' retrieved from /mnt/c/Users/Shivam Gupta/OneDrive/Documents/Shivam_Developement/DATA_ENGINEERING/data_engineering_project/batch-etl-pyspark/.venv/lib/python3.12/site-packages/airflow/example_dags/example_subdag_operator.py
[2025-07-17T17:40:30.491+0000] {logging_mixin.py:188} INFO - [2025-07-17T17:40:30.488+0000] {dag.py:3096} INFO - Sync 3 DAGs
[2025-07-17T17:40:30.526+0000] {logging_mixin.py:188} INFO - [2025-07-17T17:40:30.524+0000] {dag.py:3954} INFO - Setting next_dagrun for example_subdag_operator to 2022-01-01 00:00:00+00:00, run_after=2022-01-01 00:00:00+00:00
[2025-07-17T17:40:30.540+0000] {logging_mixin.py:188} INFO - [2025-07-17T17:40:30.537+0000] {dag.py:3954} INFO - Setting next_dagrun for example_subdag_operator.section-1 to None, run_after=None
[2025-07-17T17:40:30.551+0000] {logging_mixin.py:188} INFO - [2025-07-17T17:40:30.548+0000] {dag.py:3954} INFO - Setting next_dagrun for example_subdag_operator.section-2 to None, run_after=None
[2025-07-17T17:40:30.586+0000] {logging_mixin.py:188} INFO - [2025-07-17T17:40:30.583+0000] {dag.py:3096} INFO - Sync 2 DAGs
[2025-07-17T17:40:30.595+0000] {logging_mixin.py:188} INFO - [2025-07-17T17:40:30.592+0000] {dag.py:3954} INFO - Setting next_dagrun for example_subdag_operator.section-1 to None, run_after=None
[2025-07-17T17:40:30.601+0000] {logging_mixin.py:188} INFO - [2025-07-17T17:40:30.598+0000] {dag.py:3954} INFO - Setting next_dagrun for example_subdag_operator.section-2 to None, run_after=None
[2025-07-17T17:40:30.678+0000] {processor.py:183} INFO - Processing /mnt/c/Users/Shivam Gupta/OneDrive/Documents/Shivam_Developement/DATA_ENGINEERING/data_engineering_project/batch-etl-pyspark/.venv/lib/python3.12/site-packages/airflow/example_dags/example_subdag_operator.py took 0.330 seconds
[2025-07-17T17:42:14.370+0000] {processor.py:161} INFO - Started process (PID=2804) to work on /mnt/c/Users/Shivam Gupta/OneDrive/Documents/Shivam_Developement/DATA_ENGINEERING/data_engineering_project/batch-etl-pyspark/.venv/lib/python3.12/site-packages/airflow/example_dags/example_subdag_operator.py
[2025-07-17T17:42:14.373+0000] {processor.py:830} INFO - Processing file /mnt/c/Users/Shivam Gupta/OneDrive/Documents/Shivam_Developement/DATA_ENGINEERING/data_engineering_project/batch-etl-pyspark/.venv/lib/python3.12/site-packages/airflow/example_dags/example_subdag_operator.py for tasks to queue
[2025-07-17T17:42:14.376+0000] {logging_mixin.py:188} INFO - [2025-07-17T17:42:14.374+0000] {dagbag.py:545} INFO - Filling up the DagBag from /mnt/c/Users/Shivam Gupta/OneDrive/Documents/Shivam_Developement/DATA_ENGINEERING/data_engineering_project/batch-etl-pyspark/.venv/lib/python3.12/site-packages/airflow/example_dags/example_subdag_operator.py
[2025-07-17T17:42:14.485+0000] {processor.py:840} INFO - DAG(s) 'example_subdag_operator.section-1', 'example_subdag_operator.section-2', 'example_subdag_operator' retrieved from /mnt/c/Users/Shivam Gupta/OneDrive/Documents/Shivam_Developement/DATA_ENGINEERING/data_engineering_project/batch-etl-pyspark/.venv/lib/python3.12/site-packages/airflow/example_dags/example_subdag_operator.py
[2025-07-17T17:42:14.518+0000] {logging_mixin.py:188} INFO - [2025-07-17T17:42:14.517+0000] {dag.py:3096} INFO - Sync 3 DAGs
[2025-07-17T17:42:14.538+0000] {logging_mixin.py:188} INFO - [2025-07-17T17:42:14.537+0000] {dag.py:3954} INFO - Setting next_dagrun for example_subdag_operator to 2022-01-01 00:00:00+00:00, run_after=2022-01-01 00:00:00+00:00
[2025-07-17T17:42:14.544+0000] {logging_mixin.py:188} INFO - [2025-07-17T17:42:14.543+0000] {dag.py:3954} INFO - Setting next_dagrun for example_subdag_operator.section-1 to None, run_after=None
[2025-07-17T17:42:14.548+0000] {logging_mixin.py:188} INFO - [2025-07-17T17:42:14.547+0000] {dag.py:3954} INFO - Setting next_dagrun for example_subdag_operator.section-2 to None, run_after=None
[2025-07-17T17:42:14.563+0000] {logging_mixin.py:188} INFO - [2025-07-17T17:42:14.563+0000] {dag.py:3096} INFO - Sync 2 DAGs
[2025-07-17T17:42:14.570+0000] {logging_mixin.py:188} INFO - [2025-07-17T17:42:14.569+0000] {dag.py:3954} INFO - Setting next_dagrun for example_subdag_operator.section-1 to None, run_after=None
[2025-07-17T17:42:14.572+0000] {logging_mixin.py:188} INFO - [2025-07-17T17:42:14.571+0000] {dag.py:3954} INFO - Setting next_dagrun for example_subdag_operator.section-2 to None, run_after=None
[2025-07-17T17:42:14.640+0000] {processor.py:183} INFO - Processing /mnt/c/Users/Shivam Gupta/OneDrive/Documents/Shivam_Developement/DATA_ENGINEERING/data_engineering_project/batch-etl-pyspark/.venv/lib/python3.12/site-packages/airflow/example_dags/example_subdag_operator.py took 0.286 seconds
[2025-07-17T17:43:55.786+0000] {processor.py:161} INFO - Started process (PID=2865) to work on /mnt/c/Users/Shivam Gupta/OneDrive/Documents/Shivam_Developement/DATA_ENGINEERING/data_engineering_project/batch-etl-pyspark/.venv/lib/python3.12/site-packages/airflow/example_dags/example_subdag_operator.py
[2025-07-17T17:43:55.787+0000] {processor.py:830} INFO - Processing file /mnt/c/Users/Shivam Gupta/OneDrive/Documents/Shivam_Developement/DATA_ENGINEERING/data_engineering_project/batch-etl-pyspark/.venv/lib/python3.12/site-packages/airflow/example_dags/example_subdag_operator.py for tasks to queue
[2025-07-17T17:43:55.789+0000] {logging_mixin.py:188} INFO - [2025-07-17T17:43:55.788+0000] {dagbag.py:545} INFO - Filling up the DagBag from /mnt/c/Users/Shivam Gupta/OneDrive/Documents/Shivam_Developement/DATA_ENGINEERING/data_engineering_project/batch-etl-pyspark/.venv/lib/python3.12/site-packages/airflow/example_dags/example_subdag_operator.py
[2025-07-17T17:43:56.051+0000] {processor.py:840} INFO - DAG(s) 'example_subdag_operator.section-1', 'example_subdag_operator.section-2', 'example_subdag_operator' retrieved from /mnt/c/Users/Shivam Gupta/OneDrive/Documents/Shivam_Developement/DATA_ENGINEERING/data_engineering_project/batch-etl-pyspark/.venv/lib/python3.12/site-packages/airflow/example_dags/example_subdag_operator.py
[2025-07-17T17:43:56.174+0000] {logging_mixin.py:188} INFO - [2025-07-17T17:43:56.172+0000] {dag.py:3096} INFO - Sync 3 DAGs
[2025-07-17T17:43:56.304+0000] {logging_mixin.py:188} INFO - [2025-07-17T17:43:56.302+0000] {dag.py:3954} INFO - Setting next_dagrun for example_subdag_operator to 2022-01-01 00:00:00+00:00, run_after=2022-01-01 00:00:00+00:00
[2025-07-17T17:43:56.366+0000] {logging_mixin.py:188} INFO - [2025-07-17T17:43:56.355+0000] {dag.py:3954} INFO - Setting next_dagrun for example_subdag_operator.section-1 to None, run_after=None
[2025-07-17T17:43:56.400+0000] {logging_mixin.py:188} INFO - [2025-07-17T17:43:56.398+0000] {dag.py:3954} INFO - Setting next_dagrun for example_subdag_operator.section-2 to None, run_after=None
[2025-07-17T17:43:56.421+0000] {logging_mixin.py:188} INFO - [2025-07-17T17:43:56.419+0000] {dag.py:3096} INFO - Sync 2 DAGs
[2025-07-17T17:43:56.428+0000] {logging_mixin.py:188} INFO - [2025-07-17T17:43:56.426+0000] {dag.py:3954} INFO - Setting next_dagrun for example_subdag_operator.section-1 to None, run_after=None
[2025-07-17T17:43:56.441+0000] {logging_mixin.py:188} INFO - [2025-07-17T17:43:56.430+0000] {dag.py:3954} INFO - Setting next_dagrun for example_subdag_operator.section-2 to None, run_after=None
[2025-07-17T17:43:56.657+0000] {processor.py:183} INFO - Processing /mnt/c/Users/Shivam Gupta/OneDrive/Documents/Shivam_Developement/DATA_ENGINEERING/data_engineering_project/batch-etl-pyspark/.venv/lib/python3.12/site-packages/airflow/example_dags/example_subdag_operator.py took 0.889 seconds
[2025-07-17T17:45:43.785+0000] {processor.py:161} INFO - Started process (PID=2919) to work on /mnt/c/Users/Shivam Gupta/OneDrive/Documents/Shivam_Developement/DATA_ENGINEERING/data_engineering_project/batch-etl-pyspark/.venv/lib/python3.12/site-packages/airflow/example_dags/example_subdag_operator.py
[2025-07-17T17:45:43.802+0000] {processor.py:830} INFO - Processing file /mnt/c/Users/Shivam Gupta/OneDrive/Documents/Shivam_Developement/DATA_ENGINEERING/data_engineering_project/batch-etl-pyspark/.venv/lib/python3.12/site-packages/airflow/example_dags/example_subdag_operator.py for tasks to queue
[2025-07-17T17:45:43.828+0000] {logging_mixin.py:188} INFO - [2025-07-17T17:45:43.823+0000] {dagbag.py:545} INFO - Filling up the DagBag from /mnt/c/Users/Shivam Gupta/OneDrive/Documents/Shivam_Developement/DATA_ENGINEERING/data_engineering_project/batch-etl-pyspark/.venv/lib/python3.12/site-packages/airflow/example_dags/example_subdag_operator.py
[2025-07-17T17:45:45.814+0000] {processor.py:840} INFO - DAG(s) 'example_subdag_operator.section-1', 'example_subdag_operator.section-2', 'example_subdag_operator' retrieved from /mnt/c/Users/Shivam Gupta/OneDrive/Documents/Shivam_Developement/DATA_ENGINEERING/data_engineering_project/batch-etl-pyspark/.venv/lib/python3.12/site-packages/airflow/example_dags/example_subdag_operator.py
[2025-07-17T17:45:46.607+0000] {logging_mixin.py:188} INFO - [2025-07-17T17:45:46.605+0000] {dag.py:3096} INFO - Sync 3 DAGs
[2025-07-17T17:45:46.958+0000] {logging_mixin.py:188} INFO - [2025-07-17T17:45:46.912+0000] {dag.py:3954} INFO - Setting next_dagrun for example_subdag_operator to 2022-01-01 00:00:00+00:00, run_after=2022-01-01 00:00:00+00:00
[2025-07-17T17:45:47.020+0000] {logging_mixin.py:188} INFO - [2025-07-17T17:45:47.014+0000] {dag.py:3954} INFO - Setting next_dagrun for example_subdag_operator.section-1 to None, run_after=None
[2025-07-17T17:45:47.110+0000] {logging_mixin.py:188} INFO - [2025-07-17T17:45:47.095+0000] {dag.py:3954} INFO - Setting next_dagrun for example_subdag_operator.section-2 to None, run_after=None
[2025-07-17T17:45:47.135+0000] {logging_mixin.py:188} INFO - [2025-07-17T17:45:47.134+0000] {dag.py:3096} INFO - Sync 2 DAGs
[2025-07-17T17:45:47.161+0000] {logging_mixin.py:188} INFO - [2025-07-17T17:45:47.144+0000] {dag.py:3954} INFO - Setting next_dagrun for example_subdag_operator.section-1 to None, run_after=None
[2025-07-17T17:45:47.226+0000] {logging_mixin.py:188} INFO - [2025-07-17T17:45:47.200+0000] {dag.py:3954} INFO - Setting next_dagrun for example_subdag_operator.section-2 to None, run_after=None
[2025-07-17T17:45:47.958+0000] {processor.py:183} INFO - Processing /mnt/c/Users/Shivam Gupta/OneDrive/Documents/Shivam_Developement/DATA_ENGINEERING/data_engineering_project/batch-etl-pyspark/.venv/lib/python3.12/site-packages/airflow/example_dags/example_subdag_operator.py took 4.346 seconds
[2025-07-17T17:47:22.558+0000] {processor.py:161} INFO - Started process (PID=2980) to work on /mnt/c/Users/Shivam Gupta/OneDrive/Documents/Shivam_Developement/DATA_ENGINEERING/data_engineering_project/batch-etl-pyspark/.venv/lib/python3.12/site-packages/airflow/example_dags/example_subdag_operator.py
[2025-07-17T17:47:22.561+0000] {processor.py:830} INFO - Processing file /mnt/c/Users/Shivam Gupta/OneDrive/Documents/Shivam_Developement/DATA_ENGINEERING/data_engineering_project/batch-etl-pyspark/.venv/lib/python3.12/site-packages/airflow/example_dags/example_subdag_operator.py for tasks to queue
[2025-07-17T17:47:22.565+0000] {logging_mixin.py:188} INFO - [2025-07-17T17:47:22.563+0000] {dagbag.py:545} INFO - Filling up the DagBag from /mnt/c/Users/Shivam Gupta/OneDrive/Documents/Shivam_Developement/DATA_ENGINEERING/data_engineering_project/batch-etl-pyspark/.venv/lib/python3.12/site-packages/airflow/example_dags/example_subdag_operator.py
[2025-07-17T17:47:22.677+0000] {processor.py:840} INFO - DAG(s) 'example_subdag_operator.section-1', 'example_subdag_operator.section-2', 'example_subdag_operator' retrieved from /mnt/c/Users/Shivam Gupta/OneDrive/Documents/Shivam_Developement/DATA_ENGINEERING/data_engineering_project/batch-etl-pyspark/.venv/lib/python3.12/site-packages/airflow/example_dags/example_subdag_operator.py
[2025-07-17T17:47:22.712+0000] {logging_mixin.py:188} INFO - [2025-07-17T17:47:22.711+0000] {dag.py:3096} INFO - Sync 3 DAGs
[2025-07-17T17:47:22.737+0000] {logging_mixin.py:188} INFO - [2025-07-17T17:47:22.736+0000] {dag.py:3954} INFO - Setting next_dagrun for example_subdag_operator to 2022-01-01 00:00:00+00:00, run_after=2022-01-01 00:00:00+00:00
[2025-07-17T17:47:22.744+0000] {logging_mixin.py:188} INFO - [2025-07-17T17:47:22.743+0000] {dag.py:3954} INFO - Setting next_dagrun for example_subdag_operator.section-1 to None, run_after=None
[2025-07-17T17:47:22.749+0000] {logging_mixin.py:188} INFO - [2025-07-17T17:47:22.748+0000] {dag.py:3954} INFO - Setting next_dagrun for example_subdag_operator.section-2 to None, run_after=None
[2025-07-17T17:47:22.776+0000] {logging_mixin.py:188} INFO - [2025-07-17T17:47:22.775+0000] {dag.py:3096} INFO - Sync 2 DAGs
[2025-07-17T17:47:22.782+0000] {logging_mixin.py:188} INFO - [2025-07-17T17:47:22.781+0000] {dag.py:3954} INFO - Setting next_dagrun for example_subdag_operator.section-1 to None, run_after=None
[2025-07-17T17:47:22.785+0000] {logging_mixin.py:188} INFO - [2025-07-17T17:47:22.784+0000] {dag.py:3954} INFO - Setting next_dagrun for example_subdag_operator.section-2 to None, run_after=None
[2025-07-17T17:47:22.878+0000] {processor.py:183} INFO - Processing /mnt/c/Users/Shivam Gupta/OneDrive/Documents/Shivam_Developement/DATA_ENGINEERING/data_engineering_project/batch-etl-pyspark/.venv/lib/python3.12/site-packages/airflow/example_dags/example_subdag_operator.py took 0.343 seconds
[2025-07-17T17:48:35.416+0000] {processor.py:161} INFO - Started process (PID=3037) to work on /mnt/c/Users/Shivam Gupta/OneDrive/Documents/Shivam_Developement/DATA_ENGINEERING/data_engineering_project/batch-etl-pyspark/.venv/lib/python3.12/site-packages/airflow/example_dags/example_subdag_operator.py
[2025-07-17T17:48:35.419+0000] {processor.py:830} INFO - Processing file /mnt/c/Users/Shivam Gupta/OneDrive/Documents/Shivam_Developement/DATA_ENGINEERING/data_engineering_project/batch-etl-pyspark/.venv/lib/python3.12/site-packages/airflow/example_dags/example_subdag_operator.py for tasks to queue
[2025-07-17T17:48:35.424+0000] {logging_mixin.py:188} INFO - [2025-07-17T17:48:35.422+0000] {dagbag.py:545} INFO - Filling up the DagBag from /mnt/c/Users/Shivam Gupta/OneDrive/Documents/Shivam_Developement/DATA_ENGINEERING/data_engineering_project/batch-etl-pyspark/.venv/lib/python3.12/site-packages/airflow/example_dags/example_subdag_operator.py
[2025-07-17T17:48:35.530+0000] {processor.py:840} INFO - DAG(s) 'example_subdag_operator.section-1', 'example_subdag_operator.section-2', 'example_subdag_operator' retrieved from /mnt/c/Users/Shivam Gupta/OneDrive/Documents/Shivam_Developement/DATA_ENGINEERING/data_engineering_project/batch-etl-pyspark/.venv/lib/python3.12/site-packages/airflow/example_dags/example_subdag_operator.py
[2025-07-17T17:48:35.581+0000] {logging_mixin.py:188} INFO - [2025-07-17T17:48:35.579+0000] {dag.py:3096} INFO - Sync 3 DAGs
[2025-07-17T17:48:35.645+0000] {logging_mixin.py:188} INFO - [2025-07-17T17:48:35.642+0000] {dag.py:3954} INFO - Setting next_dagrun for example_subdag_operator to 2022-01-01 00:00:00+00:00, run_after=2022-01-01 00:00:00+00:00
[2025-07-17T17:48:35.667+0000] {logging_mixin.py:188} INFO - [2025-07-17T17:48:35.664+0000] {dag.py:3954} INFO - Setting next_dagrun for example_subdag_operator.section-1 to None, run_after=None
[2025-07-17T17:48:35.677+0000] {logging_mixin.py:188} INFO - [2025-07-17T17:48:35.674+0000] {dag.py:3954} INFO - Setting next_dagrun for example_subdag_operator.section-2 to None, run_after=None
[2025-07-17T17:48:35.715+0000] {logging_mixin.py:188} INFO - [2025-07-17T17:48:35.712+0000] {dag.py:3096} INFO - Sync 2 DAGs
[2025-07-17T17:48:35.725+0000] {logging_mixin.py:188} INFO - [2025-07-17T17:48:35.723+0000] {dag.py:3954} INFO - Setting next_dagrun for example_subdag_operator.section-1 to None, run_after=None
[2025-07-17T17:48:35.727+0000] {logging_mixin.py:188} INFO - [2025-07-17T17:48:35.726+0000] {dag.py:3954} INFO - Setting next_dagrun for example_subdag_operator.section-2 to None, run_after=None
[2025-07-17T17:48:35.828+0000] {processor.py:183} INFO - Processing /mnt/c/Users/Shivam Gupta/OneDrive/Documents/Shivam_Developement/DATA_ENGINEERING/data_engineering_project/batch-etl-pyspark/.venv/lib/python3.12/site-packages/airflow/example_dags/example_subdag_operator.py took 0.430 seconds
[2025-07-17T17:50:31.642+0000] {processor.py:161} INFO - Started process (PID=3138) to work on /mnt/c/Users/Shivam Gupta/OneDrive/Documents/Shivam_Developement/DATA_ENGINEERING/data_engineering_project/batch-etl-pyspark/.venv/lib/python3.12/site-packages/airflow/example_dags/example_subdag_operator.py
[2025-07-17T17:50:31.646+0000] {processor.py:830} INFO - Processing file /mnt/c/Users/Shivam Gupta/OneDrive/Documents/Shivam_Developement/DATA_ENGINEERING/data_engineering_project/batch-etl-pyspark/.venv/lib/python3.12/site-packages/airflow/example_dags/example_subdag_operator.py for tasks to queue
[2025-07-17T17:50:31.648+0000] {logging_mixin.py:188} INFO - [2025-07-17T17:50:31.647+0000] {dagbag.py:545} INFO - Filling up the DagBag from /mnt/c/Users/Shivam Gupta/OneDrive/Documents/Shivam_Developement/DATA_ENGINEERING/data_engineering_project/batch-etl-pyspark/.venv/lib/python3.12/site-packages/airflow/example_dags/example_subdag_operator.py
[2025-07-17T17:50:31.711+0000] {processor.py:840} INFO - DAG(s) 'example_subdag_operator.section-1', 'example_subdag_operator.section-2', 'example_subdag_operator' retrieved from /mnt/c/Users/Shivam Gupta/OneDrive/Documents/Shivam_Developement/DATA_ENGINEERING/data_engineering_project/batch-etl-pyspark/.venv/lib/python3.12/site-packages/airflow/example_dags/example_subdag_operator.py
[2025-07-17T17:50:31.782+0000] {logging_mixin.py:188} INFO - [2025-07-17T17:50:31.779+0000] {dag.py:3096} INFO - Sync 3 DAGs
[2025-07-17T17:50:31.834+0000] {logging_mixin.py:188} INFO - [2025-07-17T17:50:31.832+0000] {dag.py:3954} INFO - Setting next_dagrun for example_subdag_operator to 2022-01-01 00:00:00+00:00, run_after=2022-01-01 00:00:00+00:00
[2025-07-17T17:50:31.852+0000] {logging_mixin.py:188} INFO - [2025-07-17T17:50:31.848+0000] {dag.py:3954} INFO - Setting next_dagrun for example_subdag_operator.section-1 to None, run_after=None
[2025-07-17T17:50:31.866+0000] {logging_mixin.py:188} INFO - [2025-07-17T17:50:31.863+0000] {dag.py:3954} INFO - Setting next_dagrun for example_subdag_operator.section-2 to None, run_after=None
[2025-07-17T17:50:31.949+0000] {logging_mixin.py:188} INFO - [2025-07-17T17:50:31.942+0000] {dag.py:3096} INFO - Sync 2 DAGs
[2025-07-17T17:50:31.958+0000] {logging_mixin.py:188} INFO - [2025-07-17T17:50:31.957+0000] {dag.py:3954} INFO - Setting next_dagrun for example_subdag_operator.section-1 to None, run_after=None
[2025-07-17T17:50:31.959+0000] {logging_mixin.py:188} INFO - [2025-07-17T17:50:31.959+0000] {dag.py:3954} INFO - Setting next_dagrun for example_subdag_operator.section-2 to None, run_after=None
[2025-07-17T17:50:32.333+0000] {processor.py:183} INFO - Processing /mnt/c/Users/Shivam Gupta/OneDrive/Documents/Shivam_Developement/DATA_ENGINEERING/data_engineering_project/batch-etl-pyspark/.venv/lib/python3.12/site-packages/airflow/example_dags/example_subdag_operator.py took 0.702 seconds
[2025-07-17T17:52:41.847+0000] {processor.py:161} INFO - Started process (PID=3240) to work on /mnt/c/Users/Shivam Gupta/OneDrive/Documents/Shivam_Developement/DATA_ENGINEERING/data_engineering_project/batch-etl-pyspark/.venv/lib/python3.12/site-packages/airflow/example_dags/example_subdag_operator.py
[2025-07-17T17:52:41.851+0000] {processor.py:830} INFO - Processing file /mnt/c/Users/Shivam Gupta/OneDrive/Documents/Shivam_Developement/DATA_ENGINEERING/data_engineering_project/batch-etl-pyspark/.venv/lib/python3.12/site-packages/airflow/example_dags/example_subdag_operator.py for tasks to queue
[2025-07-17T17:52:41.854+0000] {logging_mixin.py:188} INFO - [2025-07-17T17:52:41.853+0000] {dagbag.py:545} INFO - Filling up the DagBag from /mnt/c/Users/Shivam Gupta/OneDrive/Documents/Shivam_Developement/DATA_ENGINEERING/data_engineering_project/batch-etl-pyspark/.venv/lib/python3.12/site-packages/airflow/example_dags/example_subdag_operator.py
[2025-07-17T17:52:42.016+0000] {processor.py:840} INFO - DAG(s) 'example_subdag_operator.section-1', 'example_subdag_operator.section-2', 'example_subdag_operator' retrieved from /mnt/c/Users/Shivam Gupta/OneDrive/Documents/Shivam_Developement/DATA_ENGINEERING/data_engineering_project/batch-etl-pyspark/.venv/lib/python3.12/site-packages/airflow/example_dags/example_subdag_operator.py
[2025-07-17T17:52:42.051+0000] {logging_mixin.py:188} INFO - [2025-07-17T17:52:42.050+0000] {dag.py:3096} INFO - Sync 3 DAGs
[2025-07-17T17:52:42.068+0000] {logging_mixin.py:188} INFO - [2025-07-17T17:52:42.067+0000] {dag.py:3954} INFO - Setting next_dagrun for example_subdag_operator to 2022-01-01 00:00:00+00:00, run_after=2022-01-01 00:00:00+00:00
[2025-07-17T17:52:42.073+0000] {logging_mixin.py:188} INFO - [2025-07-17T17:52:42.072+0000] {dag.py:3954} INFO - Setting next_dagrun for example_subdag_operator.section-1 to None, run_after=None
[2025-07-17T17:52:42.085+0000] {logging_mixin.py:188} INFO - [2025-07-17T17:52:42.080+0000] {dag.py:3954} INFO - Setting next_dagrun for example_subdag_operator.section-2 to None, run_after=None
[2025-07-17T17:52:42.140+0000] {logging_mixin.py:188} INFO - [2025-07-17T17:52:42.138+0000] {dag.py:3096} INFO - Sync 2 DAGs
[2025-07-17T17:52:42.146+0000] {logging_mixin.py:188} INFO - [2025-07-17T17:52:42.145+0000] {dag.py:3954} INFO - Setting next_dagrun for example_subdag_operator.section-1 to None, run_after=None
[2025-07-17T17:52:42.157+0000] {logging_mixin.py:188} INFO - [2025-07-17T17:52:42.154+0000] {dag.py:3954} INFO - Setting next_dagrun for example_subdag_operator.section-2 to None, run_after=None
[2025-07-17T17:52:42.319+0000] {processor.py:183} INFO - Processing /mnt/c/Users/Shivam Gupta/OneDrive/Documents/Shivam_Developement/DATA_ENGINEERING/data_engineering_project/batch-etl-pyspark/.venv/lib/python3.12/site-packages/airflow/example_dags/example_subdag_operator.py took 0.491 seconds
[2025-07-17T17:54:45.725+0000] {processor.py:161} INFO - Started process (PID=3341) to work on /mnt/c/Users/Shivam Gupta/OneDrive/Documents/Shivam_Developement/DATA_ENGINEERING/data_engineering_project/batch-etl-pyspark/.venv/lib/python3.12/site-packages/airflow/example_dags/example_subdag_operator.py
[2025-07-17T17:54:45.728+0000] {processor.py:830} INFO - Processing file /mnt/c/Users/Shivam Gupta/OneDrive/Documents/Shivam_Developement/DATA_ENGINEERING/data_engineering_project/batch-etl-pyspark/.venv/lib/python3.12/site-packages/airflow/example_dags/example_subdag_operator.py for tasks to queue
[2025-07-17T17:54:45.733+0000] {logging_mixin.py:188} INFO - [2025-07-17T17:54:45.731+0000] {dagbag.py:545} INFO - Filling up the DagBag from /mnt/c/Users/Shivam Gupta/OneDrive/Documents/Shivam_Developement/DATA_ENGINEERING/data_engineering_project/batch-etl-pyspark/.venv/lib/python3.12/site-packages/airflow/example_dags/example_subdag_operator.py
[2025-07-17T17:54:45.839+0000] {processor.py:840} INFO - DAG(s) 'example_subdag_operator.section-1', 'example_subdag_operator.section-2', 'example_subdag_operator' retrieved from /mnt/c/Users/Shivam Gupta/OneDrive/Documents/Shivam_Developement/DATA_ENGINEERING/data_engineering_project/batch-etl-pyspark/.venv/lib/python3.12/site-packages/airflow/example_dags/example_subdag_operator.py
[2025-07-17T17:54:45.928+0000] {logging_mixin.py:188} INFO - [2025-07-17T17:54:45.923+0000] {dag.py:3096} INFO - Sync 3 DAGs
[2025-07-17T17:54:45.980+0000] {logging_mixin.py:188} INFO - [2025-07-17T17:54:45.977+0000] {dag.py:3954} INFO - Setting next_dagrun for example_subdag_operator to 2022-01-01 00:00:00+00:00, run_after=2022-01-01 00:00:00+00:00
[2025-07-17T17:54:45.990+0000] {logging_mixin.py:188} INFO - [2025-07-17T17:54:45.988+0000] {dag.py:3954} INFO - Setting next_dagrun for example_subdag_operator.section-1 to None, run_after=None
[2025-07-17T17:54:46.001+0000] {logging_mixin.py:188} INFO - [2025-07-17T17:54:45.998+0000] {dag.py:3954} INFO - Setting next_dagrun for example_subdag_operator.section-2 to None, run_after=None
[2025-07-17T17:54:46.039+0000] {logging_mixin.py:188} INFO - [2025-07-17T17:54:46.037+0000] {dag.py:3096} INFO - Sync 2 DAGs
[2025-07-17T17:54:46.048+0000] {logging_mixin.py:188} INFO - [2025-07-17T17:54:46.046+0000] {dag.py:3954} INFO - Setting next_dagrun for example_subdag_operator.section-1 to None, run_after=None
[2025-07-17T17:54:46.052+0000] {logging_mixin.py:188} INFO - [2025-07-17T17:54:46.050+0000] {dag.py:3954} INFO - Setting next_dagrun for example_subdag_operator.section-2 to None, run_after=None
[2025-07-17T17:54:46.157+0000] {processor.py:183} INFO - Processing /mnt/c/Users/Shivam Gupta/OneDrive/Documents/Shivam_Developement/DATA_ENGINEERING/data_engineering_project/batch-etl-pyspark/.venv/lib/python3.12/site-packages/airflow/example_dags/example_subdag_operator.py took 0.464 seconds
[2025-07-17T17:56:50.610+0000] {processor.py:161} INFO - Started process (PID=3444) to work on /mnt/c/Users/Shivam Gupta/OneDrive/Documents/Shivam_Developement/DATA_ENGINEERING/data_engineering_project/batch-etl-pyspark/.venv/lib/python3.12/site-packages/airflow/example_dags/example_subdag_operator.py
[2025-07-17T17:56:50.620+0000] {processor.py:830} INFO - Processing file /mnt/c/Users/Shivam Gupta/OneDrive/Documents/Shivam_Developement/DATA_ENGINEERING/data_engineering_project/batch-etl-pyspark/.venv/lib/python3.12/site-packages/airflow/example_dags/example_subdag_operator.py for tasks to queue
[2025-07-17T17:56:50.624+0000] {logging_mixin.py:188} INFO - [2025-07-17T17:56:50.622+0000] {dagbag.py:545} INFO - Filling up the DagBag from /mnt/c/Users/Shivam Gupta/OneDrive/Documents/Shivam_Developement/DATA_ENGINEERING/data_engineering_project/batch-etl-pyspark/.venv/lib/python3.12/site-packages/airflow/example_dags/example_subdag_operator.py
[2025-07-17T17:56:50.770+0000] {processor.py:840} INFO - DAG(s) 'example_subdag_operator.section-1', 'example_subdag_operator.section-2', 'example_subdag_operator' retrieved from /mnt/c/Users/Shivam Gupta/OneDrive/Documents/Shivam_Developement/DATA_ENGINEERING/data_engineering_project/batch-etl-pyspark/.venv/lib/python3.12/site-packages/airflow/example_dags/example_subdag_operator.py
[2025-07-17T17:56:50.834+0000] {logging_mixin.py:188} INFO - [2025-07-17T17:56:50.832+0000] {dag.py:3096} INFO - Sync 3 DAGs
[2025-07-17T17:56:50.863+0000] {logging_mixin.py:188} INFO - [2025-07-17T17:56:50.862+0000] {dag.py:3954} INFO - Setting next_dagrun for example_subdag_operator to 2022-01-01 00:00:00+00:00, run_after=2022-01-01 00:00:00+00:00
[2025-07-17T17:56:50.874+0000] {logging_mixin.py:188} INFO - [2025-07-17T17:56:50.871+0000] {dag.py:3954} INFO - Setting next_dagrun for example_subdag_operator.section-1 to None, run_after=None
[2025-07-17T17:56:50.885+0000] {logging_mixin.py:188} INFO - [2025-07-17T17:56:50.883+0000] {dag.py:3954} INFO - Setting next_dagrun for example_subdag_operator.section-2 to None, run_after=None
[2025-07-17T17:56:50.929+0000] {logging_mixin.py:188} INFO - [2025-07-17T17:56:50.926+0000] {dag.py:3096} INFO - Sync 2 DAGs
[2025-07-17T17:56:50.937+0000] {logging_mixin.py:188} INFO - [2025-07-17T17:56:50.935+0000] {dag.py:3954} INFO - Setting next_dagrun for example_subdag_operator.section-1 to None, run_after=None
[2025-07-17T17:56:50.951+0000] {logging_mixin.py:188} INFO - [2025-07-17T17:56:50.949+0000] {dag.py:3954} INFO - Setting next_dagrun for example_subdag_operator.section-2 to None, run_after=None
[2025-07-17T17:56:51.135+0000] {processor.py:183} INFO - Processing /mnt/c/Users/Shivam Gupta/OneDrive/Documents/Shivam_Developement/DATA_ENGINEERING/data_engineering_project/batch-etl-pyspark/.venv/lib/python3.12/site-packages/airflow/example_dags/example_subdag_operator.py took 0.545 seconds
[2025-07-17T17:58:51.165+0000] {processor.py:161} INFO - Started process (PID=3544) to work on /mnt/c/Users/Shivam Gupta/OneDrive/Documents/Shivam_Developement/DATA_ENGINEERING/data_engineering_project/batch-etl-pyspark/.venv/lib/python3.12/site-packages/airflow/example_dags/example_subdag_operator.py
[2025-07-17T17:58:51.168+0000] {processor.py:830} INFO - Processing file /mnt/c/Users/Shivam Gupta/OneDrive/Documents/Shivam_Developement/DATA_ENGINEERING/data_engineering_project/batch-etl-pyspark/.venv/lib/python3.12/site-packages/airflow/example_dags/example_subdag_operator.py for tasks to queue
[2025-07-17T17:58:51.172+0000] {logging_mixin.py:188} INFO - [2025-07-17T17:58:51.171+0000] {dagbag.py:545} INFO - Filling up the DagBag from /mnt/c/Users/Shivam Gupta/OneDrive/Documents/Shivam_Developement/DATA_ENGINEERING/data_engineering_project/batch-etl-pyspark/.venv/lib/python3.12/site-packages/airflow/example_dags/example_subdag_operator.py
[2025-07-17T17:58:51.269+0000] {processor.py:840} INFO - DAG(s) 'example_subdag_operator.section-1', 'example_subdag_operator.section-2', 'example_subdag_operator' retrieved from /mnt/c/Users/Shivam Gupta/OneDrive/Documents/Shivam_Developement/DATA_ENGINEERING/data_engineering_project/batch-etl-pyspark/.venv/lib/python3.12/site-packages/airflow/example_dags/example_subdag_operator.py
[2025-07-17T17:58:51.322+0000] {logging_mixin.py:188} INFO - [2025-07-17T17:58:51.315+0000] {dag.py:3096} INFO - Sync 3 DAGs
[2025-07-17T17:58:51.374+0000] {logging_mixin.py:188} INFO - [2025-07-17T17:58:51.372+0000] {dag.py:3954} INFO - Setting next_dagrun for example_subdag_operator to 2022-01-01 00:00:00+00:00, run_after=2022-01-01 00:00:00+00:00
[2025-07-17T17:58:51.384+0000] {logging_mixin.py:188} INFO - [2025-07-17T17:58:51.382+0000] {dag.py:3954} INFO - Setting next_dagrun for example_subdag_operator.section-1 to None, run_after=None
[2025-07-17T17:58:51.388+0000] {logging_mixin.py:188} INFO - [2025-07-17T17:58:51.387+0000] {dag.py:3954} INFO - Setting next_dagrun for example_subdag_operator.section-2 to None, run_after=None
[2025-07-17T17:58:51.410+0000] {logging_mixin.py:188} INFO - [2025-07-17T17:58:51.409+0000] {dag.py:3096} INFO - Sync 2 DAGs
[2025-07-17T17:58:51.416+0000] {logging_mixin.py:188} INFO - [2025-07-17T17:58:51.414+0000] {dag.py:3954} INFO - Setting next_dagrun for example_subdag_operator.section-1 to None, run_after=None
[2025-07-17T17:58:51.418+0000] {logging_mixin.py:188} INFO - [2025-07-17T17:58:51.417+0000] {dag.py:3954} INFO - Setting next_dagrun for example_subdag_operator.section-2 to None, run_after=None
[2025-07-17T17:58:51.617+0000] {processor.py:183} INFO - Processing /mnt/c/Users/Shivam Gupta/OneDrive/Documents/Shivam_Developement/DATA_ENGINEERING/data_engineering_project/batch-etl-pyspark/.venv/lib/python3.12/site-packages/airflow/example_dags/example_subdag_operator.py took 0.486 seconds
[2025-07-17T18:01:03.633+0000] {processor.py:161} INFO - Started process (PID=3649) to work on /mnt/c/Users/Shivam Gupta/OneDrive/Documents/Shivam_Developement/DATA_ENGINEERING/data_engineering_project/batch-etl-pyspark/.venv/lib/python3.12/site-packages/airflow/example_dags/example_subdag_operator.py
[2025-07-17T18:01:03.636+0000] {processor.py:830} INFO - Processing file /mnt/c/Users/Shivam Gupta/OneDrive/Documents/Shivam_Developement/DATA_ENGINEERING/data_engineering_project/batch-etl-pyspark/.venv/lib/python3.12/site-packages/airflow/example_dags/example_subdag_operator.py for tasks to queue
[2025-07-17T18:01:03.639+0000] {logging_mixin.py:188} INFO - [2025-07-17T18:01:03.638+0000] {dagbag.py:545} INFO - Filling up the DagBag from /mnt/c/Users/Shivam Gupta/OneDrive/Documents/Shivam_Developement/DATA_ENGINEERING/data_engineering_project/batch-etl-pyspark/.venv/lib/python3.12/site-packages/airflow/example_dags/example_subdag_operator.py
[2025-07-17T18:01:03.735+0000] {processor.py:840} INFO - DAG(s) 'example_subdag_operator.section-1', 'example_subdag_operator.section-2', 'example_subdag_operator' retrieved from /mnt/c/Users/Shivam Gupta/OneDrive/Documents/Shivam_Developement/DATA_ENGINEERING/data_engineering_project/batch-etl-pyspark/.venv/lib/python3.12/site-packages/airflow/example_dags/example_subdag_operator.py
[2025-07-17T18:01:03.813+0000] {logging_mixin.py:188} INFO - [2025-07-17T18:01:03.811+0000] {dag.py:3096} INFO - Sync 3 DAGs
[2025-07-17T18:01:03.847+0000] {logging_mixin.py:188} INFO - [2025-07-17T18:01:03.846+0000] {dag.py:3954} INFO - Setting next_dagrun for example_subdag_operator to 2022-01-01 00:00:00+00:00, run_after=2022-01-01 00:00:00+00:00
[2025-07-17T18:01:03.856+0000] {logging_mixin.py:188} INFO - [2025-07-17T18:01:03.853+0000] {dag.py:3954} INFO - Setting next_dagrun for example_subdag_operator.section-1 to None, run_after=None
[2025-07-17T18:01:03.862+0000] {logging_mixin.py:188} INFO - [2025-07-17T18:01:03.861+0000] {dag.py:3954} INFO - Setting next_dagrun for example_subdag_operator.section-2 to None, run_after=None
[2025-07-17T18:01:03.887+0000] {logging_mixin.py:188} INFO - [2025-07-17T18:01:03.885+0000] {dag.py:3096} INFO - Sync 2 DAGs
[2025-07-17T18:01:03.897+0000] {logging_mixin.py:188} INFO - [2025-07-17T18:01:03.895+0000] {dag.py:3954} INFO - Setting next_dagrun for example_subdag_operator.section-1 to None, run_after=None
[2025-07-17T18:01:03.900+0000] {logging_mixin.py:188} INFO - [2025-07-17T18:01:03.898+0000] {dag.py:3954} INFO - Setting next_dagrun for example_subdag_operator.section-2 to None, run_after=None
[2025-07-17T18:01:03.994+0000] {processor.py:183} INFO - Processing /mnt/c/Users/Shivam Gupta/OneDrive/Documents/Shivam_Developement/DATA_ENGINEERING/data_engineering_project/batch-etl-pyspark/.venv/lib/python3.12/site-packages/airflow/example_dags/example_subdag_operator.py took 0.380 seconds
[2025-07-17T18:03:03.555+0000] {processor.py:161} INFO - Started process (PID=3752) to work on /mnt/c/Users/Shivam Gupta/OneDrive/Documents/Shivam_Developement/DATA_ENGINEERING/data_engineering_project/batch-etl-pyspark/.venv/lib/python3.12/site-packages/airflow/example_dags/example_subdag_operator.py
[2025-07-17T18:03:03.559+0000] {processor.py:830} INFO - Processing file /mnt/c/Users/Shivam Gupta/OneDrive/Documents/Shivam_Developement/DATA_ENGINEERING/data_engineering_project/batch-etl-pyspark/.venv/lib/python3.12/site-packages/airflow/example_dags/example_subdag_operator.py for tasks to queue
[2025-07-17T18:03:03.564+0000] {logging_mixin.py:188} INFO - [2025-07-17T18:03:03.562+0000] {dagbag.py:545} INFO - Filling up the DagBag from /mnt/c/Users/Shivam Gupta/OneDrive/Documents/Shivam_Developement/DATA_ENGINEERING/data_engineering_project/batch-etl-pyspark/.venv/lib/python3.12/site-packages/airflow/example_dags/example_subdag_operator.py
[2025-07-17T18:03:03.661+0000] {processor.py:840} INFO - DAG(s) 'example_subdag_operator.section-1', 'example_subdag_operator.section-2', 'example_subdag_operator' retrieved from /mnt/c/Users/Shivam Gupta/OneDrive/Documents/Shivam_Developement/DATA_ENGINEERING/data_engineering_project/batch-etl-pyspark/.venv/lib/python3.12/site-packages/airflow/example_dags/example_subdag_operator.py
[2025-07-17T18:03:03.726+0000] {logging_mixin.py:188} INFO - [2025-07-17T18:03:03.719+0000] {dag.py:3096} INFO - Sync 3 DAGs
[2025-07-17T18:03:03.762+0000] {logging_mixin.py:188} INFO - [2025-07-17T18:03:03.761+0000] {dag.py:3954} INFO - Setting next_dagrun for example_subdag_operator to 2022-01-01 00:00:00+00:00, run_after=2022-01-01 00:00:00+00:00
[2025-07-17T18:03:03.769+0000] {logging_mixin.py:188} INFO - [2025-07-17T18:03:03.768+0000] {dag.py:3954} INFO - Setting next_dagrun for example_subdag_operator.section-1 to None, run_after=None
[2025-07-17T18:03:03.776+0000] {logging_mixin.py:188} INFO - [2025-07-17T18:03:03.774+0000] {dag.py:3954} INFO - Setting next_dagrun for example_subdag_operator.section-2 to None, run_after=None
[2025-07-17T18:03:03.797+0000] {logging_mixin.py:188} INFO - [2025-07-17T18:03:03.796+0000] {dag.py:3096} INFO - Sync 2 DAGs
[2025-07-17T18:03:03.803+0000] {logging_mixin.py:188} INFO - [2025-07-17T18:03:03.802+0000] {dag.py:3954} INFO - Setting next_dagrun for example_subdag_operator.section-1 to None, run_after=None
[2025-07-17T18:03:03.807+0000] {logging_mixin.py:188} INFO - [2025-07-17T18:03:03.806+0000] {dag.py:3954} INFO - Setting next_dagrun for example_subdag_operator.section-2 to None, run_after=None
[2025-07-17T18:03:03.896+0000] {processor.py:183} INFO - Processing /mnt/c/Users/Shivam Gupta/OneDrive/Documents/Shivam_Developement/DATA_ENGINEERING/data_engineering_project/batch-etl-pyspark/.venv/lib/python3.12/site-packages/airflow/example_dags/example_subdag_operator.py took 0.359 seconds
[2025-07-17T18:05:04.933+0000] {processor.py:161} INFO - Started process (PID=3854) to work on /mnt/c/Users/Shivam Gupta/OneDrive/Documents/Shivam_Developement/DATA_ENGINEERING/data_engineering_project/batch-etl-pyspark/.venv/lib/python3.12/site-packages/airflow/example_dags/example_subdag_operator.py
[2025-07-17T18:05:04.935+0000] {processor.py:830} INFO - Processing file /mnt/c/Users/Shivam Gupta/OneDrive/Documents/Shivam_Developement/DATA_ENGINEERING/data_engineering_project/batch-etl-pyspark/.venv/lib/python3.12/site-packages/airflow/example_dags/example_subdag_operator.py for tasks to queue
[2025-07-17T18:05:04.937+0000] {logging_mixin.py:188} INFO - [2025-07-17T18:05:04.936+0000] {dagbag.py:545} INFO - Filling up the DagBag from /mnt/c/Users/Shivam Gupta/OneDrive/Documents/Shivam_Developement/DATA_ENGINEERING/data_engineering_project/batch-etl-pyspark/.venv/lib/python3.12/site-packages/airflow/example_dags/example_subdag_operator.py
[2025-07-17T18:05:05.050+0000] {processor.py:840} INFO - DAG(s) 'example_subdag_operator.section-1', 'example_subdag_operator.section-2', 'example_subdag_operator' retrieved from /mnt/c/Users/Shivam Gupta/OneDrive/Documents/Shivam_Developement/DATA_ENGINEERING/data_engineering_project/batch-etl-pyspark/.venv/lib/python3.12/site-packages/airflow/example_dags/example_subdag_operator.py
[2025-07-17T18:05:05.092+0000] {logging_mixin.py:188} INFO - [2025-07-17T18:05:05.091+0000] {dag.py:3096} INFO - Sync 3 DAGs
[2025-07-17T18:05:05.122+0000] {logging_mixin.py:188} INFO - [2025-07-17T18:05:05.120+0000] {dag.py:3954} INFO - Setting next_dagrun for example_subdag_operator to 2022-01-01 00:00:00+00:00, run_after=2022-01-01 00:00:00+00:00
[2025-07-17T18:05:05.131+0000] {logging_mixin.py:188} INFO - [2025-07-17T18:05:05.129+0000] {dag.py:3954} INFO - Setting next_dagrun for example_subdag_operator.section-1 to None, run_after=None
[2025-07-17T18:05:05.137+0000] {logging_mixin.py:188} INFO - [2025-07-17T18:05:05.135+0000] {dag.py:3954} INFO - Setting next_dagrun for example_subdag_operator.section-2 to None, run_after=None
[2025-07-17T18:05:05.162+0000] {logging_mixin.py:188} INFO - [2025-07-17T18:05:05.160+0000] {dag.py:3096} INFO - Sync 2 DAGs
[2025-07-17T18:05:05.171+0000] {logging_mixin.py:188} INFO - [2025-07-17T18:05:05.170+0000] {dag.py:3954} INFO - Setting next_dagrun for example_subdag_operator.section-1 to None, run_after=None
[2025-07-17T18:05:05.174+0000] {logging_mixin.py:188} INFO - [2025-07-17T18:05:05.172+0000] {dag.py:3954} INFO - Setting next_dagrun for example_subdag_operator.section-2 to None, run_after=None
[2025-07-17T18:05:05.285+0000] {processor.py:183} INFO - Processing /mnt/c/Users/Shivam Gupta/OneDrive/Documents/Shivam_Developement/DATA_ENGINEERING/data_engineering_project/batch-etl-pyspark/.venv/lib/python3.12/site-packages/airflow/example_dags/example_subdag_operator.py took 0.409 seconds
[2025-07-17T18:07:10.926+0000] {processor.py:161} INFO - Started process (PID=3956) to work on /mnt/c/Users/Shivam Gupta/OneDrive/Documents/Shivam_Developement/DATA_ENGINEERING/data_engineering_project/batch-etl-pyspark/.venv/lib/python3.12/site-packages/airflow/example_dags/example_subdag_operator.py
[2025-07-17T18:07:10.929+0000] {processor.py:830} INFO - Processing file /mnt/c/Users/Shivam Gupta/OneDrive/Documents/Shivam_Developement/DATA_ENGINEERING/data_engineering_project/batch-etl-pyspark/.venv/lib/python3.12/site-packages/airflow/example_dags/example_subdag_operator.py for tasks to queue
[2025-07-17T18:07:10.934+0000] {logging_mixin.py:188} INFO - [2025-07-17T18:07:10.932+0000] {dagbag.py:545} INFO - Filling up the DagBag from /mnt/c/Users/Shivam Gupta/OneDrive/Documents/Shivam_Developement/DATA_ENGINEERING/data_engineering_project/batch-etl-pyspark/.venv/lib/python3.12/site-packages/airflow/example_dags/example_subdag_operator.py
[2025-07-17T18:07:11.052+0000] {processor.py:840} INFO - DAG(s) 'example_subdag_operator.section-1', 'example_subdag_operator.section-2', 'example_subdag_operator' retrieved from /mnt/c/Users/Shivam Gupta/OneDrive/Documents/Shivam_Developement/DATA_ENGINEERING/data_engineering_project/batch-etl-pyspark/.venv/lib/python3.12/site-packages/airflow/example_dags/example_subdag_operator.py
[2025-07-17T18:07:11.091+0000] {logging_mixin.py:188} INFO - [2025-07-17T18:07:11.090+0000] {dag.py:3096} INFO - Sync 3 DAGs
[2025-07-17T18:07:11.116+0000] {logging_mixin.py:188} INFO - [2025-07-17T18:07:11.115+0000] {dag.py:3954} INFO - Setting next_dagrun for example_subdag_operator to 2022-01-01 00:00:00+00:00, run_after=2022-01-01 00:00:00+00:00
[2025-07-17T18:07:11.123+0000] {logging_mixin.py:188} INFO - [2025-07-17T18:07:11.122+0000] {dag.py:3954} INFO - Setting next_dagrun for example_subdag_operator.section-1 to None, run_after=None
[2025-07-17T18:07:11.129+0000] {logging_mixin.py:188} INFO - [2025-07-17T18:07:11.128+0000] {dag.py:3954} INFO - Setting next_dagrun for example_subdag_operator.section-2 to None, run_after=None
[2025-07-17T18:07:11.154+0000] {logging_mixin.py:188} INFO - [2025-07-17T18:07:11.153+0000] {dag.py:3096} INFO - Sync 2 DAGs
[2025-07-17T18:07:11.161+0000] {logging_mixin.py:188} INFO - [2025-07-17T18:07:11.160+0000] {dag.py:3954} INFO - Setting next_dagrun for example_subdag_operator.section-1 to None, run_after=None
[2025-07-17T18:07:11.164+0000] {logging_mixin.py:188} INFO - [2025-07-17T18:07:11.163+0000] {dag.py:3954} INFO - Setting next_dagrun for example_subdag_operator.section-2 to None, run_after=None
[2025-07-17T18:07:11.240+0000] {processor.py:183} INFO - Processing /mnt/c/Users/Shivam Gupta/OneDrive/Documents/Shivam_Developement/DATA_ENGINEERING/data_engineering_project/batch-etl-pyspark/.venv/lib/python3.12/site-packages/airflow/example_dags/example_subdag_operator.py took 0.332 seconds
[2025-07-17T18:09:23.796+0000] {processor.py:161} INFO - Started process (PID=4059) to work on /mnt/c/Users/Shivam Gupta/OneDrive/Documents/Shivam_Developement/DATA_ENGINEERING/data_engineering_project/batch-etl-pyspark/.venv/lib/python3.12/site-packages/airflow/example_dags/example_subdag_operator.py
[2025-07-17T18:09:23.799+0000] {processor.py:830} INFO - Processing file /mnt/c/Users/Shivam Gupta/OneDrive/Documents/Shivam_Developement/DATA_ENGINEERING/data_engineering_project/batch-etl-pyspark/.venv/lib/python3.12/site-packages/airflow/example_dags/example_subdag_operator.py for tasks to queue
[2025-07-17T18:09:23.804+0000] {logging_mixin.py:188} INFO - [2025-07-17T18:09:23.802+0000] {dagbag.py:545} INFO - Filling up the DagBag from /mnt/c/Users/Shivam Gupta/OneDrive/Documents/Shivam_Developement/DATA_ENGINEERING/data_engineering_project/batch-etl-pyspark/.venv/lib/python3.12/site-packages/airflow/example_dags/example_subdag_operator.py
[2025-07-17T18:09:23.904+0000] {processor.py:840} INFO - DAG(s) 'example_subdag_operator.section-1', 'example_subdag_operator.section-2', 'example_subdag_operator' retrieved from /mnt/c/Users/Shivam Gupta/OneDrive/Documents/Shivam_Developement/DATA_ENGINEERING/data_engineering_project/batch-etl-pyspark/.venv/lib/python3.12/site-packages/airflow/example_dags/example_subdag_operator.py
[2025-07-17T18:09:23.944+0000] {logging_mixin.py:188} INFO - [2025-07-17T18:09:23.942+0000] {dag.py:3096} INFO - Sync 3 DAGs
[2025-07-17T18:09:23.974+0000] {logging_mixin.py:188} INFO - [2025-07-17T18:09:23.973+0000] {dag.py:3954} INFO - Setting next_dagrun for example_subdag_operator to 2022-01-01 00:00:00+00:00, run_after=2022-01-01 00:00:00+00:00
[2025-07-17T18:09:23.982+0000] {logging_mixin.py:188} INFO - [2025-07-17T18:09:23.981+0000] {dag.py:3954} INFO - Setting next_dagrun for example_subdag_operator.section-1 to None, run_after=None
[2025-07-17T18:09:23.990+0000] {logging_mixin.py:188} INFO - [2025-07-17T18:09:23.988+0000] {dag.py:3954} INFO - Setting next_dagrun for example_subdag_operator.section-2 to None, run_after=None
[2025-07-17T18:09:24.016+0000] {logging_mixin.py:188} INFO - [2025-07-17T18:09:24.015+0000] {dag.py:3096} INFO - Sync 2 DAGs
[2025-07-17T18:09:24.024+0000] {logging_mixin.py:188} INFO - [2025-07-17T18:09:24.022+0000] {dag.py:3954} INFO - Setting next_dagrun for example_subdag_operator.section-1 to None, run_after=None
[2025-07-17T18:09:24.028+0000] {logging_mixin.py:188} INFO - [2025-07-17T18:09:24.027+0000] {dag.py:3954} INFO - Setting next_dagrun for example_subdag_operator.section-2 to None, run_after=None
[2025-07-17T18:09:24.115+0000] {processor.py:183} INFO - Processing /mnt/c/Users/Shivam Gupta/OneDrive/Documents/Shivam_Developement/DATA_ENGINEERING/data_engineering_project/batch-etl-pyspark/.venv/lib/python3.12/site-packages/airflow/example_dags/example_subdag_operator.py took 0.338 seconds
[2025-07-17T18:11:30.389+0000] {processor.py:161} INFO - Started process (PID=4163) to work on /mnt/c/Users/Shivam Gupta/OneDrive/Documents/Shivam_Developement/DATA_ENGINEERING/data_engineering_project/batch-etl-pyspark/.venv/lib/python3.12/site-packages/airflow/example_dags/example_subdag_operator.py
[2025-07-17T18:11:30.392+0000] {processor.py:830} INFO - Processing file /mnt/c/Users/Shivam Gupta/OneDrive/Documents/Shivam_Developement/DATA_ENGINEERING/data_engineering_project/batch-etl-pyspark/.venv/lib/python3.12/site-packages/airflow/example_dags/example_subdag_operator.py for tasks to queue
[2025-07-17T18:11:30.397+0000] {logging_mixin.py:188} INFO - [2025-07-17T18:11:30.395+0000] {dagbag.py:545} INFO - Filling up the DagBag from /mnt/c/Users/Shivam Gupta/OneDrive/Documents/Shivam_Developement/DATA_ENGINEERING/data_engineering_project/batch-etl-pyspark/.venv/lib/python3.12/site-packages/airflow/example_dags/example_subdag_operator.py
[2025-07-17T18:11:30.500+0000] {processor.py:840} INFO - DAG(s) 'example_subdag_operator.section-1', 'example_subdag_operator.section-2', 'example_subdag_operator' retrieved from /mnt/c/Users/Shivam Gupta/OneDrive/Documents/Shivam_Developement/DATA_ENGINEERING/data_engineering_project/batch-etl-pyspark/.venv/lib/python3.12/site-packages/airflow/example_dags/example_subdag_operator.py
[2025-07-17T18:11:30.593+0000] {logging_mixin.py:188} INFO - [2025-07-17T18:11:30.587+0000] {dag.py:3096} INFO - Sync 3 DAGs
[2025-07-17T18:11:30.631+0000] {logging_mixin.py:188} INFO - [2025-07-17T18:11:30.628+0000] {dag.py:3954} INFO - Setting next_dagrun for example_subdag_operator to 2022-01-01 00:00:00+00:00, run_after=2022-01-01 00:00:00+00:00
[2025-07-17T18:11:30.643+0000] {logging_mixin.py:188} INFO - [2025-07-17T18:11:30.642+0000] {dag.py:3954} INFO - Setting next_dagrun for example_subdag_operator.section-1 to None, run_after=None
[2025-07-17T18:11:30.649+0000] {logging_mixin.py:188} INFO - [2025-07-17T18:11:30.648+0000] {dag.py:3954} INFO - Setting next_dagrun for example_subdag_operator.section-2 to None, run_after=None
[2025-07-17T18:11:30.690+0000] {logging_mixin.py:188} INFO - [2025-07-17T18:11:30.683+0000] {dag.py:3096} INFO - Sync 2 DAGs
[2025-07-17T18:11:30.713+0000] {logging_mixin.py:188} INFO - [2025-07-17T18:11:30.703+0000] {dag.py:3954} INFO - Setting next_dagrun for example_subdag_operator.section-1 to None, run_after=None
[2025-07-17T18:11:30.728+0000] {logging_mixin.py:188} INFO - [2025-07-17T18:11:30.720+0000] {dag.py:3954} INFO - Setting next_dagrun for example_subdag_operator.section-2 to None, run_after=None
[2025-07-17T18:11:30.819+0000] {processor.py:183} INFO - Processing /mnt/c/Users/Shivam Gupta/OneDrive/Documents/Shivam_Developement/DATA_ENGINEERING/data_engineering_project/batch-etl-pyspark/.venv/lib/python3.12/site-packages/airflow/example_dags/example_subdag_operator.py took 0.478 seconds
[2025-07-17T18:13:37.895+0000] {processor.py:161} INFO - Started process (PID=4266) to work on /mnt/c/Users/Shivam Gupta/OneDrive/Documents/Shivam_Developement/DATA_ENGINEERING/data_engineering_project/batch-etl-pyspark/.venv/lib/python3.12/site-packages/airflow/example_dags/example_subdag_operator.py
[2025-07-17T18:13:37.904+0000] {processor.py:830} INFO - Processing file /mnt/c/Users/Shivam Gupta/OneDrive/Documents/Shivam_Developement/DATA_ENGINEERING/data_engineering_project/batch-etl-pyspark/.venv/lib/python3.12/site-packages/airflow/example_dags/example_subdag_operator.py for tasks to queue
[2025-07-17T18:13:37.922+0000] {logging_mixin.py:188} INFO - [2025-07-17T18:13:37.918+0000] {dagbag.py:545} INFO - Filling up the DagBag from /mnt/c/Users/Shivam Gupta/OneDrive/Documents/Shivam_Developement/DATA_ENGINEERING/data_engineering_project/batch-etl-pyspark/.venv/lib/python3.12/site-packages/airflow/example_dags/example_subdag_operator.py
[2025-07-17T18:13:38.089+0000] {processor.py:840} INFO - DAG(s) 'example_subdag_operator.section-1', 'example_subdag_operator.section-2', 'example_subdag_operator' retrieved from /mnt/c/Users/Shivam Gupta/OneDrive/Documents/Shivam_Developement/DATA_ENGINEERING/data_engineering_project/batch-etl-pyspark/.venv/lib/python3.12/site-packages/airflow/example_dags/example_subdag_operator.py
[2025-07-17T18:13:38.158+0000] {logging_mixin.py:188} INFO - [2025-07-17T18:13:38.156+0000] {dag.py:3096} INFO - Sync 3 DAGs
[2025-07-17T18:13:38.183+0000] {logging_mixin.py:188} INFO - [2025-07-17T18:13:38.181+0000] {dag.py:3954} INFO - Setting next_dagrun for example_subdag_operator to 2022-01-01 00:00:00+00:00, run_after=2022-01-01 00:00:00+00:00
[2025-07-17T18:13:38.192+0000] {logging_mixin.py:188} INFO - [2025-07-17T18:13:38.191+0000] {dag.py:3954} INFO - Setting next_dagrun for example_subdag_operator.section-1 to None, run_after=None
[2025-07-17T18:13:38.198+0000] {logging_mixin.py:188} INFO - [2025-07-17T18:13:38.197+0000] {dag.py:3954} INFO - Setting next_dagrun for example_subdag_operator.section-2 to None, run_after=None
[2025-07-17T18:13:38.222+0000] {logging_mixin.py:188} INFO - [2025-07-17T18:13:38.221+0000] {dag.py:3096} INFO - Sync 2 DAGs
[2025-07-17T18:13:38.229+0000] {logging_mixin.py:188} INFO - [2025-07-17T18:13:38.228+0000] {dag.py:3954} INFO - Setting next_dagrun for example_subdag_operator.section-1 to None, run_after=None
[2025-07-17T18:13:38.233+0000] {logging_mixin.py:188} INFO - [2025-07-17T18:13:38.231+0000] {dag.py:3954} INFO - Setting next_dagrun for example_subdag_operator.section-2 to None, run_after=None
[2025-07-17T18:13:38.311+0000] {processor.py:183} INFO - Processing /mnt/c/Users/Shivam Gupta/OneDrive/Documents/Shivam_Developement/DATA_ENGINEERING/data_engineering_project/batch-etl-pyspark/.venv/lib/python3.12/site-packages/airflow/example_dags/example_subdag_operator.py took 0.462 seconds
