[2025-07-17T17:15:00.479+0000] {processor.py:161} INFO - Started process (PID=1955) to work on /mnt/c/Users/Shivam Gupta/OneDrive/Documents/Shivam_Developement/DATA_ENGINEERING/data_engineering_project/batch-etl-pyspark/.venv/lib/python3.12/site-packages/airflow/example_dags/example_nested_branch_dag.py
[2025-07-17T17:15:00.483+0000] {processor.py:830} INFO - Processing file /mnt/c/Users/Shivam Gupta/OneDrive/Documents/Shivam_Developement/DATA_ENGINEERING/data_engineering_project/batch-etl-pyspark/.venv/lib/python3.12/site-packages/airflow/example_dags/example_nested_branch_dag.py for tasks to queue
[2025-07-17T17:15:00.497+0000] {logging_mixin.py:188} INFO - [2025-07-17T17:15:00.492+0000] {dagbag.py:545} INFO - Filling up the DagBag from /mnt/c/Users/Shivam Gupta/OneDrive/Documents/Shivam_Developement/DATA_ENGINEERING/data_engineering_project/batch-etl-pyspark/.venv/lib/python3.12/site-packages/airflow/example_dags/example_nested_branch_dag.py
[2025-07-17T17:15:00.599+0000] {processor.py:840} INFO - DAG(s) 'example_nested_branch_dag' retrieved from /mnt/c/Users/Shivam Gupta/OneDrive/Documents/Shivam_Developement/DATA_ENGINEERING/data_engineering_project/batch-etl-pyspark/.venv/lib/python3.12/site-packages/airflow/example_dags/example_nested_branch_dag.py
[2025-07-17T17:15:03.889+0000] {logging_mixin.py:188} INFO - [2025-07-17T17:15:03.888+0000] {dag.py:3096} INFO - Sync 1 DAGs
[2025-07-17T17:15:03.944+0000] {logging_mixin.py:188} INFO - [2025-07-17T17:15:03.943+0000] {dag.py:3954} INFO - Setting next_dagrun for example_nested_branch_dag to 2025-07-16 00:00:00+00:00, run_after=2025-07-17 00:00:00+00:00
[2025-07-17T17:15:04.148+0000] {processor.py:183} INFO - Processing /mnt/c/Users/Shivam Gupta/OneDrive/Documents/Shivam_Developement/DATA_ENGINEERING/data_engineering_project/batch-etl-pyspark/.venv/lib/python3.12/site-packages/airflow/example_dags/example_nested_branch_dag.py took 3.701 seconds
[2025-07-17T17:19:18.816+0000] {processor.py:161} INFO - Started process (PID=2039) to work on /mnt/c/Users/Shivam Gupta/OneDrive/Documents/Shivam_Developement/DATA_ENGINEERING/data_engineering_project/batch-etl-pyspark/.venv/lib/python3.12/site-packages/airflow/example_dags/example_nested_branch_dag.py
[2025-07-17T17:19:18.821+0000] {processor.py:830} INFO - Processing file /mnt/c/Users/Shivam Gupta/OneDrive/Documents/Shivam_Developement/DATA_ENGINEERING/data_engineering_project/batch-etl-pyspark/.venv/lib/python3.12/site-packages/airflow/example_dags/example_nested_branch_dag.py for tasks to queue
[2025-07-17T17:19:18.827+0000] {logging_mixin.py:188} INFO - [2025-07-17T17:19:18.824+0000] {dagbag.py:545} INFO - Filling up the DagBag from /mnt/c/Users/Shivam Gupta/OneDrive/Documents/Shivam_Developement/DATA_ENGINEERING/data_engineering_project/batch-etl-pyspark/.venv/lib/python3.12/site-packages/airflow/example_dags/example_nested_branch_dag.py
[2025-07-17T17:19:18.910+0000] {processor.py:840} INFO - DAG(s) 'example_nested_branch_dag' retrieved from /mnt/c/Users/Shivam Gupta/OneDrive/Documents/Shivam_Developement/DATA_ENGINEERING/data_engineering_project/batch-etl-pyspark/.venv/lib/python3.12/site-packages/airflow/example_dags/example_nested_branch_dag.py
[2025-07-17T17:19:19.112+0000] {logging_mixin.py:188} INFO - [2025-07-17T17:19:19.096+0000] {dag.py:3096} INFO - Sync 1 DAGs
[2025-07-17T17:19:19.165+0000] {logging_mixin.py:188} INFO - [2025-07-17T17:19:19.163+0000] {dag.py:3954} INFO - Setting next_dagrun for example_nested_branch_dag to 2025-07-16 00:00:00+00:00, run_after=2025-07-17 00:00:00+00:00
[2025-07-17T17:19:19.305+0000] {processor.py:183} INFO - Processing /mnt/c/Users/Shivam Gupta/OneDrive/Documents/Shivam_Developement/DATA_ENGINEERING/data_engineering_project/batch-etl-pyspark/.venv/lib/python3.12/site-packages/airflow/example_dags/example_nested_branch_dag.py took 0.515 seconds
[2025-07-17T17:21:40.336+0000] {processor.py:161} INFO - Started process (PID=2110) to work on /mnt/c/Users/Shivam Gupta/OneDrive/Documents/Shivam_Developement/DATA_ENGINEERING/data_engineering_project/batch-etl-pyspark/.venv/lib/python3.12/site-packages/airflow/example_dags/example_nested_branch_dag.py
[2025-07-17T17:21:40.341+0000] {processor.py:830} INFO - Processing file /mnt/c/Users/Shivam Gupta/OneDrive/Documents/Shivam_Developement/DATA_ENGINEERING/data_engineering_project/batch-etl-pyspark/.venv/lib/python3.12/site-packages/airflow/example_dags/example_nested_branch_dag.py for tasks to queue
[2025-07-17T17:21:40.349+0000] {logging_mixin.py:188} INFO - [2025-07-17T17:21:40.348+0000] {dagbag.py:545} INFO - Filling up the DagBag from /mnt/c/Users/Shivam Gupta/OneDrive/Documents/Shivam_Developement/DATA_ENGINEERING/data_engineering_project/batch-etl-pyspark/.venv/lib/python3.12/site-packages/airflow/example_dags/example_nested_branch_dag.py
[2025-07-17T17:21:40.516+0000] {processor.py:840} INFO - DAG(s) 'example_nested_branch_dag' retrieved from /mnt/c/Users/Shivam Gupta/OneDrive/Documents/Shivam_Developement/DATA_ENGINEERING/data_engineering_project/batch-etl-pyspark/.venv/lib/python3.12/site-packages/airflow/example_dags/example_nested_branch_dag.py
[2025-07-17T17:21:40.719+0000] {logging_mixin.py:188} INFO - [2025-07-17T17:21:40.718+0000] {dag.py:3096} INFO - Sync 1 DAGs
[2025-07-17T17:21:40.840+0000] {logging_mixin.py:188} INFO - [2025-07-17T17:21:40.836+0000] {dag.py:3954} INFO - Setting next_dagrun for example_nested_branch_dag to 2025-07-16 00:00:00+00:00, run_after=2025-07-17 00:00:00+00:00
[2025-07-17T17:21:41.104+0000] {processor.py:183} INFO - Processing /mnt/c/Users/Shivam Gupta/OneDrive/Documents/Shivam_Developement/DATA_ENGINEERING/data_engineering_project/batch-etl-pyspark/.venv/lib/python3.12/site-packages/airflow/example_dags/example_nested_branch_dag.py took 0.813 seconds
[2025-07-17T17:25:19.911+0000] {processor.py:161} INFO - Started process (PID=2254) to work on /mnt/c/Users/Shivam Gupta/OneDrive/Documents/Shivam_Developement/DATA_ENGINEERING/data_engineering_project/batch-etl-pyspark/.venv/lib/python3.12/site-packages/airflow/example_dags/example_nested_branch_dag.py
[2025-07-17T17:25:19.920+0000] {processor.py:830} INFO - Processing file /mnt/c/Users/Shivam Gupta/OneDrive/Documents/Shivam_Developement/DATA_ENGINEERING/data_engineering_project/batch-etl-pyspark/.venv/lib/python3.12/site-packages/airflow/example_dags/example_nested_branch_dag.py for tasks to queue
[2025-07-17T17:25:19.928+0000] {logging_mixin.py:188} INFO - [2025-07-17T17:25:19.924+0000] {dagbag.py:545} INFO - Filling up the DagBag from /mnt/c/Users/Shivam Gupta/OneDrive/Documents/Shivam_Developement/DATA_ENGINEERING/data_engineering_project/batch-etl-pyspark/.venv/lib/python3.12/site-packages/airflow/example_dags/example_nested_branch_dag.py
[2025-07-17T17:25:20.023+0000] {processor.py:840} INFO - DAG(s) 'example_nested_branch_dag' retrieved from /mnt/c/Users/Shivam Gupta/OneDrive/Documents/Shivam_Developement/DATA_ENGINEERING/data_engineering_project/batch-etl-pyspark/.venv/lib/python3.12/site-packages/airflow/example_dags/example_nested_branch_dag.py
[2025-07-17T17:25:20.099+0000] {logging_mixin.py:188} INFO - [2025-07-17T17:25:20.094+0000] {dag.py:3096} INFO - Sync 1 DAGs
[2025-07-17T17:25:20.213+0000] {logging_mixin.py:188} INFO - [2025-07-17T17:25:20.210+0000] {dag.py:3954} INFO - Setting next_dagrun for example_nested_branch_dag to 2025-07-16 00:00:00+00:00, run_after=2025-07-17 00:00:00+00:00
[2025-07-17T17:25:20.426+0000] {processor.py:183} INFO - Processing /mnt/c/Users/Shivam Gupta/OneDrive/Documents/Shivam_Developement/DATA_ENGINEERING/data_engineering_project/batch-etl-pyspark/.venv/lib/python3.12/site-packages/airflow/example_dags/example_nested_branch_dag.py took 0.544 seconds
[2025-07-17T17:27:34.250+0000] {processor.py:161} INFO - Started process (PID=2327) to work on /mnt/c/Users/Shivam Gupta/OneDrive/Documents/Shivam_Developement/DATA_ENGINEERING/data_engineering_project/batch-etl-pyspark/.venv/lib/python3.12/site-packages/airflow/example_dags/example_nested_branch_dag.py
[2025-07-17T17:27:34.252+0000] {processor.py:830} INFO - Processing file /mnt/c/Users/Shivam Gupta/OneDrive/Documents/Shivam_Developement/DATA_ENGINEERING/data_engineering_project/batch-etl-pyspark/.venv/lib/python3.12/site-packages/airflow/example_dags/example_nested_branch_dag.py for tasks to queue
[2025-07-17T17:27:34.257+0000] {logging_mixin.py:188} INFO - [2025-07-17T17:27:34.255+0000] {dagbag.py:545} INFO - Filling up the DagBag from /mnt/c/Users/Shivam Gupta/OneDrive/Documents/Shivam_Developement/DATA_ENGINEERING/data_engineering_project/batch-etl-pyspark/.venv/lib/python3.12/site-packages/airflow/example_dags/example_nested_branch_dag.py
[2025-07-17T17:27:34.297+0000] {processor.py:840} INFO - DAG(s) 'example_nested_branch_dag' retrieved from /mnt/c/Users/Shivam Gupta/OneDrive/Documents/Shivam_Developement/DATA_ENGINEERING/data_engineering_project/batch-etl-pyspark/.venv/lib/python3.12/site-packages/airflow/example_dags/example_nested_branch_dag.py
[2025-07-17T17:27:34.335+0000] {logging_mixin.py:188} INFO - [2025-07-17T17:27:34.333+0000] {dag.py:3096} INFO - Sync 1 DAGs
[2025-07-17T17:27:34.366+0000] {logging_mixin.py:188} INFO - [2025-07-17T17:27:34.365+0000] {dag.py:3954} INFO - Setting next_dagrun for example_nested_branch_dag to 2025-07-16 00:00:00+00:00, run_after=2025-07-17 00:00:00+00:00
[2025-07-17T17:27:34.453+0000] {processor.py:183} INFO - Processing /mnt/c/Users/Shivam Gupta/OneDrive/Documents/Shivam_Developement/DATA_ENGINEERING/data_engineering_project/batch-etl-pyspark/.venv/lib/python3.12/site-packages/airflow/example_dags/example_nested_branch_dag.py took 0.218 seconds
[2025-07-17T17:33:18.382+0000] {processor.py:161} INFO - Started process (PID=2494) to work on /mnt/c/Users/Shivam Gupta/OneDrive/Documents/Shivam_Developement/DATA_ENGINEERING/data_engineering_project/batch-etl-pyspark/.venv/lib/python3.12/site-packages/airflow/example_dags/example_nested_branch_dag.py
[2025-07-17T17:33:18.388+0000] {processor.py:830} INFO - Processing file /mnt/c/Users/Shivam Gupta/OneDrive/Documents/Shivam_Developement/DATA_ENGINEERING/data_engineering_project/batch-etl-pyspark/.venv/lib/python3.12/site-packages/airflow/example_dags/example_nested_branch_dag.py for tasks to queue
[2025-07-17T17:33:18.394+0000] {logging_mixin.py:188} INFO - [2025-07-17T17:33:18.392+0000] {dagbag.py:545} INFO - Filling up the DagBag from /mnt/c/Users/Shivam Gupta/OneDrive/Documents/Shivam_Developement/DATA_ENGINEERING/data_engineering_project/batch-etl-pyspark/.venv/lib/python3.12/site-packages/airflow/example_dags/example_nested_branch_dag.py
[2025-07-17T17:33:18.479+0000] {processor.py:840} INFO - DAG(s) 'example_nested_branch_dag' retrieved from /mnt/c/Users/Shivam Gupta/OneDrive/Documents/Shivam_Developement/DATA_ENGINEERING/data_engineering_project/batch-etl-pyspark/.venv/lib/python3.12/site-packages/airflow/example_dags/example_nested_branch_dag.py
[2025-07-17T17:33:18.732+0000] {logging_mixin.py:188} INFO - [2025-07-17T17:33:18.730+0000] {dag.py:3096} INFO - Sync 1 DAGs
[2025-07-17T17:33:18.773+0000] {logging_mixin.py:188} INFO - [2025-07-17T17:33:18.771+0000] {dag.py:3954} INFO - Setting next_dagrun for example_nested_branch_dag to 2025-07-16 00:00:00+00:00, run_after=2025-07-17 00:00:00+00:00
[2025-07-17T17:33:18.934+0000] {processor.py:183} INFO - Processing /mnt/c/Users/Shivam Gupta/OneDrive/Documents/Shivam_Developement/DATA_ENGINEERING/data_engineering_project/batch-etl-pyspark/.venv/lib/python3.12/site-packages/airflow/example_dags/example_nested_branch_dag.py took 0.584 seconds
[2025-07-17T17:35:35.940+0000] {processor.py:161} INFO - Started process (PID=2569) to work on /mnt/c/Users/Shivam Gupta/OneDrive/Documents/Shivam_Developement/DATA_ENGINEERING/data_engineering_project/batch-etl-pyspark/.venv/lib/python3.12/site-packages/airflow/example_dags/example_nested_branch_dag.py
[2025-07-17T17:35:35.944+0000] {processor.py:830} INFO - Processing file /mnt/c/Users/Shivam Gupta/OneDrive/Documents/Shivam_Developement/DATA_ENGINEERING/data_engineering_project/batch-etl-pyspark/.venv/lib/python3.12/site-packages/airflow/example_dags/example_nested_branch_dag.py for tasks to queue
[2025-07-17T17:35:35.952+0000] {logging_mixin.py:188} INFO - [2025-07-17T17:35:35.949+0000] {dagbag.py:545} INFO - Filling up the DagBag from /mnt/c/Users/Shivam Gupta/OneDrive/Documents/Shivam_Developement/DATA_ENGINEERING/data_engineering_project/batch-etl-pyspark/.venv/lib/python3.12/site-packages/airflow/example_dags/example_nested_branch_dag.py
[2025-07-17T17:35:36.053+0000] {processor.py:840} INFO - DAG(s) 'example_nested_branch_dag' retrieved from /mnt/c/Users/Shivam Gupta/OneDrive/Documents/Shivam_Developement/DATA_ENGINEERING/data_engineering_project/batch-etl-pyspark/.venv/lib/python3.12/site-packages/airflow/example_dags/example_nested_branch_dag.py
[2025-07-17T17:35:36.123+0000] {logging_mixin.py:188} INFO - [2025-07-17T17:35:36.120+0000] {dag.py:3096} INFO - Sync 1 DAGs
[2025-07-17T17:35:36.182+0000] {logging_mixin.py:188} INFO - [2025-07-17T17:35:36.179+0000] {dag.py:3954} INFO - Setting next_dagrun for example_nested_branch_dag to 2025-07-16 00:00:00+00:00, run_after=2025-07-17 00:00:00+00:00
[2025-07-17T17:35:36.306+0000] {processor.py:183} INFO - Processing /mnt/c/Users/Shivam Gupta/OneDrive/Documents/Shivam_Developement/DATA_ENGINEERING/data_engineering_project/batch-etl-pyspark/.venv/lib/python3.12/site-packages/airflow/example_dags/example_nested_branch_dag.py took 0.398 seconds
[2025-07-17T17:39:17.637+0000] {processor.py:161} INFO - Started process (PID=2703) to work on /mnt/c/Users/Shivam Gupta/OneDrive/Documents/Shivam_Developement/DATA_ENGINEERING/data_engineering_project/batch-etl-pyspark/.venv/lib/python3.12/site-packages/airflow/example_dags/example_nested_branch_dag.py
[2025-07-17T17:39:17.643+0000] {processor.py:830} INFO - Processing file /mnt/c/Users/Shivam Gupta/OneDrive/Documents/Shivam_Developement/DATA_ENGINEERING/data_engineering_project/batch-etl-pyspark/.venv/lib/python3.12/site-packages/airflow/example_dags/example_nested_branch_dag.py for tasks to queue
[2025-07-17T17:39:17.650+0000] {logging_mixin.py:188} INFO - [2025-07-17T17:39:17.647+0000] {dagbag.py:545} INFO - Filling up the DagBag from /mnt/c/Users/Shivam Gupta/OneDrive/Documents/Shivam_Developement/DATA_ENGINEERING/data_engineering_project/batch-etl-pyspark/.venv/lib/python3.12/site-packages/airflow/example_dags/example_nested_branch_dag.py
[2025-07-17T17:39:17.757+0000] {processor.py:840} INFO - DAG(s) 'example_nested_branch_dag' retrieved from /mnt/c/Users/Shivam Gupta/OneDrive/Documents/Shivam_Developement/DATA_ENGINEERING/data_engineering_project/batch-etl-pyspark/.venv/lib/python3.12/site-packages/airflow/example_dags/example_nested_branch_dag.py
[2025-07-17T17:39:17.843+0000] {logging_mixin.py:188} INFO - [2025-07-17T17:39:17.841+0000] {dag.py:3096} INFO - Sync 1 DAGs
[2025-07-17T17:39:17.912+0000] {logging_mixin.py:188} INFO - [2025-07-17T17:39:17.910+0000] {dag.py:3954} INFO - Setting next_dagrun for example_nested_branch_dag to 2025-07-16 00:00:00+00:00, run_after=2025-07-17 00:00:00+00:00
[2025-07-17T17:39:18.062+0000] {processor.py:183} INFO - Processing /mnt/c/Users/Shivam Gupta/OneDrive/Documents/Shivam_Developement/DATA_ENGINEERING/data_engineering_project/batch-etl-pyspark/.venv/lib/python3.12/site-packages/airflow/example_dags/example_nested_branch_dag.py took 0.490 seconds
[2025-07-17T17:42:36.918+0000] {processor.py:161} INFO - Started process (PID=2819) to work on /mnt/c/Users/Shivam Gupta/OneDrive/Documents/Shivam_Developement/DATA_ENGINEERING/data_engineering_project/batch-etl-pyspark/.venv/lib/python3.12/site-packages/airflow/example_dags/example_nested_branch_dag.py
[2025-07-17T17:42:36.942+0000] {processor.py:830} INFO - Processing file /mnt/c/Users/Shivam Gupta/OneDrive/Documents/Shivam_Developement/DATA_ENGINEERING/data_engineering_project/batch-etl-pyspark/.venv/lib/python3.12/site-packages/airflow/example_dags/example_nested_branch_dag.py for tasks to queue
[2025-07-17T17:42:36.973+0000] {logging_mixin.py:188} INFO - [2025-07-17T17:42:36.967+0000] {dagbag.py:545} INFO - Filling up the DagBag from /mnt/c/Users/Shivam Gupta/OneDrive/Documents/Shivam_Developement/DATA_ENGINEERING/data_engineering_project/batch-etl-pyspark/.venv/lib/python3.12/site-packages/airflow/example_dags/example_nested_branch_dag.py
[2025-07-17T17:42:37.016+0000] {processor.py:840} INFO - DAG(s) 'example_nested_branch_dag' retrieved from /mnt/c/Users/Shivam Gupta/OneDrive/Documents/Shivam_Developement/DATA_ENGINEERING/data_engineering_project/batch-etl-pyspark/.venv/lib/python3.12/site-packages/airflow/example_dags/example_nested_branch_dag.py
[2025-07-17T17:42:37.138+0000] {logging_mixin.py:188} INFO - [2025-07-17T17:42:37.137+0000] {dag.py:3096} INFO - Sync 1 DAGs
[2025-07-17T17:42:37.282+0000] {logging_mixin.py:188} INFO - [2025-07-17T17:42:37.275+0000] {dag.py:3954} INFO - Setting next_dagrun for example_nested_branch_dag to 2025-07-16 00:00:00+00:00, run_after=2025-07-17 00:00:00+00:00
[2025-07-17T17:42:37.441+0000] {processor.py:183} INFO - Processing /mnt/c/Users/Shivam Gupta/OneDrive/Documents/Shivam_Developement/DATA_ENGINEERING/data_engineering_project/batch-etl-pyspark/.venv/lib/python3.12/site-packages/airflow/example_dags/example_nested_branch_dag.py took 0.572 seconds
[2025-07-17T17:46:29.373+0000] {processor.py:161} INFO - Started process (PID=2934) to work on /mnt/c/Users/Shivam Gupta/OneDrive/Documents/Shivam_Developement/DATA_ENGINEERING/data_engineering_project/batch-etl-pyspark/.venv/lib/python3.12/site-packages/airflow/example_dags/example_nested_branch_dag.py
[2025-07-17T17:46:29.378+0000] {processor.py:830} INFO - Processing file /mnt/c/Users/Shivam Gupta/OneDrive/Documents/Shivam_Developement/DATA_ENGINEERING/data_engineering_project/batch-etl-pyspark/.venv/lib/python3.12/site-packages/airflow/example_dags/example_nested_branch_dag.py for tasks to queue
[2025-07-17T17:46:29.382+0000] {logging_mixin.py:188} INFO - [2025-07-17T17:46:29.380+0000] {dagbag.py:545} INFO - Filling up the DagBag from /mnt/c/Users/Shivam Gupta/OneDrive/Documents/Shivam_Developement/DATA_ENGINEERING/data_engineering_project/batch-etl-pyspark/.venv/lib/python3.12/site-packages/airflow/example_dags/example_nested_branch_dag.py
[2025-07-17T17:46:29.655+0000] {processor.py:840} INFO - DAG(s) 'example_nested_branch_dag' retrieved from /mnt/c/Users/Shivam Gupta/OneDrive/Documents/Shivam_Developement/DATA_ENGINEERING/data_engineering_project/batch-etl-pyspark/.venv/lib/python3.12/site-packages/airflow/example_dags/example_nested_branch_dag.py
[2025-07-17T17:46:29.811+0000] {logging_mixin.py:188} INFO - [2025-07-17T17:46:29.805+0000] {dag.py:3096} INFO - Sync 1 DAGs
[2025-07-17T17:46:29.866+0000] {logging_mixin.py:188} INFO - [2025-07-17T17:46:29.863+0000] {dag.py:3954} INFO - Setting next_dagrun for example_nested_branch_dag to 2025-07-16 00:00:00+00:00, run_after=2025-07-17 00:00:00+00:00
[2025-07-17T17:46:30.035+0000] {processor.py:183} INFO - Processing /mnt/c/Users/Shivam Gupta/OneDrive/Documents/Shivam_Developement/DATA_ENGINEERING/data_engineering_project/batch-etl-pyspark/.venv/lib/python3.12/site-packages/airflow/example_dags/example_nested_branch_dag.py took 0.681 seconds
[2025-07-17T17:48:45.661+0000] {processor.py:161} INFO - Started process (PID=3044) to work on /mnt/c/Users/Shivam Gupta/OneDrive/Documents/Shivam_Developement/DATA_ENGINEERING/data_engineering_project/batch-etl-pyspark/.venv/lib/python3.12/site-packages/airflow/example_dags/example_nested_branch_dag.py
[2025-07-17T17:48:45.665+0000] {processor.py:830} INFO - Processing file /mnt/c/Users/Shivam Gupta/OneDrive/Documents/Shivam_Developement/DATA_ENGINEERING/data_engineering_project/batch-etl-pyspark/.venv/lib/python3.12/site-packages/airflow/example_dags/example_nested_branch_dag.py for tasks to queue
[2025-07-17T17:48:45.670+0000] {logging_mixin.py:188} INFO - [2025-07-17T17:48:45.668+0000] {dagbag.py:545} INFO - Filling up the DagBag from /mnt/c/Users/Shivam Gupta/OneDrive/Documents/Shivam_Developement/DATA_ENGINEERING/data_engineering_project/batch-etl-pyspark/.venv/lib/python3.12/site-packages/airflow/example_dags/example_nested_branch_dag.py
[2025-07-17T17:48:45.737+0000] {processor.py:840} INFO - DAG(s) 'example_nested_branch_dag' retrieved from /mnt/c/Users/Shivam Gupta/OneDrive/Documents/Shivam_Developement/DATA_ENGINEERING/data_engineering_project/batch-etl-pyspark/.venv/lib/python3.12/site-packages/airflow/example_dags/example_nested_branch_dag.py
[2025-07-17T17:48:45.779+0000] {logging_mixin.py:188} INFO - [2025-07-17T17:48:45.778+0000] {dag.py:3096} INFO - Sync 1 DAGs
[2025-07-17T17:48:45.864+0000] {logging_mixin.py:188} INFO - [2025-07-17T17:48:45.862+0000] {dag.py:3954} INFO - Setting next_dagrun for example_nested_branch_dag to 2025-07-16 00:00:00+00:00, run_after=2025-07-17 00:00:00+00:00
[2025-07-17T17:48:46.012+0000] {processor.py:183} INFO - Processing /mnt/c/Users/Shivam Gupta/OneDrive/Documents/Shivam_Developement/DATA_ENGINEERING/data_engineering_project/batch-etl-pyspark/.venv/lib/python3.12/site-packages/airflow/example_dags/example_nested_branch_dag.py took 0.374 seconds
[2025-07-17T17:50:43.808+0000] {processor.py:161} INFO - Started process (PID=3146) to work on /mnt/c/Users/Shivam Gupta/OneDrive/Documents/Shivam_Developement/DATA_ENGINEERING/data_engineering_project/batch-etl-pyspark/.venv/lib/python3.12/site-packages/airflow/example_dags/example_nested_branch_dag.py
[2025-07-17T17:50:43.811+0000] {processor.py:830} INFO - Processing file /mnt/c/Users/Shivam Gupta/OneDrive/Documents/Shivam_Developement/DATA_ENGINEERING/data_engineering_project/batch-etl-pyspark/.venv/lib/python3.12/site-packages/airflow/example_dags/example_nested_branch_dag.py for tasks to queue
[2025-07-17T17:50:43.816+0000] {logging_mixin.py:188} INFO - [2025-07-17T17:50:43.814+0000] {dagbag.py:545} INFO - Filling up the DagBag from /mnt/c/Users/Shivam Gupta/OneDrive/Documents/Shivam_Developement/DATA_ENGINEERING/data_engineering_project/batch-etl-pyspark/.venv/lib/python3.12/site-packages/airflow/example_dags/example_nested_branch_dag.py
[2025-07-17T17:50:43.876+0000] {processor.py:840} INFO - DAG(s) 'example_nested_branch_dag' retrieved from /mnt/c/Users/Shivam Gupta/OneDrive/Documents/Shivam_Developement/DATA_ENGINEERING/data_engineering_project/batch-etl-pyspark/.venv/lib/python3.12/site-packages/airflow/example_dags/example_nested_branch_dag.py
[2025-07-17T17:50:43.914+0000] {logging_mixin.py:188} INFO - [2025-07-17T17:50:43.912+0000] {dag.py:3096} INFO - Sync 1 DAGs
[2025-07-17T17:50:43.942+0000] {logging_mixin.py:188} INFO - [2025-07-17T17:50:43.940+0000] {dag.py:3954} INFO - Setting next_dagrun for example_nested_branch_dag to 2025-07-16 00:00:00+00:00, run_after=2025-07-17 00:00:00+00:00
[2025-07-17T17:50:44.056+0000] {processor.py:183} INFO - Processing /mnt/c/Users/Shivam Gupta/OneDrive/Documents/Shivam_Developement/DATA_ENGINEERING/data_engineering_project/batch-etl-pyspark/.venv/lib/python3.12/site-packages/airflow/example_dags/example_nested_branch_dag.py took 0.270 seconds
[2025-07-17T17:52:54.949+0000] {processor.py:161} INFO - Started process (PID=3249) to work on /mnt/c/Users/Shivam Gupta/OneDrive/Documents/Shivam_Developement/DATA_ENGINEERING/data_engineering_project/batch-etl-pyspark/.venv/lib/python3.12/site-packages/airflow/example_dags/example_nested_branch_dag.py
[2025-07-17T17:52:54.952+0000] {processor.py:830} INFO - Processing file /mnt/c/Users/Shivam Gupta/OneDrive/Documents/Shivam_Developement/DATA_ENGINEERING/data_engineering_project/batch-etl-pyspark/.venv/lib/python3.12/site-packages/airflow/example_dags/example_nested_branch_dag.py for tasks to queue
[2025-07-17T17:52:54.957+0000] {logging_mixin.py:188} INFO - [2025-07-17T17:52:54.955+0000] {dagbag.py:545} INFO - Filling up the DagBag from /mnt/c/Users/Shivam Gupta/OneDrive/Documents/Shivam_Developement/DATA_ENGINEERING/data_engineering_project/batch-etl-pyspark/.venv/lib/python3.12/site-packages/airflow/example_dags/example_nested_branch_dag.py
[2025-07-17T17:52:55.010+0000] {processor.py:840} INFO - DAG(s) 'example_nested_branch_dag' retrieved from /mnt/c/Users/Shivam Gupta/OneDrive/Documents/Shivam_Developement/DATA_ENGINEERING/data_engineering_project/batch-etl-pyspark/.venv/lib/python3.12/site-packages/airflow/example_dags/example_nested_branch_dag.py
[2025-07-17T17:52:55.062+0000] {logging_mixin.py:188} INFO - [2025-07-17T17:52:55.059+0000] {dag.py:3096} INFO - Sync 1 DAGs
[2025-07-17T17:52:55.096+0000] {logging_mixin.py:188} INFO - [2025-07-17T17:52:55.094+0000] {dag.py:3954} INFO - Setting next_dagrun for example_nested_branch_dag to 2025-07-16 00:00:00+00:00, run_after=2025-07-17 00:00:00+00:00
[2025-07-17T17:52:55.204+0000] {processor.py:183} INFO - Processing /mnt/c/Users/Shivam Gupta/OneDrive/Documents/Shivam_Developement/DATA_ENGINEERING/data_engineering_project/batch-etl-pyspark/.venv/lib/python3.12/site-packages/airflow/example_dags/example_nested_branch_dag.py took 0.273 seconds
[2025-07-17T17:54:59.463+0000] {processor.py:161} INFO - Started process (PID=3352) to work on /mnt/c/Users/Shivam Gupta/OneDrive/Documents/Shivam_Developement/DATA_ENGINEERING/data_engineering_project/batch-etl-pyspark/.venv/lib/python3.12/site-packages/airflow/example_dags/example_nested_branch_dag.py
[2025-07-17T17:54:59.465+0000] {processor.py:830} INFO - Processing file /mnt/c/Users/Shivam Gupta/OneDrive/Documents/Shivam_Developement/DATA_ENGINEERING/data_engineering_project/batch-etl-pyspark/.venv/lib/python3.12/site-packages/airflow/example_dags/example_nested_branch_dag.py for tasks to queue
[2025-07-17T17:54:59.468+0000] {logging_mixin.py:188} INFO - [2025-07-17T17:54:59.466+0000] {dagbag.py:545} INFO - Filling up the DagBag from /mnt/c/Users/Shivam Gupta/OneDrive/Documents/Shivam_Developement/DATA_ENGINEERING/data_engineering_project/batch-etl-pyspark/.venv/lib/python3.12/site-packages/airflow/example_dags/example_nested_branch_dag.py
[2025-07-17T17:54:59.536+0000] {processor.py:840} INFO - DAG(s) 'example_nested_branch_dag' retrieved from /mnt/c/Users/Shivam Gupta/OneDrive/Documents/Shivam_Developement/DATA_ENGINEERING/data_engineering_project/batch-etl-pyspark/.venv/lib/python3.12/site-packages/airflow/example_dags/example_nested_branch_dag.py
[2025-07-17T17:54:59.575+0000] {logging_mixin.py:188} INFO - [2025-07-17T17:54:59.573+0000] {dag.py:3096} INFO - Sync 1 DAGs
[2025-07-17T17:54:59.607+0000] {logging_mixin.py:188} INFO - [2025-07-17T17:54:59.605+0000] {dag.py:3954} INFO - Setting next_dagrun for example_nested_branch_dag to 2025-07-16 00:00:00+00:00, run_after=2025-07-17 00:00:00+00:00
[2025-07-17T17:54:59.707+0000] {processor.py:183} INFO - Processing /mnt/c/Users/Shivam Gupta/OneDrive/Documents/Shivam_Developement/DATA_ENGINEERING/data_engineering_project/batch-etl-pyspark/.venv/lib/python3.12/site-packages/airflow/example_dags/example_nested_branch_dag.py took 0.255 seconds
[2025-07-17T17:57:02.658+0000] {processor.py:161} INFO - Started process (PID=3453) to work on /mnt/c/Users/Shivam Gupta/OneDrive/Documents/Shivam_Developement/DATA_ENGINEERING/data_engineering_project/batch-etl-pyspark/.venv/lib/python3.12/site-packages/airflow/example_dags/example_nested_branch_dag.py
[2025-07-17T17:57:02.671+0000] {processor.py:830} INFO - Processing file /mnt/c/Users/Shivam Gupta/OneDrive/Documents/Shivam_Developement/DATA_ENGINEERING/data_engineering_project/batch-etl-pyspark/.venv/lib/python3.12/site-packages/airflow/example_dags/example_nested_branch_dag.py for tasks to queue
[2025-07-17T17:57:02.685+0000] {logging_mixin.py:188} INFO - [2025-07-17T17:57:02.681+0000] {dagbag.py:545} INFO - Filling up the DagBag from /mnt/c/Users/Shivam Gupta/OneDrive/Documents/Shivam_Developement/DATA_ENGINEERING/data_engineering_project/batch-etl-pyspark/.venv/lib/python3.12/site-packages/airflow/example_dags/example_nested_branch_dag.py
[2025-07-17T17:57:02.798+0000] {processor.py:840} INFO - DAG(s) 'example_nested_branch_dag' retrieved from /mnt/c/Users/Shivam Gupta/OneDrive/Documents/Shivam_Developement/DATA_ENGINEERING/data_engineering_project/batch-etl-pyspark/.venv/lib/python3.12/site-packages/airflow/example_dags/example_nested_branch_dag.py
[2025-07-17T17:57:02.828+0000] {logging_mixin.py:188} INFO - [2025-07-17T17:57:02.827+0000] {dag.py:3096} INFO - Sync 1 DAGs
[2025-07-17T17:57:02.849+0000] {logging_mixin.py:188} INFO - [2025-07-17T17:57:02.848+0000] {dag.py:3954} INFO - Setting next_dagrun for example_nested_branch_dag to 2025-07-16 00:00:00+00:00, run_after=2025-07-17 00:00:00+00:00
[2025-07-17T17:57:02.953+0000] {processor.py:183} INFO - Processing /mnt/c/Users/Shivam Gupta/OneDrive/Documents/Shivam_Developement/DATA_ENGINEERING/data_engineering_project/batch-etl-pyspark/.venv/lib/python3.12/site-packages/airflow/example_dags/example_nested_branch_dag.py took 0.323 seconds
[2025-07-17T17:59:07.051+0000] {processor.py:161} INFO - Started process (PID=3553) to work on /mnt/c/Users/Shivam Gupta/OneDrive/Documents/Shivam_Developement/DATA_ENGINEERING/data_engineering_project/batch-etl-pyspark/.venv/lib/python3.12/site-packages/airflow/example_dags/example_nested_branch_dag.py
[2025-07-17T17:59:07.054+0000] {processor.py:830} INFO - Processing file /mnt/c/Users/Shivam Gupta/OneDrive/Documents/Shivam_Developement/DATA_ENGINEERING/data_engineering_project/batch-etl-pyspark/.venv/lib/python3.12/site-packages/airflow/example_dags/example_nested_branch_dag.py for tasks to queue
[2025-07-17T17:59:07.058+0000] {logging_mixin.py:188} INFO - [2025-07-17T17:59:07.056+0000] {dagbag.py:545} INFO - Filling up the DagBag from /mnt/c/Users/Shivam Gupta/OneDrive/Documents/Shivam_Developement/DATA_ENGINEERING/data_engineering_project/batch-etl-pyspark/.venv/lib/python3.12/site-packages/airflow/example_dags/example_nested_branch_dag.py
[2025-07-17T17:59:07.121+0000] {processor.py:840} INFO - DAG(s) 'example_nested_branch_dag' retrieved from /mnt/c/Users/Shivam Gupta/OneDrive/Documents/Shivam_Developement/DATA_ENGINEERING/data_engineering_project/batch-etl-pyspark/.venv/lib/python3.12/site-packages/airflow/example_dags/example_nested_branch_dag.py
[2025-07-17T17:59:07.173+0000] {logging_mixin.py:188} INFO - [2025-07-17T17:59:07.171+0000] {dag.py:3096} INFO - Sync 1 DAGs
[2025-07-17T17:59:07.207+0000] {logging_mixin.py:188} INFO - [2025-07-17T17:59:07.205+0000] {dag.py:3954} INFO - Setting next_dagrun for example_nested_branch_dag to 2025-07-16 00:00:00+00:00, run_after=2025-07-17 00:00:00+00:00
[2025-07-17T17:59:07.382+0000] {processor.py:183} INFO - Processing /mnt/c/Users/Shivam Gupta/OneDrive/Documents/Shivam_Developement/DATA_ENGINEERING/data_engineering_project/batch-etl-pyspark/.venv/lib/python3.12/site-packages/airflow/example_dags/example_nested_branch_dag.py took 0.352 seconds
[2025-07-17T18:01:16.815+0000] {processor.py:161} INFO - Started process (PID=3658) to work on /mnt/c/Users/Shivam Gupta/OneDrive/Documents/Shivam_Developement/DATA_ENGINEERING/data_engineering_project/batch-etl-pyspark/.venv/lib/python3.12/site-packages/airflow/example_dags/example_nested_branch_dag.py
[2025-07-17T18:01:16.818+0000] {processor.py:830} INFO - Processing file /mnt/c/Users/Shivam Gupta/OneDrive/Documents/Shivam_Developement/DATA_ENGINEERING/data_engineering_project/batch-etl-pyspark/.venv/lib/python3.12/site-packages/airflow/example_dags/example_nested_branch_dag.py for tasks to queue
[2025-07-17T18:01:16.823+0000] {logging_mixin.py:188} INFO - [2025-07-17T18:01:16.821+0000] {dagbag.py:545} INFO - Filling up the DagBag from /mnt/c/Users/Shivam Gupta/OneDrive/Documents/Shivam_Developement/DATA_ENGINEERING/data_engineering_project/batch-etl-pyspark/.venv/lib/python3.12/site-packages/airflow/example_dags/example_nested_branch_dag.py
[2025-07-17T18:01:16.871+0000] {processor.py:840} INFO - DAG(s) 'example_nested_branch_dag' retrieved from /mnt/c/Users/Shivam Gupta/OneDrive/Documents/Shivam_Developement/DATA_ENGINEERING/data_engineering_project/batch-etl-pyspark/.venv/lib/python3.12/site-packages/airflow/example_dags/example_nested_branch_dag.py
[2025-07-17T18:01:16.905+0000] {logging_mixin.py:188} INFO - [2025-07-17T18:01:16.903+0000] {dag.py:3096} INFO - Sync 1 DAGs
[2025-07-17T18:01:16.933+0000] {logging_mixin.py:188} INFO - [2025-07-17T18:01:16.931+0000] {dag.py:3954} INFO - Setting next_dagrun for example_nested_branch_dag to 2025-07-16 00:00:00+00:00, run_after=2025-07-17 00:00:00+00:00
[2025-07-17T18:01:17.036+0000] {processor.py:183} INFO - Processing /mnt/c/Users/Shivam Gupta/OneDrive/Documents/Shivam_Developement/DATA_ENGINEERING/data_engineering_project/batch-etl-pyspark/.venv/lib/python3.12/site-packages/airflow/example_dags/example_nested_branch_dag.py took 0.253 seconds
[2025-07-17T18:03:17.791+0000] {processor.py:161} INFO - Started process (PID=3763) to work on /mnt/c/Users/Shivam Gupta/OneDrive/Documents/Shivam_Developement/DATA_ENGINEERING/data_engineering_project/batch-etl-pyspark/.venv/lib/python3.12/site-packages/airflow/example_dags/example_nested_branch_dag.py
[2025-07-17T18:03:17.793+0000] {processor.py:830} INFO - Processing file /mnt/c/Users/Shivam Gupta/OneDrive/Documents/Shivam_Developement/DATA_ENGINEERING/data_engineering_project/batch-etl-pyspark/.venv/lib/python3.12/site-packages/airflow/example_dags/example_nested_branch_dag.py for tasks to queue
[2025-07-17T18:03:17.796+0000] {logging_mixin.py:188} INFO - [2025-07-17T18:03:17.795+0000] {dagbag.py:545} INFO - Filling up the DagBag from /mnt/c/Users/Shivam Gupta/OneDrive/Documents/Shivam_Developement/DATA_ENGINEERING/data_engineering_project/batch-etl-pyspark/.venv/lib/python3.12/site-packages/airflow/example_dags/example_nested_branch_dag.py
[2025-07-17T18:03:17.948+0000] {processor.py:840} INFO - DAG(s) 'example_nested_branch_dag' retrieved from /mnt/c/Users/Shivam Gupta/OneDrive/Documents/Shivam_Developement/DATA_ENGINEERING/data_engineering_project/batch-etl-pyspark/.venv/lib/python3.12/site-packages/airflow/example_dags/example_nested_branch_dag.py
[2025-07-17T18:03:17.984+0000] {logging_mixin.py:188} INFO - [2025-07-17T18:03:17.983+0000] {dag.py:3096} INFO - Sync 1 DAGs
[2025-07-17T18:03:18.010+0000] {logging_mixin.py:188} INFO - [2025-07-17T18:03:18.008+0000] {dag.py:3954} INFO - Setting next_dagrun for example_nested_branch_dag to 2025-07-16 00:00:00+00:00, run_after=2025-07-17 00:00:00+00:00
[2025-07-17T18:03:18.110+0000] {processor.py:183} INFO - Processing /mnt/c/Users/Shivam Gupta/OneDrive/Documents/Shivam_Developement/DATA_ENGINEERING/data_engineering_project/batch-etl-pyspark/.venv/lib/python3.12/site-packages/airflow/example_dags/example_nested_branch_dag.py took 0.338 seconds
[2025-07-17T18:05:19.096+0000] {processor.py:161} INFO - Started process (PID=3864) to work on /mnt/c/Users/Shivam Gupta/OneDrive/Documents/Shivam_Developement/DATA_ENGINEERING/data_engineering_project/batch-etl-pyspark/.venv/lib/python3.12/site-packages/airflow/example_dags/example_nested_branch_dag.py
[2025-07-17T18:05:19.099+0000] {processor.py:830} INFO - Processing file /mnt/c/Users/Shivam Gupta/OneDrive/Documents/Shivam_Developement/DATA_ENGINEERING/data_engineering_project/batch-etl-pyspark/.venv/lib/python3.12/site-packages/airflow/example_dags/example_nested_branch_dag.py for tasks to queue
[2025-07-17T18:05:19.103+0000] {logging_mixin.py:188} INFO - [2025-07-17T18:05:19.101+0000] {dagbag.py:545} INFO - Filling up the DagBag from /mnt/c/Users/Shivam Gupta/OneDrive/Documents/Shivam_Developement/DATA_ENGINEERING/data_engineering_project/batch-etl-pyspark/.venv/lib/python3.12/site-packages/airflow/example_dags/example_nested_branch_dag.py
[2025-07-17T18:05:19.265+0000] {processor.py:840} INFO - DAG(s) 'example_nested_branch_dag' retrieved from /mnt/c/Users/Shivam Gupta/OneDrive/Documents/Shivam_Developement/DATA_ENGINEERING/data_engineering_project/batch-etl-pyspark/.venv/lib/python3.12/site-packages/airflow/example_dags/example_nested_branch_dag.py
[2025-07-17T18:05:19.377+0000] {logging_mixin.py:188} INFO - [2025-07-17T18:05:19.367+0000] {dag.py:3096} INFO - Sync 1 DAGs
[2025-07-17T18:05:19.466+0000] {logging_mixin.py:188} INFO - [2025-07-17T18:05:19.461+0000] {dag.py:3954} INFO - Setting next_dagrun for example_nested_branch_dag to 2025-07-16 00:00:00+00:00, run_after=2025-07-17 00:00:00+00:00
[2025-07-17T18:05:19.622+0000] {processor.py:183} INFO - Processing /mnt/c/Users/Shivam Gupta/OneDrive/Documents/Shivam_Developement/DATA_ENGINEERING/data_engineering_project/batch-etl-pyspark/.venv/lib/python3.12/site-packages/airflow/example_dags/example_nested_branch_dag.py took 0.545 seconds
[2025-07-17T18:07:24.353+0000] {processor.py:161} INFO - Started process (PID=3965) to work on /mnt/c/Users/Shivam Gupta/OneDrive/Documents/Shivam_Developement/DATA_ENGINEERING/data_engineering_project/batch-etl-pyspark/.venv/lib/python3.12/site-packages/airflow/example_dags/example_nested_branch_dag.py
[2025-07-17T18:07:24.358+0000] {processor.py:830} INFO - Processing file /mnt/c/Users/Shivam Gupta/OneDrive/Documents/Shivam_Developement/DATA_ENGINEERING/data_engineering_project/batch-etl-pyspark/.venv/lib/python3.12/site-packages/airflow/example_dags/example_nested_branch_dag.py for tasks to queue
[2025-07-17T18:07:24.370+0000] {logging_mixin.py:188} INFO - [2025-07-17T18:07:24.363+0000] {dagbag.py:545} INFO - Filling up the DagBag from /mnt/c/Users/Shivam Gupta/OneDrive/Documents/Shivam_Developement/DATA_ENGINEERING/data_engineering_project/batch-etl-pyspark/.venv/lib/python3.12/site-packages/airflow/example_dags/example_nested_branch_dag.py
[2025-07-17T18:07:24.491+0000] {processor.py:840} INFO - DAG(s) 'example_nested_branch_dag' retrieved from /mnt/c/Users/Shivam Gupta/OneDrive/Documents/Shivam_Developement/DATA_ENGINEERING/data_engineering_project/batch-etl-pyspark/.venv/lib/python3.12/site-packages/airflow/example_dags/example_nested_branch_dag.py
[2025-07-17T18:07:24.583+0000] {logging_mixin.py:188} INFO - [2025-07-17T18:07:24.577+0000] {dag.py:3096} INFO - Sync 1 DAGs
[2025-07-17T18:07:24.666+0000] {logging_mixin.py:188} INFO - [2025-07-17T18:07:24.661+0000] {dag.py:3954} INFO - Setting next_dagrun for example_nested_branch_dag to 2025-07-16 00:00:00+00:00, run_after=2025-07-17 00:00:00+00:00
[2025-07-17T18:07:24.830+0000] {processor.py:183} INFO - Processing /mnt/c/Users/Shivam Gupta/OneDrive/Documents/Shivam_Developement/DATA_ENGINEERING/data_engineering_project/batch-etl-pyspark/.venv/lib/python3.12/site-packages/airflow/example_dags/example_nested_branch_dag.py took 0.533 seconds
[2025-07-17T18:09:36.595+0000] {processor.py:161} INFO - Started process (PID=4070) to work on /mnt/c/Users/Shivam Gupta/OneDrive/Documents/Shivam_Developement/DATA_ENGINEERING/data_engineering_project/batch-etl-pyspark/.venv/lib/python3.12/site-packages/airflow/example_dags/example_nested_branch_dag.py
[2025-07-17T18:09:36.598+0000] {processor.py:830} INFO - Processing file /mnt/c/Users/Shivam Gupta/OneDrive/Documents/Shivam_Developement/DATA_ENGINEERING/data_engineering_project/batch-etl-pyspark/.venv/lib/python3.12/site-packages/airflow/example_dags/example_nested_branch_dag.py for tasks to queue
[2025-07-17T18:09:36.603+0000] {logging_mixin.py:188} INFO - [2025-07-17T18:09:36.601+0000] {dagbag.py:545} INFO - Filling up the DagBag from /mnt/c/Users/Shivam Gupta/OneDrive/Documents/Shivam_Developement/DATA_ENGINEERING/data_engineering_project/batch-etl-pyspark/.venv/lib/python3.12/site-packages/airflow/example_dags/example_nested_branch_dag.py
[2025-07-17T18:09:36.667+0000] {processor.py:840} INFO - DAG(s) 'example_nested_branch_dag' retrieved from /mnt/c/Users/Shivam Gupta/OneDrive/Documents/Shivam_Developement/DATA_ENGINEERING/data_engineering_project/batch-etl-pyspark/.venv/lib/python3.12/site-packages/airflow/example_dags/example_nested_branch_dag.py
[2025-07-17T18:09:36.708+0000] {logging_mixin.py:188} INFO - [2025-07-17T18:09:36.706+0000] {dag.py:3096} INFO - Sync 1 DAGs
[2025-07-17T18:09:36.741+0000] {logging_mixin.py:188} INFO - [2025-07-17T18:09:36.739+0000] {dag.py:3954} INFO - Setting next_dagrun for example_nested_branch_dag to 2025-07-16 00:00:00+00:00, run_after=2025-07-17 00:00:00+00:00
[2025-07-17T18:09:36.844+0000] {processor.py:183} INFO - Processing /mnt/c/Users/Shivam Gupta/OneDrive/Documents/Shivam_Developement/DATA_ENGINEERING/data_engineering_project/batch-etl-pyspark/.venv/lib/python3.12/site-packages/airflow/example_dags/example_nested_branch_dag.py took 0.269 seconds
[2025-07-17T18:11:43.566+0000] {processor.py:161} INFO - Started process (PID=4172) to work on /mnt/c/Users/Shivam Gupta/OneDrive/Documents/Shivam_Developement/DATA_ENGINEERING/data_engineering_project/batch-etl-pyspark/.venv/lib/python3.12/site-packages/airflow/example_dags/example_nested_branch_dag.py
[2025-07-17T18:11:43.569+0000] {processor.py:830} INFO - Processing file /mnt/c/Users/Shivam Gupta/OneDrive/Documents/Shivam_Developement/DATA_ENGINEERING/data_engineering_project/batch-etl-pyspark/.venv/lib/python3.12/site-packages/airflow/example_dags/example_nested_branch_dag.py for tasks to queue
[2025-07-17T18:11:43.573+0000] {logging_mixin.py:188} INFO - [2025-07-17T18:11:43.572+0000] {dagbag.py:545} INFO - Filling up the DagBag from /mnt/c/Users/Shivam Gupta/OneDrive/Documents/Shivam_Developement/DATA_ENGINEERING/data_engineering_project/batch-etl-pyspark/.venv/lib/python3.12/site-packages/airflow/example_dags/example_nested_branch_dag.py
[2025-07-17T18:11:43.619+0000] {processor.py:840} INFO - DAG(s) 'example_nested_branch_dag' retrieved from /mnt/c/Users/Shivam Gupta/OneDrive/Documents/Shivam_Developement/DATA_ENGINEERING/data_engineering_project/batch-etl-pyspark/.venv/lib/python3.12/site-packages/airflow/example_dags/example_nested_branch_dag.py
[2025-07-17T18:11:43.657+0000] {logging_mixin.py:188} INFO - [2025-07-17T18:11:43.655+0000] {dag.py:3096} INFO - Sync 1 DAGs
[2025-07-17T18:11:43.682+0000] {logging_mixin.py:188} INFO - [2025-07-17T18:11:43.681+0000] {dag.py:3954} INFO - Setting next_dagrun for example_nested_branch_dag to 2025-07-16 00:00:00+00:00, run_after=2025-07-17 00:00:00+00:00
[2025-07-17T18:11:43.777+0000] {processor.py:183} INFO - Processing /mnt/c/Users/Shivam Gupta/OneDrive/Documents/Shivam_Developement/DATA_ENGINEERING/data_engineering_project/batch-etl-pyspark/.venv/lib/python3.12/site-packages/airflow/example_dags/example_nested_branch_dag.py took 0.236 seconds
[2025-07-17T18:13:53.745+0000] {processor.py:161} INFO - Started process (PID=4275) to work on /mnt/c/Users/Shivam Gupta/OneDrive/Documents/Shivam_Developement/DATA_ENGINEERING/data_engineering_project/batch-etl-pyspark/.venv/lib/python3.12/site-packages/airflow/example_dags/example_nested_branch_dag.py
[2025-07-17T18:13:53.756+0000] {processor.py:830} INFO - Processing file /mnt/c/Users/Shivam Gupta/OneDrive/Documents/Shivam_Developement/DATA_ENGINEERING/data_engineering_project/batch-etl-pyspark/.venv/lib/python3.12/site-packages/airflow/example_dags/example_nested_branch_dag.py for tasks to queue
[2025-07-17T18:13:53.769+0000] {logging_mixin.py:188} INFO - [2025-07-17T18:13:53.762+0000] {dagbag.py:545} INFO - Filling up the DagBag from /mnt/c/Users/Shivam Gupta/OneDrive/Documents/Shivam_Developement/DATA_ENGINEERING/data_engineering_project/batch-etl-pyspark/.venv/lib/python3.12/site-packages/airflow/example_dags/example_nested_branch_dag.py
[2025-07-17T18:13:53.928+0000] {processor.py:840} INFO - DAG(s) 'example_nested_branch_dag' retrieved from /mnt/c/Users/Shivam Gupta/OneDrive/Documents/Shivam_Developement/DATA_ENGINEERING/data_engineering_project/batch-etl-pyspark/.venv/lib/python3.12/site-packages/airflow/example_dags/example_nested_branch_dag.py
[2025-07-17T18:13:54.046+0000] {logging_mixin.py:188} INFO - [2025-07-17T18:13:54.044+0000] {dag.py:3096} INFO - Sync 1 DAGs
[2025-07-17T18:13:54.069+0000] {logging_mixin.py:188} INFO - [2025-07-17T18:13:54.068+0000] {dag.py:3954} INFO - Setting next_dagrun for example_nested_branch_dag to 2025-07-16 00:00:00+00:00, run_after=2025-07-17 00:00:00+00:00
[2025-07-17T18:13:54.146+0000] {processor.py:183} INFO - Processing /mnt/c/Users/Shivam Gupta/OneDrive/Documents/Shivam_Developement/DATA_ENGINEERING/data_engineering_project/batch-etl-pyspark/.venv/lib/python3.12/site-packages/airflow/example_dags/example_nested_branch_dag.py took 0.459 seconds
