[2025-07-17T17:14:52.442+0000] {processor.py:161} INFO - Started process (PID=1954) to work on /mnt/c/Users/Shivam Gupta/OneDrive/Documents/Shivam_Developement/DATA_ENGINEERING/data_engineering_project/batch-etl-pyspark/.venv/lib/python3.12/site-packages/airflow/example_dags/example_params_trigger_ui.py
[2025-07-17T17:14:52.447+0000] {processor.py:830} INFO - Processing file /mnt/c/Users/Shivam Gupta/OneDrive/Documents/Shivam_Developement/DATA_ENGINEERING/data_engineering_project/batch-etl-pyspark/.venv/lib/python3.12/site-packages/airflow/example_dags/example_params_trigger_ui.py for tasks to queue
[2025-07-17T17:14:52.452+0000] {logging_mixin.py:188} INFO - [2025-07-17T17:14:52.450+0000] {dagbag.py:545} INFO - Filling up the DagBag from /mnt/c/Users/Shivam Gupta/OneDrive/Documents/Shivam_Developement/DATA_ENGINEERING/data_engineering_project/batch-etl-pyspark/.venv/lib/python3.12/site-packages/airflow/example_dags/example_params_trigger_ui.py
[2025-07-17T17:14:52.538+0000] {processor.py:840} INFO - DAG(s) 'example_params_trigger_ui' retrieved from /mnt/c/Users/Shivam Gupta/OneDrive/Documents/Shivam_Developement/DATA_ENGINEERING/data_engineering_project/batch-etl-pyspark/.venv/lib/python3.12/site-packages/airflow/example_dags/example_params_trigger_ui.py
[2025-07-17T17:14:58.667+0000] {logging_mixin.py:188} INFO - [2025-07-17T17:14:58.666+0000] {dag.py:3096} INFO - Sync 1 DAGs
[2025-07-17T17:14:58.695+0000] {logging_mixin.py:188} INFO - [2025-07-17T17:14:58.693+0000] {dag.py:3954} INFO - Setting next_dagrun for example_params_trigger_ui to None, run_after=None
[2025-07-17T17:14:58.875+0000] {processor.py:183} INFO - Processing /mnt/c/Users/Shivam Gupta/OneDrive/Documents/Shivam_Developement/DATA_ENGINEERING/data_engineering_project/batch-etl-pyspark/.venv/lib/python3.12/site-packages/airflow/example_dags/example_params_trigger_ui.py took 6.457 seconds
[2025-07-17T17:19:16.890+0000] {processor.py:161} INFO - Started process (PID=2038) to work on /mnt/c/Users/Shivam Gupta/OneDrive/Documents/Shivam_Developement/DATA_ENGINEERING/data_engineering_project/batch-etl-pyspark/.venv/lib/python3.12/site-packages/airflow/example_dags/example_params_trigger_ui.py
[2025-07-17T17:19:16.899+0000] {processor.py:830} INFO - Processing file /mnt/c/Users/Shivam Gupta/OneDrive/Documents/Shivam_Developement/DATA_ENGINEERING/data_engineering_project/batch-etl-pyspark/.venv/lib/python3.12/site-packages/airflow/example_dags/example_params_trigger_ui.py for tasks to queue
[2025-07-17T17:19:16.902+0000] {logging_mixin.py:188} INFO - [2025-07-17T17:19:16.901+0000] {dagbag.py:545} INFO - Filling up the DagBag from /mnt/c/Users/Shivam Gupta/OneDrive/Documents/Shivam_Developement/DATA_ENGINEERING/data_engineering_project/batch-etl-pyspark/.venv/lib/python3.12/site-packages/airflow/example_dags/example_params_trigger_ui.py
[2025-07-17T17:19:16.967+0000] {processor.py:840} INFO - DAG(s) 'example_params_trigger_ui' retrieved from /mnt/c/Users/Shivam Gupta/OneDrive/Documents/Shivam_Developement/DATA_ENGINEERING/data_engineering_project/batch-etl-pyspark/.venv/lib/python3.12/site-packages/airflow/example_dags/example_params_trigger_ui.py
[2025-07-17T17:19:17.100+0000] {logging_mixin.py:188} INFO - [2025-07-17T17:19:17.097+0000] {dag.py:3096} INFO - Sync 1 DAGs
[2025-07-17T17:19:17.126+0000] {logging_mixin.py:188} INFO - [2025-07-17T17:19:17.124+0000] {dag.py:3954} INFO - Setting next_dagrun for example_params_trigger_ui to None, run_after=None
[2025-07-17T17:19:17.289+0000] {processor.py:183} INFO - Processing /mnt/c/Users/Shivam Gupta/OneDrive/Documents/Shivam_Developement/DATA_ENGINEERING/data_engineering_project/batch-etl-pyspark/.venv/lib/python3.12/site-packages/airflow/example_dags/example_params_trigger_ui.py took 0.417 seconds
[2025-07-17T17:21:38.127+0000] {processor.py:161} INFO - Started process (PID=2109) to work on /mnt/c/Users/Shivam Gupta/OneDrive/Documents/Shivam_Developement/DATA_ENGINEERING/data_engineering_project/batch-etl-pyspark/.venv/lib/python3.12/site-packages/airflow/example_dags/example_params_trigger_ui.py
[2025-07-17T17:21:38.158+0000] {processor.py:830} INFO - Processing file /mnt/c/Users/Shivam Gupta/OneDrive/Documents/Shivam_Developement/DATA_ENGINEERING/data_engineering_project/batch-etl-pyspark/.venv/lib/python3.12/site-packages/airflow/example_dags/example_params_trigger_ui.py for tasks to queue
[2025-07-17T17:21:38.173+0000] {logging_mixin.py:188} INFO - [2025-07-17T17:21:38.172+0000] {dagbag.py:545} INFO - Filling up the DagBag from /mnt/c/Users/Shivam Gupta/OneDrive/Documents/Shivam_Developement/DATA_ENGINEERING/data_engineering_project/batch-etl-pyspark/.venv/lib/python3.12/site-packages/airflow/example_dags/example_params_trigger_ui.py
[2025-07-17T17:21:38.228+0000] {processor.py:840} INFO - DAG(s) 'example_params_trigger_ui' retrieved from /mnt/c/Users/Shivam Gupta/OneDrive/Documents/Shivam_Developement/DATA_ENGINEERING/data_engineering_project/batch-etl-pyspark/.venv/lib/python3.12/site-packages/airflow/example_dags/example_params_trigger_ui.py
[2025-07-17T17:21:38.368+0000] {logging_mixin.py:188} INFO - [2025-07-17T17:21:38.366+0000] {dag.py:3096} INFO - Sync 1 DAGs
[2025-07-17T17:21:38.395+0000] {logging_mixin.py:188} INFO - [2025-07-17T17:21:38.392+0000] {dag.py:3954} INFO - Setting next_dagrun for example_params_trigger_ui to None, run_after=None
[2025-07-17T17:21:38.482+0000] {processor.py:183} INFO - Processing /mnt/c/Users/Shivam Gupta/OneDrive/Documents/Shivam_Developement/DATA_ENGINEERING/data_engineering_project/batch-etl-pyspark/.venv/lib/python3.12/site-packages/airflow/example_dags/example_params_trigger_ui.py took 0.478 seconds
[2025-07-17T17:25:18.021+0000] {processor.py:161} INFO - Started process (PID=2253) to work on /mnt/c/Users/Shivam Gupta/OneDrive/Documents/Shivam_Developement/DATA_ENGINEERING/data_engineering_project/batch-etl-pyspark/.venv/lib/python3.12/site-packages/airflow/example_dags/example_params_trigger_ui.py
[2025-07-17T17:25:18.024+0000] {processor.py:830} INFO - Processing file /mnt/c/Users/Shivam Gupta/OneDrive/Documents/Shivam_Developement/DATA_ENGINEERING/data_engineering_project/batch-etl-pyspark/.venv/lib/python3.12/site-packages/airflow/example_dags/example_params_trigger_ui.py for tasks to queue
[2025-07-17T17:25:18.028+0000] {logging_mixin.py:188} INFO - [2025-07-17T17:25:18.027+0000] {dagbag.py:545} INFO - Filling up the DagBag from /mnt/c/Users/Shivam Gupta/OneDrive/Documents/Shivam_Developement/DATA_ENGINEERING/data_engineering_project/batch-etl-pyspark/.venv/lib/python3.12/site-packages/airflow/example_dags/example_params_trigger_ui.py
[2025-07-17T17:25:18.098+0000] {processor.py:840} INFO - DAG(s) 'example_params_trigger_ui' retrieved from /mnt/c/Users/Shivam Gupta/OneDrive/Documents/Shivam_Developement/DATA_ENGINEERING/data_engineering_project/batch-etl-pyspark/.venv/lib/python3.12/site-packages/airflow/example_dags/example_params_trigger_ui.py
[2025-07-17T17:25:18.203+0000] {logging_mixin.py:188} INFO - [2025-07-17T17:25:18.199+0000] {dag.py:3096} INFO - Sync 1 DAGs
[2025-07-17T17:25:18.230+0000] {logging_mixin.py:188} INFO - [2025-07-17T17:25:18.228+0000] {dag.py:3954} INFO - Setting next_dagrun for example_params_trigger_ui to None, run_after=None
[2025-07-17T17:25:18.405+0000] {processor.py:183} INFO - Processing /mnt/c/Users/Shivam Gupta/OneDrive/Documents/Shivam_Developement/DATA_ENGINEERING/data_engineering_project/batch-etl-pyspark/.venv/lib/python3.12/site-packages/airflow/example_dags/example_params_trigger_ui.py took 0.404 seconds
[2025-07-17T17:27:32.567+0000] {processor.py:161} INFO - Started process (PID=2326) to work on /mnt/c/Users/Shivam Gupta/OneDrive/Documents/Shivam_Developement/DATA_ENGINEERING/data_engineering_project/batch-etl-pyspark/.venv/lib/python3.12/site-packages/airflow/example_dags/example_params_trigger_ui.py
[2025-07-17T17:27:32.573+0000] {processor.py:830} INFO - Processing file /mnt/c/Users/Shivam Gupta/OneDrive/Documents/Shivam_Developement/DATA_ENGINEERING/data_engineering_project/batch-etl-pyspark/.venv/lib/python3.12/site-packages/airflow/example_dags/example_params_trigger_ui.py for tasks to queue
[2025-07-17T17:27:32.580+0000] {logging_mixin.py:188} INFO - [2025-07-17T17:27:32.578+0000] {dagbag.py:545} INFO - Filling up the DagBag from /mnt/c/Users/Shivam Gupta/OneDrive/Documents/Shivam_Developement/DATA_ENGINEERING/data_engineering_project/batch-etl-pyspark/.venv/lib/python3.12/site-packages/airflow/example_dags/example_params_trigger_ui.py
[2025-07-17T17:27:32.715+0000] {processor.py:840} INFO - DAG(s) 'example_params_trigger_ui' retrieved from /mnt/c/Users/Shivam Gupta/OneDrive/Documents/Shivam_Developement/DATA_ENGINEERING/data_engineering_project/batch-etl-pyspark/.venv/lib/python3.12/site-packages/airflow/example_dags/example_params_trigger_ui.py
[2025-07-17T17:27:32.793+0000] {logging_mixin.py:188} INFO - [2025-07-17T17:27:32.791+0000] {dag.py:3096} INFO - Sync 1 DAGs
[2025-07-17T17:27:32.816+0000] {logging_mixin.py:188} INFO - [2025-07-17T17:27:32.814+0000] {dag.py:3954} INFO - Setting next_dagrun for example_params_trigger_ui to None, run_after=None
[2025-07-17T17:27:32.934+0000] {processor.py:183} INFO - Processing /mnt/c/Users/Shivam Gupta/OneDrive/Documents/Shivam_Developement/DATA_ENGINEERING/data_engineering_project/batch-etl-pyspark/.venv/lib/python3.12/site-packages/airflow/example_dags/example_params_trigger_ui.py took 0.398 seconds
[2025-07-17T17:33:16.416+0000] {processor.py:161} INFO - Started process (PID=2493) to work on /mnt/c/Users/Shivam Gupta/OneDrive/Documents/Shivam_Developement/DATA_ENGINEERING/data_engineering_project/batch-etl-pyspark/.venv/lib/python3.12/site-packages/airflow/example_dags/example_params_trigger_ui.py
[2025-07-17T17:33:16.421+0000] {processor.py:830} INFO - Processing file /mnt/c/Users/Shivam Gupta/OneDrive/Documents/Shivam_Developement/DATA_ENGINEERING/data_engineering_project/batch-etl-pyspark/.venv/lib/python3.12/site-packages/airflow/example_dags/example_params_trigger_ui.py for tasks to queue
[2025-07-17T17:33:16.427+0000] {logging_mixin.py:188} INFO - [2025-07-17T17:33:16.423+0000] {dagbag.py:545} INFO - Filling up the DagBag from /mnt/c/Users/Shivam Gupta/OneDrive/Documents/Shivam_Developement/DATA_ENGINEERING/data_engineering_project/batch-etl-pyspark/.venv/lib/python3.12/site-packages/airflow/example_dags/example_params_trigger_ui.py
[2025-07-17T17:33:16.628+0000] {processor.py:840} INFO - DAG(s) 'example_params_trigger_ui' retrieved from /mnt/c/Users/Shivam Gupta/OneDrive/Documents/Shivam_Developement/DATA_ENGINEERING/data_engineering_project/batch-etl-pyspark/.venv/lib/python3.12/site-packages/airflow/example_dags/example_params_trigger_ui.py
[2025-07-17T17:33:16.740+0000] {logging_mixin.py:188} INFO - [2025-07-17T17:33:16.737+0000] {dag.py:3096} INFO - Sync 1 DAGs
[2025-07-17T17:33:16.770+0000] {logging_mixin.py:188} INFO - [2025-07-17T17:33:16.767+0000] {dag.py:3954} INFO - Setting next_dagrun for example_params_trigger_ui to None, run_after=None
[2025-07-17T17:33:16.897+0000] {processor.py:183} INFO - Processing /mnt/c/Users/Shivam Gupta/OneDrive/Documents/Shivam_Developement/DATA_ENGINEERING/data_engineering_project/batch-etl-pyspark/.venv/lib/python3.12/site-packages/airflow/example_dags/example_params_trigger_ui.py took 0.506 seconds
[2025-07-17T17:35:34.145+0000] {processor.py:161} INFO - Started process (PID=2568) to work on /mnt/c/Users/Shivam Gupta/OneDrive/Documents/Shivam_Developement/DATA_ENGINEERING/data_engineering_project/batch-etl-pyspark/.venv/lib/python3.12/site-packages/airflow/example_dags/example_params_trigger_ui.py
[2025-07-17T17:35:34.150+0000] {processor.py:830} INFO - Processing file /mnt/c/Users/Shivam Gupta/OneDrive/Documents/Shivam_Developement/DATA_ENGINEERING/data_engineering_project/batch-etl-pyspark/.venv/lib/python3.12/site-packages/airflow/example_dags/example_params_trigger_ui.py for tasks to queue
[2025-07-17T17:35:34.157+0000] {logging_mixin.py:188} INFO - [2025-07-17T17:35:34.154+0000] {dagbag.py:545} INFO - Filling up the DagBag from /mnt/c/Users/Shivam Gupta/OneDrive/Documents/Shivam_Developement/DATA_ENGINEERING/data_engineering_project/batch-etl-pyspark/.venv/lib/python3.12/site-packages/airflow/example_dags/example_params_trigger_ui.py
[2025-07-17T17:35:34.276+0000] {processor.py:840} INFO - DAG(s) 'example_params_trigger_ui' retrieved from /mnt/c/Users/Shivam Gupta/OneDrive/Documents/Shivam_Developement/DATA_ENGINEERING/data_engineering_project/batch-etl-pyspark/.venv/lib/python3.12/site-packages/airflow/example_dags/example_params_trigger_ui.py
[2025-07-17T17:35:34.377+0000] {logging_mixin.py:188} INFO - [2025-07-17T17:35:34.374+0000] {dag.py:3096} INFO - Sync 1 DAGs
[2025-07-17T17:35:34.404+0000] {logging_mixin.py:188} INFO - [2025-07-17T17:35:34.401+0000] {dag.py:3954} INFO - Setting next_dagrun for example_params_trigger_ui to None, run_after=None
[2025-07-17T17:35:34.497+0000] {processor.py:183} INFO - Processing /mnt/c/Users/Shivam Gupta/OneDrive/Documents/Shivam_Developement/DATA_ENGINEERING/data_engineering_project/batch-etl-pyspark/.venv/lib/python3.12/site-packages/airflow/example_dags/example_params_trigger_ui.py took 0.398 seconds
[2025-07-17T17:39:15.635+0000] {processor.py:161} INFO - Started process (PID=2702) to work on /mnt/c/Users/Shivam Gupta/OneDrive/Documents/Shivam_Developement/DATA_ENGINEERING/data_engineering_project/batch-etl-pyspark/.venv/lib/python3.12/site-packages/airflow/example_dags/example_params_trigger_ui.py
[2025-07-17T17:39:15.640+0000] {processor.py:830} INFO - Processing file /mnt/c/Users/Shivam Gupta/OneDrive/Documents/Shivam_Developement/DATA_ENGINEERING/data_engineering_project/batch-etl-pyspark/.venv/lib/python3.12/site-packages/airflow/example_dags/example_params_trigger_ui.py for tasks to queue
[2025-07-17T17:39:15.648+0000] {logging_mixin.py:188} INFO - [2025-07-17T17:39:15.645+0000] {dagbag.py:545} INFO - Filling up the DagBag from /mnt/c/Users/Shivam Gupta/OneDrive/Documents/Shivam_Developement/DATA_ENGINEERING/data_engineering_project/batch-etl-pyspark/.venv/lib/python3.12/site-packages/airflow/example_dags/example_params_trigger_ui.py
[2025-07-17T17:39:15.756+0000] {processor.py:840} INFO - DAG(s) 'example_params_trigger_ui' retrieved from /mnt/c/Users/Shivam Gupta/OneDrive/Documents/Shivam_Developement/DATA_ENGINEERING/data_engineering_project/batch-etl-pyspark/.venv/lib/python3.12/site-packages/airflow/example_dags/example_params_trigger_ui.py
[2025-07-17T17:39:15.853+0000] {logging_mixin.py:188} INFO - [2025-07-17T17:39:15.851+0000] {dag.py:3096} INFO - Sync 1 DAGs
[2025-07-17T17:39:15.882+0000] {logging_mixin.py:188} INFO - [2025-07-17T17:39:15.880+0000] {dag.py:3954} INFO - Setting next_dagrun for example_params_trigger_ui to None, run_after=None
[2025-07-17T17:39:16.034+0000] {processor.py:183} INFO - Processing /mnt/c/Users/Shivam Gupta/OneDrive/Documents/Shivam_Developement/DATA_ENGINEERING/data_engineering_project/batch-etl-pyspark/.venv/lib/python3.12/site-packages/airflow/example_dags/example_params_trigger_ui.py took 0.434 seconds
[2025-07-17T17:42:36.019+0000] {processor.py:161} INFO - Started process (PID=2818) to work on /mnt/c/Users/Shivam Gupta/OneDrive/Documents/Shivam_Developement/DATA_ENGINEERING/data_engineering_project/batch-etl-pyspark/.venv/lib/python3.12/site-packages/airflow/example_dags/example_params_trigger_ui.py
[2025-07-17T17:42:36.021+0000] {processor.py:830} INFO - Processing file /mnt/c/Users/Shivam Gupta/OneDrive/Documents/Shivam_Developement/DATA_ENGINEERING/data_engineering_project/batch-etl-pyspark/.venv/lib/python3.12/site-packages/airflow/example_dags/example_params_trigger_ui.py for tasks to queue
[2025-07-17T17:42:36.024+0000] {logging_mixin.py:188} INFO - [2025-07-17T17:42:36.023+0000] {dagbag.py:545} INFO - Filling up the DagBag from /mnt/c/Users/Shivam Gupta/OneDrive/Documents/Shivam_Developement/DATA_ENGINEERING/data_engineering_project/batch-etl-pyspark/.venv/lib/python3.12/site-packages/airflow/example_dags/example_params_trigger_ui.py
[2025-07-17T17:42:36.068+0000] {processor.py:840} INFO - DAG(s) 'example_params_trigger_ui' retrieved from /mnt/c/Users/Shivam Gupta/OneDrive/Documents/Shivam_Developement/DATA_ENGINEERING/data_engineering_project/batch-etl-pyspark/.venv/lib/python3.12/site-packages/airflow/example_dags/example_params_trigger_ui.py
[2025-07-17T17:42:36.121+0000] {logging_mixin.py:188} INFO - [2025-07-17T17:42:36.120+0000] {dag.py:3096} INFO - Sync 1 DAGs
[2025-07-17T17:42:36.137+0000] {logging_mixin.py:188} INFO - [2025-07-17T17:42:36.136+0000] {dag.py:3954} INFO - Setting next_dagrun for example_params_trigger_ui to None, run_after=None
[2025-07-17T17:42:36.211+0000] {processor.py:183} INFO - Processing /mnt/c/Users/Shivam Gupta/OneDrive/Documents/Shivam_Developement/DATA_ENGINEERING/data_engineering_project/batch-etl-pyspark/.venv/lib/python3.12/site-packages/airflow/example_dags/example_params_trigger_ui.py took 0.207 seconds
[2025-07-17T17:46:25.028+0000] {processor.py:161} INFO - Started process (PID=2933) to work on /mnt/c/Users/Shivam Gupta/OneDrive/Documents/Shivam_Developement/DATA_ENGINEERING/data_engineering_project/batch-etl-pyspark/.venv/lib/python3.12/site-packages/airflow/example_dags/example_params_trigger_ui.py
[2025-07-17T17:46:25.030+0000] {processor.py:830} INFO - Processing file /mnt/c/Users/Shivam Gupta/OneDrive/Documents/Shivam_Developement/DATA_ENGINEERING/data_engineering_project/batch-etl-pyspark/.venv/lib/python3.12/site-packages/airflow/example_dags/example_params_trigger_ui.py for tasks to queue
[2025-07-17T17:46:25.039+0000] {logging_mixin.py:188} INFO - [2025-07-17T17:46:25.036+0000] {dagbag.py:545} INFO - Filling up the DagBag from /mnt/c/Users/Shivam Gupta/OneDrive/Documents/Shivam_Developement/DATA_ENGINEERING/data_engineering_project/batch-etl-pyspark/.venv/lib/python3.12/site-packages/airflow/example_dags/example_params_trigger_ui.py
[2025-07-17T17:46:26.029+0000] {processor.py:840} INFO - DAG(s) 'example_params_trigger_ui' retrieved from /mnt/c/Users/Shivam Gupta/OneDrive/Documents/Shivam_Developement/DATA_ENGINEERING/data_engineering_project/batch-etl-pyspark/.venv/lib/python3.12/site-packages/airflow/example_dags/example_params_trigger_ui.py
[2025-07-17T17:46:26.925+0000] {logging_mixin.py:188} INFO - [2025-07-17T17:46:26.923+0000] {dag.py:3096} INFO - Sync 1 DAGs
[2025-07-17T17:46:27.044+0000] {logging_mixin.py:188} INFO - [2025-07-17T17:46:27.021+0000] {dag.py:3954} INFO - Setting next_dagrun for example_params_trigger_ui to None, run_after=None
[2025-07-17T17:46:27.627+0000] {processor.py:183} INFO - Processing /mnt/c/Users/Shivam Gupta/OneDrive/Documents/Shivam_Developement/DATA_ENGINEERING/data_engineering_project/batch-etl-pyspark/.venv/lib/python3.12/site-packages/airflow/example_dags/example_params_trigger_ui.py took 2.814 seconds
[2025-07-17T17:48:44.026+0000] {processor.py:161} INFO - Started process (PID=3043) to work on /mnt/c/Users/Shivam Gupta/OneDrive/Documents/Shivam_Developement/DATA_ENGINEERING/data_engineering_project/batch-etl-pyspark/.venv/lib/python3.12/site-packages/airflow/example_dags/example_params_trigger_ui.py
[2025-07-17T17:48:44.029+0000] {processor.py:830} INFO - Processing file /mnt/c/Users/Shivam Gupta/OneDrive/Documents/Shivam_Developement/DATA_ENGINEERING/data_engineering_project/batch-etl-pyspark/.venv/lib/python3.12/site-packages/airflow/example_dags/example_params_trigger_ui.py for tasks to queue
[2025-07-17T17:48:44.033+0000] {logging_mixin.py:188} INFO - [2025-07-17T17:48:44.031+0000] {dagbag.py:545} INFO - Filling up the DagBag from /mnt/c/Users/Shivam Gupta/OneDrive/Documents/Shivam_Developement/DATA_ENGINEERING/data_engineering_project/batch-etl-pyspark/.venv/lib/python3.12/site-packages/airflow/example_dags/example_params_trigger_ui.py
[2025-07-17T17:48:44.090+0000] {processor.py:840} INFO - DAG(s) 'example_params_trigger_ui' retrieved from /mnt/c/Users/Shivam Gupta/OneDrive/Documents/Shivam_Developement/DATA_ENGINEERING/data_engineering_project/batch-etl-pyspark/.venv/lib/python3.12/site-packages/airflow/example_dags/example_params_trigger_ui.py
[2025-07-17T17:48:44.158+0000] {logging_mixin.py:188} INFO - [2025-07-17T17:48:44.157+0000] {dag.py:3096} INFO - Sync 1 DAGs
[2025-07-17T17:48:44.176+0000] {logging_mixin.py:188} INFO - [2025-07-17T17:48:44.175+0000] {dag.py:3954} INFO - Setting next_dagrun for example_params_trigger_ui to None, run_after=None
[2025-07-17T17:48:44.287+0000] {processor.py:183} INFO - Processing /mnt/c/Users/Shivam Gupta/OneDrive/Documents/Shivam_Developement/DATA_ENGINEERING/data_engineering_project/batch-etl-pyspark/.venv/lib/python3.12/site-packages/airflow/example_dags/example_params_trigger_ui.py took 0.281 seconds
[2025-07-17T17:50:42.232+0000] {processor.py:161} INFO - Started process (PID=3145) to work on /mnt/c/Users/Shivam Gupta/OneDrive/Documents/Shivam_Developement/DATA_ENGINEERING/data_engineering_project/batch-etl-pyspark/.venv/lib/python3.12/site-packages/airflow/example_dags/example_params_trigger_ui.py
[2025-07-17T17:50:42.234+0000] {processor.py:830} INFO - Processing file /mnt/c/Users/Shivam Gupta/OneDrive/Documents/Shivam_Developement/DATA_ENGINEERING/data_engineering_project/batch-etl-pyspark/.venv/lib/python3.12/site-packages/airflow/example_dags/example_params_trigger_ui.py for tasks to queue
[2025-07-17T17:50:42.238+0000] {logging_mixin.py:188} INFO - [2025-07-17T17:50:42.236+0000] {dagbag.py:545} INFO - Filling up the DagBag from /mnt/c/Users/Shivam Gupta/OneDrive/Documents/Shivam_Developement/DATA_ENGINEERING/data_engineering_project/batch-etl-pyspark/.venv/lib/python3.12/site-packages/airflow/example_dags/example_params_trigger_ui.py
[2025-07-17T17:50:42.291+0000] {processor.py:840} INFO - DAG(s) 'example_params_trigger_ui' retrieved from /mnt/c/Users/Shivam Gupta/OneDrive/Documents/Shivam_Developement/DATA_ENGINEERING/data_engineering_project/batch-etl-pyspark/.venv/lib/python3.12/site-packages/airflow/example_dags/example_params_trigger_ui.py
[2025-07-17T17:50:42.349+0000] {logging_mixin.py:188} INFO - [2025-07-17T17:50:42.348+0000] {dag.py:3096} INFO - Sync 1 DAGs
[2025-07-17T17:50:42.364+0000] {logging_mixin.py:188} INFO - [2025-07-17T17:50:42.362+0000] {dag.py:3954} INFO - Setting next_dagrun for example_params_trigger_ui to None, run_after=None
[2025-07-17T17:50:42.473+0000] {processor.py:183} INFO - Processing /mnt/c/Users/Shivam Gupta/OneDrive/Documents/Shivam_Developement/DATA_ENGINEERING/data_engineering_project/batch-etl-pyspark/.venv/lib/python3.12/site-packages/airflow/example_dags/example_params_trigger_ui.py took 0.258 seconds
[2025-07-17T17:52:53.347+0000] {processor.py:161} INFO - Started process (PID=3248) to work on /mnt/c/Users/Shivam Gupta/OneDrive/Documents/Shivam_Developement/DATA_ENGINEERING/data_engineering_project/batch-etl-pyspark/.venv/lib/python3.12/site-packages/airflow/example_dags/example_params_trigger_ui.py
[2025-07-17T17:52:53.350+0000] {processor.py:830} INFO - Processing file /mnt/c/Users/Shivam Gupta/OneDrive/Documents/Shivam_Developement/DATA_ENGINEERING/data_engineering_project/batch-etl-pyspark/.venv/lib/python3.12/site-packages/airflow/example_dags/example_params_trigger_ui.py for tasks to queue
[2025-07-17T17:52:53.355+0000] {logging_mixin.py:188} INFO - [2025-07-17T17:52:53.353+0000] {dagbag.py:545} INFO - Filling up the DagBag from /mnt/c/Users/Shivam Gupta/OneDrive/Documents/Shivam_Developement/DATA_ENGINEERING/data_engineering_project/batch-etl-pyspark/.venv/lib/python3.12/site-packages/airflow/example_dags/example_params_trigger_ui.py
[2025-07-17T17:52:53.405+0000] {processor.py:840} INFO - DAG(s) 'example_params_trigger_ui' retrieved from /mnt/c/Users/Shivam Gupta/OneDrive/Documents/Shivam_Developement/DATA_ENGINEERING/data_engineering_project/batch-etl-pyspark/.venv/lib/python3.12/site-packages/airflow/example_dags/example_params_trigger_ui.py
[2025-07-17T17:52:53.477+0000] {logging_mixin.py:188} INFO - [2025-07-17T17:52:53.476+0000] {dag.py:3096} INFO - Sync 1 DAGs
[2025-07-17T17:52:53.494+0000] {logging_mixin.py:188} INFO - [2025-07-17T17:52:53.492+0000] {dag.py:3954} INFO - Setting next_dagrun for example_params_trigger_ui to None, run_after=None
[2025-07-17T17:52:53.606+0000] {processor.py:183} INFO - Processing /mnt/c/Users/Shivam Gupta/OneDrive/Documents/Shivam_Developement/DATA_ENGINEERING/data_engineering_project/batch-etl-pyspark/.venv/lib/python3.12/site-packages/airflow/example_dags/example_params_trigger_ui.py took 0.277 seconds
[2025-07-17T17:54:58.442+0000] {processor.py:161} INFO - Started process (PID=3351) to work on /mnt/c/Users/Shivam Gupta/OneDrive/Documents/Shivam_Developement/DATA_ENGINEERING/data_engineering_project/batch-etl-pyspark/.venv/lib/python3.12/site-packages/airflow/example_dags/example_params_trigger_ui.py
[2025-07-17T17:54:58.446+0000] {processor.py:830} INFO - Processing file /mnt/c/Users/Shivam Gupta/OneDrive/Documents/Shivam_Developement/DATA_ENGINEERING/data_engineering_project/batch-etl-pyspark/.venv/lib/python3.12/site-packages/airflow/example_dags/example_params_trigger_ui.py for tasks to queue
[2025-07-17T17:54:58.452+0000] {logging_mixin.py:188} INFO - [2025-07-17T17:54:58.449+0000] {dagbag.py:545} INFO - Filling up the DagBag from /mnt/c/Users/Shivam Gupta/OneDrive/Documents/Shivam_Developement/DATA_ENGINEERING/data_engineering_project/batch-etl-pyspark/.venv/lib/python3.12/site-packages/airflow/example_dags/example_params_trigger_ui.py
[2025-07-17T17:54:58.502+0000] {processor.py:840} INFO - DAG(s) 'example_params_trigger_ui' retrieved from /mnt/c/Users/Shivam Gupta/OneDrive/Documents/Shivam_Developement/DATA_ENGINEERING/data_engineering_project/batch-etl-pyspark/.venv/lib/python3.12/site-packages/airflow/example_dags/example_params_trigger_ui.py
[2025-07-17T17:54:58.567+0000] {logging_mixin.py:188} INFO - [2025-07-17T17:54:58.565+0000] {dag.py:3096} INFO - Sync 1 DAGs
[2025-07-17T17:54:58.585+0000] {logging_mixin.py:188} INFO - [2025-07-17T17:54:58.583+0000] {dag.py:3954} INFO - Setting next_dagrun for example_params_trigger_ui to None, run_after=None
[2025-07-17T17:54:58.676+0000] {processor.py:183} INFO - Processing /mnt/c/Users/Shivam Gupta/OneDrive/Documents/Shivam_Developement/DATA_ENGINEERING/data_engineering_project/batch-etl-pyspark/.venv/lib/python3.12/site-packages/airflow/example_dags/example_params_trigger_ui.py took 0.265 seconds
[2025-07-17T17:57:01.989+0000] {processor.py:161} INFO - Started process (PID=3452) to work on /mnt/c/Users/Shivam Gupta/OneDrive/Documents/Shivam_Developement/DATA_ENGINEERING/data_engineering_project/batch-etl-pyspark/.venv/lib/python3.12/site-packages/airflow/example_dags/example_params_trigger_ui.py
[2025-07-17T17:57:01.996+0000] {processor.py:830} INFO - Processing file /mnt/c/Users/Shivam Gupta/OneDrive/Documents/Shivam_Developement/DATA_ENGINEERING/data_engineering_project/batch-etl-pyspark/.venv/lib/python3.12/site-packages/airflow/example_dags/example_params_trigger_ui.py for tasks to queue
[2025-07-17T17:57:02.002+0000] {logging_mixin.py:188} INFO - [2025-07-17T17:57:02.000+0000] {dagbag.py:545} INFO - Filling up the DagBag from /mnt/c/Users/Shivam Gupta/OneDrive/Documents/Shivam_Developement/DATA_ENGINEERING/data_engineering_project/batch-etl-pyspark/.venv/lib/python3.12/site-packages/airflow/example_dags/example_params_trigger_ui.py
[2025-07-17T17:57:02.062+0000] {processor.py:840} INFO - DAG(s) 'example_params_trigger_ui' retrieved from /mnt/c/Users/Shivam Gupta/OneDrive/Documents/Shivam_Developement/DATA_ENGINEERING/data_engineering_project/batch-etl-pyspark/.venv/lib/python3.12/site-packages/airflow/example_dags/example_params_trigger_ui.py
[2025-07-17T17:57:02.124+0000] {logging_mixin.py:188} INFO - [2025-07-17T17:57:02.122+0000] {dag.py:3096} INFO - Sync 1 DAGs
[2025-07-17T17:57:02.138+0000] {logging_mixin.py:188} INFO - [2025-07-17T17:57:02.137+0000] {dag.py:3954} INFO - Setting next_dagrun for example_params_trigger_ui to None, run_after=None
[2025-07-17T17:57:02.279+0000] {processor.py:183} INFO - Processing /mnt/c/Users/Shivam Gupta/OneDrive/Documents/Shivam_Developement/DATA_ENGINEERING/data_engineering_project/batch-etl-pyspark/.venv/lib/python3.12/site-packages/airflow/example_dags/example_params_trigger_ui.py took 0.309 seconds
[2025-07-17T17:59:05.222+0000] {processor.py:161} INFO - Started process (PID=3552) to work on /mnt/c/Users/Shivam Gupta/OneDrive/Documents/Shivam_Developement/DATA_ENGINEERING/data_engineering_project/batch-etl-pyspark/.venv/lib/python3.12/site-packages/airflow/example_dags/example_params_trigger_ui.py
[2025-07-17T17:59:05.225+0000] {processor.py:830} INFO - Processing file /mnt/c/Users/Shivam Gupta/OneDrive/Documents/Shivam_Developement/DATA_ENGINEERING/data_engineering_project/batch-etl-pyspark/.venv/lib/python3.12/site-packages/airflow/example_dags/example_params_trigger_ui.py for tasks to queue
[2025-07-17T17:59:05.231+0000] {logging_mixin.py:188} INFO - [2025-07-17T17:59:05.228+0000] {dagbag.py:545} INFO - Filling up the DagBag from /mnt/c/Users/Shivam Gupta/OneDrive/Documents/Shivam_Developement/DATA_ENGINEERING/data_engineering_project/batch-etl-pyspark/.venv/lib/python3.12/site-packages/airflow/example_dags/example_params_trigger_ui.py
[2025-07-17T17:59:05.286+0000] {processor.py:840} INFO - DAG(s) 'example_params_trigger_ui' retrieved from /mnt/c/Users/Shivam Gupta/OneDrive/Documents/Shivam_Developement/DATA_ENGINEERING/data_engineering_project/batch-etl-pyspark/.venv/lib/python3.12/site-packages/airflow/example_dags/example_params_trigger_ui.py
[2025-07-17T17:59:05.361+0000] {logging_mixin.py:188} INFO - [2025-07-17T17:59:05.359+0000] {dag.py:3096} INFO - Sync 1 DAGs
[2025-07-17T17:59:05.386+0000] {logging_mixin.py:188} INFO - [2025-07-17T17:59:05.383+0000] {dag.py:3954} INFO - Setting next_dagrun for example_params_trigger_ui to None, run_after=None
[2025-07-17T17:59:05.516+0000] {processor.py:183} INFO - Processing /mnt/c/Users/Shivam Gupta/OneDrive/Documents/Shivam_Developement/DATA_ENGINEERING/data_engineering_project/batch-etl-pyspark/.venv/lib/python3.12/site-packages/airflow/example_dags/example_params_trigger_ui.py took 0.317 seconds
[2025-07-17T18:01:15.493+0000] {processor.py:161} INFO - Started process (PID=3657) to work on /mnt/c/Users/Shivam Gupta/OneDrive/Documents/Shivam_Developement/DATA_ENGINEERING/data_engineering_project/batch-etl-pyspark/.venv/lib/python3.12/site-packages/airflow/example_dags/example_params_trigger_ui.py
[2025-07-17T18:01:15.497+0000] {processor.py:830} INFO - Processing file /mnt/c/Users/Shivam Gupta/OneDrive/Documents/Shivam_Developement/DATA_ENGINEERING/data_engineering_project/batch-etl-pyspark/.venv/lib/python3.12/site-packages/airflow/example_dags/example_params_trigger_ui.py for tasks to queue
[2025-07-17T18:01:15.501+0000] {logging_mixin.py:188} INFO - [2025-07-17T18:01:15.500+0000] {dagbag.py:545} INFO - Filling up the DagBag from /mnt/c/Users/Shivam Gupta/OneDrive/Documents/Shivam_Developement/DATA_ENGINEERING/data_engineering_project/batch-etl-pyspark/.venv/lib/python3.12/site-packages/airflow/example_dags/example_params_trigger_ui.py
[2025-07-17T18:01:15.565+0000] {processor.py:840} INFO - DAG(s) 'example_params_trigger_ui' retrieved from /mnt/c/Users/Shivam Gupta/OneDrive/Documents/Shivam_Developement/DATA_ENGINEERING/data_engineering_project/batch-etl-pyspark/.venv/lib/python3.12/site-packages/airflow/example_dags/example_params_trigger_ui.py
[2025-07-17T18:01:15.634+0000] {logging_mixin.py:188} INFO - [2025-07-17T18:01:15.632+0000] {dag.py:3096} INFO - Sync 1 DAGs
[2025-07-17T18:01:15.658+0000] {logging_mixin.py:188} INFO - [2025-07-17T18:01:15.655+0000] {dag.py:3954} INFO - Setting next_dagrun for example_params_trigger_ui to None, run_after=None
[2025-07-17T18:01:15.793+0000] {processor.py:183} INFO - Processing /mnt/c/Users/Shivam Gupta/OneDrive/Documents/Shivam_Developement/DATA_ENGINEERING/data_engineering_project/batch-etl-pyspark/.venv/lib/python3.12/site-packages/airflow/example_dags/example_params_trigger_ui.py took 0.333 seconds
[2025-07-17T18:03:16.048+0000] {processor.py:161} INFO - Started process (PID=3760) to work on /mnt/c/Users/Shivam Gupta/OneDrive/Documents/Shivam_Developement/DATA_ENGINEERING/data_engineering_project/batch-etl-pyspark/.venv/lib/python3.12/site-packages/airflow/example_dags/example_params_trigger_ui.py
[2025-07-17T18:03:16.052+0000] {processor.py:830} INFO - Processing file /mnt/c/Users/Shivam Gupta/OneDrive/Documents/Shivam_Developement/DATA_ENGINEERING/data_engineering_project/batch-etl-pyspark/.venv/lib/python3.12/site-packages/airflow/example_dags/example_params_trigger_ui.py for tasks to queue
[2025-07-17T18:03:16.056+0000] {logging_mixin.py:188} INFO - [2025-07-17T18:03:16.054+0000] {dagbag.py:545} INFO - Filling up the DagBag from /mnt/c/Users/Shivam Gupta/OneDrive/Documents/Shivam_Developement/DATA_ENGINEERING/data_engineering_project/batch-etl-pyspark/.venv/lib/python3.12/site-packages/airflow/example_dags/example_params_trigger_ui.py
[2025-07-17T18:03:16.117+0000] {processor.py:840} INFO - DAG(s) 'example_params_trigger_ui' retrieved from /mnt/c/Users/Shivam Gupta/OneDrive/Documents/Shivam_Developement/DATA_ENGINEERING/data_engineering_project/batch-etl-pyspark/.venv/lib/python3.12/site-packages/airflow/example_dags/example_params_trigger_ui.py
[2025-07-17T18:03:16.187+0000] {logging_mixin.py:188} INFO - [2025-07-17T18:03:16.184+0000] {dag.py:3096} INFO - Sync 1 DAGs
[2025-07-17T18:03:16.215+0000] {logging_mixin.py:188} INFO - [2025-07-17T18:03:16.211+0000] {dag.py:3954} INFO - Setting next_dagrun for example_params_trigger_ui to None, run_after=None
[2025-07-17T18:03:16.434+0000] {processor.py:183} INFO - Processing /mnt/c/Users/Shivam Gupta/OneDrive/Documents/Shivam_Developement/DATA_ENGINEERING/data_engineering_project/batch-etl-pyspark/.venv/lib/python3.12/site-packages/airflow/example_dags/example_params_trigger_ui.py took 0.410 seconds
[2025-07-17T18:05:17.617+0000] {processor.py:161} INFO - Started process (PID=3863) to work on /mnt/c/Users/Shivam Gupta/OneDrive/Documents/Shivam_Developement/DATA_ENGINEERING/data_engineering_project/batch-etl-pyspark/.venv/lib/python3.12/site-packages/airflow/example_dags/example_params_trigger_ui.py
[2025-07-17T18:05:17.620+0000] {processor.py:830} INFO - Processing file /mnt/c/Users/Shivam Gupta/OneDrive/Documents/Shivam_Developement/DATA_ENGINEERING/data_engineering_project/batch-etl-pyspark/.venv/lib/python3.12/site-packages/airflow/example_dags/example_params_trigger_ui.py for tasks to queue
[2025-07-17T18:05:17.623+0000] {logging_mixin.py:188} INFO - [2025-07-17T18:05:17.622+0000] {dagbag.py:545} INFO - Filling up the DagBag from /mnt/c/Users/Shivam Gupta/OneDrive/Documents/Shivam_Developement/DATA_ENGINEERING/data_engineering_project/batch-etl-pyspark/.venv/lib/python3.12/site-packages/airflow/example_dags/example_params_trigger_ui.py
[2025-07-17T18:05:17.666+0000] {processor.py:840} INFO - DAG(s) 'example_params_trigger_ui' retrieved from /mnt/c/Users/Shivam Gupta/OneDrive/Documents/Shivam_Developement/DATA_ENGINEERING/data_engineering_project/batch-etl-pyspark/.venv/lib/python3.12/site-packages/airflow/example_dags/example_params_trigger_ui.py
[2025-07-17T18:05:17.727+0000] {logging_mixin.py:188} INFO - [2025-07-17T18:05:17.725+0000] {dag.py:3096} INFO - Sync 1 DAGs
[2025-07-17T18:05:17.742+0000] {logging_mixin.py:188} INFO - [2025-07-17T18:05:17.741+0000] {dag.py:3954} INFO - Setting next_dagrun for example_params_trigger_ui to None, run_after=None
[2025-07-17T18:05:17.855+0000] {processor.py:183} INFO - Processing /mnt/c/Users/Shivam Gupta/OneDrive/Documents/Shivam_Developement/DATA_ENGINEERING/data_engineering_project/batch-etl-pyspark/.venv/lib/python3.12/site-packages/airflow/example_dags/example_params_trigger_ui.py took 0.254 seconds
[2025-07-17T18:07:22.760+0000] {processor.py:161} INFO - Started process (PID=3964) to work on /mnt/c/Users/Shivam Gupta/OneDrive/Documents/Shivam_Developement/DATA_ENGINEERING/data_engineering_project/batch-etl-pyspark/.venv/lib/python3.12/site-packages/airflow/example_dags/example_params_trigger_ui.py
[2025-07-17T18:07:22.763+0000] {processor.py:830} INFO - Processing file /mnt/c/Users/Shivam Gupta/OneDrive/Documents/Shivam_Developement/DATA_ENGINEERING/data_engineering_project/batch-etl-pyspark/.venv/lib/python3.12/site-packages/airflow/example_dags/example_params_trigger_ui.py for tasks to queue
[2025-07-17T18:07:22.766+0000] {logging_mixin.py:188} INFO - [2025-07-17T18:07:22.764+0000] {dagbag.py:545} INFO - Filling up the DagBag from /mnt/c/Users/Shivam Gupta/OneDrive/Documents/Shivam_Developement/DATA_ENGINEERING/data_engineering_project/batch-etl-pyspark/.venv/lib/python3.12/site-packages/airflow/example_dags/example_params_trigger_ui.py
[2025-07-17T18:07:22.836+0000] {processor.py:840} INFO - DAG(s) 'example_params_trigger_ui' retrieved from /mnt/c/Users/Shivam Gupta/OneDrive/Documents/Shivam_Developement/DATA_ENGINEERING/data_engineering_project/batch-etl-pyspark/.venv/lib/python3.12/site-packages/airflow/example_dags/example_params_trigger_ui.py
[2025-07-17T18:07:22.892+0000] {logging_mixin.py:188} INFO - [2025-07-17T18:07:22.890+0000] {dag.py:3096} INFO - Sync 1 DAGs
[2025-07-17T18:07:22.912+0000] {logging_mixin.py:188} INFO - [2025-07-17T18:07:22.910+0000] {dag.py:3954} INFO - Setting next_dagrun for example_params_trigger_ui to None, run_after=None
[2025-07-17T18:07:23.006+0000] {processor.py:183} INFO - Processing /mnt/c/Users/Shivam Gupta/OneDrive/Documents/Shivam_Developement/DATA_ENGINEERING/data_engineering_project/batch-etl-pyspark/.venv/lib/python3.12/site-packages/airflow/example_dags/example_params_trigger_ui.py took 0.263 seconds
[2025-07-17T18:09:35.791+0000] {processor.py:161} INFO - Started process (PID=4069) to work on /mnt/c/Users/Shivam Gupta/OneDrive/Documents/Shivam_Developement/DATA_ENGINEERING/data_engineering_project/batch-etl-pyspark/.venv/lib/python3.12/site-packages/airflow/example_dags/example_params_trigger_ui.py
[2025-07-17T18:09:35.793+0000] {processor.py:830} INFO - Processing file /mnt/c/Users/Shivam Gupta/OneDrive/Documents/Shivam_Developement/DATA_ENGINEERING/data_engineering_project/batch-etl-pyspark/.venv/lib/python3.12/site-packages/airflow/example_dags/example_params_trigger_ui.py for tasks to queue
[2025-07-17T18:09:35.797+0000] {logging_mixin.py:188} INFO - [2025-07-17T18:09:35.795+0000] {dagbag.py:545} INFO - Filling up the DagBag from /mnt/c/Users/Shivam Gupta/OneDrive/Documents/Shivam_Developement/DATA_ENGINEERING/data_engineering_project/batch-etl-pyspark/.venv/lib/python3.12/site-packages/airflow/example_dags/example_params_trigger_ui.py
[2025-07-17T18:09:35.851+0000] {processor.py:840} INFO - DAG(s) 'example_params_trigger_ui' retrieved from /mnt/c/Users/Shivam Gupta/OneDrive/Documents/Shivam_Developement/DATA_ENGINEERING/data_engineering_project/batch-etl-pyspark/.venv/lib/python3.12/site-packages/airflow/example_dags/example_params_trigger_ui.py
[2025-07-17T18:09:35.914+0000] {logging_mixin.py:188} INFO - [2025-07-17T18:09:35.912+0000] {dag.py:3096} INFO - Sync 1 DAGs
[2025-07-17T18:09:35.933+0000] {logging_mixin.py:188} INFO - [2025-07-17T18:09:35.931+0000] {dag.py:3954} INFO - Setting next_dagrun for example_params_trigger_ui to None, run_after=None
[2025-07-17T18:09:36.060+0000] {processor.py:183} INFO - Processing /mnt/c/Users/Shivam Gupta/OneDrive/Documents/Shivam_Developement/DATA_ENGINEERING/data_engineering_project/batch-etl-pyspark/.venv/lib/python3.12/site-packages/airflow/example_dags/example_params_trigger_ui.py took 0.288 seconds
[2025-07-17T18:11:41.856+0000] {processor.py:161} INFO - Started process (PID=4171) to work on /mnt/c/Users/Shivam Gupta/OneDrive/Documents/Shivam_Developement/DATA_ENGINEERING/data_engineering_project/batch-etl-pyspark/.venv/lib/python3.12/site-packages/airflow/example_dags/example_params_trigger_ui.py
[2025-07-17T18:11:41.858+0000] {processor.py:830} INFO - Processing file /mnt/c/Users/Shivam Gupta/OneDrive/Documents/Shivam_Developement/DATA_ENGINEERING/data_engineering_project/batch-etl-pyspark/.venv/lib/python3.12/site-packages/airflow/example_dags/example_params_trigger_ui.py for tasks to queue
[2025-07-17T18:11:41.861+0000] {logging_mixin.py:188} INFO - [2025-07-17T18:11:41.860+0000] {dagbag.py:545} INFO - Filling up the DagBag from /mnt/c/Users/Shivam Gupta/OneDrive/Documents/Shivam_Developement/DATA_ENGINEERING/data_engineering_project/batch-etl-pyspark/.venv/lib/python3.12/site-packages/airflow/example_dags/example_params_trigger_ui.py
[2025-07-17T18:11:41.928+0000] {processor.py:840} INFO - DAG(s) 'example_params_trigger_ui' retrieved from /mnt/c/Users/Shivam Gupta/OneDrive/Documents/Shivam_Developement/DATA_ENGINEERING/data_engineering_project/batch-etl-pyspark/.venv/lib/python3.12/site-packages/airflow/example_dags/example_params_trigger_ui.py
[2025-07-17T18:11:41.986+0000] {logging_mixin.py:188} INFO - [2025-07-17T18:11:41.984+0000] {dag.py:3096} INFO - Sync 1 DAGs
[2025-07-17T18:11:42.005+0000] {logging_mixin.py:188} INFO - [2025-07-17T18:11:42.003+0000] {dag.py:3954} INFO - Setting next_dagrun for example_params_trigger_ui to None, run_after=None
[2025-07-17T18:11:42.128+0000] {processor.py:183} INFO - Processing /mnt/c/Users/Shivam Gupta/OneDrive/Documents/Shivam_Developement/DATA_ENGINEERING/data_engineering_project/batch-etl-pyspark/.venv/lib/python3.12/site-packages/airflow/example_dags/example_params_trigger_ui.py took 0.290 seconds
[2025-07-17T18:13:51.831+0000] {processor.py:161} INFO - Started process (PID=4274) to work on /mnt/c/Users/Shivam Gupta/OneDrive/Documents/Shivam_Developement/DATA_ENGINEERING/data_engineering_project/batch-etl-pyspark/.venv/lib/python3.12/site-packages/airflow/example_dags/example_params_trigger_ui.py
[2025-07-17T18:13:51.840+0000] {processor.py:830} INFO - Processing file /mnt/c/Users/Shivam Gupta/OneDrive/Documents/Shivam_Developement/DATA_ENGINEERING/data_engineering_project/batch-etl-pyspark/.venv/lib/python3.12/site-packages/airflow/example_dags/example_params_trigger_ui.py for tasks to queue
[2025-07-17T18:13:51.847+0000] {logging_mixin.py:188} INFO - [2025-07-17T18:13:51.844+0000] {dagbag.py:545} INFO - Filling up the DagBag from /mnt/c/Users/Shivam Gupta/OneDrive/Documents/Shivam_Developement/DATA_ENGINEERING/data_engineering_project/batch-etl-pyspark/.venv/lib/python3.12/site-packages/airflow/example_dags/example_params_trigger_ui.py
[2025-07-17T18:13:51.903+0000] {processor.py:840} INFO - DAG(s) 'example_params_trigger_ui' retrieved from /mnt/c/Users/Shivam Gupta/OneDrive/Documents/Shivam_Developement/DATA_ENGINEERING/data_engineering_project/batch-etl-pyspark/.venv/lib/python3.12/site-packages/airflow/example_dags/example_params_trigger_ui.py
[2025-07-17T18:13:51.946+0000] {logging_mixin.py:188} INFO - [2025-07-17T18:13:51.946+0000] {dag.py:3096} INFO - Sync 1 DAGs
[2025-07-17T18:13:51.961+0000] {logging_mixin.py:188} INFO - [2025-07-17T18:13:51.958+0000] {dag.py:3954} INFO - Setting next_dagrun for example_params_trigger_ui to None, run_after=None
[2025-07-17T18:13:52.122+0000] {processor.py:183} INFO - Processing /mnt/c/Users/Shivam Gupta/OneDrive/Documents/Shivam_Developement/DATA_ENGINEERING/data_engineering_project/batch-etl-pyspark/.venv/lib/python3.12/site-packages/airflow/example_dags/example_params_trigger_ui.py took 0.307 seconds
