[2025-07-17T17:14:42.019+0000] {processor.py:161} INFO - Started process (PID=1953) to work on /mnt/c/Users/Shivam Gupta/OneDrive/Documents/Shivam_Developement/DATA_ENGINEERING/data_engineering_project/batch-etl-pyspark/.venv/lib/python3.12/site-packages/airflow/example_dags/example_params_ui_tutorial.py
[2025-07-17T17:14:42.024+0000] {processor.py:830} INFO - Processing file /mnt/c/Users/Shivam Gupta/OneDrive/Documents/Shivam_Developement/DATA_ENGINEERING/data_engineering_project/batch-etl-pyspark/.venv/lib/python3.12/site-packages/airflow/example_dags/example_params_ui_tutorial.py for tasks to queue
[2025-07-17T17:14:42.047+0000] {logging_mixin.py:188} INFO - [2025-07-17T17:14:42.037+0000] {dagbag.py:545} INFO - Filling up the DagBag from /mnt/c/Users/Shivam Gupta/OneDrive/Documents/Shivam_Developement/DATA_ENGINEERING/data_engineering_project/batch-etl-pyspark/.venv/lib/python3.12/site-packages/airflow/example_dags/example_params_ui_tutorial.py
[2025-07-17T17:14:42.339+0000] {processor.py:840} INFO - DAG(s) 'example_params_ui_tutorial' retrieved from /mnt/c/Users/Shivam Gupta/OneDrive/Documents/Shivam_Developement/DATA_ENGINEERING/data_engineering_project/batch-etl-pyspark/.venv/lib/python3.12/site-packages/airflow/example_dags/example_params_ui_tutorial.py
[2025-07-17T17:14:49.987+0000] {logging_mixin.py:188} INFO - [2025-07-17T17:14:49.985+0000] {dag.py:3096} INFO - Sync 1 DAGs
[2025-07-17T17:14:50.005+0000] {logging_mixin.py:188} INFO - [2025-07-17T17:14:50.003+0000] {dag.py:3954} INFO - Setting next_dagrun for example_params_ui_tutorial to None, run_after=None
[2025-07-17T17:14:50.295+0000] {processor.py:183} INFO - Processing /mnt/c/Users/Shivam Gupta/OneDrive/Documents/Shivam_Developement/DATA_ENGINEERING/data_engineering_project/batch-etl-pyspark/.venv/lib/python3.12/site-packages/airflow/example_dags/example_params_ui_tutorial.py took 8.303 seconds
[2025-07-17T17:19:15.202+0000] {processor.py:161} INFO - Started process (PID=2037) to work on /mnt/c/Users/Shivam Gupta/OneDrive/Documents/Shivam_Developement/DATA_ENGINEERING/data_engineering_project/batch-etl-pyspark/.venv/lib/python3.12/site-packages/airflow/example_dags/example_params_ui_tutorial.py
[2025-07-17T17:19:15.205+0000] {processor.py:830} INFO - Processing file /mnt/c/Users/Shivam Gupta/OneDrive/Documents/Shivam_Developement/DATA_ENGINEERING/data_engineering_project/batch-etl-pyspark/.venv/lib/python3.12/site-packages/airflow/example_dags/example_params_ui_tutorial.py for tasks to queue
[2025-07-17T17:19:15.213+0000] {logging_mixin.py:188} INFO - [2025-07-17T17:19:15.210+0000] {dagbag.py:545} INFO - Filling up the DagBag from /mnt/c/Users/Shivam Gupta/OneDrive/Documents/Shivam_Developement/DATA_ENGINEERING/data_engineering_project/batch-etl-pyspark/.venv/lib/python3.12/site-packages/airflow/example_dags/example_params_ui_tutorial.py
[2025-07-17T17:19:15.294+0000] {processor.py:840} INFO - DAG(s) 'example_params_ui_tutorial' retrieved from /mnt/c/Users/Shivam Gupta/OneDrive/Documents/Shivam_Developement/DATA_ENGINEERING/data_engineering_project/batch-etl-pyspark/.venv/lib/python3.12/site-packages/airflow/example_dags/example_params_ui_tutorial.py
[2025-07-17T17:19:15.421+0000] {logging_mixin.py:188} INFO - [2025-07-17T17:19:15.419+0000] {dag.py:3096} INFO - Sync 1 DAGs
[2025-07-17T17:19:15.447+0000] {logging_mixin.py:188} INFO - [2025-07-17T17:19:15.446+0000] {dag.py:3954} INFO - Setting next_dagrun for example_params_ui_tutorial to None, run_after=None
[2025-07-17T17:19:15.553+0000] {processor.py:183} INFO - Processing /mnt/c/Users/Shivam Gupta/OneDrive/Documents/Shivam_Developement/DATA_ENGINEERING/data_engineering_project/batch-etl-pyspark/.venv/lib/python3.12/site-packages/airflow/example_dags/example_params_ui_tutorial.py took 0.380 seconds
[2025-07-17T17:21:35.660+0000] {processor.py:161} INFO - Started process (PID=2108) to work on /mnt/c/Users/Shivam Gupta/OneDrive/Documents/Shivam_Developement/DATA_ENGINEERING/data_engineering_project/batch-etl-pyspark/.venv/lib/python3.12/site-packages/airflow/example_dags/example_params_ui_tutorial.py
[2025-07-17T17:21:35.665+0000] {processor.py:830} INFO - Processing file /mnt/c/Users/Shivam Gupta/OneDrive/Documents/Shivam_Developement/DATA_ENGINEERING/data_engineering_project/batch-etl-pyspark/.venv/lib/python3.12/site-packages/airflow/example_dags/example_params_ui_tutorial.py for tasks to queue
[2025-07-17T17:21:35.674+0000] {logging_mixin.py:188} INFO - [2025-07-17T17:21:35.670+0000] {dagbag.py:545} INFO - Filling up the DagBag from /mnt/c/Users/Shivam Gupta/OneDrive/Documents/Shivam_Developement/DATA_ENGINEERING/data_engineering_project/batch-etl-pyspark/.venv/lib/python3.12/site-packages/airflow/example_dags/example_params_ui_tutorial.py
[2025-07-17T17:21:35.749+0000] {processor.py:840} INFO - DAG(s) 'example_params_ui_tutorial' retrieved from /mnt/c/Users/Shivam Gupta/OneDrive/Documents/Shivam_Developement/DATA_ENGINEERING/data_engineering_project/batch-etl-pyspark/.venv/lib/python3.12/site-packages/airflow/example_dags/example_params_ui_tutorial.py
[2025-07-17T17:21:35.838+0000] {logging_mixin.py:188} INFO - [2025-07-17T17:21:35.836+0000] {dag.py:3096} INFO - Sync 1 DAGs
[2025-07-17T17:21:35.858+0000] {logging_mixin.py:188} INFO - [2025-07-17T17:21:35.855+0000] {dag.py:3954} INFO - Setting next_dagrun for example_params_ui_tutorial to None, run_after=None
[2025-07-17T17:21:36.059+0000] {processor.py:183} INFO - Processing /mnt/c/Users/Shivam Gupta/OneDrive/Documents/Shivam_Developement/DATA_ENGINEERING/data_engineering_project/batch-etl-pyspark/.venv/lib/python3.12/site-packages/airflow/example_dags/example_params_ui_tutorial.py took 0.429 seconds
[2025-07-17T17:25:17.096+0000] {processor.py:161} INFO - Started process (PID=2252) to work on /mnt/c/Users/Shivam Gupta/OneDrive/Documents/Shivam_Developement/DATA_ENGINEERING/data_engineering_project/batch-etl-pyspark/.venv/lib/python3.12/site-packages/airflow/example_dags/example_params_ui_tutorial.py
[2025-07-17T17:25:17.101+0000] {processor.py:830} INFO - Processing file /mnt/c/Users/Shivam Gupta/OneDrive/Documents/Shivam_Developement/DATA_ENGINEERING/data_engineering_project/batch-etl-pyspark/.venv/lib/python3.12/site-packages/airflow/example_dags/example_params_ui_tutorial.py for tasks to queue
[2025-07-17T17:25:17.108+0000] {logging_mixin.py:188} INFO - [2025-07-17T17:25:17.105+0000] {dagbag.py:545} INFO - Filling up the DagBag from /mnt/c/Users/Shivam Gupta/OneDrive/Documents/Shivam_Developement/DATA_ENGINEERING/data_engineering_project/batch-etl-pyspark/.venv/lib/python3.12/site-packages/airflow/example_dags/example_params_ui_tutorial.py
[2025-07-17T17:25:17.200+0000] {processor.py:840} INFO - DAG(s) 'example_params_ui_tutorial' retrieved from /mnt/c/Users/Shivam Gupta/OneDrive/Documents/Shivam_Developement/DATA_ENGINEERING/data_engineering_project/batch-etl-pyspark/.venv/lib/python3.12/site-packages/airflow/example_dags/example_params_ui_tutorial.py
[2025-07-17T17:25:17.306+0000] {logging_mixin.py:188} INFO - [2025-07-17T17:25:17.299+0000] {dag.py:3096} INFO - Sync 1 DAGs
[2025-07-17T17:25:17.335+0000] {logging_mixin.py:188} INFO - [2025-07-17T17:25:17.332+0000] {dag.py:3954} INFO - Setting next_dagrun for example_params_ui_tutorial to None, run_after=None
[2025-07-17T17:25:17.460+0000] {processor.py:183} INFO - Processing /mnt/c/Users/Shivam Gupta/OneDrive/Documents/Shivam_Developement/DATA_ENGINEERING/data_engineering_project/batch-etl-pyspark/.venv/lib/python3.12/site-packages/airflow/example_dags/example_params_ui_tutorial.py took 0.392 seconds
[2025-07-17T17:27:30.648+0000] {processor.py:161} INFO - Started process (PID=2325) to work on /mnt/c/Users/Shivam Gupta/OneDrive/Documents/Shivam_Developement/DATA_ENGINEERING/data_engineering_project/batch-etl-pyspark/.venv/lib/python3.12/site-packages/airflow/example_dags/example_params_ui_tutorial.py
[2025-07-17T17:27:30.652+0000] {processor.py:830} INFO - Processing file /mnt/c/Users/Shivam Gupta/OneDrive/Documents/Shivam_Developement/DATA_ENGINEERING/data_engineering_project/batch-etl-pyspark/.venv/lib/python3.12/site-packages/airflow/example_dags/example_params_ui_tutorial.py for tasks to queue
[2025-07-17T17:27:30.661+0000] {logging_mixin.py:188} INFO - [2025-07-17T17:27:30.657+0000] {dagbag.py:545} INFO - Filling up the DagBag from /mnt/c/Users/Shivam Gupta/OneDrive/Documents/Shivam_Developement/DATA_ENGINEERING/data_engineering_project/batch-etl-pyspark/.venv/lib/python3.12/site-packages/airflow/example_dags/example_params_ui_tutorial.py
[2025-07-17T17:27:30.782+0000] {processor.py:840} INFO - DAG(s) 'example_params_ui_tutorial' retrieved from /mnt/c/Users/Shivam Gupta/OneDrive/Documents/Shivam_Developement/DATA_ENGINEERING/data_engineering_project/batch-etl-pyspark/.venv/lib/python3.12/site-packages/airflow/example_dags/example_params_ui_tutorial.py
[2025-07-17T17:27:30.895+0000] {logging_mixin.py:188} INFO - [2025-07-17T17:27:30.892+0000] {dag.py:3096} INFO - Sync 1 DAGs
[2025-07-17T17:27:30.921+0000] {logging_mixin.py:188} INFO - [2025-07-17T17:27:30.919+0000] {dag.py:3954} INFO - Setting next_dagrun for example_params_ui_tutorial to None, run_after=None
[2025-07-17T17:27:31.065+0000] {processor.py:183} INFO - Processing /mnt/c/Users/Shivam Gupta/OneDrive/Documents/Shivam_Developement/DATA_ENGINEERING/data_engineering_project/batch-etl-pyspark/.venv/lib/python3.12/site-packages/airflow/example_dags/example_params_ui_tutorial.py took 0.453 seconds
[2025-07-17T17:33:14.402+0000] {processor.py:161} INFO - Started process (PID=2492) to work on /mnt/c/Users/Shivam Gupta/OneDrive/Documents/Shivam_Developement/DATA_ENGINEERING/data_engineering_project/batch-etl-pyspark/.venv/lib/python3.12/site-packages/airflow/example_dags/example_params_ui_tutorial.py
[2025-07-17T17:33:14.407+0000] {processor.py:830} INFO - Processing file /mnt/c/Users/Shivam Gupta/OneDrive/Documents/Shivam_Developement/DATA_ENGINEERING/data_engineering_project/batch-etl-pyspark/.venv/lib/python3.12/site-packages/airflow/example_dags/example_params_ui_tutorial.py for tasks to queue
[2025-07-17T17:33:14.414+0000] {logging_mixin.py:188} INFO - [2025-07-17T17:33:14.410+0000] {dagbag.py:545} INFO - Filling up the DagBag from /mnt/c/Users/Shivam Gupta/OneDrive/Documents/Shivam_Developement/DATA_ENGINEERING/data_engineering_project/batch-etl-pyspark/.venv/lib/python3.12/site-packages/airflow/example_dags/example_params_ui_tutorial.py
[2025-07-17T17:33:14.501+0000] {processor.py:840} INFO - DAG(s) 'example_params_ui_tutorial' retrieved from /mnt/c/Users/Shivam Gupta/OneDrive/Documents/Shivam_Developement/DATA_ENGINEERING/data_engineering_project/batch-etl-pyspark/.venv/lib/python3.12/site-packages/airflow/example_dags/example_params_ui_tutorial.py
[2025-07-17T17:33:14.809+0000] {logging_mixin.py:188} INFO - [2025-07-17T17:33:14.808+0000] {dag.py:3096} INFO - Sync 1 DAGs
[2025-07-17T17:33:14.840+0000] {logging_mixin.py:188} INFO - [2025-07-17T17:33:14.837+0000] {dag.py:3954} INFO - Setting next_dagrun for example_params_ui_tutorial to None, run_after=None
[2025-07-17T17:33:14.993+0000] {processor.py:183} INFO - Processing /mnt/c/Users/Shivam Gupta/OneDrive/Documents/Shivam_Developement/DATA_ENGINEERING/data_engineering_project/batch-etl-pyspark/.venv/lib/python3.12/site-packages/airflow/example_dags/example_params_ui_tutorial.py took 0.623 seconds
[2025-07-17T17:35:32.723+0000] {processor.py:161} INFO - Started process (PID=2567) to work on /mnt/c/Users/Shivam Gupta/OneDrive/Documents/Shivam_Developement/DATA_ENGINEERING/data_engineering_project/batch-etl-pyspark/.venv/lib/python3.12/site-packages/airflow/example_dags/example_params_ui_tutorial.py
[2025-07-17T17:35:32.725+0000] {processor.py:830} INFO - Processing file /mnt/c/Users/Shivam Gupta/OneDrive/Documents/Shivam_Developement/DATA_ENGINEERING/data_engineering_project/batch-etl-pyspark/.venv/lib/python3.12/site-packages/airflow/example_dags/example_params_ui_tutorial.py for tasks to queue
[2025-07-17T17:35:32.727+0000] {logging_mixin.py:188} INFO - [2025-07-17T17:35:32.726+0000] {dagbag.py:545} INFO - Filling up the DagBag from /mnt/c/Users/Shivam Gupta/OneDrive/Documents/Shivam_Developement/DATA_ENGINEERING/data_engineering_project/batch-etl-pyspark/.venv/lib/python3.12/site-packages/airflow/example_dags/example_params_ui_tutorial.py
[2025-07-17T17:35:32.910+0000] {processor.py:840} INFO - DAG(s) 'example_params_ui_tutorial' retrieved from /mnt/c/Users/Shivam Gupta/OneDrive/Documents/Shivam_Developement/DATA_ENGINEERING/data_engineering_project/batch-etl-pyspark/.venv/lib/python3.12/site-packages/airflow/example_dags/example_params_ui_tutorial.py
[2025-07-17T17:35:33.008+0000] {logging_mixin.py:188} INFO - [2025-07-17T17:35:33.004+0000] {dag.py:3096} INFO - Sync 1 DAGs
[2025-07-17T17:35:33.037+0000] {logging_mixin.py:188} INFO - [2025-07-17T17:35:33.032+0000] {dag.py:3954} INFO - Setting next_dagrun for example_params_ui_tutorial to None, run_after=None
[2025-07-17T17:35:33.218+0000] {processor.py:183} INFO - Processing /mnt/c/Users/Shivam Gupta/OneDrive/Documents/Shivam_Developement/DATA_ENGINEERING/data_engineering_project/batch-etl-pyspark/.venv/lib/python3.12/site-packages/airflow/example_dags/example_params_ui_tutorial.py took 0.515 seconds
[2025-07-17T17:39:13.768+0000] {processor.py:161} INFO - Started process (PID=2701) to work on /mnt/c/Users/Shivam Gupta/OneDrive/Documents/Shivam_Developement/DATA_ENGINEERING/data_engineering_project/batch-etl-pyspark/.venv/lib/python3.12/site-packages/airflow/example_dags/example_params_ui_tutorial.py
[2025-07-17T17:39:13.771+0000] {processor.py:830} INFO - Processing file /mnt/c/Users/Shivam Gupta/OneDrive/Documents/Shivam_Developement/DATA_ENGINEERING/data_engineering_project/batch-etl-pyspark/.venv/lib/python3.12/site-packages/airflow/example_dags/example_params_ui_tutorial.py for tasks to queue
[2025-07-17T17:39:13.778+0000] {logging_mixin.py:188} INFO - [2025-07-17T17:39:13.773+0000] {dagbag.py:545} INFO - Filling up the DagBag from /mnt/c/Users/Shivam Gupta/OneDrive/Documents/Shivam_Developement/DATA_ENGINEERING/data_engineering_project/batch-etl-pyspark/.venv/lib/python3.12/site-packages/airflow/example_dags/example_params_ui_tutorial.py
[2025-07-17T17:39:13.858+0000] {processor.py:840} INFO - DAG(s) 'example_params_ui_tutorial' retrieved from /mnt/c/Users/Shivam Gupta/OneDrive/Documents/Shivam_Developement/DATA_ENGINEERING/data_engineering_project/batch-etl-pyspark/.venv/lib/python3.12/site-packages/airflow/example_dags/example_params_ui_tutorial.py
[2025-07-17T17:39:13.952+0000] {logging_mixin.py:188} INFO - [2025-07-17T17:39:13.946+0000] {dag.py:3096} INFO - Sync 1 DAGs
[2025-07-17T17:39:14.006+0000] {logging_mixin.py:188} INFO - [2025-07-17T17:39:13.998+0000] {dag.py:3954} INFO - Setting next_dagrun for example_params_ui_tutorial to None, run_after=None
[2025-07-17T17:39:14.156+0000] {processor.py:183} INFO - Processing /mnt/c/Users/Shivam Gupta/OneDrive/Documents/Shivam_Developement/DATA_ENGINEERING/data_engineering_project/batch-etl-pyspark/.venv/lib/python3.12/site-packages/airflow/example_dags/example_params_ui_tutorial.py took 0.420 seconds
[2025-07-17T17:42:34.355+0000] {processor.py:161} INFO - Started process (PID=2817) to work on /mnt/c/Users/Shivam Gupta/OneDrive/Documents/Shivam_Developement/DATA_ENGINEERING/data_engineering_project/batch-etl-pyspark/.venv/lib/python3.12/site-packages/airflow/example_dags/example_params_ui_tutorial.py
[2025-07-17T17:42:34.370+0000] {processor.py:830} INFO - Processing file /mnt/c/Users/Shivam Gupta/OneDrive/Documents/Shivam_Developement/DATA_ENGINEERING/data_engineering_project/batch-etl-pyspark/.venv/lib/python3.12/site-packages/airflow/example_dags/example_params_ui_tutorial.py for tasks to queue
[2025-07-17T17:42:34.388+0000] {logging_mixin.py:188} INFO - [2025-07-17T17:42:34.382+0000] {dagbag.py:545} INFO - Filling up the DagBag from /mnt/c/Users/Shivam Gupta/OneDrive/Documents/Shivam_Developement/DATA_ENGINEERING/data_engineering_project/batch-etl-pyspark/.venv/lib/python3.12/site-packages/airflow/example_dags/example_params_ui_tutorial.py
[2025-07-17T17:42:34.627+0000] {processor.py:840} INFO - DAG(s) 'example_params_ui_tutorial' retrieved from /mnt/c/Users/Shivam Gupta/OneDrive/Documents/Shivam_Developement/DATA_ENGINEERING/data_engineering_project/batch-etl-pyspark/.venv/lib/python3.12/site-packages/airflow/example_dags/example_params_ui_tutorial.py
[2025-07-17T17:42:34.691+0000] {logging_mixin.py:188} INFO - [2025-07-17T17:42:34.690+0000] {dag.py:3096} INFO - Sync 1 DAGs
[2025-07-17T17:42:34.706+0000] {logging_mixin.py:188} INFO - [2025-07-17T17:42:34.705+0000] {dag.py:3954} INFO - Setting next_dagrun for example_params_ui_tutorial to None, run_after=None
[2025-07-17T17:42:34.802+0000] {processor.py:183} INFO - Processing /mnt/c/Users/Shivam Gupta/OneDrive/Documents/Shivam_Developement/DATA_ENGINEERING/data_engineering_project/batch-etl-pyspark/.venv/lib/python3.12/site-packages/airflow/example_dags/example_params_ui_tutorial.py took 0.465 seconds
[2025-07-17T17:46:20.729+0000] {processor.py:161} INFO - Started process (PID=2932) to work on /mnt/c/Users/Shivam Gupta/OneDrive/Documents/Shivam_Developement/DATA_ENGINEERING/data_engineering_project/batch-etl-pyspark/.venv/lib/python3.12/site-packages/airflow/example_dags/example_params_ui_tutorial.py
[2025-07-17T17:46:20.734+0000] {processor.py:830} INFO - Processing file /mnt/c/Users/Shivam Gupta/OneDrive/Documents/Shivam_Developement/DATA_ENGINEERING/data_engineering_project/batch-etl-pyspark/.venv/lib/python3.12/site-packages/airflow/example_dags/example_params_ui_tutorial.py for tasks to queue
[2025-07-17T17:46:20.740+0000] {logging_mixin.py:188} INFO - [2025-07-17T17:46:20.737+0000] {dagbag.py:545} INFO - Filling up the DagBag from /mnt/c/Users/Shivam Gupta/OneDrive/Documents/Shivam_Developement/DATA_ENGINEERING/data_engineering_project/batch-etl-pyspark/.venv/lib/python3.12/site-packages/airflow/example_dags/example_params_ui_tutorial.py
[2025-07-17T17:46:20.839+0000] {processor.py:840} INFO - DAG(s) 'example_params_ui_tutorial' retrieved from /mnt/c/Users/Shivam Gupta/OneDrive/Documents/Shivam_Developement/DATA_ENGINEERING/data_engineering_project/batch-etl-pyspark/.venv/lib/python3.12/site-packages/airflow/example_dags/example_params_ui_tutorial.py
[2025-07-17T17:46:20.952+0000] {logging_mixin.py:188} INFO - [2025-07-17T17:46:20.948+0000] {dag.py:3096} INFO - Sync 1 DAGs
[2025-07-17T17:46:20.987+0000] {logging_mixin.py:188} INFO - [2025-07-17T17:46:20.983+0000] {dag.py:3954} INFO - Setting next_dagrun for example_params_ui_tutorial to None, run_after=None
[2025-07-17T17:46:21.224+0000] {processor.py:183} INFO - Processing /mnt/c/Users/Shivam Gupta/OneDrive/Documents/Shivam_Developement/DATA_ENGINEERING/data_engineering_project/batch-etl-pyspark/.venv/lib/python3.12/site-packages/airflow/example_dags/example_params_ui_tutorial.py took 0.532 seconds
[2025-07-17T17:48:42.825+0000] {processor.py:161} INFO - Started process (PID=3042) to work on /mnt/c/Users/Shivam Gupta/OneDrive/Documents/Shivam_Developement/DATA_ENGINEERING/data_engineering_project/batch-etl-pyspark/.venv/lib/python3.12/site-packages/airflow/example_dags/example_params_ui_tutorial.py
[2025-07-17T17:48:42.828+0000] {processor.py:830} INFO - Processing file /mnt/c/Users/Shivam Gupta/OneDrive/Documents/Shivam_Developement/DATA_ENGINEERING/data_engineering_project/batch-etl-pyspark/.venv/lib/python3.12/site-packages/airflow/example_dags/example_params_ui_tutorial.py for tasks to queue
[2025-07-17T17:48:42.832+0000] {logging_mixin.py:188} INFO - [2025-07-17T17:48:42.830+0000] {dagbag.py:545} INFO - Filling up the DagBag from /mnt/c/Users/Shivam Gupta/OneDrive/Documents/Shivam_Developement/DATA_ENGINEERING/data_engineering_project/batch-etl-pyspark/.venv/lib/python3.12/site-packages/airflow/example_dags/example_params_ui_tutorial.py
[2025-07-17T17:48:42.902+0000] {processor.py:840} INFO - DAG(s) 'example_params_ui_tutorial' retrieved from /mnt/c/Users/Shivam Gupta/OneDrive/Documents/Shivam_Developement/DATA_ENGINEERING/data_engineering_project/batch-etl-pyspark/.venv/lib/python3.12/site-packages/airflow/example_dags/example_params_ui_tutorial.py
[2025-07-17T17:48:42.999+0000] {logging_mixin.py:188} INFO - [2025-07-17T17:48:42.998+0000] {dag.py:3096} INFO - Sync 1 DAGs
[2025-07-17T17:48:43.059+0000] {logging_mixin.py:188} INFO - [2025-07-17T17:48:43.042+0000] {dag.py:3954} INFO - Setting next_dagrun for example_params_ui_tutorial to None, run_after=None
[2025-07-17T17:48:43.262+0000] {processor.py:183} INFO - Processing /mnt/c/Users/Shivam Gupta/OneDrive/Documents/Shivam_Developement/DATA_ENGINEERING/data_engineering_project/batch-etl-pyspark/.venv/lib/python3.12/site-packages/airflow/example_dags/example_params_ui_tutorial.py took 0.454 seconds
[2025-07-17T17:50:40.734+0000] {processor.py:161} INFO - Started process (PID=3144) to work on /mnt/c/Users/Shivam Gupta/OneDrive/Documents/Shivam_Developement/DATA_ENGINEERING/data_engineering_project/batch-etl-pyspark/.venv/lib/python3.12/site-packages/airflow/example_dags/example_params_ui_tutorial.py
[2025-07-17T17:50:40.736+0000] {processor.py:830} INFO - Processing file /mnt/c/Users/Shivam Gupta/OneDrive/Documents/Shivam_Developement/DATA_ENGINEERING/data_engineering_project/batch-etl-pyspark/.venv/lib/python3.12/site-packages/airflow/example_dags/example_params_ui_tutorial.py for tasks to queue
[2025-07-17T17:50:40.740+0000] {logging_mixin.py:188} INFO - [2025-07-17T17:50:40.738+0000] {dagbag.py:545} INFO - Filling up the DagBag from /mnt/c/Users/Shivam Gupta/OneDrive/Documents/Shivam_Developement/DATA_ENGINEERING/data_engineering_project/batch-etl-pyspark/.venv/lib/python3.12/site-packages/airflow/example_dags/example_params_ui_tutorial.py
[2025-07-17T17:50:40.804+0000] {processor.py:840} INFO - DAG(s) 'example_params_ui_tutorial' retrieved from /mnt/c/Users/Shivam Gupta/OneDrive/Documents/Shivam_Developement/DATA_ENGINEERING/data_engineering_project/batch-etl-pyspark/.venv/lib/python3.12/site-packages/airflow/example_dags/example_params_ui_tutorial.py
[2025-07-17T17:50:40.873+0000] {logging_mixin.py:188} INFO - [2025-07-17T17:50:40.871+0000] {dag.py:3096} INFO - Sync 1 DAGs
[2025-07-17T17:50:40.888+0000] {logging_mixin.py:188} INFO - [2025-07-17T17:50:40.887+0000] {dag.py:3954} INFO - Setting next_dagrun for example_params_ui_tutorial to None, run_after=None
[2025-07-17T17:50:40.990+0000] {processor.py:183} INFO - Processing /mnt/c/Users/Shivam Gupta/OneDrive/Documents/Shivam_Developement/DATA_ENGINEERING/data_engineering_project/batch-etl-pyspark/.venv/lib/python3.12/site-packages/airflow/example_dags/example_params_ui_tutorial.py took 0.288 seconds
[2025-07-17T17:52:52.470+0000] {processor.py:161} INFO - Started process (PID=3247) to work on /mnt/c/Users/Shivam Gupta/OneDrive/Documents/Shivam_Developement/DATA_ENGINEERING/data_engineering_project/batch-etl-pyspark/.venv/lib/python3.12/site-packages/airflow/example_dags/example_params_ui_tutorial.py
[2025-07-17T17:52:52.473+0000] {processor.py:830} INFO - Processing file /mnt/c/Users/Shivam Gupta/OneDrive/Documents/Shivam_Developement/DATA_ENGINEERING/data_engineering_project/batch-etl-pyspark/.venv/lib/python3.12/site-packages/airflow/example_dags/example_params_ui_tutorial.py for tasks to queue
[2025-07-17T17:52:52.477+0000] {logging_mixin.py:188} INFO - [2025-07-17T17:52:52.476+0000] {dagbag.py:545} INFO - Filling up the DagBag from /mnt/c/Users/Shivam Gupta/OneDrive/Documents/Shivam_Developement/DATA_ENGINEERING/data_engineering_project/batch-etl-pyspark/.venv/lib/python3.12/site-packages/airflow/example_dags/example_params_ui_tutorial.py
[2025-07-17T17:52:52.535+0000] {processor.py:840} INFO - DAG(s) 'example_params_ui_tutorial' retrieved from /mnt/c/Users/Shivam Gupta/OneDrive/Documents/Shivam_Developement/DATA_ENGINEERING/data_engineering_project/batch-etl-pyspark/.venv/lib/python3.12/site-packages/airflow/example_dags/example_params_ui_tutorial.py
[2025-07-17T17:52:52.609+0000] {logging_mixin.py:188} INFO - [2025-07-17T17:52:52.606+0000] {dag.py:3096} INFO - Sync 1 DAGs
[2025-07-17T17:52:52.630+0000] {logging_mixin.py:188} INFO - [2025-07-17T17:52:52.627+0000] {dag.py:3954} INFO - Setting next_dagrun for example_params_ui_tutorial to None, run_after=None
[2025-07-17T17:52:52.770+0000] {processor.py:183} INFO - Processing /mnt/c/Users/Shivam Gupta/OneDrive/Documents/Shivam_Developement/DATA_ENGINEERING/data_engineering_project/batch-etl-pyspark/.venv/lib/python3.12/site-packages/airflow/example_dags/example_params_ui_tutorial.py took 0.318 seconds
[2025-07-17T17:54:56.469+0000] {processor.py:161} INFO - Started process (PID=3350) to work on /mnt/c/Users/Shivam Gupta/OneDrive/Documents/Shivam_Developement/DATA_ENGINEERING/data_engineering_project/batch-etl-pyspark/.venv/lib/python3.12/site-packages/airflow/example_dags/example_params_ui_tutorial.py
[2025-07-17T17:54:56.473+0000] {processor.py:830} INFO - Processing file /mnt/c/Users/Shivam Gupta/OneDrive/Documents/Shivam_Developement/DATA_ENGINEERING/data_engineering_project/batch-etl-pyspark/.venv/lib/python3.12/site-packages/airflow/example_dags/example_params_ui_tutorial.py for tasks to queue
[2025-07-17T17:54:56.477+0000] {logging_mixin.py:188} INFO - [2025-07-17T17:54:56.475+0000] {dagbag.py:545} INFO - Filling up the DagBag from /mnt/c/Users/Shivam Gupta/OneDrive/Documents/Shivam_Developement/DATA_ENGINEERING/data_engineering_project/batch-etl-pyspark/.venv/lib/python3.12/site-packages/airflow/example_dags/example_params_ui_tutorial.py
[2025-07-17T17:54:56.556+0000] {processor.py:840} INFO - DAG(s) 'example_params_ui_tutorial' retrieved from /mnt/c/Users/Shivam Gupta/OneDrive/Documents/Shivam_Developement/DATA_ENGINEERING/data_engineering_project/batch-etl-pyspark/.venv/lib/python3.12/site-packages/airflow/example_dags/example_params_ui_tutorial.py
[2025-07-17T17:54:56.676+0000] {logging_mixin.py:188} INFO - [2025-07-17T17:54:56.675+0000] {dag.py:3096} INFO - Sync 1 DAGs
[2025-07-17T17:54:56.693+0000] {logging_mixin.py:188} INFO - [2025-07-17T17:54:56.691+0000] {dag.py:3954} INFO - Setting next_dagrun for example_params_ui_tutorial to None, run_after=None
[2025-07-17T17:54:56.792+0000] {processor.py:183} INFO - Processing /mnt/c/Users/Shivam Gupta/OneDrive/Documents/Shivam_Developement/DATA_ENGINEERING/data_engineering_project/batch-etl-pyspark/.venv/lib/python3.12/site-packages/airflow/example_dags/example_params_ui_tutorial.py took 0.344 seconds
[2025-07-17T17:57:00.187+0000] {processor.py:161} INFO - Started process (PID=3451) to work on /mnt/c/Users/Shivam Gupta/OneDrive/Documents/Shivam_Developement/DATA_ENGINEERING/data_engineering_project/batch-etl-pyspark/.venv/lib/python3.12/site-packages/airflow/example_dags/example_params_ui_tutorial.py
[2025-07-17T17:57:00.189+0000] {processor.py:830} INFO - Processing file /mnt/c/Users/Shivam Gupta/OneDrive/Documents/Shivam_Developement/DATA_ENGINEERING/data_engineering_project/batch-etl-pyspark/.venv/lib/python3.12/site-packages/airflow/example_dags/example_params_ui_tutorial.py for tasks to queue
[2025-07-17T17:57:00.194+0000] {logging_mixin.py:188} INFO - [2025-07-17T17:57:00.192+0000] {dagbag.py:545} INFO - Filling up the DagBag from /mnt/c/Users/Shivam Gupta/OneDrive/Documents/Shivam_Developement/DATA_ENGINEERING/data_engineering_project/batch-etl-pyspark/.venv/lib/python3.12/site-packages/airflow/example_dags/example_params_ui_tutorial.py
[2025-07-17T17:57:00.246+0000] {processor.py:840} INFO - DAG(s) 'example_params_ui_tutorial' retrieved from /mnt/c/Users/Shivam Gupta/OneDrive/Documents/Shivam_Developement/DATA_ENGINEERING/data_engineering_project/batch-etl-pyspark/.venv/lib/python3.12/site-packages/airflow/example_dags/example_params_ui_tutorial.py
[2025-07-17T17:57:00.309+0000] {logging_mixin.py:188} INFO - [2025-07-17T17:57:00.308+0000] {dag.py:3096} INFO - Sync 1 DAGs
[2025-07-17T17:57:00.325+0000] {logging_mixin.py:188} INFO - [2025-07-17T17:57:00.323+0000] {dag.py:3954} INFO - Setting next_dagrun for example_params_ui_tutorial to None, run_after=None
[2025-07-17T17:57:00.447+0000] {processor.py:183} INFO - Processing /mnt/c/Users/Shivam Gupta/OneDrive/Documents/Shivam_Developement/DATA_ENGINEERING/data_engineering_project/batch-etl-pyspark/.venv/lib/python3.12/site-packages/airflow/example_dags/example_params_ui_tutorial.py took 0.280 seconds
[2025-07-17T17:59:03.426+0000] {processor.py:161} INFO - Started process (PID=3551) to work on /mnt/c/Users/Shivam Gupta/OneDrive/Documents/Shivam_Developement/DATA_ENGINEERING/data_engineering_project/batch-etl-pyspark/.venv/lib/python3.12/site-packages/airflow/example_dags/example_params_ui_tutorial.py
[2025-07-17T17:59:03.429+0000] {processor.py:830} INFO - Processing file /mnt/c/Users/Shivam Gupta/OneDrive/Documents/Shivam_Developement/DATA_ENGINEERING/data_engineering_project/batch-etl-pyspark/.venv/lib/python3.12/site-packages/airflow/example_dags/example_params_ui_tutorial.py for tasks to queue
[2025-07-17T17:59:03.433+0000] {logging_mixin.py:188} INFO - [2025-07-17T17:59:03.432+0000] {dagbag.py:545} INFO - Filling up the DagBag from /mnt/c/Users/Shivam Gupta/OneDrive/Documents/Shivam_Developement/DATA_ENGINEERING/data_engineering_project/batch-etl-pyspark/.venv/lib/python3.12/site-packages/airflow/example_dags/example_params_ui_tutorial.py
[2025-07-17T17:59:03.490+0000] {processor.py:840} INFO - DAG(s) 'example_params_ui_tutorial' retrieved from /mnt/c/Users/Shivam Gupta/OneDrive/Documents/Shivam_Developement/DATA_ENGINEERING/data_engineering_project/batch-etl-pyspark/.venv/lib/python3.12/site-packages/airflow/example_dags/example_params_ui_tutorial.py
[2025-07-17T17:59:03.641+0000] {logging_mixin.py:188} INFO - [2025-07-17T17:59:03.631+0000] {dag.py:3096} INFO - Sync 1 DAGs
[2025-07-17T17:59:03.677+0000] {logging_mixin.py:188} INFO - [2025-07-17T17:59:03.671+0000] {dag.py:3954} INFO - Setting next_dagrun for example_params_ui_tutorial to None, run_after=None
[2025-07-17T17:59:03.815+0000] {processor.py:183} INFO - Processing /mnt/c/Users/Shivam Gupta/OneDrive/Documents/Shivam_Developement/DATA_ENGINEERING/data_engineering_project/batch-etl-pyspark/.venv/lib/python3.12/site-packages/airflow/example_dags/example_params_ui_tutorial.py took 0.422 seconds
[2025-07-17T18:01:13.864+0000] {processor.py:161} INFO - Started process (PID=3656) to work on /mnt/c/Users/Shivam Gupta/OneDrive/Documents/Shivam_Developement/DATA_ENGINEERING/data_engineering_project/batch-etl-pyspark/.venv/lib/python3.12/site-packages/airflow/example_dags/example_params_ui_tutorial.py
[2025-07-17T18:01:13.868+0000] {processor.py:830} INFO - Processing file /mnt/c/Users/Shivam Gupta/OneDrive/Documents/Shivam_Developement/DATA_ENGINEERING/data_engineering_project/batch-etl-pyspark/.venv/lib/python3.12/site-packages/airflow/example_dags/example_params_ui_tutorial.py for tasks to queue
[2025-07-17T18:01:13.872+0000] {logging_mixin.py:188} INFO - [2025-07-17T18:01:13.870+0000] {dagbag.py:545} INFO - Filling up the DagBag from /mnt/c/Users/Shivam Gupta/OneDrive/Documents/Shivam_Developement/DATA_ENGINEERING/data_engineering_project/batch-etl-pyspark/.venv/lib/python3.12/site-packages/airflow/example_dags/example_params_ui_tutorial.py
[2025-07-17T18:01:13.927+0000] {processor.py:840} INFO - DAG(s) 'example_params_ui_tutorial' retrieved from /mnt/c/Users/Shivam Gupta/OneDrive/Documents/Shivam_Developement/DATA_ENGINEERING/data_engineering_project/batch-etl-pyspark/.venv/lib/python3.12/site-packages/airflow/example_dags/example_params_ui_tutorial.py
[2025-07-17T18:01:13.990+0000] {logging_mixin.py:188} INFO - [2025-07-17T18:01:13.989+0000] {dag.py:3096} INFO - Sync 1 DAGs
[2025-07-17T18:01:14.008+0000] {logging_mixin.py:188} INFO - [2025-07-17T18:01:14.006+0000] {dag.py:3954} INFO - Setting next_dagrun for example_params_ui_tutorial to None, run_after=None
[2025-07-17T18:01:14.113+0000] {processor.py:183} INFO - Processing /mnt/c/Users/Shivam Gupta/OneDrive/Documents/Shivam_Developement/DATA_ENGINEERING/data_engineering_project/batch-etl-pyspark/.venv/lib/python3.12/site-packages/airflow/example_dags/example_params_ui_tutorial.py took 0.268 seconds
[2025-07-17T18:03:14.408+0000] {processor.py:161} INFO - Started process (PID=3759) to work on /mnt/c/Users/Shivam Gupta/OneDrive/Documents/Shivam_Developement/DATA_ENGINEERING/data_engineering_project/batch-etl-pyspark/.venv/lib/python3.12/site-packages/airflow/example_dags/example_params_ui_tutorial.py
[2025-07-17T18:03:14.412+0000] {processor.py:830} INFO - Processing file /mnt/c/Users/Shivam Gupta/OneDrive/Documents/Shivam_Developement/DATA_ENGINEERING/data_engineering_project/batch-etl-pyspark/.venv/lib/python3.12/site-packages/airflow/example_dags/example_params_ui_tutorial.py for tasks to queue
[2025-07-17T18:03:14.417+0000] {logging_mixin.py:188} INFO - [2025-07-17T18:03:14.415+0000] {dagbag.py:545} INFO - Filling up the DagBag from /mnt/c/Users/Shivam Gupta/OneDrive/Documents/Shivam_Developement/DATA_ENGINEERING/data_engineering_project/batch-etl-pyspark/.venv/lib/python3.12/site-packages/airflow/example_dags/example_params_ui_tutorial.py
[2025-07-17T18:03:14.467+0000] {processor.py:840} INFO - DAG(s) 'example_params_ui_tutorial' retrieved from /mnt/c/Users/Shivam Gupta/OneDrive/Documents/Shivam_Developement/DATA_ENGINEERING/data_engineering_project/batch-etl-pyspark/.venv/lib/python3.12/site-packages/airflow/example_dags/example_params_ui_tutorial.py
[2025-07-17T18:03:14.539+0000] {logging_mixin.py:188} INFO - [2025-07-17T18:03:14.537+0000] {dag.py:3096} INFO - Sync 1 DAGs
[2025-07-17T18:03:14.557+0000] {logging_mixin.py:188} INFO - [2025-07-17T18:03:14.556+0000] {dag.py:3954} INFO - Setting next_dagrun for example_params_ui_tutorial to None, run_after=None
[2025-07-17T18:03:14.663+0000] {processor.py:183} INFO - Processing /mnt/c/Users/Shivam Gupta/OneDrive/Documents/Shivam_Developement/DATA_ENGINEERING/data_engineering_project/batch-etl-pyspark/.venv/lib/python3.12/site-packages/airflow/example_dags/example_params_ui_tutorial.py took 0.272 seconds
[2025-07-17T18:05:15.934+0000] {processor.py:161} INFO - Started process (PID=3862) to work on /mnt/c/Users/Shivam Gupta/OneDrive/Documents/Shivam_Developement/DATA_ENGINEERING/data_engineering_project/batch-etl-pyspark/.venv/lib/python3.12/site-packages/airflow/example_dags/example_params_ui_tutorial.py
[2025-07-17T18:05:15.936+0000] {processor.py:830} INFO - Processing file /mnt/c/Users/Shivam Gupta/OneDrive/Documents/Shivam_Developement/DATA_ENGINEERING/data_engineering_project/batch-etl-pyspark/.venv/lib/python3.12/site-packages/airflow/example_dags/example_params_ui_tutorial.py for tasks to queue
[2025-07-17T18:05:15.939+0000] {logging_mixin.py:188} INFO - [2025-07-17T18:05:15.938+0000] {dagbag.py:545} INFO - Filling up the DagBag from /mnt/c/Users/Shivam Gupta/OneDrive/Documents/Shivam_Developement/DATA_ENGINEERING/data_engineering_project/batch-etl-pyspark/.venv/lib/python3.12/site-packages/airflow/example_dags/example_params_ui_tutorial.py
[2025-07-17T18:05:16.016+0000] {processor.py:840} INFO - DAG(s) 'example_params_ui_tutorial' retrieved from /mnt/c/Users/Shivam Gupta/OneDrive/Documents/Shivam_Developement/DATA_ENGINEERING/data_engineering_project/batch-etl-pyspark/.venv/lib/python3.12/site-packages/airflow/example_dags/example_params_ui_tutorial.py
[2025-07-17T18:05:16.127+0000] {logging_mixin.py:188} INFO - [2025-07-17T18:05:16.124+0000] {dag.py:3096} INFO - Sync 1 DAGs
[2025-07-17T18:05:16.144+0000] {logging_mixin.py:188} INFO - [2025-07-17T18:05:16.143+0000] {dag.py:3954} INFO - Setting next_dagrun for example_params_ui_tutorial to None, run_after=None
[2025-07-17T18:05:16.243+0000] {processor.py:183} INFO - Processing /mnt/c/Users/Shivam Gupta/OneDrive/Documents/Shivam_Developement/DATA_ENGINEERING/data_engineering_project/batch-etl-pyspark/.venv/lib/python3.12/site-packages/airflow/example_dags/example_params_ui_tutorial.py took 0.328 seconds
[2025-07-17T18:07:21.554+0000] {processor.py:161} INFO - Started process (PID=3963) to work on /mnt/c/Users/Shivam Gupta/OneDrive/Documents/Shivam_Developement/DATA_ENGINEERING/data_engineering_project/batch-etl-pyspark/.venv/lib/python3.12/site-packages/airflow/example_dags/example_params_ui_tutorial.py
[2025-07-17T18:07:21.556+0000] {processor.py:830} INFO - Processing file /mnt/c/Users/Shivam Gupta/OneDrive/Documents/Shivam_Developement/DATA_ENGINEERING/data_engineering_project/batch-etl-pyspark/.venv/lib/python3.12/site-packages/airflow/example_dags/example_params_ui_tutorial.py for tasks to queue
[2025-07-17T18:07:21.559+0000] {logging_mixin.py:188} INFO - [2025-07-17T18:07:21.558+0000] {dagbag.py:545} INFO - Filling up the DagBag from /mnt/c/Users/Shivam Gupta/OneDrive/Documents/Shivam_Developement/DATA_ENGINEERING/data_engineering_project/batch-etl-pyspark/.venv/lib/python3.12/site-packages/airflow/example_dags/example_params_ui_tutorial.py
[2025-07-17T18:07:21.615+0000] {processor.py:840} INFO - DAG(s) 'example_params_ui_tutorial' retrieved from /mnt/c/Users/Shivam Gupta/OneDrive/Documents/Shivam_Developement/DATA_ENGINEERING/data_engineering_project/batch-etl-pyspark/.venv/lib/python3.12/site-packages/airflow/example_dags/example_params_ui_tutorial.py
[2025-07-17T18:07:21.676+0000] {logging_mixin.py:188} INFO - [2025-07-17T18:07:21.675+0000] {dag.py:3096} INFO - Sync 1 DAGs
[2025-07-17T18:07:21.691+0000] {logging_mixin.py:188} INFO - [2025-07-17T18:07:21.690+0000] {dag.py:3954} INFO - Setting next_dagrun for example_params_ui_tutorial to None, run_after=None
[2025-07-17T18:07:21.782+0000] {processor.py:183} INFO - Processing /mnt/c/Users/Shivam Gupta/OneDrive/Documents/Shivam_Developement/DATA_ENGINEERING/data_engineering_project/batch-etl-pyspark/.venv/lib/python3.12/site-packages/airflow/example_dags/example_params_ui_tutorial.py took 0.246 seconds
[2025-07-17T18:09:34.125+0000] {processor.py:161} INFO - Started process (PID=4068) to work on /mnt/c/Users/Shivam Gupta/OneDrive/Documents/Shivam_Developement/DATA_ENGINEERING/data_engineering_project/batch-etl-pyspark/.venv/lib/python3.12/site-packages/airflow/example_dags/example_params_ui_tutorial.py
[2025-07-17T18:09:34.128+0000] {processor.py:830} INFO - Processing file /mnt/c/Users/Shivam Gupta/OneDrive/Documents/Shivam_Developement/DATA_ENGINEERING/data_engineering_project/batch-etl-pyspark/.venv/lib/python3.12/site-packages/airflow/example_dags/example_params_ui_tutorial.py for tasks to queue
[2025-07-17T18:09:34.131+0000] {logging_mixin.py:188} INFO - [2025-07-17T18:09:34.129+0000] {dagbag.py:545} INFO - Filling up the DagBag from /mnt/c/Users/Shivam Gupta/OneDrive/Documents/Shivam_Developement/DATA_ENGINEERING/data_engineering_project/batch-etl-pyspark/.venv/lib/python3.12/site-packages/airflow/example_dags/example_params_ui_tutorial.py
[2025-07-17T18:09:34.201+0000] {processor.py:840} INFO - DAG(s) 'example_params_ui_tutorial' retrieved from /mnt/c/Users/Shivam Gupta/OneDrive/Documents/Shivam_Developement/DATA_ENGINEERING/data_engineering_project/batch-etl-pyspark/.venv/lib/python3.12/site-packages/airflow/example_dags/example_params_ui_tutorial.py
[2025-07-17T18:09:34.281+0000] {logging_mixin.py:188} INFO - [2025-07-17T18:09:34.279+0000] {dag.py:3096} INFO - Sync 1 DAGs
[2025-07-17T18:09:34.302+0000] {logging_mixin.py:188} INFO - [2025-07-17T18:09:34.300+0000] {dag.py:3954} INFO - Setting next_dagrun for example_params_ui_tutorial to None, run_after=None
[2025-07-17T18:09:34.432+0000] {processor.py:183} INFO - Processing /mnt/c/Users/Shivam Gupta/OneDrive/Documents/Shivam_Developement/DATA_ENGINEERING/data_engineering_project/batch-etl-pyspark/.venv/lib/python3.12/site-packages/airflow/example_dags/example_params_ui_tutorial.py took 0.327 seconds
[2025-07-17T18:11:41.172+0000] {processor.py:161} INFO - Started process (PID=4170) to work on /mnt/c/Users/Shivam Gupta/OneDrive/Documents/Shivam_Developement/DATA_ENGINEERING/data_engineering_project/batch-etl-pyspark/.venv/lib/python3.12/site-packages/airflow/example_dags/example_params_ui_tutorial.py
[2025-07-17T18:11:41.174+0000] {processor.py:830} INFO - Processing file /mnt/c/Users/Shivam Gupta/OneDrive/Documents/Shivam_Developement/DATA_ENGINEERING/data_engineering_project/batch-etl-pyspark/.venv/lib/python3.12/site-packages/airflow/example_dags/example_params_ui_tutorial.py for tasks to queue
[2025-07-17T18:11:41.177+0000] {logging_mixin.py:188} INFO - [2025-07-17T18:11:41.176+0000] {dagbag.py:545} INFO - Filling up the DagBag from /mnt/c/Users/Shivam Gupta/OneDrive/Documents/Shivam_Developement/DATA_ENGINEERING/data_engineering_project/batch-etl-pyspark/.venv/lib/python3.12/site-packages/airflow/example_dags/example_params_ui_tutorial.py
[2025-07-17T18:11:41.231+0000] {processor.py:840} INFO - DAG(s) 'example_params_ui_tutorial' retrieved from /mnt/c/Users/Shivam Gupta/OneDrive/Documents/Shivam_Developement/DATA_ENGINEERING/data_engineering_project/batch-etl-pyspark/.venv/lib/python3.12/site-packages/airflow/example_dags/example_params_ui_tutorial.py
[2025-07-17T18:11:41.302+0000] {logging_mixin.py:188} INFO - [2025-07-17T18:11:41.300+0000] {dag.py:3096} INFO - Sync 1 DAGs
[2025-07-17T18:11:41.320+0000] {logging_mixin.py:188} INFO - [2025-07-17T18:11:41.318+0000] {dag.py:3954} INFO - Setting next_dagrun for example_params_ui_tutorial to None, run_after=None
[2025-07-17T18:11:41.444+0000] {processor.py:183} INFO - Processing /mnt/c/Users/Shivam Gupta/OneDrive/Documents/Shivam_Developement/DATA_ENGINEERING/data_engineering_project/batch-etl-pyspark/.venv/lib/python3.12/site-packages/airflow/example_dags/example_params_ui_tutorial.py took 0.290 seconds
[2025-07-17T18:13:50.365+0000] {processor.py:161} INFO - Started process (PID=4273) to work on /mnt/c/Users/Shivam Gupta/OneDrive/Documents/Shivam_Developement/DATA_ENGINEERING/data_engineering_project/batch-etl-pyspark/.venv/lib/python3.12/site-packages/airflow/example_dags/example_params_ui_tutorial.py
[2025-07-17T18:13:50.380+0000] {processor.py:830} INFO - Processing file /mnt/c/Users/Shivam Gupta/OneDrive/Documents/Shivam_Developement/DATA_ENGINEERING/data_engineering_project/batch-etl-pyspark/.venv/lib/python3.12/site-packages/airflow/example_dags/example_params_ui_tutorial.py for tasks to queue
[2025-07-17T18:13:50.394+0000] {logging_mixin.py:188} INFO - [2025-07-17T18:13:50.386+0000] {dagbag.py:545} INFO - Filling up the DagBag from /mnt/c/Users/Shivam Gupta/OneDrive/Documents/Shivam_Developement/DATA_ENGINEERING/data_engineering_project/batch-etl-pyspark/.venv/lib/python3.12/site-packages/airflow/example_dags/example_params_ui_tutorial.py
[2025-07-17T18:13:50.451+0000] {processor.py:840} INFO - DAG(s) 'example_params_ui_tutorial' retrieved from /mnt/c/Users/Shivam Gupta/OneDrive/Documents/Shivam_Developement/DATA_ENGINEERING/data_engineering_project/batch-etl-pyspark/.venv/lib/python3.12/site-packages/airflow/example_dags/example_params_ui_tutorial.py
[2025-07-17T18:13:50.519+0000] {logging_mixin.py:188} INFO - [2025-07-17T18:13:50.517+0000] {dag.py:3096} INFO - Sync 1 DAGs
[2025-07-17T18:13:50.537+0000] {logging_mixin.py:188} INFO - [2025-07-17T18:13:50.535+0000] {dag.py:3954} INFO - Setting next_dagrun for example_params_ui_tutorial to None, run_after=None
[2025-07-17T18:13:50.723+0000] {processor.py:183} INFO - Processing /mnt/c/Users/Shivam Gupta/OneDrive/Documents/Shivam_Developement/DATA_ENGINEERING/data_engineering_project/batch-etl-pyspark/.venv/lib/python3.12/site-packages/airflow/example_dags/example_params_ui_tutorial.py took 0.375 seconds
