[2025-07-17T17:12:17.761+0000] {processor.py:161} INFO - Started process (PID=1913) to work on /mnt/c/Users/Shivam Gupta/OneDrive/Documents/Shivam_Developement/DATA_ENGINEERING/data_engineering_project/batch-etl-pyspark/.venv/lib/python3.12/site-packages/airflow/example_dags/example_trigger_controller_dag.py
[2025-07-17T17:12:17.763+0000] {processor.py:830} INFO - Processing file /mnt/c/Users/Shivam Gupta/OneDrive/Documents/Shivam_Developement/DATA_ENGINEERING/data_engineering_project/batch-etl-pyspark/.venv/lib/python3.12/site-packages/airflow/example_dags/example_trigger_controller_dag.py for tasks to queue
[2025-07-17T17:12:17.769+0000] {logging_mixin.py:188} INFO - [2025-07-17T17:12:17.766+0000] {dagbag.py:545} INFO - Filling up the DagBag from /mnt/c/Users/Shivam Gupta/OneDrive/Documents/Shivam_Developement/DATA_ENGINEERING/data_engineering_project/batch-etl-pyspark/.venv/lib/python3.12/site-packages/airflow/example_dags/example_trigger_controller_dag.py
[2025-07-17T17:12:17.846+0000] {processor.py:840} INFO - DAG(s) 'example_trigger_controller_dag' retrieved from /mnt/c/Users/Shivam Gupta/OneDrive/Documents/Shivam_Developement/DATA_ENGINEERING/data_engineering_project/batch-etl-pyspark/.venv/lib/python3.12/site-packages/airflow/example_dags/example_trigger_controller_dag.py
[2025-07-17T17:12:20.622+0000] {logging_mixin.py:188} INFO - [2025-07-17T17:12:20.613+0000] {dag.py:3096} INFO - Sync 1 DAGs
[2025-07-17T17:12:20.715+0000] {logging_mixin.py:188} INFO - [2025-07-17T17:12:20.689+0000] {dag.py:3954} INFO - Setting next_dagrun for example_trigger_controller_dag to 2021-01-01 00:00:00+00:00, run_after=2021-01-01 00:00:00+00:00
[2025-07-17T17:12:20.900+0000] {processor.py:183} INFO - Processing /mnt/c/Users/Shivam Gupta/OneDrive/Documents/Shivam_Developement/DATA_ENGINEERING/data_engineering_project/batch-etl-pyspark/.venv/lib/python3.12/site-packages/airflow/example_dags/example_trigger_controller_dag.py took 3.154 seconds
[2025-07-17T17:18:35.340+0000] {processor.py:161} INFO - Started process (PID=2019) to work on /mnt/c/Users/Shivam Gupta/OneDrive/Documents/Shivam_Developement/DATA_ENGINEERING/data_engineering_project/batch-etl-pyspark/.venv/lib/python3.12/site-packages/airflow/example_dags/example_trigger_controller_dag.py
[2025-07-17T17:18:35.388+0000] {processor.py:830} INFO - Processing file /mnt/c/Users/Shivam Gupta/OneDrive/Documents/Shivam_Developement/DATA_ENGINEERING/data_engineering_project/batch-etl-pyspark/.venv/lib/python3.12/site-packages/airflow/example_dags/example_trigger_controller_dag.py for tasks to queue
[2025-07-17T17:18:35.424+0000] {logging_mixin.py:188} INFO - [2025-07-17T17:18:35.409+0000] {dagbag.py:545} INFO - Filling up the DagBag from /mnt/c/Users/Shivam Gupta/OneDrive/Documents/Shivam_Developement/DATA_ENGINEERING/data_engineering_project/batch-etl-pyspark/.venv/lib/python3.12/site-packages/airflow/example_dags/example_trigger_controller_dag.py
[2025-07-17T17:18:35.568+0000] {processor.py:840} INFO - DAG(s) 'example_trigger_controller_dag' retrieved from /mnt/c/Users/Shivam Gupta/OneDrive/Documents/Shivam_Developement/DATA_ENGINEERING/data_engineering_project/batch-etl-pyspark/.venv/lib/python3.12/site-packages/airflow/example_dags/example_trigger_controller_dag.py
[2025-07-17T17:18:35.702+0000] {logging_mixin.py:188} INFO - [2025-07-17T17:18:35.692+0000] {dag.py:3096} INFO - Sync 1 DAGs
[2025-07-17T17:18:35.755+0000] {logging_mixin.py:188} INFO - [2025-07-17T17:18:35.752+0000] {dag.py:3954} INFO - Setting next_dagrun for example_trigger_controller_dag to 2021-01-01 00:00:00+00:00, run_after=2021-01-01 00:00:00+00:00
[2025-07-17T17:18:35.938+0000] {processor.py:183} INFO - Processing /mnt/c/Users/Shivam Gupta/OneDrive/Documents/Shivam_Developement/DATA_ENGINEERING/data_engineering_project/batch-etl-pyspark/.venv/lib/python3.12/site-packages/airflow/example_dags/example_trigger_controller_dag.py took 0.879 seconds
[2025-07-17T17:21:04.699+0000] {processor.py:161} INFO - Started process (PID=2090) to work on /mnt/c/Users/Shivam Gupta/OneDrive/Documents/Shivam_Developement/DATA_ENGINEERING/data_engineering_project/batch-etl-pyspark/.venv/lib/python3.12/site-packages/airflow/example_dags/example_trigger_controller_dag.py
[2025-07-17T17:21:04.702+0000] {processor.py:830} INFO - Processing file /mnt/c/Users/Shivam Gupta/OneDrive/Documents/Shivam_Developement/DATA_ENGINEERING/data_engineering_project/batch-etl-pyspark/.venv/lib/python3.12/site-packages/airflow/example_dags/example_trigger_controller_dag.py for tasks to queue
[2025-07-17T17:21:04.708+0000] {logging_mixin.py:188} INFO - [2025-07-17T17:21:04.706+0000] {dagbag.py:545} INFO - Filling up the DagBag from /mnt/c/Users/Shivam Gupta/OneDrive/Documents/Shivam_Developement/DATA_ENGINEERING/data_engineering_project/batch-etl-pyspark/.venv/lib/python3.12/site-packages/airflow/example_dags/example_trigger_controller_dag.py
[2025-07-17T17:21:04.766+0000] {processor.py:840} INFO - DAG(s) 'example_trigger_controller_dag' retrieved from /mnt/c/Users/Shivam Gupta/OneDrive/Documents/Shivam_Developement/DATA_ENGINEERING/data_engineering_project/batch-etl-pyspark/.venv/lib/python3.12/site-packages/airflow/example_dags/example_trigger_controller_dag.py
[2025-07-17T17:21:04.934+0000] {logging_mixin.py:188} INFO - [2025-07-17T17:21:04.933+0000] {dag.py:3096} INFO - Sync 1 DAGs
[2025-07-17T17:21:05.194+0000] {logging_mixin.py:188} INFO - [2025-07-17T17:21:05.191+0000] {dag.py:3954} INFO - Setting next_dagrun for example_trigger_controller_dag to 2021-01-01 00:00:00+00:00, run_after=2021-01-01 00:00:00+00:00
[2025-07-17T17:21:05.343+0000] {processor.py:183} INFO - Processing /mnt/c/Users/Shivam Gupta/OneDrive/Documents/Shivam_Developement/DATA_ENGINEERING/data_engineering_project/batch-etl-pyspark/.venv/lib/python3.12/site-packages/airflow/example_dags/example_trigger_controller_dag.py took 0.663 seconds
[2025-07-17T17:22:53.327+0000] {processor.py:161} INFO - Started process (PID=2150) to work on /mnt/c/Users/Shivam Gupta/OneDrive/Documents/Shivam_Developement/DATA_ENGINEERING/data_engineering_project/batch-etl-pyspark/.venv/lib/python3.12/site-packages/airflow/example_dags/example_trigger_controller_dag.py
[2025-07-17T17:22:53.331+0000] {processor.py:830} INFO - Processing file /mnt/c/Users/Shivam Gupta/OneDrive/Documents/Shivam_Developement/DATA_ENGINEERING/data_engineering_project/batch-etl-pyspark/.venv/lib/python3.12/site-packages/airflow/example_dags/example_trigger_controller_dag.py for tasks to queue
[2025-07-17T17:22:53.335+0000] {logging_mixin.py:188} INFO - [2025-07-17T17:22:53.334+0000] {dagbag.py:545} INFO - Filling up the DagBag from /mnt/c/Users/Shivam Gupta/OneDrive/Documents/Shivam_Developement/DATA_ENGINEERING/data_engineering_project/batch-etl-pyspark/.venv/lib/python3.12/site-packages/airflow/example_dags/example_trigger_controller_dag.py
[2025-07-17T17:22:53.368+0000] {processor.py:840} INFO - DAG(s) 'example_trigger_controller_dag' retrieved from /mnt/c/Users/Shivam Gupta/OneDrive/Documents/Shivam_Developement/DATA_ENGINEERING/data_engineering_project/batch-etl-pyspark/.venv/lib/python3.12/site-packages/airflow/example_dags/example_trigger_controller_dag.py
[2025-07-17T17:22:53.489+0000] {logging_mixin.py:188} INFO - [2025-07-17T17:22:53.478+0000] {dag.py:3096} INFO - Sync 1 DAGs
[2025-07-17T17:22:53.566+0000] {logging_mixin.py:188} INFO - [2025-07-17T17:22:53.563+0000] {dag.py:3954} INFO - Setting next_dagrun for example_trigger_controller_dag to 2021-01-01 00:00:00+00:00, run_after=2021-01-01 00:00:00+00:00
[2025-07-17T17:22:53.745+0000] {processor.py:183} INFO - Processing /mnt/c/Users/Shivam Gupta/OneDrive/Documents/Shivam_Developement/DATA_ENGINEERING/data_engineering_project/batch-etl-pyspark/.venv/lib/python3.12/site-packages/airflow/example_dags/example_trigger_controller_dag.py took 0.434 seconds
[2025-07-17T17:24:48.742+0000] {processor.py:161} INFO - Started process (PID=2235) to work on /mnt/c/Users/Shivam Gupta/OneDrive/Documents/Shivam_Developement/DATA_ENGINEERING/data_engineering_project/batch-etl-pyspark/.venv/lib/python3.12/site-packages/airflow/example_dags/example_trigger_controller_dag.py
[2025-07-17T17:24:48.746+0000] {processor.py:830} INFO - Processing file /mnt/c/Users/Shivam Gupta/OneDrive/Documents/Shivam_Developement/DATA_ENGINEERING/data_engineering_project/batch-etl-pyspark/.venv/lib/python3.12/site-packages/airflow/example_dags/example_trigger_controller_dag.py for tasks to queue
[2025-07-17T17:24:48.752+0000] {logging_mixin.py:188} INFO - [2025-07-17T17:24:48.750+0000] {dagbag.py:545} INFO - Filling up the DagBag from /mnt/c/Users/Shivam Gupta/OneDrive/Documents/Shivam_Developement/DATA_ENGINEERING/data_engineering_project/batch-etl-pyspark/.venv/lib/python3.12/site-packages/airflow/example_dags/example_trigger_controller_dag.py
[2025-07-17T17:24:48.797+0000] {processor.py:840} INFO - DAG(s) 'example_trigger_controller_dag' retrieved from /mnt/c/Users/Shivam Gupta/OneDrive/Documents/Shivam_Developement/DATA_ENGINEERING/data_engineering_project/batch-etl-pyspark/.venv/lib/python3.12/site-packages/airflow/example_dags/example_trigger_controller_dag.py
[2025-07-17T17:24:48.863+0000] {logging_mixin.py:188} INFO - [2025-07-17T17:24:48.861+0000] {dag.py:3096} INFO - Sync 1 DAGs
[2025-07-17T17:24:48.904+0000] {logging_mixin.py:188} INFO - [2025-07-17T17:24:48.901+0000] {dag.py:3954} INFO - Setting next_dagrun for example_trigger_controller_dag to 2021-01-01 00:00:00+00:00, run_after=2021-01-01 00:00:00+00:00
[2025-07-17T17:24:49.043+0000] {processor.py:183} INFO - Processing /mnt/c/Users/Shivam Gupta/OneDrive/Documents/Shivam_Developement/DATA_ENGINEERING/data_engineering_project/batch-etl-pyspark/.venv/lib/python3.12/site-packages/airflow/example_dags/example_trigger_controller_dag.py took 0.327 seconds
[2025-07-17T17:26:48.697+0000] {processor.py:161} INFO - Started process (PID=2303) to work on /mnt/c/Users/Shivam Gupta/OneDrive/Documents/Shivam_Developement/DATA_ENGINEERING/data_engineering_project/batch-etl-pyspark/.venv/lib/python3.12/site-packages/airflow/example_dags/example_trigger_controller_dag.py
[2025-07-17T17:26:48.702+0000] {processor.py:830} INFO - Processing file /mnt/c/Users/Shivam Gupta/OneDrive/Documents/Shivam_Developement/DATA_ENGINEERING/data_engineering_project/batch-etl-pyspark/.venv/lib/python3.12/site-packages/airflow/example_dags/example_trigger_controller_dag.py for tasks to queue
[2025-07-17T17:26:48.712+0000] {logging_mixin.py:188} INFO - [2025-07-17T17:26:48.708+0000] {dagbag.py:545} INFO - Filling up the DagBag from /mnt/c/Users/Shivam Gupta/OneDrive/Documents/Shivam_Developement/DATA_ENGINEERING/data_engineering_project/batch-etl-pyspark/.venv/lib/python3.12/site-packages/airflow/example_dags/example_trigger_controller_dag.py
[2025-07-17T17:26:48.794+0000] {processor.py:840} INFO - DAG(s) 'example_trigger_controller_dag' retrieved from /mnt/c/Users/Shivam Gupta/OneDrive/Documents/Shivam_Developement/DATA_ENGINEERING/data_engineering_project/batch-etl-pyspark/.venv/lib/python3.12/site-packages/airflow/example_dags/example_trigger_controller_dag.py
[2025-07-17T17:26:48.873+0000] {logging_mixin.py:188} INFO - [2025-07-17T17:26:48.870+0000] {dag.py:3096} INFO - Sync 1 DAGs
[2025-07-17T17:26:48.936+0000] {logging_mixin.py:188} INFO - [2025-07-17T17:26:48.932+0000] {dag.py:3954} INFO - Setting next_dagrun for example_trigger_controller_dag to 2021-01-01 00:00:00+00:00, run_after=2021-01-01 00:00:00+00:00
[2025-07-17T17:26:49.457+0000] {processor.py:183} INFO - Processing /mnt/c/Users/Shivam Gupta/OneDrive/Documents/Shivam_Developement/DATA_ENGINEERING/data_engineering_project/batch-etl-pyspark/.venv/lib/python3.12/site-packages/airflow/example_dags/example_trigger_controller_dag.py took 0.794 seconds
[2025-07-17T17:29:02.420+0000] {processor.py:161} INFO - Started process (PID=2373) to work on /mnt/c/Users/Shivam Gupta/OneDrive/Documents/Shivam_Developement/DATA_ENGINEERING/data_engineering_project/batch-etl-pyspark/.venv/lib/python3.12/site-packages/airflow/example_dags/example_trigger_controller_dag.py
[2025-07-17T17:29:02.426+0000] {processor.py:830} INFO - Processing file /mnt/c/Users/Shivam Gupta/OneDrive/Documents/Shivam_Developement/DATA_ENGINEERING/data_engineering_project/batch-etl-pyspark/.venv/lib/python3.12/site-packages/airflow/example_dags/example_trigger_controller_dag.py for tasks to queue
[2025-07-17T17:29:02.435+0000] {logging_mixin.py:188} INFO - [2025-07-17T17:29:02.432+0000] {dagbag.py:545} INFO - Filling up the DagBag from /mnt/c/Users/Shivam Gupta/OneDrive/Documents/Shivam_Developement/DATA_ENGINEERING/data_engineering_project/batch-etl-pyspark/.venv/lib/python3.12/site-packages/airflow/example_dags/example_trigger_controller_dag.py
[2025-07-17T17:29:02.502+0000] {processor.py:840} INFO - DAG(s) 'example_trigger_controller_dag' retrieved from /mnt/c/Users/Shivam Gupta/OneDrive/Documents/Shivam_Developement/DATA_ENGINEERING/data_engineering_project/batch-etl-pyspark/.venv/lib/python3.12/site-packages/airflow/example_dags/example_trigger_controller_dag.py
[2025-07-17T17:29:02.571+0000] {logging_mixin.py:188} INFO - [2025-07-17T17:29:02.568+0000] {dag.py:3096} INFO - Sync 1 DAGs
[2025-07-17T17:29:02.631+0000] {logging_mixin.py:188} INFO - [2025-07-17T17:29:02.627+0000] {dag.py:3954} INFO - Setting next_dagrun for example_trigger_controller_dag to 2021-01-01 00:00:00+00:00, run_after=2021-01-01 00:00:00+00:00
[2025-07-17T17:29:02.850+0000] {processor.py:183} INFO - Processing /mnt/c/Users/Shivam Gupta/OneDrive/Documents/Shivam_Developement/DATA_ENGINEERING/data_engineering_project/batch-etl-pyspark/.venv/lib/python3.12/site-packages/airflow/example_dags/example_trigger_controller_dag.py took 0.464 seconds
[2025-07-17T17:32:45.041+0000] {processor.py:161} INFO - Started process (PID=2474) to work on /mnt/c/Users/Shivam Gupta/OneDrive/Documents/Shivam_Developement/DATA_ENGINEERING/data_engineering_project/batch-etl-pyspark/.venv/lib/python3.12/site-packages/airflow/example_dags/example_trigger_controller_dag.py
[2025-07-17T17:32:45.044+0000] {processor.py:830} INFO - Processing file /mnt/c/Users/Shivam Gupta/OneDrive/Documents/Shivam_Developement/DATA_ENGINEERING/data_engineering_project/batch-etl-pyspark/.venv/lib/python3.12/site-packages/airflow/example_dags/example_trigger_controller_dag.py for tasks to queue
[2025-07-17T17:32:45.051+0000] {logging_mixin.py:188} INFO - [2025-07-17T17:32:45.048+0000] {dagbag.py:545} INFO - Filling up the DagBag from /mnt/c/Users/Shivam Gupta/OneDrive/Documents/Shivam_Developement/DATA_ENGINEERING/data_engineering_project/batch-etl-pyspark/.venv/lib/python3.12/site-packages/airflow/example_dags/example_trigger_controller_dag.py
[2025-07-17T17:32:45.098+0000] {processor.py:840} INFO - DAG(s) 'example_trigger_controller_dag' retrieved from /mnt/c/Users/Shivam Gupta/OneDrive/Documents/Shivam_Developement/DATA_ENGINEERING/data_engineering_project/batch-etl-pyspark/.venv/lib/python3.12/site-packages/airflow/example_dags/example_trigger_controller_dag.py
[2025-07-17T17:32:45.172+0000] {logging_mixin.py:188} INFO - [2025-07-17T17:32:45.170+0000] {dag.py:3096} INFO - Sync 1 DAGs
[2025-07-17T17:32:45.208+0000] {logging_mixin.py:188} INFO - [2025-07-17T17:32:45.206+0000] {dag.py:3954} INFO - Setting next_dagrun for example_trigger_controller_dag to 2021-01-01 00:00:00+00:00, run_after=2021-01-01 00:00:00+00:00
[2025-07-17T17:32:45.486+0000] {processor.py:183} INFO - Processing /mnt/c/Users/Shivam Gupta/OneDrive/Documents/Shivam_Developement/DATA_ENGINEERING/data_engineering_project/batch-etl-pyspark/.venv/lib/python3.12/site-packages/airflow/example_dags/example_trigger_controller_dag.py took 0.474 seconds
[2025-07-17T17:34:50.395+0000] {processor.py:161} INFO - Started process (PID=2548) to work on /mnt/c/Users/Shivam Gupta/OneDrive/Documents/Shivam_Developement/DATA_ENGINEERING/data_engineering_project/batch-etl-pyspark/.venv/lib/python3.12/site-packages/airflow/example_dags/example_trigger_controller_dag.py
[2025-07-17T17:34:50.399+0000] {processor.py:830} INFO - Processing file /mnt/c/Users/Shivam Gupta/OneDrive/Documents/Shivam_Developement/DATA_ENGINEERING/data_engineering_project/batch-etl-pyspark/.venv/lib/python3.12/site-packages/airflow/example_dags/example_trigger_controller_dag.py for tasks to queue
[2025-07-17T17:34:50.406+0000] {logging_mixin.py:188} INFO - [2025-07-17T17:34:50.402+0000] {dagbag.py:545} INFO - Filling up the DagBag from /mnt/c/Users/Shivam Gupta/OneDrive/Documents/Shivam_Developement/DATA_ENGINEERING/data_engineering_project/batch-etl-pyspark/.venv/lib/python3.12/site-packages/airflow/example_dags/example_trigger_controller_dag.py
[2025-07-17T17:34:50.456+0000] {processor.py:840} INFO - DAG(s) 'example_trigger_controller_dag' retrieved from /mnt/c/Users/Shivam Gupta/OneDrive/Documents/Shivam_Developement/DATA_ENGINEERING/data_engineering_project/batch-etl-pyspark/.venv/lib/python3.12/site-packages/airflow/example_dags/example_trigger_controller_dag.py
[2025-07-17T17:34:50.498+0000] {logging_mixin.py:188} INFO - [2025-07-17T17:34:50.496+0000] {dag.py:3096} INFO - Sync 1 DAGs
[2025-07-17T17:34:50.599+0000] {logging_mixin.py:188} INFO - [2025-07-17T17:34:50.581+0000] {dag.py:3954} INFO - Setting next_dagrun for example_trigger_controller_dag to 2021-01-01 00:00:00+00:00, run_after=2021-01-01 00:00:00+00:00
[2025-07-17T17:34:50.796+0000] {processor.py:183} INFO - Processing /mnt/c/Users/Shivam Gupta/OneDrive/Documents/Shivam_Developement/DATA_ENGINEERING/data_engineering_project/batch-etl-pyspark/.venv/lib/python3.12/site-packages/airflow/example_dags/example_trigger_controller_dag.py took 0.421 seconds
[2025-07-17T17:36:47.537+0000] {processor.py:161} INFO - Started process (PID=2616) to work on /mnt/c/Users/Shivam Gupta/OneDrive/Documents/Shivam_Developement/DATA_ENGINEERING/data_engineering_project/batch-etl-pyspark/.venv/lib/python3.12/site-packages/airflow/example_dags/example_trigger_controller_dag.py
[2025-07-17T17:36:47.542+0000] {processor.py:830} INFO - Processing file /mnt/c/Users/Shivam Gupta/OneDrive/Documents/Shivam_Developement/DATA_ENGINEERING/data_engineering_project/batch-etl-pyspark/.venv/lib/python3.12/site-packages/airflow/example_dags/example_trigger_controller_dag.py for tasks to queue
[2025-07-17T17:36:47.548+0000] {logging_mixin.py:188} INFO - [2025-07-17T17:36:47.546+0000] {dagbag.py:545} INFO - Filling up the DagBag from /mnt/c/Users/Shivam Gupta/OneDrive/Documents/Shivam_Developement/DATA_ENGINEERING/data_engineering_project/batch-etl-pyspark/.venv/lib/python3.12/site-packages/airflow/example_dags/example_trigger_controller_dag.py
[2025-07-17T17:36:47.599+0000] {processor.py:840} INFO - DAG(s) 'example_trigger_controller_dag' retrieved from /mnt/c/Users/Shivam Gupta/OneDrive/Documents/Shivam_Developement/DATA_ENGINEERING/data_engineering_project/batch-etl-pyspark/.venv/lib/python3.12/site-packages/airflow/example_dags/example_trigger_controller_dag.py
[2025-07-17T17:36:47.630+0000] {logging_mixin.py:188} INFO - [2025-07-17T17:36:47.629+0000] {dag.py:3096} INFO - Sync 1 DAGs
[2025-07-17T17:36:47.654+0000] {logging_mixin.py:188} INFO - [2025-07-17T17:36:47.652+0000] {dag.py:3954} INFO - Setting next_dagrun for example_trigger_controller_dag to 2021-01-01 00:00:00+00:00, run_after=2021-01-01 00:00:00+00:00
[2025-07-17T17:36:47.736+0000] {processor.py:183} INFO - Processing /mnt/c/Users/Shivam Gupta/OneDrive/Documents/Shivam_Developement/DATA_ENGINEERING/data_engineering_project/batch-etl-pyspark/.venv/lib/python3.12/site-packages/airflow/example_dags/example_trigger_controller_dag.py took 0.223 seconds
[2025-07-17T17:38:40.722+0000] {processor.py:161} INFO - Started process (PID=2678) to work on /mnt/c/Users/Shivam Gupta/OneDrive/Documents/Shivam_Developement/DATA_ENGINEERING/data_engineering_project/batch-etl-pyspark/.venv/lib/python3.12/site-packages/airflow/example_dags/example_trigger_controller_dag.py
[2025-07-17T17:38:40.728+0000] {processor.py:830} INFO - Processing file /mnt/c/Users/Shivam Gupta/OneDrive/Documents/Shivam_Developement/DATA_ENGINEERING/data_engineering_project/batch-etl-pyspark/.venv/lib/python3.12/site-packages/airflow/example_dags/example_trigger_controller_dag.py for tasks to queue
[2025-07-17T17:38:40.735+0000] {logging_mixin.py:188} INFO - [2025-07-17T17:38:40.732+0000] {dagbag.py:545} INFO - Filling up the DagBag from /mnt/c/Users/Shivam Gupta/OneDrive/Documents/Shivam_Developement/DATA_ENGINEERING/data_engineering_project/batch-etl-pyspark/.venv/lib/python3.12/site-packages/airflow/example_dags/example_trigger_controller_dag.py
[2025-07-17T17:38:40.801+0000] {processor.py:840} INFO - DAG(s) 'example_trigger_controller_dag' retrieved from /mnt/c/Users/Shivam Gupta/OneDrive/Documents/Shivam_Developement/DATA_ENGINEERING/data_engineering_project/batch-etl-pyspark/.venv/lib/python3.12/site-packages/airflow/example_dags/example_trigger_controller_dag.py
[2025-07-17T17:38:40.880+0000] {logging_mixin.py:188} INFO - [2025-07-17T17:38:40.877+0000] {dag.py:3096} INFO - Sync 1 DAGs
[2025-07-17T17:38:40.934+0000] {logging_mixin.py:188} INFO - [2025-07-17T17:38:40.931+0000] {dag.py:3954} INFO - Setting next_dagrun for example_trigger_controller_dag to 2021-01-01 00:00:00+00:00, run_after=2021-01-01 00:00:00+00:00
[2025-07-17T17:38:41.091+0000] {processor.py:183} INFO - Processing /mnt/c/Users/Shivam Gupta/OneDrive/Documents/Shivam_Developement/DATA_ENGINEERING/data_engineering_project/batch-etl-pyspark/.venv/lib/python3.12/site-packages/airflow/example_dags/example_trigger_controller_dag.py took 0.401 seconds
[2025-07-17T17:40:23.694+0000] {processor.py:161} INFO - Started process (PID=2744) to work on /mnt/c/Users/Shivam Gupta/OneDrive/Documents/Shivam_Developement/DATA_ENGINEERING/data_engineering_project/batch-etl-pyspark/.venv/lib/python3.12/site-packages/airflow/example_dags/example_trigger_controller_dag.py
[2025-07-17T17:40:23.698+0000] {processor.py:830} INFO - Processing file /mnt/c/Users/Shivam Gupta/OneDrive/Documents/Shivam_Developement/DATA_ENGINEERING/data_engineering_project/batch-etl-pyspark/.venv/lib/python3.12/site-packages/airflow/example_dags/example_trigger_controller_dag.py for tasks to queue
[2025-07-17T17:40:23.705+0000] {logging_mixin.py:188} INFO - [2025-07-17T17:40:23.702+0000] {dagbag.py:545} INFO - Filling up the DagBag from /mnt/c/Users/Shivam Gupta/OneDrive/Documents/Shivam_Developement/DATA_ENGINEERING/data_engineering_project/batch-etl-pyspark/.venv/lib/python3.12/site-packages/airflow/example_dags/example_trigger_controller_dag.py
[2025-07-17T17:40:23.755+0000] {processor.py:840} INFO - DAG(s) 'example_trigger_controller_dag' retrieved from /mnt/c/Users/Shivam Gupta/OneDrive/Documents/Shivam_Developement/DATA_ENGINEERING/data_engineering_project/batch-etl-pyspark/.venv/lib/python3.12/site-packages/airflow/example_dags/example_trigger_controller_dag.py
[2025-07-17T17:40:23.801+0000] {logging_mixin.py:188} INFO - [2025-07-17T17:40:23.799+0000] {dag.py:3096} INFO - Sync 1 DAGs
[2025-07-17T17:40:23.822+0000] {logging_mixin.py:188} INFO - [2025-07-17T17:40:23.821+0000] {dag.py:3954} INFO - Setting next_dagrun for example_trigger_controller_dag to 2021-01-01 00:00:00+00:00, run_after=2021-01-01 00:00:00+00:00
[2025-07-17T17:40:23.909+0000] {processor.py:183} INFO - Processing /mnt/c/Users/Shivam Gupta/OneDrive/Documents/Shivam_Developement/DATA_ENGINEERING/data_engineering_project/batch-etl-pyspark/.venv/lib/python3.12/site-packages/airflow/example_dags/example_trigger_controller_dag.py took 0.237 seconds
[2025-07-17T17:42:05.944+0000] {processor.py:161} INFO - Started process (PID=2800) to work on /mnt/c/Users/Shivam Gupta/OneDrive/Documents/Shivam_Developement/DATA_ENGINEERING/data_engineering_project/batch-etl-pyspark/.venv/lib/python3.12/site-packages/airflow/example_dags/example_trigger_controller_dag.py
[2025-07-17T17:42:05.947+0000] {processor.py:830} INFO - Processing file /mnt/c/Users/Shivam Gupta/OneDrive/Documents/Shivam_Developement/DATA_ENGINEERING/data_engineering_project/batch-etl-pyspark/.venv/lib/python3.12/site-packages/airflow/example_dags/example_trigger_controller_dag.py for tasks to queue
[2025-07-17T17:42:05.951+0000] {logging_mixin.py:188} INFO - [2025-07-17T17:42:05.949+0000] {dagbag.py:545} INFO - Filling up the DagBag from /mnt/c/Users/Shivam Gupta/OneDrive/Documents/Shivam_Developement/DATA_ENGINEERING/data_engineering_project/batch-etl-pyspark/.venv/lib/python3.12/site-packages/airflow/example_dags/example_trigger_controller_dag.py
[2025-07-17T17:42:05.979+0000] {processor.py:840} INFO - DAG(s) 'example_trigger_controller_dag' retrieved from /mnt/c/Users/Shivam Gupta/OneDrive/Documents/Shivam_Developement/DATA_ENGINEERING/data_engineering_project/batch-etl-pyspark/.venv/lib/python3.12/site-packages/airflow/example_dags/example_trigger_controller_dag.py
[2025-07-17T17:42:06.015+0000] {logging_mixin.py:188} INFO - [2025-07-17T17:42:06.014+0000] {dag.py:3096} INFO - Sync 1 DAGs
[2025-07-17T17:42:06.127+0000] {logging_mixin.py:188} INFO - [2025-07-17T17:42:06.124+0000] {dag.py:3954} INFO - Setting next_dagrun for example_trigger_controller_dag to 2021-01-01 00:00:00+00:00, run_after=2021-01-01 00:00:00+00:00
[2025-07-17T17:42:06.234+0000] {processor.py:183} INFO - Processing /mnt/c/Users/Shivam Gupta/OneDrive/Documents/Shivam_Developement/DATA_ENGINEERING/data_engineering_project/batch-etl-pyspark/.venv/lib/python3.12/site-packages/airflow/example_dags/example_trigger_controller_dag.py took 0.307 seconds
[2025-07-17T17:43:47.351+0000] {processor.py:161} INFO - Started process (PID=2859) to work on /mnt/c/Users/Shivam Gupta/OneDrive/Documents/Shivam_Developement/DATA_ENGINEERING/data_engineering_project/batch-etl-pyspark/.venv/lib/python3.12/site-packages/airflow/example_dags/example_trigger_controller_dag.py
[2025-07-17T17:43:47.355+0000] {processor.py:830} INFO - Processing file /mnt/c/Users/Shivam Gupta/OneDrive/Documents/Shivam_Developement/DATA_ENGINEERING/data_engineering_project/batch-etl-pyspark/.venv/lib/python3.12/site-packages/airflow/example_dags/example_trigger_controller_dag.py for tasks to queue
[2025-07-17T17:43:47.360+0000] {logging_mixin.py:188} INFO - [2025-07-17T17:43:47.358+0000] {dagbag.py:545} INFO - Filling up the DagBag from /mnt/c/Users/Shivam Gupta/OneDrive/Documents/Shivam_Developement/DATA_ENGINEERING/data_engineering_project/batch-etl-pyspark/.venv/lib/python3.12/site-packages/airflow/example_dags/example_trigger_controller_dag.py
[2025-07-17T17:43:47.409+0000] {processor.py:840} INFO - DAG(s) 'example_trigger_controller_dag' retrieved from /mnt/c/Users/Shivam Gupta/OneDrive/Documents/Shivam_Developement/DATA_ENGINEERING/data_engineering_project/batch-etl-pyspark/.venv/lib/python3.12/site-packages/airflow/example_dags/example_trigger_controller_dag.py
[2025-07-17T17:43:47.457+0000] {logging_mixin.py:188} INFO - [2025-07-17T17:43:47.456+0000] {dag.py:3096} INFO - Sync 1 DAGs
[2025-07-17T17:43:47.499+0000] {logging_mixin.py:188} INFO - [2025-07-17T17:43:47.495+0000] {dag.py:3954} INFO - Setting next_dagrun for example_trigger_controller_dag to 2021-01-01 00:00:00+00:00, run_after=2021-01-01 00:00:00+00:00
[2025-07-17T17:43:47.770+0000] {processor.py:183} INFO - Processing /mnt/c/Users/Shivam Gupta/OneDrive/Documents/Shivam_Developement/DATA_ENGINEERING/data_engineering_project/batch-etl-pyspark/.venv/lib/python3.12/site-packages/airflow/example_dags/example_trigger_controller_dag.py took 0.445 seconds
[2025-07-17T17:45:32.227+0000] {processor.py:161} INFO - Started process (PID=2915) to work on /mnt/c/Users/Shivam Gupta/OneDrive/Documents/Shivam_Developement/DATA_ENGINEERING/data_engineering_project/batch-etl-pyspark/.venv/lib/python3.12/site-packages/airflow/example_dags/example_trigger_controller_dag.py
[2025-07-17T17:45:32.232+0000] {processor.py:830} INFO - Processing file /mnt/c/Users/Shivam Gupta/OneDrive/Documents/Shivam_Developement/DATA_ENGINEERING/data_engineering_project/batch-etl-pyspark/.venv/lib/python3.12/site-packages/airflow/example_dags/example_trigger_controller_dag.py for tasks to queue
[2025-07-17T17:45:32.242+0000] {logging_mixin.py:188} INFO - [2025-07-17T17:45:32.238+0000] {dagbag.py:545} INFO - Filling up the DagBag from /mnt/c/Users/Shivam Gupta/OneDrive/Documents/Shivam_Developement/DATA_ENGINEERING/data_engineering_project/batch-etl-pyspark/.venv/lib/python3.12/site-packages/airflow/example_dags/example_trigger_controller_dag.py
[2025-07-17T17:45:32.327+0000] {processor.py:840} INFO - DAG(s) 'example_trigger_controller_dag' retrieved from /mnt/c/Users/Shivam Gupta/OneDrive/Documents/Shivam_Developement/DATA_ENGINEERING/data_engineering_project/batch-etl-pyspark/.venv/lib/python3.12/site-packages/airflow/example_dags/example_trigger_controller_dag.py
[2025-07-17T17:45:32.402+0000] {logging_mixin.py:188} INFO - [2025-07-17T17:45:32.399+0000] {dag.py:3096} INFO - Sync 1 DAGs
[2025-07-17T17:45:32.442+0000] {logging_mixin.py:188} INFO - [2025-07-17T17:45:32.440+0000] {dag.py:3954} INFO - Setting next_dagrun for example_trigger_controller_dag to 2021-01-01 00:00:00+00:00, run_after=2021-01-01 00:00:00+00:00
[2025-07-17T17:45:32.648+0000] {processor.py:183} INFO - Processing /mnt/c/Users/Shivam Gupta/OneDrive/Documents/Shivam_Developement/DATA_ENGINEERING/data_engineering_project/batch-etl-pyspark/.venv/lib/python3.12/site-packages/airflow/example_dags/example_trigger_controller_dag.py took 0.462 seconds
[2025-07-17T17:47:17.266+0000] {processor.py:161} INFO - Started process (PID=2976) to work on /mnt/c/Users/Shivam Gupta/OneDrive/Documents/Shivam_Developement/DATA_ENGINEERING/data_engineering_project/batch-etl-pyspark/.venv/lib/python3.12/site-packages/airflow/example_dags/example_trigger_controller_dag.py
[2025-07-17T17:47:17.269+0000] {processor.py:830} INFO - Processing file /mnt/c/Users/Shivam Gupta/OneDrive/Documents/Shivam_Developement/DATA_ENGINEERING/data_engineering_project/batch-etl-pyspark/.venv/lib/python3.12/site-packages/airflow/example_dags/example_trigger_controller_dag.py for tasks to queue
[2025-07-17T17:47:17.273+0000] {logging_mixin.py:188} INFO - [2025-07-17T17:47:17.271+0000] {dagbag.py:545} INFO - Filling up the DagBag from /mnt/c/Users/Shivam Gupta/OneDrive/Documents/Shivam_Developement/DATA_ENGINEERING/data_engineering_project/batch-etl-pyspark/.venv/lib/python3.12/site-packages/airflow/example_dags/example_trigger_controller_dag.py
[2025-07-17T17:47:17.306+0000] {processor.py:840} INFO - DAG(s) 'example_trigger_controller_dag' retrieved from /mnt/c/Users/Shivam Gupta/OneDrive/Documents/Shivam_Developement/DATA_ENGINEERING/data_engineering_project/batch-etl-pyspark/.venv/lib/python3.12/site-packages/airflow/example_dags/example_trigger_controller_dag.py
[2025-07-17T17:47:17.341+0000] {logging_mixin.py:188} INFO - [2025-07-17T17:47:17.339+0000] {dag.py:3096} INFO - Sync 1 DAGs
[2025-07-17T17:47:17.371+0000] {logging_mixin.py:188} INFO - [2025-07-17T17:47:17.369+0000] {dag.py:3954} INFO - Setting next_dagrun for example_trigger_controller_dag to 2021-01-01 00:00:00+00:00, run_after=2021-01-01 00:00:00+00:00
[2025-07-17T17:47:17.472+0000] {processor.py:183} INFO - Processing /mnt/c/Users/Shivam Gupta/OneDrive/Documents/Shivam_Developement/DATA_ENGINEERING/data_engineering_project/batch-etl-pyspark/.venv/lib/python3.12/site-packages/airflow/example_dags/example_trigger_controller_dag.py took 0.225 seconds
[2025-07-17T17:48:29.858+0000] {processor.py:161} INFO - Started process (PID=3033) to work on /mnt/c/Users/Shivam Gupta/OneDrive/Documents/Shivam_Developement/DATA_ENGINEERING/data_engineering_project/batch-etl-pyspark/.venv/lib/python3.12/site-packages/airflow/example_dags/example_trigger_controller_dag.py
[2025-07-17T17:48:29.860+0000] {processor.py:830} INFO - Processing file /mnt/c/Users/Shivam Gupta/OneDrive/Documents/Shivam_Developement/DATA_ENGINEERING/data_engineering_project/batch-etl-pyspark/.venv/lib/python3.12/site-packages/airflow/example_dags/example_trigger_controller_dag.py for tasks to queue
[2025-07-17T17:48:29.864+0000] {logging_mixin.py:188} INFO - [2025-07-17T17:48:29.862+0000] {dagbag.py:545} INFO - Filling up the DagBag from /mnt/c/Users/Shivam Gupta/OneDrive/Documents/Shivam_Developement/DATA_ENGINEERING/data_engineering_project/batch-etl-pyspark/.venv/lib/python3.12/site-packages/airflow/example_dags/example_trigger_controller_dag.py
[2025-07-17T17:48:29.909+0000] {processor.py:840} INFO - DAG(s) 'example_trigger_controller_dag' retrieved from /mnt/c/Users/Shivam Gupta/OneDrive/Documents/Shivam_Developement/DATA_ENGINEERING/data_engineering_project/batch-etl-pyspark/.venv/lib/python3.12/site-packages/airflow/example_dags/example_trigger_controller_dag.py
[2025-07-17T17:48:29.948+0000] {logging_mixin.py:188} INFO - [2025-07-17T17:48:29.946+0000] {dag.py:3096} INFO - Sync 1 DAGs
[2025-07-17T17:48:29.979+0000] {logging_mixin.py:188} INFO - [2025-07-17T17:48:29.978+0000] {dag.py:3954} INFO - Setting next_dagrun for example_trigger_controller_dag to 2021-01-01 00:00:00+00:00, run_after=2021-01-01 00:00:00+00:00
[2025-07-17T17:48:30.091+0000] {processor.py:183} INFO - Processing /mnt/c/Users/Shivam Gupta/OneDrive/Documents/Shivam_Developement/DATA_ENGINEERING/data_engineering_project/batch-etl-pyspark/.venv/lib/python3.12/site-packages/airflow/example_dags/example_trigger_controller_dag.py took 0.255 seconds
[2025-07-17T17:50:26.932+0000] {processor.py:161} INFO - Started process (PID=3134) to work on /mnt/c/Users/Shivam Gupta/OneDrive/Documents/Shivam_Developement/DATA_ENGINEERING/data_engineering_project/batch-etl-pyspark/.venv/lib/python3.12/site-packages/airflow/example_dags/example_trigger_controller_dag.py
[2025-07-17T17:50:26.938+0000] {processor.py:830} INFO - Processing file /mnt/c/Users/Shivam Gupta/OneDrive/Documents/Shivam_Developement/DATA_ENGINEERING/data_engineering_project/batch-etl-pyspark/.venv/lib/python3.12/site-packages/airflow/example_dags/example_trigger_controller_dag.py for tasks to queue
[2025-07-17T17:50:26.943+0000] {logging_mixin.py:188} INFO - [2025-07-17T17:50:26.941+0000] {dagbag.py:545} INFO - Filling up the DagBag from /mnt/c/Users/Shivam Gupta/OneDrive/Documents/Shivam_Developement/DATA_ENGINEERING/data_engineering_project/batch-etl-pyspark/.venv/lib/python3.12/site-packages/airflow/example_dags/example_trigger_controller_dag.py
[2025-07-17T17:50:26.997+0000] {processor.py:840} INFO - DAG(s) 'example_trigger_controller_dag' retrieved from /mnt/c/Users/Shivam Gupta/OneDrive/Documents/Shivam_Developement/DATA_ENGINEERING/data_engineering_project/batch-etl-pyspark/.venv/lib/python3.12/site-packages/airflow/example_dags/example_trigger_controller_dag.py
[2025-07-17T17:50:27.052+0000] {logging_mixin.py:188} INFO - [2025-07-17T17:50:27.050+0000] {dag.py:3096} INFO - Sync 1 DAGs
[2025-07-17T17:50:27.085+0000] {logging_mixin.py:188} INFO - [2025-07-17T17:50:27.082+0000] {dag.py:3954} INFO - Setting next_dagrun for example_trigger_controller_dag to 2021-01-01 00:00:00+00:00, run_after=2021-01-01 00:00:00+00:00
[2025-07-17T17:50:27.214+0000] {processor.py:183} INFO - Processing /mnt/c/Users/Shivam Gupta/OneDrive/Documents/Shivam_Developement/DATA_ENGINEERING/data_engineering_project/batch-etl-pyspark/.venv/lib/python3.12/site-packages/airflow/example_dags/example_trigger_controller_dag.py took 0.301 seconds
[2025-07-17T17:52:36.201+0000] {processor.py:161} INFO - Started process (PID=3236) to work on /mnt/c/Users/Shivam Gupta/OneDrive/Documents/Shivam_Developement/DATA_ENGINEERING/data_engineering_project/batch-etl-pyspark/.venv/lib/python3.12/site-packages/airflow/example_dags/example_trigger_controller_dag.py
[2025-07-17T17:52:36.203+0000] {processor.py:830} INFO - Processing file /mnt/c/Users/Shivam Gupta/OneDrive/Documents/Shivam_Developement/DATA_ENGINEERING/data_engineering_project/batch-etl-pyspark/.venv/lib/python3.12/site-packages/airflow/example_dags/example_trigger_controller_dag.py for tasks to queue
[2025-07-17T17:52:36.207+0000] {logging_mixin.py:188} INFO - [2025-07-17T17:52:36.206+0000] {dagbag.py:545} INFO - Filling up the DagBag from /mnt/c/Users/Shivam Gupta/OneDrive/Documents/Shivam_Developement/DATA_ENGINEERING/data_engineering_project/batch-etl-pyspark/.venv/lib/python3.12/site-packages/airflow/example_dags/example_trigger_controller_dag.py
[2025-07-17T17:52:36.235+0000] {processor.py:840} INFO - DAG(s) 'example_trigger_controller_dag' retrieved from /mnt/c/Users/Shivam Gupta/OneDrive/Documents/Shivam_Developement/DATA_ENGINEERING/data_engineering_project/batch-etl-pyspark/.venv/lib/python3.12/site-packages/airflow/example_dags/example_trigger_controller_dag.py
[2025-07-17T17:52:36.273+0000] {logging_mixin.py:188} INFO - [2025-07-17T17:52:36.272+0000] {dag.py:3096} INFO - Sync 1 DAGs
[2025-07-17T17:52:36.294+0000] {logging_mixin.py:188} INFO - [2025-07-17T17:52:36.293+0000] {dag.py:3954} INFO - Setting next_dagrun for example_trigger_controller_dag to 2021-01-01 00:00:00+00:00, run_after=2021-01-01 00:00:00+00:00
[2025-07-17T17:52:36.404+0000] {processor.py:183} INFO - Processing /mnt/c/Users/Shivam Gupta/OneDrive/Documents/Shivam_Developement/DATA_ENGINEERING/data_engineering_project/batch-etl-pyspark/.venv/lib/python3.12/site-packages/airflow/example_dags/example_trigger_controller_dag.py took 0.225 seconds
[2025-07-17T17:53:40.618+0000] {processor.py:161} INFO - Started process (PID=3290) to work on /mnt/c/Users/Shivam Gupta/OneDrive/Documents/Shivam_Developement/DATA_ENGINEERING/data_engineering_project/batch-etl-pyspark/.venv/lib/python3.12/site-packages/airflow/example_dags/example_trigger_controller_dag.py
[2025-07-17T17:53:40.622+0000] {processor.py:830} INFO - Processing file /mnt/c/Users/Shivam Gupta/OneDrive/Documents/Shivam_Developement/DATA_ENGINEERING/data_engineering_project/batch-etl-pyspark/.venv/lib/python3.12/site-packages/airflow/example_dags/example_trigger_controller_dag.py for tasks to queue
[2025-07-17T17:53:40.628+0000] {logging_mixin.py:188} INFO - [2025-07-17T17:53:40.625+0000] {dagbag.py:545} INFO - Filling up the DagBag from /mnt/c/Users/Shivam Gupta/OneDrive/Documents/Shivam_Developement/DATA_ENGINEERING/data_engineering_project/batch-etl-pyspark/.venv/lib/python3.12/site-packages/airflow/example_dags/example_trigger_controller_dag.py
[2025-07-17T17:53:40.669+0000] {processor.py:840} INFO - DAG(s) 'example_trigger_controller_dag' retrieved from /mnt/c/Users/Shivam Gupta/OneDrive/Documents/Shivam_Developement/DATA_ENGINEERING/data_engineering_project/batch-etl-pyspark/.venv/lib/python3.12/site-packages/airflow/example_dags/example_trigger_controller_dag.py
[2025-07-17T17:53:40.707+0000] {logging_mixin.py:188} INFO - [2025-07-17T17:53:40.705+0000] {dag.py:3096} INFO - Sync 1 DAGs
[2025-07-17T17:53:40.768+0000] {logging_mixin.py:188} INFO - [2025-07-17T17:53:40.765+0000] {dag.py:3954} INFO - Setting next_dagrun for example_trigger_controller_dag to 2021-01-01 00:00:00+00:00, run_after=2021-01-01 00:00:00+00:00
[2025-07-17T17:53:40.878+0000] {processor.py:183} INFO - Processing /mnt/c/Users/Shivam Gupta/OneDrive/Documents/Shivam_Developement/DATA_ENGINEERING/data_engineering_project/batch-etl-pyspark/.venv/lib/python3.12/site-packages/airflow/example_dags/example_trigger_controller_dag.py took 0.285 seconds
[2025-07-17T17:55:44.355+0000] {processor.py:161} INFO - Started process (PID=3393) to work on /mnt/c/Users/Shivam Gupta/OneDrive/Documents/Shivam_Developement/DATA_ENGINEERING/data_engineering_project/batch-etl-pyspark/.venv/lib/python3.12/site-packages/airflow/example_dags/example_trigger_controller_dag.py
[2025-07-17T17:55:44.359+0000] {processor.py:830} INFO - Processing file /mnt/c/Users/Shivam Gupta/OneDrive/Documents/Shivam_Developement/DATA_ENGINEERING/data_engineering_project/batch-etl-pyspark/.venv/lib/python3.12/site-packages/airflow/example_dags/example_trigger_controller_dag.py for tasks to queue
[2025-07-17T17:55:44.362+0000] {logging_mixin.py:188} INFO - [2025-07-17T17:55:44.361+0000] {dagbag.py:545} INFO - Filling up the DagBag from /mnt/c/Users/Shivam Gupta/OneDrive/Documents/Shivam_Developement/DATA_ENGINEERING/data_engineering_project/batch-etl-pyspark/.venv/lib/python3.12/site-packages/airflow/example_dags/example_trigger_controller_dag.py
[2025-07-17T17:55:44.407+0000] {processor.py:840} INFO - DAG(s) 'example_trigger_controller_dag' retrieved from /mnt/c/Users/Shivam Gupta/OneDrive/Documents/Shivam_Developement/DATA_ENGINEERING/data_engineering_project/batch-etl-pyspark/.venv/lib/python3.12/site-packages/airflow/example_dags/example_trigger_controller_dag.py
[2025-07-17T17:55:44.443+0000] {logging_mixin.py:188} INFO - [2025-07-17T17:55:44.442+0000] {dag.py:3096} INFO - Sync 1 DAGs
[2025-07-17T17:55:44.474+0000] {logging_mixin.py:188} INFO - [2025-07-17T17:55:44.473+0000] {dag.py:3954} INFO - Setting next_dagrun for example_trigger_controller_dag to 2021-01-01 00:00:00+00:00, run_after=2021-01-01 00:00:00+00:00
[2025-07-17T17:55:44.582+0000] {processor.py:183} INFO - Processing /mnt/c/Users/Shivam Gupta/OneDrive/Documents/Shivam_Developement/DATA_ENGINEERING/data_engineering_project/batch-etl-pyspark/.venv/lib/python3.12/site-packages/airflow/example_dags/example_trigger_controller_dag.py took 0.247 seconds
[2025-07-17T17:57:49.105+0000] {processor.py:161} INFO - Started process (PID=3493) to work on /mnt/c/Users/Shivam Gupta/OneDrive/Documents/Shivam_Developement/DATA_ENGINEERING/data_engineering_project/batch-etl-pyspark/.venv/lib/python3.12/site-packages/airflow/example_dags/example_trigger_controller_dag.py
[2025-07-17T17:57:49.109+0000] {processor.py:830} INFO - Processing file /mnt/c/Users/Shivam Gupta/OneDrive/Documents/Shivam_Developement/DATA_ENGINEERING/data_engineering_project/batch-etl-pyspark/.venv/lib/python3.12/site-packages/airflow/example_dags/example_trigger_controller_dag.py for tasks to queue
[2025-07-17T17:57:49.114+0000] {logging_mixin.py:188} INFO - [2025-07-17T17:57:49.112+0000] {dagbag.py:545} INFO - Filling up the DagBag from /mnt/c/Users/Shivam Gupta/OneDrive/Documents/Shivam_Developement/DATA_ENGINEERING/data_engineering_project/batch-etl-pyspark/.venv/lib/python3.12/site-packages/airflow/example_dags/example_trigger_controller_dag.py
[2025-07-17T17:57:49.158+0000] {processor.py:840} INFO - DAG(s) 'example_trigger_controller_dag' retrieved from /mnt/c/Users/Shivam Gupta/OneDrive/Documents/Shivam_Developement/DATA_ENGINEERING/data_engineering_project/batch-etl-pyspark/.venv/lib/python3.12/site-packages/airflow/example_dags/example_trigger_controller_dag.py
[2025-07-17T17:57:49.212+0000] {logging_mixin.py:188} INFO - [2025-07-17T17:57:49.209+0000] {dag.py:3096} INFO - Sync 1 DAGs
[2025-07-17T17:57:49.250+0000] {logging_mixin.py:188} INFO - [2025-07-17T17:57:49.247+0000] {dag.py:3954} INFO - Setting next_dagrun for example_trigger_controller_dag to 2021-01-01 00:00:00+00:00, run_after=2021-01-01 00:00:00+00:00
[2025-07-17T17:57:49.393+0000] {processor.py:183} INFO - Processing /mnt/c/Users/Shivam Gupta/OneDrive/Documents/Shivam_Developement/DATA_ENGINEERING/data_engineering_project/batch-etl-pyspark/.venv/lib/python3.12/site-packages/airflow/example_dags/example_trigger_controller_dag.py took 0.309 seconds
[2025-07-17T17:59:53.055+0000] {processor.py:161} INFO - Started process (PID=3594) to work on /mnt/c/Users/Shivam Gupta/OneDrive/Documents/Shivam_Developement/DATA_ENGINEERING/data_engineering_project/batch-etl-pyspark/.venv/lib/python3.12/site-packages/airflow/example_dags/example_trigger_controller_dag.py
[2025-07-17T17:59:53.061+0000] {processor.py:830} INFO - Processing file /mnt/c/Users/Shivam Gupta/OneDrive/Documents/Shivam_Developement/DATA_ENGINEERING/data_engineering_project/batch-etl-pyspark/.venv/lib/python3.12/site-packages/airflow/example_dags/example_trigger_controller_dag.py for tasks to queue
[2025-07-17T17:59:53.067+0000] {logging_mixin.py:188} INFO - [2025-07-17T17:59:53.065+0000] {dagbag.py:545} INFO - Filling up the DagBag from /mnt/c/Users/Shivam Gupta/OneDrive/Documents/Shivam_Developement/DATA_ENGINEERING/data_engineering_project/batch-etl-pyspark/.venv/lib/python3.12/site-packages/airflow/example_dags/example_trigger_controller_dag.py
[2025-07-17T17:59:53.108+0000] {processor.py:840} INFO - DAG(s) 'example_trigger_controller_dag' retrieved from /mnt/c/Users/Shivam Gupta/OneDrive/Documents/Shivam_Developement/DATA_ENGINEERING/data_engineering_project/batch-etl-pyspark/.venv/lib/python3.12/site-packages/airflow/example_dags/example_trigger_controller_dag.py
[2025-07-17T17:59:53.153+0000] {logging_mixin.py:188} INFO - [2025-07-17T17:59:53.151+0000] {dag.py:3096} INFO - Sync 1 DAGs
[2025-07-17T17:59:53.183+0000] {logging_mixin.py:188} INFO - [2025-07-17T17:59:53.180+0000] {dag.py:3954} INFO - Setting next_dagrun for example_trigger_controller_dag to 2021-01-01 00:00:00+00:00, run_after=2021-01-01 00:00:00+00:00
[2025-07-17T17:59:53.329+0000] {processor.py:183} INFO - Processing /mnt/c/Users/Shivam Gupta/OneDrive/Documents/Shivam_Developement/DATA_ENGINEERING/data_engineering_project/batch-etl-pyspark/.venv/lib/python3.12/site-packages/airflow/example_dags/example_trigger_controller_dag.py took 0.309 seconds
[2025-07-17T18:00:59.768+0000] {processor.py:161} INFO - Started process (PID=3646) to work on /mnt/c/Users/Shivam Gupta/OneDrive/Documents/Shivam_Developement/DATA_ENGINEERING/data_engineering_project/batch-etl-pyspark/.venv/lib/python3.12/site-packages/airflow/example_dags/example_trigger_controller_dag.py
[2025-07-17T18:00:59.771+0000] {processor.py:830} INFO - Processing file /mnt/c/Users/Shivam Gupta/OneDrive/Documents/Shivam_Developement/DATA_ENGINEERING/data_engineering_project/batch-etl-pyspark/.venv/lib/python3.12/site-packages/airflow/example_dags/example_trigger_controller_dag.py for tasks to queue
[2025-07-17T18:00:59.776+0000] {logging_mixin.py:188} INFO - [2025-07-17T18:00:59.774+0000] {dagbag.py:545} INFO - Filling up the DagBag from /mnt/c/Users/Shivam Gupta/OneDrive/Documents/Shivam_Developement/DATA_ENGINEERING/data_engineering_project/batch-etl-pyspark/.venv/lib/python3.12/site-packages/airflow/example_dags/example_trigger_controller_dag.py
[2025-07-17T18:00:59.816+0000] {processor.py:840} INFO - DAG(s) 'example_trigger_controller_dag' retrieved from /mnt/c/Users/Shivam Gupta/OneDrive/Documents/Shivam_Developement/DATA_ENGINEERING/data_engineering_project/batch-etl-pyspark/.venv/lib/python3.12/site-packages/airflow/example_dags/example_trigger_controller_dag.py
[2025-07-17T18:00:59.864+0000] {logging_mixin.py:188} INFO - [2025-07-17T18:00:59.861+0000] {dag.py:3096} INFO - Sync 1 DAGs
[2025-07-17T18:00:59.898+0000] {logging_mixin.py:188} INFO - [2025-07-17T18:00:59.896+0000] {dag.py:3954} INFO - Setting next_dagrun for example_trigger_controller_dag to 2021-01-01 00:00:00+00:00, run_after=2021-01-01 00:00:00+00:00
[2025-07-17T18:01:00.003+0000] {processor.py:183} INFO - Processing /mnt/c/Users/Shivam Gupta/OneDrive/Documents/Shivam_Developement/DATA_ENGINEERING/data_engineering_project/batch-etl-pyspark/.venv/lib/python3.12/site-packages/airflow/example_dags/example_trigger_controller_dag.py took 0.259 seconds
[2025-07-17T18:02:59.501+0000] {processor.py:161} INFO - Started process (PID=3749) to work on /mnt/c/Users/Shivam Gupta/OneDrive/Documents/Shivam_Developement/DATA_ENGINEERING/data_engineering_project/batch-etl-pyspark/.venv/lib/python3.12/site-packages/airflow/example_dags/example_trigger_controller_dag.py
[2025-07-17T18:02:59.506+0000] {processor.py:830} INFO - Processing file /mnt/c/Users/Shivam Gupta/OneDrive/Documents/Shivam_Developement/DATA_ENGINEERING/data_engineering_project/batch-etl-pyspark/.venv/lib/python3.12/site-packages/airflow/example_dags/example_trigger_controller_dag.py for tasks to queue
[2025-07-17T18:02:59.511+0000] {logging_mixin.py:188} INFO - [2025-07-17T18:02:59.509+0000] {dagbag.py:545} INFO - Filling up the DagBag from /mnt/c/Users/Shivam Gupta/OneDrive/Documents/Shivam_Developement/DATA_ENGINEERING/data_engineering_project/batch-etl-pyspark/.venv/lib/python3.12/site-packages/airflow/example_dags/example_trigger_controller_dag.py
[2025-07-17T18:02:59.546+0000] {processor.py:840} INFO - DAG(s) 'example_trigger_controller_dag' retrieved from /mnt/c/Users/Shivam Gupta/OneDrive/Documents/Shivam_Developement/DATA_ENGINEERING/data_engineering_project/batch-etl-pyspark/.venv/lib/python3.12/site-packages/airflow/example_dags/example_trigger_controller_dag.py
[2025-07-17T18:02:59.592+0000] {logging_mixin.py:188} INFO - [2025-07-17T18:02:59.590+0000] {dag.py:3096} INFO - Sync 1 DAGs
[2025-07-17T18:02:59.633+0000] {logging_mixin.py:188} INFO - [2025-07-17T18:02:59.630+0000] {dag.py:3954} INFO - Setting next_dagrun for example_trigger_controller_dag to 2021-01-01 00:00:00+00:00, run_after=2021-01-01 00:00:00+00:00
[2025-07-17T18:02:59.803+0000] {processor.py:183} INFO - Processing /mnt/c/Users/Shivam Gupta/OneDrive/Documents/Shivam_Developement/DATA_ENGINEERING/data_engineering_project/batch-etl-pyspark/.venv/lib/python3.12/site-packages/airflow/example_dags/example_trigger_controller_dag.py took 0.321 seconds
[2025-07-17T18:04:03.704+0000] {processor.py:161} INFO - Started process (PID=3802) to work on /mnt/c/Users/Shivam Gupta/OneDrive/Documents/Shivam_Developement/DATA_ENGINEERING/data_engineering_project/batch-etl-pyspark/.venv/lib/python3.12/site-packages/airflow/example_dags/example_trigger_controller_dag.py
[2025-07-17T18:04:03.707+0000] {processor.py:830} INFO - Processing file /mnt/c/Users/Shivam Gupta/OneDrive/Documents/Shivam_Developement/DATA_ENGINEERING/data_engineering_project/batch-etl-pyspark/.venv/lib/python3.12/site-packages/airflow/example_dags/example_trigger_controller_dag.py for tasks to queue
[2025-07-17T18:04:03.711+0000] {logging_mixin.py:188} INFO - [2025-07-17T18:04:03.710+0000] {dagbag.py:545} INFO - Filling up the DagBag from /mnt/c/Users/Shivam Gupta/OneDrive/Documents/Shivam_Developement/DATA_ENGINEERING/data_engineering_project/batch-etl-pyspark/.venv/lib/python3.12/site-packages/airflow/example_dags/example_trigger_controller_dag.py
[2025-07-17T18:04:03.748+0000] {processor.py:840} INFO - DAG(s) 'example_trigger_controller_dag' retrieved from /mnt/c/Users/Shivam Gupta/OneDrive/Documents/Shivam_Developement/DATA_ENGINEERING/data_engineering_project/batch-etl-pyspark/.venv/lib/python3.12/site-packages/airflow/example_dags/example_trigger_controller_dag.py
[2025-07-17T18:04:03.786+0000] {logging_mixin.py:188} INFO - [2025-07-17T18:04:03.784+0000] {dag.py:3096} INFO - Sync 1 DAGs
[2025-07-17T18:04:03.812+0000] {logging_mixin.py:188} INFO - [2025-07-17T18:04:03.810+0000] {dag.py:3954} INFO - Setting next_dagrun for example_trigger_controller_dag to 2021-01-01 00:00:00+00:00, run_after=2021-01-01 00:00:00+00:00
[2025-07-17T18:04:03.904+0000] {processor.py:183} INFO - Processing /mnt/c/Users/Shivam Gupta/OneDrive/Documents/Shivam_Developement/DATA_ENGINEERING/data_engineering_project/batch-etl-pyspark/.venv/lib/python3.12/site-packages/airflow/example_dags/example_trigger_controller_dag.py took 0.221 seconds
[2025-07-17T18:06:06.159+0000] {processor.py:161} INFO - Started process (PID=3905) to work on /mnt/c/Users/Shivam Gupta/OneDrive/Documents/Shivam_Developement/DATA_ENGINEERING/data_engineering_project/batch-etl-pyspark/.venv/lib/python3.12/site-packages/airflow/example_dags/example_trigger_controller_dag.py
[2025-07-17T18:06:06.165+0000] {processor.py:830} INFO - Processing file /mnt/c/Users/Shivam Gupta/OneDrive/Documents/Shivam_Developement/DATA_ENGINEERING/data_engineering_project/batch-etl-pyspark/.venv/lib/python3.12/site-packages/airflow/example_dags/example_trigger_controller_dag.py for tasks to queue
[2025-07-17T18:06:06.175+0000] {logging_mixin.py:188} INFO - [2025-07-17T18:06:06.171+0000] {dagbag.py:545} INFO - Filling up the DagBag from /mnt/c/Users/Shivam Gupta/OneDrive/Documents/Shivam_Developement/DATA_ENGINEERING/data_engineering_project/batch-etl-pyspark/.venv/lib/python3.12/site-packages/airflow/example_dags/example_trigger_controller_dag.py
[2025-07-17T18:06:06.279+0000] {processor.py:840} INFO - DAG(s) 'example_trigger_controller_dag' retrieved from /mnt/c/Users/Shivam Gupta/OneDrive/Documents/Shivam_Developement/DATA_ENGINEERING/data_engineering_project/batch-etl-pyspark/.venv/lib/python3.12/site-packages/airflow/example_dags/example_trigger_controller_dag.py
[2025-07-17T18:06:06.424+0000] {logging_mixin.py:188} INFO - [2025-07-17T18:06:06.421+0000] {dag.py:3096} INFO - Sync 1 DAGs
[2025-07-17T18:06:06.451+0000] {logging_mixin.py:188} INFO - [2025-07-17T18:06:06.450+0000] {dag.py:3954} INFO - Setting next_dagrun for example_trigger_controller_dag to 2021-01-01 00:00:00+00:00, run_after=2021-01-01 00:00:00+00:00
[2025-07-17T18:06:06.569+0000] {processor.py:183} INFO - Processing /mnt/c/Users/Shivam Gupta/OneDrive/Documents/Shivam_Developement/DATA_ENGINEERING/data_engineering_project/batch-etl-pyspark/.venv/lib/python3.12/site-packages/airflow/example_dags/example_trigger_controller_dag.py took 0.450 seconds
[2025-07-17T18:08:14.772+0000] {processor.py:161} INFO - Started process (PID=4006) to work on /mnt/c/Users/Shivam Gupta/OneDrive/Documents/Shivam_Developement/DATA_ENGINEERING/data_engineering_project/batch-etl-pyspark/.venv/lib/python3.12/site-packages/airflow/example_dags/example_trigger_controller_dag.py
[2025-07-17T18:08:14.774+0000] {processor.py:830} INFO - Processing file /mnt/c/Users/Shivam Gupta/OneDrive/Documents/Shivam_Developement/DATA_ENGINEERING/data_engineering_project/batch-etl-pyspark/.venv/lib/python3.12/site-packages/airflow/example_dags/example_trigger_controller_dag.py for tasks to queue
[2025-07-17T18:08:14.778+0000] {logging_mixin.py:188} INFO - [2025-07-17T18:08:14.777+0000] {dagbag.py:545} INFO - Filling up the DagBag from /mnt/c/Users/Shivam Gupta/OneDrive/Documents/Shivam_Developement/DATA_ENGINEERING/data_engineering_project/batch-etl-pyspark/.venv/lib/python3.12/site-packages/airflow/example_dags/example_trigger_controller_dag.py
[2025-07-17T18:08:14.812+0000] {processor.py:840} INFO - DAG(s) 'example_trigger_controller_dag' retrieved from /mnt/c/Users/Shivam Gupta/OneDrive/Documents/Shivam_Developement/DATA_ENGINEERING/data_engineering_project/batch-etl-pyspark/.venv/lib/python3.12/site-packages/airflow/example_dags/example_trigger_controller_dag.py
[2025-07-17T18:08:14.846+0000] {logging_mixin.py:188} INFO - [2025-07-17T18:08:14.845+0000] {dag.py:3096} INFO - Sync 1 DAGs
[2025-07-17T18:08:14.871+0000] {logging_mixin.py:188} INFO - [2025-07-17T18:08:14.869+0000] {dag.py:3954} INFO - Setting next_dagrun for example_trigger_controller_dag to 2021-01-01 00:00:00+00:00, run_after=2021-01-01 00:00:00+00:00
[2025-07-17T18:08:14.998+0000] {processor.py:183} INFO - Processing /mnt/c/Users/Shivam Gupta/OneDrive/Documents/Shivam_Developement/DATA_ENGINEERING/data_engineering_project/batch-etl-pyspark/.venv/lib/python3.12/site-packages/airflow/example_dags/example_trigger_controller_dag.py took 0.247 seconds
[2025-07-17T18:09:19.665+0000] {processor.py:161} INFO - Started process (PID=4056) to work on /mnt/c/Users/Shivam Gupta/OneDrive/Documents/Shivam_Developement/DATA_ENGINEERING/data_engineering_project/batch-etl-pyspark/.venv/lib/python3.12/site-packages/airflow/example_dags/example_trigger_controller_dag.py
[2025-07-17T18:09:19.669+0000] {processor.py:830} INFO - Processing file /mnt/c/Users/Shivam Gupta/OneDrive/Documents/Shivam_Developement/DATA_ENGINEERING/data_engineering_project/batch-etl-pyspark/.venv/lib/python3.12/site-packages/airflow/example_dags/example_trigger_controller_dag.py for tasks to queue
[2025-07-17T18:09:19.674+0000] {logging_mixin.py:188} INFO - [2025-07-17T18:09:19.672+0000] {dagbag.py:545} INFO - Filling up the DagBag from /mnt/c/Users/Shivam Gupta/OneDrive/Documents/Shivam_Developement/DATA_ENGINEERING/data_engineering_project/batch-etl-pyspark/.venv/lib/python3.12/site-packages/airflow/example_dags/example_trigger_controller_dag.py
[2025-07-17T18:09:19.712+0000] {processor.py:840} INFO - DAG(s) 'example_trigger_controller_dag' retrieved from /mnt/c/Users/Shivam Gupta/OneDrive/Documents/Shivam_Developement/DATA_ENGINEERING/data_engineering_project/batch-etl-pyspark/.venv/lib/python3.12/site-packages/airflow/example_dags/example_trigger_controller_dag.py
[2025-07-17T18:09:19.746+0000] {logging_mixin.py:188} INFO - [2025-07-17T18:09:19.745+0000] {dag.py:3096} INFO - Sync 1 DAGs
[2025-07-17T18:09:19.774+0000] {logging_mixin.py:188} INFO - [2025-07-17T18:09:19.773+0000] {dag.py:3954} INFO - Setting next_dagrun for example_trigger_controller_dag to 2021-01-01 00:00:00+00:00, run_after=2021-01-01 00:00:00+00:00
[2025-07-17T18:09:19.889+0000] {processor.py:183} INFO - Processing /mnt/c/Users/Shivam Gupta/OneDrive/Documents/Shivam_Developement/DATA_ENGINEERING/data_engineering_project/batch-etl-pyspark/.venv/lib/python3.12/site-packages/airflow/example_dags/example_trigger_controller_dag.py took 0.245 seconds
[2025-07-17T18:11:25.797+0000] {processor.py:161} INFO - Started process (PID=4160) to work on /mnt/c/Users/Shivam Gupta/OneDrive/Documents/Shivam_Developement/DATA_ENGINEERING/data_engineering_project/batch-etl-pyspark/.venv/lib/python3.12/site-packages/airflow/example_dags/example_trigger_controller_dag.py
[2025-07-17T18:11:25.805+0000] {processor.py:830} INFO - Processing file /mnt/c/Users/Shivam Gupta/OneDrive/Documents/Shivam_Developement/DATA_ENGINEERING/data_engineering_project/batch-etl-pyspark/.venv/lib/python3.12/site-packages/airflow/example_dags/example_trigger_controller_dag.py for tasks to queue
[2025-07-17T18:11:25.814+0000] {logging_mixin.py:188} INFO - [2025-07-17T18:11:25.811+0000] {dagbag.py:545} INFO - Filling up the DagBag from /mnt/c/Users/Shivam Gupta/OneDrive/Documents/Shivam_Developement/DATA_ENGINEERING/data_engineering_project/batch-etl-pyspark/.venv/lib/python3.12/site-packages/airflow/example_dags/example_trigger_controller_dag.py
[2025-07-17T18:11:25.862+0000] {processor.py:840} INFO - DAG(s) 'example_trigger_controller_dag' retrieved from /mnt/c/Users/Shivam Gupta/OneDrive/Documents/Shivam_Developement/DATA_ENGINEERING/data_engineering_project/batch-etl-pyspark/.venv/lib/python3.12/site-packages/airflow/example_dags/example_trigger_controller_dag.py
[2025-07-17T18:11:25.923+0000] {logging_mixin.py:188} INFO - [2025-07-17T18:11:25.919+0000] {dag.py:3096} INFO - Sync 1 DAGs
[2025-07-17T18:11:25.965+0000] {logging_mixin.py:188} INFO - [2025-07-17T18:11:25.963+0000] {dag.py:3954} INFO - Setting next_dagrun for example_trigger_controller_dag to 2021-01-01 00:00:00+00:00, run_after=2021-01-01 00:00:00+00:00
[2025-07-17T18:11:26.083+0000] {processor.py:183} INFO - Processing /mnt/c/Users/Shivam Gupta/OneDrive/Documents/Shivam_Developement/DATA_ENGINEERING/data_engineering_project/batch-etl-pyspark/.venv/lib/python3.12/site-packages/airflow/example_dags/example_trigger_controller_dag.py took 0.362 seconds
[2025-07-17T18:12:31.918+0000] {processor.py:161} INFO - Started process (PID=4213) to work on /mnt/c/Users/Shivam Gupta/OneDrive/Documents/Shivam_Developement/DATA_ENGINEERING/data_engineering_project/batch-etl-pyspark/.venv/lib/python3.12/site-packages/airflow/example_dags/example_trigger_controller_dag.py
[2025-07-17T18:12:31.920+0000] {processor.py:830} INFO - Processing file /mnt/c/Users/Shivam Gupta/OneDrive/Documents/Shivam_Developement/DATA_ENGINEERING/data_engineering_project/batch-etl-pyspark/.venv/lib/python3.12/site-packages/airflow/example_dags/example_trigger_controller_dag.py for tasks to queue
[2025-07-17T18:12:31.923+0000] {logging_mixin.py:188} INFO - [2025-07-17T18:12:31.922+0000] {dagbag.py:545} INFO - Filling up the DagBag from /mnt/c/Users/Shivam Gupta/OneDrive/Documents/Shivam_Developement/DATA_ENGINEERING/data_engineering_project/batch-etl-pyspark/.venv/lib/python3.12/site-packages/airflow/example_dags/example_trigger_controller_dag.py
[2025-07-17T18:12:31.948+0000] {processor.py:840} INFO - DAG(s) 'example_trigger_controller_dag' retrieved from /mnt/c/Users/Shivam Gupta/OneDrive/Documents/Shivam_Developement/DATA_ENGINEERING/data_engineering_project/batch-etl-pyspark/.venv/lib/python3.12/site-packages/airflow/example_dags/example_trigger_controller_dag.py
[2025-07-17T18:12:32.048+0000] {logging_mixin.py:188} INFO - [2025-07-17T18:12:32.047+0000] {dag.py:3096} INFO - Sync 1 DAGs
[2025-07-17T18:12:32.086+0000] {logging_mixin.py:188} INFO - [2025-07-17T18:12:32.082+0000] {dag.py:3954} INFO - Setting next_dagrun for example_trigger_controller_dag to 2021-01-01 00:00:00+00:00, run_after=2021-01-01 00:00:00+00:00
[2025-07-17T18:12:32.227+0000] {processor.py:183} INFO - Processing /mnt/c/Users/Shivam Gupta/OneDrive/Documents/Shivam_Developement/DATA_ENGINEERING/data_engineering_project/batch-etl-pyspark/.venv/lib/python3.12/site-packages/airflow/example_dags/example_trigger_controller_dag.py took 0.325 seconds
[2025-07-17T18:13:36.160+0000] {processor.py:161} INFO - Started process (PID=4265) to work on /mnt/c/Users/Shivam Gupta/OneDrive/Documents/Shivam_Developement/DATA_ENGINEERING/data_engineering_project/batch-etl-pyspark/.venv/lib/python3.12/site-packages/airflow/example_dags/example_trigger_controller_dag.py
[2025-07-17T18:13:36.163+0000] {processor.py:830} INFO - Processing file /mnt/c/Users/Shivam Gupta/OneDrive/Documents/Shivam_Developement/DATA_ENGINEERING/data_engineering_project/batch-etl-pyspark/.venv/lib/python3.12/site-packages/airflow/example_dags/example_trigger_controller_dag.py for tasks to queue
[2025-07-17T18:13:36.167+0000] {logging_mixin.py:188} INFO - [2025-07-17T18:13:36.165+0000] {dagbag.py:545} INFO - Filling up the DagBag from /mnt/c/Users/Shivam Gupta/OneDrive/Documents/Shivam_Developement/DATA_ENGINEERING/data_engineering_project/batch-etl-pyspark/.venv/lib/python3.12/site-packages/airflow/example_dags/example_trigger_controller_dag.py
[2025-07-17T18:13:36.203+0000] {processor.py:840} INFO - DAG(s) 'example_trigger_controller_dag' retrieved from /mnt/c/Users/Shivam Gupta/OneDrive/Documents/Shivam_Developement/DATA_ENGINEERING/data_engineering_project/batch-etl-pyspark/.venv/lib/python3.12/site-packages/airflow/example_dags/example_trigger_controller_dag.py
[2025-07-17T18:13:36.275+0000] {logging_mixin.py:188} INFO - [2025-07-17T18:13:36.273+0000] {dag.py:3096} INFO - Sync 1 DAGs
[2025-07-17T18:13:36.303+0000] {logging_mixin.py:188} INFO - [2025-07-17T18:13:36.302+0000] {dag.py:3954} INFO - Setting next_dagrun for example_trigger_controller_dag to 2021-01-01 00:00:00+00:00, run_after=2021-01-01 00:00:00+00:00
[2025-07-17T18:13:36.502+0000] {processor.py:183} INFO - Processing /mnt/c/Users/Shivam Gupta/OneDrive/Documents/Shivam_Developement/DATA_ENGINEERING/data_engineering_project/batch-etl-pyspark/.venv/lib/python3.12/site-packages/airflow/example_dags/example_trigger_controller_dag.py took 0.358 seconds
