[2025-07-17T17:13:14.855+0000] {processor.py:161} INFO - Started process (PID=1927) to work on /mnt/c/Users/Shivam Gupta/OneDrive/Documents/Shivam_Developement/DATA_ENGINEERING/data_engineering_project/batch-etl-pyspark/.venv/lib/python3.12/site-packages/airflow/example_dags/example_skip_dag.py
[2025-07-17T17:13:14.858+0000] {processor.py:830} INFO - Processing file /mnt/c/Users/Shivam Gupta/OneDrive/Documents/Shivam_Developement/DATA_ENGINEERING/data_engineering_project/batch-etl-pyspark/.venv/lib/python3.12/site-packages/airflow/example_dags/example_skip_dag.py for tasks to queue
[2025-07-17T17:13:14.861+0000] {logging_mixin.py:188} INFO - [2025-07-17T17:13:14.860+0000] {dagbag.py:545} INFO - Filling up the DagBag from /mnt/c/Users/Shivam Gupta/OneDrive/Documents/Shivam_Developement/DATA_ENGINEERING/data_engineering_project/batch-etl-pyspark/.venv/lib/python3.12/site-packages/airflow/example_dags/example_skip_dag.py
[2025-07-17T17:13:14.994+0000] {processor.py:840} INFO - DAG(s) 'example_skip_dag' retrieved from /mnt/c/Users/Shivam Gupta/OneDrive/Documents/Shivam_Developement/DATA_ENGINEERING/data_engineering_project/batch-etl-pyspark/.venv/lib/python3.12/site-packages/airflow/example_dags/example_skip_dag.py
[2025-07-17T17:13:23.049+0000] {logging_mixin.py:188} INFO - [2025-07-17T17:13:23.048+0000] {dag.py:3096} INFO - Sync 1 DAGs
[2025-07-17T17:13:23.571+0000] {logging_mixin.py:188} INFO - [2025-07-17T17:13:23.570+0000] {dag.py:3954} INFO - Setting next_dagrun for example_skip_dag to 2025-07-16 00:00:00+00:00, run_after=2025-07-17 00:00:00+00:00
[2025-07-17T17:13:23.868+0000] {processor.py:183} INFO - Processing /mnt/c/Users/Shivam Gupta/OneDrive/Documents/Shivam_Developement/DATA_ENGINEERING/data_engineering_project/batch-etl-pyspark/.venv/lib/python3.12/site-packages/airflow/example_dags/example_skip_dag.py took 9.130 seconds
[2025-07-17T17:18:49.723+0000] {processor.py:161} INFO - Started process (PID=2025) to work on /mnt/c/Users/Shivam Gupta/OneDrive/Documents/Shivam_Developement/DATA_ENGINEERING/data_engineering_project/batch-etl-pyspark/.venv/lib/python3.12/site-packages/airflow/example_dags/example_skip_dag.py
[2025-07-17T17:18:49.729+0000] {processor.py:830} INFO - Processing file /mnt/c/Users/Shivam Gupta/OneDrive/Documents/Shivam_Developement/DATA_ENGINEERING/data_engineering_project/batch-etl-pyspark/.venv/lib/python3.12/site-packages/airflow/example_dags/example_skip_dag.py for tasks to queue
[2025-07-17T17:18:49.738+0000] {logging_mixin.py:188} INFO - [2025-07-17T17:18:49.733+0000] {dagbag.py:545} INFO - Filling up the DagBag from /mnt/c/Users/Shivam Gupta/OneDrive/Documents/Shivam_Developement/DATA_ENGINEERING/data_engineering_project/batch-etl-pyspark/.venv/lib/python3.12/site-packages/airflow/example_dags/example_skip_dag.py
[2025-07-17T17:18:50.030+0000] {processor.py:840} INFO - DAG(s) 'example_skip_dag' retrieved from /mnt/c/Users/Shivam Gupta/OneDrive/Documents/Shivam_Developement/DATA_ENGINEERING/data_engineering_project/batch-etl-pyspark/.venv/lib/python3.12/site-packages/airflow/example_dags/example_skip_dag.py
[2025-07-17T17:18:50.576+0000] {logging_mixin.py:188} INFO - [2025-07-17T17:18:50.564+0000] {dag.py:3096} INFO - Sync 1 DAGs
[2025-07-17T17:18:50.782+0000] {logging_mixin.py:188} INFO - [2025-07-17T17:18:50.778+0000] {dag.py:3954} INFO - Setting next_dagrun for example_skip_dag to 2025-07-16 00:00:00+00:00, run_after=2025-07-17 00:00:00+00:00
[2025-07-17T17:18:51.003+0000] {processor.py:183} INFO - Processing /mnt/c/Users/Shivam Gupta/OneDrive/Documents/Shivam_Developement/DATA_ENGINEERING/data_engineering_project/batch-etl-pyspark/.venv/lib/python3.12/site-packages/airflow/example_dags/example_skip_dag.py took 1.308 seconds
[2025-07-17T17:21:16.637+0000] {processor.py:161} INFO - Started process (PID=2096) to work on /mnt/c/Users/Shivam Gupta/OneDrive/Documents/Shivam_Developement/DATA_ENGINEERING/data_engineering_project/batch-etl-pyspark/.venv/lib/python3.12/site-packages/airflow/example_dags/example_skip_dag.py
[2025-07-17T17:21:16.641+0000] {processor.py:830} INFO - Processing file /mnt/c/Users/Shivam Gupta/OneDrive/Documents/Shivam_Developement/DATA_ENGINEERING/data_engineering_project/batch-etl-pyspark/.venv/lib/python3.12/site-packages/airflow/example_dags/example_skip_dag.py for tasks to queue
[2025-07-17T17:21:16.645+0000] {logging_mixin.py:188} INFO - [2025-07-17T17:21:16.644+0000] {dagbag.py:545} INFO - Filling up the DagBag from /mnt/c/Users/Shivam Gupta/OneDrive/Documents/Shivam_Developement/DATA_ENGINEERING/data_engineering_project/batch-etl-pyspark/.venv/lib/python3.12/site-packages/airflow/example_dags/example_skip_dag.py
[2025-07-17T17:21:16.677+0000] {processor.py:840} INFO - DAG(s) 'example_skip_dag' retrieved from /mnt/c/Users/Shivam Gupta/OneDrive/Documents/Shivam_Developement/DATA_ENGINEERING/data_engineering_project/batch-etl-pyspark/.venv/lib/python3.12/site-packages/airflow/example_dags/example_skip_dag.py
[2025-07-17T17:21:16.721+0000] {logging_mixin.py:188} INFO - [2025-07-17T17:21:16.720+0000] {dag.py:3096} INFO - Sync 1 DAGs
[2025-07-17T17:21:16.762+0000] {logging_mixin.py:188} INFO - [2025-07-17T17:21:16.761+0000] {dag.py:3954} INFO - Setting next_dagrun for example_skip_dag to 2025-07-16 00:00:00+00:00, run_after=2025-07-17 00:00:00+00:00
[2025-07-17T17:21:16.888+0000] {processor.py:183} INFO - Processing /mnt/c/Users/Shivam Gupta/OneDrive/Documents/Shivam_Developement/DATA_ENGINEERING/data_engineering_project/batch-etl-pyspark/.venv/lib/python3.12/site-packages/airflow/example_dags/example_skip_dag.py took 0.264 seconds
[2025-07-17T17:23:05.768+0000] {processor.py:161} INFO - Started process (PID=2178) to work on /mnt/c/Users/Shivam Gupta/OneDrive/Documents/Shivam_Developement/DATA_ENGINEERING/data_engineering_project/batch-etl-pyspark/.venv/lib/python3.12/site-packages/airflow/example_dags/example_skip_dag.py
[2025-07-17T17:23:05.772+0000] {processor.py:830} INFO - Processing file /mnt/c/Users/Shivam Gupta/OneDrive/Documents/Shivam_Developement/DATA_ENGINEERING/data_engineering_project/batch-etl-pyspark/.venv/lib/python3.12/site-packages/airflow/example_dags/example_skip_dag.py for tasks to queue
[2025-07-17T17:23:05.782+0000] {logging_mixin.py:188} INFO - [2025-07-17T17:23:05.778+0000] {dagbag.py:545} INFO - Filling up the DagBag from /mnt/c/Users/Shivam Gupta/OneDrive/Documents/Shivam_Developement/DATA_ENGINEERING/data_engineering_project/batch-etl-pyspark/.venv/lib/python3.12/site-packages/airflow/example_dags/example_skip_dag.py
[2025-07-17T17:23:05.841+0000] {processor.py:840} INFO - DAG(s) 'example_skip_dag' retrieved from /mnt/c/Users/Shivam Gupta/OneDrive/Documents/Shivam_Developement/DATA_ENGINEERING/data_engineering_project/batch-etl-pyspark/.venv/lib/python3.12/site-packages/airflow/example_dags/example_skip_dag.py
[2025-07-17T17:23:05.889+0000] {logging_mixin.py:188} INFO - [2025-07-17T17:23:05.885+0000] {dag.py:3096} INFO - Sync 1 DAGs
[2025-07-17T17:23:05.926+0000] {logging_mixin.py:188} INFO - [2025-07-17T17:23:05.925+0000] {dag.py:3954} INFO - Setting next_dagrun for example_skip_dag to 2025-07-16 00:00:00+00:00, run_after=2025-07-17 00:00:00+00:00
[2025-07-17T17:23:06.149+0000] {processor.py:183} INFO - Processing /mnt/c/Users/Shivam Gupta/OneDrive/Documents/Shivam_Developement/DATA_ENGINEERING/data_engineering_project/batch-etl-pyspark/.venv/lib/python3.12/site-packages/airflow/example_dags/example_skip_dag.py took 0.409 seconds
[2025-07-17T17:25:01.358+0000] {processor.py:161} INFO - Started process (PID=2241) to work on /mnt/c/Users/Shivam Gupta/OneDrive/Documents/Shivam_Developement/DATA_ENGINEERING/data_engineering_project/batch-etl-pyspark/.venv/lib/python3.12/site-packages/airflow/example_dags/example_skip_dag.py
[2025-07-17T17:25:01.362+0000] {processor.py:830} INFO - Processing file /mnt/c/Users/Shivam Gupta/OneDrive/Documents/Shivam_Developement/DATA_ENGINEERING/data_engineering_project/batch-etl-pyspark/.venv/lib/python3.12/site-packages/airflow/example_dags/example_skip_dag.py for tasks to queue
[2025-07-17T17:25:01.365+0000] {logging_mixin.py:188} INFO - [2025-07-17T17:25:01.364+0000] {dagbag.py:545} INFO - Filling up the DagBag from /mnt/c/Users/Shivam Gupta/OneDrive/Documents/Shivam_Developement/DATA_ENGINEERING/data_engineering_project/batch-etl-pyspark/.venv/lib/python3.12/site-packages/airflow/example_dags/example_skip_dag.py
[2025-07-17T17:25:01.390+0000] {processor.py:840} INFO - DAG(s) 'example_skip_dag' retrieved from /mnt/c/Users/Shivam Gupta/OneDrive/Documents/Shivam_Developement/DATA_ENGINEERING/data_engineering_project/batch-etl-pyspark/.venv/lib/python3.12/site-packages/airflow/example_dags/example_skip_dag.py
[2025-07-17T17:25:01.424+0000] {logging_mixin.py:188} INFO - [2025-07-17T17:25:01.423+0000] {dag.py:3096} INFO - Sync 1 DAGs
[2025-07-17T17:25:01.460+0000] {logging_mixin.py:188} INFO - [2025-07-17T17:25:01.458+0000] {dag.py:3954} INFO - Setting next_dagrun for example_skip_dag to 2025-07-16 00:00:00+00:00, run_after=2025-07-17 00:00:00+00:00
[2025-07-17T17:25:01.554+0000] {processor.py:183} INFO - Processing /mnt/c/Users/Shivam Gupta/OneDrive/Documents/Shivam_Developement/DATA_ENGINEERING/data_engineering_project/batch-etl-pyspark/.venv/lib/python3.12/site-packages/airflow/example_dags/example_skip_dag.py took 0.208 seconds
[2025-07-17T17:27:07.299+0000] {processor.py:161} INFO - Started process (PID=2315) to work on /mnt/c/Users/Shivam Gupta/OneDrive/Documents/Shivam_Developement/DATA_ENGINEERING/data_engineering_project/batch-etl-pyspark/.venv/lib/python3.12/site-packages/airflow/example_dags/example_skip_dag.py
[2025-07-17T17:27:07.302+0000] {processor.py:830} INFO - Processing file /mnt/c/Users/Shivam Gupta/OneDrive/Documents/Shivam_Developement/DATA_ENGINEERING/data_engineering_project/batch-etl-pyspark/.venv/lib/python3.12/site-packages/airflow/example_dags/example_skip_dag.py for tasks to queue
[2025-07-17T17:27:07.377+0000] {logging_mixin.py:188} INFO - [2025-07-17T17:27:07.315+0000] {dagbag.py:545} INFO - Filling up the DagBag from /mnt/c/Users/Shivam Gupta/OneDrive/Documents/Shivam_Developement/DATA_ENGINEERING/data_engineering_project/batch-etl-pyspark/.venv/lib/python3.12/site-packages/airflow/example_dags/example_skip_dag.py
[2025-07-17T17:27:07.605+0000] {processor.py:840} INFO - DAG(s) 'example_skip_dag' retrieved from /mnt/c/Users/Shivam Gupta/OneDrive/Documents/Shivam_Developement/DATA_ENGINEERING/data_engineering_project/batch-etl-pyspark/.venv/lib/python3.12/site-packages/airflow/example_dags/example_skip_dag.py
[2025-07-17T17:27:07.977+0000] {logging_mixin.py:188} INFO - [2025-07-17T17:27:07.954+0000] {dag.py:3096} INFO - Sync 1 DAGs
[2025-07-17T17:27:08.219+0000] {logging_mixin.py:188} INFO - [2025-07-17T17:27:08.218+0000] {dag.py:3954} INFO - Setting next_dagrun for example_skip_dag to 2025-07-16 00:00:00+00:00, run_after=2025-07-17 00:00:00+00:00
[2025-07-17T17:27:09.163+0000] {processor.py:183} INFO - Processing /mnt/c/Users/Shivam Gupta/OneDrive/Documents/Shivam_Developement/DATA_ENGINEERING/data_engineering_project/batch-etl-pyspark/.venv/lib/python3.12/site-packages/airflow/example_dags/example_skip_dag.py took 1.880 seconds
[2025-07-17T17:32:57.092+0000] {processor.py:161} INFO - Started process (PID=2480) to work on /mnt/c/Users/Shivam Gupta/OneDrive/Documents/Shivam_Developement/DATA_ENGINEERING/data_engineering_project/batch-etl-pyspark/.venv/lib/python3.12/site-packages/airflow/example_dags/example_skip_dag.py
[2025-07-17T17:32:57.097+0000] {processor.py:830} INFO - Processing file /mnt/c/Users/Shivam Gupta/OneDrive/Documents/Shivam_Developement/DATA_ENGINEERING/data_engineering_project/batch-etl-pyspark/.venv/lib/python3.12/site-packages/airflow/example_dags/example_skip_dag.py for tasks to queue
[2025-07-17T17:32:57.104+0000] {logging_mixin.py:188} INFO - [2025-07-17T17:32:57.101+0000] {dagbag.py:545} INFO - Filling up the DagBag from /mnt/c/Users/Shivam Gupta/OneDrive/Documents/Shivam_Developement/DATA_ENGINEERING/data_engineering_project/batch-etl-pyspark/.venv/lib/python3.12/site-packages/airflow/example_dags/example_skip_dag.py
[2025-07-17T17:32:57.167+0000] {processor.py:840} INFO - DAG(s) 'example_skip_dag' retrieved from /mnt/c/Users/Shivam Gupta/OneDrive/Documents/Shivam_Developement/DATA_ENGINEERING/data_engineering_project/batch-etl-pyspark/.venv/lib/python3.12/site-packages/airflow/example_dags/example_skip_dag.py
[2025-07-17T17:32:57.254+0000] {logging_mixin.py:188} INFO - [2025-07-17T17:32:57.253+0000] {dag.py:3096} INFO - Sync 1 DAGs
[2025-07-17T17:32:57.420+0000] {logging_mixin.py:188} INFO - [2025-07-17T17:32:57.418+0000] {dag.py:3954} INFO - Setting next_dagrun for example_skip_dag to 2025-07-16 00:00:00+00:00, run_after=2025-07-17 00:00:00+00:00
[2025-07-17T17:32:57.500+0000] {processor.py:183} INFO - Processing /mnt/c/Users/Shivam Gupta/OneDrive/Documents/Shivam_Developement/DATA_ENGINEERING/data_engineering_project/batch-etl-pyspark/.venv/lib/python3.12/site-packages/airflow/example_dags/example_skip_dag.py took 0.435 seconds
[2025-07-17T17:35:03.666+0000] {processor.py:161} INFO - Started process (PID=2554) to work on /mnt/c/Users/Shivam Gupta/OneDrive/Documents/Shivam_Developement/DATA_ENGINEERING/data_engineering_project/batch-etl-pyspark/.venv/lib/python3.12/site-packages/airflow/example_dags/example_skip_dag.py
[2025-07-17T17:35:03.704+0000] {processor.py:830} INFO - Processing file /mnt/c/Users/Shivam Gupta/OneDrive/Documents/Shivam_Developement/DATA_ENGINEERING/data_engineering_project/batch-etl-pyspark/.venv/lib/python3.12/site-packages/airflow/example_dags/example_skip_dag.py for tasks to queue
[2025-07-17T17:35:03.749+0000] {logging_mixin.py:188} INFO - [2025-07-17T17:35:03.743+0000] {dagbag.py:545} INFO - Filling up the DagBag from /mnt/c/Users/Shivam Gupta/OneDrive/Documents/Shivam_Developement/DATA_ENGINEERING/data_engineering_project/batch-etl-pyspark/.venv/lib/python3.12/site-packages/airflow/example_dags/example_skip_dag.py
[2025-07-17T17:35:03.864+0000] {processor.py:840} INFO - DAG(s) 'example_skip_dag' retrieved from /mnt/c/Users/Shivam Gupta/OneDrive/Documents/Shivam_Developement/DATA_ENGINEERING/data_engineering_project/batch-etl-pyspark/.venv/lib/python3.12/site-packages/airflow/example_dags/example_skip_dag.py
[2025-07-17T17:35:03.943+0000] {logging_mixin.py:188} INFO - [2025-07-17T17:35:03.940+0000] {dag.py:3096} INFO - Sync 1 DAGs
[2025-07-17T17:35:04.007+0000] {logging_mixin.py:188} INFO - [2025-07-17T17:35:04.004+0000] {dag.py:3954} INFO - Setting next_dagrun for example_skip_dag to 2025-07-16 00:00:00+00:00, run_after=2025-07-17 00:00:00+00:00
[2025-07-17T17:35:04.216+0000] {processor.py:183} INFO - Processing /mnt/c/Users/Shivam Gupta/OneDrive/Documents/Shivam_Developement/DATA_ENGINEERING/data_engineering_project/batch-etl-pyspark/.venv/lib/python3.12/site-packages/airflow/example_dags/example_skip_dag.py took 0.615 seconds
[2025-07-17T17:37:00.160+0000] {processor.py:161} INFO - Started process (PID=2624) to work on /mnt/c/Users/Shivam Gupta/OneDrive/Documents/Shivam_Developement/DATA_ENGINEERING/data_engineering_project/batch-etl-pyspark/.venv/lib/python3.12/site-packages/airflow/example_dags/example_skip_dag.py
[2025-07-17T17:37:00.164+0000] {processor.py:830} INFO - Processing file /mnt/c/Users/Shivam Gupta/OneDrive/Documents/Shivam_Developement/DATA_ENGINEERING/data_engineering_project/batch-etl-pyspark/.venv/lib/python3.12/site-packages/airflow/example_dags/example_skip_dag.py for tasks to queue
[2025-07-17T17:37:00.171+0000] {logging_mixin.py:188} INFO - [2025-07-17T17:37:00.168+0000] {dagbag.py:545} INFO - Filling up the DagBag from /mnt/c/Users/Shivam Gupta/OneDrive/Documents/Shivam_Developement/DATA_ENGINEERING/data_engineering_project/batch-etl-pyspark/.venv/lib/python3.12/site-packages/airflow/example_dags/example_skip_dag.py
[2025-07-17T17:37:00.216+0000] {processor.py:840} INFO - DAG(s) 'example_skip_dag' retrieved from /mnt/c/Users/Shivam Gupta/OneDrive/Documents/Shivam_Developement/DATA_ENGINEERING/data_engineering_project/batch-etl-pyspark/.venv/lib/python3.12/site-packages/airflow/example_dags/example_skip_dag.py
[2025-07-17T17:37:00.279+0000] {logging_mixin.py:188} INFO - [2025-07-17T17:37:00.276+0000] {dag.py:3096} INFO - Sync 1 DAGs
[2025-07-17T17:37:00.337+0000] {logging_mixin.py:188} INFO - [2025-07-17T17:37:00.334+0000] {dag.py:3954} INFO - Setting next_dagrun for example_skip_dag to 2025-07-16 00:00:00+00:00, run_after=2025-07-17 00:00:00+00:00
[2025-07-17T17:37:00.460+0000] {processor.py:183} INFO - Processing /mnt/c/Users/Shivam Gupta/OneDrive/Documents/Shivam_Developement/DATA_ENGINEERING/data_engineering_project/batch-etl-pyspark/.venv/lib/python3.12/site-packages/airflow/example_dags/example_skip_dag.py took 0.329 seconds
[2025-07-17T17:38:52.763+0000] {processor.py:161} INFO - Started process (PID=2687) to work on /mnt/c/Users/Shivam Gupta/OneDrive/Documents/Shivam_Developement/DATA_ENGINEERING/data_engineering_project/batch-etl-pyspark/.venv/lib/python3.12/site-packages/airflow/example_dags/example_skip_dag.py
[2025-07-17T17:38:52.766+0000] {processor.py:830} INFO - Processing file /mnt/c/Users/Shivam Gupta/OneDrive/Documents/Shivam_Developement/DATA_ENGINEERING/data_engineering_project/batch-etl-pyspark/.venv/lib/python3.12/site-packages/airflow/example_dags/example_skip_dag.py for tasks to queue
[2025-07-17T17:38:52.771+0000] {logging_mixin.py:188} INFO - [2025-07-17T17:38:52.769+0000] {dagbag.py:545} INFO - Filling up the DagBag from /mnt/c/Users/Shivam Gupta/OneDrive/Documents/Shivam_Developement/DATA_ENGINEERING/data_engineering_project/batch-etl-pyspark/.venv/lib/python3.12/site-packages/airflow/example_dags/example_skip_dag.py
[2025-07-17T17:38:52.824+0000] {processor.py:840} INFO - DAG(s) 'example_skip_dag' retrieved from /mnt/c/Users/Shivam Gupta/OneDrive/Documents/Shivam_Developement/DATA_ENGINEERING/data_engineering_project/batch-etl-pyspark/.venv/lib/python3.12/site-packages/airflow/example_dags/example_skip_dag.py
[2025-07-17T17:38:52.882+0000] {logging_mixin.py:188} INFO - [2025-07-17T17:38:52.880+0000] {dag.py:3096} INFO - Sync 1 DAGs
[2025-07-17T17:38:52.954+0000] {logging_mixin.py:188} INFO - [2025-07-17T17:38:52.951+0000] {dag.py:3954} INFO - Setting next_dagrun for example_skip_dag to 2025-07-16 00:00:00+00:00, run_after=2025-07-17 00:00:00+00:00
[2025-07-17T17:38:53.147+0000] {processor.py:183} INFO - Processing /mnt/c/Users/Shivam Gupta/OneDrive/Documents/Shivam_Developement/DATA_ENGINEERING/data_engineering_project/batch-etl-pyspark/.venv/lib/python3.12/site-packages/airflow/example_dags/example_skip_dag.py took 0.414 seconds
[2025-07-17T17:40:33.499+0000] {processor.py:161} INFO - Started process (PID=2750) to work on /mnt/c/Users/Shivam Gupta/OneDrive/Documents/Shivam_Developement/DATA_ENGINEERING/data_engineering_project/batch-etl-pyspark/.venv/lib/python3.12/site-packages/airflow/example_dags/example_skip_dag.py
[2025-07-17T17:40:33.508+0000] {processor.py:830} INFO - Processing file /mnt/c/Users/Shivam Gupta/OneDrive/Documents/Shivam_Developement/DATA_ENGINEERING/data_engineering_project/batch-etl-pyspark/.venv/lib/python3.12/site-packages/airflow/example_dags/example_skip_dag.py for tasks to queue
[2025-07-17T17:40:33.516+0000] {logging_mixin.py:188} INFO - [2025-07-17T17:40:33.513+0000] {dagbag.py:545} INFO - Filling up the DagBag from /mnt/c/Users/Shivam Gupta/OneDrive/Documents/Shivam_Developement/DATA_ENGINEERING/data_engineering_project/batch-etl-pyspark/.venv/lib/python3.12/site-packages/airflow/example_dags/example_skip_dag.py
[2025-07-17T17:40:33.588+0000] {processor.py:840} INFO - DAG(s) 'example_skip_dag' retrieved from /mnt/c/Users/Shivam Gupta/OneDrive/Documents/Shivam_Developement/DATA_ENGINEERING/data_engineering_project/batch-etl-pyspark/.venv/lib/python3.12/site-packages/airflow/example_dags/example_skip_dag.py
[2025-07-17T17:40:33.655+0000] {logging_mixin.py:188} INFO - [2025-07-17T17:40:33.653+0000] {dag.py:3096} INFO - Sync 1 DAGs
[2025-07-17T17:40:33.709+0000] {logging_mixin.py:188} INFO - [2025-07-17T17:40:33.707+0000] {dag.py:3954} INFO - Setting next_dagrun for example_skip_dag to 2025-07-16 00:00:00+00:00, run_after=2025-07-17 00:00:00+00:00
[2025-07-17T17:40:33.796+0000] {processor.py:183} INFO - Processing /mnt/c/Users/Shivam Gupta/OneDrive/Documents/Shivam_Developement/DATA_ENGINEERING/data_engineering_project/batch-etl-pyspark/.venv/lib/python3.12/site-packages/airflow/example_dags/example_skip_dag.py took 0.334 seconds
[2025-07-17T17:42:18.302+0000] {processor.py:161} INFO - Started process (PID=2808) to work on /mnt/c/Users/Shivam Gupta/OneDrive/Documents/Shivam_Developement/DATA_ENGINEERING/data_engineering_project/batch-etl-pyspark/.venv/lib/python3.12/site-packages/airflow/example_dags/example_skip_dag.py
[2025-07-17T17:42:18.304+0000] {processor.py:830} INFO - Processing file /mnt/c/Users/Shivam Gupta/OneDrive/Documents/Shivam_Developement/DATA_ENGINEERING/data_engineering_project/batch-etl-pyspark/.venv/lib/python3.12/site-packages/airflow/example_dags/example_skip_dag.py for tasks to queue
[2025-07-17T17:42:18.307+0000] {logging_mixin.py:188} INFO - [2025-07-17T17:42:18.306+0000] {dagbag.py:545} INFO - Filling up the DagBag from /mnt/c/Users/Shivam Gupta/OneDrive/Documents/Shivam_Developement/DATA_ENGINEERING/data_engineering_project/batch-etl-pyspark/.venv/lib/python3.12/site-packages/airflow/example_dags/example_skip_dag.py
[2025-07-17T17:42:18.540+0000] {processor.py:840} INFO - DAG(s) 'example_skip_dag' retrieved from /mnt/c/Users/Shivam Gupta/OneDrive/Documents/Shivam_Developement/DATA_ENGINEERING/data_engineering_project/batch-etl-pyspark/.venv/lib/python3.12/site-packages/airflow/example_dags/example_skip_dag.py
[2025-07-17T17:42:18.756+0000] {logging_mixin.py:188} INFO - [2025-07-17T17:42:18.749+0000] {dag.py:3096} INFO - Sync 1 DAGs
[2025-07-17T17:42:18.790+0000] {logging_mixin.py:188} INFO - [2025-07-17T17:42:18.787+0000] {dag.py:3954} INFO - Setting next_dagrun for example_skip_dag to 2025-07-16 00:00:00+00:00, run_after=2025-07-17 00:00:00+00:00
[2025-07-17T17:42:19.042+0000] {processor.py:183} INFO - Processing /mnt/c/Users/Shivam Gupta/OneDrive/Documents/Shivam_Developement/DATA_ENGINEERING/data_engineering_project/batch-etl-pyspark/.venv/lib/python3.12/site-packages/airflow/example_dags/example_skip_dag.py took 0.754 seconds
[2025-07-17T17:43:59.726+0000] {processor.py:161} INFO - Started process (PID=2867) to work on /mnt/c/Users/Shivam Gupta/OneDrive/Documents/Shivam_Developement/DATA_ENGINEERING/data_engineering_project/batch-etl-pyspark/.venv/lib/python3.12/site-packages/airflow/example_dags/example_skip_dag.py
[2025-07-17T17:43:59.729+0000] {processor.py:830} INFO - Processing file /mnt/c/Users/Shivam Gupta/OneDrive/Documents/Shivam_Developement/DATA_ENGINEERING/data_engineering_project/batch-etl-pyspark/.venv/lib/python3.12/site-packages/airflow/example_dags/example_skip_dag.py for tasks to queue
[2025-07-17T17:43:59.733+0000] {logging_mixin.py:188} INFO - [2025-07-17T17:43:59.731+0000] {dagbag.py:545} INFO - Filling up the DagBag from /mnt/c/Users/Shivam Gupta/OneDrive/Documents/Shivam_Developement/DATA_ENGINEERING/data_engineering_project/batch-etl-pyspark/.venv/lib/python3.12/site-packages/airflow/example_dags/example_skip_dag.py
[2025-07-17T17:43:59.769+0000] {processor.py:840} INFO - DAG(s) 'example_skip_dag' retrieved from /mnt/c/Users/Shivam Gupta/OneDrive/Documents/Shivam_Developement/DATA_ENGINEERING/data_engineering_project/batch-etl-pyspark/.venv/lib/python3.12/site-packages/airflow/example_dags/example_skip_dag.py
[2025-07-17T17:43:59.812+0000] {logging_mixin.py:188} INFO - [2025-07-17T17:43:59.811+0000] {dag.py:3096} INFO - Sync 1 DAGs
[2025-07-17T17:43:59.851+0000] {logging_mixin.py:188} INFO - [2025-07-17T17:43:59.849+0000] {dag.py:3954} INFO - Setting next_dagrun for example_skip_dag to 2025-07-16 00:00:00+00:00, run_after=2025-07-17 00:00:00+00:00
[2025-07-17T17:43:59.950+0000] {processor.py:183} INFO - Processing /mnt/c/Users/Shivam Gupta/OneDrive/Documents/Shivam_Developement/DATA_ENGINEERING/data_engineering_project/batch-etl-pyspark/.venv/lib/python3.12/site-packages/airflow/example_dags/example_skip_dag.py took 0.242 seconds
[2025-07-17T17:45:52.963+0000] {processor.py:161} INFO - Started process (PID=2921) to work on /mnt/c/Users/Shivam Gupta/OneDrive/Documents/Shivam_Developement/DATA_ENGINEERING/data_engineering_project/batch-etl-pyspark/.venv/lib/python3.12/site-packages/airflow/example_dags/example_skip_dag.py
[2025-07-17T17:45:52.966+0000] {processor.py:830} INFO - Processing file /mnt/c/Users/Shivam Gupta/OneDrive/Documents/Shivam_Developement/DATA_ENGINEERING/data_engineering_project/batch-etl-pyspark/.venv/lib/python3.12/site-packages/airflow/example_dags/example_skip_dag.py for tasks to queue
[2025-07-17T17:45:52.970+0000] {logging_mixin.py:188} INFO - [2025-07-17T17:45:52.969+0000] {dagbag.py:545} INFO - Filling up the DagBag from /mnt/c/Users/Shivam Gupta/OneDrive/Documents/Shivam_Developement/DATA_ENGINEERING/data_engineering_project/batch-etl-pyspark/.venv/lib/python3.12/site-packages/airflow/example_dags/example_skip_dag.py
[2025-07-17T17:45:53.101+0000] {processor.py:840} INFO - DAG(s) 'example_skip_dag' retrieved from /mnt/c/Users/Shivam Gupta/OneDrive/Documents/Shivam_Developement/DATA_ENGINEERING/data_engineering_project/batch-etl-pyspark/.venv/lib/python3.12/site-packages/airflow/example_dags/example_skip_dag.py
[2025-07-17T17:45:53.312+0000] {logging_mixin.py:188} INFO - [2025-07-17T17:45:53.311+0000] {dag.py:3096} INFO - Sync 1 DAGs
[2025-07-17T17:45:53.581+0000] {logging_mixin.py:188} INFO - [2025-07-17T17:45:53.568+0000] {dag.py:3954} INFO - Setting next_dagrun for example_skip_dag to 2025-07-16 00:00:00+00:00, run_after=2025-07-17 00:00:00+00:00
[2025-07-17T17:45:54.141+0000] {processor.py:183} INFO - Processing /mnt/c/Users/Shivam Gupta/OneDrive/Documents/Shivam_Developement/DATA_ENGINEERING/data_engineering_project/batch-etl-pyspark/.venv/lib/python3.12/site-packages/airflow/example_dags/example_skip_dag.py took 1.198 seconds
[2025-07-17T17:47:25.807+0000] {processor.py:161} INFO - Started process (PID=2982) to work on /mnt/c/Users/Shivam Gupta/OneDrive/Documents/Shivam_Developement/DATA_ENGINEERING/data_engineering_project/batch-etl-pyspark/.venv/lib/python3.12/site-packages/airflow/example_dags/example_skip_dag.py
[2025-07-17T17:47:25.809+0000] {processor.py:830} INFO - Processing file /mnt/c/Users/Shivam Gupta/OneDrive/Documents/Shivam_Developement/DATA_ENGINEERING/data_engineering_project/batch-etl-pyspark/.venv/lib/python3.12/site-packages/airflow/example_dags/example_skip_dag.py for tasks to queue
[2025-07-17T17:47:25.813+0000] {logging_mixin.py:188} INFO - [2025-07-17T17:47:25.811+0000] {dagbag.py:545} INFO - Filling up the DagBag from /mnt/c/Users/Shivam Gupta/OneDrive/Documents/Shivam_Developement/DATA_ENGINEERING/data_engineering_project/batch-etl-pyspark/.venv/lib/python3.12/site-packages/airflow/example_dags/example_skip_dag.py
[2025-07-17T17:47:25.847+0000] {processor.py:840} INFO - DAG(s) 'example_skip_dag' retrieved from /mnt/c/Users/Shivam Gupta/OneDrive/Documents/Shivam_Developement/DATA_ENGINEERING/data_engineering_project/batch-etl-pyspark/.venv/lib/python3.12/site-packages/airflow/example_dags/example_skip_dag.py
[2025-07-17T17:47:25.884+0000] {logging_mixin.py:188} INFO - [2025-07-17T17:47:25.883+0000] {dag.py:3096} INFO - Sync 1 DAGs
[2025-07-17T17:47:25.909+0000] {logging_mixin.py:188} INFO - [2025-07-17T17:47:25.908+0000] {dag.py:3954} INFO - Setting next_dagrun for example_skip_dag to 2025-07-16 00:00:00+00:00, run_after=2025-07-17 00:00:00+00:00
[2025-07-17T17:47:26.000+0000] {processor.py:183} INFO - Processing /mnt/c/Users/Shivam Gupta/OneDrive/Documents/Shivam_Developement/DATA_ENGINEERING/data_engineering_project/batch-etl-pyspark/.venv/lib/python3.12/site-packages/airflow/example_dags/example_skip_dag.py took 0.215 seconds
[2025-07-17T17:48:38.829+0000] {processor.py:161} INFO - Started process (PID=3039) to work on /mnt/c/Users/Shivam Gupta/OneDrive/Documents/Shivam_Developement/DATA_ENGINEERING/data_engineering_project/batch-etl-pyspark/.venv/lib/python3.12/site-packages/airflow/example_dags/example_skip_dag.py
[2025-07-17T17:48:38.832+0000] {processor.py:830} INFO - Processing file /mnt/c/Users/Shivam Gupta/OneDrive/Documents/Shivam_Developement/DATA_ENGINEERING/data_engineering_project/batch-etl-pyspark/.venv/lib/python3.12/site-packages/airflow/example_dags/example_skip_dag.py for tasks to queue
[2025-07-17T17:48:38.837+0000] {logging_mixin.py:188} INFO - [2025-07-17T17:48:38.835+0000] {dagbag.py:545} INFO - Filling up the DagBag from /mnt/c/Users/Shivam Gupta/OneDrive/Documents/Shivam_Developement/DATA_ENGINEERING/data_engineering_project/batch-etl-pyspark/.venv/lib/python3.12/site-packages/airflow/example_dags/example_skip_dag.py
[2025-07-17T17:48:38.884+0000] {processor.py:840} INFO - DAG(s) 'example_skip_dag' retrieved from /mnt/c/Users/Shivam Gupta/OneDrive/Documents/Shivam_Developement/DATA_ENGINEERING/data_engineering_project/batch-etl-pyspark/.venv/lib/python3.12/site-packages/airflow/example_dags/example_skip_dag.py
[2025-07-17T17:48:38.936+0000] {logging_mixin.py:188} INFO - [2025-07-17T17:48:38.934+0000] {dag.py:3096} INFO - Sync 1 DAGs
[2025-07-17T17:48:39.001+0000] {logging_mixin.py:188} INFO - [2025-07-17T17:48:38.999+0000] {dag.py:3954} INFO - Setting next_dagrun for example_skip_dag to 2025-07-16 00:00:00+00:00, run_after=2025-07-17 00:00:00+00:00
[2025-07-17T17:48:39.115+0000] {processor.py:183} INFO - Processing /mnt/c/Users/Shivam Gupta/OneDrive/Documents/Shivam_Developement/DATA_ENGINEERING/data_engineering_project/batch-etl-pyspark/.venv/lib/python3.12/site-packages/airflow/example_dags/example_skip_dag.py took 0.304 seconds
[2025-07-17T17:50:35.083+0000] {processor.py:161} INFO - Started process (PID=3140) to work on /mnt/c/Users/Shivam Gupta/OneDrive/Documents/Shivam_Developement/DATA_ENGINEERING/data_engineering_project/batch-etl-pyspark/.venv/lib/python3.12/site-packages/airflow/example_dags/example_skip_dag.py
[2025-07-17T17:50:35.089+0000] {processor.py:830} INFO - Processing file /mnt/c/Users/Shivam Gupta/OneDrive/Documents/Shivam_Developement/DATA_ENGINEERING/data_engineering_project/batch-etl-pyspark/.venv/lib/python3.12/site-packages/airflow/example_dags/example_skip_dag.py for tasks to queue
[2025-07-17T17:50:35.099+0000] {logging_mixin.py:188} INFO - [2025-07-17T17:50:35.093+0000] {dagbag.py:545} INFO - Filling up the DagBag from /mnt/c/Users/Shivam Gupta/OneDrive/Documents/Shivam_Developement/DATA_ENGINEERING/data_engineering_project/batch-etl-pyspark/.venv/lib/python3.12/site-packages/airflow/example_dags/example_skip_dag.py
[2025-07-17T17:50:35.179+0000] {processor.py:840} INFO - DAG(s) 'example_skip_dag' retrieved from /mnt/c/Users/Shivam Gupta/OneDrive/Documents/Shivam_Developement/DATA_ENGINEERING/data_engineering_project/batch-etl-pyspark/.venv/lib/python3.12/site-packages/airflow/example_dags/example_skip_dag.py
[2025-07-17T17:50:35.211+0000] {logging_mixin.py:188} INFO - [2025-07-17T17:50:35.210+0000] {dag.py:3096} INFO - Sync 1 DAGs
[2025-07-17T17:50:35.242+0000] {logging_mixin.py:188} INFO - [2025-07-17T17:50:35.241+0000] {dag.py:3954} INFO - Setting next_dagrun for example_skip_dag to 2025-07-16 00:00:00+00:00, run_after=2025-07-17 00:00:00+00:00
[2025-07-17T17:50:35.333+0000] {processor.py:183} INFO - Processing /mnt/c/Users/Shivam Gupta/OneDrive/Documents/Shivam_Developement/DATA_ENGINEERING/data_engineering_project/batch-etl-pyspark/.venv/lib/python3.12/site-packages/airflow/example_dags/example_skip_dag.py took 0.282 seconds
[2025-07-17T17:52:45.322+0000] {processor.py:161} INFO - Started process (PID=3242) to work on /mnt/c/Users/Shivam Gupta/OneDrive/Documents/Shivam_Developement/DATA_ENGINEERING/data_engineering_project/batch-etl-pyspark/.venv/lib/python3.12/site-packages/airflow/example_dags/example_skip_dag.py
[2025-07-17T17:52:45.325+0000] {processor.py:830} INFO - Processing file /mnt/c/Users/Shivam Gupta/OneDrive/Documents/Shivam_Developement/DATA_ENGINEERING/data_engineering_project/batch-etl-pyspark/.venv/lib/python3.12/site-packages/airflow/example_dags/example_skip_dag.py for tasks to queue
[2025-07-17T17:52:45.331+0000] {logging_mixin.py:188} INFO - [2025-07-17T17:52:45.329+0000] {dagbag.py:545} INFO - Filling up the DagBag from /mnt/c/Users/Shivam Gupta/OneDrive/Documents/Shivam_Developement/DATA_ENGINEERING/data_engineering_project/batch-etl-pyspark/.venv/lib/python3.12/site-packages/airflow/example_dags/example_skip_dag.py
[2025-07-17T17:52:45.384+0000] {processor.py:840} INFO - DAG(s) 'example_skip_dag' retrieved from /mnt/c/Users/Shivam Gupta/OneDrive/Documents/Shivam_Developement/DATA_ENGINEERING/data_engineering_project/batch-etl-pyspark/.venv/lib/python3.12/site-packages/airflow/example_dags/example_skip_dag.py
[2025-07-17T17:52:45.438+0000] {logging_mixin.py:188} INFO - [2025-07-17T17:52:45.436+0000] {dag.py:3096} INFO - Sync 1 DAGs
[2025-07-17T17:52:45.482+0000] {logging_mixin.py:188} INFO - [2025-07-17T17:52:45.480+0000] {dag.py:3954} INFO - Setting next_dagrun for example_skip_dag to 2025-07-16 00:00:00+00:00, run_after=2025-07-17 00:00:00+00:00
[2025-07-17T17:52:45.607+0000] {processor.py:183} INFO - Processing /mnt/c/Users/Shivam Gupta/OneDrive/Documents/Shivam_Developement/DATA_ENGINEERING/data_engineering_project/batch-etl-pyspark/.venv/lib/python3.12/site-packages/airflow/example_dags/example_skip_dag.py took 0.307 seconds
[2025-07-17T17:54:48.989+0000] {processor.py:161} INFO - Started process (PID=3345) to work on /mnt/c/Users/Shivam Gupta/OneDrive/Documents/Shivam_Developement/DATA_ENGINEERING/data_engineering_project/batch-etl-pyspark/.venv/lib/python3.12/site-packages/airflow/example_dags/example_skip_dag.py
[2025-07-17T17:54:48.992+0000] {processor.py:830} INFO - Processing file /mnt/c/Users/Shivam Gupta/OneDrive/Documents/Shivam_Developement/DATA_ENGINEERING/data_engineering_project/batch-etl-pyspark/.venv/lib/python3.12/site-packages/airflow/example_dags/example_skip_dag.py for tasks to queue
[2025-07-17T17:54:48.998+0000] {logging_mixin.py:188} INFO - [2025-07-17T17:54:48.996+0000] {dagbag.py:545} INFO - Filling up the DagBag from /mnt/c/Users/Shivam Gupta/OneDrive/Documents/Shivam_Developement/DATA_ENGINEERING/data_engineering_project/batch-etl-pyspark/.venv/lib/python3.12/site-packages/airflow/example_dags/example_skip_dag.py
[2025-07-17T17:54:49.035+0000] {processor.py:840} INFO - DAG(s) 'example_skip_dag' retrieved from /mnt/c/Users/Shivam Gupta/OneDrive/Documents/Shivam_Developement/DATA_ENGINEERING/data_engineering_project/batch-etl-pyspark/.venv/lib/python3.12/site-packages/airflow/example_dags/example_skip_dag.py
[2025-07-17T17:54:49.073+0000] {logging_mixin.py:188} INFO - [2025-07-17T17:54:49.071+0000] {dag.py:3096} INFO - Sync 1 DAGs
[2025-07-17T17:54:49.103+0000] {logging_mixin.py:188} INFO - [2025-07-17T17:54:49.102+0000] {dag.py:3954} INFO - Setting next_dagrun for example_skip_dag to 2025-07-16 00:00:00+00:00, run_after=2025-07-17 00:00:00+00:00
[2025-07-17T17:54:49.238+0000] {processor.py:183} INFO - Processing /mnt/c/Users/Shivam Gupta/OneDrive/Documents/Shivam_Developement/DATA_ENGINEERING/data_engineering_project/batch-etl-pyspark/.venv/lib/python3.12/site-packages/airflow/example_dags/example_skip_dag.py took 0.268 seconds
[2025-07-17T17:56:52.917+0000] {processor.py:161} INFO - Started process (PID=3446) to work on /mnt/c/Users/Shivam Gupta/OneDrive/Documents/Shivam_Developement/DATA_ENGINEERING/data_engineering_project/batch-etl-pyspark/.venv/lib/python3.12/site-packages/airflow/example_dags/example_skip_dag.py
[2025-07-17T17:56:52.920+0000] {processor.py:830} INFO - Processing file /mnt/c/Users/Shivam Gupta/OneDrive/Documents/Shivam_Developement/DATA_ENGINEERING/data_engineering_project/batch-etl-pyspark/.venv/lib/python3.12/site-packages/airflow/example_dags/example_skip_dag.py for tasks to queue
[2025-07-17T17:56:52.924+0000] {logging_mixin.py:188} INFO - [2025-07-17T17:56:52.922+0000] {dagbag.py:545} INFO - Filling up the DagBag from /mnt/c/Users/Shivam Gupta/OneDrive/Documents/Shivam_Developement/DATA_ENGINEERING/data_engineering_project/batch-etl-pyspark/.venv/lib/python3.12/site-packages/airflow/example_dags/example_skip_dag.py
[2025-07-17T17:56:52.958+0000] {processor.py:840} INFO - DAG(s) 'example_skip_dag' retrieved from /mnt/c/Users/Shivam Gupta/OneDrive/Documents/Shivam_Developement/DATA_ENGINEERING/data_engineering_project/batch-etl-pyspark/.venv/lib/python3.12/site-packages/airflow/example_dags/example_skip_dag.py
[2025-07-17T17:56:53.000+0000] {logging_mixin.py:188} INFO - [2025-07-17T17:56:52.999+0000] {dag.py:3096} INFO - Sync 1 DAGs
[2025-07-17T17:56:53.038+0000] {logging_mixin.py:188} INFO - [2025-07-17T17:56:53.037+0000] {dag.py:3954} INFO - Setting next_dagrun for example_skip_dag to 2025-07-16 00:00:00+00:00, run_after=2025-07-17 00:00:00+00:00
[2025-07-17T17:56:53.145+0000] {processor.py:183} INFO - Processing /mnt/c/Users/Shivam Gupta/OneDrive/Documents/Shivam_Developement/DATA_ENGINEERING/data_engineering_project/batch-etl-pyspark/.venv/lib/python3.12/site-packages/airflow/example_dags/example_skip_dag.py took 0.248 seconds
[2025-07-17T17:58:54.881+0000] {processor.py:161} INFO - Started process (PID=3546) to work on /mnt/c/Users/Shivam Gupta/OneDrive/Documents/Shivam_Developement/DATA_ENGINEERING/data_engineering_project/batch-etl-pyspark/.venv/lib/python3.12/site-packages/airflow/example_dags/example_skip_dag.py
[2025-07-17T17:58:54.883+0000] {processor.py:830} INFO - Processing file /mnt/c/Users/Shivam Gupta/OneDrive/Documents/Shivam_Developement/DATA_ENGINEERING/data_engineering_project/batch-etl-pyspark/.venv/lib/python3.12/site-packages/airflow/example_dags/example_skip_dag.py for tasks to queue
[2025-07-17T17:58:54.886+0000] {logging_mixin.py:188} INFO - [2025-07-17T17:58:54.885+0000] {dagbag.py:545} INFO - Filling up the DagBag from /mnt/c/Users/Shivam Gupta/OneDrive/Documents/Shivam_Developement/DATA_ENGINEERING/data_engineering_project/batch-etl-pyspark/.venv/lib/python3.12/site-packages/airflow/example_dags/example_skip_dag.py
[2025-07-17T17:58:54.912+0000] {processor.py:840} INFO - DAG(s) 'example_skip_dag' retrieved from /mnt/c/Users/Shivam Gupta/OneDrive/Documents/Shivam_Developement/DATA_ENGINEERING/data_engineering_project/batch-etl-pyspark/.venv/lib/python3.12/site-packages/airflow/example_dags/example_skip_dag.py
[2025-07-17T17:58:54.957+0000] {logging_mixin.py:188} INFO - [2025-07-17T17:58:54.956+0000] {dag.py:3096} INFO - Sync 1 DAGs
[2025-07-17T17:58:54.999+0000] {logging_mixin.py:188} INFO - [2025-07-17T17:58:54.998+0000] {dag.py:3954} INFO - Setting next_dagrun for example_skip_dag to 2025-07-16 00:00:00+00:00, run_after=2025-07-17 00:00:00+00:00
[2025-07-17T17:58:55.126+0000] {processor.py:183} INFO - Processing /mnt/c/Users/Shivam Gupta/OneDrive/Documents/Shivam_Developement/DATA_ENGINEERING/data_engineering_project/batch-etl-pyspark/.venv/lib/python3.12/site-packages/airflow/example_dags/example_skip_dag.py took 0.261 seconds
[2025-07-17T18:01:06.834+0000] {processor.py:161} INFO - Started process (PID=3651) to work on /mnt/c/Users/Shivam Gupta/OneDrive/Documents/Shivam_Developement/DATA_ENGINEERING/data_engineering_project/batch-etl-pyspark/.venv/lib/python3.12/site-packages/airflow/example_dags/example_skip_dag.py
[2025-07-17T18:01:06.837+0000] {processor.py:830} INFO - Processing file /mnt/c/Users/Shivam Gupta/OneDrive/Documents/Shivam_Developement/DATA_ENGINEERING/data_engineering_project/batch-etl-pyspark/.venv/lib/python3.12/site-packages/airflow/example_dags/example_skip_dag.py for tasks to queue
[2025-07-17T18:01:06.841+0000] {logging_mixin.py:188} INFO - [2025-07-17T18:01:06.839+0000] {dagbag.py:545} INFO - Filling up the DagBag from /mnt/c/Users/Shivam Gupta/OneDrive/Documents/Shivam_Developement/DATA_ENGINEERING/data_engineering_project/batch-etl-pyspark/.venv/lib/python3.12/site-packages/airflow/example_dags/example_skip_dag.py
[2025-07-17T18:01:06.871+0000] {processor.py:840} INFO - DAG(s) 'example_skip_dag' retrieved from /mnt/c/Users/Shivam Gupta/OneDrive/Documents/Shivam_Developement/DATA_ENGINEERING/data_engineering_project/batch-etl-pyspark/.venv/lib/python3.12/site-packages/airflow/example_dags/example_skip_dag.py
[2025-07-17T18:01:06.909+0000] {logging_mixin.py:188} INFO - [2025-07-17T18:01:06.908+0000] {dag.py:3096} INFO - Sync 1 DAGs
[2025-07-17T18:01:06.943+0000] {logging_mixin.py:188} INFO - [2025-07-17T18:01:06.942+0000] {dag.py:3954} INFO - Setting next_dagrun for example_skip_dag to 2025-07-16 00:00:00+00:00, run_after=2025-07-17 00:00:00+00:00
[2025-07-17T18:01:07.034+0000] {processor.py:183} INFO - Processing /mnt/c/Users/Shivam Gupta/OneDrive/Documents/Shivam_Developement/DATA_ENGINEERING/data_engineering_project/batch-etl-pyspark/.venv/lib/python3.12/site-packages/airflow/example_dags/example_skip_dag.py took 0.217 seconds
[2025-07-17T18:03:06.799+0000] {processor.py:161} INFO - Started process (PID=3754) to work on /mnt/c/Users/Shivam Gupta/OneDrive/Documents/Shivam_Developement/DATA_ENGINEERING/data_engineering_project/batch-etl-pyspark/.venv/lib/python3.12/site-packages/airflow/example_dags/example_skip_dag.py
[2025-07-17T18:03:06.802+0000] {processor.py:830} INFO - Processing file /mnt/c/Users/Shivam Gupta/OneDrive/Documents/Shivam_Developement/DATA_ENGINEERING/data_engineering_project/batch-etl-pyspark/.venv/lib/python3.12/site-packages/airflow/example_dags/example_skip_dag.py for tasks to queue
[2025-07-17T18:03:06.807+0000] {logging_mixin.py:188} INFO - [2025-07-17T18:03:06.805+0000] {dagbag.py:545} INFO - Filling up the DagBag from /mnt/c/Users/Shivam Gupta/OneDrive/Documents/Shivam_Developement/DATA_ENGINEERING/data_engineering_project/batch-etl-pyspark/.venv/lib/python3.12/site-packages/airflow/example_dags/example_skip_dag.py
[2025-07-17T18:03:06.847+0000] {processor.py:840} INFO - DAG(s) 'example_skip_dag' retrieved from /mnt/c/Users/Shivam Gupta/OneDrive/Documents/Shivam_Developement/DATA_ENGINEERING/data_engineering_project/batch-etl-pyspark/.venv/lib/python3.12/site-packages/airflow/example_dags/example_skip_dag.py
[2025-07-17T18:03:06.888+0000] {logging_mixin.py:188} INFO - [2025-07-17T18:03:06.887+0000] {dag.py:3096} INFO - Sync 1 DAGs
[2025-07-17T18:03:06.920+0000] {logging_mixin.py:188} INFO - [2025-07-17T18:03:06.919+0000] {dag.py:3954} INFO - Setting next_dagrun for example_skip_dag to 2025-07-16 00:00:00+00:00, run_after=2025-07-17 00:00:00+00:00
[2025-07-17T18:03:07.025+0000] {processor.py:183} INFO - Processing /mnt/c/Users/Shivam Gupta/OneDrive/Documents/Shivam_Developement/DATA_ENGINEERING/data_engineering_project/batch-etl-pyspark/.venv/lib/python3.12/site-packages/airflow/example_dags/example_skip_dag.py took 0.244 seconds
[2025-07-17T18:05:08.535+0000] {processor.py:161} INFO - Started process (PID=3856) to work on /mnt/c/Users/Shivam Gupta/OneDrive/Documents/Shivam_Developement/DATA_ENGINEERING/data_engineering_project/batch-etl-pyspark/.venv/lib/python3.12/site-packages/airflow/example_dags/example_skip_dag.py
[2025-07-17T18:05:08.538+0000] {processor.py:830} INFO - Processing file /mnt/c/Users/Shivam Gupta/OneDrive/Documents/Shivam_Developement/DATA_ENGINEERING/data_engineering_project/batch-etl-pyspark/.venv/lib/python3.12/site-packages/airflow/example_dags/example_skip_dag.py for tasks to queue
[2025-07-17T18:05:08.542+0000] {logging_mixin.py:188} INFO - [2025-07-17T18:05:08.541+0000] {dagbag.py:545} INFO - Filling up the DagBag from /mnt/c/Users/Shivam Gupta/OneDrive/Documents/Shivam_Developement/DATA_ENGINEERING/data_engineering_project/batch-etl-pyspark/.venv/lib/python3.12/site-packages/airflow/example_dags/example_skip_dag.py
[2025-07-17T18:05:08.564+0000] {processor.py:840} INFO - DAG(s) 'example_skip_dag' retrieved from /mnt/c/Users/Shivam Gupta/OneDrive/Documents/Shivam_Developement/DATA_ENGINEERING/data_engineering_project/batch-etl-pyspark/.venv/lib/python3.12/site-packages/airflow/example_dags/example_skip_dag.py
[2025-07-17T18:05:08.592+0000] {logging_mixin.py:188} INFO - [2025-07-17T18:05:08.591+0000] {dag.py:3096} INFO - Sync 1 DAGs
[2025-07-17T18:05:08.616+0000] {logging_mixin.py:188} INFO - [2025-07-17T18:05:08.615+0000] {dag.py:3954} INFO - Setting next_dagrun for example_skip_dag to 2025-07-16 00:00:00+00:00, run_after=2025-07-17 00:00:00+00:00
[2025-07-17T18:05:08.700+0000] {processor.py:183} INFO - Processing /mnt/c/Users/Shivam Gupta/OneDrive/Documents/Shivam_Developement/DATA_ENGINEERING/data_engineering_project/batch-etl-pyspark/.venv/lib/python3.12/site-packages/airflow/example_dags/example_skip_dag.py took 0.194 seconds
[2025-07-17T18:07:13.577+0000] {processor.py:161} INFO - Started process (PID=3958) to work on /mnt/c/Users/Shivam Gupta/OneDrive/Documents/Shivam_Developement/DATA_ENGINEERING/data_engineering_project/batch-etl-pyspark/.venv/lib/python3.12/site-packages/airflow/example_dags/example_skip_dag.py
[2025-07-17T18:07:13.579+0000] {processor.py:830} INFO - Processing file /mnt/c/Users/Shivam Gupta/OneDrive/Documents/Shivam_Developement/DATA_ENGINEERING/data_engineering_project/batch-etl-pyspark/.venv/lib/python3.12/site-packages/airflow/example_dags/example_skip_dag.py for tasks to queue
[2025-07-17T18:07:13.588+0000] {logging_mixin.py:188} INFO - [2025-07-17T18:07:13.582+0000] {dagbag.py:545} INFO - Filling up the DagBag from /mnt/c/Users/Shivam Gupta/OneDrive/Documents/Shivam_Developement/DATA_ENGINEERING/data_engineering_project/batch-etl-pyspark/.venv/lib/python3.12/site-packages/airflow/example_dags/example_skip_dag.py
[2025-07-17T18:07:13.714+0000] {processor.py:840} INFO - DAG(s) 'example_skip_dag' retrieved from /mnt/c/Users/Shivam Gupta/OneDrive/Documents/Shivam_Developement/DATA_ENGINEERING/data_engineering_project/batch-etl-pyspark/.venv/lib/python3.12/site-packages/airflow/example_dags/example_skip_dag.py
[2025-07-17T18:07:13.747+0000] {logging_mixin.py:188} INFO - [2025-07-17T18:07:13.746+0000] {dag.py:3096} INFO - Sync 1 DAGs
[2025-07-17T18:07:13.773+0000] {logging_mixin.py:188} INFO - [2025-07-17T18:07:13.772+0000] {dag.py:3954} INFO - Setting next_dagrun for example_skip_dag to 2025-07-16 00:00:00+00:00, run_after=2025-07-17 00:00:00+00:00
[2025-07-17T18:07:13.882+0000] {processor.py:183} INFO - Processing /mnt/c/Users/Shivam Gupta/OneDrive/Documents/Shivam_Developement/DATA_ENGINEERING/data_engineering_project/batch-etl-pyspark/.venv/lib/python3.12/site-packages/airflow/example_dags/example_skip_dag.py took 0.324 seconds
[2025-07-17T18:09:26.700+0000] {processor.py:161} INFO - Started process (PID=4061) to work on /mnt/c/Users/Shivam Gupta/OneDrive/Documents/Shivam_Developement/DATA_ENGINEERING/data_engineering_project/batch-etl-pyspark/.venv/lib/python3.12/site-packages/airflow/example_dags/example_skip_dag.py
[2025-07-17T18:09:26.704+0000] {processor.py:830} INFO - Processing file /mnt/c/Users/Shivam Gupta/OneDrive/Documents/Shivam_Developement/DATA_ENGINEERING/data_engineering_project/batch-etl-pyspark/.venv/lib/python3.12/site-packages/airflow/example_dags/example_skip_dag.py for tasks to queue
[2025-07-17T18:09:26.709+0000] {logging_mixin.py:188} INFO - [2025-07-17T18:09:26.707+0000] {dagbag.py:545} INFO - Filling up the DagBag from /mnt/c/Users/Shivam Gupta/OneDrive/Documents/Shivam_Developement/DATA_ENGINEERING/data_engineering_project/batch-etl-pyspark/.venv/lib/python3.12/site-packages/airflow/example_dags/example_skip_dag.py
[2025-07-17T18:09:26.741+0000] {processor.py:840} INFO - DAG(s) 'example_skip_dag' retrieved from /mnt/c/Users/Shivam Gupta/OneDrive/Documents/Shivam_Developement/DATA_ENGINEERING/data_engineering_project/batch-etl-pyspark/.venv/lib/python3.12/site-packages/airflow/example_dags/example_skip_dag.py
[2025-07-17T18:09:26.782+0000] {logging_mixin.py:188} INFO - [2025-07-17T18:09:26.780+0000] {dag.py:3096} INFO - Sync 1 DAGs
[2025-07-17T18:09:26.822+0000] {logging_mixin.py:188} INFO - [2025-07-17T18:09:26.821+0000] {dag.py:3954} INFO - Setting next_dagrun for example_skip_dag to 2025-07-16 00:00:00+00:00, run_after=2025-07-17 00:00:00+00:00
[2025-07-17T18:09:26.928+0000] {processor.py:183} INFO - Processing /mnt/c/Users/Shivam Gupta/OneDrive/Documents/Shivam_Developement/DATA_ENGINEERING/data_engineering_project/batch-etl-pyspark/.venv/lib/python3.12/site-packages/airflow/example_dags/example_skip_dag.py took 0.246 seconds
[2025-07-17T18:11:32.661+0000] {processor.py:161} INFO - Started process (PID=4165) to work on /mnt/c/Users/Shivam Gupta/OneDrive/Documents/Shivam_Developement/DATA_ENGINEERING/data_engineering_project/batch-etl-pyspark/.venv/lib/python3.12/site-packages/airflow/example_dags/example_skip_dag.py
[2025-07-17T18:11:32.665+0000] {processor.py:830} INFO - Processing file /mnt/c/Users/Shivam Gupta/OneDrive/Documents/Shivam_Developement/DATA_ENGINEERING/data_engineering_project/batch-etl-pyspark/.venv/lib/python3.12/site-packages/airflow/example_dags/example_skip_dag.py for tasks to queue
[2025-07-17T18:11:32.669+0000] {logging_mixin.py:188} INFO - [2025-07-17T18:11:32.667+0000] {dagbag.py:545} INFO - Filling up the DagBag from /mnt/c/Users/Shivam Gupta/OneDrive/Documents/Shivam_Developement/DATA_ENGINEERING/data_engineering_project/batch-etl-pyspark/.venv/lib/python3.12/site-packages/airflow/example_dags/example_skip_dag.py
[2025-07-17T18:11:32.705+0000] {processor.py:840} INFO - DAG(s) 'example_skip_dag' retrieved from /mnt/c/Users/Shivam Gupta/OneDrive/Documents/Shivam_Developement/DATA_ENGINEERING/data_engineering_project/batch-etl-pyspark/.venv/lib/python3.12/site-packages/airflow/example_dags/example_skip_dag.py
[2025-07-17T18:11:32.751+0000] {logging_mixin.py:188} INFO - [2025-07-17T18:11:32.749+0000] {dag.py:3096} INFO - Sync 1 DAGs
[2025-07-17T18:11:32.868+0000] {logging_mixin.py:188} INFO - [2025-07-17T18:11:32.866+0000] {dag.py:3954} INFO - Setting next_dagrun for example_skip_dag to 2025-07-16 00:00:00+00:00, run_after=2025-07-17 00:00:00+00:00
[2025-07-17T18:11:33.085+0000] {processor.py:183} INFO - Processing /mnt/c/Users/Shivam Gupta/OneDrive/Documents/Shivam_Developement/DATA_ENGINEERING/data_engineering_project/batch-etl-pyspark/.venv/lib/python3.12/site-packages/airflow/example_dags/example_skip_dag.py took 0.441 seconds
[2025-07-17T18:13:41.390+0000] {processor.py:161} INFO - Started process (PID=4268) to work on /mnt/c/Users/Shivam Gupta/OneDrive/Documents/Shivam_Developement/DATA_ENGINEERING/data_engineering_project/batch-etl-pyspark/.venv/lib/python3.12/site-packages/airflow/example_dags/example_skip_dag.py
[2025-07-17T18:13:41.393+0000] {processor.py:830} INFO - Processing file /mnt/c/Users/Shivam Gupta/OneDrive/Documents/Shivam_Developement/DATA_ENGINEERING/data_engineering_project/batch-etl-pyspark/.venv/lib/python3.12/site-packages/airflow/example_dags/example_skip_dag.py for tasks to queue
[2025-07-17T18:13:41.396+0000] {logging_mixin.py:188} INFO - [2025-07-17T18:13:41.394+0000] {dagbag.py:545} INFO - Filling up the DagBag from /mnt/c/Users/Shivam Gupta/OneDrive/Documents/Shivam_Developement/DATA_ENGINEERING/data_engineering_project/batch-etl-pyspark/.venv/lib/python3.12/site-packages/airflow/example_dags/example_skip_dag.py
[2025-07-17T18:13:41.429+0000] {processor.py:840} INFO - DAG(s) 'example_skip_dag' retrieved from /mnt/c/Users/Shivam Gupta/OneDrive/Documents/Shivam_Developement/DATA_ENGINEERING/data_engineering_project/batch-etl-pyspark/.venv/lib/python3.12/site-packages/airflow/example_dags/example_skip_dag.py
[2025-07-17T18:13:41.473+0000] {logging_mixin.py:188} INFO - [2025-07-17T18:13:41.471+0000] {dag.py:3096} INFO - Sync 1 DAGs
[2025-07-17T18:13:41.513+0000] {logging_mixin.py:188} INFO - [2025-07-17T18:13:41.512+0000] {dag.py:3954} INFO - Setting next_dagrun for example_skip_dag to 2025-07-16 00:00:00+00:00, run_after=2025-07-17 00:00:00+00:00
[2025-07-17T18:13:41.630+0000] {processor.py:183} INFO - Processing /mnt/c/Users/Shivam Gupta/OneDrive/Documents/Shivam_Developement/DATA_ENGINEERING/data_engineering_project/batch-etl-pyspark/.venv/lib/python3.12/site-packages/airflow/example_dags/example_skip_dag.py took 0.264 seconds
