[2025-07-17T17:16:05.413+0000] {processor.py:161} INFO - Started process (PID=1966) to work on /mnt/c/Users/Shivam Gupta/OneDrive/Documents/Shivam_Developement/DATA_ENGINEERING/data_engineering_project/batch-etl-pyspark/.venv/lib/python3.12/site-packages/airflow/example_dags/example_display_name.py
[2025-07-17T17:16:05.416+0000] {processor.py:830} INFO - Processing file /mnt/c/Users/Shivam Gupta/OneDrive/Documents/Shivam_Developement/DATA_ENGINEERING/data_engineering_project/batch-etl-pyspark/.venv/lib/python3.12/site-packages/airflow/example_dags/example_display_name.py for tasks to queue
[2025-07-17T17:16:05.424+0000] {logging_mixin.py:188} INFO - [2025-07-17T17:16:05.421+0000] {dagbag.py:545} INFO - Filling up the DagBag from /mnt/c/Users/Shivam Gupta/OneDrive/Documents/Shivam_Developement/DATA_ENGINEERING/data_engineering_project/batch-etl-pyspark/.venv/lib/python3.12/site-packages/airflow/example_dags/example_display_name.py
[2025-07-17T17:16:05.487+0000] {processor.py:840} INFO - DAG(s) 'example_display_name' retrieved from /mnt/c/Users/Shivam Gupta/OneDrive/Documents/Shivam_Developement/DATA_ENGINEERING/data_engineering_project/batch-etl-pyspark/.venv/lib/python3.12/site-packages/airflow/example_dags/example_display_name.py
[2025-07-17T17:16:08.894+0000] {logging_mixin.py:188} INFO - [2025-07-17T17:16:08.890+0000] {dag.py:3096} INFO - Sync 1 DAGs
[2025-07-17T17:16:08.923+0000] {logging_mixin.py:188} INFO - [2025-07-17T17:16:08.920+0000] {dag.py:3954} INFO - Setting next_dagrun for example_display_name to None, run_after=None
[2025-07-17T17:16:09.112+0000] {processor.py:183} INFO - Processing /mnt/c/Users/Shivam Gupta/OneDrive/Documents/Shivam_Developement/DATA_ENGINEERING/data_engineering_project/batch-etl-pyspark/.venv/lib/python3.12/site-packages/airflow/example_dags/example_display_name.py took 3.729 seconds
[2025-07-17T17:19:36.510+0000] {processor.py:161} INFO - Started process (PID=2047) to work on /mnt/c/Users/Shivam Gupta/OneDrive/Documents/Shivam_Developement/DATA_ENGINEERING/data_engineering_project/batch-etl-pyspark/.venv/lib/python3.12/site-packages/airflow/example_dags/example_display_name.py
[2025-07-17T17:19:36.558+0000] {processor.py:830} INFO - Processing file /mnt/c/Users/Shivam Gupta/OneDrive/Documents/Shivam_Developement/DATA_ENGINEERING/data_engineering_project/batch-etl-pyspark/.venv/lib/python3.12/site-packages/airflow/example_dags/example_display_name.py for tasks to queue
[2025-07-17T17:19:36.596+0000] {logging_mixin.py:188} INFO - [2025-07-17T17:19:36.593+0000] {dagbag.py:545} INFO - Filling up the DagBag from /mnt/c/Users/Shivam Gupta/OneDrive/Documents/Shivam_Developement/DATA_ENGINEERING/data_engineering_project/batch-etl-pyspark/.venv/lib/python3.12/site-packages/airflow/example_dags/example_display_name.py
[2025-07-17T17:19:36.663+0000] {processor.py:840} INFO - DAG(s) 'example_display_name' retrieved from /mnt/c/Users/Shivam Gupta/OneDrive/Documents/Shivam_Developement/DATA_ENGINEERING/data_engineering_project/batch-etl-pyspark/.venv/lib/python3.12/site-packages/airflow/example_dags/example_display_name.py
[2025-07-17T17:19:36.727+0000] {logging_mixin.py:188} INFO - [2025-07-17T17:19:36.726+0000] {dag.py:3096} INFO - Sync 1 DAGs
[2025-07-17T17:19:36.749+0000] {logging_mixin.py:188} INFO - [2025-07-17T17:19:36.747+0000] {dag.py:3954} INFO - Setting next_dagrun for example_display_name to None, run_after=None
[2025-07-17T17:19:36.857+0000] {processor.py:183} INFO - Processing /mnt/c/Users/Shivam Gupta/OneDrive/Documents/Shivam_Developement/DATA_ENGINEERING/data_engineering_project/batch-etl-pyspark/.venv/lib/python3.12/site-packages/airflow/example_dags/example_display_name.py took 0.438 seconds
[2025-07-17T17:23:26.165+0000] {processor.py:161} INFO - Started process (PID=2190) to work on /mnt/c/Users/Shivam Gupta/OneDrive/Documents/Shivam_Developement/DATA_ENGINEERING/data_engineering_project/batch-etl-pyspark/.venv/lib/python3.12/site-packages/airflow/example_dags/example_display_name.py
[2025-07-17T17:23:26.171+0000] {processor.py:830} INFO - Processing file /mnt/c/Users/Shivam Gupta/OneDrive/Documents/Shivam_Developement/DATA_ENGINEERING/data_engineering_project/batch-etl-pyspark/.venv/lib/python3.12/site-packages/airflow/example_dags/example_display_name.py for tasks to queue
[2025-07-17T17:23:26.180+0000] {logging_mixin.py:188} INFO - [2025-07-17T17:23:26.177+0000] {dagbag.py:545} INFO - Filling up the DagBag from /mnt/c/Users/Shivam Gupta/OneDrive/Documents/Shivam_Developement/DATA_ENGINEERING/data_engineering_project/batch-etl-pyspark/.venv/lib/python3.12/site-packages/airflow/example_dags/example_display_name.py
[2025-07-17T17:23:26.271+0000] {processor.py:840} INFO - DAG(s) 'example_display_name' retrieved from /mnt/c/Users/Shivam Gupta/OneDrive/Documents/Shivam_Developement/DATA_ENGINEERING/data_engineering_project/batch-etl-pyspark/.venv/lib/python3.12/site-packages/airflow/example_dags/example_display_name.py
[2025-07-17T17:23:26.347+0000] {logging_mixin.py:188} INFO - [2025-07-17T17:23:26.345+0000] {dag.py:3096} INFO - Sync 1 DAGs
[2025-07-17T17:23:26.380+0000] {logging_mixin.py:188} INFO - [2025-07-17T17:23:26.377+0000] {dag.py:3954} INFO - Setting next_dagrun for example_display_name to None, run_after=None
[2025-07-17T17:23:26.554+0000] {processor.py:183} INFO - Processing /mnt/c/Users/Shivam Gupta/OneDrive/Documents/Shivam_Developement/DATA_ENGINEERING/data_engineering_project/batch-etl-pyspark/.venv/lib/python3.12/site-packages/airflow/example_dags/example_display_name.py took 0.427 seconds
[2025-07-17T17:27:35.717+0000] {processor.py:161} INFO - Started process (PID=2328) to work on /mnt/c/Users/Shivam Gupta/OneDrive/Documents/Shivam_Developement/DATA_ENGINEERING/data_engineering_project/batch-etl-pyspark/.venv/lib/python3.12/site-packages/airflow/example_dags/example_display_name.py
[2025-07-17T17:27:35.720+0000] {processor.py:830} INFO - Processing file /mnt/c/Users/Shivam Gupta/OneDrive/Documents/Shivam_Developement/DATA_ENGINEERING/data_engineering_project/batch-etl-pyspark/.venv/lib/python3.12/site-packages/airflow/example_dags/example_display_name.py for tasks to queue
[2025-07-17T17:27:35.724+0000] {logging_mixin.py:188} INFO - [2025-07-17T17:27:35.723+0000] {dagbag.py:545} INFO - Filling up the DagBag from /mnt/c/Users/Shivam Gupta/OneDrive/Documents/Shivam_Developement/DATA_ENGINEERING/data_engineering_project/batch-etl-pyspark/.venv/lib/python3.12/site-packages/airflow/example_dags/example_display_name.py
[2025-07-17T17:27:35.767+0000] {processor.py:840} INFO - DAG(s) 'example_display_name' retrieved from /mnt/c/Users/Shivam Gupta/OneDrive/Documents/Shivam_Developement/DATA_ENGINEERING/data_engineering_project/batch-etl-pyspark/.venv/lib/python3.12/site-packages/airflow/example_dags/example_display_name.py
[2025-07-17T17:27:35.889+0000] {logging_mixin.py:188} INFO - [2025-07-17T17:27:35.877+0000] {dag.py:3096} INFO - Sync 1 DAGs
[2025-07-17T17:27:36.002+0000] {logging_mixin.py:188} INFO - [2025-07-17T17:27:35.988+0000] {dag.py:3954} INFO - Setting next_dagrun for example_display_name to None, run_after=None
[2025-07-17T17:27:36.133+0000] {processor.py:183} INFO - Processing /mnt/c/Users/Shivam Gupta/OneDrive/Documents/Shivam_Developement/DATA_ENGINEERING/data_engineering_project/batch-etl-pyspark/.venv/lib/python3.12/site-packages/airflow/example_dags/example_display_name.py took 0.439 seconds
[2025-07-17T17:33:33.824+0000] {processor.py:161} INFO - Started process (PID=2502) to work on /mnt/c/Users/Shivam Gupta/OneDrive/Documents/Shivam_Developement/DATA_ENGINEERING/data_engineering_project/batch-etl-pyspark/.venv/lib/python3.12/site-packages/airflow/example_dags/example_display_name.py
[2025-07-17T17:33:33.830+0000] {processor.py:830} INFO - Processing file /mnt/c/Users/Shivam Gupta/OneDrive/Documents/Shivam_Developement/DATA_ENGINEERING/data_engineering_project/batch-etl-pyspark/.venv/lib/python3.12/site-packages/airflow/example_dags/example_display_name.py for tasks to queue
[2025-07-17T17:33:33.837+0000] {logging_mixin.py:188} INFO - [2025-07-17T17:33:33.834+0000] {dagbag.py:545} INFO - Filling up the DagBag from /mnt/c/Users/Shivam Gupta/OneDrive/Documents/Shivam_Developement/DATA_ENGINEERING/data_engineering_project/batch-etl-pyspark/.venv/lib/python3.12/site-packages/airflow/example_dags/example_display_name.py
[2025-07-17T17:33:33.898+0000] {processor.py:840} INFO - DAG(s) 'example_display_name' retrieved from /mnt/c/Users/Shivam Gupta/OneDrive/Documents/Shivam_Developement/DATA_ENGINEERING/data_engineering_project/batch-etl-pyspark/.venv/lib/python3.12/site-packages/airflow/example_dags/example_display_name.py
[2025-07-17T17:33:33.964+0000] {logging_mixin.py:188} INFO - [2025-07-17T17:33:33.961+0000] {dag.py:3096} INFO - Sync 1 DAGs
[2025-07-17T17:33:33.988+0000] {logging_mixin.py:188} INFO - [2025-07-17T17:33:33.986+0000] {dag.py:3954} INFO - Setting next_dagrun for example_display_name to None, run_after=None
[2025-07-17T17:33:34.125+0000] {processor.py:183} INFO - Processing /mnt/c/Users/Shivam Gupta/OneDrive/Documents/Shivam_Developement/DATA_ENGINEERING/data_engineering_project/batch-etl-pyspark/.venv/lib/python3.12/site-packages/airflow/example_dags/example_display_name.py took 0.335 seconds
[2025-07-17T17:37:16.728+0000] {processor.py:161} INFO - Started process (PID=2632) to work on /mnt/c/Users/Shivam Gupta/OneDrive/Documents/Shivam_Developement/DATA_ENGINEERING/data_engineering_project/batch-etl-pyspark/.venv/lib/python3.12/site-packages/airflow/example_dags/example_display_name.py
[2025-07-17T17:37:16.747+0000] {processor.py:830} INFO - Processing file /mnt/c/Users/Shivam Gupta/OneDrive/Documents/Shivam_Developement/DATA_ENGINEERING/data_engineering_project/batch-etl-pyspark/.venv/lib/python3.12/site-packages/airflow/example_dags/example_display_name.py for tasks to queue
[2025-07-17T17:37:16.775+0000] {logging_mixin.py:188} INFO - [2025-07-17T17:37:16.764+0000] {dagbag.py:545} INFO - Filling up the DagBag from /mnt/c/Users/Shivam Gupta/OneDrive/Documents/Shivam_Developement/DATA_ENGINEERING/data_engineering_project/batch-etl-pyspark/.venv/lib/python3.12/site-packages/airflow/example_dags/example_display_name.py
[2025-07-17T17:37:16.854+0000] {processor.py:840} INFO - DAG(s) 'example_display_name' retrieved from /mnt/c/Users/Shivam Gupta/OneDrive/Documents/Shivam_Developement/DATA_ENGINEERING/data_engineering_project/batch-etl-pyspark/.venv/lib/python3.12/site-packages/airflow/example_dags/example_display_name.py
[2025-07-17T17:37:16.897+0000] {logging_mixin.py:188} INFO - [2025-07-17T17:37:16.895+0000] {dag.py:3096} INFO - Sync 1 DAGs
[2025-07-17T17:37:16.984+0000] {logging_mixin.py:188} INFO - [2025-07-17T17:37:16.974+0000] {dag.py:3954} INFO - Setting next_dagrun for example_display_name to None, run_after=None
[2025-07-17T17:37:17.157+0000] {processor.py:183} INFO - Processing /mnt/c/Users/Shivam Gupta/OneDrive/Documents/Shivam_Developement/DATA_ENGINEERING/data_engineering_project/batch-etl-pyspark/.venv/lib/python3.12/site-packages/airflow/example_dags/example_display_name.py took 0.449 seconds
[2025-07-17T17:39:32.084+0000] {processor.py:161} INFO - Started process (PID=2711) to work on /mnt/c/Users/Shivam Gupta/OneDrive/Documents/Shivam_Developement/DATA_ENGINEERING/data_engineering_project/batch-etl-pyspark/.venv/lib/python3.12/site-packages/airflow/example_dags/example_display_name.py
[2025-07-17T17:39:32.087+0000] {processor.py:830} INFO - Processing file /mnt/c/Users/Shivam Gupta/OneDrive/Documents/Shivam_Developement/DATA_ENGINEERING/data_engineering_project/batch-etl-pyspark/.venv/lib/python3.12/site-packages/airflow/example_dags/example_display_name.py for tasks to queue
[2025-07-17T17:39:32.093+0000] {logging_mixin.py:188} INFO - [2025-07-17T17:39:32.091+0000] {dagbag.py:545} INFO - Filling up the DagBag from /mnt/c/Users/Shivam Gupta/OneDrive/Documents/Shivam_Developement/DATA_ENGINEERING/data_engineering_project/batch-etl-pyspark/.venv/lib/python3.12/site-packages/airflow/example_dags/example_display_name.py
[2025-07-17T17:39:32.148+0000] {processor.py:840} INFO - DAG(s) 'example_display_name' retrieved from /mnt/c/Users/Shivam Gupta/OneDrive/Documents/Shivam_Developement/DATA_ENGINEERING/data_engineering_project/batch-etl-pyspark/.venv/lib/python3.12/site-packages/airflow/example_dags/example_display_name.py
[2025-07-17T17:39:32.342+0000] {logging_mixin.py:188} INFO - [2025-07-17T17:39:32.339+0000] {dag.py:3096} INFO - Sync 1 DAGs
[2025-07-17T17:39:32.372+0000] {logging_mixin.py:188} INFO - [2025-07-17T17:39:32.369+0000] {dag.py:3954} INFO - Setting next_dagrun for example_display_name to None, run_after=None
[2025-07-17T17:39:32.552+0000] {processor.py:183} INFO - Processing /mnt/c/Users/Shivam Gupta/OneDrive/Documents/Shivam_Developement/DATA_ENGINEERING/data_engineering_project/batch-etl-pyspark/.venv/lib/python3.12/site-packages/airflow/example_dags/example_display_name.py took 0.494 seconds
[2025-07-17T17:42:49.718+0000] {processor.py:161} INFO - Started process (PID=2827) to work on /mnt/c/Users/Shivam Gupta/OneDrive/Documents/Shivam_Developement/DATA_ENGINEERING/data_engineering_project/batch-etl-pyspark/.venv/lib/python3.12/site-packages/airflow/example_dags/example_display_name.py
[2025-07-17T17:42:49.721+0000] {processor.py:830} INFO - Processing file /mnt/c/Users/Shivam Gupta/OneDrive/Documents/Shivam_Developement/DATA_ENGINEERING/data_engineering_project/batch-etl-pyspark/.venv/lib/python3.12/site-packages/airflow/example_dags/example_display_name.py for tasks to queue
[2025-07-17T17:42:49.724+0000] {logging_mixin.py:188} INFO - [2025-07-17T17:42:49.723+0000] {dagbag.py:545} INFO - Filling up the DagBag from /mnt/c/Users/Shivam Gupta/OneDrive/Documents/Shivam_Developement/DATA_ENGINEERING/data_engineering_project/batch-etl-pyspark/.venv/lib/python3.12/site-packages/airflow/example_dags/example_display_name.py
[2025-07-17T17:42:49.756+0000] {processor.py:840} INFO - DAG(s) 'example_display_name' retrieved from /mnt/c/Users/Shivam Gupta/OneDrive/Documents/Shivam_Developement/DATA_ENGINEERING/data_engineering_project/batch-etl-pyspark/.venv/lib/python3.12/site-packages/airflow/example_dags/example_display_name.py
[2025-07-17T17:42:49.797+0000] {logging_mixin.py:188} INFO - [2025-07-17T17:42:49.795+0000] {dag.py:3096} INFO - Sync 1 DAGs
[2025-07-17T17:42:49.812+0000] {logging_mixin.py:188} INFO - [2025-07-17T17:42:49.810+0000] {dag.py:3954} INFO - Setting next_dagrun for example_display_name to None, run_after=None
[2025-07-17T17:42:50.029+0000] {processor.py:183} INFO - Processing /mnt/c/Users/Shivam Gupta/OneDrive/Documents/Shivam_Developement/DATA_ENGINEERING/data_engineering_project/batch-etl-pyspark/.venv/lib/python3.12/site-packages/airflow/example_dags/example_display_name.py took 0.325 seconds
[2025-07-17T17:46:45.007+0000] {processor.py:161} INFO - Started process (PID=2944) to work on /mnt/c/Users/Shivam Gupta/OneDrive/Documents/Shivam_Developement/DATA_ENGINEERING/data_engineering_project/batch-etl-pyspark/.venv/lib/python3.12/site-packages/airflow/example_dags/example_display_name.py
[2025-07-17T17:46:45.010+0000] {processor.py:830} INFO - Processing file /mnt/c/Users/Shivam Gupta/OneDrive/Documents/Shivam_Developement/DATA_ENGINEERING/data_engineering_project/batch-etl-pyspark/.venv/lib/python3.12/site-packages/airflow/example_dags/example_display_name.py for tasks to queue
[2025-07-17T17:46:45.014+0000] {logging_mixin.py:188} INFO - [2025-07-17T17:46:45.012+0000] {dagbag.py:545} INFO - Filling up the DagBag from /mnt/c/Users/Shivam Gupta/OneDrive/Documents/Shivam_Developement/DATA_ENGINEERING/data_engineering_project/batch-etl-pyspark/.venv/lib/python3.12/site-packages/airflow/example_dags/example_display_name.py
[2025-07-17T17:46:45.056+0000] {processor.py:840} INFO - DAG(s) 'example_display_name' retrieved from /mnt/c/Users/Shivam Gupta/OneDrive/Documents/Shivam_Developement/DATA_ENGINEERING/data_engineering_project/batch-etl-pyspark/.venv/lib/python3.12/site-packages/airflow/example_dags/example_display_name.py
[2025-07-17T17:46:45.103+0000] {logging_mixin.py:188} INFO - [2025-07-17T17:46:45.101+0000] {dag.py:3096} INFO - Sync 1 DAGs
[2025-07-17T17:46:45.120+0000] {logging_mixin.py:188} INFO - [2025-07-17T17:46:45.119+0000] {dag.py:3954} INFO - Setting next_dagrun for example_display_name to None, run_after=None
[2025-07-17T17:46:45.256+0000] {processor.py:183} INFO - Processing /mnt/c/Users/Shivam Gupta/OneDrive/Documents/Shivam_Developement/DATA_ENGINEERING/data_engineering_project/batch-etl-pyspark/.venv/lib/python3.12/site-packages/airflow/example_dags/example_display_name.py took 0.270 seconds
[2025-07-17T17:48:56.250+0000] {processor.py:161} INFO - Started process (PID=3052) to work on /mnt/c/Users/Shivam Gupta/OneDrive/Documents/Shivam_Developement/DATA_ENGINEERING/data_engineering_project/batch-etl-pyspark/.venv/lib/python3.12/site-packages/airflow/example_dags/example_display_name.py
[2025-07-17T17:48:56.253+0000] {processor.py:830} INFO - Processing file /mnt/c/Users/Shivam Gupta/OneDrive/Documents/Shivam_Developement/DATA_ENGINEERING/data_engineering_project/batch-etl-pyspark/.venv/lib/python3.12/site-packages/airflow/example_dags/example_display_name.py for tasks to queue
[2025-07-17T17:48:56.257+0000] {logging_mixin.py:188} INFO - [2025-07-17T17:48:56.255+0000] {dagbag.py:545} INFO - Filling up the DagBag from /mnt/c/Users/Shivam Gupta/OneDrive/Documents/Shivam_Developement/DATA_ENGINEERING/data_engineering_project/batch-etl-pyspark/.venv/lib/python3.12/site-packages/airflow/example_dags/example_display_name.py
[2025-07-17T17:48:56.296+0000] {processor.py:840} INFO - DAG(s) 'example_display_name' retrieved from /mnt/c/Users/Shivam Gupta/OneDrive/Documents/Shivam_Developement/DATA_ENGINEERING/data_engineering_project/batch-etl-pyspark/.venv/lib/python3.12/site-packages/airflow/example_dags/example_display_name.py
[2025-07-17T17:48:56.336+0000] {logging_mixin.py:188} INFO - [2025-07-17T17:48:56.334+0000] {dag.py:3096} INFO - Sync 1 DAGs
[2025-07-17T17:48:56.349+0000] {logging_mixin.py:188} INFO - [2025-07-17T17:48:56.347+0000] {dag.py:3954} INFO - Setting next_dagrun for example_display_name to None, run_after=None
[2025-07-17T17:48:56.469+0000] {processor.py:183} INFO - Processing /mnt/c/Users/Shivam Gupta/OneDrive/Documents/Shivam_Developement/DATA_ENGINEERING/data_engineering_project/batch-etl-pyspark/.venv/lib/python3.12/site-packages/airflow/example_dags/example_display_name.py took 0.236 seconds
[2025-07-17T17:50:55.340+0000] {processor.py:161} INFO - Started process (PID=3154) to work on /mnt/c/Users/Shivam Gupta/OneDrive/Documents/Shivam_Developement/DATA_ENGINEERING/data_engineering_project/batch-etl-pyspark/.venv/lib/python3.12/site-packages/airflow/example_dags/example_display_name.py
[2025-07-17T17:50:55.345+0000] {processor.py:830} INFO - Processing file /mnt/c/Users/Shivam Gupta/OneDrive/Documents/Shivam_Developement/DATA_ENGINEERING/data_engineering_project/batch-etl-pyspark/.venv/lib/python3.12/site-packages/airflow/example_dags/example_display_name.py for tasks to queue
[2025-07-17T17:50:55.351+0000] {logging_mixin.py:188} INFO - [2025-07-17T17:50:55.348+0000] {dagbag.py:545} INFO - Filling up the DagBag from /mnt/c/Users/Shivam Gupta/OneDrive/Documents/Shivam_Developement/DATA_ENGINEERING/data_engineering_project/batch-etl-pyspark/.venv/lib/python3.12/site-packages/airflow/example_dags/example_display_name.py
[2025-07-17T17:50:55.412+0000] {processor.py:840} INFO - DAG(s) 'example_display_name' retrieved from /mnt/c/Users/Shivam Gupta/OneDrive/Documents/Shivam_Developement/DATA_ENGINEERING/data_engineering_project/batch-etl-pyspark/.venv/lib/python3.12/site-packages/airflow/example_dags/example_display_name.py
[2025-07-17T17:50:55.492+0000] {logging_mixin.py:188} INFO - [2025-07-17T17:50:55.489+0000] {dag.py:3096} INFO - Sync 1 DAGs
[2025-07-17T17:50:55.520+0000] {logging_mixin.py:188} INFO - [2025-07-17T17:50:55.516+0000] {dag.py:3954} INFO - Setting next_dagrun for example_display_name to None, run_after=None
[2025-07-17T17:50:55.650+0000] {processor.py:183} INFO - Processing /mnt/c/Users/Shivam Gupta/OneDrive/Documents/Shivam_Developement/DATA_ENGINEERING/data_engineering_project/batch-etl-pyspark/.venv/lib/python3.12/site-packages/airflow/example_dags/example_display_name.py took 0.333 seconds
[2025-07-17T17:53:06.158+0000] {processor.py:161} INFO - Started process (PID=3259) to work on /mnt/c/Users/Shivam Gupta/OneDrive/Documents/Shivam_Developement/DATA_ENGINEERING/data_engineering_project/batch-etl-pyspark/.venv/lib/python3.12/site-packages/airflow/example_dags/example_display_name.py
[2025-07-17T17:53:06.162+0000] {processor.py:830} INFO - Processing file /mnt/c/Users/Shivam Gupta/OneDrive/Documents/Shivam_Developement/DATA_ENGINEERING/data_engineering_project/batch-etl-pyspark/.venv/lib/python3.12/site-packages/airflow/example_dags/example_display_name.py for tasks to queue
[2025-07-17T17:53:06.166+0000] {logging_mixin.py:188} INFO - [2025-07-17T17:53:06.164+0000] {dagbag.py:545} INFO - Filling up the DagBag from /mnt/c/Users/Shivam Gupta/OneDrive/Documents/Shivam_Developement/DATA_ENGINEERING/data_engineering_project/batch-etl-pyspark/.venv/lib/python3.12/site-packages/airflow/example_dags/example_display_name.py
[2025-07-17T17:53:06.196+0000] {processor.py:840} INFO - DAG(s) 'example_display_name' retrieved from /mnt/c/Users/Shivam Gupta/OneDrive/Documents/Shivam_Developement/DATA_ENGINEERING/data_engineering_project/batch-etl-pyspark/.venv/lib/python3.12/site-packages/airflow/example_dags/example_display_name.py
[2025-07-17T17:53:06.232+0000] {logging_mixin.py:188} INFO - [2025-07-17T17:53:06.231+0000] {dag.py:3096} INFO - Sync 1 DAGs
[2025-07-17T17:53:06.246+0000] {logging_mixin.py:188} INFO - [2025-07-17T17:53:06.245+0000] {dag.py:3954} INFO - Setting next_dagrun for example_display_name to None, run_after=None
[2025-07-17T17:53:06.340+0000] {processor.py:183} INFO - Processing /mnt/c/Users/Shivam Gupta/OneDrive/Documents/Shivam_Developement/DATA_ENGINEERING/data_engineering_project/batch-etl-pyspark/.venv/lib/python3.12/site-packages/airflow/example_dags/example_display_name.py took 0.199 seconds
[2025-07-17T17:55:09.989+0000] {processor.py:161} INFO - Started process (PID=3361) to work on /mnt/c/Users/Shivam Gupta/OneDrive/Documents/Shivam_Developement/DATA_ENGINEERING/data_engineering_project/batch-etl-pyspark/.venv/lib/python3.12/site-packages/airflow/example_dags/example_display_name.py
[2025-07-17T17:55:09.992+0000] {processor.py:830} INFO - Processing file /mnt/c/Users/Shivam Gupta/OneDrive/Documents/Shivam_Developement/DATA_ENGINEERING/data_engineering_project/batch-etl-pyspark/.venv/lib/python3.12/site-packages/airflow/example_dags/example_display_name.py for tasks to queue
[2025-07-17T17:55:09.996+0000] {logging_mixin.py:188} INFO - [2025-07-17T17:55:09.994+0000] {dagbag.py:545} INFO - Filling up the DagBag from /mnt/c/Users/Shivam Gupta/OneDrive/Documents/Shivam_Developement/DATA_ENGINEERING/data_engineering_project/batch-etl-pyspark/.venv/lib/python3.12/site-packages/airflow/example_dags/example_display_name.py
[2025-07-17T17:55:10.048+0000] {processor.py:840} INFO - DAG(s) 'example_display_name' retrieved from /mnt/c/Users/Shivam Gupta/OneDrive/Documents/Shivam_Developement/DATA_ENGINEERING/data_engineering_project/batch-etl-pyspark/.venv/lib/python3.12/site-packages/airflow/example_dags/example_display_name.py
[2025-07-17T17:55:10.106+0000] {logging_mixin.py:188} INFO - [2025-07-17T17:55:10.104+0000] {dag.py:3096} INFO - Sync 1 DAGs
[2025-07-17T17:55:10.123+0000] {logging_mixin.py:188} INFO - [2025-07-17T17:55:10.122+0000] {dag.py:3954} INFO - Setting next_dagrun for example_display_name to None, run_after=None
[2025-07-17T17:55:10.266+0000] {processor.py:183} INFO - Processing /mnt/c/Users/Shivam Gupta/OneDrive/Documents/Shivam_Developement/DATA_ENGINEERING/data_engineering_project/batch-etl-pyspark/.venv/lib/python3.12/site-packages/airflow/example_dags/example_display_name.py took 0.297 seconds
[2025-07-17T17:57:14.425+0000] {processor.py:161} INFO - Started process (PID=3461) to work on /mnt/c/Users/Shivam Gupta/OneDrive/Documents/Shivam_Developement/DATA_ENGINEERING/data_engineering_project/batch-etl-pyspark/.venv/lib/python3.12/site-packages/airflow/example_dags/example_display_name.py
[2025-07-17T17:57:14.426+0000] {processor.py:830} INFO - Processing file /mnt/c/Users/Shivam Gupta/OneDrive/Documents/Shivam_Developement/DATA_ENGINEERING/data_engineering_project/batch-etl-pyspark/.venv/lib/python3.12/site-packages/airflow/example_dags/example_display_name.py for tasks to queue
[2025-07-17T17:57:14.429+0000] {logging_mixin.py:188} INFO - [2025-07-17T17:57:14.427+0000] {dagbag.py:545} INFO - Filling up the DagBag from /mnt/c/Users/Shivam Gupta/OneDrive/Documents/Shivam_Developement/DATA_ENGINEERING/data_engineering_project/batch-etl-pyspark/.venv/lib/python3.12/site-packages/airflow/example_dags/example_display_name.py
[2025-07-17T17:57:14.478+0000] {processor.py:840} INFO - DAG(s) 'example_display_name' retrieved from /mnt/c/Users/Shivam Gupta/OneDrive/Documents/Shivam_Developement/DATA_ENGINEERING/data_engineering_project/batch-etl-pyspark/.venv/lib/python3.12/site-packages/airflow/example_dags/example_display_name.py
[2025-07-17T17:57:14.537+0000] {logging_mixin.py:188} INFO - [2025-07-17T17:57:14.535+0000] {dag.py:3096} INFO - Sync 1 DAGs
[2025-07-17T17:57:14.553+0000] {logging_mixin.py:188} INFO - [2025-07-17T17:57:14.552+0000] {dag.py:3954} INFO - Setting next_dagrun for example_display_name to None, run_after=None
[2025-07-17T17:57:14.698+0000] {processor.py:183} INFO - Processing /mnt/c/Users/Shivam Gupta/OneDrive/Documents/Shivam_Developement/DATA_ENGINEERING/data_engineering_project/batch-etl-pyspark/.venv/lib/python3.12/site-packages/airflow/example_dags/example_display_name.py took 0.283 seconds
[2025-07-17T17:59:18.216+0000] {processor.py:161} INFO - Started process (PID=3561) to work on /mnt/c/Users/Shivam Gupta/OneDrive/Documents/Shivam_Developement/DATA_ENGINEERING/data_engineering_project/batch-etl-pyspark/.venv/lib/python3.12/site-packages/airflow/example_dags/example_display_name.py
[2025-07-17T17:59:18.220+0000] {processor.py:830} INFO - Processing file /mnt/c/Users/Shivam Gupta/OneDrive/Documents/Shivam_Developement/DATA_ENGINEERING/data_engineering_project/batch-etl-pyspark/.venv/lib/python3.12/site-packages/airflow/example_dags/example_display_name.py for tasks to queue
[2025-07-17T17:59:18.225+0000] {logging_mixin.py:188} INFO - [2025-07-17T17:59:18.223+0000] {dagbag.py:545} INFO - Filling up the DagBag from /mnt/c/Users/Shivam Gupta/OneDrive/Documents/Shivam_Developement/DATA_ENGINEERING/data_engineering_project/batch-etl-pyspark/.venv/lib/python3.12/site-packages/airflow/example_dags/example_display_name.py
[2025-07-17T17:59:18.259+0000] {processor.py:840} INFO - DAG(s) 'example_display_name' retrieved from /mnt/c/Users/Shivam Gupta/OneDrive/Documents/Shivam_Developement/DATA_ENGINEERING/data_engineering_project/batch-etl-pyspark/.venv/lib/python3.12/site-packages/airflow/example_dags/example_display_name.py
[2025-07-17T17:59:18.296+0000] {logging_mixin.py:188} INFO - [2025-07-17T17:59:18.295+0000] {dag.py:3096} INFO - Sync 1 DAGs
[2025-07-17T17:59:18.317+0000] {logging_mixin.py:188} INFO - [2025-07-17T17:59:18.315+0000] {dag.py:3954} INFO - Setting next_dagrun for example_display_name to None, run_after=None
[2025-07-17T17:59:18.427+0000] {processor.py:183} INFO - Processing /mnt/c/Users/Shivam Gupta/OneDrive/Documents/Shivam_Developement/DATA_ENGINEERING/data_engineering_project/batch-etl-pyspark/.venv/lib/python3.12/site-packages/airflow/example_dags/example_display_name.py took 0.237 seconds
[2025-07-17T18:01:27.842+0000] {processor.py:161} INFO - Started process (PID=3668) to work on /mnt/c/Users/Shivam Gupta/OneDrive/Documents/Shivam_Developement/DATA_ENGINEERING/data_engineering_project/batch-etl-pyspark/.venv/lib/python3.12/site-packages/airflow/example_dags/example_display_name.py
[2025-07-17T18:01:27.847+0000] {processor.py:830} INFO - Processing file /mnt/c/Users/Shivam Gupta/OneDrive/Documents/Shivam_Developement/DATA_ENGINEERING/data_engineering_project/batch-etl-pyspark/.venv/lib/python3.12/site-packages/airflow/example_dags/example_display_name.py for tasks to queue
[2025-07-17T18:01:27.851+0000] {logging_mixin.py:188} INFO - [2025-07-17T18:01:27.849+0000] {dagbag.py:545} INFO - Filling up the DagBag from /mnt/c/Users/Shivam Gupta/OneDrive/Documents/Shivam_Developement/DATA_ENGINEERING/data_engineering_project/batch-etl-pyspark/.venv/lib/python3.12/site-packages/airflow/example_dags/example_display_name.py
[2025-07-17T18:01:27.896+0000] {processor.py:840} INFO - DAG(s) 'example_display_name' retrieved from /mnt/c/Users/Shivam Gupta/OneDrive/Documents/Shivam_Developement/DATA_ENGINEERING/data_engineering_project/batch-etl-pyspark/.venv/lib/python3.12/site-packages/airflow/example_dags/example_display_name.py
[2025-07-17T18:01:27.947+0000] {logging_mixin.py:188} INFO - [2025-07-17T18:01:27.945+0000] {dag.py:3096} INFO - Sync 1 DAGs
[2025-07-17T18:01:27.962+0000] {logging_mixin.py:188} INFO - [2025-07-17T18:01:27.961+0000] {dag.py:3954} INFO - Setting next_dagrun for example_display_name to None, run_after=None
[2025-07-17T18:01:28.072+0000] {processor.py:183} INFO - Processing /mnt/c/Users/Shivam Gupta/OneDrive/Documents/Shivam_Developement/DATA_ENGINEERING/data_engineering_project/batch-etl-pyspark/.venv/lib/python3.12/site-packages/airflow/example_dags/example_display_name.py took 0.250 seconds
[2025-07-17T18:03:28.417+0000] {processor.py:161} INFO - Started process (PID=3771) to work on /mnt/c/Users/Shivam Gupta/OneDrive/Documents/Shivam_Developement/DATA_ENGINEERING/data_engineering_project/batch-etl-pyspark/.venv/lib/python3.12/site-packages/airflow/example_dags/example_display_name.py
[2025-07-17T18:03:28.419+0000] {processor.py:830} INFO - Processing file /mnt/c/Users/Shivam Gupta/OneDrive/Documents/Shivam_Developement/DATA_ENGINEERING/data_engineering_project/batch-etl-pyspark/.venv/lib/python3.12/site-packages/airflow/example_dags/example_display_name.py for tasks to queue
[2025-07-17T18:03:28.424+0000] {logging_mixin.py:188} INFO - [2025-07-17T18:03:28.422+0000] {dagbag.py:545} INFO - Filling up the DagBag from /mnt/c/Users/Shivam Gupta/OneDrive/Documents/Shivam_Developement/DATA_ENGINEERING/data_engineering_project/batch-etl-pyspark/.venv/lib/python3.12/site-packages/airflow/example_dags/example_display_name.py
[2025-07-17T18:03:28.460+0000] {processor.py:840} INFO - DAG(s) 'example_display_name' retrieved from /mnt/c/Users/Shivam Gupta/OneDrive/Documents/Shivam_Developement/DATA_ENGINEERING/data_engineering_project/batch-etl-pyspark/.venv/lib/python3.12/site-packages/airflow/example_dags/example_display_name.py
[2025-07-17T18:03:28.507+0000] {logging_mixin.py:188} INFO - [2025-07-17T18:03:28.506+0000] {dag.py:3096} INFO - Sync 1 DAGs
[2025-07-17T18:03:28.528+0000] {logging_mixin.py:188} INFO - [2025-07-17T18:03:28.526+0000] {dag.py:3954} INFO - Setting next_dagrun for example_display_name to None, run_after=None
[2025-07-17T18:03:28.661+0000] {processor.py:183} INFO - Processing /mnt/c/Users/Shivam Gupta/OneDrive/Documents/Shivam_Developement/DATA_ENGINEERING/data_engineering_project/batch-etl-pyspark/.venv/lib/python3.12/site-packages/airflow/example_dags/example_display_name.py took 0.267 seconds
[2025-07-17T18:05:31.524+0000] {processor.py:161} INFO - Started process (PID=3872) to work on /mnt/c/Users/Shivam Gupta/OneDrive/Documents/Shivam_Developement/DATA_ENGINEERING/data_engineering_project/batch-etl-pyspark/.venv/lib/python3.12/site-packages/airflow/example_dags/example_display_name.py
[2025-07-17T18:05:31.528+0000] {processor.py:830} INFO - Processing file /mnt/c/Users/Shivam Gupta/OneDrive/Documents/Shivam_Developement/DATA_ENGINEERING/data_engineering_project/batch-etl-pyspark/.venv/lib/python3.12/site-packages/airflow/example_dags/example_display_name.py for tasks to queue
[2025-07-17T18:05:31.533+0000] {logging_mixin.py:188} INFO - [2025-07-17T18:05:31.531+0000] {dagbag.py:545} INFO - Filling up the DagBag from /mnt/c/Users/Shivam Gupta/OneDrive/Documents/Shivam_Developement/DATA_ENGINEERING/data_engineering_project/batch-etl-pyspark/.venv/lib/python3.12/site-packages/airflow/example_dags/example_display_name.py
[2025-07-17T18:05:31.574+0000] {processor.py:840} INFO - DAG(s) 'example_display_name' retrieved from /mnt/c/Users/Shivam Gupta/OneDrive/Documents/Shivam_Developement/DATA_ENGINEERING/data_engineering_project/batch-etl-pyspark/.venv/lib/python3.12/site-packages/airflow/example_dags/example_display_name.py
[2025-07-17T18:05:31.614+0000] {logging_mixin.py:188} INFO - [2025-07-17T18:05:31.612+0000] {dag.py:3096} INFO - Sync 1 DAGs
[2025-07-17T18:05:31.636+0000] {logging_mixin.py:188} INFO - [2025-07-17T18:05:31.633+0000] {dag.py:3954} INFO - Setting next_dagrun for example_display_name to None, run_after=None
[2025-07-17T18:05:31.746+0000] {processor.py:183} INFO - Processing /mnt/c/Users/Shivam Gupta/OneDrive/Documents/Shivam_Developement/DATA_ENGINEERING/data_engineering_project/batch-etl-pyspark/.venv/lib/python3.12/site-packages/airflow/example_dags/example_display_name.py took 0.239 seconds
[2025-07-17T18:07:36.030+0000] {processor.py:161} INFO - Started process (PID=3973) to work on /mnt/c/Users/Shivam Gupta/OneDrive/Documents/Shivam_Developement/DATA_ENGINEERING/data_engineering_project/batch-etl-pyspark/.venv/lib/python3.12/site-packages/airflow/example_dags/example_display_name.py
[2025-07-17T18:07:36.042+0000] {processor.py:830} INFO - Processing file /mnt/c/Users/Shivam Gupta/OneDrive/Documents/Shivam_Developement/DATA_ENGINEERING/data_engineering_project/batch-etl-pyspark/.venv/lib/python3.12/site-packages/airflow/example_dags/example_display_name.py for tasks to queue
[2025-07-17T18:07:36.058+0000] {logging_mixin.py:188} INFO - [2025-07-17T18:07:36.054+0000] {dagbag.py:545} INFO - Filling up the DagBag from /mnt/c/Users/Shivam Gupta/OneDrive/Documents/Shivam_Developement/DATA_ENGINEERING/data_engineering_project/batch-etl-pyspark/.venv/lib/python3.12/site-packages/airflow/example_dags/example_display_name.py
[2025-07-17T18:07:36.100+0000] {processor.py:840} INFO - DAG(s) 'example_display_name' retrieved from /mnt/c/Users/Shivam Gupta/OneDrive/Documents/Shivam_Developement/DATA_ENGINEERING/data_engineering_project/batch-etl-pyspark/.venv/lib/python3.12/site-packages/airflow/example_dags/example_display_name.py
[2025-07-17T18:07:36.144+0000] {logging_mixin.py:188} INFO - [2025-07-17T18:07:36.143+0000] {dag.py:3096} INFO - Sync 1 DAGs
[2025-07-17T18:07:36.162+0000] {logging_mixin.py:188} INFO - [2025-07-17T18:07:36.161+0000] {dag.py:3954} INFO - Setting next_dagrun for example_display_name to None, run_after=None
[2025-07-17T18:07:36.261+0000] {processor.py:183} INFO - Processing /mnt/c/Users/Shivam Gupta/OneDrive/Documents/Shivam_Developement/DATA_ENGINEERING/data_engineering_project/batch-etl-pyspark/.venv/lib/python3.12/site-packages/airflow/example_dags/example_display_name.py took 0.278 seconds
[2025-07-17T18:09:47.929+0000] {processor.py:161} INFO - Started process (PID=4078) to work on /mnt/c/Users/Shivam Gupta/OneDrive/Documents/Shivam_Developement/DATA_ENGINEERING/data_engineering_project/batch-etl-pyspark/.venv/lib/python3.12/site-packages/airflow/example_dags/example_display_name.py
[2025-07-17T18:09:47.934+0000] {processor.py:830} INFO - Processing file /mnt/c/Users/Shivam Gupta/OneDrive/Documents/Shivam_Developement/DATA_ENGINEERING/data_engineering_project/batch-etl-pyspark/.venv/lib/python3.12/site-packages/airflow/example_dags/example_display_name.py for tasks to queue
[2025-07-17T18:09:47.942+0000] {logging_mixin.py:188} INFO - [2025-07-17T18:09:47.939+0000] {dagbag.py:545} INFO - Filling up the DagBag from /mnt/c/Users/Shivam Gupta/OneDrive/Documents/Shivam_Developement/DATA_ENGINEERING/data_engineering_project/batch-etl-pyspark/.venv/lib/python3.12/site-packages/airflow/example_dags/example_display_name.py
[2025-07-17T18:09:47.970+0000] {processor.py:840} INFO - DAG(s) 'example_display_name' retrieved from /mnt/c/Users/Shivam Gupta/OneDrive/Documents/Shivam_Developement/DATA_ENGINEERING/data_engineering_project/batch-etl-pyspark/.venv/lib/python3.12/site-packages/airflow/example_dags/example_display_name.py
[2025-07-17T18:09:47.996+0000] {logging_mixin.py:188} INFO - [2025-07-17T18:09:47.995+0000] {dag.py:3096} INFO - Sync 1 DAGs
[2025-07-17T18:09:48.007+0000] {logging_mixin.py:188} INFO - [2025-07-17T18:09:48.006+0000] {dag.py:3954} INFO - Setting next_dagrun for example_display_name to None, run_after=None
[2025-07-17T18:09:48.067+0000] {processor.py:183} INFO - Processing /mnt/c/Users/Shivam Gupta/OneDrive/Documents/Shivam_Developement/DATA_ENGINEERING/data_engineering_project/batch-etl-pyspark/.venv/lib/python3.12/site-packages/airflow/example_dags/example_display_name.py took 0.184 seconds
[2025-07-17T18:11:58.037+0000] {processor.py:161} INFO - Started process (PID=4180) to work on /mnt/c/Users/Shivam Gupta/OneDrive/Documents/Shivam_Developement/DATA_ENGINEERING/data_engineering_project/batch-etl-pyspark/.venv/lib/python3.12/site-packages/airflow/example_dags/example_display_name.py
[2025-07-17T18:11:58.040+0000] {processor.py:830} INFO - Processing file /mnt/c/Users/Shivam Gupta/OneDrive/Documents/Shivam_Developement/DATA_ENGINEERING/data_engineering_project/batch-etl-pyspark/.venv/lib/python3.12/site-packages/airflow/example_dags/example_display_name.py for tasks to queue
[2025-07-17T18:11:58.045+0000] {logging_mixin.py:188} INFO - [2025-07-17T18:11:58.043+0000] {dagbag.py:545} INFO - Filling up the DagBag from /mnt/c/Users/Shivam Gupta/OneDrive/Documents/Shivam_Developement/DATA_ENGINEERING/data_engineering_project/batch-etl-pyspark/.venv/lib/python3.12/site-packages/airflow/example_dags/example_display_name.py
[2025-07-17T18:11:58.074+0000] {processor.py:840} INFO - DAG(s) 'example_display_name' retrieved from /mnt/c/Users/Shivam Gupta/OneDrive/Documents/Shivam_Developement/DATA_ENGINEERING/data_engineering_project/batch-etl-pyspark/.venv/lib/python3.12/site-packages/airflow/example_dags/example_display_name.py
[2025-07-17T18:11:58.111+0000] {logging_mixin.py:188} INFO - [2025-07-17T18:11:58.110+0000] {dag.py:3096} INFO - Sync 1 DAGs
[2025-07-17T18:11:58.125+0000] {logging_mixin.py:188} INFO - [2025-07-17T18:11:58.123+0000] {dag.py:3954} INFO - Setting next_dagrun for example_display_name to None, run_after=None
[2025-07-17T18:11:58.285+0000] {processor.py:183} INFO - Processing /mnt/c/Users/Shivam Gupta/OneDrive/Documents/Shivam_Developement/DATA_ENGINEERING/data_engineering_project/batch-etl-pyspark/.venv/lib/python3.12/site-packages/airflow/example_dags/example_display_name.py took 0.272 seconds
[2025-07-17T18:14:07.171+0000] {processor.py:161} INFO - Started process (PID=4285) to work on /mnt/c/Users/Shivam Gupta/OneDrive/Documents/Shivam_Developement/DATA_ENGINEERING/data_engineering_project/batch-etl-pyspark/.venv/lib/python3.12/site-packages/airflow/example_dags/example_display_name.py
[2025-07-17T18:14:07.174+0000] {processor.py:830} INFO - Processing file /mnt/c/Users/Shivam Gupta/OneDrive/Documents/Shivam_Developement/DATA_ENGINEERING/data_engineering_project/batch-etl-pyspark/.venv/lib/python3.12/site-packages/airflow/example_dags/example_display_name.py for tasks to queue
[2025-07-17T18:14:07.178+0000] {logging_mixin.py:188} INFO - [2025-07-17T18:14:07.176+0000] {dagbag.py:545} INFO - Filling up the DagBag from /mnt/c/Users/Shivam Gupta/OneDrive/Documents/Shivam_Developement/DATA_ENGINEERING/data_engineering_project/batch-etl-pyspark/.venv/lib/python3.12/site-packages/airflow/example_dags/example_display_name.py
[2025-07-17T18:14:07.210+0000] {processor.py:840} INFO - DAG(s) 'example_display_name' retrieved from /mnt/c/Users/Shivam Gupta/OneDrive/Documents/Shivam_Developement/DATA_ENGINEERING/data_engineering_project/batch-etl-pyspark/.venv/lib/python3.12/site-packages/airflow/example_dags/example_display_name.py
[2025-07-17T18:14:07.241+0000] {logging_mixin.py:188} INFO - [2025-07-17T18:14:07.240+0000] {dag.py:3096} INFO - Sync 1 DAGs
[2025-07-17T18:14:07.257+0000] {logging_mixin.py:188} INFO - [2025-07-17T18:14:07.256+0000] {dag.py:3954} INFO - Setting next_dagrun for example_display_name to None, run_after=None
[2025-07-17T18:14:07.338+0000] {processor.py:183} INFO - Processing /mnt/c/Users/Shivam Gupta/OneDrive/Documents/Shivam_Developement/DATA_ENGINEERING/data_engineering_project/batch-etl-pyspark/.venv/lib/python3.12/site-packages/airflow/example_dags/example_display_name.py took 0.185 seconds
