[2025-07-17T17:13:05.235+0000] {processor.py:161} INFO - Started process (PID=1924) to work on /mnt/c/Users/Shivam Gupta/OneDrive/Documents/Shivam_Developement/DATA_ENGINEERING/data_engineering_project/batch-etl-pyspark/.venv/lib/python3.12/site-packages/airflow/example_dags/example_sla_dag.py
[2025-07-17T17:13:05.239+0000] {processor.py:830} INFO - Processing file /mnt/c/Users/Shivam Gupta/OneDrive/Documents/Shivam_Developement/DATA_ENGINEERING/data_engineering_project/batch-etl-pyspark/.venv/lib/python3.12/site-packages/airflow/example_dags/example_sla_dag.py for tasks to queue
[2025-07-17T17:13:05.247+0000] {logging_mixin.py:188} INFO - [2025-07-17T17:13:05.245+0000] {dagbag.py:545} INFO - Filling up the DagBag from /mnt/c/Users/Shivam Gupta/OneDrive/Documents/Shivam_Developement/DATA_ENGINEERING/data_engineering_project/batch-etl-pyspark/.venv/lib/python3.12/site-packages/airflow/example_dags/example_sla_dag.py
[2025-07-17T17:13:05.302+0000] {processor.py:840} INFO - DAG(s) 'example_sla_dag' retrieved from /mnt/c/Users/Shivam Gupta/OneDrive/Documents/Shivam_Developement/DATA_ENGINEERING/data_engineering_project/batch-etl-pyspark/.venv/lib/python3.12/site-packages/airflow/example_dags/example_sla_dag.py
[2025-07-17T17:13:11.253+0000] {logging_mixin.py:188} INFO - [2025-07-17T17:13:11.251+0000] {dag.py:3096} INFO - Sync 1 DAGs
[2025-07-17T17:13:11.544+0000] {logging_mixin.py:188} INFO - [2025-07-17T17:13:11.543+0000] {dag.py:3954} INFO - Setting next_dagrun for example_sla_dag to 2025-07-17 17:10:00+00:00, run_after=2025-07-17 17:12:00+00:00
[2025-07-17T17:13:12.070+0000] {processor.py:183} INFO - Processing /mnt/c/Users/Shivam Gupta/OneDrive/Documents/Shivam_Developement/DATA_ENGINEERING/data_engineering_project/batch-etl-pyspark/.venv/lib/python3.12/site-packages/airflow/example_dags/example_sla_dag.py took 6.865 seconds
[2025-07-17T17:18:46.621+0000] {processor.py:161} INFO - Started process (PID=2024) to work on /mnt/c/Users/Shivam Gupta/OneDrive/Documents/Shivam_Developement/DATA_ENGINEERING/data_engineering_project/batch-etl-pyspark/.venv/lib/python3.12/site-packages/airflow/example_dags/example_sla_dag.py
[2025-07-17T17:18:46.628+0000] {processor.py:830} INFO - Processing file /mnt/c/Users/Shivam Gupta/OneDrive/Documents/Shivam_Developement/DATA_ENGINEERING/data_engineering_project/batch-etl-pyspark/.venv/lib/python3.12/site-packages/airflow/example_dags/example_sla_dag.py for tasks to queue
[2025-07-17T17:18:46.636+0000] {logging_mixin.py:188} INFO - [2025-07-17T17:18:46.633+0000] {dagbag.py:545} INFO - Filling up the DagBag from /mnt/c/Users/Shivam Gupta/OneDrive/Documents/Shivam_Developement/DATA_ENGINEERING/data_engineering_project/batch-etl-pyspark/.venv/lib/python3.12/site-packages/airflow/example_dags/example_sla_dag.py
[2025-07-17T17:18:46.797+0000] {processor.py:840} INFO - DAG(s) 'example_sla_dag' retrieved from /mnt/c/Users/Shivam Gupta/OneDrive/Documents/Shivam_Developement/DATA_ENGINEERING/data_engineering_project/batch-etl-pyspark/.venv/lib/python3.12/site-packages/airflow/example_dags/example_sla_dag.py
[2025-07-17T17:18:47.055+0000] {logging_mixin.py:188} INFO - [2025-07-17T17:18:47.051+0000] {dag.py:3096} INFO - Sync 1 DAGs
[2025-07-17T17:18:47.214+0000] {logging_mixin.py:188} INFO - [2025-07-17T17:18:47.210+0000] {dag.py:3954} INFO - Setting next_dagrun for example_sla_dag to 2025-07-17 17:16:00+00:00, run_after=2025-07-17 17:18:00+00:00
[2025-07-17T17:18:47.496+0000] {processor.py:183} INFO - Processing /mnt/c/Users/Shivam Gupta/OneDrive/Documents/Shivam_Developement/DATA_ENGINEERING/data_engineering_project/batch-etl-pyspark/.venv/lib/python3.12/site-packages/airflow/example_dags/example_sla_dag.py took 0.910 seconds
[2025-07-17T17:21:14.805+0000] {processor.py:161} INFO - Started process (PID=2095) to work on /mnt/c/Users/Shivam Gupta/OneDrive/Documents/Shivam_Developement/DATA_ENGINEERING/data_engineering_project/batch-etl-pyspark/.venv/lib/python3.12/site-packages/airflow/example_dags/example_sla_dag.py
[2025-07-17T17:21:14.817+0000] {processor.py:830} INFO - Processing file /mnt/c/Users/Shivam Gupta/OneDrive/Documents/Shivam_Developement/DATA_ENGINEERING/data_engineering_project/batch-etl-pyspark/.venv/lib/python3.12/site-packages/airflow/example_dags/example_sla_dag.py for tasks to queue
[2025-07-17T17:21:14.823+0000] {logging_mixin.py:188} INFO - [2025-07-17T17:21:14.821+0000] {dagbag.py:545} INFO - Filling up the DagBag from /mnt/c/Users/Shivam Gupta/OneDrive/Documents/Shivam_Developement/DATA_ENGINEERING/data_engineering_project/batch-etl-pyspark/.venv/lib/python3.12/site-packages/airflow/example_dags/example_sla_dag.py
[2025-07-17T17:21:14.879+0000] {processor.py:840} INFO - DAG(s) 'example_sla_dag' retrieved from /mnt/c/Users/Shivam Gupta/OneDrive/Documents/Shivam_Developement/DATA_ENGINEERING/data_engineering_project/batch-etl-pyspark/.venv/lib/python3.12/site-packages/airflow/example_dags/example_sla_dag.py
[2025-07-17T17:21:14.918+0000] {logging_mixin.py:188} INFO - [2025-07-17T17:21:14.917+0000] {dag.py:3096} INFO - Sync 1 DAGs
[2025-07-17T17:21:14.964+0000] {logging_mixin.py:188} INFO - [2025-07-17T17:21:14.963+0000] {dag.py:3954} INFO - Setting next_dagrun for example_sla_dag to 2025-07-17 17:18:00+00:00, run_after=2025-07-17 17:20:00+00:00
[2025-07-17T17:21:15.058+0000] {processor.py:183} INFO - Processing /mnt/c/Users/Shivam Gupta/OneDrive/Documents/Shivam_Developement/DATA_ENGINEERING/data_engineering_project/batch-etl-pyspark/.venv/lib/python3.12/site-packages/airflow/example_dags/example_sla_dag.py took 0.280 seconds
[2025-07-17T17:23:04.017+0000] {processor.py:161} INFO - Started process (PID=2171) to work on /mnt/c/Users/Shivam Gupta/OneDrive/Documents/Shivam_Developement/DATA_ENGINEERING/data_engineering_project/batch-etl-pyspark/.venv/lib/python3.12/site-packages/airflow/example_dags/example_sla_dag.py
[2025-07-17T17:23:04.021+0000] {processor.py:830} INFO - Processing file /mnt/c/Users/Shivam Gupta/OneDrive/Documents/Shivam_Developement/DATA_ENGINEERING/data_engineering_project/batch-etl-pyspark/.venv/lib/python3.12/site-packages/airflow/example_dags/example_sla_dag.py for tasks to queue
[2025-07-17T17:23:04.028+0000] {logging_mixin.py:188} INFO - [2025-07-17T17:23:04.025+0000] {dagbag.py:545} INFO - Filling up the DagBag from /mnt/c/Users/Shivam Gupta/OneDrive/Documents/Shivam_Developement/DATA_ENGINEERING/data_engineering_project/batch-etl-pyspark/.venv/lib/python3.12/site-packages/airflow/example_dags/example_sla_dag.py
[2025-07-17T17:23:04.100+0000] {processor.py:840} INFO - DAG(s) 'example_sla_dag' retrieved from /mnt/c/Users/Shivam Gupta/OneDrive/Documents/Shivam_Developement/DATA_ENGINEERING/data_engineering_project/batch-etl-pyspark/.venv/lib/python3.12/site-packages/airflow/example_dags/example_sla_dag.py
[2025-07-17T17:23:04.150+0000] {logging_mixin.py:188} INFO - [2025-07-17T17:23:04.148+0000] {dag.py:3096} INFO - Sync 1 DAGs
[2025-07-17T17:23:04.217+0000] {logging_mixin.py:188} INFO - [2025-07-17T17:23:04.215+0000] {dag.py:3954} INFO - Setting next_dagrun for example_sla_dag to 2025-07-17 17:20:00+00:00, run_after=2025-07-17 17:22:00+00:00
[2025-07-17T17:23:04.312+0000] {processor.py:183} INFO - Processing /mnt/c/Users/Shivam Gupta/OneDrive/Documents/Shivam_Developement/DATA_ENGINEERING/data_engineering_project/batch-etl-pyspark/.venv/lib/python3.12/site-packages/airflow/example_dags/example_sla_dag.py took 0.325 seconds
[2025-07-17T17:24:59.534+0000] {processor.py:161} INFO - Started process (PID=2240) to work on /mnt/c/Users/Shivam Gupta/OneDrive/Documents/Shivam_Developement/DATA_ENGINEERING/data_engineering_project/batch-etl-pyspark/.venv/lib/python3.12/site-packages/airflow/example_dags/example_sla_dag.py
[2025-07-17T17:24:59.536+0000] {processor.py:830} INFO - Processing file /mnt/c/Users/Shivam Gupta/OneDrive/Documents/Shivam_Developement/DATA_ENGINEERING/data_engineering_project/batch-etl-pyspark/.venv/lib/python3.12/site-packages/airflow/example_dags/example_sla_dag.py for tasks to queue
[2025-07-17T17:24:59.541+0000] {logging_mixin.py:188} INFO - [2025-07-17T17:24:59.540+0000] {dagbag.py:545} INFO - Filling up the DagBag from /mnt/c/Users/Shivam Gupta/OneDrive/Documents/Shivam_Developement/DATA_ENGINEERING/data_engineering_project/batch-etl-pyspark/.venv/lib/python3.12/site-packages/airflow/example_dags/example_sla_dag.py
[2025-07-17T17:24:59.589+0000] {processor.py:840} INFO - DAG(s) 'example_sla_dag' retrieved from /mnt/c/Users/Shivam Gupta/OneDrive/Documents/Shivam_Developement/DATA_ENGINEERING/data_engineering_project/batch-etl-pyspark/.venv/lib/python3.12/site-packages/airflow/example_dags/example_sla_dag.py
[2025-07-17T17:24:59.623+0000] {logging_mixin.py:188} INFO - [2025-07-17T17:24:59.622+0000] {dag.py:3096} INFO - Sync 1 DAGs
[2025-07-17T17:24:59.658+0000] {logging_mixin.py:188} INFO - [2025-07-17T17:24:59.657+0000] {dag.py:3954} INFO - Setting next_dagrun for example_sla_dag to 2025-07-17 17:22:00+00:00, run_after=2025-07-17 17:24:00+00:00
[2025-07-17T17:24:59.833+0000] {processor.py:183} INFO - Processing /mnt/c/Users/Shivam Gupta/OneDrive/Documents/Shivam_Developement/DATA_ENGINEERING/data_engineering_project/batch-etl-pyspark/.venv/lib/python3.12/site-packages/airflow/example_dags/example_sla_dag.py took 0.318 seconds
[2025-07-17T17:27:03.772+0000] {processor.py:161} INFO - Started process (PID=2314) to work on /mnt/c/Users/Shivam Gupta/OneDrive/Documents/Shivam_Developement/DATA_ENGINEERING/data_engineering_project/batch-etl-pyspark/.venv/lib/python3.12/site-packages/airflow/example_dags/example_sla_dag.py
[2025-07-17T17:27:03.780+0000] {processor.py:830} INFO - Processing file /mnt/c/Users/Shivam Gupta/OneDrive/Documents/Shivam_Developement/DATA_ENGINEERING/data_engineering_project/batch-etl-pyspark/.venv/lib/python3.12/site-packages/airflow/example_dags/example_sla_dag.py for tasks to queue
[2025-07-17T17:27:03.796+0000] {logging_mixin.py:188} INFO - [2025-07-17T17:27:03.791+0000] {dagbag.py:545} INFO - Filling up the DagBag from /mnt/c/Users/Shivam Gupta/OneDrive/Documents/Shivam_Developement/DATA_ENGINEERING/data_engineering_project/batch-etl-pyspark/.venv/lib/python3.12/site-packages/airflow/example_dags/example_sla_dag.py
[2025-07-17T17:27:04.076+0000] {processor.py:840} INFO - DAG(s) 'example_sla_dag' retrieved from /mnt/c/Users/Shivam Gupta/OneDrive/Documents/Shivam_Developement/DATA_ENGINEERING/data_engineering_project/batch-etl-pyspark/.venv/lib/python3.12/site-packages/airflow/example_dags/example_sla_dag.py
[2025-07-17T17:27:04.424+0000] {logging_mixin.py:188} INFO - [2025-07-17T17:27:04.385+0000] {dag.py:3096} INFO - Sync 1 DAGs
[2025-07-17T17:27:04.834+0000] {logging_mixin.py:188} INFO - [2025-07-17T17:27:04.763+0000] {dag.py:3954} INFO - Setting next_dagrun for example_sla_dag to 2025-07-17 17:24:00+00:00, run_after=2025-07-17 17:26:00+00:00
[2025-07-17T17:27:05.380+0000] {processor.py:183} INFO - Processing /mnt/c/Users/Shivam Gupta/OneDrive/Documents/Shivam_Developement/DATA_ENGINEERING/data_engineering_project/batch-etl-pyspark/.venv/lib/python3.12/site-packages/airflow/example_dags/example_sla_dag.py took 1.670 seconds
[2025-07-17T17:32:55.294+0000] {processor.py:161} INFO - Started process (PID=2479) to work on /mnt/c/Users/Shivam Gupta/OneDrive/Documents/Shivam_Developement/DATA_ENGINEERING/data_engineering_project/batch-etl-pyspark/.venv/lib/python3.12/site-packages/airflow/example_dags/example_sla_dag.py
[2025-07-17T17:32:55.298+0000] {processor.py:830} INFO - Processing file /mnt/c/Users/Shivam Gupta/OneDrive/Documents/Shivam_Developement/DATA_ENGINEERING/data_engineering_project/batch-etl-pyspark/.venv/lib/python3.12/site-packages/airflow/example_dags/example_sla_dag.py for tasks to queue
[2025-07-17T17:32:55.302+0000] {logging_mixin.py:188} INFO - [2025-07-17T17:32:55.300+0000] {dagbag.py:545} INFO - Filling up the DagBag from /mnt/c/Users/Shivam Gupta/OneDrive/Documents/Shivam_Developement/DATA_ENGINEERING/data_engineering_project/batch-etl-pyspark/.venv/lib/python3.12/site-packages/airflow/example_dags/example_sla_dag.py
[2025-07-17T17:32:55.381+0000] {processor.py:840} INFO - DAG(s) 'example_sla_dag' retrieved from /mnt/c/Users/Shivam Gupta/OneDrive/Documents/Shivam_Developement/DATA_ENGINEERING/data_engineering_project/batch-etl-pyspark/.venv/lib/python3.12/site-packages/airflow/example_dags/example_sla_dag.py
[2025-07-17T17:32:55.462+0000] {logging_mixin.py:188} INFO - [2025-07-17T17:32:55.460+0000] {dag.py:3096} INFO - Sync 1 DAGs
[2025-07-17T17:32:55.646+0000] {logging_mixin.py:188} INFO - [2025-07-17T17:32:55.645+0000] {dag.py:3954} INFO - Setting next_dagrun for example_sla_dag to 2025-07-17 17:30:00+00:00, run_after=2025-07-17 17:32:00+00:00
[2025-07-17T17:32:55.753+0000] {processor.py:183} INFO - Processing /mnt/c/Users/Shivam Gupta/OneDrive/Documents/Shivam_Developement/DATA_ENGINEERING/data_engineering_project/batch-etl-pyspark/.venv/lib/python3.12/site-packages/airflow/example_dags/example_sla_dag.py took 0.488 seconds
[2025-07-17T17:35:01.406+0000] {processor.py:161} INFO - Started process (PID=2553) to work on /mnt/c/Users/Shivam Gupta/OneDrive/Documents/Shivam_Developement/DATA_ENGINEERING/data_engineering_project/batch-etl-pyspark/.venv/lib/python3.12/site-packages/airflow/example_dags/example_sla_dag.py
[2025-07-17T17:35:01.411+0000] {processor.py:830} INFO - Processing file /mnt/c/Users/Shivam Gupta/OneDrive/Documents/Shivam_Developement/DATA_ENGINEERING/data_engineering_project/batch-etl-pyspark/.venv/lib/python3.12/site-packages/airflow/example_dags/example_sla_dag.py for tasks to queue
[2025-07-17T17:35:01.417+0000] {logging_mixin.py:188} INFO - [2025-07-17T17:35:01.414+0000] {dagbag.py:545} INFO - Filling up the DagBag from /mnt/c/Users/Shivam Gupta/OneDrive/Documents/Shivam_Developement/DATA_ENGINEERING/data_engineering_project/batch-etl-pyspark/.venv/lib/python3.12/site-packages/airflow/example_dags/example_sla_dag.py
[2025-07-17T17:35:01.508+0000] {processor.py:840} INFO - DAG(s) 'example_sla_dag' retrieved from /mnt/c/Users/Shivam Gupta/OneDrive/Documents/Shivam_Developement/DATA_ENGINEERING/data_engineering_project/batch-etl-pyspark/.venv/lib/python3.12/site-packages/airflow/example_dags/example_sla_dag.py
[2025-07-17T17:35:01.577+0000] {logging_mixin.py:188} INFO - [2025-07-17T17:35:01.575+0000] {dag.py:3096} INFO - Sync 1 DAGs
[2025-07-17T17:35:01.643+0000] {logging_mixin.py:188} INFO - [2025-07-17T17:35:01.640+0000] {dag.py:3954} INFO - Setting next_dagrun for example_sla_dag to 2025-07-17 17:32:00+00:00, run_after=2025-07-17 17:34:00+00:00
[2025-07-17T17:35:01.764+0000] {processor.py:183} INFO - Processing /mnt/c/Users/Shivam Gupta/OneDrive/Documents/Shivam_Developement/DATA_ENGINEERING/data_engineering_project/batch-etl-pyspark/.venv/lib/python3.12/site-packages/airflow/example_dags/example_sla_dag.py took 0.385 seconds
[2025-07-17T17:36:57.747+0000] {processor.py:161} INFO - Started process (PID=2623) to work on /mnt/c/Users/Shivam Gupta/OneDrive/Documents/Shivam_Developement/DATA_ENGINEERING/data_engineering_project/batch-etl-pyspark/.venv/lib/python3.12/site-packages/airflow/example_dags/example_sla_dag.py
[2025-07-17T17:36:57.750+0000] {processor.py:830} INFO - Processing file /mnt/c/Users/Shivam Gupta/OneDrive/Documents/Shivam_Developement/DATA_ENGINEERING/data_engineering_project/batch-etl-pyspark/.venv/lib/python3.12/site-packages/airflow/example_dags/example_sla_dag.py for tasks to queue
[2025-07-17T17:36:57.755+0000] {logging_mixin.py:188} INFO - [2025-07-17T17:36:57.754+0000] {dagbag.py:545} INFO - Filling up the DagBag from /mnt/c/Users/Shivam Gupta/OneDrive/Documents/Shivam_Developement/DATA_ENGINEERING/data_engineering_project/batch-etl-pyspark/.venv/lib/python3.12/site-packages/airflow/example_dags/example_sla_dag.py
[2025-07-17T17:36:58.006+0000] {processor.py:840} INFO - DAG(s) 'example_sla_dag' retrieved from /mnt/c/Users/Shivam Gupta/OneDrive/Documents/Shivam_Developement/DATA_ENGINEERING/data_engineering_project/batch-etl-pyspark/.venv/lib/python3.12/site-packages/airflow/example_dags/example_sla_dag.py
[2025-07-17T17:36:58.189+0000] {logging_mixin.py:188} INFO - [2025-07-17T17:36:58.186+0000] {dag.py:3096} INFO - Sync 1 DAGs
[2025-07-17T17:36:58.361+0000] {logging_mixin.py:188} INFO - [2025-07-17T17:36:58.357+0000] {dag.py:3954} INFO - Setting next_dagrun for example_sla_dag to 2025-07-17 17:34:00+00:00, run_after=2025-07-17 17:36:00+00:00
[2025-07-17T17:36:58.534+0000] {processor.py:183} INFO - Processing /mnt/c/Users/Shivam Gupta/OneDrive/Documents/Shivam_Developement/DATA_ENGINEERING/data_engineering_project/batch-etl-pyspark/.venv/lib/python3.12/site-packages/airflow/example_dags/example_sla_dag.py took 0.863 seconds
[2025-07-17T17:38:50.834+0000] {processor.py:161} INFO - Started process (PID=2686) to work on /mnt/c/Users/Shivam Gupta/OneDrive/Documents/Shivam_Developement/DATA_ENGINEERING/data_engineering_project/batch-etl-pyspark/.venv/lib/python3.12/site-packages/airflow/example_dags/example_sla_dag.py
[2025-07-17T17:38:50.839+0000] {processor.py:830} INFO - Processing file /mnt/c/Users/Shivam Gupta/OneDrive/Documents/Shivam_Developement/DATA_ENGINEERING/data_engineering_project/batch-etl-pyspark/.venv/lib/python3.12/site-packages/airflow/example_dags/example_sla_dag.py for tasks to queue
[2025-07-17T17:38:50.849+0000] {logging_mixin.py:188} INFO - [2025-07-17T17:38:50.845+0000] {dagbag.py:545} INFO - Filling up the DagBag from /mnt/c/Users/Shivam Gupta/OneDrive/Documents/Shivam_Developement/DATA_ENGINEERING/data_engineering_project/batch-etl-pyspark/.venv/lib/python3.12/site-packages/airflow/example_dags/example_sla_dag.py
[2025-07-17T17:38:50.950+0000] {processor.py:840} INFO - DAG(s) 'example_sla_dag' retrieved from /mnt/c/Users/Shivam Gupta/OneDrive/Documents/Shivam_Developement/DATA_ENGINEERING/data_engineering_project/batch-etl-pyspark/.venv/lib/python3.12/site-packages/airflow/example_dags/example_sla_dag.py
[2025-07-17T17:38:51.014+0000] {logging_mixin.py:188} INFO - [2025-07-17T17:38:51.012+0000] {dag.py:3096} INFO - Sync 1 DAGs
[2025-07-17T17:38:51.075+0000] {logging_mixin.py:188} INFO - [2025-07-17T17:38:51.074+0000] {dag.py:3954} INFO - Setting next_dagrun for example_sla_dag to 2025-07-17 17:36:00+00:00, run_after=2025-07-17 17:38:00+00:00
[2025-07-17T17:38:51.263+0000] {processor.py:183} INFO - Processing /mnt/c/Users/Shivam Gupta/OneDrive/Documents/Shivam_Developement/DATA_ENGINEERING/data_engineering_project/batch-etl-pyspark/.venv/lib/python3.12/site-packages/airflow/example_dags/example_sla_dag.py took 0.473 seconds
[2025-07-17T17:40:32.252+0000] {processor.py:161} INFO - Started process (PID=2749) to work on /mnt/c/Users/Shivam Gupta/OneDrive/Documents/Shivam_Developement/DATA_ENGINEERING/data_engineering_project/batch-etl-pyspark/.venv/lib/python3.12/site-packages/airflow/example_dags/example_sla_dag.py
[2025-07-17T17:40:32.257+0000] {processor.py:830} INFO - Processing file /mnt/c/Users/Shivam Gupta/OneDrive/Documents/Shivam_Developement/DATA_ENGINEERING/data_engineering_project/batch-etl-pyspark/.venv/lib/python3.12/site-packages/airflow/example_dags/example_sla_dag.py for tasks to queue
[2025-07-17T17:40:32.261+0000] {logging_mixin.py:188} INFO - [2025-07-17T17:40:32.259+0000] {dagbag.py:545} INFO - Filling up the DagBag from /mnt/c/Users/Shivam Gupta/OneDrive/Documents/Shivam_Developement/DATA_ENGINEERING/data_engineering_project/batch-etl-pyspark/.venv/lib/python3.12/site-packages/airflow/example_dags/example_sla_dag.py
[2025-07-17T17:40:32.463+0000] {processor.py:840} INFO - DAG(s) 'example_sla_dag' retrieved from /mnt/c/Users/Shivam Gupta/OneDrive/Documents/Shivam_Developement/DATA_ENGINEERING/data_engineering_project/batch-etl-pyspark/.venv/lib/python3.12/site-packages/airflow/example_dags/example_sla_dag.py
[2025-07-17T17:40:32.525+0000] {logging_mixin.py:188} INFO - [2025-07-17T17:40:32.524+0000] {dag.py:3096} INFO - Sync 1 DAGs
[2025-07-17T17:40:32.697+0000] {logging_mixin.py:188} INFO - [2025-07-17T17:40:32.694+0000] {dag.py:3954} INFO - Setting next_dagrun for example_sla_dag to 2025-07-17 17:38:00+00:00, run_after=2025-07-17 17:40:00+00:00
[2025-07-17T17:40:32.834+0000] {processor.py:183} INFO - Processing /mnt/c/Users/Shivam Gupta/OneDrive/Documents/Shivam_Developement/DATA_ENGINEERING/data_engineering_project/batch-etl-pyspark/.venv/lib/python3.12/site-packages/airflow/example_dags/example_sla_dag.py took 0.611 seconds
[2025-07-17T17:42:16.410+0000] {processor.py:161} INFO - Started process (PID=2807) to work on /mnt/c/Users/Shivam Gupta/OneDrive/Documents/Shivam_Developement/DATA_ENGINEERING/data_engineering_project/batch-etl-pyspark/.venv/lib/python3.12/site-packages/airflow/example_dags/example_sla_dag.py
[2025-07-17T17:42:16.413+0000] {processor.py:830} INFO - Processing file /mnt/c/Users/Shivam Gupta/OneDrive/Documents/Shivam_Developement/DATA_ENGINEERING/data_engineering_project/batch-etl-pyspark/.venv/lib/python3.12/site-packages/airflow/example_dags/example_sla_dag.py for tasks to queue
[2025-07-17T17:42:16.416+0000] {logging_mixin.py:188} INFO - [2025-07-17T17:42:16.415+0000] {dagbag.py:545} INFO - Filling up the DagBag from /mnt/c/Users/Shivam Gupta/OneDrive/Documents/Shivam_Developement/DATA_ENGINEERING/data_engineering_project/batch-etl-pyspark/.venv/lib/python3.12/site-packages/airflow/example_dags/example_sla_dag.py
[2025-07-17T17:42:16.466+0000] {processor.py:840} INFO - DAG(s) 'example_sla_dag' retrieved from /mnt/c/Users/Shivam Gupta/OneDrive/Documents/Shivam_Developement/DATA_ENGINEERING/data_engineering_project/batch-etl-pyspark/.venv/lib/python3.12/site-packages/airflow/example_dags/example_sla_dag.py
[2025-07-17T17:42:16.605+0000] {logging_mixin.py:188} INFO - [2025-07-17T17:42:16.603+0000] {dag.py:3096} INFO - Sync 1 DAGs
[2025-07-17T17:42:16.744+0000] {logging_mixin.py:188} INFO - [2025-07-17T17:42:16.743+0000] {dag.py:3954} INFO - Setting next_dagrun for example_sla_dag to 2025-07-17 17:40:00+00:00, run_after=2025-07-17 17:42:00+00:00
[2025-07-17T17:42:16.915+0000] {processor.py:183} INFO - Processing /mnt/c/Users/Shivam Gupta/OneDrive/Documents/Shivam_Developement/DATA_ENGINEERING/data_engineering_project/batch-etl-pyspark/.venv/lib/python3.12/site-packages/airflow/example_dags/example_sla_dag.py took 0.520 seconds
[2025-07-17T17:43:57.436+0000] {processor.py:161} INFO - Started process (PID=2866) to work on /mnt/c/Users/Shivam Gupta/OneDrive/Documents/Shivam_Developement/DATA_ENGINEERING/data_engineering_project/batch-etl-pyspark/.venv/lib/python3.12/site-packages/airflow/example_dags/example_sla_dag.py
[2025-07-17T17:43:57.442+0000] {processor.py:830} INFO - Processing file /mnt/c/Users/Shivam Gupta/OneDrive/Documents/Shivam_Developement/DATA_ENGINEERING/data_engineering_project/batch-etl-pyspark/.venv/lib/python3.12/site-packages/airflow/example_dags/example_sla_dag.py for tasks to queue
[2025-07-17T17:43:57.445+0000] {logging_mixin.py:188} INFO - [2025-07-17T17:43:57.444+0000] {dagbag.py:545} INFO - Filling up the DagBag from /mnt/c/Users/Shivam Gupta/OneDrive/Documents/Shivam_Developement/DATA_ENGINEERING/data_engineering_project/batch-etl-pyspark/.venv/lib/python3.12/site-packages/airflow/example_dags/example_sla_dag.py
[2025-07-17T17:43:57.649+0000] {processor.py:840} INFO - DAG(s) 'example_sla_dag' retrieved from /mnt/c/Users/Shivam Gupta/OneDrive/Documents/Shivam_Developement/DATA_ENGINEERING/data_engineering_project/batch-etl-pyspark/.venv/lib/python3.12/site-packages/airflow/example_dags/example_sla_dag.py
[2025-07-17T17:43:57.789+0000] {logging_mixin.py:188} INFO - [2025-07-17T17:43:57.786+0000] {dag.py:3096} INFO - Sync 1 DAGs
[2025-07-17T17:43:57.863+0000] {logging_mixin.py:188} INFO - [2025-07-17T17:43:57.860+0000] {dag.py:3954} INFO - Setting next_dagrun for example_sla_dag to 2025-07-17 17:40:00+00:00, run_after=2025-07-17 17:42:00+00:00
[2025-07-17T17:43:58.030+0000] {processor.py:183} INFO - Processing /mnt/c/Users/Shivam Gupta/OneDrive/Documents/Shivam_Developement/DATA_ENGINEERING/data_engineering_project/batch-etl-pyspark/.venv/lib/python3.12/site-packages/airflow/example_dags/example_sla_dag.py took 0.611 seconds
[2025-07-17T17:45:49.400+0000] {processor.py:161} INFO - Started process (PID=2920) to work on /mnt/c/Users/Shivam Gupta/OneDrive/Documents/Shivam_Developement/DATA_ENGINEERING/data_engineering_project/batch-etl-pyspark/.venv/lib/python3.12/site-packages/airflow/example_dags/example_sla_dag.py
[2025-07-17T17:45:49.417+0000] {processor.py:830} INFO - Processing file /mnt/c/Users/Shivam Gupta/OneDrive/Documents/Shivam_Developement/DATA_ENGINEERING/data_engineering_project/batch-etl-pyspark/.venv/lib/python3.12/site-packages/airflow/example_dags/example_sla_dag.py for tasks to queue
[2025-07-17T17:45:49.453+0000] {logging_mixin.py:188} INFO - [2025-07-17T17:45:49.442+0000] {dagbag.py:545} INFO - Filling up the DagBag from /mnt/c/Users/Shivam Gupta/OneDrive/Documents/Shivam_Developement/DATA_ENGINEERING/data_engineering_project/batch-etl-pyspark/.venv/lib/python3.12/site-packages/airflow/example_dags/example_sla_dag.py
[2025-07-17T17:45:49.711+0000] {processor.py:840} INFO - DAG(s) 'example_sla_dag' retrieved from /mnt/c/Users/Shivam Gupta/OneDrive/Documents/Shivam_Developement/DATA_ENGINEERING/data_engineering_project/batch-etl-pyspark/.venv/lib/python3.12/site-packages/airflow/example_dags/example_sla_dag.py
[2025-07-17T17:45:49.997+0000] {logging_mixin.py:188} INFO - [2025-07-17T17:45:49.986+0000] {dag.py:3096} INFO - Sync 1 DAGs
[2025-07-17T17:45:50.165+0000] {logging_mixin.py:188} INFO - [2025-07-17T17:45:50.154+0000] {dag.py:3954} INFO - Setting next_dagrun for example_sla_dag to 2025-07-17 17:42:00+00:00, run_after=2025-07-17 17:44:00+00:00
[2025-07-17T17:45:50.747+0000] {processor.py:183} INFO - Processing /mnt/c/Users/Shivam Gupta/OneDrive/Documents/Shivam_Developement/DATA_ENGINEERING/data_engineering_project/batch-etl-pyspark/.venv/lib/python3.12/site-packages/airflow/example_dags/example_sla_dag.py took 1.366 seconds
[2025-07-17T17:47:24.217+0000] {processor.py:161} INFO - Started process (PID=2981) to work on /mnt/c/Users/Shivam Gupta/OneDrive/Documents/Shivam_Developement/DATA_ENGINEERING/data_engineering_project/batch-etl-pyspark/.venv/lib/python3.12/site-packages/airflow/example_dags/example_sla_dag.py
[2025-07-17T17:47:24.221+0000] {processor.py:830} INFO - Processing file /mnt/c/Users/Shivam Gupta/OneDrive/Documents/Shivam_Developement/DATA_ENGINEERING/data_engineering_project/batch-etl-pyspark/.venv/lib/python3.12/site-packages/airflow/example_dags/example_sla_dag.py for tasks to queue
[2025-07-17T17:47:24.224+0000] {logging_mixin.py:188} INFO - [2025-07-17T17:47:24.223+0000] {dagbag.py:545} INFO - Filling up the DagBag from /mnt/c/Users/Shivam Gupta/OneDrive/Documents/Shivam_Developement/DATA_ENGINEERING/data_engineering_project/batch-etl-pyspark/.venv/lib/python3.12/site-packages/airflow/example_dags/example_sla_dag.py
[2025-07-17T17:47:24.269+0000] {processor.py:840} INFO - DAG(s) 'example_sla_dag' retrieved from /mnt/c/Users/Shivam Gupta/OneDrive/Documents/Shivam_Developement/DATA_ENGINEERING/data_engineering_project/batch-etl-pyspark/.venv/lib/python3.12/site-packages/airflow/example_dags/example_sla_dag.py
[2025-07-17T17:47:24.307+0000] {logging_mixin.py:188} INFO - [2025-07-17T17:47:24.305+0000] {dag.py:3096} INFO - Sync 1 DAGs
[2025-07-17T17:47:24.364+0000] {logging_mixin.py:188} INFO - [2025-07-17T17:47:24.362+0000] {dag.py:3954} INFO - Setting next_dagrun for example_sla_dag to 2025-07-17 17:44:00+00:00, run_after=2025-07-17 17:46:00+00:00
[2025-07-17T17:47:24.489+0000] {processor.py:183} INFO - Processing /mnt/c/Users/Shivam Gupta/OneDrive/Documents/Shivam_Developement/DATA_ENGINEERING/data_engineering_project/batch-etl-pyspark/.venv/lib/python3.12/site-packages/airflow/example_dags/example_sla_dag.py took 0.292 seconds
[2025-07-17T17:48:37.170+0000] {processor.py:161} INFO - Started process (PID=3038) to work on /mnt/c/Users/Shivam Gupta/OneDrive/Documents/Shivam_Developement/DATA_ENGINEERING/data_engineering_project/batch-etl-pyspark/.venv/lib/python3.12/site-packages/airflow/example_dags/example_sla_dag.py
[2025-07-17T17:48:37.175+0000] {processor.py:830} INFO - Processing file /mnt/c/Users/Shivam Gupta/OneDrive/Documents/Shivam_Developement/DATA_ENGINEERING/data_engineering_project/batch-etl-pyspark/.venv/lib/python3.12/site-packages/airflow/example_dags/example_sla_dag.py for tasks to queue
[2025-07-17T17:48:37.182+0000] {logging_mixin.py:188} INFO - [2025-07-17T17:48:37.179+0000] {dagbag.py:545} INFO - Filling up the DagBag from /mnt/c/Users/Shivam Gupta/OneDrive/Documents/Shivam_Developement/DATA_ENGINEERING/data_engineering_project/batch-etl-pyspark/.venv/lib/python3.12/site-packages/airflow/example_dags/example_sla_dag.py
[2025-07-17T17:48:37.230+0000] {processor.py:840} INFO - DAG(s) 'example_sla_dag' retrieved from /mnt/c/Users/Shivam Gupta/OneDrive/Documents/Shivam_Developement/DATA_ENGINEERING/data_engineering_project/batch-etl-pyspark/.venv/lib/python3.12/site-packages/airflow/example_dags/example_sla_dag.py
[2025-07-17T17:48:37.290+0000] {logging_mixin.py:188} INFO - [2025-07-17T17:48:37.288+0000] {dag.py:3096} INFO - Sync 1 DAGs
[2025-07-17T17:48:37.348+0000] {logging_mixin.py:188} INFO - [2025-07-17T17:48:37.347+0000] {dag.py:3954} INFO - Setting next_dagrun for example_sla_dag to 2025-07-17 17:46:00+00:00, run_after=2025-07-17 17:48:00+00:00
[2025-07-17T17:48:37.456+0000] {processor.py:183} INFO - Processing /mnt/c/Users/Shivam Gupta/OneDrive/Documents/Shivam_Developement/DATA_ENGINEERING/data_engineering_project/batch-etl-pyspark/.venv/lib/python3.12/site-packages/airflow/example_dags/example_sla_dag.py took 0.304 seconds
[2025-07-17T17:50:33.316+0000] {processor.py:161} INFO - Started process (PID=3139) to work on /mnt/c/Users/Shivam Gupta/OneDrive/Documents/Shivam_Developement/DATA_ENGINEERING/data_engineering_project/batch-etl-pyspark/.venv/lib/python3.12/site-packages/airflow/example_dags/example_sla_dag.py
[2025-07-17T17:50:33.328+0000] {processor.py:830} INFO - Processing file /mnt/c/Users/Shivam Gupta/OneDrive/Documents/Shivam_Developement/DATA_ENGINEERING/data_engineering_project/batch-etl-pyspark/.venv/lib/python3.12/site-packages/airflow/example_dags/example_sla_dag.py for tasks to queue
[2025-07-17T17:50:33.344+0000] {logging_mixin.py:188} INFO - [2025-07-17T17:50:33.339+0000] {dagbag.py:545} INFO - Filling up the DagBag from /mnt/c/Users/Shivam Gupta/OneDrive/Documents/Shivam_Developement/DATA_ENGINEERING/data_engineering_project/batch-etl-pyspark/.venv/lib/python3.12/site-packages/airflow/example_dags/example_sla_dag.py
[2025-07-17T17:50:33.410+0000] {processor.py:840} INFO - DAG(s) 'example_sla_dag' retrieved from /mnt/c/Users/Shivam Gupta/OneDrive/Documents/Shivam_Developement/DATA_ENGINEERING/data_engineering_project/batch-etl-pyspark/.venv/lib/python3.12/site-packages/airflow/example_dags/example_sla_dag.py
[2025-07-17T17:50:33.457+0000] {logging_mixin.py:188} INFO - [2025-07-17T17:50:33.456+0000] {dag.py:3096} INFO - Sync 1 DAGs
[2025-07-17T17:50:33.506+0000] {logging_mixin.py:188} INFO - [2025-07-17T17:50:33.505+0000] {dag.py:3954} INFO - Setting next_dagrun for example_sla_dag to 2025-07-17 17:48:00+00:00, run_after=2025-07-17 17:50:00+00:00
[2025-07-17T17:50:33.622+0000] {processor.py:183} INFO - Processing /mnt/c/Users/Shivam Gupta/OneDrive/Documents/Shivam_Developement/DATA_ENGINEERING/data_engineering_project/batch-etl-pyspark/.venv/lib/python3.12/site-packages/airflow/example_dags/example_sla_dag.py took 0.327 seconds
[2025-07-17T17:52:43.662+0000] {processor.py:161} INFO - Started process (PID=3241) to work on /mnt/c/Users/Shivam Gupta/OneDrive/Documents/Shivam_Developement/DATA_ENGINEERING/data_engineering_project/batch-etl-pyspark/.venv/lib/python3.12/site-packages/airflow/example_dags/example_sla_dag.py
[2025-07-17T17:52:43.664+0000] {processor.py:830} INFO - Processing file /mnt/c/Users/Shivam Gupta/OneDrive/Documents/Shivam_Developement/DATA_ENGINEERING/data_engineering_project/batch-etl-pyspark/.venv/lib/python3.12/site-packages/airflow/example_dags/example_sla_dag.py for tasks to queue
[2025-07-17T17:52:43.667+0000] {logging_mixin.py:188} INFO - [2025-07-17T17:52:43.666+0000] {dagbag.py:545} INFO - Filling up the DagBag from /mnt/c/Users/Shivam Gupta/OneDrive/Documents/Shivam_Developement/DATA_ENGINEERING/data_engineering_project/batch-etl-pyspark/.venv/lib/python3.12/site-packages/airflow/example_dags/example_sla_dag.py
[2025-07-17T17:52:43.694+0000] {processor.py:840} INFO - DAG(s) 'example_sla_dag' retrieved from /mnt/c/Users/Shivam Gupta/OneDrive/Documents/Shivam_Developement/DATA_ENGINEERING/data_engineering_project/batch-etl-pyspark/.venv/lib/python3.12/site-packages/airflow/example_dags/example_sla_dag.py
[2025-07-17T17:52:43.745+0000] {logging_mixin.py:188} INFO - [2025-07-17T17:52:43.744+0000] {dag.py:3096} INFO - Sync 1 DAGs
[2025-07-17T17:52:43.815+0000] {logging_mixin.py:188} INFO - [2025-07-17T17:52:43.814+0000] {dag.py:3954} INFO - Setting next_dagrun for example_sla_dag to 2025-07-17 17:50:00+00:00, run_after=2025-07-17 17:52:00+00:00
[2025-07-17T17:52:43.972+0000] {processor.py:183} INFO - Processing /mnt/c/Users/Shivam Gupta/OneDrive/Documents/Shivam_Developement/DATA_ENGINEERING/data_engineering_project/batch-etl-pyspark/.venv/lib/python3.12/site-packages/airflow/example_dags/example_sla_dag.py took 0.325 seconds
[2025-07-17T17:54:47.654+0000] {processor.py:161} INFO - Started process (PID=3344) to work on /mnt/c/Users/Shivam Gupta/OneDrive/Documents/Shivam_Developement/DATA_ENGINEERING/data_engineering_project/batch-etl-pyspark/.venv/lib/python3.12/site-packages/airflow/example_dags/example_sla_dag.py
[2025-07-17T17:54:47.663+0000] {processor.py:830} INFO - Processing file /mnt/c/Users/Shivam Gupta/OneDrive/Documents/Shivam_Developement/DATA_ENGINEERING/data_engineering_project/batch-etl-pyspark/.venv/lib/python3.12/site-packages/airflow/example_dags/example_sla_dag.py for tasks to queue
[2025-07-17T17:54:47.670+0000] {logging_mixin.py:188} INFO - [2025-07-17T17:54:47.666+0000] {dagbag.py:545} INFO - Filling up the DagBag from /mnt/c/Users/Shivam Gupta/OneDrive/Documents/Shivam_Developement/DATA_ENGINEERING/data_engineering_project/batch-etl-pyspark/.venv/lib/python3.12/site-packages/airflow/example_dags/example_sla_dag.py
[2025-07-17T17:54:47.741+0000] {processor.py:840} INFO - DAG(s) 'example_sla_dag' retrieved from /mnt/c/Users/Shivam Gupta/OneDrive/Documents/Shivam_Developement/DATA_ENGINEERING/data_engineering_project/batch-etl-pyspark/.venv/lib/python3.12/site-packages/airflow/example_dags/example_sla_dag.py
[2025-07-17T17:54:47.833+0000] {logging_mixin.py:188} INFO - [2025-07-17T17:54:47.829+0000] {dag.py:3096} INFO - Sync 1 DAGs
[2025-07-17T17:54:47.940+0000] {logging_mixin.py:188} INFO - [2025-07-17T17:54:47.938+0000] {dag.py:3954} INFO - Setting next_dagrun for example_sla_dag to 2025-07-17 17:52:00+00:00, run_after=2025-07-17 17:54:00+00:00
[2025-07-17T17:54:48.095+0000] {processor.py:183} INFO - Processing /mnt/c/Users/Shivam Gupta/OneDrive/Documents/Shivam_Developement/DATA_ENGINEERING/data_engineering_project/batch-etl-pyspark/.venv/lib/python3.12/site-packages/airflow/example_dags/example_sla_dag.py took 0.467 seconds
[2025-07-17T17:56:52.080+0000] {processor.py:161} INFO - Started process (PID=3445) to work on /mnt/c/Users/Shivam Gupta/OneDrive/Documents/Shivam_Developement/DATA_ENGINEERING/data_engineering_project/batch-etl-pyspark/.venv/lib/python3.12/site-packages/airflow/example_dags/example_sla_dag.py
[2025-07-17T17:56:52.083+0000] {processor.py:830} INFO - Processing file /mnt/c/Users/Shivam Gupta/OneDrive/Documents/Shivam_Developement/DATA_ENGINEERING/data_engineering_project/batch-etl-pyspark/.venv/lib/python3.12/site-packages/airflow/example_dags/example_sla_dag.py for tasks to queue
[2025-07-17T17:56:52.087+0000] {logging_mixin.py:188} INFO - [2025-07-17T17:56:52.085+0000] {dagbag.py:545} INFO - Filling up the DagBag from /mnt/c/Users/Shivam Gupta/OneDrive/Documents/Shivam_Developement/DATA_ENGINEERING/data_engineering_project/batch-etl-pyspark/.venv/lib/python3.12/site-packages/airflow/example_dags/example_sla_dag.py
[2025-07-17T17:56:52.148+0000] {processor.py:840} INFO - DAG(s) 'example_sla_dag' retrieved from /mnt/c/Users/Shivam Gupta/OneDrive/Documents/Shivam_Developement/DATA_ENGINEERING/data_engineering_project/batch-etl-pyspark/.venv/lib/python3.12/site-packages/airflow/example_dags/example_sla_dag.py
[2025-07-17T17:56:52.203+0000] {logging_mixin.py:188} INFO - [2025-07-17T17:56:52.199+0000] {dag.py:3096} INFO - Sync 1 DAGs
[2025-07-17T17:56:52.261+0000] {logging_mixin.py:188} INFO - [2025-07-17T17:56:52.260+0000] {dag.py:3954} INFO - Setting next_dagrun for example_sla_dag to 2025-07-17 17:54:00+00:00, run_after=2025-07-17 17:56:00+00:00
[2025-07-17T17:56:52.358+0000] {processor.py:183} INFO - Processing /mnt/c/Users/Shivam Gupta/OneDrive/Documents/Shivam_Developement/DATA_ENGINEERING/data_engineering_project/batch-etl-pyspark/.venv/lib/python3.12/site-packages/airflow/example_dags/example_sla_dag.py took 0.299 seconds
[2025-07-17T17:58:53.018+0000] {processor.py:161} INFO - Started process (PID=3545) to work on /mnt/c/Users/Shivam Gupta/OneDrive/Documents/Shivam_Developement/DATA_ENGINEERING/data_engineering_project/batch-etl-pyspark/.venv/lib/python3.12/site-packages/airflow/example_dags/example_sla_dag.py
[2025-07-17T17:58:53.020+0000] {processor.py:830} INFO - Processing file /mnt/c/Users/Shivam Gupta/OneDrive/Documents/Shivam_Developement/DATA_ENGINEERING/data_engineering_project/batch-etl-pyspark/.venv/lib/python3.12/site-packages/airflow/example_dags/example_sla_dag.py for tasks to queue
[2025-07-17T17:58:53.023+0000] {logging_mixin.py:188} INFO - [2025-07-17T17:58:53.022+0000] {dagbag.py:545} INFO - Filling up the DagBag from /mnt/c/Users/Shivam Gupta/OneDrive/Documents/Shivam_Developement/DATA_ENGINEERING/data_engineering_project/batch-etl-pyspark/.venv/lib/python3.12/site-packages/airflow/example_dags/example_sla_dag.py
[2025-07-17T17:58:53.086+0000] {processor.py:840} INFO - DAG(s) 'example_sla_dag' retrieved from /mnt/c/Users/Shivam Gupta/OneDrive/Documents/Shivam_Developement/DATA_ENGINEERING/data_engineering_project/batch-etl-pyspark/.venv/lib/python3.12/site-packages/airflow/example_dags/example_sla_dag.py
[2025-07-17T17:58:53.127+0000] {logging_mixin.py:188} INFO - [2025-07-17T17:58:53.125+0000] {dag.py:3096} INFO - Sync 1 DAGs
[2025-07-17T17:58:53.266+0000] {logging_mixin.py:188} INFO - [2025-07-17T17:58:53.260+0000] {dag.py:3954} INFO - Setting next_dagrun for example_sla_dag to 2025-07-17 17:56:00+00:00, run_after=2025-07-17 17:58:00+00:00
[2025-07-17T17:58:53.495+0000] {processor.py:183} INFO - Processing /mnt/c/Users/Shivam Gupta/OneDrive/Documents/Shivam_Developement/DATA_ENGINEERING/data_engineering_project/batch-etl-pyspark/.venv/lib/python3.12/site-packages/airflow/example_dags/example_sla_dag.py took 0.490 seconds
[2025-07-17T18:01:05.331+0000] {processor.py:161} INFO - Started process (PID=3650) to work on /mnt/c/Users/Shivam Gupta/OneDrive/Documents/Shivam_Developement/DATA_ENGINEERING/data_engineering_project/batch-etl-pyspark/.venv/lib/python3.12/site-packages/airflow/example_dags/example_sla_dag.py
[2025-07-17T18:01:05.334+0000] {processor.py:830} INFO - Processing file /mnt/c/Users/Shivam Gupta/OneDrive/Documents/Shivam_Developement/DATA_ENGINEERING/data_engineering_project/batch-etl-pyspark/.venv/lib/python3.12/site-packages/airflow/example_dags/example_sla_dag.py for tasks to queue
[2025-07-17T18:01:05.338+0000] {logging_mixin.py:188} INFO - [2025-07-17T18:01:05.336+0000] {dagbag.py:545} INFO - Filling up the DagBag from /mnt/c/Users/Shivam Gupta/OneDrive/Documents/Shivam_Developement/DATA_ENGINEERING/data_engineering_project/batch-etl-pyspark/.venv/lib/python3.12/site-packages/airflow/example_dags/example_sla_dag.py
[2025-07-17T18:01:05.383+0000] {processor.py:840} INFO - DAG(s) 'example_sla_dag' retrieved from /mnt/c/Users/Shivam Gupta/OneDrive/Documents/Shivam_Developement/DATA_ENGINEERING/data_engineering_project/batch-etl-pyspark/.venv/lib/python3.12/site-packages/airflow/example_dags/example_sla_dag.py
[2025-07-17T18:01:05.424+0000] {logging_mixin.py:188} INFO - [2025-07-17T18:01:05.422+0000] {dag.py:3096} INFO - Sync 1 DAGs
[2025-07-17T18:01:05.474+0000] {logging_mixin.py:188} INFO - [2025-07-17T18:01:05.473+0000] {dag.py:3954} INFO - Setting next_dagrun for example_sla_dag to 2025-07-17 17:58:00+00:00, run_after=2025-07-17 18:00:00+00:00
[2025-07-17T18:01:05.567+0000] {processor.py:183} INFO - Processing /mnt/c/Users/Shivam Gupta/OneDrive/Documents/Shivam_Developement/DATA_ENGINEERING/data_engineering_project/batch-etl-pyspark/.venv/lib/python3.12/site-packages/airflow/example_dags/example_sla_dag.py took 0.253 seconds
[2025-07-17T18:03:05.218+0000] {processor.py:161} INFO - Started process (PID=3753) to work on /mnt/c/Users/Shivam Gupta/OneDrive/Documents/Shivam_Developement/DATA_ENGINEERING/data_engineering_project/batch-etl-pyspark/.venv/lib/python3.12/site-packages/airflow/example_dags/example_sla_dag.py
[2025-07-17T18:03:05.221+0000] {processor.py:830} INFO - Processing file /mnt/c/Users/Shivam Gupta/OneDrive/Documents/Shivam_Developement/DATA_ENGINEERING/data_engineering_project/batch-etl-pyspark/.venv/lib/python3.12/site-packages/airflow/example_dags/example_sla_dag.py for tasks to queue
[2025-07-17T18:03:05.225+0000] {logging_mixin.py:188} INFO - [2025-07-17T18:03:05.224+0000] {dagbag.py:545} INFO - Filling up the DagBag from /mnt/c/Users/Shivam Gupta/OneDrive/Documents/Shivam_Developement/DATA_ENGINEERING/data_engineering_project/batch-etl-pyspark/.venv/lib/python3.12/site-packages/airflow/example_dags/example_sla_dag.py
[2025-07-17T18:03:05.268+0000] {processor.py:840} INFO - DAG(s) 'example_sla_dag' retrieved from /mnt/c/Users/Shivam Gupta/OneDrive/Documents/Shivam_Developement/DATA_ENGINEERING/data_engineering_project/batch-etl-pyspark/.venv/lib/python3.12/site-packages/airflow/example_dags/example_sla_dag.py
[2025-07-17T18:03:05.310+0000] {logging_mixin.py:188} INFO - [2025-07-17T18:03:05.309+0000] {dag.py:3096} INFO - Sync 1 DAGs
[2025-07-17T18:03:05.364+0000] {logging_mixin.py:188} INFO - [2025-07-17T18:03:05.363+0000] {dag.py:3954} INFO - Setting next_dagrun for example_sla_dag to 2025-07-17 18:00:00+00:00, run_after=2025-07-17 18:02:00+00:00
[2025-07-17T18:03:05.478+0000] {processor.py:183} INFO - Processing /mnt/c/Users/Shivam Gupta/OneDrive/Documents/Shivam_Developement/DATA_ENGINEERING/data_engineering_project/batch-etl-pyspark/.venv/lib/python3.12/site-packages/airflow/example_dags/example_sla_dag.py took 0.277 seconds
[2025-07-17T18:05:06.776+0000] {processor.py:161} INFO - Started process (PID=3855) to work on /mnt/c/Users/Shivam Gupta/OneDrive/Documents/Shivam_Developement/DATA_ENGINEERING/data_engineering_project/batch-etl-pyspark/.venv/lib/python3.12/site-packages/airflow/example_dags/example_sla_dag.py
[2025-07-17T18:05:06.779+0000] {processor.py:830} INFO - Processing file /mnt/c/Users/Shivam Gupta/OneDrive/Documents/Shivam_Developement/DATA_ENGINEERING/data_engineering_project/batch-etl-pyspark/.venv/lib/python3.12/site-packages/airflow/example_dags/example_sla_dag.py for tasks to queue
[2025-07-17T18:05:06.783+0000] {logging_mixin.py:188} INFO - [2025-07-17T18:05:06.782+0000] {dagbag.py:545} INFO - Filling up the DagBag from /mnt/c/Users/Shivam Gupta/OneDrive/Documents/Shivam_Developement/DATA_ENGINEERING/data_engineering_project/batch-etl-pyspark/.venv/lib/python3.12/site-packages/airflow/example_dags/example_sla_dag.py
[2025-07-17T18:05:06.826+0000] {processor.py:840} INFO - DAG(s) 'example_sla_dag' retrieved from /mnt/c/Users/Shivam Gupta/OneDrive/Documents/Shivam_Developement/DATA_ENGINEERING/data_engineering_project/batch-etl-pyspark/.venv/lib/python3.12/site-packages/airflow/example_dags/example_sla_dag.py
[2025-07-17T18:05:06.856+0000] {logging_mixin.py:188} INFO - [2025-07-17T18:05:06.855+0000] {dag.py:3096} INFO - Sync 1 DAGs
[2025-07-17T18:05:06.913+0000] {logging_mixin.py:188} INFO - [2025-07-17T18:05:06.912+0000] {dag.py:3954} INFO - Setting next_dagrun for example_sla_dag to 2025-07-17 18:02:00+00:00, run_after=2025-07-17 18:04:00+00:00
[2025-07-17T18:05:07.076+0000] {processor.py:183} INFO - Processing /mnt/c/Users/Shivam Gupta/OneDrive/Documents/Shivam_Developement/DATA_ENGINEERING/data_engineering_project/batch-etl-pyspark/.venv/lib/python3.12/site-packages/airflow/example_dags/example_sla_dag.py took 0.322 seconds
[2025-07-17T18:07:11.928+0000] {processor.py:161} INFO - Started process (PID=3957) to work on /mnt/c/Users/Shivam Gupta/OneDrive/Documents/Shivam_Developement/DATA_ENGINEERING/data_engineering_project/batch-etl-pyspark/.venv/lib/python3.12/site-packages/airflow/example_dags/example_sla_dag.py
[2025-07-17T18:07:11.931+0000] {processor.py:830} INFO - Processing file /mnt/c/Users/Shivam Gupta/OneDrive/Documents/Shivam_Developement/DATA_ENGINEERING/data_engineering_project/batch-etl-pyspark/.venv/lib/python3.12/site-packages/airflow/example_dags/example_sla_dag.py for tasks to queue
[2025-07-17T18:07:11.935+0000] {logging_mixin.py:188} INFO - [2025-07-17T18:07:11.934+0000] {dagbag.py:545} INFO - Filling up the DagBag from /mnt/c/Users/Shivam Gupta/OneDrive/Documents/Shivam_Developement/DATA_ENGINEERING/data_engineering_project/batch-etl-pyspark/.venv/lib/python3.12/site-packages/airflow/example_dags/example_sla_dag.py
[2025-07-17T18:07:11.977+0000] {processor.py:840} INFO - DAG(s) 'example_sla_dag' retrieved from /mnt/c/Users/Shivam Gupta/OneDrive/Documents/Shivam_Developement/DATA_ENGINEERING/data_engineering_project/batch-etl-pyspark/.venv/lib/python3.12/site-packages/airflow/example_dags/example_sla_dag.py
[2025-07-17T18:07:12.029+0000] {logging_mixin.py:188} INFO - [2025-07-17T18:07:12.027+0000] {dag.py:3096} INFO - Sync 1 DAGs
[2025-07-17T18:07:12.079+0000] {logging_mixin.py:188} INFO - [2025-07-17T18:07:12.077+0000] {dag.py:3954} INFO - Setting next_dagrun for example_sla_dag to 2025-07-17 18:04:00+00:00, run_after=2025-07-17 18:06:00+00:00
[2025-07-17T18:07:12.170+0000] {processor.py:183} INFO - Processing /mnt/c/Users/Shivam Gupta/OneDrive/Documents/Shivam_Developement/DATA_ENGINEERING/data_engineering_project/batch-etl-pyspark/.venv/lib/python3.12/site-packages/airflow/example_dags/example_sla_dag.py took 0.261 seconds
[2025-07-17T18:09:25.158+0000] {processor.py:161} INFO - Started process (PID=4060) to work on /mnt/c/Users/Shivam Gupta/OneDrive/Documents/Shivam_Developement/DATA_ENGINEERING/data_engineering_project/batch-etl-pyspark/.venv/lib/python3.12/site-packages/airflow/example_dags/example_sla_dag.py
[2025-07-17T18:09:25.161+0000] {processor.py:830} INFO - Processing file /mnt/c/Users/Shivam Gupta/OneDrive/Documents/Shivam_Developement/DATA_ENGINEERING/data_engineering_project/batch-etl-pyspark/.venv/lib/python3.12/site-packages/airflow/example_dags/example_sla_dag.py for tasks to queue
[2025-07-17T18:09:25.164+0000] {logging_mixin.py:188} INFO - [2025-07-17T18:09:25.162+0000] {dagbag.py:545} INFO - Filling up the DagBag from /mnt/c/Users/Shivam Gupta/OneDrive/Documents/Shivam_Developement/DATA_ENGINEERING/data_engineering_project/batch-etl-pyspark/.venv/lib/python3.12/site-packages/airflow/example_dags/example_sla_dag.py
[2025-07-17T18:09:25.201+0000] {processor.py:840} INFO - DAG(s) 'example_sla_dag' retrieved from /mnt/c/Users/Shivam Gupta/OneDrive/Documents/Shivam_Developement/DATA_ENGINEERING/data_engineering_project/batch-etl-pyspark/.venv/lib/python3.12/site-packages/airflow/example_dags/example_sla_dag.py
[2025-07-17T18:09:25.239+0000] {logging_mixin.py:188} INFO - [2025-07-17T18:09:25.238+0000] {dag.py:3096} INFO - Sync 1 DAGs
[2025-07-17T18:09:25.279+0000] {logging_mixin.py:188} INFO - [2025-07-17T18:09:25.278+0000] {dag.py:3954} INFO - Setting next_dagrun for example_sla_dag to 2025-07-17 18:06:00+00:00, run_after=2025-07-17 18:08:00+00:00
[2025-07-17T18:09:25.367+0000] {processor.py:183} INFO - Processing /mnt/c/Users/Shivam Gupta/OneDrive/Documents/Shivam_Developement/DATA_ENGINEERING/data_engineering_project/batch-etl-pyspark/.venv/lib/python3.12/site-packages/airflow/example_dags/example_sla_dag.py took 0.224 seconds
[2025-07-17T18:11:31.214+0000] {processor.py:161} INFO - Started process (PID=4164) to work on /mnt/c/Users/Shivam Gupta/OneDrive/Documents/Shivam_Developement/DATA_ENGINEERING/data_engineering_project/batch-etl-pyspark/.venv/lib/python3.12/site-packages/airflow/example_dags/example_sla_dag.py
[2025-07-17T18:11:31.222+0000] {processor.py:830} INFO - Processing file /mnt/c/Users/Shivam Gupta/OneDrive/Documents/Shivam_Developement/DATA_ENGINEERING/data_engineering_project/batch-etl-pyspark/.venv/lib/python3.12/site-packages/airflow/example_dags/example_sla_dag.py for tasks to queue
[2025-07-17T18:11:31.245+0000] {logging_mixin.py:188} INFO - [2025-07-17T18:11:31.235+0000] {dagbag.py:545} INFO - Filling up the DagBag from /mnt/c/Users/Shivam Gupta/OneDrive/Documents/Shivam_Developement/DATA_ENGINEERING/data_engineering_project/batch-etl-pyspark/.venv/lib/python3.12/site-packages/airflow/example_dags/example_sla_dag.py
[2025-07-17T18:11:31.331+0000] {processor.py:840} INFO - DAG(s) 'example_sla_dag' retrieved from /mnt/c/Users/Shivam Gupta/OneDrive/Documents/Shivam_Developement/DATA_ENGINEERING/data_engineering_project/batch-etl-pyspark/.venv/lib/python3.12/site-packages/airflow/example_dags/example_sla_dag.py
[2025-07-17T18:11:31.369+0000] {logging_mixin.py:188} INFO - [2025-07-17T18:11:31.368+0000] {dag.py:3096} INFO - Sync 1 DAGs
[2025-07-17T18:11:31.430+0000] {logging_mixin.py:188} INFO - [2025-07-17T18:11:31.429+0000] {dag.py:3954} INFO - Setting next_dagrun for example_sla_dag to 2025-07-17 18:08:00+00:00, run_after=2025-07-17 18:10:00+00:00
[2025-07-17T18:11:31.547+0000] {processor.py:183} INFO - Processing /mnt/c/Users/Shivam Gupta/OneDrive/Documents/Shivam_Developement/DATA_ENGINEERING/data_engineering_project/batch-etl-pyspark/.venv/lib/python3.12/site-packages/airflow/example_dags/example_sla_dag.py took 0.381 seconds
[2025-07-17T18:13:39.635+0000] {processor.py:161} INFO - Started process (PID=4267) to work on /mnt/c/Users/Shivam Gupta/OneDrive/Documents/Shivam_Developement/DATA_ENGINEERING/data_engineering_project/batch-etl-pyspark/.venv/lib/python3.12/site-packages/airflow/example_dags/example_sla_dag.py
[2025-07-17T18:13:39.639+0000] {processor.py:830} INFO - Processing file /mnt/c/Users/Shivam Gupta/OneDrive/Documents/Shivam_Developement/DATA_ENGINEERING/data_engineering_project/batch-etl-pyspark/.venv/lib/python3.12/site-packages/airflow/example_dags/example_sla_dag.py for tasks to queue
[2025-07-17T18:13:39.647+0000] {logging_mixin.py:188} INFO - [2025-07-17T18:13:39.644+0000] {dagbag.py:545} INFO - Filling up the DagBag from /mnt/c/Users/Shivam Gupta/OneDrive/Documents/Shivam_Developement/DATA_ENGINEERING/data_engineering_project/batch-etl-pyspark/.venv/lib/python3.12/site-packages/airflow/example_dags/example_sla_dag.py
[2025-07-17T18:13:39.693+0000] {processor.py:840} INFO - DAG(s) 'example_sla_dag' retrieved from /mnt/c/Users/Shivam Gupta/OneDrive/Documents/Shivam_Developement/DATA_ENGINEERING/data_engineering_project/batch-etl-pyspark/.venv/lib/python3.12/site-packages/airflow/example_dags/example_sla_dag.py
[2025-07-17T18:13:39.745+0000] {logging_mixin.py:188} INFO - [2025-07-17T18:13:39.743+0000] {dag.py:3096} INFO - Sync 1 DAGs
[2025-07-17T18:13:39.798+0000] {logging_mixin.py:188} INFO - [2025-07-17T18:13:39.797+0000] {dag.py:3954} INFO - Setting next_dagrun for example_sla_dag to 2025-07-17 18:10:00+00:00, run_after=2025-07-17 18:12:00+00:00
[2025-07-17T18:13:39.916+0000] {processor.py:183} INFO - Processing /mnt/c/Users/Shivam Gupta/OneDrive/Documents/Shivam_Developement/DATA_ENGINEERING/data_engineering_project/batch-etl-pyspark/.venv/lib/python3.12/site-packages/airflow/example_dags/example_sla_dag.py took 0.307 seconds
