[2025-07-17T17:11:22.738+0000] {processor.py:161} INFO - Started process (PID=1904) to work on /mnt/c/Users/Shivam Gupta/OneDrive/Documents/Shivam_Developement/DATA_ENGINEERING/data_engineering_project/batch-etl-pyspark/.venv/lib/python3.12/site-packages/airflow/example_dags/tutorial_taskflow_api.py
[2025-07-17T17:11:22.757+0000] {processor.py:830} INFO - Processing file /mnt/c/Users/Shivam Gupta/OneDrive/Documents/Shivam_Developement/DATA_ENGINEERING/data_engineering_project/batch-etl-pyspark/.venv/lib/python3.12/site-packages/airflow/example_dags/tutorial_taskflow_api.py for tasks to queue
[2025-07-17T17:11:22.790+0000] {logging_mixin.py:188} INFO - [2025-07-17T17:11:22.777+0000] {dagbag.py:545} INFO - Filling up the DagBag from /mnt/c/Users/Shivam Gupta/OneDrive/Documents/Shivam_Developement/DATA_ENGINEERING/data_engineering_project/batch-etl-pyspark/.venv/lib/python3.12/site-packages/airflow/example_dags/tutorial_taskflow_api.py
[2025-07-17T17:11:23.467+0000] {processor.py:840} INFO - DAG(s) 'tutorial_taskflow_api' retrieved from /mnt/c/Users/Shivam Gupta/OneDrive/Documents/Shivam_Developement/DATA_ENGINEERING/data_engineering_project/batch-etl-pyspark/.venv/lib/python3.12/site-packages/airflow/example_dags/tutorial_taskflow_api.py
[2025-07-17T17:11:27.220+0000] {logging_mixin.py:188} INFO - [2025-07-17T17:11:27.215+0000] {dag.py:3096} INFO - Sync 1 DAGs
[2025-07-17T17:11:27.287+0000] {logging_mixin.py:188} INFO - [2025-07-17T17:11:27.281+0000] {dag.py:3954} INFO - Setting next_dagrun for tutorial_taskflow_api to None, run_after=None
[2025-07-17T17:11:27.599+0000] {processor.py:183} INFO - Processing /mnt/c/Users/Shivam Gupta/OneDrive/Documents/Shivam_Developement/DATA_ENGINEERING/data_engineering_project/batch-etl-pyspark/.venv/lib/python3.12/site-packages/airflow/example_dags/tutorial_taskflow_api.py took 5.007 seconds
[2025-07-17T17:18:16.938+0000] {processor.py:161} INFO - Started process (PID=2012) to work on /mnt/c/Users/Shivam Gupta/OneDrive/Documents/Shivam_Developement/DATA_ENGINEERING/data_engineering_project/batch-etl-pyspark/.venv/lib/python3.12/site-packages/airflow/example_dags/tutorial_taskflow_api.py
[2025-07-17T17:18:16.940+0000] {processor.py:830} INFO - Processing file /mnt/c/Users/Shivam Gupta/OneDrive/Documents/Shivam_Developement/DATA_ENGINEERING/data_engineering_project/batch-etl-pyspark/.venv/lib/python3.12/site-packages/airflow/example_dags/tutorial_taskflow_api.py for tasks to queue
[2025-07-17T17:18:16.954+0000] {logging_mixin.py:188} INFO - [2025-07-17T17:18:16.943+0000] {dagbag.py:545} INFO - Filling up the DagBag from /mnt/c/Users/Shivam Gupta/OneDrive/Documents/Shivam_Developement/DATA_ENGINEERING/data_engineering_project/batch-etl-pyspark/.venv/lib/python3.12/site-packages/airflow/example_dags/tutorial_taskflow_api.py
[2025-07-17T17:18:17.200+0000] {processor.py:840} INFO - DAG(s) 'tutorial_taskflow_api' retrieved from /mnt/c/Users/Shivam Gupta/OneDrive/Documents/Shivam_Developement/DATA_ENGINEERING/data_engineering_project/batch-etl-pyspark/.venv/lib/python3.12/site-packages/airflow/example_dags/tutorial_taskflow_api.py
[2025-07-17T17:18:17.272+0000] {logging_mixin.py:188} INFO - [2025-07-17T17:18:17.271+0000] {dag.py:3096} INFO - Sync 1 DAGs
[2025-07-17T17:18:17.331+0000] {logging_mixin.py:188} INFO - [2025-07-17T17:18:17.324+0000] {dag.py:3954} INFO - Setting next_dagrun for tutorial_taskflow_api to None, run_after=None
[2025-07-17T17:18:17.721+0000] {processor.py:183} INFO - Processing /mnt/c/Users/Shivam Gupta/OneDrive/Documents/Shivam_Developement/DATA_ENGINEERING/data_engineering_project/batch-etl-pyspark/.venv/lib/python3.12/site-packages/airflow/example_dags/tutorial_taskflow_api.py took 0.798 seconds
[2025-07-17T17:20:48.218+0000] {processor.py:161} INFO - Started process (PID=2083) to work on /mnt/c/Users/Shivam Gupta/OneDrive/Documents/Shivam_Developement/DATA_ENGINEERING/data_engineering_project/batch-etl-pyspark/.venv/lib/python3.12/site-packages/airflow/example_dags/tutorial_taskflow_api.py
[2025-07-17T17:20:48.221+0000] {processor.py:830} INFO - Processing file /mnt/c/Users/Shivam Gupta/OneDrive/Documents/Shivam_Developement/DATA_ENGINEERING/data_engineering_project/batch-etl-pyspark/.venv/lib/python3.12/site-packages/airflow/example_dags/tutorial_taskflow_api.py for tasks to queue
[2025-07-17T17:20:48.274+0000] {logging_mixin.py:188} INFO - [2025-07-17T17:20:48.246+0000] {dagbag.py:545} INFO - Filling up the DagBag from /mnt/c/Users/Shivam Gupta/OneDrive/Documents/Shivam_Developement/DATA_ENGINEERING/data_engineering_project/batch-etl-pyspark/.venv/lib/python3.12/site-packages/airflow/example_dags/tutorial_taskflow_api.py
[2025-07-17T17:20:48.464+0000] {processor.py:840} INFO - DAG(s) 'tutorial_taskflow_api' retrieved from /mnt/c/Users/Shivam Gupta/OneDrive/Documents/Shivam_Developement/DATA_ENGINEERING/data_engineering_project/batch-etl-pyspark/.venv/lib/python3.12/site-packages/airflow/example_dags/tutorial_taskflow_api.py
[2025-07-17T17:20:48.787+0000] {logging_mixin.py:188} INFO - [2025-07-17T17:20:48.784+0000] {dag.py:3096} INFO - Sync 1 DAGs
[2025-07-17T17:20:49.032+0000] {logging_mixin.py:188} INFO - [2025-07-17T17:20:48.990+0000] {dag.py:3954} INFO - Setting next_dagrun for tutorial_taskflow_api to None, run_after=None
[2025-07-17T17:20:49.606+0000] {processor.py:183} INFO - Processing /mnt/c/Users/Shivam Gupta/OneDrive/Documents/Shivam_Developement/DATA_ENGINEERING/data_engineering_project/batch-etl-pyspark/.venv/lib/python3.12/site-packages/airflow/example_dags/tutorial_taskflow_api.py took 1.623 seconds
[2025-07-17T17:22:40.195+0000] {processor.py:161} INFO - Started process (PID=2143) to work on /mnt/c/Users/Shivam Gupta/OneDrive/Documents/Shivam_Developement/DATA_ENGINEERING/data_engineering_project/batch-etl-pyspark/.venv/lib/python3.12/site-packages/airflow/example_dags/tutorial_taskflow_api.py
[2025-07-17T17:22:40.202+0000] {processor.py:830} INFO - Processing file /mnt/c/Users/Shivam Gupta/OneDrive/Documents/Shivam_Developement/DATA_ENGINEERING/data_engineering_project/batch-etl-pyspark/.venv/lib/python3.12/site-packages/airflow/example_dags/tutorial_taskflow_api.py for tasks to queue
[2025-07-17T17:22:40.207+0000] {logging_mixin.py:188} INFO - [2025-07-17T17:22:40.205+0000] {dagbag.py:545} INFO - Filling up the DagBag from /mnt/c/Users/Shivam Gupta/OneDrive/Documents/Shivam_Developement/DATA_ENGINEERING/data_engineering_project/batch-etl-pyspark/.venv/lib/python3.12/site-packages/airflow/example_dags/tutorial_taskflow_api.py
[2025-07-17T17:22:40.272+0000] {processor.py:840} INFO - DAG(s) 'tutorial_taskflow_api' retrieved from /mnt/c/Users/Shivam Gupta/OneDrive/Documents/Shivam_Developement/DATA_ENGINEERING/data_engineering_project/batch-etl-pyspark/.venv/lib/python3.12/site-packages/airflow/example_dags/tutorial_taskflow_api.py
[2025-07-17T17:22:40.363+0000] {logging_mixin.py:188} INFO - [2025-07-17T17:22:40.337+0000] {dag.py:3096} INFO - Sync 1 DAGs
[2025-07-17T17:22:40.591+0000] {logging_mixin.py:188} INFO - [2025-07-17T17:22:40.590+0000] {dag.py:3954} INFO - Setting next_dagrun for tutorial_taskflow_api to None, run_after=None
[2025-07-17T17:22:40.954+0000] {processor.py:183} INFO - Processing /mnt/c/Users/Shivam Gupta/OneDrive/Documents/Shivam_Developement/DATA_ENGINEERING/data_engineering_project/batch-etl-pyspark/.venv/lib/python3.12/site-packages/airflow/example_dags/tutorial_taskflow_api.py took 0.789 seconds
[2025-07-17T17:24:32.911+0000] {processor.py:161} INFO - Started process (PID=2226) to work on /mnt/c/Users/Shivam Gupta/OneDrive/Documents/Shivam_Developement/DATA_ENGINEERING/data_engineering_project/batch-etl-pyspark/.venv/lib/python3.12/site-packages/airflow/example_dags/tutorial_taskflow_api.py
[2025-07-17T17:24:32.916+0000] {processor.py:830} INFO - Processing file /mnt/c/Users/Shivam Gupta/OneDrive/Documents/Shivam_Developement/DATA_ENGINEERING/data_engineering_project/batch-etl-pyspark/.venv/lib/python3.12/site-packages/airflow/example_dags/tutorial_taskflow_api.py for tasks to queue
[2025-07-17T17:24:32.922+0000] {logging_mixin.py:188} INFO - [2025-07-17T17:24:32.920+0000] {dagbag.py:545} INFO - Filling up the DagBag from /mnt/c/Users/Shivam Gupta/OneDrive/Documents/Shivam_Developement/DATA_ENGINEERING/data_engineering_project/batch-etl-pyspark/.venv/lib/python3.12/site-packages/airflow/example_dags/tutorial_taskflow_api.py
[2025-07-17T17:24:33.044+0000] {processor.py:840} INFO - DAG(s) 'tutorial_taskflow_api' retrieved from /mnt/c/Users/Shivam Gupta/OneDrive/Documents/Shivam_Developement/DATA_ENGINEERING/data_engineering_project/batch-etl-pyspark/.venv/lib/python3.12/site-packages/airflow/example_dags/tutorial_taskflow_api.py
[2025-07-17T17:24:33.261+0000] {logging_mixin.py:188} INFO - [2025-07-17T17:24:33.236+0000] {dag.py:3096} INFO - Sync 1 DAGs
[2025-07-17T17:24:33.362+0000] {logging_mixin.py:188} INFO - [2025-07-17T17:24:33.340+0000] {dag.py:3954} INFO - Setting next_dagrun for tutorial_taskflow_api to None, run_after=None
[2025-07-17T17:24:33.759+0000] {processor.py:183} INFO - Processing /mnt/c/Users/Shivam Gupta/OneDrive/Documents/Shivam_Developement/DATA_ENGINEERING/data_engineering_project/batch-etl-pyspark/.venv/lib/python3.12/site-packages/airflow/example_dags/tutorial_taskflow_api.py took 0.922 seconds
[2025-07-17T17:26:32.420+0000] {processor.py:161} INFO - Started process (PID=2294) to work on /mnt/c/Users/Shivam Gupta/OneDrive/Documents/Shivam_Developement/DATA_ENGINEERING/data_engineering_project/batch-etl-pyspark/.venv/lib/python3.12/site-packages/airflow/example_dags/tutorial_taskflow_api.py
[2025-07-17T17:26:32.425+0000] {processor.py:830} INFO - Processing file /mnt/c/Users/Shivam Gupta/OneDrive/Documents/Shivam_Developement/DATA_ENGINEERING/data_engineering_project/batch-etl-pyspark/.venv/lib/python3.12/site-packages/airflow/example_dags/tutorial_taskflow_api.py for tasks to queue
[2025-07-17T17:26:32.436+0000] {logging_mixin.py:188} INFO - [2025-07-17T17:26:32.430+0000] {dagbag.py:545} INFO - Filling up the DagBag from /mnt/c/Users/Shivam Gupta/OneDrive/Documents/Shivam_Developement/DATA_ENGINEERING/data_engineering_project/batch-etl-pyspark/.venv/lib/python3.12/site-packages/airflow/example_dags/tutorial_taskflow_api.py
[2025-07-17T17:26:32.514+0000] {processor.py:840} INFO - DAG(s) 'tutorial_taskflow_api' retrieved from /mnt/c/Users/Shivam Gupta/OneDrive/Documents/Shivam_Developement/DATA_ENGINEERING/data_engineering_project/batch-etl-pyspark/.venv/lib/python3.12/site-packages/airflow/example_dags/tutorial_taskflow_api.py
[2025-07-17T17:26:32.604+0000] {logging_mixin.py:188} INFO - [2025-07-17T17:26:32.603+0000] {dag.py:3096} INFO - Sync 1 DAGs
[2025-07-17T17:26:32.677+0000] {logging_mixin.py:188} INFO - [2025-07-17T17:26:32.676+0000] {dag.py:3954} INFO - Setting next_dagrun for tutorial_taskflow_api to None, run_after=None
[2025-07-17T17:26:32.829+0000] {processor.py:183} INFO - Processing /mnt/c/Users/Shivam Gupta/OneDrive/Documents/Shivam_Developement/DATA_ENGINEERING/data_engineering_project/batch-etl-pyspark/.venv/lib/python3.12/site-packages/airflow/example_dags/tutorial_taskflow_api.py took 0.448 seconds
[2025-07-17T17:28:48.532+0000] {processor.py:161} INFO - Started process (PID=2366) to work on /mnt/c/Users/Shivam Gupta/OneDrive/Documents/Shivam_Developement/DATA_ENGINEERING/data_engineering_project/batch-etl-pyspark/.venv/lib/python3.12/site-packages/airflow/example_dags/tutorial_taskflow_api.py
[2025-07-17T17:28:48.537+0000] {processor.py:830} INFO - Processing file /mnt/c/Users/Shivam Gupta/OneDrive/Documents/Shivam_Developement/DATA_ENGINEERING/data_engineering_project/batch-etl-pyspark/.venv/lib/python3.12/site-packages/airflow/example_dags/tutorial_taskflow_api.py for tasks to queue
[2025-07-17T17:28:48.541+0000] {logging_mixin.py:188} INFO - [2025-07-17T17:28:48.540+0000] {dagbag.py:545} INFO - Filling up the DagBag from /mnt/c/Users/Shivam Gupta/OneDrive/Documents/Shivam_Developement/DATA_ENGINEERING/data_engineering_project/batch-etl-pyspark/.venv/lib/python3.12/site-packages/airflow/example_dags/tutorial_taskflow_api.py
[2025-07-17T17:28:48.587+0000] {processor.py:840} INFO - DAG(s) 'tutorial_taskflow_api' retrieved from /mnt/c/Users/Shivam Gupta/OneDrive/Documents/Shivam_Developement/DATA_ENGINEERING/data_engineering_project/batch-etl-pyspark/.venv/lib/python3.12/site-packages/airflow/example_dags/tutorial_taskflow_api.py
[2025-07-17T17:28:48.634+0000] {logging_mixin.py:188} INFO - [2025-07-17T17:28:48.633+0000] {dag.py:3096} INFO - Sync 1 DAGs
[2025-07-17T17:28:48.669+0000] {logging_mixin.py:188} INFO - [2025-07-17T17:28:48.653+0000] {dag.py:3954} INFO - Setting next_dagrun for tutorial_taskflow_api to None, run_after=None
[2025-07-17T17:28:48.909+0000] {processor.py:183} INFO - Processing /mnt/c/Users/Shivam Gupta/OneDrive/Documents/Shivam_Developement/DATA_ENGINEERING/data_engineering_project/batch-etl-pyspark/.venv/lib/python3.12/site-packages/airflow/example_dags/tutorial_taskflow_api.py took 0.397 seconds
[2025-07-17T17:32:29.188+0000] {processor.py:161} INFO - Started process (PID=2467) to work on /mnt/c/Users/Shivam Gupta/OneDrive/Documents/Shivam_Developement/DATA_ENGINEERING/data_engineering_project/batch-etl-pyspark/.venv/lib/python3.12/site-packages/airflow/example_dags/tutorial_taskflow_api.py
[2025-07-17T17:32:29.192+0000] {processor.py:830} INFO - Processing file /mnt/c/Users/Shivam Gupta/OneDrive/Documents/Shivam_Developement/DATA_ENGINEERING/data_engineering_project/batch-etl-pyspark/.venv/lib/python3.12/site-packages/airflow/example_dags/tutorial_taskflow_api.py for tasks to queue
[2025-07-17T17:32:29.199+0000] {logging_mixin.py:188} INFO - [2025-07-17T17:32:29.196+0000] {dagbag.py:545} INFO - Filling up the DagBag from /mnt/c/Users/Shivam Gupta/OneDrive/Documents/Shivam_Developement/DATA_ENGINEERING/data_engineering_project/batch-etl-pyspark/.venv/lib/python3.12/site-packages/airflow/example_dags/tutorial_taskflow_api.py
[2025-07-17T17:32:29.249+0000] {processor.py:840} INFO - DAG(s) 'tutorial_taskflow_api' retrieved from /mnt/c/Users/Shivam Gupta/OneDrive/Documents/Shivam_Developement/DATA_ENGINEERING/data_engineering_project/batch-etl-pyspark/.venv/lib/python3.12/site-packages/airflow/example_dags/tutorial_taskflow_api.py
[2025-07-17T17:32:29.484+0000] {logging_mixin.py:188} INFO - [2025-07-17T17:32:29.482+0000] {dag.py:3096} INFO - Sync 1 DAGs
[2025-07-17T17:32:29.514+0000] {logging_mixin.py:188} INFO - [2025-07-17T17:32:29.513+0000] {dag.py:3954} INFO - Setting next_dagrun for tutorial_taskflow_api to None, run_after=None
[2025-07-17T17:32:29.634+0000] {processor.py:183} INFO - Processing /mnt/c/Users/Shivam Gupta/OneDrive/Documents/Shivam_Developement/DATA_ENGINEERING/data_engineering_project/batch-etl-pyspark/.venv/lib/python3.12/site-packages/airflow/example_dags/tutorial_taskflow_api.py took 0.468 seconds
[2025-07-17T17:34:33.001+0000] {processor.py:161} INFO - Started process (PID=2539) to work on /mnt/c/Users/Shivam Gupta/OneDrive/Documents/Shivam_Developement/DATA_ENGINEERING/data_engineering_project/batch-etl-pyspark/.venv/lib/python3.12/site-packages/airflow/example_dags/tutorial_taskflow_api.py
[2025-07-17T17:34:33.006+0000] {processor.py:830} INFO - Processing file /mnt/c/Users/Shivam Gupta/OneDrive/Documents/Shivam_Developement/DATA_ENGINEERING/data_engineering_project/batch-etl-pyspark/.venv/lib/python3.12/site-packages/airflow/example_dags/tutorial_taskflow_api.py for tasks to queue
[2025-07-17T17:34:33.009+0000] {logging_mixin.py:188} INFO - [2025-07-17T17:34:33.008+0000] {dagbag.py:545} INFO - Filling up the DagBag from /mnt/c/Users/Shivam Gupta/OneDrive/Documents/Shivam_Developement/DATA_ENGINEERING/data_engineering_project/batch-etl-pyspark/.venv/lib/python3.12/site-packages/airflow/example_dags/tutorial_taskflow_api.py
[2025-07-17T17:34:33.155+0000] {processor.py:840} INFO - DAG(s) 'tutorial_taskflow_api' retrieved from /mnt/c/Users/Shivam Gupta/OneDrive/Documents/Shivam_Developement/DATA_ENGINEERING/data_engineering_project/batch-etl-pyspark/.venv/lib/python3.12/site-packages/airflow/example_dags/tutorial_taskflow_api.py
[2025-07-17T17:34:33.244+0000] {logging_mixin.py:188} INFO - [2025-07-17T17:34:33.224+0000] {dag.py:3096} INFO - Sync 1 DAGs
[2025-07-17T17:34:33.469+0000] {logging_mixin.py:188} INFO - [2025-07-17T17:34:33.442+0000] {dag.py:3954} INFO - Setting next_dagrun for tutorial_taskflow_api to None, run_after=None
[2025-07-17T17:34:33.711+0000] {processor.py:183} INFO - Processing /mnt/c/Users/Shivam Gupta/OneDrive/Documents/Shivam_Developement/DATA_ENGINEERING/data_engineering_project/batch-etl-pyspark/.venv/lib/python3.12/site-packages/airflow/example_dags/tutorial_taskflow_api.py took 0.753 seconds
[2025-07-17T17:36:31.297+0000] {processor.py:161} INFO - Started process (PID=2606) to work on /mnt/c/Users/Shivam Gupta/OneDrive/Documents/Shivam_Developement/DATA_ENGINEERING/data_engineering_project/batch-etl-pyspark/.venv/lib/python3.12/site-packages/airflow/example_dags/tutorial_taskflow_api.py
[2025-07-17T17:36:31.301+0000] {processor.py:830} INFO - Processing file /mnt/c/Users/Shivam Gupta/OneDrive/Documents/Shivam_Developement/DATA_ENGINEERING/data_engineering_project/batch-etl-pyspark/.venv/lib/python3.12/site-packages/airflow/example_dags/tutorial_taskflow_api.py for tasks to queue
[2025-07-17T17:36:31.352+0000] {logging_mixin.py:188} INFO - [2025-07-17T17:36:31.304+0000] {dagbag.py:545} INFO - Filling up the DagBag from /mnt/c/Users/Shivam Gupta/OneDrive/Documents/Shivam_Developement/DATA_ENGINEERING/data_engineering_project/batch-etl-pyspark/.venv/lib/python3.12/site-packages/airflow/example_dags/tutorial_taskflow_api.py
[2025-07-17T17:36:31.697+0000] {processor.py:840} INFO - DAG(s) 'tutorial_taskflow_api' retrieved from /mnt/c/Users/Shivam Gupta/OneDrive/Documents/Shivam_Developement/DATA_ENGINEERING/data_engineering_project/batch-etl-pyspark/.venv/lib/python3.12/site-packages/airflow/example_dags/tutorial_taskflow_api.py
[2025-07-17T17:36:32.103+0000] {logging_mixin.py:188} INFO - [2025-07-17T17:36:32.088+0000] {dag.py:3096} INFO - Sync 1 DAGs
[2025-07-17T17:36:32.358+0000] {logging_mixin.py:188} INFO - [2025-07-17T17:36:32.330+0000] {dag.py:3954} INFO - Setting next_dagrun for tutorial_taskflow_api to None, run_after=None
[2025-07-17T17:36:32.954+0000] {processor.py:183} INFO - Processing /mnt/c/Users/Shivam Gupta/OneDrive/Documents/Shivam_Developement/DATA_ENGINEERING/data_engineering_project/batch-etl-pyspark/.venv/lib/python3.12/site-packages/airflow/example_dags/tutorial_taskflow_api.py took 1.787 seconds
[2025-07-17T17:38:27.270+0000] {processor.py:161} INFO - Started process (PID=2669) to work on /mnt/c/Users/Shivam Gupta/OneDrive/Documents/Shivam_Developement/DATA_ENGINEERING/data_engineering_project/batch-etl-pyspark/.venv/lib/python3.12/site-packages/airflow/example_dags/tutorial_taskflow_api.py
[2025-07-17T17:38:27.274+0000] {processor.py:830} INFO - Processing file /mnt/c/Users/Shivam Gupta/OneDrive/Documents/Shivam_Developement/DATA_ENGINEERING/data_engineering_project/batch-etl-pyspark/.venv/lib/python3.12/site-packages/airflow/example_dags/tutorial_taskflow_api.py for tasks to queue
[2025-07-17T17:38:27.282+0000] {logging_mixin.py:188} INFO - [2025-07-17T17:38:27.280+0000] {dagbag.py:545} INFO - Filling up the DagBag from /mnt/c/Users/Shivam Gupta/OneDrive/Documents/Shivam_Developement/DATA_ENGINEERING/data_engineering_project/batch-etl-pyspark/.venv/lib/python3.12/site-packages/airflow/example_dags/tutorial_taskflow_api.py
[2025-07-17T17:38:27.351+0000] {processor.py:840} INFO - DAG(s) 'tutorial_taskflow_api' retrieved from /mnt/c/Users/Shivam Gupta/OneDrive/Documents/Shivam_Developement/DATA_ENGINEERING/data_engineering_project/batch-etl-pyspark/.venv/lib/python3.12/site-packages/airflow/example_dags/tutorial_taskflow_api.py
[2025-07-17T17:38:27.435+0000] {logging_mixin.py:188} INFO - [2025-07-17T17:38:27.433+0000] {dag.py:3096} INFO - Sync 1 DAGs
[2025-07-17T17:38:27.466+0000] {logging_mixin.py:188} INFO - [2025-07-17T17:38:27.465+0000] {dag.py:3954} INFO - Setting next_dagrun for tutorial_taskflow_api to None, run_after=None
[2025-07-17T17:38:27.600+0000] {processor.py:183} INFO - Processing /mnt/c/Users/Shivam Gupta/OneDrive/Documents/Shivam_Developement/DATA_ENGINEERING/data_engineering_project/batch-etl-pyspark/.venv/lib/python3.12/site-packages/airflow/example_dags/tutorial_taskflow_api.py took 0.360 seconds
[2025-07-17T17:40:12.104+0000] {processor.py:161} INFO - Started process (PID=2737) to work on /mnt/c/Users/Shivam Gupta/OneDrive/Documents/Shivam_Developement/DATA_ENGINEERING/data_engineering_project/batch-etl-pyspark/.venv/lib/python3.12/site-packages/airflow/example_dags/tutorial_taskflow_api.py
[2025-07-17T17:40:12.115+0000] {processor.py:830} INFO - Processing file /mnt/c/Users/Shivam Gupta/OneDrive/Documents/Shivam_Developement/DATA_ENGINEERING/data_engineering_project/batch-etl-pyspark/.venv/lib/python3.12/site-packages/airflow/example_dags/tutorial_taskflow_api.py for tasks to queue
[2025-07-17T17:40:12.118+0000] {logging_mixin.py:188} INFO - [2025-07-17T17:40:12.117+0000] {dagbag.py:545} INFO - Filling up the DagBag from /mnt/c/Users/Shivam Gupta/OneDrive/Documents/Shivam_Developement/DATA_ENGINEERING/data_engineering_project/batch-etl-pyspark/.venv/lib/python3.12/site-packages/airflow/example_dags/tutorial_taskflow_api.py
[2025-07-17T17:40:12.248+0000] {processor.py:840} INFO - DAG(s) 'tutorial_taskflow_api' retrieved from /mnt/c/Users/Shivam Gupta/OneDrive/Documents/Shivam_Developement/DATA_ENGINEERING/data_engineering_project/batch-etl-pyspark/.venv/lib/python3.12/site-packages/airflow/example_dags/tutorial_taskflow_api.py
[2025-07-17T17:40:12.428+0000] {logging_mixin.py:188} INFO - [2025-07-17T17:40:12.425+0000] {dag.py:3096} INFO - Sync 1 DAGs
[2025-07-17T17:40:12.469+0000] {logging_mixin.py:188} INFO - [2025-07-17T17:40:12.466+0000] {dag.py:3954} INFO - Setting next_dagrun for tutorial_taskflow_api to None, run_after=None
[2025-07-17T17:40:12.731+0000] {processor.py:183} INFO - Processing /mnt/c/Users/Shivam Gupta/OneDrive/Documents/Shivam_Developement/DATA_ENGINEERING/data_engineering_project/batch-etl-pyspark/.venv/lib/python3.12/site-packages/airflow/example_dags/tutorial_taskflow_api.py took 0.773 seconds
[2025-07-17T17:41:51.132+0000] {processor.py:161} INFO - Started process (PID=2793) to work on /mnt/c/Users/Shivam Gupta/OneDrive/Documents/Shivam_Developement/DATA_ENGINEERING/data_engineering_project/batch-etl-pyspark/.venv/lib/python3.12/site-packages/airflow/example_dags/tutorial_taskflow_api.py
[2025-07-17T17:41:51.148+0000] {processor.py:830} INFO - Processing file /mnt/c/Users/Shivam Gupta/OneDrive/Documents/Shivam_Developement/DATA_ENGINEERING/data_engineering_project/batch-etl-pyspark/.venv/lib/python3.12/site-packages/airflow/example_dags/tutorial_taskflow_api.py for tasks to queue
[2025-07-17T17:41:51.176+0000] {logging_mixin.py:188} INFO - [2025-07-17T17:41:51.157+0000] {dagbag.py:545} INFO - Filling up the DagBag from /mnt/c/Users/Shivam Gupta/OneDrive/Documents/Shivam_Developement/DATA_ENGINEERING/data_engineering_project/batch-etl-pyspark/.venv/lib/python3.12/site-packages/airflow/example_dags/tutorial_taskflow_api.py
[2025-07-17T17:41:51.252+0000] {processor.py:840} INFO - DAG(s) 'tutorial_taskflow_api' retrieved from /mnt/c/Users/Shivam Gupta/OneDrive/Documents/Shivam_Developement/DATA_ENGINEERING/data_engineering_project/batch-etl-pyspark/.venv/lib/python3.12/site-packages/airflow/example_dags/tutorial_taskflow_api.py
[2025-07-17T17:41:51.495+0000] {logging_mixin.py:188} INFO - [2025-07-17T17:41:51.493+0000] {dag.py:3096} INFO - Sync 1 DAGs
[2025-07-17T17:41:51.658+0000] {logging_mixin.py:188} INFO - [2025-07-17T17:41:51.634+0000] {dag.py:3954} INFO - Setting next_dagrun for tutorial_taskflow_api to None, run_after=None
[2025-07-17T17:41:52.292+0000] {processor.py:183} INFO - Processing /mnt/c/Users/Shivam Gupta/OneDrive/Documents/Shivam_Developement/DATA_ENGINEERING/data_engineering_project/batch-etl-pyspark/.venv/lib/python3.12/site-packages/airflow/example_dags/tutorial_taskflow_api.py took 1.268 seconds
[2025-07-17T17:43:31.714+0000] {processor.py:161} INFO - Started process (PID=2852) to work on /mnt/c/Users/Shivam Gupta/OneDrive/Documents/Shivam_Developement/DATA_ENGINEERING/data_engineering_project/batch-etl-pyspark/.venv/lib/python3.12/site-packages/airflow/example_dags/tutorial_taskflow_api.py
[2025-07-17T17:43:31.718+0000] {processor.py:830} INFO - Processing file /mnt/c/Users/Shivam Gupta/OneDrive/Documents/Shivam_Developement/DATA_ENGINEERING/data_engineering_project/batch-etl-pyspark/.venv/lib/python3.12/site-packages/airflow/example_dags/tutorial_taskflow_api.py for tasks to queue
[2025-07-17T17:43:31.724+0000] {logging_mixin.py:188} INFO - [2025-07-17T17:43:31.722+0000] {dagbag.py:545} INFO - Filling up the DagBag from /mnt/c/Users/Shivam Gupta/OneDrive/Documents/Shivam_Developement/DATA_ENGINEERING/data_engineering_project/batch-etl-pyspark/.venv/lib/python3.12/site-packages/airflow/example_dags/tutorial_taskflow_api.py
[2025-07-17T17:43:31.810+0000] {processor.py:840} INFO - DAG(s) 'tutorial_taskflow_api' retrieved from /mnt/c/Users/Shivam Gupta/OneDrive/Documents/Shivam_Developement/DATA_ENGINEERING/data_engineering_project/batch-etl-pyspark/.venv/lib/python3.12/site-packages/airflow/example_dags/tutorial_taskflow_api.py
[2025-07-17T17:43:32.026+0000] {logging_mixin.py:188} INFO - [2025-07-17T17:43:32.024+0000] {dag.py:3096} INFO - Sync 1 DAGs
[2025-07-17T17:43:32.069+0000] {logging_mixin.py:188} INFO - [2025-07-17T17:43:32.068+0000] {dag.py:3954} INFO - Setting next_dagrun for tutorial_taskflow_api to None, run_after=None
[2025-07-17T17:43:32.445+0000] {processor.py:183} INFO - Processing /mnt/c/Users/Shivam Gupta/OneDrive/Documents/Shivam_Developement/DATA_ENGINEERING/data_engineering_project/batch-etl-pyspark/.venv/lib/python3.12/site-packages/airflow/example_dags/tutorial_taskflow_api.py took 0.755 seconds
[2025-07-17T17:45:17.875+0000] {processor.py:161} INFO - Started process (PID=2906) to work on /mnt/c/Users/Shivam Gupta/OneDrive/Documents/Shivam_Developement/DATA_ENGINEERING/data_engineering_project/batch-etl-pyspark/.venv/lib/python3.12/site-packages/airflow/example_dags/tutorial_taskflow_api.py
[2025-07-17T17:45:17.877+0000] {processor.py:830} INFO - Processing file /mnt/c/Users/Shivam Gupta/OneDrive/Documents/Shivam_Developement/DATA_ENGINEERING/data_engineering_project/batch-etl-pyspark/.venv/lib/python3.12/site-packages/airflow/example_dags/tutorial_taskflow_api.py for tasks to queue
[2025-07-17T17:45:17.880+0000] {logging_mixin.py:188} INFO - [2025-07-17T17:45:17.879+0000] {dagbag.py:545} INFO - Filling up the DagBag from /mnt/c/Users/Shivam Gupta/OneDrive/Documents/Shivam_Developement/DATA_ENGINEERING/data_engineering_project/batch-etl-pyspark/.venv/lib/python3.12/site-packages/airflow/example_dags/tutorial_taskflow_api.py
[2025-07-17T17:45:17.942+0000] {processor.py:840} INFO - DAG(s) 'tutorial_taskflow_api' retrieved from /mnt/c/Users/Shivam Gupta/OneDrive/Documents/Shivam_Developement/DATA_ENGINEERING/data_engineering_project/batch-etl-pyspark/.venv/lib/python3.12/site-packages/airflow/example_dags/tutorial_taskflow_api.py
[2025-07-17T17:45:18.118+0000] {logging_mixin.py:188} INFO - [2025-07-17T17:45:18.115+0000] {dag.py:3096} INFO - Sync 1 DAGs
[2025-07-17T17:45:18.223+0000] {logging_mixin.py:188} INFO - [2025-07-17T17:45:18.220+0000] {dag.py:3954} INFO - Setting next_dagrun for tutorial_taskflow_api to None, run_after=None
[2025-07-17T17:45:18.372+0000] {processor.py:183} INFO - Processing /mnt/c/Users/Shivam Gupta/OneDrive/Documents/Shivam_Developement/DATA_ENGINEERING/data_engineering_project/batch-etl-pyspark/.venv/lib/python3.12/site-packages/airflow/example_dags/tutorial_taskflow_api.py took 0.514 seconds
[2025-07-17T17:47:07.563+0000] {processor.py:161} INFO - Started process (PID=2969) to work on /mnt/c/Users/Shivam Gupta/OneDrive/Documents/Shivam_Developement/DATA_ENGINEERING/data_engineering_project/batch-etl-pyspark/.venv/lib/python3.12/site-packages/airflow/example_dags/tutorial_taskflow_api.py
[2025-07-17T17:47:07.565+0000] {processor.py:830} INFO - Processing file /mnt/c/Users/Shivam Gupta/OneDrive/Documents/Shivam_Developement/DATA_ENGINEERING/data_engineering_project/batch-etl-pyspark/.venv/lib/python3.12/site-packages/airflow/example_dags/tutorial_taskflow_api.py for tasks to queue
[2025-07-17T17:47:07.569+0000] {logging_mixin.py:188} INFO - [2025-07-17T17:47:07.567+0000] {dagbag.py:545} INFO - Filling up the DagBag from /mnt/c/Users/Shivam Gupta/OneDrive/Documents/Shivam_Developement/DATA_ENGINEERING/data_engineering_project/batch-etl-pyspark/.venv/lib/python3.12/site-packages/airflow/example_dags/tutorial_taskflow_api.py
[2025-07-17T17:47:07.600+0000] {processor.py:840} INFO - DAG(s) 'tutorial_taskflow_api' retrieved from /mnt/c/Users/Shivam Gupta/OneDrive/Documents/Shivam_Developement/DATA_ENGINEERING/data_engineering_project/batch-etl-pyspark/.venv/lib/python3.12/site-packages/airflow/example_dags/tutorial_taskflow_api.py
[2025-07-17T17:47:07.641+0000] {logging_mixin.py:188} INFO - [2025-07-17T17:47:07.639+0000] {dag.py:3096} INFO - Sync 1 DAGs
[2025-07-17T17:47:07.660+0000] {logging_mixin.py:188} INFO - [2025-07-17T17:47:07.658+0000] {dag.py:3954} INFO - Setting next_dagrun for tutorial_taskflow_api to None, run_after=None
[2025-07-17T17:47:07.751+0000] {processor.py:183} INFO - Processing /mnt/c/Users/Shivam Gupta/OneDrive/Documents/Shivam_Developement/DATA_ENGINEERING/data_engineering_project/batch-etl-pyspark/.venv/lib/python3.12/site-packages/airflow/example_dags/tutorial_taskflow_api.py took 0.209 seconds
[2025-07-17T17:48:20.254+0000] {processor.py:161} INFO - Started process (PID=3026) to work on /mnt/c/Users/Shivam Gupta/OneDrive/Documents/Shivam_Developement/DATA_ENGINEERING/data_engineering_project/batch-etl-pyspark/.venv/lib/python3.12/site-packages/airflow/example_dags/tutorial_taskflow_api.py
[2025-07-17T17:48:20.257+0000] {processor.py:830} INFO - Processing file /mnt/c/Users/Shivam Gupta/OneDrive/Documents/Shivam_Developement/DATA_ENGINEERING/data_engineering_project/batch-etl-pyspark/.venv/lib/python3.12/site-packages/airflow/example_dags/tutorial_taskflow_api.py for tasks to queue
[2025-07-17T17:48:20.260+0000] {logging_mixin.py:188} INFO - [2025-07-17T17:48:20.258+0000] {dagbag.py:545} INFO - Filling up the DagBag from /mnt/c/Users/Shivam Gupta/OneDrive/Documents/Shivam_Developement/DATA_ENGINEERING/data_engineering_project/batch-etl-pyspark/.venv/lib/python3.12/site-packages/airflow/example_dags/tutorial_taskflow_api.py
[2025-07-17T17:48:20.296+0000] {processor.py:840} INFO - DAG(s) 'tutorial_taskflow_api' retrieved from /mnt/c/Users/Shivam Gupta/OneDrive/Documents/Shivam_Developement/DATA_ENGINEERING/data_engineering_project/batch-etl-pyspark/.venv/lib/python3.12/site-packages/airflow/example_dags/tutorial_taskflow_api.py
[2025-07-17T17:48:20.370+0000] {logging_mixin.py:188} INFO - [2025-07-17T17:48:20.368+0000] {dag.py:3096} INFO - Sync 1 DAGs
[2025-07-17T17:48:20.398+0000] {logging_mixin.py:188} INFO - [2025-07-17T17:48:20.396+0000] {dag.py:3954} INFO - Setting next_dagrun for tutorial_taskflow_api to None, run_after=None
[2025-07-17T17:48:20.523+0000] {processor.py:183} INFO - Processing /mnt/c/Users/Shivam Gupta/OneDrive/Documents/Shivam_Developement/DATA_ENGINEERING/data_engineering_project/batch-etl-pyspark/.venv/lib/python3.12/site-packages/airflow/example_dags/tutorial_taskflow_api.py took 0.288 seconds
[2025-07-17T17:49:19.639+0000] {processor.py:161} INFO - Started process (PID=3077) to work on /mnt/c/Users/Shivam Gupta/OneDrive/Documents/Shivam_Developement/DATA_ENGINEERING/data_engineering_project/batch-etl-pyspark/.venv/lib/python3.12/site-packages/airflow/example_dags/tutorial_taskflow_api.py
[2025-07-17T17:49:19.642+0000] {processor.py:830} INFO - Processing file /mnt/c/Users/Shivam Gupta/OneDrive/Documents/Shivam_Developement/DATA_ENGINEERING/data_engineering_project/batch-etl-pyspark/.venv/lib/python3.12/site-packages/airflow/example_dags/tutorial_taskflow_api.py for tasks to queue
[2025-07-17T17:49:19.644+0000] {logging_mixin.py:188} INFO - [2025-07-17T17:49:19.643+0000] {dagbag.py:545} INFO - Filling up the DagBag from /mnt/c/Users/Shivam Gupta/OneDrive/Documents/Shivam_Developement/DATA_ENGINEERING/data_engineering_project/batch-etl-pyspark/.venv/lib/python3.12/site-packages/airflow/example_dags/tutorial_taskflow_api.py
[2025-07-17T17:49:19.675+0000] {processor.py:840} INFO - DAG(s) 'tutorial_taskflow_api' retrieved from /mnt/c/Users/Shivam Gupta/OneDrive/Documents/Shivam_Developement/DATA_ENGINEERING/data_engineering_project/batch-etl-pyspark/.venv/lib/python3.12/site-packages/airflow/example_dags/tutorial_taskflow_api.py
[2025-07-17T17:49:19.818+0000] {logging_mixin.py:188} INFO - [2025-07-17T17:49:19.815+0000] {dag.py:3096} INFO - Sync 1 DAGs
[2025-07-17T17:49:19.854+0000] {logging_mixin.py:188} INFO - [2025-07-17T17:49:19.848+0000] {dag.py:3954} INFO - Setting next_dagrun for tutorial_taskflow_api to None, run_after=None
[2025-07-17T17:49:20.039+0000] {processor.py:183} INFO - Processing /mnt/c/Users/Shivam Gupta/OneDrive/Documents/Shivam_Developement/DATA_ENGINEERING/data_engineering_project/batch-etl-pyspark/.venv/lib/python3.12/site-packages/airflow/example_dags/tutorial_taskflow_api.py took 0.417 seconds
[2025-07-17T17:50:16.451+0000] {processor.py:161} INFO - Started process (PID=3127) to work on /mnt/c/Users/Shivam Gupta/OneDrive/Documents/Shivam_Developement/DATA_ENGINEERING/data_engineering_project/batch-etl-pyspark/.venv/lib/python3.12/site-packages/airflow/example_dags/tutorial_taskflow_api.py
[2025-07-17T17:50:16.452+0000] {processor.py:830} INFO - Processing file /mnt/c/Users/Shivam Gupta/OneDrive/Documents/Shivam_Developement/DATA_ENGINEERING/data_engineering_project/batch-etl-pyspark/.venv/lib/python3.12/site-packages/airflow/example_dags/tutorial_taskflow_api.py for tasks to queue
[2025-07-17T17:50:16.454+0000] {logging_mixin.py:188} INFO - [2025-07-17T17:50:16.453+0000] {dagbag.py:545} INFO - Filling up the DagBag from /mnt/c/Users/Shivam Gupta/OneDrive/Documents/Shivam_Developement/DATA_ENGINEERING/data_engineering_project/batch-etl-pyspark/.venv/lib/python3.12/site-packages/airflow/example_dags/tutorial_taskflow_api.py
[2025-07-17T17:50:16.472+0000] {processor.py:840} INFO - DAG(s) 'tutorial_taskflow_api' retrieved from /mnt/c/Users/Shivam Gupta/OneDrive/Documents/Shivam_Developement/DATA_ENGINEERING/data_engineering_project/batch-etl-pyspark/.venv/lib/python3.12/site-packages/airflow/example_dags/tutorial_taskflow_api.py
[2025-07-17T17:50:16.516+0000] {logging_mixin.py:188} INFO - [2025-07-17T17:50:16.512+0000] {dag.py:3096} INFO - Sync 1 DAGs
[2025-07-17T17:50:16.570+0000] {logging_mixin.py:188} INFO - [2025-07-17T17:50:16.564+0000] {dag.py:3954} INFO - Setting next_dagrun for tutorial_taskflow_api to None, run_after=None
[2025-07-17T17:50:16.715+0000] {processor.py:183} INFO - Processing /mnt/c/Users/Shivam Gupta/OneDrive/Documents/Shivam_Developement/DATA_ENGINEERING/data_engineering_project/batch-etl-pyspark/.venv/lib/python3.12/site-packages/airflow/example_dags/tutorial_taskflow_api.py took 0.274 seconds
[2025-07-17T17:51:21.613+0000] {processor.py:161} INFO - Started process (PID=3180) to work on /mnt/c/Users/Shivam Gupta/OneDrive/Documents/Shivam_Developement/DATA_ENGINEERING/data_engineering_project/batch-etl-pyspark/.venv/lib/python3.12/site-packages/airflow/example_dags/tutorial_taskflow_api.py
[2025-07-17T17:51:21.615+0000] {processor.py:830} INFO - Processing file /mnt/c/Users/Shivam Gupta/OneDrive/Documents/Shivam_Developement/DATA_ENGINEERING/data_engineering_project/batch-etl-pyspark/.venv/lib/python3.12/site-packages/airflow/example_dags/tutorial_taskflow_api.py for tasks to queue
[2025-07-17T17:51:21.618+0000] {logging_mixin.py:188} INFO - [2025-07-17T17:51:21.617+0000] {dagbag.py:545} INFO - Filling up the DagBag from /mnt/c/Users/Shivam Gupta/OneDrive/Documents/Shivam_Developement/DATA_ENGINEERING/data_engineering_project/batch-etl-pyspark/.venv/lib/python3.12/site-packages/airflow/example_dags/tutorial_taskflow_api.py
[2025-07-17T17:51:21.653+0000] {processor.py:840} INFO - DAG(s) 'tutorial_taskflow_api' retrieved from /mnt/c/Users/Shivam Gupta/OneDrive/Documents/Shivam_Developement/DATA_ENGINEERING/data_engineering_project/batch-etl-pyspark/.venv/lib/python3.12/site-packages/airflow/example_dags/tutorial_taskflow_api.py
[2025-07-17T17:51:21.718+0000] {logging_mixin.py:188} INFO - [2025-07-17T17:51:21.716+0000] {dag.py:3096} INFO - Sync 1 DAGs
[2025-07-17T17:51:21.745+0000] {logging_mixin.py:188} INFO - [2025-07-17T17:51:21.743+0000] {dag.py:3954} INFO - Setting next_dagrun for tutorial_taskflow_api to None, run_after=None
[2025-07-17T17:51:21.871+0000] {processor.py:183} INFO - Processing /mnt/c/Users/Shivam Gupta/OneDrive/Documents/Shivam_Developement/DATA_ENGINEERING/data_engineering_project/batch-etl-pyspark/.venv/lib/python3.12/site-packages/airflow/example_dags/tutorial_taskflow_api.py took 0.279 seconds
[2025-07-17T17:52:26.705+0000] {processor.py:161} INFO - Started process (PID=3229) to work on /mnt/c/Users/Shivam Gupta/OneDrive/Documents/Shivam_Developement/DATA_ENGINEERING/data_engineering_project/batch-etl-pyspark/.venv/lib/python3.12/site-packages/airflow/example_dags/tutorial_taskflow_api.py
[2025-07-17T17:52:26.708+0000] {processor.py:830} INFO - Processing file /mnt/c/Users/Shivam Gupta/OneDrive/Documents/Shivam_Developement/DATA_ENGINEERING/data_engineering_project/batch-etl-pyspark/.venv/lib/python3.12/site-packages/airflow/example_dags/tutorial_taskflow_api.py for tasks to queue
[2025-07-17T17:52:26.711+0000] {logging_mixin.py:188} INFO - [2025-07-17T17:52:26.709+0000] {dagbag.py:545} INFO - Filling up the DagBag from /mnt/c/Users/Shivam Gupta/OneDrive/Documents/Shivam_Developement/DATA_ENGINEERING/data_engineering_project/batch-etl-pyspark/.venv/lib/python3.12/site-packages/airflow/example_dags/tutorial_taskflow_api.py
[2025-07-17T17:52:26.753+0000] {processor.py:840} INFO - DAG(s) 'tutorial_taskflow_api' retrieved from /mnt/c/Users/Shivam Gupta/OneDrive/Documents/Shivam_Developement/DATA_ENGINEERING/data_engineering_project/batch-etl-pyspark/.venv/lib/python3.12/site-packages/airflow/example_dags/tutorial_taskflow_api.py
[2025-07-17T17:52:26.828+0000] {logging_mixin.py:188} INFO - [2025-07-17T17:52:26.825+0000] {dag.py:3096} INFO - Sync 1 DAGs
[2025-07-17T17:52:26.852+0000] {logging_mixin.py:188} INFO - [2025-07-17T17:52:26.848+0000] {dag.py:3954} INFO - Setting next_dagrun for tutorial_taskflow_api to None, run_after=None
[2025-07-17T17:52:26.966+0000] {processor.py:183} INFO - Processing /mnt/c/Users/Shivam Gupta/OneDrive/Documents/Shivam_Developement/DATA_ENGINEERING/data_engineering_project/batch-etl-pyspark/.venv/lib/python3.12/site-packages/airflow/example_dags/tutorial_taskflow_api.py took 0.282 seconds
[2025-07-17T17:53:30.484+0000] {processor.py:161} INFO - Started process (PID=3283) to work on /mnt/c/Users/Shivam Gupta/OneDrive/Documents/Shivam_Developement/DATA_ENGINEERING/data_engineering_project/batch-etl-pyspark/.venv/lib/python3.12/site-packages/airflow/example_dags/tutorial_taskflow_api.py
[2025-07-17T17:53:30.487+0000] {processor.py:830} INFO - Processing file /mnt/c/Users/Shivam Gupta/OneDrive/Documents/Shivam_Developement/DATA_ENGINEERING/data_engineering_project/batch-etl-pyspark/.venv/lib/python3.12/site-packages/airflow/example_dags/tutorial_taskflow_api.py for tasks to queue
[2025-07-17T17:53:30.490+0000] {logging_mixin.py:188} INFO - [2025-07-17T17:53:30.488+0000] {dagbag.py:545} INFO - Filling up the DagBag from /mnt/c/Users/Shivam Gupta/OneDrive/Documents/Shivam_Developement/DATA_ENGINEERING/data_engineering_project/batch-etl-pyspark/.venv/lib/python3.12/site-packages/airflow/example_dags/tutorial_taskflow_api.py
[2025-07-17T17:53:30.516+0000] {processor.py:840} INFO - DAG(s) 'tutorial_taskflow_api' retrieved from /mnt/c/Users/Shivam Gupta/OneDrive/Documents/Shivam_Developement/DATA_ENGINEERING/data_engineering_project/batch-etl-pyspark/.venv/lib/python3.12/site-packages/airflow/example_dags/tutorial_taskflow_api.py
[2025-07-17T17:53:30.550+0000] {logging_mixin.py:188} INFO - [2025-07-17T17:53:30.549+0000] {dag.py:3096} INFO - Sync 1 DAGs
[2025-07-17T17:53:30.565+0000] {logging_mixin.py:188} INFO - [2025-07-17T17:53:30.564+0000] {dag.py:3954} INFO - Setting next_dagrun for tutorial_taskflow_api to None, run_after=None
[2025-07-17T17:53:30.633+0000] {processor.py:183} INFO - Processing /mnt/c/Users/Shivam Gupta/OneDrive/Documents/Shivam_Developement/DATA_ENGINEERING/data_engineering_project/batch-etl-pyspark/.venv/lib/python3.12/site-packages/airflow/example_dags/tutorial_taskflow_api.py took 0.167 seconds
[2025-07-17T17:54:32.982+0000] {processor.py:161} INFO - Started process (PID=3333) to work on /mnt/c/Users/Shivam Gupta/OneDrive/Documents/Shivam_Developement/DATA_ENGINEERING/data_engineering_project/batch-etl-pyspark/.venv/lib/python3.12/site-packages/airflow/example_dags/tutorial_taskflow_api.py
[2025-07-17T17:54:32.985+0000] {processor.py:830} INFO - Processing file /mnt/c/Users/Shivam Gupta/OneDrive/Documents/Shivam_Developement/DATA_ENGINEERING/data_engineering_project/batch-etl-pyspark/.venv/lib/python3.12/site-packages/airflow/example_dags/tutorial_taskflow_api.py for tasks to queue
[2025-07-17T17:54:32.989+0000] {logging_mixin.py:188} INFO - [2025-07-17T17:54:32.987+0000] {dagbag.py:545} INFO - Filling up the DagBag from /mnt/c/Users/Shivam Gupta/OneDrive/Documents/Shivam_Developement/DATA_ENGINEERING/data_engineering_project/batch-etl-pyspark/.venv/lib/python3.12/site-packages/airflow/example_dags/tutorial_taskflow_api.py
[2025-07-17T17:54:33.019+0000] {processor.py:840} INFO - DAG(s) 'tutorial_taskflow_api' retrieved from /mnt/c/Users/Shivam Gupta/OneDrive/Documents/Shivam_Developement/DATA_ENGINEERING/data_engineering_project/batch-etl-pyspark/.venv/lib/python3.12/site-packages/airflow/example_dags/tutorial_taskflow_api.py
[2025-07-17T17:54:33.064+0000] {logging_mixin.py:188} INFO - [2025-07-17T17:54:33.062+0000] {dag.py:3096} INFO - Sync 1 DAGs
[2025-07-17T17:54:33.088+0000] {logging_mixin.py:188} INFO - [2025-07-17T17:54:33.086+0000] {dag.py:3954} INFO - Setting next_dagrun for tutorial_taskflow_api to None, run_after=None
[2025-07-17T17:54:33.182+0000] {processor.py:183} INFO - Processing /mnt/c/Users/Shivam Gupta/OneDrive/Documents/Shivam_Developement/DATA_ENGINEERING/data_engineering_project/batch-etl-pyspark/.venv/lib/python3.12/site-packages/airflow/example_dags/tutorial_taskflow_api.py took 0.217 seconds
[2025-07-17T17:55:35.793+0000] {processor.py:161} INFO - Started process (PID=3385) to work on /mnt/c/Users/Shivam Gupta/OneDrive/Documents/Shivam_Developement/DATA_ENGINEERING/data_engineering_project/batch-etl-pyspark/.venv/lib/python3.12/site-packages/airflow/example_dags/tutorial_taskflow_api.py
[2025-07-17T17:55:35.796+0000] {processor.py:830} INFO - Processing file /mnt/c/Users/Shivam Gupta/OneDrive/Documents/Shivam_Developement/DATA_ENGINEERING/data_engineering_project/batch-etl-pyspark/.venv/lib/python3.12/site-packages/airflow/example_dags/tutorial_taskflow_api.py for tasks to queue
[2025-07-17T17:55:35.800+0000] {logging_mixin.py:188} INFO - [2025-07-17T17:55:35.798+0000] {dagbag.py:545} INFO - Filling up the DagBag from /mnt/c/Users/Shivam Gupta/OneDrive/Documents/Shivam_Developement/DATA_ENGINEERING/data_engineering_project/batch-etl-pyspark/.venv/lib/python3.12/site-packages/airflow/example_dags/tutorial_taskflow_api.py
[2025-07-17T17:55:35.845+0000] {processor.py:840} INFO - DAG(s) 'tutorial_taskflow_api' retrieved from /mnt/c/Users/Shivam Gupta/OneDrive/Documents/Shivam_Developement/DATA_ENGINEERING/data_engineering_project/batch-etl-pyspark/.venv/lib/python3.12/site-packages/airflow/example_dags/tutorial_taskflow_api.py
[2025-07-17T17:55:35.888+0000] {logging_mixin.py:188} INFO - [2025-07-17T17:55:35.887+0000] {dag.py:3096} INFO - Sync 1 DAGs
[2025-07-17T17:55:35.906+0000] {logging_mixin.py:188} INFO - [2025-07-17T17:55:35.905+0000] {dag.py:3954} INFO - Setting next_dagrun for tutorial_taskflow_api to None, run_after=None
[2025-07-17T17:55:36.003+0000] {processor.py:183} INFO - Processing /mnt/c/Users/Shivam Gupta/OneDrive/Documents/Shivam_Developement/DATA_ENGINEERING/data_engineering_project/batch-etl-pyspark/.venv/lib/python3.12/site-packages/airflow/example_dags/tutorial_taskflow_api.py took 0.229 seconds
[2025-07-17T17:56:36.522+0000] {processor.py:161} INFO - Started process (PID=3434) to work on /mnt/c/Users/Shivam Gupta/OneDrive/Documents/Shivam_Developement/DATA_ENGINEERING/data_engineering_project/batch-etl-pyspark/.venv/lib/python3.12/site-packages/airflow/example_dags/tutorial_taskflow_api.py
[2025-07-17T17:56:36.525+0000] {processor.py:830} INFO - Processing file /mnt/c/Users/Shivam Gupta/OneDrive/Documents/Shivam_Developement/DATA_ENGINEERING/data_engineering_project/batch-etl-pyspark/.venv/lib/python3.12/site-packages/airflow/example_dags/tutorial_taskflow_api.py for tasks to queue
[2025-07-17T17:56:36.529+0000] {logging_mixin.py:188} INFO - [2025-07-17T17:56:36.527+0000] {dagbag.py:545} INFO - Filling up the DagBag from /mnt/c/Users/Shivam Gupta/OneDrive/Documents/Shivam_Developement/DATA_ENGINEERING/data_engineering_project/batch-etl-pyspark/.venv/lib/python3.12/site-packages/airflow/example_dags/tutorial_taskflow_api.py
[2025-07-17T17:56:36.565+0000] {processor.py:840} INFO - DAG(s) 'tutorial_taskflow_api' retrieved from /mnt/c/Users/Shivam Gupta/OneDrive/Documents/Shivam_Developement/DATA_ENGINEERING/data_engineering_project/batch-etl-pyspark/.venv/lib/python3.12/site-packages/airflow/example_dags/tutorial_taskflow_api.py
[2025-07-17T17:56:36.624+0000] {logging_mixin.py:188} INFO - [2025-07-17T17:56:36.622+0000] {dag.py:3096} INFO - Sync 1 DAGs
[2025-07-17T17:56:36.644+0000] {logging_mixin.py:188} INFO - [2025-07-17T17:56:36.643+0000] {dag.py:3954} INFO - Setting next_dagrun for tutorial_taskflow_api to None, run_after=None
[2025-07-17T17:56:36.731+0000] {processor.py:183} INFO - Processing /mnt/c/Users/Shivam Gupta/OneDrive/Documents/Shivam_Developement/DATA_ENGINEERING/data_engineering_project/batch-etl-pyspark/.venv/lib/python3.12/site-packages/airflow/example_dags/tutorial_taskflow_api.py took 0.228 seconds
[2025-07-17T17:57:40.664+0000] {processor.py:161} INFO - Started process (PID=3487) to work on /mnt/c/Users/Shivam Gupta/OneDrive/Documents/Shivam_Developement/DATA_ENGINEERING/data_engineering_project/batch-etl-pyspark/.venv/lib/python3.12/site-packages/airflow/example_dags/tutorial_taskflow_api.py
[2025-07-17T17:57:40.666+0000] {processor.py:830} INFO - Processing file /mnt/c/Users/Shivam Gupta/OneDrive/Documents/Shivam_Developement/DATA_ENGINEERING/data_engineering_project/batch-etl-pyspark/.venv/lib/python3.12/site-packages/airflow/example_dags/tutorial_taskflow_api.py for tasks to queue
[2025-07-17T17:57:40.671+0000] {logging_mixin.py:188} INFO - [2025-07-17T17:57:40.669+0000] {dagbag.py:545} INFO - Filling up the DagBag from /mnt/c/Users/Shivam Gupta/OneDrive/Documents/Shivam_Developement/DATA_ENGINEERING/data_engineering_project/batch-etl-pyspark/.venv/lib/python3.12/site-packages/airflow/example_dags/tutorial_taskflow_api.py
[2025-07-17T17:57:40.705+0000] {processor.py:840} INFO - DAG(s) 'tutorial_taskflow_api' retrieved from /mnt/c/Users/Shivam Gupta/OneDrive/Documents/Shivam_Developement/DATA_ENGINEERING/data_engineering_project/batch-etl-pyspark/.venv/lib/python3.12/site-packages/airflow/example_dags/tutorial_taskflow_api.py
[2025-07-17T17:57:40.744+0000] {logging_mixin.py:188} INFO - [2025-07-17T17:57:40.743+0000] {dag.py:3096} INFO - Sync 1 DAGs
[2025-07-17T17:57:40.761+0000] {logging_mixin.py:188} INFO - [2025-07-17T17:57:40.759+0000] {dag.py:3954} INFO - Setting next_dagrun for tutorial_taskflow_api to None, run_after=None
[2025-07-17T17:57:40.864+0000] {processor.py:183} INFO - Processing /mnt/c/Users/Shivam Gupta/OneDrive/Documents/Shivam_Developement/DATA_ENGINEERING/data_engineering_project/batch-etl-pyspark/.venv/lib/python3.12/site-packages/airflow/example_dags/tutorial_taskflow_api.py took 0.215 seconds
[2025-07-17T17:58:39.985+0000] {processor.py:161} INFO - Started process (PID=3536) to work on /mnt/c/Users/Shivam Gupta/OneDrive/Documents/Shivam_Developement/DATA_ENGINEERING/data_engineering_project/batch-etl-pyspark/.venv/lib/python3.12/site-packages/airflow/example_dags/tutorial_taskflow_api.py
[2025-07-17T17:58:39.990+0000] {processor.py:830} INFO - Processing file /mnt/c/Users/Shivam Gupta/OneDrive/Documents/Shivam_Developement/DATA_ENGINEERING/data_engineering_project/batch-etl-pyspark/.venv/lib/python3.12/site-packages/airflow/example_dags/tutorial_taskflow_api.py for tasks to queue
[2025-07-17T17:58:39.994+0000] {logging_mixin.py:188} INFO - [2025-07-17T17:58:39.992+0000] {dagbag.py:545} INFO - Filling up the DagBag from /mnt/c/Users/Shivam Gupta/OneDrive/Documents/Shivam_Developement/DATA_ENGINEERING/data_engineering_project/batch-etl-pyspark/.venv/lib/python3.12/site-packages/airflow/example_dags/tutorial_taskflow_api.py
[2025-07-17T17:58:40.038+0000] {processor.py:840} INFO - DAG(s) 'tutorial_taskflow_api' retrieved from /mnt/c/Users/Shivam Gupta/OneDrive/Documents/Shivam_Developement/DATA_ENGINEERING/data_engineering_project/batch-etl-pyspark/.venv/lib/python3.12/site-packages/airflow/example_dags/tutorial_taskflow_api.py
[2025-07-17T17:58:40.084+0000] {logging_mixin.py:188} INFO - [2025-07-17T17:58:40.082+0000] {dag.py:3096} INFO - Sync 1 DAGs
[2025-07-17T17:58:40.104+0000] {logging_mixin.py:188} INFO - [2025-07-17T17:58:40.101+0000] {dag.py:3954} INFO - Setting next_dagrun for tutorial_taskflow_api to None, run_after=None
[2025-07-17T17:58:40.220+0000] {processor.py:183} INFO - Processing /mnt/c/Users/Shivam Gupta/OneDrive/Documents/Shivam_Developement/DATA_ENGINEERING/data_engineering_project/batch-etl-pyspark/.venv/lib/python3.12/site-packages/airflow/example_dags/tutorial_taskflow_api.py took 0.265 seconds
[2025-07-17T17:59:43.149+0000] {processor.py:161} INFO - Started process (PID=3587) to work on /mnt/c/Users/Shivam Gupta/OneDrive/Documents/Shivam_Developement/DATA_ENGINEERING/data_engineering_project/batch-etl-pyspark/.venv/lib/python3.12/site-packages/airflow/example_dags/tutorial_taskflow_api.py
[2025-07-17T17:59:43.152+0000] {processor.py:830} INFO - Processing file /mnt/c/Users/Shivam Gupta/OneDrive/Documents/Shivam_Developement/DATA_ENGINEERING/data_engineering_project/batch-etl-pyspark/.venv/lib/python3.12/site-packages/airflow/example_dags/tutorial_taskflow_api.py for tasks to queue
[2025-07-17T17:59:43.156+0000] {logging_mixin.py:188} INFO - [2025-07-17T17:59:43.154+0000] {dagbag.py:545} INFO - Filling up the DagBag from /mnt/c/Users/Shivam Gupta/OneDrive/Documents/Shivam_Developement/DATA_ENGINEERING/data_engineering_project/batch-etl-pyspark/.venv/lib/python3.12/site-packages/airflow/example_dags/tutorial_taskflow_api.py
[2025-07-17T17:59:43.190+0000] {processor.py:840} INFO - DAG(s) 'tutorial_taskflow_api' retrieved from /mnt/c/Users/Shivam Gupta/OneDrive/Documents/Shivam_Developement/DATA_ENGINEERING/data_engineering_project/batch-etl-pyspark/.venv/lib/python3.12/site-packages/airflow/example_dags/tutorial_taskflow_api.py
[2025-07-17T17:59:43.229+0000] {logging_mixin.py:188} INFO - [2025-07-17T17:59:43.227+0000] {dag.py:3096} INFO - Sync 1 DAGs
[2025-07-17T17:59:43.249+0000] {logging_mixin.py:188} INFO - [2025-07-17T17:59:43.247+0000] {dag.py:3954} INFO - Setting next_dagrun for tutorial_taskflow_api to None, run_after=None
[2025-07-17T17:59:43.480+0000] {processor.py:183} INFO - Processing /mnt/c/Users/Shivam Gupta/OneDrive/Documents/Shivam_Developement/DATA_ENGINEERING/data_engineering_project/batch-etl-pyspark/.venv/lib/python3.12/site-packages/airflow/example_dags/tutorial_taskflow_api.py took 0.350 seconds
[2025-07-17T18:00:50.098+0000] {processor.py:161} INFO - Started process (PID=3639) to work on /mnt/c/Users/Shivam Gupta/OneDrive/Documents/Shivam_Developement/DATA_ENGINEERING/data_engineering_project/batch-etl-pyspark/.venv/lib/python3.12/site-packages/airflow/example_dags/tutorial_taskflow_api.py
[2025-07-17T18:00:50.101+0000] {processor.py:830} INFO - Processing file /mnt/c/Users/Shivam Gupta/OneDrive/Documents/Shivam_Developement/DATA_ENGINEERING/data_engineering_project/batch-etl-pyspark/.venv/lib/python3.12/site-packages/airflow/example_dags/tutorial_taskflow_api.py for tasks to queue
[2025-07-17T18:00:50.106+0000] {logging_mixin.py:188} INFO - [2025-07-17T18:00:50.104+0000] {dagbag.py:545} INFO - Filling up the DagBag from /mnt/c/Users/Shivam Gupta/OneDrive/Documents/Shivam_Developement/DATA_ENGINEERING/data_engineering_project/batch-etl-pyspark/.venv/lib/python3.12/site-packages/airflow/example_dags/tutorial_taskflow_api.py
[2025-07-17T18:00:50.148+0000] {processor.py:840} INFO - DAG(s) 'tutorial_taskflow_api' retrieved from /mnt/c/Users/Shivam Gupta/OneDrive/Documents/Shivam_Developement/DATA_ENGINEERING/data_engineering_project/batch-etl-pyspark/.venv/lib/python3.12/site-packages/airflow/example_dags/tutorial_taskflow_api.py
[2025-07-17T18:00:50.195+0000] {logging_mixin.py:188} INFO - [2025-07-17T18:00:50.194+0000] {dag.py:3096} INFO - Sync 1 DAGs
[2025-07-17T18:00:50.216+0000] {logging_mixin.py:188} INFO - [2025-07-17T18:00:50.214+0000] {dag.py:3954} INFO - Setting next_dagrun for tutorial_taskflow_api to None, run_after=None
[2025-07-17T18:00:50.316+0000] {processor.py:183} INFO - Processing /mnt/c/Users/Shivam Gupta/OneDrive/Documents/Shivam_Developement/DATA_ENGINEERING/data_engineering_project/batch-etl-pyspark/.venv/lib/python3.12/site-packages/airflow/example_dags/tutorial_taskflow_api.py took 0.237 seconds
[2025-07-17T18:01:55.378+0000] {processor.py:161} INFO - Started process (PID=3696) to work on /mnt/c/Users/Shivam Gupta/OneDrive/Documents/Shivam_Developement/DATA_ENGINEERING/data_engineering_project/batch-etl-pyspark/.venv/lib/python3.12/site-packages/airflow/example_dags/tutorial_taskflow_api.py
[2025-07-17T18:01:55.381+0000] {processor.py:830} INFO - Processing file /mnt/c/Users/Shivam Gupta/OneDrive/Documents/Shivam_Developement/DATA_ENGINEERING/data_engineering_project/batch-etl-pyspark/.venv/lib/python3.12/site-packages/airflow/example_dags/tutorial_taskflow_api.py for tasks to queue
[2025-07-17T18:01:55.384+0000] {logging_mixin.py:188} INFO - [2025-07-17T18:01:55.382+0000] {dagbag.py:545} INFO - Filling up the DagBag from /mnt/c/Users/Shivam Gupta/OneDrive/Documents/Shivam_Developement/DATA_ENGINEERING/data_engineering_project/batch-etl-pyspark/.venv/lib/python3.12/site-packages/airflow/example_dags/tutorial_taskflow_api.py
[2025-07-17T18:01:55.418+0000] {processor.py:840} INFO - DAG(s) 'tutorial_taskflow_api' retrieved from /mnt/c/Users/Shivam Gupta/OneDrive/Documents/Shivam_Developement/DATA_ENGINEERING/data_engineering_project/batch-etl-pyspark/.venv/lib/python3.12/site-packages/airflow/example_dags/tutorial_taskflow_api.py
[2025-07-17T18:01:55.505+0000] {logging_mixin.py:188} INFO - [2025-07-17T18:01:55.502+0000] {dag.py:3096} INFO - Sync 1 DAGs
[2025-07-17T18:01:55.537+0000] {logging_mixin.py:188} INFO - [2025-07-17T18:01:55.534+0000] {dag.py:3954} INFO - Setting next_dagrun for tutorial_taskflow_api to None, run_after=None
[2025-07-17T18:01:55.683+0000] {processor.py:183} INFO - Processing /mnt/c/Users/Shivam Gupta/OneDrive/Documents/Shivam_Developement/DATA_ENGINEERING/data_engineering_project/batch-etl-pyspark/.venv/lib/python3.12/site-packages/airflow/example_dags/tutorial_taskflow_api.py took 0.323 seconds
[2025-07-17T18:02:53.719+0000] {processor.py:161} INFO - Started process (PID=3745) to work on /mnt/c/Users/Shivam Gupta/OneDrive/Documents/Shivam_Developement/DATA_ENGINEERING/data_engineering_project/batch-etl-pyspark/.venv/lib/python3.12/site-packages/airflow/example_dags/tutorial_taskflow_api.py
[2025-07-17T18:02:53.722+0000] {processor.py:830} INFO - Processing file /mnt/c/Users/Shivam Gupta/OneDrive/Documents/Shivam_Developement/DATA_ENGINEERING/data_engineering_project/batch-etl-pyspark/.venv/lib/python3.12/site-packages/airflow/example_dags/tutorial_taskflow_api.py for tasks to queue
[2025-07-17T18:02:53.726+0000] {logging_mixin.py:188} INFO - [2025-07-17T18:02:53.724+0000] {dagbag.py:545} INFO - Filling up the DagBag from /mnt/c/Users/Shivam Gupta/OneDrive/Documents/Shivam_Developement/DATA_ENGINEERING/data_engineering_project/batch-etl-pyspark/.venv/lib/python3.12/site-packages/airflow/example_dags/tutorial_taskflow_api.py
[2025-07-17T18:02:53.762+0000] {processor.py:840} INFO - DAG(s) 'tutorial_taskflow_api' retrieved from /mnt/c/Users/Shivam Gupta/OneDrive/Documents/Shivam_Developement/DATA_ENGINEERING/data_engineering_project/batch-etl-pyspark/.venv/lib/python3.12/site-packages/airflow/example_dags/tutorial_taskflow_api.py
[2025-07-17T18:02:53.827+0000] {logging_mixin.py:188} INFO - [2025-07-17T18:02:53.825+0000] {dag.py:3096} INFO - Sync 1 DAGs
[2025-07-17T18:02:53.870+0000] {logging_mixin.py:188} INFO - [2025-07-17T18:02:53.866+0000] {dag.py:3954} INFO - Setting next_dagrun for tutorial_taskflow_api to None, run_after=None
[2025-07-17T18:02:54.180+0000] {processor.py:183} INFO - Processing /mnt/c/Users/Shivam Gupta/OneDrive/Documents/Shivam_Developement/DATA_ENGINEERING/data_engineering_project/batch-etl-pyspark/.venv/lib/python3.12/site-packages/airflow/example_dags/tutorial_taskflow_api.py took 0.481 seconds
[2025-07-17T18:03:54.643+0000] {processor.py:161} INFO - Started process (PID=3795) to work on /mnt/c/Users/Shivam Gupta/OneDrive/Documents/Shivam_Developement/DATA_ENGINEERING/data_engineering_project/batch-etl-pyspark/.venv/lib/python3.12/site-packages/airflow/example_dags/tutorial_taskflow_api.py
[2025-07-17T18:03:54.645+0000] {processor.py:830} INFO - Processing file /mnt/c/Users/Shivam Gupta/OneDrive/Documents/Shivam_Developement/DATA_ENGINEERING/data_engineering_project/batch-etl-pyspark/.venv/lib/python3.12/site-packages/airflow/example_dags/tutorial_taskflow_api.py for tasks to queue
[2025-07-17T18:03:54.649+0000] {logging_mixin.py:188} INFO - [2025-07-17T18:03:54.647+0000] {dagbag.py:545} INFO - Filling up the DagBag from /mnt/c/Users/Shivam Gupta/OneDrive/Documents/Shivam_Developement/DATA_ENGINEERING/data_engineering_project/batch-etl-pyspark/.venv/lib/python3.12/site-packages/airflow/example_dags/tutorial_taskflow_api.py
[2025-07-17T18:03:54.688+0000] {processor.py:840} INFO - DAG(s) 'tutorial_taskflow_api' retrieved from /mnt/c/Users/Shivam Gupta/OneDrive/Documents/Shivam_Developement/DATA_ENGINEERING/data_engineering_project/batch-etl-pyspark/.venv/lib/python3.12/site-packages/airflow/example_dags/tutorial_taskflow_api.py
[2025-07-17T18:03:54.733+0000] {logging_mixin.py:188} INFO - [2025-07-17T18:03:54.732+0000] {dag.py:3096} INFO - Sync 1 DAGs
[2025-07-17T18:03:54.747+0000] {logging_mixin.py:188} INFO - [2025-07-17T18:03:54.745+0000] {dag.py:3954} INFO - Setting next_dagrun for tutorial_taskflow_api to None, run_after=None
[2025-07-17T18:03:54.847+0000] {processor.py:183} INFO - Processing /mnt/c/Users/Shivam Gupta/OneDrive/Documents/Shivam_Developement/DATA_ENGINEERING/data_engineering_project/batch-etl-pyspark/.venv/lib/python3.12/site-packages/airflow/example_dags/tutorial_taskflow_api.py took 0.220 seconds
[2025-07-17T18:04:55.040+0000] {processor.py:161} INFO - Started process (PID=3845) to work on /mnt/c/Users/Shivam Gupta/OneDrive/Documents/Shivam_Developement/DATA_ENGINEERING/data_engineering_project/batch-etl-pyspark/.venv/lib/python3.12/site-packages/airflow/example_dags/tutorial_taskflow_api.py
[2025-07-17T18:04:55.043+0000] {processor.py:830} INFO - Processing file /mnt/c/Users/Shivam Gupta/OneDrive/Documents/Shivam_Developement/DATA_ENGINEERING/data_engineering_project/batch-etl-pyspark/.venv/lib/python3.12/site-packages/airflow/example_dags/tutorial_taskflow_api.py for tasks to queue
[2025-07-17T18:04:55.047+0000] {logging_mixin.py:188} INFO - [2025-07-17T18:04:55.045+0000] {dagbag.py:545} INFO - Filling up the DagBag from /mnt/c/Users/Shivam Gupta/OneDrive/Documents/Shivam_Developement/DATA_ENGINEERING/data_engineering_project/batch-etl-pyspark/.venv/lib/python3.12/site-packages/airflow/example_dags/tutorial_taskflow_api.py
[2025-07-17T18:04:55.079+0000] {processor.py:840} INFO - DAG(s) 'tutorial_taskflow_api' retrieved from /mnt/c/Users/Shivam Gupta/OneDrive/Documents/Shivam_Developement/DATA_ENGINEERING/data_engineering_project/batch-etl-pyspark/.venv/lib/python3.12/site-packages/airflow/example_dags/tutorial_taskflow_api.py
[2025-07-17T18:04:55.115+0000] {logging_mixin.py:188} INFO - [2025-07-17T18:04:55.114+0000] {dag.py:3096} INFO - Sync 1 DAGs
[2025-07-17T18:04:55.129+0000] {logging_mixin.py:188} INFO - [2025-07-17T18:04:55.127+0000] {dag.py:3954} INFO - Setting next_dagrun for tutorial_taskflow_api to None, run_after=None
[2025-07-17T18:04:55.249+0000] {processor.py:183} INFO - Processing /mnt/c/Users/Shivam Gupta/OneDrive/Documents/Shivam_Developement/DATA_ENGINEERING/data_engineering_project/batch-etl-pyspark/.venv/lib/python3.12/site-packages/airflow/example_dags/tutorial_taskflow_api.py took 0.227 seconds
[2025-07-17T18:05:56.565+0000] {processor.py:161} INFO - Started process (PID=3898) to work on /mnt/c/Users/Shivam Gupta/OneDrive/Documents/Shivam_Developement/DATA_ENGINEERING/data_engineering_project/batch-etl-pyspark/.venv/lib/python3.12/site-packages/airflow/example_dags/tutorial_taskflow_api.py
[2025-07-17T18:05:56.575+0000] {processor.py:830} INFO - Processing file /mnt/c/Users/Shivam Gupta/OneDrive/Documents/Shivam_Developement/DATA_ENGINEERING/data_engineering_project/batch-etl-pyspark/.venv/lib/python3.12/site-packages/airflow/example_dags/tutorial_taskflow_api.py for tasks to queue
[2025-07-17T18:05:56.583+0000] {logging_mixin.py:188} INFO - [2025-07-17T18:05:56.580+0000] {dagbag.py:545} INFO - Filling up the DagBag from /mnt/c/Users/Shivam Gupta/OneDrive/Documents/Shivam_Developement/DATA_ENGINEERING/data_engineering_project/batch-etl-pyspark/.venv/lib/python3.12/site-packages/airflow/example_dags/tutorial_taskflow_api.py
[2025-07-17T18:05:56.677+0000] {processor.py:840} INFO - DAG(s) 'tutorial_taskflow_api' retrieved from /mnt/c/Users/Shivam Gupta/OneDrive/Documents/Shivam_Developement/DATA_ENGINEERING/data_engineering_project/batch-etl-pyspark/.venv/lib/python3.12/site-packages/airflow/example_dags/tutorial_taskflow_api.py
[2025-07-17T18:05:56.744+0000] {logging_mixin.py:188} INFO - [2025-07-17T18:05:56.742+0000] {dag.py:3096} INFO - Sync 1 DAGs
[2025-07-17T18:05:56.763+0000] {logging_mixin.py:188} INFO - [2025-07-17T18:05:56.761+0000] {dag.py:3954} INFO - Setting next_dagrun for tutorial_taskflow_api to None, run_after=None
[2025-07-17T18:05:56.875+0000] {processor.py:183} INFO - Processing /mnt/c/Users/Shivam Gupta/OneDrive/Documents/Shivam_Developement/DATA_ENGINEERING/data_engineering_project/batch-etl-pyspark/.venv/lib/python3.12/site-packages/airflow/example_dags/tutorial_taskflow_api.py took 0.338 seconds
[2025-07-17T18:06:59.623+0000] {processor.py:161} INFO - Started process (PID=3948) to work on /mnt/c/Users/Shivam Gupta/OneDrive/Documents/Shivam_Developement/DATA_ENGINEERING/data_engineering_project/batch-etl-pyspark/.venv/lib/python3.12/site-packages/airflow/example_dags/tutorial_taskflow_api.py
[2025-07-17T18:06:59.626+0000] {processor.py:830} INFO - Processing file /mnt/c/Users/Shivam Gupta/OneDrive/Documents/Shivam_Developement/DATA_ENGINEERING/data_engineering_project/batch-etl-pyspark/.venv/lib/python3.12/site-packages/airflow/example_dags/tutorial_taskflow_api.py for tasks to queue
[2025-07-17T18:06:59.631+0000] {logging_mixin.py:188} INFO - [2025-07-17T18:06:59.629+0000] {dagbag.py:545} INFO - Filling up the DagBag from /mnt/c/Users/Shivam Gupta/OneDrive/Documents/Shivam_Developement/DATA_ENGINEERING/data_engineering_project/batch-etl-pyspark/.venv/lib/python3.12/site-packages/airflow/example_dags/tutorial_taskflow_api.py
[2025-07-17T18:06:59.655+0000] {processor.py:840} INFO - DAG(s) 'tutorial_taskflow_api' retrieved from /mnt/c/Users/Shivam Gupta/OneDrive/Documents/Shivam_Developement/DATA_ENGINEERING/data_engineering_project/batch-etl-pyspark/.venv/lib/python3.12/site-packages/airflow/example_dags/tutorial_taskflow_api.py
[2025-07-17T18:06:59.685+0000] {logging_mixin.py:188} INFO - [2025-07-17T18:06:59.684+0000] {dag.py:3096} INFO - Sync 1 DAGs
[2025-07-17T18:06:59.702+0000] {logging_mixin.py:188} INFO - [2025-07-17T18:06:59.701+0000] {dag.py:3954} INFO - Setting next_dagrun for tutorial_taskflow_api to None, run_after=None
[2025-07-17T18:06:59.830+0000] {processor.py:183} INFO - Processing /mnt/c/Users/Shivam Gupta/OneDrive/Documents/Shivam_Developement/DATA_ENGINEERING/data_engineering_project/batch-etl-pyspark/.venv/lib/python3.12/site-packages/airflow/example_dags/tutorial_taskflow_api.py took 0.224 seconds
[2025-07-17T18:08:05.151+0000] {processor.py:161} INFO - Started process (PID=3999) to work on /mnt/c/Users/Shivam Gupta/OneDrive/Documents/Shivam_Developement/DATA_ENGINEERING/data_engineering_project/batch-etl-pyspark/.venv/lib/python3.12/site-packages/airflow/example_dags/tutorial_taskflow_api.py
[2025-07-17T18:08:05.154+0000] {processor.py:830} INFO - Processing file /mnt/c/Users/Shivam Gupta/OneDrive/Documents/Shivam_Developement/DATA_ENGINEERING/data_engineering_project/batch-etl-pyspark/.venv/lib/python3.12/site-packages/airflow/example_dags/tutorial_taskflow_api.py for tasks to queue
[2025-07-17T18:08:05.157+0000] {logging_mixin.py:188} INFO - [2025-07-17T18:08:05.155+0000] {dagbag.py:545} INFO - Filling up the DagBag from /mnt/c/Users/Shivam Gupta/OneDrive/Documents/Shivam_Developement/DATA_ENGINEERING/data_engineering_project/batch-etl-pyspark/.venv/lib/python3.12/site-packages/airflow/example_dags/tutorial_taskflow_api.py
[2025-07-17T18:08:05.186+0000] {processor.py:840} INFO - DAG(s) 'tutorial_taskflow_api' retrieved from /mnt/c/Users/Shivam Gupta/OneDrive/Documents/Shivam_Developement/DATA_ENGINEERING/data_engineering_project/batch-etl-pyspark/.venv/lib/python3.12/site-packages/airflow/example_dags/tutorial_taskflow_api.py
[2025-07-17T18:08:05.229+0000] {logging_mixin.py:188} INFO - [2025-07-17T18:08:05.227+0000] {dag.py:3096} INFO - Sync 1 DAGs
[2025-07-17T18:08:05.247+0000] {logging_mixin.py:188} INFO - [2025-07-17T18:08:05.246+0000] {dag.py:3954} INFO - Setting next_dagrun for tutorial_taskflow_api to None, run_after=None
[2025-07-17T18:08:05.346+0000] {processor.py:183} INFO - Processing /mnt/c/Users/Shivam Gupta/OneDrive/Documents/Shivam_Developement/DATA_ENGINEERING/data_engineering_project/batch-etl-pyspark/.venv/lib/python3.12/site-packages/airflow/example_dags/tutorial_taskflow_api.py took 0.210 seconds
[2025-07-17T18:09:09.961+0000] {processor.py:161} INFO - Started process (PID=4049) to work on /mnt/c/Users/Shivam Gupta/OneDrive/Documents/Shivam_Developement/DATA_ENGINEERING/data_engineering_project/batch-etl-pyspark/.venv/lib/python3.12/site-packages/airflow/example_dags/tutorial_taskflow_api.py
[2025-07-17T18:09:09.964+0000] {processor.py:830} INFO - Processing file /mnt/c/Users/Shivam Gupta/OneDrive/Documents/Shivam_Developement/DATA_ENGINEERING/data_engineering_project/batch-etl-pyspark/.venv/lib/python3.12/site-packages/airflow/example_dags/tutorial_taskflow_api.py for tasks to queue
[2025-07-17T18:09:09.967+0000] {logging_mixin.py:188} INFO - [2025-07-17T18:09:09.966+0000] {dagbag.py:545} INFO - Filling up the DagBag from /mnt/c/Users/Shivam Gupta/OneDrive/Documents/Shivam_Developement/DATA_ENGINEERING/data_engineering_project/batch-etl-pyspark/.venv/lib/python3.12/site-packages/airflow/example_dags/tutorial_taskflow_api.py
[2025-07-17T18:09:10.061+0000] {processor.py:840} INFO - DAG(s) 'tutorial_taskflow_api' retrieved from /mnt/c/Users/Shivam Gupta/OneDrive/Documents/Shivam_Developement/DATA_ENGINEERING/data_engineering_project/batch-etl-pyspark/.venv/lib/python3.12/site-packages/airflow/example_dags/tutorial_taskflow_api.py
[2025-07-17T18:09:10.117+0000] {logging_mixin.py:188} INFO - [2025-07-17T18:09:10.115+0000] {dag.py:3096} INFO - Sync 1 DAGs
[2025-07-17T18:09:10.136+0000] {logging_mixin.py:188} INFO - [2025-07-17T18:09:10.135+0000] {dag.py:3954} INFO - Setting next_dagrun for tutorial_taskflow_api to None, run_after=None
[2025-07-17T18:09:10.247+0000] {processor.py:183} INFO - Processing /mnt/c/Users/Shivam Gupta/OneDrive/Documents/Shivam_Developement/DATA_ENGINEERING/data_engineering_project/batch-etl-pyspark/.venv/lib/python3.12/site-packages/airflow/example_dags/tutorial_taskflow_api.py took 0.302 seconds
[2025-07-17T18:10:13.319+0000] {processor.py:161} INFO - Started process (PID=4103) to work on /mnt/c/Users/Shivam Gupta/OneDrive/Documents/Shivam_Developement/DATA_ENGINEERING/data_engineering_project/batch-etl-pyspark/.venv/lib/python3.12/site-packages/airflow/example_dags/tutorial_taskflow_api.py
[2025-07-17T18:10:13.322+0000] {processor.py:830} INFO - Processing file /mnt/c/Users/Shivam Gupta/OneDrive/Documents/Shivam_Developement/DATA_ENGINEERING/data_engineering_project/batch-etl-pyspark/.venv/lib/python3.12/site-packages/airflow/example_dags/tutorial_taskflow_api.py for tasks to queue
[2025-07-17T18:10:13.325+0000] {logging_mixin.py:188} INFO - [2025-07-17T18:10:13.324+0000] {dagbag.py:545} INFO - Filling up the DagBag from /mnt/c/Users/Shivam Gupta/OneDrive/Documents/Shivam_Developement/DATA_ENGINEERING/data_engineering_project/batch-etl-pyspark/.venv/lib/python3.12/site-packages/airflow/example_dags/tutorial_taskflow_api.py
[2025-07-17T18:10:13.363+0000] {processor.py:840} INFO - DAG(s) 'tutorial_taskflow_api' retrieved from /mnt/c/Users/Shivam Gupta/OneDrive/Documents/Shivam_Developement/DATA_ENGINEERING/data_engineering_project/batch-etl-pyspark/.venv/lib/python3.12/site-packages/airflow/example_dags/tutorial_taskflow_api.py
[2025-07-17T18:10:13.402+0000] {logging_mixin.py:188} INFO - [2025-07-17T18:10:13.400+0000] {dag.py:3096} INFO - Sync 1 DAGs
[2025-07-17T18:10:13.418+0000] {logging_mixin.py:188} INFO - [2025-07-17T18:10:13.417+0000] {dag.py:3954} INFO - Setting next_dagrun for tutorial_taskflow_api to None, run_after=None
[2025-07-17T18:10:13.518+0000] {processor.py:183} INFO - Processing /mnt/c/Users/Shivam Gupta/OneDrive/Documents/Shivam_Developement/DATA_ENGINEERING/data_engineering_project/batch-etl-pyspark/.venv/lib/python3.12/site-packages/airflow/example_dags/tutorial_taskflow_api.py took 0.219 seconds
[2025-07-17T18:11:17.459+0000] {processor.py:161} INFO - Started process (PID=4152) to work on /mnt/c/Users/Shivam Gupta/OneDrive/Documents/Shivam_Developement/DATA_ENGINEERING/data_engineering_project/batch-etl-pyspark/.venv/lib/python3.12/site-packages/airflow/example_dags/tutorial_taskflow_api.py
[2025-07-17T18:11:17.468+0000] {processor.py:830} INFO - Processing file /mnt/c/Users/Shivam Gupta/OneDrive/Documents/Shivam_Developement/DATA_ENGINEERING/data_engineering_project/batch-etl-pyspark/.venv/lib/python3.12/site-packages/airflow/example_dags/tutorial_taskflow_api.py for tasks to queue
[2025-07-17T18:11:17.476+0000] {logging_mixin.py:188} INFO - [2025-07-17T18:11:17.472+0000] {dagbag.py:545} INFO - Filling up the DagBag from /mnt/c/Users/Shivam Gupta/OneDrive/Documents/Shivam_Developement/DATA_ENGINEERING/data_engineering_project/batch-etl-pyspark/.venv/lib/python3.12/site-packages/airflow/example_dags/tutorial_taskflow_api.py
[2025-07-17T18:11:17.553+0000] {processor.py:840} INFO - DAG(s) 'tutorial_taskflow_api' retrieved from /mnt/c/Users/Shivam Gupta/OneDrive/Documents/Shivam_Developement/DATA_ENGINEERING/data_engineering_project/batch-etl-pyspark/.venv/lib/python3.12/site-packages/airflow/example_dags/tutorial_taskflow_api.py
[2025-07-17T18:11:17.639+0000] {logging_mixin.py:188} INFO - [2025-07-17T18:11:17.635+0000] {dag.py:3096} INFO - Sync 1 DAGs
[2025-07-17T18:11:17.669+0000] {logging_mixin.py:188} INFO - [2025-07-17T18:11:17.665+0000] {dag.py:3954} INFO - Setting next_dagrun for tutorial_taskflow_api to None, run_after=None
[2025-07-17T18:11:17.840+0000] {processor.py:183} INFO - Processing /mnt/c/Users/Shivam Gupta/OneDrive/Documents/Shivam_Developement/DATA_ENGINEERING/data_engineering_project/batch-etl-pyspark/.venv/lib/python3.12/site-packages/airflow/example_dags/tutorial_taskflow_api.py took 0.408 seconds
[2025-07-17T18:12:22.424+0000] {processor.py:161} INFO - Started process (PID=4206) to work on /mnt/c/Users/Shivam Gupta/OneDrive/Documents/Shivam_Developement/DATA_ENGINEERING/data_engineering_project/batch-etl-pyspark/.venv/lib/python3.12/site-packages/airflow/example_dags/tutorial_taskflow_api.py
[2025-07-17T18:12:22.430+0000] {processor.py:830} INFO - Processing file /mnt/c/Users/Shivam Gupta/OneDrive/Documents/Shivam_Developement/DATA_ENGINEERING/data_engineering_project/batch-etl-pyspark/.venv/lib/python3.12/site-packages/airflow/example_dags/tutorial_taskflow_api.py for tasks to queue
[2025-07-17T18:12:22.436+0000] {logging_mixin.py:188} INFO - [2025-07-17T18:12:22.433+0000] {dagbag.py:545} INFO - Filling up the DagBag from /mnt/c/Users/Shivam Gupta/OneDrive/Documents/Shivam_Developement/DATA_ENGINEERING/data_engineering_project/batch-etl-pyspark/.venv/lib/python3.12/site-packages/airflow/example_dags/tutorial_taskflow_api.py
[2025-07-17T18:12:22.471+0000] {processor.py:840} INFO - DAG(s) 'tutorial_taskflow_api' retrieved from /mnt/c/Users/Shivam Gupta/OneDrive/Documents/Shivam_Developement/DATA_ENGINEERING/data_engineering_project/batch-etl-pyspark/.venv/lib/python3.12/site-packages/airflow/example_dags/tutorial_taskflow_api.py
[2025-07-17T18:12:22.509+0000] {logging_mixin.py:188} INFO - [2025-07-17T18:12:22.507+0000] {dag.py:3096} INFO - Sync 1 DAGs
[2025-07-17T18:12:22.525+0000] {logging_mixin.py:188} INFO - [2025-07-17T18:12:22.523+0000] {dag.py:3954} INFO - Setting next_dagrun for tutorial_taskflow_api to None, run_after=None
[2025-07-17T18:12:22.633+0000] {processor.py:183} INFO - Processing /mnt/c/Users/Shivam Gupta/OneDrive/Documents/Shivam_Developement/DATA_ENGINEERING/data_engineering_project/batch-etl-pyspark/.venv/lib/python3.12/site-packages/airflow/example_dags/tutorial_taskflow_api.py took 0.229 seconds
[2025-07-17T18:13:26.616+0000] {processor.py:161} INFO - Started process (PID=4258) to work on /mnt/c/Users/Shivam Gupta/OneDrive/Documents/Shivam_Developement/DATA_ENGINEERING/data_engineering_project/batch-etl-pyspark/.venv/lib/python3.12/site-packages/airflow/example_dags/tutorial_taskflow_api.py
[2025-07-17T18:13:26.619+0000] {processor.py:830} INFO - Processing file /mnt/c/Users/Shivam Gupta/OneDrive/Documents/Shivam_Developement/DATA_ENGINEERING/data_engineering_project/batch-etl-pyspark/.venv/lib/python3.12/site-packages/airflow/example_dags/tutorial_taskflow_api.py for tasks to queue
[2025-07-17T18:13:26.624+0000] {logging_mixin.py:188} INFO - [2025-07-17T18:13:26.622+0000] {dagbag.py:545} INFO - Filling up the DagBag from /mnt/c/Users/Shivam Gupta/OneDrive/Documents/Shivam_Developement/DATA_ENGINEERING/data_engineering_project/batch-etl-pyspark/.venv/lib/python3.12/site-packages/airflow/example_dags/tutorial_taskflow_api.py
[2025-07-17T18:13:26.663+0000] {processor.py:840} INFO - DAG(s) 'tutorial_taskflow_api' retrieved from /mnt/c/Users/Shivam Gupta/OneDrive/Documents/Shivam_Developement/DATA_ENGINEERING/data_engineering_project/batch-etl-pyspark/.venv/lib/python3.12/site-packages/airflow/example_dags/tutorial_taskflow_api.py
[2025-07-17T18:13:26.708+0000] {logging_mixin.py:188} INFO - [2025-07-17T18:13:26.707+0000] {dag.py:3096} INFO - Sync 1 DAGs
[2025-07-17T18:13:26.723+0000] {logging_mixin.py:188} INFO - [2025-07-17T18:13:26.722+0000] {dag.py:3954} INFO - Setting next_dagrun for tutorial_taskflow_api to None, run_after=None
[2025-07-17T18:13:26.825+0000] {processor.py:183} INFO - Processing /mnt/c/Users/Shivam Gupta/OneDrive/Documents/Shivam_Developement/DATA_ENGINEERING/data_engineering_project/batch-etl-pyspark/.venv/lib/python3.12/site-packages/airflow/example_dags/tutorial_taskflow_api.py took 0.231 seconds
