[2025-07-17T17:11:42.506+0000] {processor.py:161} INFO - Started process (PID=1906) to work on /mnt/c/Users/Shivam Gupta/OneDrive/Documents/Shivam_Developement/DATA_ENGINEERING/data_engineering_project/batch-etl-pyspark/.venv/lib/python3.12/site-packages/airflow/example_dags/tutorial_dag.py
[2025-07-17T17:11:42.511+0000] {processor.py:830} INFO - Processing file /mnt/c/Users/Shivam Gupta/OneDrive/Documents/Shivam_Developement/DATA_ENGINEERING/data_engineering_project/batch-etl-pyspark/.venv/lib/python3.12/site-packages/airflow/example_dags/tutorial_dag.py for tasks to queue
[2025-07-17T17:11:42.518+0000] {logging_mixin.py:188} INFO - [2025-07-17T17:11:42.516+0000] {dagbag.py:545} INFO - Filling up the DagBag from /mnt/c/Users/Shivam Gupta/OneDrive/Documents/Shivam_Developement/DATA_ENGINEERING/data_engineering_project/batch-etl-pyspark/.venv/lib/python3.12/site-packages/airflow/example_dags/tutorial_dag.py
[2025-07-17T17:11:42.398+0000] {processor.py:840} INFO - DAG(s) 'tutorial_dag' retrieved from /mnt/c/Users/Shivam Gupta/OneDrive/Documents/Shivam_Developement/DATA_ENGINEERING/data_engineering_project/batch-etl-pyspark/.venv/lib/python3.12/site-packages/airflow/example_dags/tutorial_dag.py
[2025-07-17T17:11:52.058+0000] {logging_mixin.py:188} INFO - [2025-07-17T17:11:52.057+0000] {dag.py:3096} INFO - Sync 1 DAGs
[2025-07-17T17:11:52.076+0000] {logging_mixin.py:188} INFO - [2025-07-17T17:11:52.074+0000] {dag.py:3954} INFO - Setting next_dagrun for tutorial_dag to None, run_after=None
[2025-07-17T17:11:52.206+0000] {processor.py:183} INFO - Processing /mnt/c/Users/Shivam Gupta/OneDrive/Documents/Shivam_Developement/DATA_ENGINEERING/data_engineering_project/batch-etl-pyspark/.venv/lib/python3.12/site-packages/airflow/example_dags/tutorial_dag.py took 10.129 seconds
[2025-07-17T17:18:22.066+0000] {processor.py:161} INFO - Started process (PID=2014) to work on /mnt/c/Users/Shivam Gupta/OneDrive/Documents/Shivam_Developement/DATA_ENGINEERING/data_engineering_project/batch-etl-pyspark/.venv/lib/python3.12/site-packages/airflow/example_dags/tutorial_dag.py
[2025-07-17T17:18:22.111+0000] {processor.py:830} INFO - Processing file /mnt/c/Users/Shivam Gupta/OneDrive/Documents/Shivam_Developement/DATA_ENGINEERING/data_engineering_project/batch-etl-pyspark/.venv/lib/python3.12/site-packages/airflow/example_dags/tutorial_dag.py for tasks to queue
[2025-07-17T17:18:22.165+0000] {logging_mixin.py:188} INFO - [2025-07-17T17:18:22.150+0000] {dagbag.py:545} INFO - Filling up the DagBag from /mnt/c/Users/Shivam Gupta/OneDrive/Documents/Shivam_Developement/DATA_ENGINEERING/data_engineering_project/batch-etl-pyspark/.venv/lib/python3.12/site-packages/airflow/example_dags/tutorial_dag.py
[2025-07-17T17:18:22.299+0000] {processor.py:840} INFO - DAG(s) 'tutorial_dag' retrieved from /mnt/c/Users/Shivam Gupta/OneDrive/Documents/Shivam_Developement/DATA_ENGINEERING/data_engineering_project/batch-etl-pyspark/.venv/lib/python3.12/site-packages/airflow/example_dags/tutorial_dag.py
[2025-07-17T17:18:22.427+0000] {logging_mixin.py:188} INFO - [2025-07-17T17:18:22.426+0000] {dag.py:3096} INFO - Sync 1 DAGs
[2025-07-17T17:18:22.501+0000] {logging_mixin.py:188} INFO - [2025-07-17T17:18:22.489+0000] {dag.py:3954} INFO - Setting next_dagrun for tutorial_dag to None, run_after=None
[2025-07-17T17:18:23.082+0000] {processor.py:183} INFO - Processing /mnt/c/Users/Shivam Gupta/OneDrive/Documents/Shivam_Developement/DATA_ENGINEERING/data_engineering_project/batch-etl-pyspark/.venv/lib/python3.12/site-packages/airflow/example_dags/tutorial_dag.py took 1.085 seconds
[2025-07-17T17:20:54.670+0000] {processor.py:161} INFO - Started process (PID=2085) to work on /mnt/c/Users/Shivam Gupta/OneDrive/Documents/Shivam_Developement/DATA_ENGINEERING/data_engineering_project/batch-etl-pyspark/.venv/lib/python3.12/site-packages/airflow/example_dags/tutorial_dag.py
[2025-07-17T17:20:54.673+0000] {processor.py:830} INFO - Processing file /mnt/c/Users/Shivam Gupta/OneDrive/Documents/Shivam_Developement/DATA_ENGINEERING/data_engineering_project/batch-etl-pyspark/.venv/lib/python3.12/site-packages/airflow/example_dags/tutorial_dag.py for tasks to queue
[2025-07-17T17:20:54.678+0000] {logging_mixin.py:188} INFO - [2025-07-17T17:20:54.676+0000] {dagbag.py:545} INFO - Filling up the DagBag from /mnt/c/Users/Shivam Gupta/OneDrive/Documents/Shivam_Developement/DATA_ENGINEERING/data_engineering_project/batch-etl-pyspark/.venv/lib/python3.12/site-packages/airflow/example_dags/tutorial_dag.py
[2025-07-17T17:20:54.853+0000] {processor.py:840} INFO - DAG(s) 'tutorial_dag' retrieved from /mnt/c/Users/Shivam Gupta/OneDrive/Documents/Shivam_Developement/DATA_ENGINEERING/data_engineering_project/batch-etl-pyspark/.venv/lib/python3.12/site-packages/airflow/example_dags/tutorial_dag.py
[2025-07-17T17:20:55.019+0000] {logging_mixin.py:188} INFO - [2025-07-17T17:20:54.968+0000] {dag.py:3096} INFO - Sync 1 DAGs
[2025-07-17T17:20:55.049+0000] {logging_mixin.py:188} INFO - [2025-07-17T17:20:55.046+0000] {dag.py:3954} INFO - Setting next_dagrun for tutorial_dag to None, run_after=None
[2025-07-17T17:20:55.196+0000] {processor.py:183} INFO - Processing /mnt/c/Users/Shivam Gupta/OneDrive/Documents/Shivam_Developement/DATA_ENGINEERING/data_engineering_project/batch-etl-pyspark/.venv/lib/python3.12/site-packages/airflow/example_dags/tutorial_dag.py took 0.542 seconds
[2025-07-17T17:22:43.935+0000] {processor.py:161} INFO - Started process (PID=2145) to work on /mnt/c/Users/Shivam Gupta/OneDrive/Documents/Shivam_Developement/DATA_ENGINEERING/data_engineering_project/batch-etl-pyspark/.venv/lib/python3.12/site-packages/airflow/example_dags/tutorial_dag.py
[2025-07-17T17:22:43.938+0000] {processor.py:830} INFO - Processing file /mnt/c/Users/Shivam Gupta/OneDrive/Documents/Shivam_Developement/DATA_ENGINEERING/data_engineering_project/batch-etl-pyspark/.venv/lib/python3.12/site-packages/airflow/example_dags/tutorial_dag.py for tasks to queue
[2025-07-17T17:22:43.942+0000] {logging_mixin.py:188} INFO - [2025-07-17T17:22:43.940+0000] {dagbag.py:545} INFO - Filling up the DagBag from /mnt/c/Users/Shivam Gupta/OneDrive/Documents/Shivam_Developement/DATA_ENGINEERING/data_engineering_project/batch-etl-pyspark/.venv/lib/python3.12/site-packages/airflow/example_dags/tutorial_dag.py
[2025-07-17T17:22:43.969+0000] {processor.py:840} INFO - DAG(s) 'tutorial_dag' retrieved from /mnt/c/Users/Shivam Gupta/OneDrive/Documents/Shivam_Developement/DATA_ENGINEERING/data_engineering_project/batch-etl-pyspark/.venv/lib/python3.12/site-packages/airflow/example_dags/tutorial_dag.py
[2025-07-17T17:22:44.004+0000] {logging_mixin.py:188} INFO - [2025-07-17T17:22:44.003+0000] {dag.py:3096} INFO - Sync 1 DAGs
[2025-07-17T17:22:44.020+0000] {logging_mixin.py:188} INFO - [2025-07-17T17:22:44.019+0000] {dag.py:3954} INFO - Setting next_dagrun for tutorial_dag to None, run_after=None
[2025-07-17T17:22:44.096+0000] {processor.py:183} INFO - Processing /mnt/c/Users/Shivam Gupta/OneDrive/Documents/Shivam_Developement/DATA_ENGINEERING/data_engineering_project/batch-etl-pyspark/.venv/lib/python3.12/site-packages/airflow/example_dags/tutorial_dag.py took 0.178 seconds
[2025-07-17T17:24:37.873+0000] {processor.py:161} INFO - Started process (PID=2228) to work on /mnt/c/Users/Shivam Gupta/OneDrive/Documents/Shivam_Developement/DATA_ENGINEERING/data_engineering_project/batch-etl-pyspark/.venv/lib/python3.12/site-packages/airflow/example_dags/tutorial_dag.py
[2025-07-17T17:24:37.907+0000] {processor.py:830} INFO - Processing file /mnt/c/Users/Shivam Gupta/OneDrive/Documents/Shivam_Developement/DATA_ENGINEERING/data_engineering_project/batch-etl-pyspark/.venv/lib/python3.12/site-packages/airflow/example_dags/tutorial_dag.py for tasks to queue
[2025-07-17T17:24:37.940+0000] {logging_mixin.py:188} INFO - [2025-07-17T17:24:37.928+0000] {dagbag.py:545} INFO - Filling up the DagBag from /mnt/c/Users/Shivam Gupta/OneDrive/Documents/Shivam_Developement/DATA_ENGINEERING/data_engineering_project/batch-etl-pyspark/.venv/lib/python3.12/site-packages/airflow/example_dags/tutorial_dag.py
[2025-07-17T17:24:38.012+0000] {processor.py:840} INFO - DAG(s) 'tutorial_dag' retrieved from /mnt/c/Users/Shivam Gupta/OneDrive/Documents/Shivam_Developement/DATA_ENGINEERING/data_engineering_project/batch-etl-pyspark/.venv/lib/python3.12/site-packages/airflow/example_dags/tutorial_dag.py
[2025-07-17T17:24:38.114+0000] {logging_mixin.py:188} INFO - [2025-07-17T17:24:38.112+0000] {dag.py:3096} INFO - Sync 1 DAGs
[2025-07-17T17:24:38.136+0000] {logging_mixin.py:188} INFO - [2025-07-17T17:24:38.134+0000] {dag.py:3954} INFO - Setting next_dagrun for tutorial_dag to None, run_after=None
[2025-07-17T17:24:38.270+0000] {processor.py:183} INFO - Processing /mnt/c/Users/Shivam Gupta/OneDrive/Documents/Shivam_Developement/DATA_ENGINEERING/data_engineering_project/batch-etl-pyspark/.venv/lib/python3.12/site-packages/airflow/example_dags/tutorial_dag.py took 0.507 seconds
[2025-07-17T17:26:36.504+0000] {processor.py:161} INFO - Started process (PID=2296) to work on /mnt/c/Users/Shivam Gupta/OneDrive/Documents/Shivam_Developement/DATA_ENGINEERING/data_engineering_project/batch-etl-pyspark/.venv/lib/python3.12/site-packages/airflow/example_dags/tutorial_dag.py
[2025-07-17T17:26:36.511+0000] {processor.py:830} INFO - Processing file /mnt/c/Users/Shivam Gupta/OneDrive/Documents/Shivam_Developement/DATA_ENGINEERING/data_engineering_project/batch-etl-pyspark/.venv/lib/python3.12/site-packages/airflow/example_dags/tutorial_dag.py for tasks to queue
[2025-07-17T17:26:36.533+0000] {logging_mixin.py:188} INFO - [2025-07-17T17:26:36.526+0000] {dagbag.py:545} INFO - Filling up the DagBag from /mnt/c/Users/Shivam Gupta/OneDrive/Documents/Shivam_Developement/DATA_ENGINEERING/data_engineering_project/batch-etl-pyspark/.venv/lib/python3.12/site-packages/airflow/example_dags/tutorial_dag.py
[2025-07-17T17:26:36.843+0000] {processor.py:840} INFO - DAG(s) 'tutorial_dag' retrieved from /mnt/c/Users/Shivam Gupta/OneDrive/Documents/Shivam_Developement/DATA_ENGINEERING/data_engineering_project/batch-etl-pyspark/.venv/lib/python3.12/site-packages/airflow/example_dags/tutorial_dag.py
[2025-07-17T17:26:37.114+0000] {logging_mixin.py:188} INFO - [2025-07-17T17:26:37.105+0000] {dag.py:3096} INFO - Sync 1 DAGs
[2025-07-17T17:26:37.199+0000] {logging_mixin.py:188} INFO - [2025-07-17T17:26:37.182+0000] {dag.py:3954} INFO - Setting next_dagrun for tutorial_dag to None, run_after=None
[2025-07-17T17:26:37.401+0000] {processor.py:183} INFO - Processing /mnt/c/Users/Shivam Gupta/OneDrive/Documents/Shivam_Developement/DATA_ENGINEERING/data_engineering_project/batch-etl-pyspark/.venv/lib/python3.12/site-packages/airflow/example_dags/tutorial_dag.py took 1.052 seconds
[2025-07-17T17:28:52.020+0000] {processor.py:161} INFO - Started process (PID=2368) to work on /mnt/c/Users/Shivam Gupta/OneDrive/Documents/Shivam_Developement/DATA_ENGINEERING/data_engineering_project/batch-etl-pyspark/.venv/lib/python3.12/site-packages/airflow/example_dags/tutorial_dag.py
[2025-07-17T17:28:52.023+0000] {processor.py:830} INFO - Processing file /mnt/c/Users/Shivam Gupta/OneDrive/Documents/Shivam_Developement/DATA_ENGINEERING/data_engineering_project/batch-etl-pyspark/.venv/lib/python3.12/site-packages/airflow/example_dags/tutorial_dag.py for tasks to queue
[2025-07-17T17:28:52.046+0000] {logging_mixin.py:188} INFO - [2025-07-17T17:28:52.025+0000] {dagbag.py:545} INFO - Filling up the DagBag from /mnt/c/Users/Shivam Gupta/OneDrive/Documents/Shivam_Developement/DATA_ENGINEERING/data_engineering_project/batch-etl-pyspark/.venv/lib/python3.12/site-packages/airflow/example_dags/tutorial_dag.py
[2025-07-17T17:28:52.143+0000] {processor.py:840} INFO - DAG(s) 'tutorial_dag' retrieved from /mnt/c/Users/Shivam Gupta/OneDrive/Documents/Shivam_Developement/DATA_ENGINEERING/data_engineering_project/batch-etl-pyspark/.venv/lib/python3.12/site-packages/airflow/example_dags/tutorial_dag.py
[2025-07-17T17:28:52.384+0000] {logging_mixin.py:188} INFO - [2025-07-17T17:28:52.382+0000] {dag.py:3096} INFO - Sync 1 DAGs
[2025-07-17T17:28:52.507+0000] {logging_mixin.py:188} INFO - [2025-07-17T17:28:52.496+0000] {dag.py:3954} INFO - Setting next_dagrun for tutorial_dag to None, run_after=None
[2025-07-17T17:28:52.780+0000] {processor.py:183} INFO - Processing /mnt/c/Users/Shivam Gupta/OneDrive/Documents/Shivam_Developement/DATA_ENGINEERING/data_engineering_project/batch-etl-pyspark/.venv/lib/python3.12/site-packages/airflow/example_dags/tutorial_dag.py took 0.778 seconds
[2025-07-17T17:32:34.119+0000] {processor.py:161} INFO - Started process (PID=2469) to work on /mnt/c/Users/Shivam Gupta/OneDrive/Documents/Shivam_Developement/DATA_ENGINEERING/data_engineering_project/batch-etl-pyspark/.venv/lib/python3.12/site-packages/airflow/example_dags/tutorial_dag.py
[2025-07-17T17:32:34.123+0000] {processor.py:830} INFO - Processing file /mnt/c/Users/Shivam Gupta/OneDrive/Documents/Shivam_Developement/DATA_ENGINEERING/data_engineering_project/batch-etl-pyspark/.venv/lib/python3.12/site-packages/airflow/example_dags/tutorial_dag.py for tasks to queue
[2025-07-17T17:32:34.130+0000] {logging_mixin.py:188} INFO - [2025-07-17T17:32:34.127+0000] {dagbag.py:545} INFO - Filling up the DagBag from /mnt/c/Users/Shivam Gupta/OneDrive/Documents/Shivam_Developement/DATA_ENGINEERING/data_engineering_project/batch-etl-pyspark/.venv/lib/python3.12/site-packages/airflow/example_dags/tutorial_dag.py
[2025-07-17T17:32:34.220+0000] {processor.py:840} INFO - DAG(s) 'tutorial_dag' retrieved from /mnt/c/Users/Shivam Gupta/OneDrive/Documents/Shivam_Developement/DATA_ENGINEERING/data_engineering_project/batch-etl-pyspark/.venv/lib/python3.12/site-packages/airflow/example_dags/tutorial_dag.py
[2025-07-17T17:32:34.600+0000] {logging_mixin.py:188} INFO - [2025-07-17T17:32:34.598+0000] {dag.py:3096} INFO - Sync 1 DAGs
[2025-07-17T17:32:34.622+0000] {logging_mixin.py:188} INFO - [2025-07-17T17:32:34.620+0000] {dag.py:3954} INFO - Setting next_dagrun for tutorial_dag to None, run_after=None
[2025-07-17T17:32:35.092+0000] {processor.py:183} INFO - Processing /mnt/c/Users/Shivam Gupta/OneDrive/Documents/Shivam_Developement/DATA_ENGINEERING/data_engineering_project/batch-etl-pyspark/.venv/lib/python3.12/site-packages/airflow/example_dags/tutorial_dag.py took 1.008 seconds
[2025-07-17T17:34:39.145+0000] {processor.py:161} INFO - Started process (PID=2543) to work on /mnt/c/Users/Shivam Gupta/OneDrive/Documents/Shivam_Developement/DATA_ENGINEERING/data_engineering_project/batch-etl-pyspark/.venv/lib/python3.12/site-packages/airflow/example_dags/tutorial_dag.py
[2025-07-17T17:34:39.149+0000] {processor.py:830} INFO - Processing file /mnt/c/Users/Shivam Gupta/OneDrive/Documents/Shivam_Developement/DATA_ENGINEERING/data_engineering_project/batch-etl-pyspark/.venv/lib/python3.12/site-packages/airflow/example_dags/tutorial_dag.py for tasks to queue
[2025-07-17T17:34:39.154+0000] {logging_mixin.py:188} INFO - [2025-07-17T17:34:39.152+0000] {dagbag.py:545} INFO - Filling up the DagBag from /mnt/c/Users/Shivam Gupta/OneDrive/Documents/Shivam_Developement/DATA_ENGINEERING/data_engineering_project/batch-etl-pyspark/.venv/lib/python3.12/site-packages/airflow/example_dags/tutorial_dag.py
[2025-07-17T17:34:39.219+0000] {processor.py:840} INFO - DAG(s) 'tutorial_dag' retrieved from /mnt/c/Users/Shivam Gupta/OneDrive/Documents/Shivam_Developement/DATA_ENGINEERING/data_engineering_project/batch-etl-pyspark/.venv/lib/python3.12/site-packages/airflow/example_dags/tutorial_dag.py
[2025-07-17T17:34:39.300+0000] {logging_mixin.py:188} INFO - [2025-07-17T17:34:39.297+0000] {dag.py:3096} INFO - Sync 1 DAGs
[2025-07-17T17:34:39.326+0000] {logging_mixin.py:188} INFO - [2025-07-17T17:34:39.324+0000] {dag.py:3954} INFO - Setting next_dagrun for tutorial_dag to None, run_after=None
[2025-07-17T17:34:39.661+0000] {processor.py:183} INFO - Processing /mnt/c/Users/Shivam Gupta/OneDrive/Documents/Shivam_Developement/DATA_ENGINEERING/data_engineering_project/batch-etl-pyspark/.venv/lib/python3.12/site-packages/airflow/example_dags/tutorial_dag.py took 0.543 seconds
[2025-07-17T17:36:38.466+0000] {processor.py:161} INFO - Started process (PID=2608) to work on /mnt/c/Users/Shivam Gupta/OneDrive/Documents/Shivam_Developement/DATA_ENGINEERING/data_engineering_project/batch-etl-pyspark/.venv/lib/python3.12/site-packages/airflow/example_dags/tutorial_dag.py
[2025-07-17T17:36:38.470+0000] {processor.py:830} INFO - Processing file /mnt/c/Users/Shivam Gupta/OneDrive/Documents/Shivam_Developement/DATA_ENGINEERING/data_engineering_project/batch-etl-pyspark/.venv/lib/python3.12/site-packages/airflow/example_dags/tutorial_dag.py for tasks to queue
[2025-07-17T17:36:38.476+0000] {logging_mixin.py:188} INFO - [2025-07-17T17:36:38.472+0000] {dagbag.py:545} INFO - Filling up the DagBag from /mnt/c/Users/Shivam Gupta/OneDrive/Documents/Shivam_Developement/DATA_ENGINEERING/data_engineering_project/batch-etl-pyspark/.venv/lib/python3.12/site-packages/airflow/example_dags/tutorial_dag.py
[2025-07-17T17:36:38.522+0000] {processor.py:840} INFO - DAG(s) 'tutorial_dag' retrieved from /mnt/c/Users/Shivam Gupta/OneDrive/Documents/Shivam_Developement/DATA_ENGINEERING/data_engineering_project/batch-etl-pyspark/.venv/lib/python3.12/site-packages/airflow/example_dags/tutorial_dag.py
[2025-07-17T17:36:38.114+0000] {logging_mixin.py:188} INFO - [2025-07-17T17:36:38.110+0000] {dag.py:3096} INFO - Sync 1 DAGs
[2025-07-17T17:36:38.136+0000] {logging_mixin.py:188} INFO - [2025-07-17T17:36:38.135+0000] {dag.py:3954} INFO - Setting next_dagrun for tutorial_dag to None, run_after=None
[2025-07-17T17:36:38.329+0000] {processor.py:183} INFO - Processing /mnt/c/Users/Shivam Gupta/OneDrive/Documents/Shivam_Developement/DATA_ENGINEERING/data_engineering_project/batch-etl-pyspark/.venv/lib/python3.12/site-packages/airflow/example_dags/tutorial_dag.py took 0.360 seconds
[2025-07-17T17:38:29.702+0000] {processor.py:161} INFO - Started process (PID=2673) to work on /mnt/c/Users/Shivam Gupta/OneDrive/Documents/Shivam_Developement/DATA_ENGINEERING/data_engineering_project/batch-etl-pyspark/.venv/lib/python3.12/site-packages/airflow/example_dags/tutorial_dag.py
[2025-07-17T17:38:29.706+0000] {processor.py:830} INFO - Processing file /mnt/c/Users/Shivam Gupta/OneDrive/Documents/Shivam_Developement/DATA_ENGINEERING/data_engineering_project/batch-etl-pyspark/.venv/lib/python3.12/site-packages/airflow/example_dags/tutorial_dag.py for tasks to queue
[2025-07-17T17:38:29.710+0000] {logging_mixin.py:188} INFO - [2025-07-17T17:38:29.708+0000] {dagbag.py:545} INFO - Filling up the DagBag from /mnt/c/Users/Shivam Gupta/OneDrive/Documents/Shivam_Developement/DATA_ENGINEERING/data_engineering_project/batch-etl-pyspark/.venv/lib/python3.12/site-packages/airflow/example_dags/tutorial_dag.py
[2025-07-17T17:38:29.793+0000] {processor.py:840} INFO - DAG(s) 'tutorial_dag' retrieved from /mnt/c/Users/Shivam Gupta/OneDrive/Documents/Shivam_Developement/DATA_ENGINEERING/data_engineering_project/batch-etl-pyspark/.venv/lib/python3.12/site-packages/airflow/example_dags/tutorial_dag.py
[2025-07-17T17:38:29.904+0000] {logging_mixin.py:188} INFO - [2025-07-17T17:38:29.899+0000] {dag.py:3096} INFO - Sync 1 DAGs
[2025-07-17T17:38:29.935+0000] {logging_mixin.py:188} INFO - [2025-07-17T17:38:29.932+0000] {dag.py:3954} INFO - Setting next_dagrun for tutorial_dag to None, run_after=None
[2025-07-17T17:38:30.153+0000] {processor.py:183} INFO - Processing /mnt/c/Users/Shivam Gupta/OneDrive/Documents/Shivam_Developement/DATA_ENGINEERING/data_engineering_project/batch-etl-pyspark/.venv/lib/python3.12/site-packages/airflow/example_dags/tutorial_dag.py took 0.476 seconds
[2025-07-17T17:40:16.729+0000] {processor.py:161} INFO - Started process (PID=2739) to work on /mnt/c/Users/Shivam Gupta/OneDrive/Documents/Shivam_Developement/DATA_ENGINEERING/data_engineering_project/batch-etl-pyspark/.venv/lib/python3.12/site-packages/airflow/example_dags/tutorial_dag.py
[2025-07-17T17:40:16.732+0000] {processor.py:830} INFO - Processing file /mnt/c/Users/Shivam Gupta/OneDrive/Documents/Shivam_Developement/DATA_ENGINEERING/data_engineering_project/batch-etl-pyspark/.venv/lib/python3.12/site-packages/airflow/example_dags/tutorial_dag.py for tasks to queue
[2025-07-17T17:40:16.736+0000] {logging_mixin.py:188} INFO - [2025-07-17T17:40:16.733+0000] {dagbag.py:545} INFO - Filling up the DagBag from /mnt/c/Users/Shivam Gupta/OneDrive/Documents/Shivam_Developement/DATA_ENGINEERING/data_engineering_project/batch-etl-pyspark/.venv/lib/python3.12/site-packages/airflow/example_dags/tutorial_dag.py
[2025-07-17T17:40:16.800+0000] {processor.py:840} INFO - DAG(s) 'tutorial_dag' retrieved from /mnt/c/Users/Shivam Gupta/OneDrive/Documents/Shivam_Developement/DATA_ENGINEERING/data_engineering_project/batch-etl-pyspark/.venv/lib/python3.12/site-packages/airflow/example_dags/tutorial_dag.py
[2025-07-17T17:40:16.855+0000] {logging_mixin.py:188} INFO - [2025-07-17T17:40:16.854+0000] {dag.py:3096} INFO - Sync 1 DAGs
[2025-07-17T17:40:16.875+0000] {logging_mixin.py:188} INFO - [2025-07-17T17:40:16.874+0000] {dag.py:3954} INFO - Setting next_dagrun for tutorial_dag to None, run_after=None
[2025-07-17T17:40:17.016+0000] {processor.py:183} INFO - Processing /mnt/c/Users/Shivam Gupta/OneDrive/Documents/Shivam_Developement/DATA_ENGINEERING/data_engineering_project/batch-etl-pyspark/.venv/lib/python3.12/site-packages/airflow/example_dags/tutorial_dag.py took 0.299 seconds
[2025-07-17T17:41:56.980+0000] {processor.py:161} INFO - Started process (PID=2795) to work on /mnt/c/Users/Shivam Gupta/OneDrive/Documents/Shivam_Developement/DATA_ENGINEERING/data_engineering_project/batch-etl-pyspark/.venv/lib/python3.12/site-packages/airflow/example_dags/tutorial_dag.py
[2025-07-17T17:41:57.041+0000] {processor.py:830} INFO - Processing file /mnt/c/Users/Shivam Gupta/OneDrive/Documents/Shivam_Developement/DATA_ENGINEERING/data_engineering_project/batch-etl-pyspark/.venv/lib/python3.12/site-packages/airflow/example_dags/tutorial_dag.py for tasks to queue
[2025-07-17T17:41:57.063+0000] {logging_mixin.py:188} INFO - [2025-07-17T17:41:57.061+0000] {dagbag.py:545} INFO - Filling up the DagBag from /mnt/c/Users/Shivam Gupta/OneDrive/Documents/Shivam_Developement/DATA_ENGINEERING/data_engineering_project/batch-etl-pyspark/.venv/lib/python3.12/site-packages/airflow/example_dags/tutorial_dag.py
[2025-07-17T17:41:57.205+0000] {processor.py:840} INFO - DAG(s) 'tutorial_dag' retrieved from /mnt/c/Users/Shivam Gupta/OneDrive/Documents/Shivam_Developement/DATA_ENGINEERING/data_engineering_project/batch-etl-pyspark/.venv/lib/python3.12/site-packages/airflow/example_dags/tutorial_dag.py
[2025-07-17T17:41:57.286+0000] {logging_mixin.py:188} INFO - [2025-07-17T17:41:57.273+0000] {dag.py:3096} INFO - Sync 1 DAGs
[2025-07-17T17:41:57.349+0000] {logging_mixin.py:188} INFO - [2025-07-17T17:41:57.348+0000] {dag.py:3954} INFO - Setting next_dagrun for tutorial_dag to None, run_after=None
[2025-07-17T17:41:57.505+0000] {processor.py:183} INFO - Processing /mnt/c/Users/Shivam Gupta/OneDrive/Documents/Shivam_Developement/DATA_ENGINEERING/data_engineering_project/batch-etl-pyspark/.venv/lib/python3.12/site-packages/airflow/example_dags/tutorial_dag.py took 0.601 seconds
[2025-07-17T17:43:35.807+0000] {processor.py:161} INFO - Started process (PID=2854) to work on /mnt/c/Users/Shivam Gupta/OneDrive/Documents/Shivam_Developement/DATA_ENGINEERING/data_engineering_project/batch-etl-pyspark/.venv/lib/python3.12/site-packages/airflow/example_dags/tutorial_dag.py
[2025-07-17T17:43:35.836+0000] {processor.py:830} INFO - Processing file /mnt/c/Users/Shivam Gupta/OneDrive/Documents/Shivam_Developement/DATA_ENGINEERING/data_engineering_project/batch-etl-pyspark/.venv/lib/python3.12/site-packages/airflow/example_dags/tutorial_dag.py for tasks to queue
[2025-07-17T17:43:35.866+0000] {logging_mixin.py:188} INFO - [2025-07-17T17:43:35.852+0000] {dagbag.py:545} INFO - Filling up the DagBag from /mnt/c/Users/Shivam Gupta/OneDrive/Documents/Shivam_Developement/DATA_ENGINEERING/data_engineering_project/batch-etl-pyspark/.venv/lib/python3.12/site-packages/airflow/example_dags/tutorial_dag.py
[2025-07-17T17:43:36.128+0000] {processor.py:840} INFO - DAG(s) 'tutorial_dag' retrieved from /mnt/c/Users/Shivam Gupta/OneDrive/Documents/Shivam_Developement/DATA_ENGINEERING/data_engineering_project/batch-etl-pyspark/.venv/lib/python3.12/site-packages/airflow/example_dags/tutorial_dag.py
[2025-07-17T17:43:36.196+0000] {logging_mixin.py:188} INFO - [2025-07-17T17:43:36.192+0000] {dag.py:3096} INFO - Sync 1 DAGs
[2025-07-17T17:43:36.231+0000] {logging_mixin.py:188} INFO - [2025-07-17T17:43:36.230+0000] {dag.py:3954} INFO - Setting next_dagrun for tutorial_dag to None, run_after=None
[2025-07-17T17:43:36.384+0000] {processor.py:183} INFO - Processing /mnt/c/Users/Shivam Gupta/OneDrive/Documents/Shivam_Developement/DATA_ENGINEERING/data_engineering_project/batch-etl-pyspark/.venv/lib/python3.12/site-packages/airflow/example_dags/tutorial_dag.py took 0.620 seconds
[2025-07-17T17:45:22.243+0000] {processor.py:161} INFO - Started process (PID=2910) to work on /mnt/c/Users/Shivam Gupta/OneDrive/Documents/Shivam_Developement/DATA_ENGINEERING/data_engineering_project/batch-etl-pyspark/.venv/lib/python3.12/site-packages/airflow/example_dags/tutorial_dag.py
[2025-07-17T17:45:22.246+0000] {processor.py:830} INFO - Processing file /mnt/c/Users/Shivam Gupta/OneDrive/Documents/Shivam_Developement/DATA_ENGINEERING/data_engineering_project/batch-etl-pyspark/.venv/lib/python3.12/site-packages/airflow/example_dags/tutorial_dag.py for tasks to queue
[2025-07-17T17:45:22.251+0000] {logging_mixin.py:188} INFO - [2025-07-17T17:45:22.249+0000] {dagbag.py:545} INFO - Filling up the DagBag from /mnt/c/Users/Shivam Gupta/OneDrive/Documents/Shivam_Developement/DATA_ENGINEERING/data_engineering_project/batch-etl-pyspark/.venv/lib/python3.12/site-packages/airflow/example_dags/tutorial_dag.py
[2025-07-17T17:45:22.281+0000] {processor.py:840} INFO - DAG(s) 'tutorial_dag' retrieved from /mnt/c/Users/Shivam Gupta/OneDrive/Documents/Shivam_Developement/DATA_ENGINEERING/data_engineering_project/batch-etl-pyspark/.venv/lib/python3.12/site-packages/airflow/example_dags/tutorial_dag.py
[2025-07-17T17:45:22.315+0000] {logging_mixin.py:188} INFO - [2025-07-17T17:45:22.314+0000] {dag.py:3096} INFO - Sync 1 DAGs
[2025-07-17T17:45:22.331+0000] {logging_mixin.py:188} INFO - [2025-07-17T17:45:22.330+0000] {dag.py:3954} INFO - Setting next_dagrun for tutorial_dag to None, run_after=None
[2025-07-17T17:45:22.424+0000] {processor.py:183} INFO - Processing /mnt/c/Users/Shivam Gupta/OneDrive/Documents/Shivam_Developement/DATA_ENGINEERING/data_engineering_project/batch-etl-pyspark/.venv/lib/python3.12/site-packages/airflow/example_dags/tutorial_dag.py took 0.207 seconds
[2025-07-17T17:47:10.545+0000] {processor.py:161} INFO - Started process (PID=2971) to work on /mnt/c/Users/Shivam Gupta/OneDrive/Documents/Shivam_Developement/DATA_ENGINEERING/data_engineering_project/batch-etl-pyspark/.venv/lib/python3.12/site-packages/airflow/example_dags/tutorial_dag.py
[2025-07-17T17:47:10.548+0000] {processor.py:830} INFO - Processing file /mnt/c/Users/Shivam Gupta/OneDrive/Documents/Shivam_Developement/DATA_ENGINEERING/data_engineering_project/batch-etl-pyspark/.venv/lib/python3.12/site-packages/airflow/example_dags/tutorial_dag.py for tasks to queue
[2025-07-17T17:47:10.551+0000] {logging_mixin.py:188} INFO - [2025-07-17T17:47:10.549+0000] {dagbag.py:545} INFO - Filling up the DagBag from /mnt/c/Users/Shivam Gupta/OneDrive/Documents/Shivam_Developement/DATA_ENGINEERING/data_engineering_project/batch-etl-pyspark/.venv/lib/python3.12/site-packages/airflow/example_dags/tutorial_dag.py
[2025-07-17T17:47:10.586+0000] {processor.py:840} INFO - DAG(s) 'tutorial_dag' retrieved from /mnt/c/Users/Shivam Gupta/OneDrive/Documents/Shivam_Developement/DATA_ENGINEERING/data_engineering_project/batch-etl-pyspark/.venv/lib/python3.12/site-packages/airflow/example_dags/tutorial_dag.py
[2025-07-17T17:47:10.627+0000] {logging_mixin.py:188} INFO - [2025-07-17T17:47:10.626+0000] {dag.py:3096} INFO - Sync 1 DAGs
[2025-07-17T17:47:10.642+0000] {logging_mixin.py:188} INFO - [2025-07-17T17:47:10.641+0000] {dag.py:3954} INFO - Setting next_dagrun for tutorial_dag to None, run_after=None
[2025-07-17T17:47:10.758+0000] {processor.py:183} INFO - Processing /mnt/c/Users/Shivam Gupta/OneDrive/Documents/Shivam_Developement/DATA_ENGINEERING/data_engineering_project/batch-etl-pyspark/.venv/lib/python3.12/site-packages/airflow/example_dags/tutorial_dag.py took 0.236 seconds
[2025-07-17T17:48:23.389+0000] {processor.py:161} INFO - Started process (PID=3028) to work on /mnt/c/Users/Shivam Gupta/OneDrive/Documents/Shivam_Developement/DATA_ENGINEERING/data_engineering_project/batch-etl-pyspark/.venv/lib/python3.12/site-packages/airflow/example_dags/tutorial_dag.py
[2025-07-17T17:48:23.392+0000] {processor.py:830} INFO - Processing file /mnt/c/Users/Shivam Gupta/OneDrive/Documents/Shivam_Developement/DATA_ENGINEERING/data_engineering_project/batch-etl-pyspark/.venv/lib/python3.12/site-packages/airflow/example_dags/tutorial_dag.py for tasks to queue
[2025-07-17T17:48:23.396+0000] {logging_mixin.py:188} INFO - [2025-07-17T17:48:23.394+0000] {dagbag.py:545} INFO - Filling up the DagBag from /mnt/c/Users/Shivam Gupta/OneDrive/Documents/Shivam_Developement/DATA_ENGINEERING/data_engineering_project/batch-etl-pyspark/.venv/lib/python3.12/site-packages/airflow/example_dags/tutorial_dag.py
[2025-07-17T17:48:23.429+0000] {processor.py:840} INFO - DAG(s) 'tutorial_dag' retrieved from /mnt/c/Users/Shivam Gupta/OneDrive/Documents/Shivam_Developement/DATA_ENGINEERING/data_engineering_project/batch-etl-pyspark/.venv/lib/python3.12/site-packages/airflow/example_dags/tutorial_dag.py
[2025-07-17T17:48:23.468+0000] {logging_mixin.py:188} INFO - [2025-07-17T17:48:23.467+0000] {dag.py:3096} INFO - Sync 1 DAGs
[2025-07-17T17:48:23.485+0000] {logging_mixin.py:188} INFO - [2025-07-17T17:48:23.484+0000] {dag.py:3954} INFO - Setting next_dagrun for tutorial_dag to None, run_after=None
[2025-07-17T17:48:23.593+0000] {processor.py:183} INFO - Processing /mnt/c/Users/Shivam Gupta/OneDrive/Documents/Shivam_Developement/DATA_ENGINEERING/data_engineering_project/batch-etl-pyspark/.venv/lib/python3.12/site-packages/airflow/example_dags/tutorial_dag.py took 0.226 seconds
[2025-07-17T17:49:22.847+0000] {processor.py:161} INFO - Started process (PID=3079) to work on /mnt/c/Users/Shivam Gupta/OneDrive/Documents/Shivam_Developement/DATA_ENGINEERING/data_engineering_project/batch-etl-pyspark/.venv/lib/python3.12/site-packages/airflow/example_dags/tutorial_dag.py
[2025-07-17T17:49:22.851+0000] {processor.py:830} INFO - Processing file /mnt/c/Users/Shivam Gupta/OneDrive/Documents/Shivam_Developement/DATA_ENGINEERING/data_engineering_project/batch-etl-pyspark/.venv/lib/python3.12/site-packages/airflow/example_dags/tutorial_dag.py for tasks to queue
[2025-07-17T17:49:22.855+0000] {logging_mixin.py:188} INFO - [2025-07-17T17:49:22.852+0000] {dagbag.py:545} INFO - Filling up the DagBag from /mnt/c/Users/Shivam Gupta/OneDrive/Documents/Shivam_Developement/DATA_ENGINEERING/data_engineering_project/batch-etl-pyspark/.venv/lib/python3.12/site-packages/airflow/example_dags/tutorial_dag.py
[2025-07-17T17:49:22.881+0000] {processor.py:840} INFO - DAG(s) 'tutorial_dag' retrieved from /mnt/c/Users/Shivam Gupta/OneDrive/Documents/Shivam_Developement/DATA_ENGINEERING/data_engineering_project/batch-etl-pyspark/.venv/lib/python3.12/site-packages/airflow/example_dags/tutorial_dag.py
[2025-07-17T17:49:22.917+0000] {logging_mixin.py:188} INFO - [2025-07-17T17:49:22.916+0000] {dag.py:3096} INFO - Sync 1 DAGs
[2025-07-17T17:49:22.936+0000] {logging_mixin.py:188} INFO - [2025-07-17T17:49:22.934+0000] {dag.py:3954} INFO - Setting next_dagrun for tutorial_dag to None, run_after=None
[2025-07-17T17:49:23.036+0000] {processor.py:183} INFO - Processing /mnt/c/Users/Shivam Gupta/OneDrive/Documents/Shivam_Developement/DATA_ENGINEERING/data_engineering_project/batch-etl-pyspark/.venv/lib/python3.12/site-packages/airflow/example_dags/tutorial_dag.py took 0.210 seconds
[2025-07-17T17:50:19.592+0000] {processor.py:161} INFO - Started process (PID=3129) to work on /mnt/c/Users/Shivam Gupta/OneDrive/Documents/Shivam_Developement/DATA_ENGINEERING/data_engineering_project/batch-etl-pyspark/.venv/lib/python3.12/site-packages/airflow/example_dags/tutorial_dag.py
[2025-07-17T17:50:19.596+0000] {processor.py:830} INFO - Processing file /mnt/c/Users/Shivam Gupta/OneDrive/Documents/Shivam_Developement/DATA_ENGINEERING/data_engineering_project/batch-etl-pyspark/.venv/lib/python3.12/site-packages/airflow/example_dags/tutorial_dag.py for tasks to queue
[2025-07-17T17:50:19.600+0000] {logging_mixin.py:188} INFO - [2025-07-17T17:50:19.598+0000] {dagbag.py:545} INFO - Filling up the DagBag from /mnt/c/Users/Shivam Gupta/OneDrive/Documents/Shivam_Developement/DATA_ENGINEERING/data_engineering_project/batch-etl-pyspark/.venv/lib/python3.12/site-packages/airflow/example_dags/tutorial_dag.py
[2025-07-17T17:50:19.694+0000] {processor.py:840} INFO - DAG(s) 'tutorial_dag' retrieved from /mnt/c/Users/Shivam Gupta/OneDrive/Documents/Shivam_Developement/DATA_ENGINEERING/data_engineering_project/batch-etl-pyspark/.venv/lib/python3.12/site-packages/airflow/example_dags/tutorial_dag.py
[2025-07-17T17:50:19.767+0000] {logging_mixin.py:188} INFO - [2025-07-17T17:50:19.766+0000] {dag.py:3096} INFO - Sync 1 DAGs
[2025-07-17T17:50:19.784+0000] {logging_mixin.py:188} INFO - [2025-07-17T17:50:19.780+0000] {dag.py:3954} INFO - Setting next_dagrun for tutorial_dag to None, run_after=None
[2025-07-17T17:50:19.903+0000] {processor.py:183} INFO - Processing /mnt/c/Users/Shivam Gupta/OneDrive/Documents/Shivam_Developement/DATA_ENGINEERING/data_engineering_project/batch-etl-pyspark/.venv/lib/python3.12/site-packages/airflow/example_dags/tutorial_dag.py took 0.335 seconds
[2025-07-17T17:51:24.937+0000] {processor.py:161} INFO - Started process (PID=3182) to work on /mnt/c/Users/Shivam Gupta/OneDrive/Documents/Shivam_Developement/DATA_ENGINEERING/data_engineering_project/batch-etl-pyspark/.venv/lib/python3.12/site-packages/airflow/example_dags/tutorial_dag.py
[2025-07-17T17:51:24.940+0000] {processor.py:830} INFO - Processing file /mnt/c/Users/Shivam Gupta/OneDrive/Documents/Shivam_Developement/DATA_ENGINEERING/data_engineering_project/batch-etl-pyspark/.venv/lib/python3.12/site-packages/airflow/example_dags/tutorial_dag.py for tasks to queue
[2025-07-17T17:51:24.946+0000] {logging_mixin.py:188} INFO - [2025-07-17T17:51:24.943+0000] {dagbag.py:545} INFO - Filling up the DagBag from /mnt/c/Users/Shivam Gupta/OneDrive/Documents/Shivam_Developement/DATA_ENGINEERING/data_engineering_project/batch-etl-pyspark/.venv/lib/python3.12/site-packages/airflow/example_dags/tutorial_dag.py
[2025-07-17T17:51:25.013+0000] {processor.py:840} INFO - DAG(s) 'tutorial_dag' retrieved from /mnt/c/Users/Shivam Gupta/OneDrive/Documents/Shivam_Developement/DATA_ENGINEERING/data_engineering_project/batch-etl-pyspark/.venv/lib/python3.12/site-packages/airflow/example_dags/tutorial_dag.py
[2025-07-17T17:51:25.094+0000] {logging_mixin.py:188} INFO - [2025-07-17T17:51:25.089+0000] {dag.py:3096} INFO - Sync 1 DAGs
[2025-07-17T17:51:25.117+0000] {logging_mixin.py:188} INFO - [2025-07-17T17:51:25.115+0000] {dag.py:3954} INFO - Setting next_dagrun for tutorial_dag to None, run_after=None
[2025-07-17T17:51:25.231+0000] {processor.py:183} INFO - Processing /mnt/c/Users/Shivam Gupta/OneDrive/Documents/Shivam_Developement/DATA_ENGINEERING/data_engineering_project/batch-etl-pyspark/.venv/lib/python3.12/site-packages/airflow/example_dags/tutorial_dag.py took 0.317 seconds
[2025-07-17T17:52:29.888+0000] {processor.py:161} INFO - Started process (PID=3231) to work on /mnt/c/Users/Shivam Gupta/OneDrive/Documents/Shivam_Developement/DATA_ENGINEERING/data_engineering_project/batch-etl-pyspark/.venv/lib/python3.12/site-packages/airflow/example_dags/tutorial_dag.py
[2025-07-17T17:52:29.895+0000] {processor.py:830} INFO - Processing file /mnt/c/Users/Shivam Gupta/OneDrive/Documents/Shivam_Developement/DATA_ENGINEERING/data_engineering_project/batch-etl-pyspark/.venv/lib/python3.12/site-packages/airflow/example_dags/tutorial_dag.py for tasks to queue
[2025-07-17T17:52:29.917+0000] {logging_mixin.py:188} INFO - [2025-07-17T17:52:29.903+0000] {dagbag.py:545} INFO - Filling up the DagBag from /mnt/c/Users/Shivam Gupta/OneDrive/Documents/Shivam_Developement/DATA_ENGINEERING/data_engineering_project/batch-etl-pyspark/.venv/lib/python3.12/site-packages/airflow/example_dags/tutorial_dag.py
[2025-07-17T17:52:29.972+0000] {processor.py:840} INFO - DAG(s) 'tutorial_dag' retrieved from /mnt/c/Users/Shivam Gupta/OneDrive/Documents/Shivam_Developement/DATA_ENGINEERING/data_engineering_project/batch-etl-pyspark/.venv/lib/python3.12/site-packages/airflow/example_dags/tutorial_dag.py
[2025-07-17T17:52:30.077+0000] {logging_mixin.py:188} INFO - [2025-07-17T17:52:30.075+0000] {dag.py:3096} INFO - Sync 1 DAGs
[2025-07-17T17:52:30.093+0000] {logging_mixin.py:188} INFO - [2025-07-17T17:52:30.092+0000] {dag.py:3954} INFO - Setting next_dagrun for tutorial_dag to None, run_after=None
[2025-07-17T17:52:30.207+0000] {processor.py:183} INFO - Processing /mnt/c/Users/Shivam Gupta/OneDrive/Documents/Shivam_Developement/DATA_ENGINEERING/data_engineering_project/batch-etl-pyspark/.venv/lib/python3.12/site-packages/airflow/example_dags/tutorial_dag.py took 0.367 seconds
[2025-07-17T17:53:33.479+0000] {processor.py:161} INFO - Started process (PID=3285) to work on /mnt/c/Users/Shivam Gupta/OneDrive/Documents/Shivam_Developement/DATA_ENGINEERING/data_engineering_project/batch-etl-pyspark/.venv/lib/python3.12/site-packages/airflow/example_dags/tutorial_dag.py
[2025-07-17T17:53:33.482+0000] {processor.py:830} INFO - Processing file /mnt/c/Users/Shivam Gupta/OneDrive/Documents/Shivam_Developement/DATA_ENGINEERING/data_engineering_project/batch-etl-pyspark/.venv/lib/python3.12/site-packages/airflow/example_dags/tutorial_dag.py for tasks to queue
[2025-07-17T17:53:33.488+0000] {logging_mixin.py:188} INFO - [2025-07-17T17:53:33.485+0000] {dagbag.py:545} INFO - Filling up the DagBag from /mnt/c/Users/Shivam Gupta/OneDrive/Documents/Shivam_Developement/DATA_ENGINEERING/data_engineering_project/batch-etl-pyspark/.venv/lib/python3.12/site-packages/airflow/example_dags/tutorial_dag.py
[2025-07-17T17:53:33.535+0000] {processor.py:840} INFO - DAG(s) 'tutorial_dag' retrieved from /mnt/c/Users/Shivam Gupta/OneDrive/Documents/Shivam_Developement/DATA_ENGINEERING/data_engineering_project/batch-etl-pyspark/.venv/lib/python3.12/site-packages/airflow/example_dags/tutorial_dag.py
[2025-07-17T17:53:33.585+0000] {logging_mixin.py:188} INFO - [2025-07-17T17:53:33.583+0000] {dag.py:3096} INFO - Sync 1 DAGs
[2025-07-17T17:53:33.601+0000] {logging_mixin.py:188} INFO - [2025-07-17T17:53:33.600+0000] {dag.py:3954} INFO - Setting next_dagrun for tutorial_dag to None, run_after=None
[2025-07-17T17:53:33.717+0000] {processor.py:183} INFO - Processing /mnt/c/Users/Shivam Gupta/OneDrive/Documents/Shivam_Developement/DATA_ENGINEERING/data_engineering_project/batch-etl-pyspark/.venv/lib/python3.12/site-packages/airflow/example_dags/tutorial_dag.py took 0.271 seconds
[2025-07-17T17:54:36.609+0000] {processor.py:161} INFO - Started process (PID=3335) to work on /mnt/c/Users/Shivam Gupta/OneDrive/Documents/Shivam_Developement/DATA_ENGINEERING/data_engineering_project/batch-etl-pyspark/.venv/lib/python3.12/site-packages/airflow/example_dags/tutorial_dag.py
[2025-07-17T17:54:36.611+0000] {processor.py:830} INFO - Processing file /mnt/c/Users/Shivam Gupta/OneDrive/Documents/Shivam_Developement/DATA_ENGINEERING/data_engineering_project/batch-etl-pyspark/.venv/lib/python3.12/site-packages/airflow/example_dags/tutorial_dag.py for tasks to queue
[2025-07-17T17:54:36.614+0000] {logging_mixin.py:188} INFO - [2025-07-17T17:54:36.613+0000] {dagbag.py:545} INFO - Filling up the DagBag from /mnt/c/Users/Shivam Gupta/OneDrive/Documents/Shivam_Developement/DATA_ENGINEERING/data_engineering_project/batch-etl-pyspark/.venv/lib/python3.12/site-packages/airflow/example_dags/tutorial_dag.py
[2025-07-17T17:54:36.755+0000] {processor.py:840} INFO - DAG(s) 'tutorial_dag' retrieved from /mnt/c/Users/Shivam Gupta/OneDrive/Documents/Shivam_Developement/DATA_ENGINEERING/data_engineering_project/batch-etl-pyspark/.venv/lib/python3.12/site-packages/airflow/example_dags/tutorial_dag.py
[2025-07-17T17:54:36.847+0000] {logging_mixin.py:188} INFO - [2025-07-17T17:54:36.840+0000] {dag.py:3096} INFO - Sync 1 DAGs
[2025-07-17T17:54:36.921+0000] {logging_mixin.py:188} INFO - [2025-07-17T17:54:36.913+0000] {dag.py:3954} INFO - Setting next_dagrun for tutorial_dag to None, run_after=None
[2025-07-17T17:54:37.059+0000] {processor.py:183} INFO - Processing /mnt/c/Users/Shivam Gupta/OneDrive/Documents/Shivam_Developement/DATA_ENGINEERING/data_engineering_project/batch-etl-pyspark/.venv/lib/python3.12/site-packages/airflow/example_dags/tutorial_dag.py took 0.469 seconds
[2025-07-17T17:55:38.886+0000] {processor.py:161} INFO - Started process (PID=3387) to work on /mnt/c/Users/Shivam Gupta/OneDrive/Documents/Shivam_Developement/DATA_ENGINEERING/data_engineering_project/batch-etl-pyspark/.venv/lib/python3.12/site-packages/airflow/example_dags/tutorial_dag.py
[2025-07-17T17:55:38.888+0000] {processor.py:830} INFO - Processing file /mnt/c/Users/Shivam Gupta/OneDrive/Documents/Shivam_Developement/DATA_ENGINEERING/data_engineering_project/batch-etl-pyspark/.venv/lib/python3.12/site-packages/airflow/example_dags/tutorial_dag.py for tasks to queue
[2025-07-17T17:55:38.891+0000] {logging_mixin.py:188} INFO - [2025-07-17T17:55:38.890+0000] {dagbag.py:545} INFO - Filling up the DagBag from /mnt/c/Users/Shivam Gupta/OneDrive/Documents/Shivam_Developement/DATA_ENGINEERING/data_engineering_project/batch-etl-pyspark/.venv/lib/python3.12/site-packages/airflow/example_dags/tutorial_dag.py
[2025-07-17T17:55:38.952+0000] {processor.py:840} INFO - DAG(s) 'tutorial_dag' retrieved from /mnt/c/Users/Shivam Gupta/OneDrive/Documents/Shivam_Developement/DATA_ENGINEERING/data_engineering_project/batch-etl-pyspark/.venv/lib/python3.12/site-packages/airflow/example_dags/tutorial_dag.py
[2025-07-17T17:55:38.993+0000] {logging_mixin.py:188} INFO - [2025-07-17T17:55:38.991+0000] {dag.py:3096} INFO - Sync 1 DAGs
[2025-07-17T17:55:39.010+0000] {logging_mixin.py:188} INFO - [2025-07-17T17:55:39.008+0000] {dag.py:3954} INFO - Setting next_dagrun for tutorial_dag to None, run_after=None
[2025-07-17T17:55:39.117+0000] {processor.py:183} INFO - Processing /mnt/c/Users/Shivam Gupta/OneDrive/Documents/Shivam_Developement/DATA_ENGINEERING/data_engineering_project/batch-etl-pyspark/.venv/lib/python3.12/site-packages/airflow/example_dags/tutorial_dag.py took 0.258 seconds
[2025-07-17T17:56:41.432+0000] {processor.py:161} INFO - Started process (PID=3438) to work on /mnt/c/Users/Shivam Gupta/OneDrive/Documents/Shivam_Developement/DATA_ENGINEERING/data_engineering_project/batch-etl-pyspark/.venv/lib/python3.12/site-packages/airflow/example_dags/tutorial_dag.py
[2025-07-17T17:56:41.434+0000] {processor.py:830} INFO - Processing file /mnt/c/Users/Shivam Gupta/OneDrive/Documents/Shivam_Developement/DATA_ENGINEERING/data_engineering_project/batch-etl-pyspark/.venv/lib/python3.12/site-packages/airflow/example_dags/tutorial_dag.py for tasks to queue
[2025-07-17T17:56:41.437+0000] {logging_mixin.py:188} INFO - [2025-07-17T17:56:41.436+0000] {dagbag.py:545} INFO - Filling up the DagBag from /mnt/c/Users/Shivam Gupta/OneDrive/Documents/Shivam_Developement/DATA_ENGINEERING/data_engineering_project/batch-etl-pyspark/.venv/lib/python3.12/site-packages/airflow/example_dags/tutorial_dag.py
[2025-07-17T17:56:41.471+0000] {processor.py:840} INFO - DAG(s) 'tutorial_dag' retrieved from /mnt/c/Users/Shivam Gupta/OneDrive/Documents/Shivam_Developement/DATA_ENGINEERING/data_engineering_project/batch-etl-pyspark/.venv/lib/python3.12/site-packages/airflow/example_dags/tutorial_dag.py
[2025-07-17T17:56:41.547+0000] {logging_mixin.py:188} INFO - [2025-07-17T17:56:41.539+0000] {dag.py:3096} INFO - Sync 1 DAGs
[2025-07-17T17:56:41.574+0000] {logging_mixin.py:188} INFO - [2025-07-17T17:56:41.571+0000] {dag.py:3954} INFO - Setting next_dagrun for tutorial_dag to None, run_after=None
[2025-07-17T17:56:41.695+0000] {processor.py:183} INFO - Processing /mnt/c/Users/Shivam Gupta/OneDrive/Documents/Shivam_Developement/DATA_ENGINEERING/data_engineering_project/batch-etl-pyspark/.venv/lib/python3.12/site-packages/airflow/example_dags/tutorial_dag.py took 0.279 seconds
[2025-07-17T17:57:43.598+0000] {processor.py:161} INFO - Started process (PID=3489) to work on /mnt/c/Users/Shivam Gupta/OneDrive/Documents/Shivam_Developement/DATA_ENGINEERING/data_engineering_project/batch-etl-pyspark/.venv/lib/python3.12/site-packages/airflow/example_dags/tutorial_dag.py
[2025-07-17T17:57:43.601+0000] {processor.py:830} INFO - Processing file /mnt/c/Users/Shivam Gupta/OneDrive/Documents/Shivam_Developement/DATA_ENGINEERING/data_engineering_project/batch-etl-pyspark/.venv/lib/python3.12/site-packages/airflow/example_dags/tutorial_dag.py for tasks to queue
[2025-07-17T17:57:43.605+0000] {logging_mixin.py:188} INFO - [2025-07-17T17:57:43.602+0000] {dagbag.py:545} INFO - Filling up the DagBag from /mnt/c/Users/Shivam Gupta/OneDrive/Documents/Shivam_Developement/DATA_ENGINEERING/data_engineering_project/batch-etl-pyspark/.venv/lib/python3.12/site-packages/airflow/example_dags/tutorial_dag.py
[2025-07-17T17:57:43.634+0000] {processor.py:840} INFO - DAG(s) 'tutorial_dag' retrieved from /mnt/c/Users/Shivam Gupta/OneDrive/Documents/Shivam_Developement/DATA_ENGINEERING/data_engineering_project/batch-etl-pyspark/.venv/lib/python3.12/site-packages/airflow/example_dags/tutorial_dag.py
[2025-07-17T17:57:43.676+0000] {logging_mixin.py:188} INFO - [2025-07-17T17:57:43.674+0000] {dag.py:3096} INFO - Sync 1 DAGs
[2025-07-17T17:57:43.694+0000] {logging_mixin.py:188} INFO - [2025-07-17T17:57:43.692+0000] {dag.py:3954} INFO - Setting next_dagrun for tutorial_dag to None, run_after=None
[2025-07-17T17:57:43.787+0000] {processor.py:183} INFO - Processing /mnt/c/Users/Shivam Gupta/OneDrive/Documents/Shivam_Developement/DATA_ENGINEERING/data_engineering_project/batch-etl-pyspark/.venv/lib/python3.12/site-packages/airflow/example_dags/tutorial_dag.py took 0.205 seconds
[2025-07-17T17:58:43.064+0000] {processor.py:161} INFO - Started process (PID=3538) to work on /mnt/c/Users/Shivam Gupta/OneDrive/Documents/Shivam_Developement/DATA_ENGINEERING/data_engineering_project/batch-etl-pyspark/.venv/lib/python3.12/site-packages/airflow/example_dags/tutorial_dag.py
[2025-07-17T17:58:43.068+0000] {processor.py:830} INFO - Processing file /mnt/c/Users/Shivam Gupta/OneDrive/Documents/Shivam_Developement/DATA_ENGINEERING/data_engineering_project/batch-etl-pyspark/.venv/lib/python3.12/site-packages/airflow/example_dags/tutorial_dag.py for tasks to queue
[2025-07-17T17:58:43.073+0000] {logging_mixin.py:188} INFO - [2025-07-17T17:58:43.071+0000] {dagbag.py:545} INFO - Filling up the DagBag from /mnt/c/Users/Shivam Gupta/OneDrive/Documents/Shivam_Developement/DATA_ENGINEERING/data_engineering_project/batch-etl-pyspark/.venv/lib/python3.12/site-packages/airflow/example_dags/tutorial_dag.py
[2025-07-17T17:58:43.108+0000] {processor.py:840} INFO - DAG(s) 'tutorial_dag' retrieved from /mnt/c/Users/Shivam Gupta/OneDrive/Documents/Shivam_Developement/DATA_ENGINEERING/data_engineering_project/batch-etl-pyspark/.venv/lib/python3.12/site-packages/airflow/example_dags/tutorial_dag.py
[2025-07-17T17:58:43.152+0000] {logging_mixin.py:188} INFO - [2025-07-17T17:58:43.151+0000] {dag.py:3096} INFO - Sync 1 DAGs
[2025-07-17T17:58:43.171+0000] {logging_mixin.py:188} INFO - [2025-07-17T17:58:43.169+0000] {dag.py:3954} INFO - Setting next_dagrun for tutorial_dag to None, run_after=None
[2025-07-17T17:58:43.292+0000] {processor.py:183} INFO - Processing /mnt/c/Users/Shivam Gupta/OneDrive/Documents/Shivam_Developement/DATA_ENGINEERING/data_engineering_project/batch-etl-pyspark/.venv/lib/python3.12/site-packages/airflow/example_dags/tutorial_dag.py took 0.245 seconds
[2025-07-17T17:59:46.224+0000] {processor.py:161} INFO - Started process (PID=3589) to work on /mnt/c/Users/Shivam Gupta/OneDrive/Documents/Shivam_Developement/DATA_ENGINEERING/data_engineering_project/batch-etl-pyspark/.venv/lib/python3.12/site-packages/airflow/example_dags/tutorial_dag.py
[2025-07-17T17:59:46.227+0000] {processor.py:830} INFO - Processing file /mnt/c/Users/Shivam Gupta/OneDrive/Documents/Shivam_Developement/DATA_ENGINEERING/data_engineering_project/batch-etl-pyspark/.venv/lib/python3.12/site-packages/airflow/example_dags/tutorial_dag.py for tasks to queue
[2025-07-17T17:59:46.231+0000] {logging_mixin.py:188} INFO - [2025-07-17T17:59:46.229+0000] {dagbag.py:545} INFO - Filling up the DagBag from /mnt/c/Users/Shivam Gupta/OneDrive/Documents/Shivam_Developement/DATA_ENGINEERING/data_engineering_project/batch-etl-pyspark/.venv/lib/python3.12/site-packages/airflow/example_dags/tutorial_dag.py
[2025-07-17T17:59:46.264+0000] {processor.py:840} INFO - DAG(s) 'tutorial_dag' retrieved from /mnt/c/Users/Shivam Gupta/OneDrive/Documents/Shivam_Developement/DATA_ENGINEERING/data_engineering_project/batch-etl-pyspark/.venv/lib/python3.12/site-packages/airflow/example_dags/tutorial_dag.py
[2025-07-17T17:59:46.370+0000] {logging_mixin.py:188} INFO - [2025-07-17T17:59:46.365+0000] {dag.py:3096} INFO - Sync 1 DAGs
[2025-07-17T17:59:46.384+0000] {logging_mixin.py:188} INFO - [2025-07-17T17:59:46.383+0000] {dag.py:3954} INFO - Setting next_dagrun for tutorial_dag to None, run_after=None
[2025-07-17T17:59:46.566+0000] {processor.py:183} INFO - Processing /mnt/c/Users/Shivam Gupta/OneDrive/Documents/Shivam_Developement/DATA_ENGINEERING/data_engineering_project/batch-etl-pyspark/.venv/lib/python3.12/site-packages/airflow/example_dags/tutorial_dag.py took 0.362 seconds
[2025-07-17T18:00:53.119+0000] {processor.py:161} INFO - Started process (PID=3641) to work on /mnt/c/Users/Shivam Gupta/OneDrive/Documents/Shivam_Developement/DATA_ENGINEERING/data_engineering_project/batch-etl-pyspark/.venv/lib/python3.12/site-packages/airflow/example_dags/tutorial_dag.py
[2025-07-17T18:00:53.122+0000] {processor.py:830} INFO - Processing file /mnt/c/Users/Shivam Gupta/OneDrive/Documents/Shivam_Developement/DATA_ENGINEERING/data_engineering_project/batch-etl-pyspark/.venv/lib/python3.12/site-packages/airflow/example_dags/tutorial_dag.py for tasks to queue
[2025-07-17T18:00:53.130+0000] {logging_mixin.py:188} INFO - [2025-07-17T18:00:53.124+0000] {dagbag.py:545} INFO - Filling up the DagBag from /mnt/c/Users/Shivam Gupta/OneDrive/Documents/Shivam_Developement/DATA_ENGINEERING/data_engineering_project/batch-etl-pyspark/.venv/lib/python3.12/site-packages/airflow/example_dags/tutorial_dag.py
[2025-07-17T18:00:53.178+0000] {processor.py:840} INFO - DAG(s) 'tutorial_dag' retrieved from /mnt/c/Users/Shivam Gupta/OneDrive/Documents/Shivam_Developement/DATA_ENGINEERING/data_engineering_project/batch-etl-pyspark/.venv/lib/python3.12/site-packages/airflow/example_dags/tutorial_dag.py
[2025-07-17T18:00:53.215+0000] {logging_mixin.py:188} INFO - [2025-07-17T18:00:53.214+0000] {dag.py:3096} INFO - Sync 1 DAGs
[2025-07-17T18:00:53.231+0000] {logging_mixin.py:188} INFO - [2025-07-17T18:00:53.230+0000] {dag.py:3954} INFO - Setting next_dagrun for tutorial_dag to None, run_after=None
[2025-07-17T18:00:53.350+0000] {processor.py:183} INFO - Processing /mnt/c/Users/Shivam Gupta/OneDrive/Documents/Shivam_Developement/DATA_ENGINEERING/data_engineering_project/batch-etl-pyspark/.venv/lib/python3.12/site-packages/airflow/example_dags/tutorial_dag.py took 0.248 seconds
[2025-07-17T18:01:57.627+0000] {processor.py:161} INFO - Started process (PID=3698) to work on /mnt/c/Users/Shivam Gupta/OneDrive/Documents/Shivam_Developement/DATA_ENGINEERING/data_engineering_project/batch-etl-pyspark/.venv/lib/python3.12/site-packages/airflow/example_dags/tutorial_dag.py
[2025-07-17T18:01:57.630+0000] {processor.py:830} INFO - Processing file /mnt/c/Users/Shivam Gupta/OneDrive/Documents/Shivam_Developement/DATA_ENGINEERING/data_engineering_project/batch-etl-pyspark/.venv/lib/python3.12/site-packages/airflow/example_dags/tutorial_dag.py for tasks to queue
[2025-07-17T18:01:57.634+0000] {logging_mixin.py:188} INFO - [2025-07-17T18:01:57.632+0000] {dagbag.py:545} INFO - Filling up the DagBag from /mnt/c/Users/Shivam Gupta/OneDrive/Documents/Shivam_Developement/DATA_ENGINEERING/data_engineering_project/batch-etl-pyspark/.venv/lib/python3.12/site-packages/airflow/example_dags/tutorial_dag.py
[2025-07-17T18:01:57.666+0000] {processor.py:840} INFO - DAG(s) 'tutorial_dag' retrieved from /mnt/c/Users/Shivam Gupta/OneDrive/Documents/Shivam_Developement/DATA_ENGINEERING/data_engineering_project/batch-etl-pyspark/.venv/lib/python3.12/site-packages/airflow/example_dags/tutorial_dag.py
[2025-07-17T18:01:57.712+0000] {logging_mixin.py:188} INFO - [2025-07-17T18:01:57.711+0000] {dag.py:3096} INFO - Sync 1 DAGs
[2025-07-17T18:01:57.730+0000] {logging_mixin.py:188} INFO - [2025-07-17T18:01:57.729+0000] {dag.py:3954} INFO - Setting next_dagrun for tutorial_dag to None, run_after=None
[2025-07-17T18:01:57.854+0000] {processor.py:183} INFO - Processing /mnt/c/Users/Shivam Gupta/OneDrive/Documents/Shivam_Developement/DATA_ENGINEERING/data_engineering_project/batch-etl-pyspark/.venv/lib/python3.12/site-packages/airflow/example_dags/tutorial_dag.py took 0.248 seconds
[2025-07-17T18:02:57.105+0000] {processor.py:161} INFO - Started process (PID=3747) to work on /mnt/c/Users/Shivam Gupta/OneDrive/Documents/Shivam_Developement/DATA_ENGINEERING/data_engineering_project/batch-etl-pyspark/.venv/lib/python3.12/site-packages/airflow/example_dags/tutorial_dag.py
[2025-07-17T18:02:57.107+0000] {processor.py:830} INFO - Processing file /mnt/c/Users/Shivam Gupta/OneDrive/Documents/Shivam_Developement/DATA_ENGINEERING/data_engineering_project/batch-etl-pyspark/.venv/lib/python3.12/site-packages/airflow/example_dags/tutorial_dag.py for tasks to queue
[2025-07-17T18:02:57.111+0000] {logging_mixin.py:188} INFO - [2025-07-17T18:02:57.109+0000] {dagbag.py:545} INFO - Filling up the DagBag from /mnt/c/Users/Shivam Gupta/OneDrive/Documents/Shivam_Developement/DATA_ENGINEERING/data_engineering_project/batch-etl-pyspark/.venv/lib/python3.12/site-packages/airflow/example_dags/tutorial_dag.py
[2025-07-17T18:02:57.139+0000] {processor.py:840} INFO - DAG(s) 'tutorial_dag' retrieved from /mnt/c/Users/Shivam Gupta/OneDrive/Documents/Shivam_Developement/DATA_ENGINEERING/data_engineering_project/batch-etl-pyspark/.venv/lib/python3.12/site-packages/airflow/example_dags/tutorial_dag.py
[2025-07-17T18:02:57.180+0000] {logging_mixin.py:188} INFO - [2025-07-17T18:02:57.176+0000] {dag.py:3096} INFO - Sync 1 DAGs
[2025-07-17T18:02:57.195+0000] {logging_mixin.py:188} INFO - [2025-07-17T18:02:57.194+0000] {dag.py:3954} INFO - Setting next_dagrun for tutorial_dag to None, run_after=None
[2025-07-17T18:02:57.282+0000] {processor.py:183} INFO - Processing /mnt/c/Users/Shivam Gupta/OneDrive/Documents/Shivam_Developement/DATA_ENGINEERING/data_engineering_project/batch-etl-pyspark/.venv/lib/python3.12/site-packages/airflow/example_dags/tutorial_dag.py took 0.199 seconds
[2025-07-17T18:03:57.605+0000] {processor.py:161} INFO - Started process (PID=3797) to work on /mnt/c/Users/Shivam Gupta/OneDrive/Documents/Shivam_Developement/DATA_ENGINEERING/data_engineering_project/batch-etl-pyspark/.venv/lib/python3.12/site-packages/airflow/example_dags/tutorial_dag.py
[2025-07-17T18:03:57.606+0000] {processor.py:830} INFO - Processing file /mnt/c/Users/Shivam Gupta/OneDrive/Documents/Shivam_Developement/DATA_ENGINEERING/data_engineering_project/batch-etl-pyspark/.venv/lib/python3.12/site-packages/airflow/example_dags/tutorial_dag.py for tasks to queue
[2025-07-17T18:03:57.609+0000] {logging_mixin.py:188} INFO - [2025-07-17T18:03:57.607+0000] {dagbag.py:545} INFO - Filling up the DagBag from /mnt/c/Users/Shivam Gupta/OneDrive/Documents/Shivam_Developement/DATA_ENGINEERING/data_engineering_project/batch-etl-pyspark/.venv/lib/python3.12/site-packages/airflow/example_dags/tutorial_dag.py
[2025-07-17T18:03:57.668+0000] {processor.py:840} INFO - DAG(s) 'tutorial_dag' retrieved from /mnt/c/Users/Shivam Gupta/OneDrive/Documents/Shivam_Developement/DATA_ENGINEERING/data_engineering_project/batch-etl-pyspark/.venv/lib/python3.12/site-packages/airflow/example_dags/tutorial_dag.py
[2025-07-17T18:03:57.707+0000] {logging_mixin.py:188} INFO - [2025-07-17T18:03:57.706+0000] {dag.py:3096} INFO - Sync 1 DAGs
[2025-07-17T18:03:57.721+0000] {logging_mixin.py:188} INFO - [2025-07-17T18:03:57.720+0000] {dag.py:3954} INFO - Setting next_dagrun for tutorial_dag to None, run_after=None
[2025-07-17T18:03:57.822+0000] {processor.py:183} INFO - Processing /mnt/c/Users/Shivam Gupta/OneDrive/Documents/Shivam_Developement/DATA_ENGINEERING/data_engineering_project/batch-etl-pyspark/.venv/lib/python3.12/site-packages/airflow/example_dags/tutorial_dag.py took 0.229 seconds
[2025-07-17T18:04:58.259+0000] {processor.py:161} INFO - Started process (PID=3847) to work on /mnt/c/Users/Shivam Gupta/OneDrive/Documents/Shivam_Developement/DATA_ENGINEERING/data_engineering_project/batch-etl-pyspark/.venv/lib/python3.12/site-packages/airflow/example_dags/tutorial_dag.py
[2025-07-17T18:04:58.265+0000] {processor.py:830} INFO - Processing file /mnt/c/Users/Shivam Gupta/OneDrive/Documents/Shivam_Developement/DATA_ENGINEERING/data_engineering_project/batch-etl-pyspark/.venv/lib/python3.12/site-packages/airflow/example_dags/tutorial_dag.py for tasks to queue
[2025-07-17T18:04:58.269+0000] {logging_mixin.py:188} INFO - [2025-07-17T18:04:58.268+0000] {dagbag.py:545} INFO - Filling up the DagBag from /mnt/c/Users/Shivam Gupta/OneDrive/Documents/Shivam_Developement/DATA_ENGINEERING/data_engineering_project/batch-etl-pyspark/.venv/lib/python3.12/site-packages/airflow/example_dags/tutorial_dag.py
[2025-07-17T18:04:58.308+0000] {processor.py:840} INFO - DAG(s) 'tutorial_dag' retrieved from /mnt/c/Users/Shivam Gupta/OneDrive/Documents/Shivam_Developement/DATA_ENGINEERING/data_engineering_project/batch-etl-pyspark/.venv/lib/python3.12/site-packages/airflow/example_dags/tutorial_dag.py
[2025-07-17T18:04:58.349+0000] {logging_mixin.py:188} INFO - [2025-07-17T18:04:58.346+0000] {dag.py:3096} INFO - Sync 1 DAGs
[2025-07-17T18:04:58.373+0000] {logging_mixin.py:188} INFO - [2025-07-17T18:04:58.369+0000] {dag.py:3954} INFO - Setting next_dagrun for tutorial_dag to None, run_after=None
[2025-07-17T18:04:58.581+0000] {processor.py:183} INFO - Processing /mnt/c/Users/Shivam Gupta/OneDrive/Documents/Shivam_Developement/DATA_ENGINEERING/data_engineering_project/batch-etl-pyspark/.venv/lib/python3.12/site-packages/airflow/example_dags/tutorial_dag.py took 0.345 seconds
[2025-07-17T18:05:59.639+0000] {processor.py:161} INFO - Started process (PID=3900) to work on /mnt/c/Users/Shivam Gupta/OneDrive/Documents/Shivam_Developement/DATA_ENGINEERING/data_engineering_project/batch-etl-pyspark/.venv/lib/python3.12/site-packages/airflow/example_dags/tutorial_dag.py
[2025-07-17T18:05:59.641+0000] {processor.py:830} INFO - Processing file /mnt/c/Users/Shivam Gupta/OneDrive/Documents/Shivam_Developement/DATA_ENGINEERING/data_engineering_project/batch-etl-pyspark/.venv/lib/python3.12/site-packages/airflow/example_dags/tutorial_dag.py for tasks to queue
[2025-07-17T18:05:59.647+0000] {logging_mixin.py:188} INFO - [2025-07-17T18:05:59.644+0000] {dagbag.py:545} INFO - Filling up the DagBag from /mnt/c/Users/Shivam Gupta/OneDrive/Documents/Shivam_Developement/DATA_ENGINEERING/data_engineering_project/batch-etl-pyspark/.venv/lib/python3.12/site-packages/airflow/example_dags/tutorial_dag.py
[2025-07-17T18:05:59.684+0000] {processor.py:840} INFO - DAG(s) 'tutorial_dag' retrieved from /mnt/c/Users/Shivam Gupta/OneDrive/Documents/Shivam_Developement/DATA_ENGINEERING/data_engineering_project/batch-etl-pyspark/.venv/lib/python3.12/site-packages/airflow/example_dags/tutorial_dag.py
[2025-07-17T18:05:59.726+0000] {logging_mixin.py:188} INFO - [2025-07-17T18:05:59.725+0000] {dag.py:3096} INFO - Sync 1 DAGs
[2025-07-17T18:05:59.742+0000] {logging_mixin.py:188} INFO - [2025-07-17T18:05:59.741+0000] {dag.py:3954} INFO - Setting next_dagrun for tutorial_dag to None, run_after=None
[2025-07-17T18:05:59.863+0000] {processor.py:183} INFO - Processing /mnt/c/Users/Shivam Gupta/OneDrive/Documents/Shivam_Developement/DATA_ENGINEERING/data_engineering_project/batch-etl-pyspark/.venv/lib/python3.12/site-packages/airflow/example_dags/tutorial_dag.py took 0.246 seconds
[2025-07-17T18:07:02.135+0000] {processor.py:161} INFO - Started process (PID=3950) to work on /mnt/c/Users/Shivam Gupta/OneDrive/Documents/Shivam_Developement/DATA_ENGINEERING/data_engineering_project/batch-etl-pyspark/.venv/lib/python3.12/site-packages/airflow/example_dags/tutorial_dag.py
[2025-07-17T18:07:02.138+0000] {processor.py:830} INFO - Processing file /mnt/c/Users/Shivam Gupta/OneDrive/Documents/Shivam_Developement/DATA_ENGINEERING/data_engineering_project/batch-etl-pyspark/.venv/lib/python3.12/site-packages/airflow/example_dags/tutorial_dag.py for tasks to queue
[2025-07-17T18:07:02.143+0000] {logging_mixin.py:188} INFO - [2025-07-17T18:07:02.140+0000] {dagbag.py:545} INFO - Filling up the DagBag from /mnt/c/Users/Shivam Gupta/OneDrive/Documents/Shivam_Developement/DATA_ENGINEERING/data_engineering_project/batch-etl-pyspark/.venv/lib/python3.12/site-packages/airflow/example_dags/tutorial_dag.py
[2025-07-17T18:07:02.183+0000] {processor.py:840} INFO - DAG(s) 'tutorial_dag' retrieved from /mnt/c/Users/Shivam Gupta/OneDrive/Documents/Shivam_Developement/DATA_ENGINEERING/data_engineering_project/batch-etl-pyspark/.venv/lib/python3.12/site-packages/airflow/example_dags/tutorial_dag.py
[2025-07-17T18:07:02.222+0000] {logging_mixin.py:188} INFO - [2025-07-17T18:07:02.221+0000] {dag.py:3096} INFO - Sync 1 DAGs
[2025-07-17T18:07:02.238+0000] {logging_mixin.py:188} INFO - [2025-07-17T18:07:02.236+0000] {dag.py:3954} INFO - Setting next_dagrun for tutorial_dag to None, run_after=None
[2025-07-17T18:07:02.344+0000] {processor.py:183} INFO - Processing /mnt/c/Users/Shivam Gupta/OneDrive/Documents/Shivam_Developement/DATA_ENGINEERING/data_engineering_project/batch-etl-pyspark/.venv/lib/python3.12/site-packages/airflow/example_dags/tutorial_dag.py took 0.229 seconds
[2025-07-17T18:08:08.215+0000] {processor.py:161} INFO - Started process (PID=4001) to work on /mnt/c/Users/Shivam Gupta/OneDrive/Documents/Shivam_Developement/DATA_ENGINEERING/data_engineering_project/batch-etl-pyspark/.venv/lib/python3.12/site-packages/airflow/example_dags/tutorial_dag.py
[2025-07-17T18:08:08.219+0000] {processor.py:830} INFO - Processing file /mnt/c/Users/Shivam Gupta/OneDrive/Documents/Shivam_Developement/DATA_ENGINEERING/data_engineering_project/batch-etl-pyspark/.venv/lib/python3.12/site-packages/airflow/example_dags/tutorial_dag.py for tasks to queue
[2025-07-17T18:08:08.224+0000] {logging_mixin.py:188} INFO - [2025-07-17T18:08:08.222+0000] {dagbag.py:545} INFO - Filling up the DagBag from /mnt/c/Users/Shivam Gupta/OneDrive/Documents/Shivam_Developement/DATA_ENGINEERING/data_engineering_project/batch-etl-pyspark/.venv/lib/python3.12/site-packages/airflow/example_dags/tutorial_dag.py
[2025-07-17T18:08:08.256+0000] {processor.py:840} INFO - DAG(s) 'tutorial_dag' retrieved from /mnt/c/Users/Shivam Gupta/OneDrive/Documents/Shivam_Developement/DATA_ENGINEERING/data_engineering_project/batch-etl-pyspark/.venv/lib/python3.12/site-packages/airflow/example_dags/tutorial_dag.py
[2025-07-17T18:08:08.327+0000] {logging_mixin.py:188} INFO - [2025-07-17T18:08:08.324+0000] {dag.py:3096} INFO - Sync 1 DAGs
[2025-07-17T18:08:08.350+0000] {logging_mixin.py:188} INFO - [2025-07-17T18:08:08.347+0000] {dag.py:3954} INFO - Setting next_dagrun for tutorial_dag to None, run_after=None
[2025-07-17T18:08:08.496+0000] {processor.py:183} INFO - Processing /mnt/c/Users/Shivam Gupta/OneDrive/Documents/Shivam_Developement/DATA_ENGINEERING/data_engineering_project/batch-etl-pyspark/.venv/lib/python3.12/site-packages/airflow/example_dags/tutorial_dag.py took 0.303 seconds
[2025-07-17T18:09:13.229+0000] {processor.py:161} INFO - Started process (PID=4051) to work on /mnt/c/Users/Shivam Gupta/OneDrive/Documents/Shivam_Developement/DATA_ENGINEERING/data_engineering_project/batch-etl-pyspark/.venv/lib/python3.12/site-packages/airflow/example_dags/tutorial_dag.py
[2025-07-17T18:09:13.234+0000] {processor.py:830} INFO - Processing file /mnt/c/Users/Shivam Gupta/OneDrive/Documents/Shivam_Developement/DATA_ENGINEERING/data_engineering_project/batch-etl-pyspark/.venv/lib/python3.12/site-packages/airflow/example_dags/tutorial_dag.py for tasks to queue
[2025-07-17T18:09:13.243+0000] {logging_mixin.py:188} INFO - [2025-07-17T18:09:13.239+0000] {dagbag.py:545} INFO - Filling up the DagBag from /mnt/c/Users/Shivam Gupta/OneDrive/Documents/Shivam_Developement/DATA_ENGINEERING/data_engineering_project/batch-etl-pyspark/.venv/lib/python3.12/site-packages/airflow/example_dags/tutorial_dag.py
[2025-07-17T18:09:13.358+0000] {processor.py:840} INFO - DAG(s) 'tutorial_dag' retrieved from /mnt/c/Users/Shivam Gupta/OneDrive/Documents/Shivam_Developement/DATA_ENGINEERING/data_engineering_project/batch-etl-pyspark/.venv/lib/python3.12/site-packages/airflow/example_dags/tutorial_dag.py
[2025-07-17T18:09:13.399+0000] {logging_mixin.py:188} INFO - [2025-07-17T18:09:13.398+0000] {dag.py:3096} INFO - Sync 1 DAGs
[2025-07-17T18:09:13.414+0000] {logging_mixin.py:188} INFO - [2025-07-17T18:09:13.412+0000] {dag.py:3954} INFO - Setting next_dagrun for tutorial_dag to None, run_after=None
[2025-07-17T18:09:13.511+0000] {processor.py:183} INFO - Processing /mnt/c/Users/Shivam Gupta/OneDrive/Documents/Shivam_Developement/DATA_ENGINEERING/data_engineering_project/batch-etl-pyspark/.venv/lib/python3.12/site-packages/airflow/example_dags/tutorial_dag.py took 0.311 seconds
[2025-07-17T18:10:16.686+0000] {processor.py:161} INFO - Started process (PID=4105) to work on /mnt/c/Users/Shivam Gupta/OneDrive/Documents/Shivam_Developement/DATA_ENGINEERING/data_engineering_project/batch-etl-pyspark/.venv/lib/python3.12/site-packages/airflow/example_dags/tutorial_dag.py
[2025-07-17T18:10:16.689+0000] {processor.py:830} INFO - Processing file /mnt/c/Users/Shivam Gupta/OneDrive/Documents/Shivam_Developement/DATA_ENGINEERING/data_engineering_project/batch-etl-pyspark/.venv/lib/python3.12/site-packages/airflow/example_dags/tutorial_dag.py for tasks to queue
[2025-07-17T18:10:16.692+0000] {logging_mixin.py:188} INFO - [2025-07-17T18:10:16.691+0000] {dagbag.py:545} INFO - Filling up the DagBag from /mnt/c/Users/Shivam Gupta/OneDrive/Documents/Shivam_Developement/DATA_ENGINEERING/data_engineering_project/batch-etl-pyspark/.venv/lib/python3.12/site-packages/airflow/example_dags/tutorial_dag.py
[2025-07-17T18:10:16.717+0000] {processor.py:840} INFO - DAG(s) 'tutorial_dag' retrieved from /mnt/c/Users/Shivam Gupta/OneDrive/Documents/Shivam_Developement/DATA_ENGINEERING/data_engineering_project/batch-etl-pyspark/.venv/lib/python3.12/site-packages/airflow/example_dags/tutorial_dag.py
[2025-07-17T18:10:16.783+0000] {logging_mixin.py:188} INFO - [2025-07-17T18:10:16.767+0000] {dag.py:3096} INFO - Sync 1 DAGs
[2025-07-17T18:10:16.831+0000] {logging_mixin.py:188} INFO - [2025-07-17T18:10:16.828+0000] {dag.py:3954} INFO - Setting next_dagrun for tutorial_dag to None, run_after=None
[2025-07-17T18:10:16.957+0000] {processor.py:183} INFO - Processing /mnt/c/Users/Shivam Gupta/OneDrive/Documents/Shivam_Developement/DATA_ENGINEERING/data_engineering_project/batch-etl-pyspark/.venv/lib/python3.12/site-packages/airflow/example_dags/tutorial_dag.py took 0.296 seconds
[2025-07-17T18:11:20.636+0000] {processor.py:161} INFO - Started process (PID=4154) to work on /mnt/c/Users/Shivam Gupta/OneDrive/Documents/Shivam_Developement/DATA_ENGINEERING/data_engineering_project/batch-etl-pyspark/.venv/lib/python3.12/site-packages/airflow/example_dags/tutorial_dag.py
[2025-07-17T18:11:20.639+0000] {processor.py:830} INFO - Processing file /mnt/c/Users/Shivam Gupta/OneDrive/Documents/Shivam_Developement/DATA_ENGINEERING/data_engineering_project/batch-etl-pyspark/.venv/lib/python3.12/site-packages/airflow/example_dags/tutorial_dag.py for tasks to queue
[2025-07-17T18:11:20.643+0000] {logging_mixin.py:188} INFO - [2025-07-17T18:11:20.641+0000] {dagbag.py:545} INFO - Filling up the DagBag from /mnt/c/Users/Shivam Gupta/OneDrive/Documents/Shivam_Developement/DATA_ENGINEERING/data_engineering_project/batch-etl-pyspark/.venv/lib/python3.12/site-packages/airflow/example_dags/tutorial_dag.py
[2025-07-17T18:11:20.675+0000] {processor.py:840} INFO - DAG(s) 'tutorial_dag' retrieved from /mnt/c/Users/Shivam Gupta/OneDrive/Documents/Shivam_Developement/DATA_ENGINEERING/data_engineering_project/batch-etl-pyspark/.venv/lib/python3.12/site-packages/airflow/example_dags/tutorial_dag.py
[2025-07-17T18:11:20.733+0000] {logging_mixin.py:188} INFO - [2025-07-17T18:11:20.730+0000] {dag.py:3096} INFO - Sync 1 DAGs
[2025-07-17T18:11:20.763+0000] {logging_mixin.py:188} INFO - [2025-07-17T18:11:20.759+0000] {dag.py:3954} INFO - Setting next_dagrun for tutorial_dag to None, run_after=None
[2025-07-17T18:11:20.929+0000] {processor.py:183} INFO - Processing /mnt/c/Users/Shivam Gupta/OneDrive/Documents/Shivam_Developement/DATA_ENGINEERING/data_engineering_project/batch-etl-pyspark/.venv/lib/python3.12/site-packages/airflow/example_dags/tutorial_dag.py took 0.307 seconds
[2025-07-17T18:12:25.439+0000] {processor.py:161} INFO - Started process (PID=4208) to work on /mnt/c/Users/Shivam Gupta/OneDrive/Documents/Shivam_Developement/DATA_ENGINEERING/data_engineering_project/batch-etl-pyspark/.venv/lib/python3.12/site-packages/airflow/example_dags/tutorial_dag.py
[2025-07-17T18:12:25.445+0000] {processor.py:830} INFO - Processing file /mnt/c/Users/Shivam Gupta/OneDrive/Documents/Shivam_Developement/DATA_ENGINEERING/data_engineering_project/batch-etl-pyspark/.venv/lib/python3.12/site-packages/airflow/example_dags/tutorial_dag.py for tasks to queue
[2025-07-17T18:12:25.454+0000] {logging_mixin.py:188} INFO - [2025-07-17T18:12:25.452+0000] {dagbag.py:545} INFO - Filling up the DagBag from /mnt/c/Users/Shivam Gupta/OneDrive/Documents/Shivam_Developement/DATA_ENGINEERING/data_engineering_project/batch-etl-pyspark/.venv/lib/python3.12/site-packages/airflow/example_dags/tutorial_dag.py
[2025-07-17T18:12:25.497+0000] {processor.py:840} INFO - DAG(s) 'tutorial_dag' retrieved from /mnt/c/Users/Shivam Gupta/OneDrive/Documents/Shivam_Developement/DATA_ENGINEERING/data_engineering_project/batch-etl-pyspark/.venv/lib/python3.12/site-packages/airflow/example_dags/tutorial_dag.py
[2025-07-17T18:12:25.548+0000] {logging_mixin.py:188} INFO - [2025-07-17T18:12:25.546+0000] {dag.py:3096} INFO - Sync 1 DAGs
[2025-07-17T18:12:25.566+0000] {logging_mixin.py:188} INFO - [2025-07-17T18:12:25.565+0000] {dag.py:3954} INFO - Setting next_dagrun for tutorial_dag to None, run_after=None
[2025-07-17T18:12:25.682+0000] {processor.py:183} INFO - Processing /mnt/c/Users/Shivam Gupta/OneDrive/Documents/Shivam_Developement/DATA_ENGINEERING/data_engineering_project/batch-etl-pyspark/.venv/lib/python3.12/site-packages/airflow/example_dags/tutorial_dag.py took 0.270 seconds
[2025-07-17T18:13:29.758+0000] {processor.py:161} INFO - Started process (PID=4260) to work on /mnt/c/Users/Shivam Gupta/OneDrive/Documents/Shivam_Developement/DATA_ENGINEERING/data_engineering_project/batch-etl-pyspark/.venv/lib/python3.12/site-packages/airflow/example_dags/tutorial_dag.py
[2025-07-17T18:13:29.762+0000] {processor.py:830} INFO - Processing file /mnt/c/Users/Shivam Gupta/OneDrive/Documents/Shivam_Developement/DATA_ENGINEERING/data_engineering_project/batch-etl-pyspark/.venv/lib/python3.12/site-packages/airflow/example_dags/tutorial_dag.py for tasks to queue
[2025-07-17T18:13:29.767+0000] {logging_mixin.py:188} INFO - [2025-07-17T18:13:29.764+0000] {dagbag.py:545} INFO - Filling up the DagBag from /mnt/c/Users/Shivam Gupta/OneDrive/Documents/Shivam_Developement/DATA_ENGINEERING/data_engineering_project/batch-etl-pyspark/.venv/lib/python3.12/site-packages/airflow/example_dags/tutorial_dag.py
[2025-07-17T18:13:29.801+0000] {processor.py:840} INFO - DAG(s) 'tutorial_dag' retrieved from /mnt/c/Users/Shivam Gupta/OneDrive/Documents/Shivam_Developement/DATA_ENGINEERING/data_engineering_project/batch-etl-pyspark/.venv/lib/python3.12/site-packages/airflow/example_dags/tutorial_dag.py
[2025-07-17T18:13:29.835+0000] {logging_mixin.py:188} INFO - [2025-07-17T18:13:29.834+0000] {dag.py:3096} INFO - Sync 1 DAGs
[2025-07-17T18:13:29.849+0000] {logging_mixin.py:188} INFO - [2025-07-17T18:13:29.847+0000] {dag.py:3954} INFO - Setting next_dagrun for tutorial_dag to None, run_after=None
[2025-07-17T18:13:29.975+0000] {processor.py:183} INFO - Processing /mnt/c/Users/Shivam Gupta/OneDrive/Documents/Shivam_Developement/DATA_ENGINEERING/data_engineering_project/batch-etl-pyspark/.venv/lib/python3.12/site-packages/airflow/example_dags/tutorial_dag.py took 0.235 seconds
