[2025-07-16T17:47:07.178+0000] {processor.py:161} INFO - Started process (PID=5764) to work on /mnt/c/Users/Shivam Gupta/OneDrive/Documents/Shivam_Developement/data_engineering/data_engineering_project/batch-etl-pyspark/.venv/lib/python3.12/site-packages/airflow/example_dags/example_sensor_decorator.py
[2025-07-16T17:47:07.182+0000] {processor.py:830} INFO - Processing file /mnt/c/Users/Shivam Gupta/OneDrive/Documents/Shivam_Developement/data_engineering/data_engineering_project/batch-etl-pyspark/.venv/lib/python3.12/site-packages/airflow/example_dags/example_sensor_decorator.py for tasks to queue
[2025-07-16T17:47:07.188+0000] {logging_mixin.py:188} INFO - [2025-07-16T17:47:07.185+0000] {dagbag.py:545} INFO - Filling up the DagBag from /mnt/c/Users/Shivam Gupta/OneDrive/Documents/Shivam_Developement/data_engineering/data_engineering_project/batch-etl-pyspark/.venv/lib/python3.12/site-packages/airflow/example_dags/example_sensor_decorator.py
[2025-07-16T17:47:07.227+0000] {processor.py:840} INFO - DAG(s) 'example_sensor_decorator' retrieved from /mnt/c/Users/Shivam Gupta/OneDrive/Documents/Shivam_Developement/data_engineering/data_engineering_project/batch-etl-pyspark/.venv/lib/python3.12/site-packages/airflow/example_dags/example_sensor_decorator.py
[2025-07-16T17:47:09.166+0000] {logging_mixin.py:188} INFO - [2025-07-16T17:47:09.164+0000] {override.py:1930} INFO - Created Permission View: can read on DAG:example_sensor_decorator
[2025-07-16T17:47:09.221+0000] {logging_mixin.py:188} INFO - [2025-07-16T17:47:09.218+0000] {override.py:1930} INFO - Created Permission View: can edit on DAG:example_sensor_decorator
[2025-07-16T17:47:09.293+0000] {logging_mixin.py:188} INFO - [2025-07-16T17:47:09.289+0000] {override.py:1930} INFO - Created Permission View: can delete on DAG:example_sensor_decorator
[2025-07-16T17:47:09.297+0000] {logging_mixin.py:188} INFO - [2025-07-16T17:47:09.295+0000] {dag.py:3096} INFO - Sync 1 DAGs
[2025-07-16T17:47:09.319+0000] {logging_mixin.py:188} INFO - [2025-07-16T17:47:09.318+0000] {dag.py:3118} INFO - Creating ORM DAG for example_sensor_decorator
[2025-07-16T17:47:09.322+0000] {logging_mixin.py:188} INFO - [2025-07-16T17:47:09.321+0000] {dag.py:3954} INFO - Setting next_dagrun for example_sensor_decorator to None, run_after=None
[2025-07-16T17:47:09.411+0000] {processor.py:183} INFO - Processing /mnt/c/Users/Shivam Gupta/OneDrive/Documents/Shivam_Developement/data_engineering/data_engineering_project/batch-etl-pyspark/.venv/lib/python3.12/site-packages/airflow/example_dags/example_sensor_decorator.py took 2.256 seconds
[2025-07-16T17:48:55.215+0000] {processor.py:161} INFO - Started process (PID=5839) to work on /mnt/c/Users/Shivam Gupta/OneDrive/Documents/Shivam_Developement/data_engineering/data_engineering_project/batch-etl-pyspark/.venv/lib/python3.12/site-packages/airflow/example_dags/example_sensor_decorator.py
[2025-07-16T17:48:55.219+0000] {processor.py:830} INFO - Processing file /mnt/c/Users/Shivam Gupta/OneDrive/Documents/Shivam_Developement/data_engineering/data_engineering_project/batch-etl-pyspark/.venv/lib/python3.12/site-packages/airflow/example_dags/example_sensor_decorator.py for tasks to queue
[2025-07-16T17:48:55.225+0000] {logging_mixin.py:188} INFO - [2025-07-16T17:48:55.223+0000] {dagbag.py:545} INFO - Filling up the DagBag from /mnt/c/Users/Shivam Gupta/OneDrive/Documents/Shivam_Developement/data_engineering/data_engineering_project/batch-etl-pyspark/.venv/lib/python3.12/site-packages/airflow/example_dags/example_sensor_decorator.py
[2025-07-16T17:48:55.276+0000] {processor.py:840} INFO - DAG(s) 'example_sensor_decorator' retrieved from /mnt/c/Users/Shivam Gupta/OneDrive/Documents/Shivam_Developement/data_engineering/data_engineering_project/batch-etl-pyspark/.venv/lib/python3.12/site-packages/airflow/example_dags/example_sensor_decorator.py
[2025-07-16T17:48:55.315+0000] {logging_mixin.py:188} INFO - [2025-07-16T17:48:55.315+0000] {dag.py:3096} INFO - Sync 1 DAGs
[2025-07-16T17:48:55.335+0000] {logging_mixin.py:188} INFO - [2025-07-16T17:48:55.333+0000] {dag.py:3954} INFO - Setting next_dagrun for example_sensor_decorator to None, run_after=None
[2025-07-16T17:48:55.448+0000] {processor.py:183} INFO - Processing /mnt/c/Users/Shivam Gupta/OneDrive/Documents/Shivam_Developement/data_engineering/data_engineering_project/batch-etl-pyspark/.venv/lib/python3.12/site-packages/airflow/example_dags/example_sensor_decorator.py took 0.246 seconds
[2025-07-16T17:50:28.945+0000] {processor.py:161} INFO - Started process (PID=5932) to work on /mnt/c/Users/Shivam Gupta/OneDrive/Documents/Shivam_Developement/data_engineering/data_engineering_project/batch-etl-pyspark/.venv/lib/python3.12/site-packages/airflow/example_dags/example_sensor_decorator.py
[2025-07-16T17:50:28.946+0000] {processor.py:830} INFO - Processing file /mnt/c/Users/Shivam Gupta/OneDrive/Documents/Shivam_Developement/data_engineering/data_engineering_project/batch-etl-pyspark/.venv/lib/python3.12/site-packages/airflow/example_dags/example_sensor_decorator.py for tasks to queue
[2025-07-16T17:50:28.948+0000] {logging_mixin.py:188} INFO - [2025-07-16T17:50:28.948+0000] {dagbag.py:545} INFO - Filling up the DagBag from /mnt/c/Users/Shivam Gupta/OneDrive/Documents/Shivam_Developement/data_engineering/data_engineering_project/batch-etl-pyspark/.venv/lib/python3.12/site-packages/airflow/example_dags/example_sensor_decorator.py
[2025-07-16T17:50:28.962+0000] {processor.py:840} INFO - DAG(s) 'example_sensor_decorator' retrieved from /mnt/c/Users/Shivam Gupta/OneDrive/Documents/Shivam_Developement/data_engineering/data_engineering_project/batch-etl-pyspark/.venv/lib/python3.12/site-packages/airflow/example_dags/example_sensor_decorator.py
[2025-07-16T17:50:28.980+0000] {logging_mixin.py:188} INFO - [2025-07-16T17:50:28.979+0000] {dag.py:3096} INFO - Sync 1 DAGs
[2025-07-16T17:50:28.989+0000] {logging_mixin.py:188} INFO - [2025-07-16T17:50:28.988+0000] {dag.py:3954} INFO - Setting next_dagrun for example_sensor_decorator to None, run_after=None
[2025-07-16T17:50:29.034+0000] {processor.py:183} INFO - Processing /mnt/c/Users/Shivam Gupta/OneDrive/Documents/Shivam_Developement/data_engineering/data_engineering_project/batch-etl-pyspark/.venv/lib/python3.12/site-packages/airflow/example_dags/example_sensor_decorator.py took 0.096 seconds
[2025-07-16T17:51:48.431+0000] {processor.py:161} INFO - Started process (PID=6020) to work on /mnt/c/Users/Shivam Gupta/OneDrive/Documents/Shivam_Developement/data_engineering/data_engineering_project/batch-etl-pyspark/.venv/lib/python3.12/site-packages/airflow/example_dags/example_sensor_decorator.py
[2025-07-16T17:51:48.432+0000] {processor.py:830} INFO - Processing file /mnt/c/Users/Shivam Gupta/OneDrive/Documents/Shivam_Developement/data_engineering/data_engineering_project/batch-etl-pyspark/.venv/lib/python3.12/site-packages/airflow/example_dags/example_sensor_decorator.py for tasks to queue
[2025-07-16T17:51:48.434+0000] {logging_mixin.py:188} INFO - [2025-07-16T17:51:48.434+0000] {dagbag.py:545} INFO - Filling up the DagBag from /mnt/c/Users/Shivam Gupta/OneDrive/Documents/Shivam_Developement/data_engineering/data_engineering_project/batch-etl-pyspark/.venv/lib/python3.12/site-packages/airflow/example_dags/example_sensor_decorator.py
[2025-07-16T17:51:48.449+0000] {processor.py:840} INFO - DAG(s) 'example_sensor_decorator' retrieved from /mnt/c/Users/Shivam Gupta/OneDrive/Documents/Shivam_Developement/data_engineering/data_engineering_project/batch-etl-pyspark/.venv/lib/python3.12/site-packages/airflow/example_dags/example_sensor_decorator.py
[2025-07-16T17:51:48.469+0000] {logging_mixin.py:188} INFO - [2025-07-16T17:51:48.469+0000] {dag.py:3096} INFO - Sync 1 DAGs
[2025-07-16T17:51:48.480+0000] {logging_mixin.py:188} INFO - [2025-07-16T17:51:48.479+0000] {dag.py:3954} INFO - Setting next_dagrun for example_sensor_decorator to None, run_after=None
[2025-07-16T17:51:48.536+0000] {processor.py:183} INFO - Processing /mnt/c/Users/Shivam Gupta/OneDrive/Documents/Shivam_Developement/data_engineering/data_engineering_project/batch-etl-pyspark/.venv/lib/python3.12/site-packages/airflow/example_dags/example_sensor_decorator.py took 0.116 seconds
[2025-07-16T17:53:05.251+0000] {processor.py:161} INFO - Started process (PID=6091) to work on /mnt/c/Users/Shivam Gupta/OneDrive/Documents/Shivam_Developement/data_engineering/data_engineering_project/batch-etl-pyspark/.venv/lib/python3.12/site-packages/airflow/example_dags/example_sensor_decorator.py
[2025-07-16T17:53:05.254+0000] {processor.py:830} INFO - Processing file /mnt/c/Users/Shivam Gupta/OneDrive/Documents/Shivam_Developement/data_engineering/data_engineering_project/batch-etl-pyspark/.venv/lib/python3.12/site-packages/airflow/example_dags/example_sensor_decorator.py for tasks to queue
[2025-07-16T17:53:05.257+0000] {logging_mixin.py:188} INFO - [2025-07-16T17:53:05.256+0000] {dagbag.py:545} INFO - Filling up the DagBag from /mnt/c/Users/Shivam Gupta/OneDrive/Documents/Shivam_Developement/data_engineering/data_engineering_project/batch-etl-pyspark/.venv/lib/python3.12/site-packages/airflow/example_dags/example_sensor_decorator.py
[2025-07-16T17:53:05.282+0000] {processor.py:840} INFO - DAG(s) 'example_sensor_decorator' retrieved from /mnt/c/Users/Shivam Gupta/OneDrive/Documents/Shivam_Developement/data_engineering/data_engineering_project/batch-etl-pyspark/.venv/lib/python3.12/site-packages/airflow/example_dags/example_sensor_decorator.py
[2025-07-16T17:53:05.313+0000] {logging_mixin.py:188} INFO - [2025-07-16T17:53:05.312+0000] {dag.py:3096} INFO - Sync 1 DAGs
[2025-07-16T17:53:05.330+0000] {logging_mixin.py:188} INFO - [2025-07-16T17:53:05.328+0000] {dag.py:3954} INFO - Setting next_dagrun for example_sensor_decorator to None, run_after=None
[2025-07-16T17:53:05.396+0000] {processor.py:183} INFO - Processing /mnt/c/Users/Shivam Gupta/OneDrive/Documents/Shivam_Developement/data_engineering/data_engineering_project/batch-etl-pyspark/.venv/lib/python3.12/site-packages/airflow/example_dags/example_sensor_decorator.py took 0.157 seconds
[2025-07-16T17:54:39.381+0000] {processor.py:161} INFO - Started process (PID=6180) to work on /mnt/c/Users/Shivam Gupta/OneDrive/Documents/Shivam_Developement/data_engineering/data_engineering_project/batch-etl-pyspark/.venv/lib/python3.12/site-packages/airflow/example_dags/example_sensor_decorator.py
[2025-07-16T17:54:39.383+0000] {processor.py:830} INFO - Processing file /mnt/c/Users/Shivam Gupta/OneDrive/Documents/Shivam_Developement/data_engineering/data_engineering_project/batch-etl-pyspark/.venv/lib/python3.12/site-packages/airflow/example_dags/example_sensor_decorator.py for tasks to queue
[2025-07-16T17:54:39.387+0000] {logging_mixin.py:188} INFO - [2025-07-16T17:54:39.385+0000] {dagbag.py:545} INFO - Filling up the DagBag from /mnt/c/Users/Shivam Gupta/OneDrive/Documents/Shivam_Developement/data_engineering/data_engineering_project/batch-etl-pyspark/.venv/lib/python3.12/site-packages/airflow/example_dags/example_sensor_decorator.py
[2025-07-16T17:54:39.415+0000] {processor.py:840} INFO - DAG(s) 'example_sensor_decorator' retrieved from /mnt/c/Users/Shivam Gupta/OneDrive/Documents/Shivam_Developement/data_engineering/data_engineering_project/batch-etl-pyspark/.venv/lib/python3.12/site-packages/airflow/example_dags/example_sensor_decorator.py
[2025-07-16T17:54:39.450+0000] {logging_mixin.py:188} INFO - [2025-07-16T17:54:39.449+0000] {dag.py:3096} INFO - Sync 1 DAGs
[2025-07-16T17:54:39.464+0000] {logging_mixin.py:188} INFO - [2025-07-16T17:54:39.463+0000] {dag.py:3954} INFO - Setting next_dagrun for example_sensor_decorator to None, run_after=None
[2025-07-16T17:54:39.551+0000] {processor.py:183} INFO - Processing /mnt/c/Users/Shivam Gupta/OneDrive/Documents/Shivam_Developement/data_engineering/data_engineering_project/batch-etl-pyspark/.venv/lib/python3.12/site-packages/airflow/example_dags/example_sensor_decorator.py took 0.185 seconds
[2025-07-16T17:56:06.494+0000] {processor.py:161} INFO - Started process (PID=6268) to work on /mnt/c/Users/Shivam Gupta/OneDrive/Documents/Shivam_Developement/data_engineering/data_engineering_project/batch-etl-pyspark/.venv/lib/python3.12/site-packages/airflow/example_dags/example_sensor_decorator.py
[2025-07-16T17:56:06.498+0000] {processor.py:830} INFO - Processing file /mnt/c/Users/Shivam Gupta/OneDrive/Documents/Shivam_Developement/data_engineering/data_engineering_project/batch-etl-pyspark/.venv/lib/python3.12/site-packages/airflow/example_dags/example_sensor_decorator.py for tasks to queue
[2025-07-16T17:56:06.505+0000] {logging_mixin.py:188} INFO - [2025-07-16T17:56:06.502+0000] {dagbag.py:545} INFO - Filling up the DagBag from /mnt/c/Users/Shivam Gupta/OneDrive/Documents/Shivam_Developement/data_engineering/data_engineering_project/batch-etl-pyspark/.venv/lib/python3.12/site-packages/airflow/example_dags/example_sensor_decorator.py
[2025-07-16T17:56:06.559+0000] {processor.py:840} INFO - DAG(s) 'example_sensor_decorator' retrieved from /mnt/c/Users/Shivam Gupta/OneDrive/Documents/Shivam_Developement/data_engineering/data_engineering_project/batch-etl-pyspark/.venv/lib/python3.12/site-packages/airflow/example_dags/example_sensor_decorator.py
[2025-07-16T17:56:06.607+0000] {logging_mixin.py:188} INFO - [2025-07-16T17:56:06.605+0000] {dag.py:3096} INFO - Sync 1 DAGs
[2025-07-16T17:56:06.631+0000] {logging_mixin.py:188} INFO - [2025-07-16T17:56:06.629+0000] {dag.py:3954} INFO - Setting next_dagrun for example_sensor_decorator to None, run_after=None
[2025-07-16T17:56:06.764+0000] {processor.py:183} INFO - Processing /mnt/c/Users/Shivam Gupta/OneDrive/Documents/Shivam_Developement/data_engineering/data_engineering_project/batch-etl-pyspark/.venv/lib/python3.12/site-packages/airflow/example_dags/example_sensor_decorator.py took 0.296 seconds
[2025-07-16T18:02:35.792+0000] {processor.py:161} INFO - Started process (PID=6740) to work on /mnt/c/Users/Shivam Gupta/OneDrive/Documents/Shivam_Developement/data_engineering/data_engineering_project/batch-etl-pyspark/.venv/lib/python3.12/site-packages/airflow/example_dags/example_sensor_decorator.py
[2025-07-16T18:02:35.794+0000] {processor.py:830} INFO - Processing file /mnt/c/Users/Shivam Gupta/OneDrive/Documents/Shivam_Developement/data_engineering/data_engineering_project/batch-etl-pyspark/.venv/lib/python3.12/site-packages/airflow/example_dags/example_sensor_decorator.py for tasks to queue
[2025-07-16T18:02:35.797+0000] {logging_mixin.py:188} INFO - [2025-07-16T18:02:35.795+0000] {dagbag.py:545} INFO - Filling up the DagBag from /mnt/c/Users/Shivam Gupta/OneDrive/Documents/Shivam_Developement/data_engineering/data_engineering_project/batch-etl-pyspark/.venv/lib/python3.12/site-packages/airflow/example_dags/example_sensor_decorator.py
[2025-07-16T18:02:35.822+0000] {processor.py:840} INFO - DAG(s) 'example_sensor_decorator' retrieved from /mnt/c/Users/Shivam Gupta/OneDrive/Documents/Shivam_Developement/data_engineering/data_engineering_project/batch-etl-pyspark/.venv/lib/python3.12/site-packages/airflow/example_dags/example_sensor_decorator.py
[2025-07-16T18:02:35.854+0000] {logging_mixin.py:188} INFO - [2025-07-16T18:02:35.853+0000] {dag.py:3096} INFO - Sync 1 DAGs
[2025-07-16T18:02:35.866+0000] {logging_mixin.py:188} INFO - [2025-07-16T18:02:35.865+0000] {dag.py:3954} INFO - Setting next_dagrun for example_sensor_decorator to None, run_after=None
[2025-07-16T18:02:35.941+0000] {processor.py:183} INFO - Processing /mnt/c/Users/Shivam Gupta/OneDrive/Documents/Shivam_Developement/data_engineering/data_engineering_project/batch-etl-pyspark/.venv/lib/python3.12/site-packages/airflow/example_dags/example_sensor_decorator.py took 0.158 seconds
[2025-07-16T18:03:57.590+0000] {processor.py:161} INFO - Started process (PID=6807) to work on /mnt/c/Users/Shivam Gupta/OneDrive/Documents/Shivam_Developement/data_engineering/data_engineering_project/batch-etl-pyspark/.venv/lib/python3.12/site-packages/airflow/example_dags/example_sensor_decorator.py
[2025-07-16T18:03:57.595+0000] {processor.py:830} INFO - Processing file /mnt/c/Users/Shivam Gupta/OneDrive/Documents/Shivam_Developement/data_engineering/data_engineering_project/batch-etl-pyspark/.venv/lib/python3.12/site-packages/airflow/example_dags/example_sensor_decorator.py for tasks to queue
[2025-07-16T18:03:57.599+0000] {logging_mixin.py:188} INFO - [2025-07-16T18:03:57.597+0000] {dagbag.py:545} INFO - Filling up the DagBag from /mnt/c/Users/Shivam Gupta/OneDrive/Documents/Shivam_Developement/data_engineering/data_engineering_project/batch-etl-pyspark/.venv/lib/python3.12/site-packages/airflow/example_dags/example_sensor_decorator.py
[2025-07-16T18:03:57.644+0000] {processor.py:840} INFO - DAG(s) 'example_sensor_decorator' retrieved from /mnt/c/Users/Shivam Gupta/OneDrive/Documents/Shivam_Developement/data_engineering/data_engineering_project/batch-etl-pyspark/.venv/lib/python3.12/site-packages/airflow/example_dags/example_sensor_decorator.py
[2025-07-16T18:03:57.690+0000] {logging_mixin.py:188} INFO - [2025-07-16T18:03:57.689+0000] {dag.py:3096} INFO - Sync 1 DAGs
[2025-07-16T18:03:57.705+0000] {logging_mixin.py:188} INFO - [2025-07-16T18:03:57.704+0000] {dag.py:3954} INFO - Setting next_dagrun for example_sensor_decorator to None, run_after=None
[2025-07-16T18:03:57.793+0000] {processor.py:183} INFO - Processing /mnt/c/Users/Shivam Gupta/OneDrive/Documents/Shivam_Developement/data_engineering/data_engineering_project/batch-etl-pyspark/.venv/lib/python3.12/site-packages/airflow/example_dags/example_sensor_decorator.py took 0.221 seconds
[2025-07-16T18:38:27.541+0000] {processor.py:161} INFO - Started process (PID=8687) to work on /mnt/c/Users/Shivam Gupta/OneDrive/Documents/Shivam_Developement/data_engineering/data_engineering_project/batch-etl-pyspark/.venv/lib/python3.12/site-packages/airflow/example_dags/example_sensor_decorator.py
[2025-07-16T18:38:27.543+0000] {processor.py:830} INFO - Processing file /mnt/c/Users/Shivam Gupta/OneDrive/Documents/Shivam_Developement/data_engineering/data_engineering_project/batch-etl-pyspark/.venv/lib/python3.12/site-packages/airflow/example_dags/example_sensor_decorator.py for tasks to queue
[2025-07-16T18:38:27.545+0000] {logging_mixin.py:188} INFO - [2025-07-16T18:38:27.544+0000] {dagbag.py:545} INFO - Filling up the DagBag from /mnt/c/Users/Shivam Gupta/OneDrive/Documents/Shivam_Developement/data_engineering/data_engineering_project/batch-etl-pyspark/.venv/lib/python3.12/site-packages/airflow/example_dags/example_sensor_decorator.py
[2025-07-16T18:38:27.558+0000] {processor.py:840} INFO - DAG(s) 'example_sensor_decorator' retrieved from /mnt/c/Users/Shivam Gupta/OneDrive/Documents/Shivam_Developement/data_engineering/data_engineering_project/batch-etl-pyspark/.venv/lib/python3.12/site-packages/airflow/example_dags/example_sensor_decorator.py
[2025-07-16T18:38:27.583+0000] {logging_mixin.py:188} INFO - [2025-07-16T18:38:27.581+0000] {dag.py:3096} INFO - Sync 1 DAGs
[2025-07-16T18:38:27.593+0000] {logging_mixin.py:188} INFO - [2025-07-16T18:38:27.592+0000] {dag.py:3954} INFO - Setting next_dagrun for example_sensor_decorator to None, run_after=None
[2025-07-16T18:38:27.631+0000] {processor.py:183} INFO - Processing /mnt/c/Users/Shivam Gupta/OneDrive/Documents/Shivam_Developement/data_engineering/data_engineering_project/batch-etl-pyspark/.venv/lib/python3.12/site-packages/airflow/example_dags/example_sensor_decorator.py took 0.097 seconds
[2025-07-16T18:52:34.517+0000] {processor.py:161} INFO - Started process (PID=9387) to work on /mnt/c/Users/Shivam Gupta/OneDrive/Documents/Shivam_Developement/data_engineering/data_engineering_project/batch-etl-pyspark/.venv/lib/python3.12/site-packages/airflow/example_dags/example_sensor_decorator.py
[2025-07-16T18:52:34.521+0000] {processor.py:830} INFO - Processing file /mnt/c/Users/Shivam Gupta/OneDrive/Documents/Shivam_Developement/data_engineering/data_engineering_project/batch-etl-pyspark/.venv/lib/python3.12/site-packages/airflow/example_dags/example_sensor_decorator.py for tasks to queue
[2025-07-16T18:52:34.527+0000] {logging_mixin.py:188} INFO - [2025-07-16T18:52:34.524+0000] {dagbag.py:545} INFO - Filling up the DagBag from /mnt/c/Users/Shivam Gupta/OneDrive/Documents/Shivam_Developement/data_engineering/data_engineering_project/batch-etl-pyspark/.venv/lib/python3.12/site-packages/airflow/example_dags/example_sensor_decorator.py
[2025-07-16T18:52:34.556+0000] {processor.py:840} INFO - DAG(s) 'example_sensor_decorator' retrieved from /mnt/c/Users/Shivam Gupta/OneDrive/Documents/Shivam_Developement/data_engineering/data_engineering_project/batch-etl-pyspark/.venv/lib/python3.12/site-packages/airflow/example_dags/example_sensor_decorator.py
[2025-07-16T18:52:34.592+0000] {logging_mixin.py:188} INFO - [2025-07-16T18:52:34.591+0000] {dag.py:3096} INFO - Sync 1 DAGs
[2025-07-16T18:52:34.605+0000] {logging_mixin.py:188} INFO - [2025-07-16T18:52:34.604+0000] {dag.py:3954} INFO - Setting next_dagrun for example_sensor_decorator to None, run_after=None
[2025-07-16T18:52:34.652+0000] {processor.py:183} INFO - Processing /mnt/c/Users/Shivam Gupta/OneDrive/Documents/Shivam_Developement/data_engineering/data_engineering_project/batch-etl-pyspark/.venv/lib/python3.12/site-packages/airflow/example_dags/example_sensor_decorator.py took 0.159 seconds
[2025-07-16T18:53:47.204+0000] {processor.py:161} INFO - Started process (PID=9454) to work on /mnt/c/Users/Shivam Gupta/OneDrive/Documents/Shivam_Developement/data_engineering/data_engineering_project/batch-etl-pyspark/.venv/lib/python3.12/site-packages/airflow/example_dags/example_sensor_decorator.py
[2025-07-16T18:53:47.205+0000] {processor.py:830} INFO - Processing file /mnt/c/Users/Shivam Gupta/OneDrive/Documents/Shivam_Developement/data_engineering/data_engineering_project/batch-etl-pyspark/.venv/lib/python3.12/site-packages/airflow/example_dags/example_sensor_decorator.py for tasks to queue
[2025-07-16T18:53:47.207+0000] {logging_mixin.py:188} INFO - [2025-07-16T18:53:47.207+0000] {dagbag.py:545} INFO - Filling up the DagBag from /mnt/c/Users/Shivam Gupta/OneDrive/Documents/Shivam_Developement/data_engineering/data_engineering_project/batch-etl-pyspark/.venv/lib/python3.12/site-packages/airflow/example_dags/example_sensor_decorator.py
[2025-07-16T18:53:47.220+0000] {processor.py:840} INFO - DAG(s) 'example_sensor_decorator' retrieved from /mnt/c/Users/Shivam Gupta/OneDrive/Documents/Shivam_Developement/data_engineering/data_engineering_project/batch-etl-pyspark/.venv/lib/python3.12/site-packages/airflow/example_dags/example_sensor_decorator.py
[2025-07-16T18:53:47.237+0000] {logging_mixin.py:188} INFO - [2025-07-16T18:53:47.237+0000] {dag.py:3096} INFO - Sync 1 DAGs
[2025-07-16T18:53:47.246+0000] {logging_mixin.py:188} INFO - [2025-07-16T18:53:47.245+0000] {dag.py:3954} INFO - Setting next_dagrun for example_sensor_decorator to None, run_after=None
[2025-07-16T18:53:47.340+0000] {processor.py:183} INFO - Processing /mnt/c/Users/Shivam Gupta/OneDrive/Documents/Shivam_Developement/data_engineering/data_engineering_project/batch-etl-pyspark/.venv/lib/python3.12/site-packages/airflow/example_dags/example_sensor_decorator.py took 0.145 seconds
[2025-07-16T18:55:11.600+0000] {processor.py:161} INFO - Started process (PID=9656) to work on /mnt/c/Users/Shivam Gupta/OneDrive/Documents/Shivam_Developement/data_engineering/data_engineering_project/batch-etl-pyspark/.venv/lib/python3.12/site-packages/airflow/example_dags/example_sensor_decorator.py
[2025-07-16T18:55:11.601+0000] {processor.py:830} INFO - Processing file /mnt/c/Users/Shivam Gupta/OneDrive/Documents/Shivam_Developement/data_engineering/data_engineering_project/batch-etl-pyspark/.venv/lib/python3.12/site-packages/airflow/example_dags/example_sensor_decorator.py for tasks to queue
[2025-07-16T18:55:11.604+0000] {logging_mixin.py:188} INFO - [2025-07-16T18:55:11.603+0000] {dagbag.py:545} INFO - Filling up the DagBag from /mnt/c/Users/Shivam Gupta/OneDrive/Documents/Shivam_Developement/data_engineering/data_engineering_project/batch-etl-pyspark/.venv/lib/python3.12/site-packages/airflow/example_dags/example_sensor_decorator.py
[2025-07-16T18:55:11.626+0000] {processor.py:840} INFO - DAG(s) 'example_sensor_decorator' retrieved from /mnt/c/Users/Shivam Gupta/OneDrive/Documents/Shivam_Developement/data_engineering/data_engineering_project/batch-etl-pyspark/.venv/lib/python3.12/site-packages/airflow/example_dags/example_sensor_decorator.py
[2025-07-16T18:55:11.649+0000] {logging_mixin.py:188} INFO - [2025-07-16T18:55:11.648+0000] {dag.py:3096} INFO - Sync 1 DAGs
[2025-07-16T18:55:11.662+0000] {logging_mixin.py:188} INFO - [2025-07-16T18:55:11.661+0000] {dag.py:3954} INFO - Setting next_dagrun for example_sensor_decorator to None, run_after=None
[2025-07-16T18:55:11.732+0000] {processor.py:183} INFO - Processing /mnt/c/Users/Shivam Gupta/OneDrive/Documents/Shivam_Developement/data_engineering/data_engineering_project/batch-etl-pyspark/.venv/lib/python3.12/site-packages/airflow/example_dags/example_sensor_decorator.py took 0.141 seconds
[2025-07-16T18:56:25.634+0000] {processor.py:161} INFO - Started process (PID=9853) to work on /mnt/c/Users/Shivam Gupta/OneDrive/Documents/Shivam_Developement/data_engineering/data_engineering_project/batch-etl-pyspark/.venv/lib/python3.12/site-packages/airflow/example_dags/example_sensor_decorator.py
[2025-07-16T18:56:25.635+0000] {processor.py:830} INFO - Processing file /mnt/c/Users/Shivam Gupta/OneDrive/Documents/Shivam_Developement/data_engineering/data_engineering_project/batch-etl-pyspark/.venv/lib/python3.12/site-packages/airflow/example_dags/example_sensor_decorator.py for tasks to queue
[2025-07-16T18:56:25.637+0000] {logging_mixin.py:188} INFO - [2025-07-16T18:56:25.636+0000] {dagbag.py:545} INFO - Filling up the DagBag from /mnt/c/Users/Shivam Gupta/OneDrive/Documents/Shivam_Developement/data_engineering/data_engineering_project/batch-etl-pyspark/.venv/lib/python3.12/site-packages/airflow/example_dags/example_sensor_decorator.py
[2025-07-16T18:56:25.651+0000] {processor.py:840} INFO - DAG(s) 'example_sensor_decorator' retrieved from /mnt/c/Users/Shivam Gupta/OneDrive/Documents/Shivam_Developement/data_engineering/data_engineering_project/batch-etl-pyspark/.venv/lib/python3.12/site-packages/airflow/example_dags/example_sensor_decorator.py
[2025-07-16T18:56:25.672+0000] {logging_mixin.py:188} INFO - [2025-07-16T18:56:25.671+0000] {dag.py:3096} INFO - Sync 1 DAGs
[2025-07-16T18:56:25.684+0000] {logging_mixin.py:188} INFO - [2025-07-16T18:56:25.684+0000] {dag.py:3954} INFO - Setting next_dagrun for example_sensor_decorator to None, run_after=None
[2025-07-16T18:56:25.732+0000] {processor.py:183} INFO - Processing /mnt/c/Users/Shivam Gupta/OneDrive/Documents/Shivam_Developement/data_engineering/data_engineering_project/batch-etl-pyspark/.venv/lib/python3.12/site-packages/airflow/example_dags/example_sensor_decorator.py took 0.107 seconds
[2025-07-16T18:57:43.195+0000] {processor.py:161} INFO - Started process (PID=9994) to work on /mnt/c/Users/Shivam Gupta/OneDrive/Documents/Shivam_Developement/data_engineering/data_engineering_project/batch-etl-pyspark/.venv/lib/python3.12/site-packages/airflow/example_dags/example_sensor_decorator.py
[2025-07-16T18:57:43.205+0000] {processor.py:830} INFO - Processing file /mnt/c/Users/Shivam Gupta/OneDrive/Documents/Shivam_Developement/data_engineering/data_engineering_project/batch-etl-pyspark/.venv/lib/python3.12/site-packages/airflow/example_dags/example_sensor_decorator.py for tasks to queue
[2025-07-16T18:57:43.208+0000] {logging_mixin.py:188} INFO - [2025-07-16T18:57:43.207+0000] {dagbag.py:545} INFO - Filling up the DagBag from /mnt/c/Users/Shivam Gupta/OneDrive/Documents/Shivam_Developement/data_engineering/data_engineering_project/batch-etl-pyspark/.venv/lib/python3.12/site-packages/airflow/example_dags/example_sensor_decorator.py
[2025-07-16T18:57:43.249+0000] {processor.py:840} INFO - DAG(s) 'example_sensor_decorator' retrieved from /mnt/c/Users/Shivam Gupta/OneDrive/Documents/Shivam_Developement/data_engineering/data_engineering_project/batch-etl-pyspark/.venv/lib/python3.12/site-packages/airflow/example_dags/example_sensor_decorator.py
[2025-07-16T18:57:43.281+0000] {logging_mixin.py:188} INFO - [2025-07-16T18:57:43.280+0000] {dag.py:3096} INFO - Sync 1 DAGs
[2025-07-16T18:57:43.294+0000] {logging_mixin.py:188} INFO - [2025-07-16T18:57:43.293+0000] {dag.py:3954} INFO - Setting next_dagrun for example_sensor_decorator to None, run_after=None
[2025-07-16T18:57:43.370+0000] {processor.py:183} INFO - Processing /mnt/c/Users/Shivam Gupta/OneDrive/Documents/Shivam_Developement/data_engineering/data_engineering_project/batch-etl-pyspark/.venv/lib/python3.12/site-packages/airflow/example_dags/example_sensor_decorator.py took 0.185 seconds
[2025-07-16T18:59:05.515+0000] {processor.py:161} INFO - Started process (PID=10136) to work on /mnt/c/Users/Shivam Gupta/OneDrive/Documents/Shivam_Developement/data_engineering/data_engineering_project/batch-etl-pyspark/.venv/lib/python3.12/site-packages/airflow/example_dags/example_sensor_decorator.py
[2025-07-16T18:59:05.517+0000] {processor.py:830} INFO - Processing file /mnt/c/Users/Shivam Gupta/OneDrive/Documents/Shivam_Developement/data_engineering/data_engineering_project/batch-etl-pyspark/.venv/lib/python3.12/site-packages/airflow/example_dags/example_sensor_decorator.py for tasks to queue
[2025-07-16T18:59:05.521+0000] {logging_mixin.py:188} INFO - [2025-07-16T18:59:05.520+0000] {dagbag.py:545} INFO - Filling up the DagBag from /mnt/c/Users/Shivam Gupta/OneDrive/Documents/Shivam_Developement/data_engineering/data_engineering_project/batch-etl-pyspark/.venv/lib/python3.12/site-packages/airflow/example_dags/example_sensor_decorator.py
[2025-07-16T18:59:05.547+0000] {processor.py:840} INFO - DAG(s) 'example_sensor_decorator' retrieved from /mnt/c/Users/Shivam Gupta/OneDrive/Documents/Shivam_Developement/data_engineering/data_engineering_project/batch-etl-pyspark/.venv/lib/python3.12/site-packages/airflow/example_dags/example_sensor_decorator.py
[2025-07-16T18:59:05.575+0000] {logging_mixin.py:188} INFO - [2025-07-16T18:59:05.574+0000] {dag.py:3096} INFO - Sync 1 DAGs
[2025-07-16T18:59:05.589+0000] {logging_mixin.py:188} INFO - [2025-07-16T18:59:05.588+0000] {dag.py:3954} INFO - Setting next_dagrun for example_sensor_decorator to None, run_after=None
[2025-07-16T18:59:05.673+0000] {processor.py:183} INFO - Processing /mnt/c/Users/Shivam Gupta/OneDrive/Documents/Shivam_Developement/data_engineering/data_engineering_project/batch-etl-pyspark/.venv/lib/python3.12/site-packages/airflow/example_dags/example_sensor_decorator.py took 0.170 seconds
[2025-07-16T19:00:35.732+0000] {processor.py:161} INFO - Started process (PID=10339) to work on /mnt/c/Users/Shivam Gupta/OneDrive/Documents/Shivam_Developement/data_engineering/data_engineering_project/batch-etl-pyspark/.venv/lib/python3.12/site-packages/airflow/example_dags/example_sensor_decorator.py
[2025-07-16T19:00:35.735+0000] {processor.py:830} INFO - Processing file /mnt/c/Users/Shivam Gupta/OneDrive/Documents/Shivam_Developement/data_engineering/data_engineering_project/batch-etl-pyspark/.venv/lib/python3.12/site-packages/airflow/example_dags/example_sensor_decorator.py for tasks to queue
[2025-07-16T19:00:35.739+0000] {logging_mixin.py:188} INFO - [2025-07-16T19:00:35.738+0000] {dagbag.py:545} INFO - Filling up the DagBag from /mnt/c/Users/Shivam Gupta/OneDrive/Documents/Shivam_Developement/data_engineering/data_engineering_project/batch-etl-pyspark/.venv/lib/python3.12/site-packages/airflow/example_dags/example_sensor_decorator.py
[2025-07-16T19:00:35.766+0000] {processor.py:840} INFO - DAG(s) 'example_sensor_decorator' retrieved from /mnt/c/Users/Shivam Gupta/OneDrive/Documents/Shivam_Developement/data_engineering/data_engineering_project/batch-etl-pyspark/.venv/lib/python3.12/site-packages/airflow/example_dags/example_sensor_decorator.py
[2025-07-16T19:00:35.795+0000] {logging_mixin.py:188} INFO - [2025-07-16T19:00:35.794+0000] {dag.py:3096} INFO - Sync 1 DAGs
[2025-07-16T19:00:35.807+0000] {logging_mixin.py:188} INFO - [2025-07-16T19:00:35.807+0000] {dag.py:3954} INFO - Setting next_dagrun for example_sensor_decorator to None, run_after=None
[2025-07-16T19:00:35.863+0000] {processor.py:183} INFO - Processing /mnt/c/Users/Shivam Gupta/OneDrive/Documents/Shivam_Developement/data_engineering/data_engineering_project/batch-etl-pyspark/.venv/lib/python3.12/site-packages/airflow/example_dags/example_sensor_decorator.py took 0.142 seconds
[2025-07-16T19:02:07.484+0000] {processor.py:161} INFO - Started process (PID=10551) to work on /mnt/c/Users/Shivam Gupta/OneDrive/Documents/Shivam_Developement/data_engineering/data_engineering_project/batch-etl-pyspark/.venv/lib/python3.12/site-packages/airflow/example_dags/example_sensor_decorator.py
[2025-07-16T19:02:07.489+0000] {processor.py:830} INFO - Processing file /mnt/c/Users/Shivam Gupta/OneDrive/Documents/Shivam_Developement/data_engineering/data_engineering_project/batch-etl-pyspark/.venv/lib/python3.12/site-packages/airflow/example_dags/example_sensor_decorator.py for tasks to queue
[2025-07-16T19:02:07.494+0000] {logging_mixin.py:188} INFO - [2025-07-16T19:02:07.492+0000] {dagbag.py:545} INFO - Filling up the DagBag from /mnt/c/Users/Shivam Gupta/OneDrive/Documents/Shivam_Developement/data_engineering/data_engineering_project/batch-etl-pyspark/.venv/lib/python3.12/site-packages/airflow/example_dags/example_sensor_decorator.py
[2025-07-16T19:02:07.531+0000] {processor.py:840} INFO - DAG(s) 'example_sensor_decorator' retrieved from /mnt/c/Users/Shivam Gupta/OneDrive/Documents/Shivam_Developement/data_engineering/data_engineering_project/batch-etl-pyspark/.venv/lib/python3.12/site-packages/airflow/example_dags/example_sensor_decorator.py
[2025-07-16T19:02:07.574+0000] {logging_mixin.py:188} INFO - [2025-07-16T19:02:07.572+0000] {dag.py:3096} INFO - Sync 1 DAGs
[2025-07-16T19:02:07.592+0000] {logging_mixin.py:188} INFO - [2025-07-16T19:02:07.591+0000] {dag.py:3954} INFO - Setting next_dagrun for example_sensor_decorator to None, run_after=None
[2025-07-16T19:02:07.679+0000] {processor.py:183} INFO - Processing /mnt/c/Users/Shivam Gupta/OneDrive/Documents/Shivam_Developement/data_engineering/data_engineering_project/batch-etl-pyspark/.venv/lib/python3.12/site-packages/airflow/example_dags/example_sensor_decorator.py took 0.213 seconds
[2025-07-16T19:03:38.616+0000] {processor.py:161} INFO - Started process (PID=10717) to work on /mnt/c/Users/Shivam Gupta/OneDrive/Documents/Shivam_Developement/data_engineering/data_engineering_project/batch-etl-pyspark/.venv/lib/python3.12/site-packages/airflow/example_dags/example_sensor_decorator.py
[2025-07-16T19:03:38.618+0000] {processor.py:830} INFO - Processing file /mnt/c/Users/Shivam Gupta/OneDrive/Documents/Shivam_Developement/data_engineering/data_engineering_project/batch-etl-pyspark/.venv/lib/python3.12/site-packages/airflow/example_dags/example_sensor_decorator.py for tasks to queue
[2025-07-16T19:03:38.622+0000] {logging_mixin.py:188} INFO - [2025-07-16T19:03:38.621+0000] {dagbag.py:545} INFO - Filling up the DagBag from /mnt/c/Users/Shivam Gupta/OneDrive/Documents/Shivam_Developement/data_engineering/data_engineering_project/batch-etl-pyspark/.venv/lib/python3.12/site-packages/airflow/example_dags/example_sensor_decorator.py
[2025-07-16T19:03:38.653+0000] {processor.py:840} INFO - DAG(s) 'example_sensor_decorator' retrieved from /mnt/c/Users/Shivam Gupta/OneDrive/Documents/Shivam_Developement/data_engineering/data_engineering_project/batch-etl-pyspark/.venv/lib/python3.12/site-packages/airflow/example_dags/example_sensor_decorator.py
[2025-07-16T19:03:38.685+0000] {logging_mixin.py:188} INFO - [2025-07-16T19:03:38.684+0000] {dag.py:3096} INFO - Sync 1 DAGs
[2025-07-16T19:03:38.701+0000] {logging_mixin.py:188} INFO - [2025-07-16T19:03:38.700+0000] {dag.py:3954} INFO - Setting next_dagrun for example_sensor_decorator to None, run_after=None
[2025-07-16T19:03:38.785+0000] {processor.py:183} INFO - Processing /mnt/c/Users/Shivam Gupta/OneDrive/Documents/Shivam_Developement/data_engineering/data_engineering_project/batch-etl-pyspark/.venv/lib/python3.12/site-packages/airflow/example_dags/example_sensor_decorator.py took 0.184 seconds
[2025-07-16T19:05:05.266+0000] {processor.py:161} INFO - Started process (PID=10857) to work on /mnt/c/Users/Shivam Gupta/OneDrive/Documents/Shivam_Developement/data_engineering/data_engineering_project/batch-etl-pyspark/.venv/lib/python3.12/site-packages/airflow/example_dags/example_sensor_decorator.py
[2025-07-16T19:05:05.268+0000] {processor.py:830} INFO - Processing file /mnt/c/Users/Shivam Gupta/OneDrive/Documents/Shivam_Developement/data_engineering/data_engineering_project/batch-etl-pyspark/.venv/lib/python3.12/site-packages/airflow/example_dags/example_sensor_decorator.py for tasks to queue
[2025-07-16T19:05:05.272+0000] {logging_mixin.py:188} INFO - [2025-07-16T19:05:05.271+0000] {dagbag.py:545} INFO - Filling up the DagBag from /mnt/c/Users/Shivam Gupta/OneDrive/Documents/Shivam_Developement/data_engineering/data_engineering_project/batch-etl-pyspark/.venv/lib/python3.12/site-packages/airflow/example_dags/example_sensor_decorator.py
[2025-07-16T19:05:05.302+0000] {processor.py:840} INFO - DAG(s) 'example_sensor_decorator' retrieved from /mnt/c/Users/Shivam Gupta/OneDrive/Documents/Shivam_Developement/data_engineering/data_engineering_project/batch-etl-pyspark/.venv/lib/python3.12/site-packages/airflow/example_dags/example_sensor_decorator.py
[2025-07-16T19:05:05.327+0000] {logging_mixin.py:188} INFO - [2025-07-16T19:05:05.327+0000] {dag.py:3096} INFO - Sync 1 DAGs
[2025-07-16T19:05:05.340+0000] {logging_mixin.py:188} INFO - [2025-07-16T19:05:05.339+0000] {dag.py:3954} INFO - Setting next_dagrun for example_sensor_decorator to None, run_after=None
[2025-07-16T19:05:05.422+0000] {processor.py:183} INFO - Processing /mnt/c/Users/Shivam Gupta/OneDrive/Documents/Shivam_Developement/data_engineering/data_engineering_project/batch-etl-pyspark/.venv/lib/python3.12/site-packages/airflow/example_dags/example_sensor_decorator.py took 0.169 seconds
[2025-07-16T19:06:29.412+0000] {processor.py:161} INFO - Started process (PID=11030) to work on /mnt/c/Users/Shivam Gupta/OneDrive/Documents/Shivam_Developement/data_engineering/data_engineering_project/batch-etl-pyspark/.venv/lib/python3.12/site-packages/airflow/example_dags/example_sensor_decorator.py
[2025-07-16T19:06:29.414+0000] {processor.py:830} INFO - Processing file /mnt/c/Users/Shivam Gupta/OneDrive/Documents/Shivam_Developement/data_engineering/data_engineering_project/batch-etl-pyspark/.venv/lib/python3.12/site-packages/airflow/example_dags/example_sensor_decorator.py for tasks to queue
[2025-07-16T19:06:29.421+0000] {logging_mixin.py:188} INFO - [2025-07-16T19:06:29.420+0000] {dagbag.py:545} INFO - Filling up the DagBag from /mnt/c/Users/Shivam Gupta/OneDrive/Documents/Shivam_Developement/data_engineering/data_engineering_project/batch-etl-pyspark/.venv/lib/python3.12/site-packages/airflow/example_dags/example_sensor_decorator.py
[2025-07-16T19:06:29.445+0000] {processor.py:840} INFO - DAG(s) 'example_sensor_decorator' retrieved from /mnt/c/Users/Shivam Gupta/OneDrive/Documents/Shivam_Developement/data_engineering/data_engineering_project/batch-etl-pyspark/.venv/lib/python3.12/site-packages/airflow/example_dags/example_sensor_decorator.py
[2025-07-16T19:06:29.478+0000] {logging_mixin.py:188} INFO - [2025-07-16T19:06:29.477+0000] {dag.py:3096} INFO - Sync 1 DAGs
[2025-07-16T19:06:29.497+0000] {logging_mixin.py:188} INFO - [2025-07-16T19:06:29.496+0000] {dag.py:3954} INFO - Setting next_dagrun for example_sensor_decorator to None, run_after=None
[2025-07-16T19:06:29.572+0000] {processor.py:183} INFO - Processing /mnt/c/Users/Shivam Gupta/OneDrive/Documents/Shivam_Developement/data_engineering/data_engineering_project/batch-etl-pyspark/.venv/lib/python3.12/site-packages/airflow/example_dags/example_sensor_decorator.py took 0.178 seconds
[2025-07-16T19:07:59.061+0000] {processor.py:161} INFO - Started process (PID=11204) to work on /mnt/c/Users/Shivam Gupta/OneDrive/Documents/Shivam_Developement/data_engineering/data_engineering_project/batch-etl-pyspark/.venv/lib/python3.12/site-packages/airflow/example_dags/example_sensor_decorator.py
[2025-07-16T19:07:59.063+0000] {processor.py:830} INFO - Processing file /mnt/c/Users/Shivam Gupta/OneDrive/Documents/Shivam_Developement/data_engineering/data_engineering_project/batch-etl-pyspark/.venv/lib/python3.12/site-packages/airflow/example_dags/example_sensor_decorator.py for tasks to queue
[2025-07-16T19:07:59.067+0000] {logging_mixin.py:188} INFO - [2025-07-16T19:07:59.066+0000] {dagbag.py:545} INFO - Filling up the DagBag from /mnt/c/Users/Shivam Gupta/OneDrive/Documents/Shivam_Developement/data_engineering/data_engineering_project/batch-etl-pyspark/.venv/lib/python3.12/site-packages/airflow/example_dags/example_sensor_decorator.py
[2025-07-16T19:07:59.086+0000] {processor.py:840} INFO - DAG(s) 'example_sensor_decorator' retrieved from /mnt/c/Users/Shivam Gupta/OneDrive/Documents/Shivam_Developement/data_engineering/data_engineering_project/batch-etl-pyspark/.venv/lib/python3.12/site-packages/airflow/example_dags/example_sensor_decorator.py
[2025-07-16T19:07:59.113+0000] {logging_mixin.py:188} INFO - [2025-07-16T19:07:59.113+0000] {dag.py:3096} INFO - Sync 1 DAGs
[2025-07-16T19:07:59.127+0000] {logging_mixin.py:188} INFO - [2025-07-16T19:07:59.126+0000] {dag.py:3954} INFO - Setting next_dagrun for example_sensor_decorator to None, run_after=None
[2025-07-16T19:07:59.215+0000] {processor.py:183} INFO - Processing /mnt/c/Users/Shivam Gupta/OneDrive/Documents/Shivam_Developement/data_engineering/data_engineering_project/batch-etl-pyspark/.venv/lib/python3.12/site-packages/airflow/example_dags/example_sensor_decorator.py took 0.164 seconds
[2025-07-16T19:09:32.111+0000] {processor.py:161} INFO - Started process (PID=11342) to work on /mnt/c/Users/Shivam Gupta/OneDrive/Documents/Shivam_Developement/data_engineering/data_engineering_project/batch-etl-pyspark/.venv/lib/python3.12/site-packages/airflow/example_dags/example_sensor_decorator.py
[2025-07-16T19:09:32.113+0000] {processor.py:830} INFO - Processing file /mnt/c/Users/Shivam Gupta/OneDrive/Documents/Shivam_Developement/data_engineering/data_engineering_project/batch-etl-pyspark/.venv/lib/python3.12/site-packages/airflow/example_dags/example_sensor_decorator.py for tasks to queue
[2025-07-16T19:09:32.117+0000] {logging_mixin.py:188} INFO - [2025-07-16T19:09:32.115+0000] {dagbag.py:545} INFO - Filling up the DagBag from /mnt/c/Users/Shivam Gupta/OneDrive/Documents/Shivam_Developement/data_engineering/data_engineering_project/batch-etl-pyspark/.venv/lib/python3.12/site-packages/airflow/example_dags/example_sensor_decorator.py
[2025-07-16T19:09:32.149+0000] {processor.py:840} INFO - DAG(s) 'example_sensor_decorator' retrieved from /mnt/c/Users/Shivam Gupta/OneDrive/Documents/Shivam_Developement/data_engineering/data_engineering_project/batch-etl-pyspark/.venv/lib/python3.12/site-packages/airflow/example_dags/example_sensor_decorator.py
[2025-07-16T19:09:32.182+0000] {logging_mixin.py:188} INFO - [2025-07-16T19:09:32.181+0000] {dag.py:3096} INFO - Sync 1 DAGs
[2025-07-16T19:09:32.198+0000] {logging_mixin.py:188} INFO - [2025-07-16T19:09:32.197+0000] {dag.py:3954} INFO - Setting next_dagrun for example_sensor_decorator to None, run_after=None
[2025-07-16T19:09:32.292+0000] {processor.py:183} INFO - Processing /mnt/c/Users/Shivam Gupta/OneDrive/Documents/Shivam_Developement/data_engineering/data_engineering_project/batch-etl-pyspark/.venv/lib/python3.12/site-packages/airflow/example_dags/example_sensor_decorator.py took 0.197 seconds
[2025-07-16T19:10:59.783+0000] {processor.py:161} INFO - Started process (PID=11506) to work on /mnt/c/Users/Shivam Gupta/OneDrive/Documents/Shivam_Developement/data_engineering/data_engineering_project/batch-etl-pyspark/.venv/lib/python3.12/site-packages/airflow/example_dags/example_sensor_decorator.py
[2025-07-16T19:10:59.785+0000] {processor.py:830} INFO - Processing file /mnt/c/Users/Shivam Gupta/OneDrive/Documents/Shivam_Developement/data_engineering/data_engineering_project/batch-etl-pyspark/.venv/lib/python3.12/site-packages/airflow/example_dags/example_sensor_decorator.py for tasks to queue
[2025-07-16T19:10:59.788+0000] {logging_mixin.py:188} INFO - [2025-07-16T19:10:59.787+0000] {dagbag.py:545} INFO - Filling up the DagBag from /mnt/c/Users/Shivam Gupta/OneDrive/Documents/Shivam_Developement/data_engineering/data_engineering_project/batch-etl-pyspark/.venv/lib/python3.12/site-packages/airflow/example_dags/example_sensor_decorator.py
[2025-07-16T19:10:59.817+0000] {processor.py:840} INFO - DAG(s) 'example_sensor_decorator' retrieved from /mnt/c/Users/Shivam Gupta/OneDrive/Documents/Shivam_Developement/data_engineering/data_engineering_project/batch-etl-pyspark/.venv/lib/python3.12/site-packages/airflow/example_dags/example_sensor_decorator.py
[2025-07-16T19:10:59.850+0000] {logging_mixin.py:188} INFO - [2025-07-16T19:10:59.849+0000] {dag.py:3096} INFO - Sync 1 DAGs
[2025-07-16T19:10:59.863+0000] {logging_mixin.py:188} INFO - [2025-07-16T19:10:59.862+0000] {dag.py:3954} INFO - Setting next_dagrun for example_sensor_decorator to None, run_after=None
[2025-07-16T19:10:59.947+0000] {processor.py:183} INFO - Processing /mnt/c/Users/Shivam Gupta/OneDrive/Documents/Shivam_Developement/data_engineering/data_engineering_project/batch-etl-pyspark/.venv/lib/python3.12/site-packages/airflow/example_dags/example_sensor_decorator.py took 0.177 seconds
[2025-07-16T19:12:32.647+0000] {processor.py:161} INFO - Started process (PID=11708) to work on /mnt/c/Users/Shivam Gupta/OneDrive/Documents/Shivam_Developement/data_engineering/data_engineering_project/batch-etl-pyspark/.venv/lib/python3.12/site-packages/airflow/example_dags/example_sensor_decorator.py
[2025-07-16T19:12:32.650+0000] {processor.py:830} INFO - Processing file /mnt/c/Users/Shivam Gupta/OneDrive/Documents/Shivam_Developement/data_engineering/data_engineering_project/batch-etl-pyspark/.venv/lib/python3.12/site-packages/airflow/example_dags/example_sensor_decorator.py for tasks to queue
[2025-07-16T19:12:32.654+0000] {logging_mixin.py:188} INFO - [2025-07-16T19:12:32.653+0000] {dagbag.py:545} INFO - Filling up the DagBag from /mnt/c/Users/Shivam Gupta/OneDrive/Documents/Shivam_Developement/data_engineering/data_engineering_project/batch-etl-pyspark/.venv/lib/python3.12/site-packages/airflow/example_dags/example_sensor_decorator.py
[2025-07-16T19:12:32.688+0000] {processor.py:840} INFO - DAG(s) 'example_sensor_decorator' retrieved from /mnt/c/Users/Shivam Gupta/OneDrive/Documents/Shivam_Developement/data_engineering/data_engineering_project/batch-etl-pyspark/.venv/lib/python3.12/site-packages/airflow/example_dags/example_sensor_decorator.py
[2025-07-16T19:12:32.727+0000] {logging_mixin.py:188} INFO - [2025-07-16T19:12:32.725+0000] {dag.py:3096} INFO - Sync 1 DAGs
[2025-07-16T19:12:32.744+0000] {logging_mixin.py:188} INFO - [2025-07-16T19:12:32.743+0000] {dag.py:3954} INFO - Setting next_dagrun for example_sensor_decorator to None, run_after=None
[2025-07-16T19:12:32.825+0000] {processor.py:183} INFO - Processing /mnt/c/Users/Shivam Gupta/OneDrive/Documents/Shivam_Developement/data_engineering/data_engineering_project/batch-etl-pyspark/.venv/lib/python3.12/site-packages/airflow/example_dags/example_sensor_decorator.py took 0.196 seconds
[2025-07-16T19:13:56.792+0000] {processor.py:161} INFO - Started process (PID=11870) to work on /mnt/c/Users/Shivam Gupta/OneDrive/Documents/Shivam_Developement/data_engineering/data_engineering_project/batch-etl-pyspark/.venv/lib/python3.12/site-packages/airflow/example_dags/example_sensor_decorator.py
[2025-07-16T19:13:56.794+0000] {processor.py:830} INFO - Processing file /mnt/c/Users/Shivam Gupta/OneDrive/Documents/Shivam_Developement/data_engineering/data_engineering_project/batch-etl-pyspark/.venv/lib/python3.12/site-packages/airflow/example_dags/example_sensor_decorator.py for tasks to queue
[2025-07-16T19:13:56.798+0000] {logging_mixin.py:188} INFO - [2025-07-16T19:13:56.796+0000] {dagbag.py:545} INFO - Filling up the DagBag from /mnt/c/Users/Shivam Gupta/OneDrive/Documents/Shivam_Developement/data_engineering/data_engineering_project/batch-etl-pyspark/.venv/lib/python3.12/site-packages/airflow/example_dags/example_sensor_decorator.py
[2025-07-16T19:13:56.830+0000] {processor.py:840} INFO - DAG(s) 'example_sensor_decorator' retrieved from /mnt/c/Users/Shivam Gupta/OneDrive/Documents/Shivam_Developement/data_engineering/data_engineering_project/batch-etl-pyspark/.venv/lib/python3.12/site-packages/airflow/example_dags/example_sensor_decorator.py
[2025-07-16T19:13:56.872+0000] {logging_mixin.py:188} INFO - [2025-07-16T19:13:56.871+0000] {dag.py:3096} INFO - Sync 1 DAGs
[2025-07-16T19:13:56.889+0000] {logging_mixin.py:188} INFO - [2025-07-16T19:13:56.888+0000] {dag.py:3954} INFO - Setting next_dagrun for example_sensor_decorator to None, run_after=None
[2025-07-16T19:13:57.010+0000] {processor.py:183} INFO - Processing /mnt/c/Users/Shivam Gupta/OneDrive/Documents/Shivam_Developement/data_engineering/data_engineering_project/batch-etl-pyspark/.venv/lib/python3.12/site-packages/airflow/example_dags/example_sensor_decorator.py took 0.235 seconds
[2025-07-16T19:15:31.710+0000] {processor.py:161} INFO - Started process (PID=12045) to work on /mnt/c/Users/Shivam Gupta/OneDrive/Documents/Shivam_Developement/data_engineering/data_engineering_project/batch-etl-pyspark/.venv/lib/python3.12/site-packages/airflow/example_dags/example_sensor_decorator.py
[2025-07-16T19:15:31.712+0000] {processor.py:830} INFO - Processing file /mnt/c/Users/Shivam Gupta/OneDrive/Documents/Shivam_Developement/data_engineering/data_engineering_project/batch-etl-pyspark/.venv/lib/python3.12/site-packages/airflow/example_dags/example_sensor_decorator.py for tasks to queue
[2025-07-16T19:15:31.716+0000] {logging_mixin.py:188} INFO - [2025-07-16T19:15:31.715+0000] {dagbag.py:545} INFO - Filling up the DagBag from /mnt/c/Users/Shivam Gupta/OneDrive/Documents/Shivam_Developement/data_engineering/data_engineering_project/batch-etl-pyspark/.venv/lib/python3.12/site-packages/airflow/example_dags/example_sensor_decorator.py
[2025-07-16T19:15:31.742+0000] {processor.py:840} INFO - DAG(s) 'example_sensor_decorator' retrieved from /mnt/c/Users/Shivam Gupta/OneDrive/Documents/Shivam_Developement/data_engineering/data_engineering_project/batch-etl-pyspark/.venv/lib/python3.12/site-packages/airflow/example_dags/example_sensor_decorator.py
[2025-07-16T19:15:31.771+0000] {logging_mixin.py:188} INFO - [2025-07-16T19:15:31.770+0000] {dag.py:3096} INFO - Sync 1 DAGs
[2025-07-16T19:15:31.784+0000] {logging_mixin.py:188} INFO - [2025-07-16T19:15:31.783+0000] {dag.py:3954} INFO - Setting next_dagrun for example_sensor_decorator to None, run_after=None
[2025-07-16T19:15:31.902+0000] {processor.py:183} INFO - Processing /mnt/c/Users/Shivam Gupta/OneDrive/Documents/Shivam_Developement/data_engineering/data_engineering_project/batch-etl-pyspark/.venv/lib/python3.12/site-packages/airflow/example_dags/example_sensor_decorator.py took 0.206 seconds
[2025-07-16T19:16:56.637+0000] {processor.py:161} INFO - Started process (PID=12226) to work on /mnt/c/Users/Shivam Gupta/OneDrive/Documents/Shivam_Developement/data_engineering/data_engineering_project/batch-etl-pyspark/.venv/lib/python3.12/site-packages/airflow/example_dags/example_sensor_decorator.py
[2025-07-16T19:16:56.650+0000] {processor.py:830} INFO - Processing file /mnt/c/Users/Shivam Gupta/OneDrive/Documents/Shivam_Developement/data_engineering/data_engineering_project/batch-etl-pyspark/.venv/lib/python3.12/site-packages/airflow/example_dags/example_sensor_decorator.py for tasks to queue
[2025-07-16T19:16:56.653+0000] {logging_mixin.py:188} INFO - [2025-07-16T19:16:56.652+0000] {dagbag.py:545} INFO - Filling up the DagBag from /mnt/c/Users/Shivam Gupta/OneDrive/Documents/Shivam_Developement/data_engineering/data_engineering_project/batch-etl-pyspark/.venv/lib/python3.12/site-packages/airflow/example_dags/example_sensor_decorator.py
[2025-07-16T19:16:56.682+0000] {processor.py:840} INFO - DAG(s) 'example_sensor_decorator' retrieved from /mnt/c/Users/Shivam Gupta/OneDrive/Documents/Shivam_Developement/data_engineering/data_engineering_project/batch-etl-pyspark/.venv/lib/python3.12/site-packages/airflow/example_dags/example_sensor_decorator.py
[2025-07-16T19:16:56.719+0000] {logging_mixin.py:188} INFO - [2025-07-16T19:16:56.718+0000] {dag.py:3096} INFO - Sync 1 DAGs
[2025-07-16T19:16:56.740+0000] {logging_mixin.py:188} INFO - [2025-07-16T19:16:56.738+0000] {dag.py:3954} INFO - Setting next_dagrun for example_sensor_decorator to None, run_after=None
[2025-07-16T19:16:56.834+0000] {processor.py:183} INFO - Processing /mnt/c/Users/Shivam Gupta/OneDrive/Documents/Shivam_Developement/data_engineering/data_engineering_project/batch-etl-pyspark/.venv/lib/python3.12/site-packages/airflow/example_dags/example_sensor_decorator.py took 0.213 seconds
[2025-07-16T19:18:28.162+0000] {processor.py:161} INFO - Started process (PID=12378) to work on /mnt/c/Users/Shivam Gupta/OneDrive/Documents/Shivam_Developement/data_engineering/data_engineering_project/batch-etl-pyspark/.venv/lib/python3.12/site-packages/airflow/example_dags/example_sensor_decorator.py
[2025-07-16T19:18:28.164+0000] {processor.py:830} INFO - Processing file /mnt/c/Users/Shivam Gupta/OneDrive/Documents/Shivam_Developement/data_engineering/data_engineering_project/batch-etl-pyspark/.venv/lib/python3.12/site-packages/airflow/example_dags/example_sensor_decorator.py for tasks to queue
[2025-07-16T19:18:28.168+0000] {logging_mixin.py:188} INFO - [2025-07-16T19:18:28.166+0000] {dagbag.py:545} INFO - Filling up the DagBag from /mnt/c/Users/Shivam Gupta/OneDrive/Documents/Shivam_Developement/data_engineering/data_engineering_project/batch-etl-pyspark/.venv/lib/python3.12/site-packages/airflow/example_dags/example_sensor_decorator.py
[2025-07-16T19:18:28.195+0000] {processor.py:840} INFO - DAG(s) 'example_sensor_decorator' retrieved from /mnt/c/Users/Shivam Gupta/OneDrive/Documents/Shivam_Developement/data_engineering/data_engineering_project/batch-etl-pyspark/.venv/lib/python3.12/site-packages/airflow/example_dags/example_sensor_decorator.py
[2025-07-16T19:18:28.228+0000] {logging_mixin.py:188} INFO - [2025-07-16T19:18:28.227+0000] {dag.py:3096} INFO - Sync 1 DAGs
[2025-07-16T19:18:28.241+0000] {logging_mixin.py:188} INFO - [2025-07-16T19:18:28.240+0000] {dag.py:3954} INFO - Setting next_dagrun for example_sensor_decorator to None, run_after=None
[2025-07-16T19:18:28.306+0000] {processor.py:183} INFO - Processing /mnt/c/Users/Shivam Gupta/OneDrive/Documents/Shivam_Developement/data_engineering/data_engineering_project/batch-etl-pyspark/.venv/lib/python3.12/site-packages/airflow/example_dags/example_sensor_decorator.py took 0.157 seconds
[2025-07-16T19:19:47.844+0000] {processor.py:161} INFO - Started process (PID=12523) to work on /mnt/c/Users/Shivam Gupta/OneDrive/Documents/Shivam_Developement/data_engineering/data_engineering_project/batch-etl-pyspark/.venv/lib/python3.12/site-packages/airflow/example_dags/example_sensor_decorator.py
[2025-07-16T19:19:47.847+0000] {processor.py:830} INFO - Processing file /mnt/c/Users/Shivam Gupta/OneDrive/Documents/Shivam_Developement/data_engineering/data_engineering_project/batch-etl-pyspark/.venv/lib/python3.12/site-packages/airflow/example_dags/example_sensor_decorator.py for tasks to queue
[2025-07-16T19:19:47.851+0000] {logging_mixin.py:188} INFO - [2025-07-16T19:19:47.849+0000] {dagbag.py:545} INFO - Filling up the DagBag from /mnt/c/Users/Shivam Gupta/OneDrive/Documents/Shivam_Developement/data_engineering/data_engineering_project/batch-etl-pyspark/.venv/lib/python3.12/site-packages/airflow/example_dags/example_sensor_decorator.py
[2025-07-16T19:19:47.882+0000] {processor.py:840} INFO - DAG(s) 'example_sensor_decorator' retrieved from /mnt/c/Users/Shivam Gupta/OneDrive/Documents/Shivam_Developement/data_engineering/data_engineering_project/batch-etl-pyspark/.venv/lib/python3.12/site-packages/airflow/example_dags/example_sensor_decorator.py
[2025-07-16T19:19:47.907+0000] {logging_mixin.py:188} INFO - [2025-07-16T19:19:47.906+0000] {dag.py:3096} INFO - Sync 1 DAGs
[2025-07-16T19:19:47.920+0000] {logging_mixin.py:188} INFO - [2025-07-16T19:19:47.919+0000] {dag.py:3954} INFO - Setting next_dagrun for example_sensor_decorator to None, run_after=None
[2025-07-16T19:19:47.994+0000] {processor.py:183} INFO - Processing /mnt/c/Users/Shivam Gupta/OneDrive/Documents/Shivam_Developement/data_engineering/data_engineering_project/batch-etl-pyspark/.venv/lib/python3.12/site-packages/airflow/example_dags/example_sensor_decorator.py took 0.165 seconds
[2025-07-16T19:21:08.743+0000] {processor.py:161} INFO - Started process (PID=12670) to work on /mnt/c/Users/Shivam Gupta/OneDrive/Documents/Shivam_Developement/data_engineering/data_engineering_project/batch-etl-pyspark/.venv/lib/python3.12/site-packages/airflow/example_dags/example_sensor_decorator.py
[2025-07-16T19:21:08.748+0000] {processor.py:830} INFO - Processing file /mnt/c/Users/Shivam Gupta/OneDrive/Documents/Shivam_Developement/data_engineering/data_engineering_project/batch-etl-pyspark/.venv/lib/python3.12/site-packages/airflow/example_dags/example_sensor_decorator.py for tasks to queue
[2025-07-16T19:21:08.754+0000] {logging_mixin.py:188} INFO - [2025-07-16T19:21:08.752+0000] {dagbag.py:545} INFO - Filling up the DagBag from /mnt/c/Users/Shivam Gupta/OneDrive/Documents/Shivam_Developement/data_engineering/data_engineering_project/batch-etl-pyspark/.venv/lib/python3.12/site-packages/airflow/example_dags/example_sensor_decorator.py
[2025-07-16T19:21:08.778+0000] {processor.py:840} INFO - DAG(s) 'example_sensor_decorator' retrieved from /mnt/c/Users/Shivam Gupta/OneDrive/Documents/Shivam_Developement/data_engineering/data_engineering_project/batch-etl-pyspark/.venv/lib/python3.12/site-packages/airflow/example_dags/example_sensor_decorator.py
[2025-07-16T19:21:08.815+0000] {logging_mixin.py:188} INFO - [2025-07-16T19:21:08.814+0000] {dag.py:3096} INFO - Sync 1 DAGs
[2025-07-16T19:21:08.833+0000] {logging_mixin.py:188} INFO - [2025-07-16T19:21:08.831+0000] {dag.py:3954} INFO - Setting next_dagrun for example_sensor_decorator to None, run_after=None
[2025-07-16T19:21:09.136+0000] {processor.py:183} INFO - Processing /mnt/c/Users/Shivam Gupta/OneDrive/Documents/Shivam_Developement/data_engineering/data_engineering_project/batch-etl-pyspark/.venv/lib/python3.12/site-packages/airflow/example_dags/example_sensor_decorator.py took 0.407 seconds
[2025-07-16T19:22:43.509+0000] {processor.py:161} INFO - Started process (PID=12856) to work on /mnt/c/Users/Shivam Gupta/OneDrive/Documents/Shivam_Developement/data_engineering/data_engineering_project/batch-etl-pyspark/.venv/lib/python3.12/site-packages/airflow/example_dags/example_sensor_decorator.py
[2025-07-16T19:22:43.510+0000] {processor.py:830} INFO - Processing file /mnt/c/Users/Shivam Gupta/OneDrive/Documents/Shivam_Developement/data_engineering/data_engineering_project/batch-etl-pyspark/.venv/lib/python3.12/site-packages/airflow/example_dags/example_sensor_decorator.py for tasks to queue
[2025-07-16T19:22:43.512+0000] {logging_mixin.py:188} INFO - [2025-07-16T19:22:43.512+0000] {dagbag.py:545} INFO - Filling up the DagBag from /mnt/c/Users/Shivam Gupta/OneDrive/Documents/Shivam_Developement/data_engineering/data_engineering_project/batch-etl-pyspark/.venv/lib/python3.12/site-packages/airflow/example_dags/example_sensor_decorator.py
[2025-07-16T19:22:43.527+0000] {processor.py:840} INFO - DAG(s) 'example_sensor_decorator' retrieved from /mnt/c/Users/Shivam Gupta/OneDrive/Documents/Shivam_Developement/data_engineering/data_engineering_project/batch-etl-pyspark/.venv/lib/python3.12/site-packages/airflow/example_dags/example_sensor_decorator.py
[2025-07-16T19:22:43.549+0000] {logging_mixin.py:188} INFO - [2025-07-16T19:22:43.549+0000] {dag.py:3096} INFO - Sync 1 DAGs
[2025-07-16T19:22:43.560+0000] {logging_mixin.py:188} INFO - [2025-07-16T19:22:43.560+0000] {dag.py:3954} INFO - Setting next_dagrun for example_sensor_decorator to None, run_after=None
[2025-07-16T19:22:43.650+0000] {processor.py:183} INFO - Processing /mnt/c/Users/Shivam Gupta/OneDrive/Documents/Shivam_Developement/data_engineering/data_engineering_project/batch-etl-pyspark/.venv/lib/python3.12/site-packages/airflow/example_dags/example_sensor_decorator.py took 0.151 seconds
[2025-07-16T19:24:04.753+0000] {processor.py:161} INFO - Started process (PID=12981) to work on /mnt/c/Users/Shivam Gupta/OneDrive/Documents/Shivam_Developement/data_engineering/data_engineering_project/batch-etl-pyspark/.venv/lib/python3.12/site-packages/airflow/example_dags/example_sensor_decorator.py
[2025-07-16T19:24:04.755+0000] {processor.py:830} INFO - Processing file /mnt/c/Users/Shivam Gupta/OneDrive/Documents/Shivam_Developement/data_engineering/data_engineering_project/batch-etl-pyspark/.venv/lib/python3.12/site-packages/airflow/example_dags/example_sensor_decorator.py for tasks to queue
[2025-07-16T19:24:04.761+0000] {logging_mixin.py:188} INFO - [2025-07-16T19:24:04.758+0000] {dagbag.py:545} INFO - Filling up the DagBag from /mnt/c/Users/Shivam Gupta/OneDrive/Documents/Shivam_Developement/data_engineering/data_engineering_project/batch-etl-pyspark/.venv/lib/python3.12/site-packages/airflow/example_dags/example_sensor_decorator.py
[2025-07-16T19:24:04.786+0000] {processor.py:840} INFO - DAG(s) 'example_sensor_decorator' retrieved from /mnt/c/Users/Shivam Gupta/OneDrive/Documents/Shivam_Developement/data_engineering/data_engineering_project/batch-etl-pyspark/.venv/lib/python3.12/site-packages/airflow/example_dags/example_sensor_decorator.py
[2025-07-16T19:24:04.814+0000] {logging_mixin.py:188} INFO - [2025-07-16T19:24:04.813+0000] {dag.py:3096} INFO - Sync 1 DAGs
[2025-07-16T19:24:04.828+0000] {logging_mixin.py:188} INFO - [2025-07-16T19:24:04.827+0000] {dag.py:3954} INFO - Setting next_dagrun for example_sensor_decorator to None, run_after=None
[2025-07-16T19:24:04.905+0000] {processor.py:183} INFO - Processing /mnt/c/Users/Shivam Gupta/OneDrive/Documents/Shivam_Developement/data_engineering/data_engineering_project/batch-etl-pyspark/.venv/lib/python3.12/site-packages/airflow/example_dags/example_sensor_decorator.py took 0.163 seconds
[2025-07-16T19:25:28.358+0000] {processor.py:161} INFO - Started process (PID=13096) to work on /mnt/c/Users/Shivam Gupta/OneDrive/Documents/Shivam_Developement/data_engineering/data_engineering_project/batch-etl-pyspark/.venv/lib/python3.12/site-packages/airflow/example_dags/example_sensor_decorator.py
[2025-07-16T19:25:28.361+0000] {processor.py:830} INFO - Processing file /mnt/c/Users/Shivam Gupta/OneDrive/Documents/Shivam_Developement/data_engineering/data_engineering_project/batch-etl-pyspark/.venv/lib/python3.12/site-packages/airflow/example_dags/example_sensor_decorator.py for tasks to queue
[2025-07-16T19:25:28.364+0000] {logging_mixin.py:188} INFO - [2025-07-16T19:25:28.363+0000] {dagbag.py:545} INFO - Filling up the DagBag from /mnt/c/Users/Shivam Gupta/OneDrive/Documents/Shivam_Developement/data_engineering/data_engineering_project/batch-etl-pyspark/.venv/lib/python3.12/site-packages/airflow/example_dags/example_sensor_decorator.py
[2025-07-16T19:25:28.385+0000] {processor.py:840} INFO - DAG(s) 'example_sensor_decorator' retrieved from /mnt/c/Users/Shivam Gupta/OneDrive/Documents/Shivam_Developement/data_engineering/data_engineering_project/batch-etl-pyspark/.venv/lib/python3.12/site-packages/airflow/example_dags/example_sensor_decorator.py
[2025-07-16T19:25:28.413+0000] {logging_mixin.py:188} INFO - [2025-07-16T19:25:28.412+0000] {dag.py:3096} INFO - Sync 1 DAGs
[2025-07-16T19:25:28.426+0000] {logging_mixin.py:188} INFO - [2025-07-16T19:25:28.425+0000] {dag.py:3954} INFO - Setting next_dagrun for example_sensor_decorator to None, run_after=None
[2025-07-16T19:25:28.492+0000] {processor.py:183} INFO - Processing /mnt/c/Users/Shivam Gupta/OneDrive/Documents/Shivam_Developement/data_engineering/data_engineering_project/batch-etl-pyspark/.venv/lib/python3.12/site-packages/airflow/example_dags/example_sensor_decorator.py took 0.145 seconds
[2025-07-16T19:26:48.305+0000] {processor.py:161} INFO - Started process (PID=13191) to work on /mnt/c/Users/Shivam Gupta/OneDrive/Documents/Shivam_Developement/data_engineering/data_engineering_project/batch-etl-pyspark/.venv/lib/python3.12/site-packages/airflow/example_dags/example_sensor_decorator.py
[2025-07-16T19:26:48.307+0000] {processor.py:830} INFO - Processing file /mnt/c/Users/Shivam Gupta/OneDrive/Documents/Shivam_Developement/data_engineering/data_engineering_project/batch-etl-pyspark/.venv/lib/python3.12/site-packages/airflow/example_dags/example_sensor_decorator.py for tasks to queue
[2025-07-16T19:26:48.310+0000] {logging_mixin.py:188} INFO - [2025-07-16T19:26:48.309+0000] {dagbag.py:545} INFO - Filling up the DagBag from /mnt/c/Users/Shivam Gupta/OneDrive/Documents/Shivam_Developement/data_engineering/data_engineering_project/batch-etl-pyspark/.venv/lib/python3.12/site-packages/airflow/example_dags/example_sensor_decorator.py
[2025-07-16T19:26:48.330+0000] {processor.py:840} INFO - DAG(s) 'example_sensor_decorator' retrieved from /mnt/c/Users/Shivam Gupta/OneDrive/Documents/Shivam_Developement/data_engineering/data_engineering_project/batch-etl-pyspark/.venv/lib/python3.12/site-packages/airflow/example_dags/example_sensor_decorator.py
[2025-07-16T19:26:48.355+0000] {logging_mixin.py:188} INFO - [2025-07-16T19:26:48.354+0000] {dag.py:3096} INFO - Sync 1 DAGs
[2025-07-16T19:26:48.368+0000] {logging_mixin.py:188} INFO - [2025-07-16T19:26:48.367+0000] {dag.py:3954} INFO - Setting next_dagrun for example_sensor_decorator to None, run_after=None
[2025-07-16T19:26:48.570+0000] {processor.py:183} INFO - Processing /mnt/c/Users/Shivam Gupta/OneDrive/Documents/Shivam_Developement/data_engineering/data_engineering_project/batch-etl-pyspark/.venv/lib/python3.12/site-packages/airflow/example_dags/example_sensor_decorator.py took 0.274 seconds
[2025-07-16T19:28:04.097+0000] {processor.py:161} INFO - Started process (PID=13280) to work on /mnt/c/Users/Shivam Gupta/OneDrive/Documents/Shivam_Developement/data_engineering/data_engineering_project/batch-etl-pyspark/.venv/lib/python3.12/site-packages/airflow/example_dags/example_sensor_decorator.py
[2025-07-16T19:28:04.099+0000] {processor.py:830} INFO - Processing file /mnt/c/Users/Shivam Gupta/OneDrive/Documents/Shivam_Developement/data_engineering/data_engineering_project/batch-etl-pyspark/.venv/lib/python3.12/site-packages/airflow/example_dags/example_sensor_decorator.py for tasks to queue
[2025-07-16T19:28:04.102+0000] {logging_mixin.py:188} INFO - [2025-07-16T19:28:04.101+0000] {dagbag.py:545} INFO - Filling up the DagBag from /mnt/c/Users/Shivam Gupta/OneDrive/Documents/Shivam_Developement/data_engineering/data_engineering_project/batch-etl-pyspark/.venv/lib/python3.12/site-packages/airflow/example_dags/example_sensor_decorator.py
[2025-07-16T19:28:04.122+0000] {processor.py:840} INFO - DAG(s) 'example_sensor_decorator' retrieved from /mnt/c/Users/Shivam Gupta/OneDrive/Documents/Shivam_Developement/data_engineering/data_engineering_project/batch-etl-pyspark/.venv/lib/python3.12/site-packages/airflow/example_dags/example_sensor_decorator.py
[2025-07-16T19:28:04.149+0000] {logging_mixin.py:188} INFO - [2025-07-16T19:28:04.148+0000] {dag.py:3096} INFO - Sync 1 DAGs
[2025-07-16T19:28:04.164+0000] {logging_mixin.py:188} INFO - [2025-07-16T19:28:04.163+0000] {dag.py:3954} INFO - Setting next_dagrun for example_sensor_decorator to None, run_after=None
[2025-07-16T19:28:04.220+0000] {processor.py:183} INFO - Processing /mnt/c/Users/Shivam Gupta/OneDrive/Documents/Shivam_Developement/data_engineering/data_engineering_project/batch-etl-pyspark/.venv/lib/python3.12/site-packages/airflow/example_dags/example_sensor_decorator.py took 0.134 seconds
[2025-07-16T19:29:18.008+0000] {processor.py:161} INFO - Started process (PID=13404) to work on /mnt/c/Users/Shivam Gupta/OneDrive/Documents/Shivam_Developement/data_engineering/data_engineering_project/batch-etl-pyspark/.venv/lib/python3.12/site-packages/airflow/example_dags/example_sensor_decorator.py
[2025-07-16T19:29:18.010+0000] {processor.py:830} INFO - Processing file /mnt/c/Users/Shivam Gupta/OneDrive/Documents/Shivam_Developement/data_engineering/data_engineering_project/batch-etl-pyspark/.venv/lib/python3.12/site-packages/airflow/example_dags/example_sensor_decorator.py for tasks to queue
[2025-07-16T19:29:18.012+0000] {logging_mixin.py:188} INFO - [2025-07-16T19:29:18.011+0000] {dagbag.py:545} INFO - Filling up the DagBag from /mnt/c/Users/Shivam Gupta/OneDrive/Documents/Shivam_Developement/data_engineering/data_engineering_project/batch-etl-pyspark/.venv/lib/python3.12/site-packages/airflow/example_dags/example_sensor_decorator.py
[2025-07-16T19:29:18.027+0000] {processor.py:840} INFO - DAG(s) 'example_sensor_decorator' retrieved from /mnt/c/Users/Shivam Gupta/OneDrive/Documents/Shivam_Developement/data_engineering/data_engineering_project/batch-etl-pyspark/.venv/lib/python3.12/site-packages/airflow/example_dags/example_sensor_decorator.py
[2025-07-16T19:29:18.051+0000] {logging_mixin.py:188} INFO - [2025-07-16T19:29:18.050+0000] {dag.py:3096} INFO - Sync 1 DAGs
[2025-07-16T19:29:18.063+0000] {logging_mixin.py:188} INFO - [2025-07-16T19:29:18.063+0000] {dag.py:3954} INFO - Setting next_dagrun for example_sensor_decorator to None, run_after=None
[2025-07-16T19:29:18.119+0000] {processor.py:183} INFO - Processing /mnt/c/Users/Shivam Gupta/OneDrive/Documents/Shivam_Developement/data_engineering/data_engineering_project/batch-etl-pyspark/.venv/lib/python3.12/site-packages/airflow/example_dags/example_sensor_decorator.py took 0.123 seconds
[2025-07-16T19:30:34.195+0000] {processor.py:161} INFO - Started process (PID=13491) to work on /mnt/c/Users/Shivam Gupta/OneDrive/Documents/Shivam_Developement/data_engineering/data_engineering_project/batch-etl-pyspark/.venv/lib/python3.12/site-packages/airflow/example_dags/example_sensor_decorator.py
[2025-07-16T19:30:34.197+0000] {processor.py:830} INFO - Processing file /mnt/c/Users/Shivam Gupta/OneDrive/Documents/Shivam_Developement/data_engineering/data_engineering_project/batch-etl-pyspark/.venv/lib/python3.12/site-packages/airflow/example_dags/example_sensor_decorator.py for tasks to queue
[2025-07-16T19:30:34.199+0000] {logging_mixin.py:188} INFO - [2025-07-16T19:30:34.198+0000] {dagbag.py:545} INFO - Filling up the DagBag from /mnt/c/Users/Shivam Gupta/OneDrive/Documents/Shivam_Developement/data_engineering/data_engineering_project/batch-etl-pyspark/.venv/lib/python3.12/site-packages/airflow/example_dags/example_sensor_decorator.py
[2025-07-16T19:30:34.213+0000] {processor.py:840} INFO - DAG(s) 'example_sensor_decorator' retrieved from /mnt/c/Users/Shivam Gupta/OneDrive/Documents/Shivam_Developement/data_engineering/data_engineering_project/batch-etl-pyspark/.venv/lib/python3.12/site-packages/airflow/example_dags/example_sensor_decorator.py
[2025-07-16T19:30:34.232+0000] {logging_mixin.py:188} INFO - [2025-07-16T19:30:34.231+0000] {dag.py:3096} INFO - Sync 1 DAGs
[2025-07-16T19:30:34.242+0000] {logging_mixin.py:188} INFO - [2025-07-16T19:30:34.242+0000] {dag.py:3954} INFO - Setting next_dagrun for example_sensor_decorator to None, run_after=None
[2025-07-16T19:30:34.284+0000] {processor.py:183} INFO - Processing /mnt/c/Users/Shivam Gupta/OneDrive/Documents/Shivam_Developement/data_engineering/data_engineering_project/batch-etl-pyspark/.venv/lib/python3.12/site-packages/airflow/example_dags/example_sensor_decorator.py took 0.096 seconds
[2025-07-16T19:31:49.730+0000] {processor.py:161} INFO - Started process (PID=13649) to work on /mnt/c/Users/Shivam Gupta/OneDrive/Documents/Shivam_Developement/data_engineering/data_engineering_project/batch-etl-pyspark/.venv/lib/python3.12/site-packages/airflow/example_dags/example_sensor_decorator.py
[2025-07-16T19:31:49.732+0000] {processor.py:830} INFO - Processing file /mnt/c/Users/Shivam Gupta/OneDrive/Documents/Shivam_Developement/data_engineering/data_engineering_project/batch-etl-pyspark/.venv/lib/python3.12/site-packages/airflow/example_dags/example_sensor_decorator.py for tasks to queue
[2025-07-16T19:31:49.734+0000] {logging_mixin.py:188} INFO - [2025-07-16T19:31:49.733+0000] {dagbag.py:545} INFO - Filling up the DagBag from /mnt/c/Users/Shivam Gupta/OneDrive/Documents/Shivam_Developement/data_engineering/data_engineering_project/batch-etl-pyspark/.venv/lib/python3.12/site-packages/airflow/example_dags/example_sensor_decorator.py
[2025-07-16T19:31:49.748+0000] {processor.py:840} INFO - DAG(s) 'example_sensor_decorator' retrieved from /mnt/c/Users/Shivam Gupta/OneDrive/Documents/Shivam_Developement/data_engineering/data_engineering_project/batch-etl-pyspark/.venv/lib/python3.12/site-packages/airflow/example_dags/example_sensor_decorator.py
[2025-07-16T19:31:49.769+0000] {logging_mixin.py:188} INFO - [2025-07-16T19:31:49.769+0000] {dag.py:3096} INFO - Sync 1 DAGs
[2025-07-16T19:31:49.781+0000] {logging_mixin.py:188} INFO - [2025-07-16T19:31:49.780+0000] {dag.py:3954} INFO - Setting next_dagrun for example_sensor_decorator to None, run_after=None
[2025-07-16T19:31:49.827+0000] {processor.py:183} INFO - Processing /mnt/c/Users/Shivam Gupta/OneDrive/Documents/Shivam_Developement/data_engineering/data_engineering_project/batch-etl-pyspark/.venv/lib/python3.12/site-packages/airflow/example_dags/example_sensor_decorator.py took 0.106 seconds
[2025-07-16T19:32:54.225+0000] {processor.py:161} INFO - Started process (PID=13780) to work on /mnt/c/Users/Shivam Gupta/OneDrive/Documents/Shivam_Developement/data_engineering/data_engineering_project/batch-etl-pyspark/.venv/lib/python3.12/site-packages/airflow/example_dags/example_sensor_decorator.py
[2025-07-16T19:32:54.226+0000] {processor.py:830} INFO - Processing file /mnt/c/Users/Shivam Gupta/OneDrive/Documents/Shivam_Developement/data_engineering/data_engineering_project/batch-etl-pyspark/.venv/lib/python3.12/site-packages/airflow/example_dags/example_sensor_decorator.py for tasks to queue
[2025-07-16T19:32:54.230+0000] {logging_mixin.py:188} INFO - [2025-07-16T19:32:54.229+0000] {dagbag.py:545} INFO - Filling up the DagBag from /mnt/c/Users/Shivam Gupta/OneDrive/Documents/Shivam_Developement/data_engineering/data_engineering_project/batch-etl-pyspark/.venv/lib/python3.12/site-packages/airflow/example_dags/example_sensor_decorator.py
[2025-07-16T19:32:54.246+0000] {processor.py:840} INFO - DAG(s) 'example_sensor_decorator' retrieved from /mnt/c/Users/Shivam Gupta/OneDrive/Documents/Shivam_Developement/data_engineering/data_engineering_project/batch-etl-pyspark/.venv/lib/python3.12/site-packages/airflow/example_dags/example_sensor_decorator.py
[2025-07-16T19:32:54.284+0000] {logging_mixin.py:188} INFO - [2025-07-16T19:32:54.283+0000] {dag.py:3096} INFO - Sync 1 DAGs
[2025-07-16T19:32:54.294+0000] {logging_mixin.py:188} INFO - [2025-07-16T19:32:54.294+0000] {dag.py:3954} INFO - Setting next_dagrun for example_sensor_decorator to None, run_after=None
[2025-07-16T19:32:54.349+0000] {processor.py:183} INFO - Processing /mnt/c/Users/Shivam Gupta/OneDrive/Documents/Shivam_Developement/data_engineering/data_engineering_project/batch-etl-pyspark/.venv/lib/python3.12/site-packages/airflow/example_dags/example_sensor_decorator.py took 0.134 seconds
[2025-07-16T19:34:08.728+0000] {processor.py:161} INFO - Started process (PID=13918) to work on /mnt/c/Users/Shivam Gupta/OneDrive/Documents/Shivam_Developement/data_engineering/data_engineering_project/batch-etl-pyspark/.venv/lib/python3.12/site-packages/airflow/example_dags/example_sensor_decorator.py
[2025-07-16T19:34:08.731+0000] {processor.py:830} INFO - Processing file /mnt/c/Users/Shivam Gupta/OneDrive/Documents/Shivam_Developement/data_engineering/data_engineering_project/batch-etl-pyspark/.venv/lib/python3.12/site-packages/airflow/example_dags/example_sensor_decorator.py for tasks to queue
[2025-07-16T19:34:08.735+0000] {logging_mixin.py:188} INFO - [2025-07-16T19:34:08.733+0000] {dagbag.py:545} INFO - Filling up the DagBag from /mnt/c/Users/Shivam Gupta/OneDrive/Documents/Shivam_Developement/data_engineering/data_engineering_project/batch-etl-pyspark/.venv/lib/python3.12/site-packages/airflow/example_dags/example_sensor_decorator.py
[2025-07-16T19:34:08.764+0000] {processor.py:840} INFO - DAG(s) 'example_sensor_decorator' retrieved from /mnt/c/Users/Shivam Gupta/OneDrive/Documents/Shivam_Developement/data_engineering/data_engineering_project/batch-etl-pyspark/.venv/lib/python3.12/site-packages/airflow/example_dags/example_sensor_decorator.py
[2025-07-16T19:34:08.811+0000] {logging_mixin.py:188} INFO - [2025-07-16T19:34:08.810+0000] {dag.py:3096} INFO - Sync 1 DAGs
[2025-07-16T19:34:08.831+0000] {logging_mixin.py:188} INFO - [2025-07-16T19:34:08.829+0000] {dag.py:3954} INFO - Setting next_dagrun for example_sensor_decorator to None, run_after=None
[2025-07-16T19:34:08.899+0000] {processor.py:183} INFO - Processing /mnt/c/Users/Shivam Gupta/OneDrive/Documents/Shivam_Developement/data_engineering/data_engineering_project/batch-etl-pyspark/.venv/lib/python3.12/site-packages/airflow/example_dags/example_sensor_decorator.py took 0.186 seconds
[2025-07-16T19:35:21.231+0000] {processor.py:161} INFO - Started process (PID=14038) to work on /mnt/c/Users/Shivam Gupta/OneDrive/Documents/Shivam_Developement/data_engineering/data_engineering_project/batch-etl-pyspark/.venv/lib/python3.12/site-packages/airflow/example_dags/example_sensor_decorator.py
[2025-07-16T19:35:21.235+0000] {processor.py:830} INFO - Processing file /mnt/c/Users/Shivam Gupta/OneDrive/Documents/Shivam_Developement/data_engineering/data_engineering_project/batch-etl-pyspark/.venv/lib/python3.12/site-packages/airflow/example_dags/example_sensor_decorator.py for tasks to queue
[2025-07-16T19:35:21.240+0000] {logging_mixin.py:188} INFO - [2025-07-16T19:35:21.238+0000] {dagbag.py:545} INFO - Filling up the DagBag from /mnt/c/Users/Shivam Gupta/OneDrive/Documents/Shivam_Developement/data_engineering/data_engineering_project/batch-etl-pyspark/.venv/lib/python3.12/site-packages/airflow/example_dags/example_sensor_decorator.py
[2025-07-16T19:35:21.273+0000] {processor.py:840} INFO - DAG(s) 'example_sensor_decorator' retrieved from /mnt/c/Users/Shivam Gupta/OneDrive/Documents/Shivam_Developement/data_engineering/data_engineering_project/batch-etl-pyspark/.venv/lib/python3.12/site-packages/airflow/example_dags/example_sensor_decorator.py
[2025-07-16T19:35:21.317+0000] {logging_mixin.py:188} INFO - [2025-07-16T19:35:21.316+0000] {dag.py:3096} INFO - Sync 1 DAGs
[2025-07-16T19:35:21.340+0000] {logging_mixin.py:188} INFO - [2025-07-16T19:35:21.338+0000] {dag.py:3954} INFO - Setting next_dagrun for example_sensor_decorator to None, run_after=None
[2025-07-16T19:35:21.443+0000] {processor.py:183} INFO - Processing /mnt/c/Users/Shivam Gupta/OneDrive/Documents/Shivam_Developement/data_engineering/data_engineering_project/batch-etl-pyspark/.venv/lib/python3.12/site-packages/airflow/example_dags/example_sensor_decorator.py took 0.237 seconds
[2025-07-16T19:36:35.406+0000] {processor.py:161} INFO - Started process (PID=14235) to work on /mnt/c/Users/Shivam Gupta/OneDrive/Documents/Shivam_Developement/data_engineering/data_engineering_project/batch-etl-pyspark/.venv/lib/python3.12/site-packages/airflow/example_dags/example_sensor_decorator.py
[2025-07-16T19:36:35.407+0000] {processor.py:830} INFO - Processing file /mnt/c/Users/Shivam Gupta/OneDrive/Documents/Shivam_Developement/data_engineering/data_engineering_project/batch-etl-pyspark/.venv/lib/python3.12/site-packages/airflow/example_dags/example_sensor_decorator.py for tasks to queue
[2025-07-16T19:36:35.412+0000] {logging_mixin.py:188} INFO - [2025-07-16T19:36:35.410+0000] {dagbag.py:545} INFO - Filling up the DagBag from /mnt/c/Users/Shivam Gupta/OneDrive/Documents/Shivam_Developement/data_engineering/data_engineering_project/batch-etl-pyspark/.venv/lib/python3.12/site-packages/airflow/example_dags/example_sensor_decorator.py
[2025-07-16T19:36:35.434+0000] {processor.py:840} INFO - DAG(s) 'example_sensor_decorator' retrieved from /mnt/c/Users/Shivam Gupta/OneDrive/Documents/Shivam_Developement/data_engineering/data_engineering_project/batch-etl-pyspark/.venv/lib/python3.12/site-packages/airflow/example_dags/example_sensor_decorator.py
[2025-07-16T19:36:35.462+0000] {logging_mixin.py:188} INFO - [2025-07-16T19:36:35.461+0000] {dag.py:3096} INFO - Sync 1 DAGs
[2025-07-16T19:36:35.474+0000] {logging_mixin.py:188} INFO - [2025-07-16T19:36:35.473+0000] {dag.py:3954} INFO - Setting next_dagrun for example_sensor_decorator to None, run_after=None
[2025-07-16T19:36:35.538+0000] {processor.py:183} INFO - Processing /mnt/c/Users/Shivam Gupta/OneDrive/Documents/Shivam_Developement/data_engineering/data_engineering_project/batch-etl-pyspark/.venv/lib/python3.12/site-packages/airflow/example_dags/example_sensor_decorator.py took 0.141 seconds
[2025-07-16T19:49:13.049+0000] {processor.py:161} INFO - Started process (PID=15087) to work on /mnt/c/Users/Shivam Gupta/OneDrive/Documents/Shivam_Developement/data_engineering/data_engineering_project/batch-etl-pyspark/.venv/lib/python3.12/site-packages/airflow/example_dags/example_sensor_decorator.py
[2025-07-16T19:49:13.051+0000] {processor.py:830} INFO - Processing file /mnt/c/Users/Shivam Gupta/OneDrive/Documents/Shivam_Developement/data_engineering/data_engineering_project/batch-etl-pyspark/.venv/lib/python3.12/site-packages/airflow/example_dags/example_sensor_decorator.py for tasks to queue
[2025-07-16T19:49:13.055+0000] {logging_mixin.py:188} INFO - [2025-07-16T19:49:13.054+0000] {dagbag.py:545} INFO - Filling up the DagBag from /mnt/c/Users/Shivam Gupta/OneDrive/Documents/Shivam_Developement/data_engineering/data_engineering_project/batch-etl-pyspark/.venv/lib/python3.12/site-packages/airflow/example_dags/example_sensor_decorator.py
[2025-07-16T19:49:13.082+0000] {processor.py:840} INFO - DAG(s) 'example_sensor_decorator' retrieved from /mnt/c/Users/Shivam Gupta/OneDrive/Documents/Shivam_Developement/data_engineering/data_engineering_project/batch-etl-pyspark/.venv/lib/python3.12/site-packages/airflow/example_dags/example_sensor_decorator.py
[2025-07-16T19:49:13.134+0000] {logging_mixin.py:188} INFO - [2025-07-16T19:49:13.133+0000] {dag.py:3096} INFO - Sync 1 DAGs
[2025-07-16T19:49:13.153+0000] {logging_mixin.py:188} INFO - [2025-07-16T19:49:13.152+0000] {dag.py:3954} INFO - Setting next_dagrun for example_sensor_decorator to None, run_after=None
[2025-07-16T19:49:13.250+0000] {processor.py:183} INFO - Processing /mnt/c/Users/Shivam Gupta/OneDrive/Documents/Shivam_Developement/data_engineering/data_engineering_project/batch-etl-pyspark/.venv/lib/python3.12/site-packages/airflow/example_dags/example_sensor_decorator.py took 0.217 seconds
[2025-07-16T19:50:29.272+0000] {processor.py:161} INFO - Started process (PID=15187) to work on /mnt/c/Users/Shivam Gupta/OneDrive/Documents/Shivam_Developement/data_engineering/data_engineering_project/batch-etl-pyspark/.venv/lib/python3.12/site-packages/airflow/example_dags/example_sensor_decorator.py
[2025-07-16T19:50:29.274+0000] {processor.py:830} INFO - Processing file /mnt/c/Users/Shivam Gupta/OneDrive/Documents/Shivam_Developement/data_engineering/data_engineering_project/batch-etl-pyspark/.venv/lib/python3.12/site-packages/airflow/example_dags/example_sensor_decorator.py for tasks to queue
[2025-07-16T19:50:29.277+0000] {logging_mixin.py:188} INFO - [2025-07-16T19:50:29.276+0000] {dagbag.py:545} INFO - Filling up the DagBag from /mnt/c/Users/Shivam Gupta/OneDrive/Documents/Shivam_Developement/data_engineering/data_engineering_project/batch-etl-pyspark/.venv/lib/python3.12/site-packages/airflow/example_dags/example_sensor_decorator.py
[2025-07-16T19:50:29.298+0000] {processor.py:840} INFO - DAG(s) 'example_sensor_decorator' retrieved from /mnt/c/Users/Shivam Gupta/OneDrive/Documents/Shivam_Developement/data_engineering/data_engineering_project/batch-etl-pyspark/.venv/lib/python3.12/site-packages/airflow/example_dags/example_sensor_decorator.py
[2025-07-16T19:50:29.325+0000] {logging_mixin.py:188} INFO - [2025-07-16T19:50:29.324+0000] {dag.py:3096} INFO - Sync 1 DAGs
[2025-07-16T19:50:29.340+0000] {logging_mixin.py:188} INFO - [2025-07-16T19:50:29.339+0000] {dag.py:3954} INFO - Setting next_dagrun for example_sensor_decorator to None, run_after=None
[2025-07-16T19:50:29.393+0000] {processor.py:183} INFO - Processing /mnt/c/Users/Shivam Gupta/OneDrive/Documents/Shivam_Developement/data_engineering/data_engineering_project/batch-etl-pyspark/.venv/lib/python3.12/site-packages/airflow/example_dags/example_sensor_decorator.py took 0.132 seconds
[2025-07-16T19:51:54.141+0000] {processor.py:161} INFO - Started process (PID=15280) to work on /mnt/c/Users/Shivam Gupta/OneDrive/Documents/Shivam_Developement/data_engineering/data_engineering_project/batch-etl-pyspark/.venv/lib/python3.12/site-packages/airflow/example_dags/example_sensor_decorator.py
[2025-07-16T19:51:54.143+0000] {processor.py:830} INFO - Processing file /mnt/c/Users/Shivam Gupta/OneDrive/Documents/Shivam_Developement/data_engineering/data_engineering_project/batch-etl-pyspark/.venv/lib/python3.12/site-packages/airflow/example_dags/example_sensor_decorator.py for tasks to queue
[2025-07-16T19:51:54.145+0000] {logging_mixin.py:188} INFO - [2025-07-16T19:51:54.145+0000] {dagbag.py:545} INFO - Filling up the DagBag from /mnt/c/Users/Shivam Gupta/OneDrive/Documents/Shivam_Developement/data_engineering/data_engineering_project/batch-etl-pyspark/.venv/lib/python3.12/site-packages/airflow/example_dags/example_sensor_decorator.py
[2025-07-16T19:51:54.164+0000] {processor.py:840} INFO - DAG(s) 'example_sensor_decorator' retrieved from /mnt/c/Users/Shivam Gupta/OneDrive/Documents/Shivam_Developement/data_engineering/data_engineering_project/batch-etl-pyspark/.venv/lib/python3.12/site-packages/airflow/example_dags/example_sensor_decorator.py
[2025-07-16T19:51:54.187+0000] {logging_mixin.py:188} INFO - [2025-07-16T19:51:54.186+0000] {dag.py:3096} INFO - Sync 1 DAGs
[2025-07-16T19:51:54.199+0000] {logging_mixin.py:188} INFO - [2025-07-16T19:51:54.198+0000] {dag.py:3954} INFO - Setting next_dagrun for example_sensor_decorator to None, run_after=None
[2025-07-16T19:51:54.286+0000] {processor.py:183} INFO - Processing /mnt/c/Users/Shivam Gupta/OneDrive/Documents/Shivam_Developement/data_engineering/data_engineering_project/batch-etl-pyspark/.venv/lib/python3.12/site-packages/airflow/example_dags/example_sensor_decorator.py took 0.154 seconds
[2025-07-16T19:53:28.418+0000] {processor.py:161} INFO - Started process (PID=15442) to work on /mnt/c/Users/Shivam Gupta/OneDrive/Documents/Shivam_Developement/data_engineering/data_engineering_project/batch-etl-pyspark/.venv/lib/python3.12/site-packages/airflow/example_dags/example_sensor_decorator.py
[2025-07-16T19:53:28.421+0000] {processor.py:830} INFO - Processing file /mnt/c/Users/Shivam Gupta/OneDrive/Documents/Shivam_Developement/data_engineering/data_engineering_project/batch-etl-pyspark/.venv/lib/python3.12/site-packages/airflow/example_dags/example_sensor_decorator.py for tasks to queue
[2025-07-16T19:53:28.426+0000] {logging_mixin.py:188} INFO - [2025-07-16T19:53:28.424+0000] {dagbag.py:545} INFO - Filling up the DagBag from /mnt/c/Users/Shivam Gupta/OneDrive/Documents/Shivam_Developement/data_engineering/data_engineering_project/batch-etl-pyspark/.venv/lib/python3.12/site-packages/airflow/example_dags/example_sensor_decorator.py
[2025-07-16T19:53:28.466+0000] {processor.py:840} INFO - DAG(s) 'example_sensor_decorator' retrieved from /mnt/c/Users/Shivam Gupta/OneDrive/Documents/Shivam_Developement/data_engineering/data_engineering_project/batch-etl-pyspark/.venv/lib/python3.12/site-packages/airflow/example_dags/example_sensor_decorator.py
[2025-07-16T19:53:28.519+0000] {logging_mixin.py:188} INFO - [2025-07-16T19:53:28.518+0000] {dag.py:3096} INFO - Sync 1 DAGs
[2025-07-16T19:53:28.538+0000] {logging_mixin.py:188} INFO - [2025-07-16T19:53:28.535+0000] {dag.py:3954} INFO - Setting next_dagrun for example_sensor_decorator to None, run_after=None
[2025-07-16T19:53:28.665+0000] {processor.py:183} INFO - Processing /mnt/c/Users/Shivam Gupta/OneDrive/Documents/Shivam_Developement/data_engineering/data_engineering_project/batch-etl-pyspark/.venv/lib/python3.12/site-packages/airflow/example_dags/example_sensor_decorator.py took 0.270 seconds
