[2025-07-16T17:48:08.700+0000] {processor.py:161} INFO - Started process (PID=5794) to work on /mnt/c/Users/Shivam Gupta/OneDrive/Documents/Shivam_Developement/data_engineering/data_engineering_project/batch-etl-pyspark/.venv/lib/python3.12/site-packages/airflow/example_dags/example_bash_decorator.py
[2025-07-16T17:48:08.702+0000] {processor.py:830} INFO - Processing file /mnt/c/Users/Shivam Gupta/OneDrive/Documents/Shivam_Developement/data_engineering/data_engineering_project/batch-etl-pyspark/.venv/lib/python3.12/site-packages/airflow/example_dags/example_bash_decorator.py for tasks to queue
[2025-07-16T17:48:08.706+0000] {logging_mixin.py:188} INFO - [2025-07-16T17:48:08.705+0000] {dagbag.py:545} INFO - Filling up the DagBag from /mnt/c/Users/Shivam Gupta/OneDrive/Documents/Shivam_Developement/data_engineering/data_engineering_project/batch-etl-pyspark/.venv/lib/python3.12/site-packages/airflow/example_dags/example_bash_decorator.py
[2025-07-16T17:48:08.771+0000] {processor.py:840} INFO - DAG(s) 'example_bash_decorator' retrieved from /mnt/c/Users/Shivam Gupta/OneDrive/Documents/Shivam_Developement/data_engineering/data_engineering_project/batch-etl-pyspark/.venv/lib/python3.12/site-packages/airflow/example_dags/example_bash_decorator.py
[2025-07-16T17:48:10.725+0000] {logging_mixin.py:188} INFO - [2025-07-16T17:48:10.723+0000] {override.py:1930} INFO - Created Permission View: can read on DAG:example_bash_decorator
[2025-07-16T17:48:10.773+0000] {logging_mixin.py:188} INFO - [2025-07-16T17:48:10.772+0000] {override.py:1930} INFO - Created Permission View: can edit on DAG:example_bash_decorator
[2025-07-16T17:48:10.818+0000] {logging_mixin.py:188} INFO - [2025-07-16T17:48:10.815+0000] {override.py:1930} INFO - Created Permission View: can delete on DAG:example_bash_decorator
[2025-07-16T17:48:10.822+0000] {logging_mixin.py:188} INFO - [2025-07-16T17:48:10.821+0000] {dag.py:3096} INFO - Sync 1 DAGs
[2025-07-16T17:48:10.850+0000] {logging_mixin.py:188} INFO - [2025-07-16T17:48:10.849+0000] {dag.py:3118} INFO - Creating ORM DAG for example_bash_decorator
[2025-07-16T17:48:10.854+0000] {logging_mixin.py:188} INFO - [2025-07-16T17:48:10.852+0000] {dag.py:3954} INFO - Setting next_dagrun for example_bash_decorator to None, run_after=None
[2025-07-16T17:48:10.966+0000] {processor.py:183} INFO - Processing /mnt/c/Users/Shivam Gupta/OneDrive/Documents/Shivam_Developement/data_engineering/data_engineering_project/batch-etl-pyspark/.venv/lib/python3.12/site-packages/airflow/example_dags/example_bash_decorator.py took 2.280 seconds
[2025-07-16T17:49:58.854+0000] {processor.py:161} INFO - Started process (PID=5900) to work on /mnt/c/Users/Shivam Gupta/OneDrive/Documents/Shivam_Developement/data_engineering/data_engineering_project/batch-etl-pyspark/.venv/lib/python3.12/site-packages/airflow/example_dags/example_bash_decorator.py
[2025-07-16T17:49:58.858+0000] {processor.py:830} INFO - Processing file /mnt/c/Users/Shivam Gupta/OneDrive/Documents/Shivam_Developement/data_engineering/data_engineering_project/batch-etl-pyspark/.venv/lib/python3.12/site-packages/airflow/example_dags/example_bash_decorator.py for tasks to queue
[2025-07-16T17:49:58.862+0000] {logging_mixin.py:188} INFO - [2025-07-16T17:49:58.861+0000] {dagbag.py:545} INFO - Filling up the DagBag from /mnt/c/Users/Shivam Gupta/OneDrive/Documents/Shivam_Developement/data_engineering/data_engineering_project/batch-etl-pyspark/.venv/lib/python3.12/site-packages/airflow/example_dags/example_bash_decorator.py
[2025-07-16T17:49:58.909+0000] {processor.py:840} INFO - DAG(s) 'example_bash_decorator' retrieved from /mnt/c/Users/Shivam Gupta/OneDrive/Documents/Shivam_Developement/data_engineering/data_engineering_project/batch-etl-pyspark/.venv/lib/python3.12/site-packages/airflow/example_dags/example_bash_decorator.py
[2025-07-16T17:49:58.948+0000] {logging_mixin.py:188} INFO - [2025-07-16T17:49:58.947+0000] {dag.py:3096} INFO - Sync 1 DAGs
[2025-07-16T17:49:58.966+0000] {logging_mixin.py:188} INFO - [2025-07-16T17:49:58.964+0000] {dag.py:3954} INFO - Setting next_dagrun for example_bash_decorator to None, run_after=None
[2025-07-16T17:49:59.169+0000] {processor.py:183} INFO - Processing /mnt/c/Users/Shivam Gupta/OneDrive/Documents/Shivam_Developement/data_engineering/data_engineering_project/batch-etl-pyspark/.venv/lib/python3.12/site-packages/airflow/example_dags/example_bash_decorator.py took 0.326 seconds
[2025-07-16T17:51:28.587+0000] {processor.py:161} INFO - Started process (PID=5990) to work on /mnt/c/Users/Shivam Gupta/OneDrive/Documents/Shivam_Developement/data_engineering/data_engineering_project/batch-etl-pyspark/.venv/lib/python3.12/site-packages/airflow/example_dags/example_bash_decorator.py
[2025-07-16T17:51:28.589+0000] {processor.py:830} INFO - Processing file /mnt/c/Users/Shivam Gupta/OneDrive/Documents/Shivam_Developement/data_engineering/data_engineering_project/batch-etl-pyspark/.venv/lib/python3.12/site-packages/airflow/example_dags/example_bash_decorator.py for tasks to queue
[2025-07-16T17:51:28.592+0000] {logging_mixin.py:188} INFO - [2025-07-16T17:51:28.591+0000] {dagbag.py:545} INFO - Filling up the DagBag from /mnt/c/Users/Shivam Gupta/OneDrive/Documents/Shivam_Developement/data_engineering/data_engineering_project/batch-etl-pyspark/.venv/lib/python3.12/site-packages/airflow/example_dags/example_bash_decorator.py
[2025-07-16T17:51:28.621+0000] {processor.py:840} INFO - DAG(s) 'example_bash_decorator' retrieved from /mnt/c/Users/Shivam Gupta/OneDrive/Documents/Shivam_Developement/data_engineering/data_engineering_project/batch-etl-pyspark/.venv/lib/python3.12/site-packages/airflow/example_dags/example_bash_decorator.py
[2025-07-16T17:51:28.646+0000] {logging_mixin.py:188} INFO - [2025-07-16T17:51:28.646+0000] {dag.py:3096} INFO - Sync 1 DAGs
[2025-07-16T17:51:28.659+0000] {logging_mixin.py:188} INFO - [2025-07-16T17:51:28.658+0000] {dag.py:3954} INFO - Setting next_dagrun for example_bash_decorator to None, run_after=None
[2025-07-16T17:51:28.710+0000] {processor.py:183} INFO - Processing /mnt/c/Users/Shivam Gupta/OneDrive/Documents/Shivam_Developement/data_engineering/data_engineering_project/batch-etl-pyspark/.venv/lib/python3.12/site-packages/airflow/example_dags/example_bash_decorator.py took 0.135 seconds
[2025-07-16T17:52:37.604+0000] {processor.py:161} INFO - Started process (PID=6059) to work on /mnt/c/Users/Shivam Gupta/OneDrive/Documents/Shivam_Developement/data_engineering/data_engineering_project/batch-etl-pyspark/.venv/lib/python3.12/site-packages/airflow/example_dags/example_bash_decorator.py
[2025-07-16T17:52:37.606+0000] {processor.py:830} INFO - Processing file /mnt/c/Users/Shivam Gupta/OneDrive/Documents/Shivam_Developement/data_engineering/data_engineering_project/batch-etl-pyspark/.venv/lib/python3.12/site-packages/airflow/example_dags/example_bash_decorator.py for tasks to queue
[2025-07-16T17:52:37.610+0000] {logging_mixin.py:188} INFO - [2025-07-16T17:52:37.608+0000] {dagbag.py:545} INFO - Filling up the DagBag from /mnt/c/Users/Shivam Gupta/OneDrive/Documents/Shivam_Developement/data_engineering/data_engineering_project/batch-etl-pyspark/.venv/lib/python3.12/site-packages/airflow/example_dags/example_bash_decorator.py
[2025-07-16T17:52:37.646+0000] {processor.py:840} INFO - DAG(s) 'example_bash_decorator' retrieved from /mnt/c/Users/Shivam Gupta/OneDrive/Documents/Shivam_Developement/data_engineering/data_engineering_project/batch-etl-pyspark/.venv/lib/python3.12/site-packages/airflow/example_dags/example_bash_decorator.py
[2025-07-16T17:52:37.678+0000] {logging_mixin.py:188} INFO - [2025-07-16T17:52:37.677+0000] {dag.py:3096} INFO - Sync 1 DAGs
[2025-07-16T17:52:37.689+0000] {logging_mixin.py:188} INFO - [2025-07-16T17:52:37.688+0000] {dag.py:3954} INFO - Setting next_dagrun for example_bash_decorator to None, run_after=None
[2025-07-16T17:52:37.745+0000] {processor.py:183} INFO - Processing /mnt/c/Users/Shivam Gupta/OneDrive/Documents/Shivam_Developement/data_engineering/data_engineering_project/batch-etl-pyspark/.venv/lib/python3.12/site-packages/airflow/example_dags/example_bash_decorator.py took 0.153 seconds
[2025-07-16T17:54:07.255+0000] {processor.py:161} INFO - Started process (PID=6146) to work on /mnt/c/Users/Shivam Gupta/OneDrive/Documents/Shivam_Developement/data_engineering/data_engineering_project/batch-etl-pyspark/.venv/lib/python3.12/site-packages/airflow/example_dags/example_bash_decorator.py
[2025-07-16T17:54:07.257+0000] {processor.py:830} INFO - Processing file /mnt/c/Users/Shivam Gupta/OneDrive/Documents/Shivam_Developement/data_engineering/data_engineering_project/batch-etl-pyspark/.venv/lib/python3.12/site-packages/airflow/example_dags/example_bash_decorator.py for tasks to queue
[2025-07-16T17:54:07.261+0000] {logging_mixin.py:188} INFO - [2025-07-16T17:54:07.260+0000] {dagbag.py:545} INFO - Filling up the DagBag from /mnt/c/Users/Shivam Gupta/OneDrive/Documents/Shivam_Developement/data_engineering/data_engineering_project/batch-etl-pyspark/.venv/lib/python3.12/site-packages/airflow/example_dags/example_bash_decorator.py
[2025-07-16T17:54:07.293+0000] {processor.py:840} INFO - DAG(s) 'example_bash_decorator' retrieved from /mnt/c/Users/Shivam Gupta/OneDrive/Documents/Shivam_Developement/data_engineering/data_engineering_project/batch-etl-pyspark/.venv/lib/python3.12/site-packages/airflow/example_dags/example_bash_decorator.py
[2025-07-16T17:54:07.321+0000] {logging_mixin.py:188} INFO - [2025-07-16T17:54:07.320+0000] {dag.py:3096} INFO - Sync 1 DAGs
[2025-07-16T17:54:07.333+0000] {logging_mixin.py:188} INFO - [2025-07-16T17:54:07.332+0000] {dag.py:3954} INFO - Setting next_dagrun for example_bash_decorator to None, run_after=None
[2025-07-16T17:54:07.388+0000] {processor.py:183} INFO - Processing /mnt/c/Users/Shivam Gupta/OneDrive/Documents/Shivam_Developement/data_engineering/data_engineering_project/batch-etl-pyspark/.venv/lib/python3.12/site-packages/airflow/example_dags/example_bash_decorator.py took 0.145 seconds
[2025-07-16T17:55:37.612+0000] {processor.py:161} INFO - Started process (PID=6235) to work on /mnt/c/Users/Shivam Gupta/OneDrive/Documents/Shivam_Developement/data_engineering/data_engineering_project/batch-etl-pyspark/.venv/lib/python3.12/site-packages/airflow/example_dags/example_bash_decorator.py
[2025-07-16T17:55:37.615+0000] {processor.py:830} INFO - Processing file /mnt/c/Users/Shivam Gupta/OneDrive/Documents/Shivam_Developement/data_engineering/data_engineering_project/batch-etl-pyspark/.venv/lib/python3.12/site-packages/airflow/example_dags/example_bash_decorator.py for tasks to queue
[2025-07-16T17:55:37.618+0000] {logging_mixin.py:188} INFO - [2025-07-16T17:55:37.617+0000] {dagbag.py:545} INFO - Filling up the DagBag from /mnt/c/Users/Shivam Gupta/OneDrive/Documents/Shivam_Developement/data_engineering/data_engineering_project/batch-etl-pyspark/.venv/lib/python3.12/site-packages/airflow/example_dags/example_bash_decorator.py
[2025-07-16T17:55:37.654+0000] {processor.py:840} INFO - DAG(s) 'example_bash_decorator' retrieved from /mnt/c/Users/Shivam Gupta/OneDrive/Documents/Shivam_Developement/data_engineering/data_engineering_project/batch-etl-pyspark/.venv/lib/python3.12/site-packages/airflow/example_dags/example_bash_decorator.py
[2025-07-16T17:55:37.692+0000] {logging_mixin.py:188} INFO - [2025-07-16T17:55:37.691+0000] {dag.py:3096} INFO - Sync 1 DAGs
[2025-07-16T17:55:37.708+0000] {logging_mixin.py:188} INFO - [2025-07-16T17:55:37.706+0000] {dag.py:3954} INFO - Setting next_dagrun for example_bash_decorator to None, run_after=None
[2025-07-16T17:55:37.796+0000] {processor.py:183} INFO - Processing /mnt/c/Users/Shivam Gupta/OneDrive/Documents/Shivam_Developement/data_engineering/data_engineering_project/batch-etl-pyspark/.venv/lib/python3.12/site-packages/airflow/example_dags/example_bash_decorator.py took 0.202 seconds
[2025-07-16T18:03:11.369+0000] {processor.py:161} INFO - Started process (PID=6765) to work on /mnt/c/Users/Shivam Gupta/OneDrive/Documents/Shivam_Developement/data_engineering/data_engineering_project/batch-etl-pyspark/.venv/lib/python3.12/site-packages/airflow/example_dags/example_bash_decorator.py
[2025-07-16T18:03:11.371+0000] {processor.py:830} INFO - Processing file /mnt/c/Users/Shivam Gupta/OneDrive/Documents/Shivam_Developement/data_engineering/data_engineering_project/batch-etl-pyspark/.venv/lib/python3.12/site-packages/airflow/example_dags/example_bash_decorator.py for tasks to queue
[2025-07-16T18:03:11.375+0000] {logging_mixin.py:188} INFO - [2025-07-16T18:03:11.374+0000] {dagbag.py:545} INFO - Filling up the DagBag from /mnt/c/Users/Shivam Gupta/OneDrive/Documents/Shivam_Developement/data_engineering/data_engineering_project/batch-etl-pyspark/.venv/lib/python3.12/site-packages/airflow/example_dags/example_bash_decorator.py
[2025-07-16T18:03:11.414+0000] {processor.py:840} INFO - DAG(s) 'example_bash_decorator' retrieved from /mnt/c/Users/Shivam Gupta/OneDrive/Documents/Shivam_Developement/data_engineering/data_engineering_project/batch-etl-pyspark/.venv/lib/python3.12/site-packages/airflow/example_dags/example_bash_decorator.py
[2025-07-16T18:03:12.943+0000] {logging_mixin.py:188} INFO - [2025-07-16T18:03:12.941+0000] {dag.py:3096} INFO - Sync 1 DAGs
[2025-07-16T18:03:12.956+0000] {logging_mixin.py:188} INFO - [2025-07-16T18:03:12.955+0000] {dag.py:3954} INFO - Setting next_dagrun for example_bash_decorator to None, run_after=None
[2025-07-16T18:03:13.028+0000] {processor.py:183} INFO - Processing /mnt/c/Users/Shivam Gupta/OneDrive/Documents/Shivam_Developement/data_engineering/data_engineering_project/batch-etl-pyspark/.venv/lib/python3.12/site-packages/airflow/example_dags/example_bash_decorator.py took 1.669 seconds
[2025-07-16T18:38:59.044+0000] {processor.py:161} INFO - Started process (PID=8712) to work on /mnt/c/Users/Shivam Gupta/OneDrive/Documents/Shivam_Developement/data_engineering/data_engineering_project/batch-etl-pyspark/.venv/lib/python3.12/site-packages/airflow/example_dags/example_bash_decorator.py
[2025-07-16T18:38:59.047+0000] {processor.py:830} INFO - Processing file /mnt/c/Users/Shivam Gupta/OneDrive/Documents/Shivam_Developement/data_engineering/data_engineering_project/batch-etl-pyspark/.venv/lib/python3.12/site-packages/airflow/example_dags/example_bash_decorator.py for tasks to queue
[2025-07-16T18:38:59.050+0000] {logging_mixin.py:188} INFO - [2025-07-16T18:38:59.049+0000] {dagbag.py:545} INFO - Filling up the DagBag from /mnt/c/Users/Shivam Gupta/OneDrive/Documents/Shivam_Developement/data_engineering/data_engineering_project/batch-etl-pyspark/.venv/lib/python3.12/site-packages/airflow/example_dags/example_bash_decorator.py
[2025-07-16T18:38:59.086+0000] {processor.py:840} INFO - DAG(s) 'example_bash_decorator' retrieved from /mnt/c/Users/Shivam Gupta/OneDrive/Documents/Shivam_Developement/data_engineering/data_engineering_project/batch-etl-pyspark/.venv/lib/python3.12/site-packages/airflow/example_dags/example_bash_decorator.py
[2025-07-16T18:39:00.274+0000] {logging_mixin.py:188} INFO - [2025-07-16T18:39:00.273+0000] {dag.py:3096} INFO - Sync 1 DAGs
[2025-07-16T18:39:00.286+0000] {logging_mixin.py:188} INFO - [2025-07-16T18:39:00.285+0000] {dag.py:3954} INFO - Setting next_dagrun for example_bash_decorator to None, run_after=None
[2025-07-16T18:39:00.365+0000] {processor.py:183} INFO - Processing /mnt/c/Users/Shivam Gupta/OneDrive/Documents/Shivam_Developement/data_engineering/data_engineering_project/batch-etl-pyspark/.venv/lib/python3.12/site-packages/airflow/example_dags/example_bash_decorator.py took 1.333 seconds
[2025-07-16T18:53:07.441+0000] {processor.py:161} INFO - Started process (PID=9412) to work on /mnt/c/Users/Shivam Gupta/OneDrive/Documents/Shivam_Developement/data_engineering/data_engineering_project/batch-etl-pyspark/.venv/lib/python3.12/site-packages/airflow/example_dags/example_bash_decorator.py
[2025-07-16T18:53:07.444+0000] {processor.py:830} INFO - Processing file /mnt/c/Users/Shivam Gupta/OneDrive/Documents/Shivam_Developement/data_engineering/data_engineering_project/batch-etl-pyspark/.venv/lib/python3.12/site-packages/airflow/example_dags/example_bash_decorator.py for tasks to queue
[2025-07-16T18:53:07.448+0000] {logging_mixin.py:188} INFO - [2025-07-16T18:53:07.446+0000] {dagbag.py:545} INFO - Filling up the DagBag from /mnt/c/Users/Shivam Gupta/OneDrive/Documents/Shivam_Developement/data_engineering/data_engineering_project/batch-etl-pyspark/.venv/lib/python3.12/site-packages/airflow/example_dags/example_bash_decorator.py
[2025-07-16T18:53:07.497+0000] {processor.py:840} INFO - DAG(s) 'example_bash_decorator' retrieved from /mnt/c/Users/Shivam Gupta/OneDrive/Documents/Shivam_Developement/data_engineering/data_engineering_project/batch-etl-pyspark/.venv/lib/python3.12/site-packages/airflow/example_dags/example_bash_decorator.py
[2025-07-16T18:53:09.657+0000] {logging_mixin.py:188} INFO - [2025-07-16T18:53:09.654+0000] {dag.py:3096} INFO - Sync 1 DAGs
[2025-07-16T18:53:09.673+0000] {logging_mixin.py:188} INFO - [2025-07-16T18:53:09.673+0000] {dag.py:3954} INFO - Setting next_dagrun for example_bash_decorator to None, run_after=None
[2025-07-16T18:53:09.721+0000] {processor.py:183} INFO - Processing /mnt/c/Users/Shivam Gupta/OneDrive/Documents/Shivam_Developement/data_engineering/data_engineering_project/batch-etl-pyspark/.venv/lib/python3.12/site-packages/airflow/example_dags/example_bash_decorator.py took 2.301 seconds
[2025-07-16T18:54:32.221+0000] {processor.py:161} INFO - Started process (PID=9532) to work on /mnt/c/Users/Shivam Gupta/OneDrive/Documents/Shivam_Developement/data_engineering/data_engineering_project/batch-etl-pyspark/.venv/lib/python3.12/site-packages/airflow/example_dags/example_bash_decorator.py
[2025-07-16T18:54:32.224+0000] {processor.py:830} INFO - Processing file /mnt/c/Users/Shivam Gupta/OneDrive/Documents/Shivam_Developement/data_engineering/data_engineering_project/batch-etl-pyspark/.venv/lib/python3.12/site-packages/airflow/example_dags/example_bash_decorator.py for tasks to queue
[2025-07-16T18:54:32.230+0000] {logging_mixin.py:188} INFO - [2025-07-16T18:54:32.228+0000] {dagbag.py:545} INFO - Filling up the DagBag from /mnt/c/Users/Shivam Gupta/OneDrive/Documents/Shivam_Developement/data_engineering/data_engineering_project/batch-etl-pyspark/.venv/lib/python3.12/site-packages/airflow/example_dags/example_bash_decorator.py
[2025-07-16T18:54:32.293+0000] {processor.py:840} INFO - DAG(s) 'example_bash_decorator' retrieved from /mnt/c/Users/Shivam Gupta/OneDrive/Documents/Shivam_Developement/data_engineering/data_engineering_project/batch-etl-pyspark/.venv/lib/python3.12/site-packages/airflow/example_dags/example_bash_decorator.py
[2025-07-16T18:54:32.332+0000] {logging_mixin.py:188} INFO - [2025-07-16T18:54:32.331+0000] {dag.py:3096} INFO - Sync 1 DAGs
[2025-07-16T18:54:32.351+0000] {logging_mixin.py:188} INFO - [2025-07-16T18:54:32.349+0000] {dag.py:3954} INFO - Setting next_dagrun for example_bash_decorator to None, run_after=None
[2025-07-16T18:54:32.492+0000] {processor.py:183} INFO - Processing /mnt/c/Users/Shivam Gupta/OneDrive/Documents/Shivam_Developement/data_engineering/data_engineering_project/batch-etl-pyspark/.venv/lib/python3.12/site-packages/airflow/example_dags/example_bash_decorator.py took 0.293 seconds
[2025-07-16T18:55:54.516+0000] {processor.py:161} INFO - Started process (PID=9772) to work on /mnt/c/Users/Shivam Gupta/OneDrive/Documents/Shivam_Developement/data_engineering/data_engineering_project/batch-etl-pyspark/.venv/lib/python3.12/site-packages/airflow/example_dags/example_bash_decorator.py
[2025-07-16T18:55:54.518+0000] {processor.py:830} INFO - Processing file /mnt/c/Users/Shivam Gupta/OneDrive/Documents/Shivam_Developement/data_engineering/data_engineering_project/batch-etl-pyspark/.venv/lib/python3.12/site-packages/airflow/example_dags/example_bash_decorator.py for tasks to queue
[2025-07-16T18:55:54.520+0000] {logging_mixin.py:188} INFO - [2025-07-16T18:55:54.519+0000] {dagbag.py:545} INFO - Filling up the DagBag from /mnt/c/Users/Shivam Gupta/OneDrive/Documents/Shivam_Developement/data_engineering/data_engineering_project/batch-etl-pyspark/.venv/lib/python3.12/site-packages/airflow/example_dags/example_bash_decorator.py
[2025-07-16T18:55:54.543+0000] {processor.py:840} INFO - DAG(s) 'example_bash_decorator' retrieved from /mnt/c/Users/Shivam Gupta/OneDrive/Documents/Shivam_Developement/data_engineering/data_engineering_project/batch-etl-pyspark/.venv/lib/python3.12/site-packages/airflow/example_dags/example_bash_decorator.py
[2025-07-16T18:55:54.569+0000] {logging_mixin.py:188} INFO - [2025-07-16T18:55:54.568+0000] {dag.py:3096} INFO - Sync 1 DAGs
[2025-07-16T18:55:54.579+0000] {logging_mixin.py:188} INFO - [2025-07-16T18:55:54.578+0000] {dag.py:3954} INFO - Setting next_dagrun for example_bash_decorator to None, run_after=None
[2025-07-16T18:55:54.622+0000] {processor.py:183} INFO - Processing /mnt/c/Users/Shivam Gupta/OneDrive/Documents/Shivam_Developement/data_engineering/data_engineering_project/batch-etl-pyspark/.venv/lib/python3.12/site-packages/airflow/example_dags/example_bash_decorator.py took 0.113 seconds
[2025-07-16T18:57:08.959+0000] {processor.py:161} INFO - Started process (PID=9922) to work on /mnt/c/Users/Shivam Gupta/OneDrive/Documents/Shivam_Developement/data_engineering/data_engineering_project/batch-etl-pyspark/.venv/lib/python3.12/site-packages/airflow/example_dags/example_bash_decorator.py
[2025-07-16T18:57:08.961+0000] {processor.py:830} INFO - Processing file /mnt/c/Users/Shivam Gupta/OneDrive/Documents/Shivam_Developement/data_engineering/data_engineering_project/batch-etl-pyspark/.venv/lib/python3.12/site-packages/airflow/example_dags/example_bash_decorator.py for tasks to queue
[2025-07-16T18:57:08.963+0000] {logging_mixin.py:188} INFO - [2025-07-16T18:57:08.963+0000] {dagbag.py:545} INFO - Filling up the DagBag from /mnt/c/Users/Shivam Gupta/OneDrive/Documents/Shivam_Developement/data_engineering/data_engineering_project/batch-etl-pyspark/.venv/lib/python3.12/site-packages/airflow/example_dags/example_bash_decorator.py
[2025-07-16T18:57:08.991+0000] {processor.py:840} INFO - DAG(s) 'example_bash_decorator' retrieved from /mnt/c/Users/Shivam Gupta/OneDrive/Documents/Shivam_Developement/data_engineering/data_engineering_project/batch-etl-pyspark/.venv/lib/python3.12/site-packages/airflow/example_dags/example_bash_decorator.py
[2025-07-16T18:57:09.017+0000] {logging_mixin.py:188} INFO - [2025-07-16T18:57:09.017+0000] {dag.py:3096} INFO - Sync 1 DAGs
[2025-07-16T18:57:09.030+0000] {logging_mixin.py:188} INFO - [2025-07-16T18:57:09.029+0000] {dag.py:3954} INFO - Setting next_dagrun for example_bash_decorator to None, run_after=None
[2025-07-16T18:57:09.083+0000] {processor.py:183} INFO - Processing /mnt/c/Users/Shivam Gupta/OneDrive/Documents/Shivam_Developement/data_engineering/data_engineering_project/batch-etl-pyspark/.venv/lib/python3.12/site-packages/airflow/example_dags/example_bash_decorator.py took 0.133 seconds
[2025-07-16T18:58:30.738+0000] {processor.py:161} INFO - Started process (PID=10074) to work on /mnt/c/Users/Shivam Gupta/OneDrive/Documents/Shivam_Developement/data_engineering/data_engineering_project/batch-etl-pyspark/.venv/lib/python3.12/site-packages/airflow/example_dags/example_bash_decorator.py
[2025-07-16T18:58:30.741+0000] {processor.py:830} INFO - Processing file /mnt/c/Users/Shivam Gupta/OneDrive/Documents/Shivam_Developement/data_engineering/data_engineering_project/batch-etl-pyspark/.venv/lib/python3.12/site-packages/airflow/example_dags/example_bash_decorator.py for tasks to queue
[2025-07-16T18:58:30.744+0000] {logging_mixin.py:188} INFO - [2025-07-16T18:58:30.743+0000] {dagbag.py:545} INFO - Filling up the DagBag from /mnt/c/Users/Shivam Gupta/OneDrive/Documents/Shivam_Developement/data_engineering/data_engineering_project/batch-etl-pyspark/.venv/lib/python3.12/site-packages/airflow/example_dags/example_bash_decorator.py
[2025-07-16T18:58:30.798+0000] {processor.py:840} INFO - DAG(s) 'example_bash_decorator' retrieved from /mnt/c/Users/Shivam Gupta/OneDrive/Documents/Shivam_Developement/data_engineering/data_engineering_project/batch-etl-pyspark/.venv/lib/python3.12/site-packages/airflow/example_dags/example_bash_decorator.py
[2025-07-16T18:58:30.820+0000] {logging_mixin.py:188} INFO - [2025-07-16T18:58:30.820+0000] {dag.py:3096} INFO - Sync 1 DAGs
[2025-07-16T18:58:30.830+0000] {logging_mixin.py:188} INFO - [2025-07-16T18:58:30.829+0000] {dag.py:3954} INFO - Setting next_dagrun for example_bash_decorator to None, run_after=None
[2025-07-16T18:58:30.870+0000] {processor.py:183} INFO - Processing /mnt/c/Users/Shivam Gupta/OneDrive/Documents/Shivam_Developement/data_engineering/data_engineering_project/batch-etl-pyspark/.venv/lib/python3.12/site-packages/airflow/example_dags/example_bash_decorator.py took 0.149 seconds
[2025-07-16T18:59:55.863+0000] {processor.py:161} INFO - Started process (PID=10249) to work on /mnt/c/Users/Shivam Gupta/OneDrive/Documents/Shivam_Developement/data_engineering/data_engineering_project/batch-etl-pyspark/.venv/lib/python3.12/site-packages/airflow/example_dags/example_bash_decorator.py
[2025-07-16T18:59:55.864+0000] {processor.py:830} INFO - Processing file /mnt/c/Users/Shivam Gupta/OneDrive/Documents/Shivam_Developement/data_engineering/data_engineering_project/batch-etl-pyspark/.venv/lib/python3.12/site-packages/airflow/example_dags/example_bash_decorator.py for tasks to queue
[2025-07-16T18:59:55.867+0000] {logging_mixin.py:188} INFO - [2025-07-16T18:59:55.866+0000] {dagbag.py:545} INFO - Filling up the DagBag from /mnt/c/Users/Shivam Gupta/OneDrive/Documents/Shivam_Developement/data_engineering/data_engineering_project/batch-etl-pyspark/.venv/lib/python3.12/site-packages/airflow/example_dags/example_bash_decorator.py
[2025-07-16T18:59:55.897+0000] {processor.py:840} INFO - DAG(s) 'example_bash_decorator' retrieved from /mnt/c/Users/Shivam Gupta/OneDrive/Documents/Shivam_Developement/data_engineering/data_engineering_project/batch-etl-pyspark/.venv/lib/python3.12/site-packages/airflow/example_dags/example_bash_decorator.py
[2025-07-16T18:59:55.924+0000] {logging_mixin.py:188} INFO - [2025-07-16T18:59:55.923+0000] {dag.py:3096} INFO - Sync 1 DAGs
[2025-07-16T18:59:55.934+0000] {logging_mixin.py:188} INFO - [2025-07-16T18:59:55.933+0000] {dag.py:3954} INFO - Setting next_dagrun for example_bash_decorator to None, run_after=None
[2025-07-16T18:59:55.984+0000] {processor.py:183} INFO - Processing /mnt/c/Users/Shivam Gupta/OneDrive/Documents/Shivam_Developement/data_engineering/data_engineering_project/batch-etl-pyspark/.venv/lib/python3.12/site-packages/airflow/example_dags/example_bash_decorator.py took 0.131 seconds
[2025-07-16T19:01:25.037+0000] {processor.py:161} INFO - Started process (PID=10446) to work on /mnt/c/Users/Shivam Gupta/OneDrive/Documents/Shivam_Developement/data_engineering/data_engineering_project/batch-etl-pyspark/.venv/lib/python3.12/site-packages/airflow/example_dags/example_bash_decorator.py
[2025-07-16T19:01:25.041+0000] {processor.py:830} INFO - Processing file /mnt/c/Users/Shivam Gupta/OneDrive/Documents/Shivam_Developement/data_engineering/data_engineering_project/batch-etl-pyspark/.venv/lib/python3.12/site-packages/airflow/example_dags/example_bash_decorator.py for tasks to queue
[2025-07-16T19:01:25.047+0000] {logging_mixin.py:188} INFO - [2025-07-16T19:01:25.045+0000] {dagbag.py:545} INFO - Filling up the DagBag from /mnt/c/Users/Shivam Gupta/OneDrive/Documents/Shivam_Developement/data_engineering/data_engineering_project/batch-etl-pyspark/.venv/lib/python3.12/site-packages/airflow/example_dags/example_bash_decorator.py
[2025-07-16T19:01:25.105+0000] {processor.py:840} INFO - DAG(s) 'example_bash_decorator' retrieved from /mnt/c/Users/Shivam Gupta/OneDrive/Documents/Shivam_Developement/data_engineering/data_engineering_project/batch-etl-pyspark/.venv/lib/python3.12/site-packages/airflow/example_dags/example_bash_decorator.py
[2025-07-16T19:01:25.199+0000] {logging_mixin.py:188} INFO - [2025-07-16T19:01:25.196+0000] {dag.py:3096} INFO - Sync 1 DAGs
[2025-07-16T19:01:25.228+0000] {logging_mixin.py:188} INFO - [2025-07-16T19:01:25.226+0000] {dag.py:3954} INFO - Setting next_dagrun for example_bash_decorator to None, run_after=None
[2025-07-16T19:01:25.322+0000] {processor.py:183} INFO - Processing /mnt/c/Users/Shivam Gupta/OneDrive/Documents/Shivam_Developement/data_engineering/data_engineering_project/batch-etl-pyspark/.venv/lib/python3.12/site-packages/airflow/example_dags/example_bash_decorator.py took 0.304 seconds
[2025-07-16T19:02:57.150+0000] {processor.py:161} INFO - Started process (PID=10639) to work on /mnt/c/Users/Shivam Gupta/OneDrive/Documents/Shivam_Developement/data_engineering/data_engineering_project/batch-etl-pyspark/.venv/lib/python3.12/site-packages/airflow/example_dags/example_bash_decorator.py
[2025-07-16T19:02:57.153+0000] {processor.py:830} INFO - Processing file /mnt/c/Users/Shivam Gupta/OneDrive/Documents/Shivam_Developement/data_engineering/data_engineering_project/batch-etl-pyspark/.venv/lib/python3.12/site-packages/airflow/example_dags/example_bash_decorator.py for tasks to queue
[2025-07-16T19:02:57.157+0000] {logging_mixin.py:188} INFO - [2025-07-16T19:02:57.155+0000] {dagbag.py:545} INFO - Filling up the DagBag from /mnt/c/Users/Shivam Gupta/OneDrive/Documents/Shivam_Developement/data_engineering/data_engineering_project/batch-etl-pyspark/.venv/lib/python3.12/site-packages/airflow/example_dags/example_bash_decorator.py
[2025-07-16T19:02:57.201+0000] {processor.py:840} INFO - DAG(s) 'example_bash_decorator' retrieved from /mnt/c/Users/Shivam Gupta/OneDrive/Documents/Shivam_Developement/data_engineering/data_engineering_project/batch-etl-pyspark/.venv/lib/python3.12/site-packages/airflow/example_dags/example_bash_decorator.py
[2025-07-16T19:02:57.237+0000] {logging_mixin.py:188} INFO - [2025-07-16T19:02:57.235+0000] {dag.py:3096} INFO - Sync 1 DAGs
[2025-07-16T19:02:57.253+0000] {logging_mixin.py:188} INFO - [2025-07-16T19:02:57.251+0000] {dag.py:3954} INFO - Setting next_dagrun for example_bash_decorator to None, run_after=None
[2025-07-16T19:02:57.332+0000] {processor.py:183} INFO - Processing /mnt/c/Users/Shivam Gupta/OneDrive/Documents/Shivam_Developement/data_engineering/data_engineering_project/batch-etl-pyspark/.venv/lib/python3.12/site-packages/airflow/example_dags/example_bash_decorator.py took 0.198 seconds
[2025-07-16T19:04:28.230+0000] {processor.py:161} INFO - Started process (PID=10798) to work on /mnt/c/Users/Shivam Gupta/OneDrive/Documents/Shivam_Developement/data_engineering/data_engineering_project/batch-etl-pyspark/.venv/lib/python3.12/site-packages/airflow/example_dags/example_bash_decorator.py
[2025-07-16T19:04:28.233+0000] {processor.py:830} INFO - Processing file /mnt/c/Users/Shivam Gupta/OneDrive/Documents/Shivam_Developement/data_engineering/data_engineering_project/batch-etl-pyspark/.venv/lib/python3.12/site-packages/airflow/example_dags/example_bash_decorator.py for tasks to queue
[2025-07-16T19:04:28.239+0000] {logging_mixin.py:188} INFO - [2025-07-16T19:04:28.237+0000] {dagbag.py:545} INFO - Filling up the DagBag from /mnt/c/Users/Shivam Gupta/OneDrive/Documents/Shivam_Developement/data_engineering/data_engineering_project/batch-etl-pyspark/.venv/lib/python3.12/site-packages/airflow/example_dags/example_bash_decorator.py
[2025-07-16T19:04:28.428+0000] {processor.py:840} INFO - DAG(s) 'example_bash_decorator' retrieved from /mnt/c/Users/Shivam Gupta/OneDrive/Documents/Shivam_Developement/data_engineering/data_engineering_project/batch-etl-pyspark/.venv/lib/python3.12/site-packages/airflow/example_dags/example_bash_decorator.py
[2025-07-16T19:04:28.512+0000] {logging_mixin.py:188} INFO - [2025-07-16T19:04:28.510+0000] {dag.py:3096} INFO - Sync 1 DAGs
[2025-07-16T19:04:28.548+0000] {logging_mixin.py:188} INFO - [2025-07-16T19:04:28.546+0000] {dag.py:3954} INFO - Setting next_dagrun for example_bash_decorator to None, run_after=None
[2025-07-16T19:04:28.710+0000] {processor.py:183} INFO - Processing /mnt/c/Users/Shivam Gupta/OneDrive/Documents/Shivam_Developement/data_engineering/data_engineering_project/batch-etl-pyspark/.venv/lib/python3.12/site-packages/airflow/example_dags/example_bash_decorator.py took 0.499 seconds
[2025-07-16T19:05:52.461+0000] {processor.py:161} INFO - Started process (PID=10956) to work on /mnt/c/Users/Shivam Gupta/OneDrive/Documents/Shivam_Developement/data_engineering/data_engineering_project/batch-etl-pyspark/.venv/lib/python3.12/site-packages/airflow/example_dags/example_bash_decorator.py
[2025-07-16T19:05:52.463+0000] {processor.py:830} INFO - Processing file /mnt/c/Users/Shivam Gupta/OneDrive/Documents/Shivam_Developement/data_engineering/data_engineering_project/batch-etl-pyspark/.venv/lib/python3.12/site-packages/airflow/example_dags/example_bash_decorator.py for tasks to queue
[2025-07-16T19:05:52.468+0000] {logging_mixin.py:188} INFO - [2025-07-16T19:05:52.466+0000] {dagbag.py:545} INFO - Filling up the DagBag from /mnt/c/Users/Shivam Gupta/OneDrive/Documents/Shivam_Developement/data_engineering/data_engineering_project/batch-etl-pyspark/.venv/lib/python3.12/site-packages/airflow/example_dags/example_bash_decorator.py
[2025-07-16T19:05:52.521+0000] {processor.py:840} INFO - DAG(s) 'example_bash_decorator' retrieved from /mnt/c/Users/Shivam Gupta/OneDrive/Documents/Shivam_Developement/data_engineering/data_engineering_project/batch-etl-pyspark/.venv/lib/python3.12/site-packages/airflow/example_dags/example_bash_decorator.py
[2025-07-16T19:05:52.562+0000] {logging_mixin.py:188} INFO - [2025-07-16T19:05:52.561+0000] {dag.py:3096} INFO - Sync 1 DAGs
[2025-07-16T19:05:52.577+0000] {logging_mixin.py:188} INFO - [2025-07-16T19:05:52.576+0000] {dag.py:3954} INFO - Setting next_dagrun for example_bash_decorator to None, run_after=None
[2025-07-16T19:05:52.647+0000] {processor.py:183} INFO - Processing /mnt/c/Users/Shivam Gupta/OneDrive/Documents/Shivam_Developement/data_engineering/data_engineering_project/batch-etl-pyspark/.venv/lib/python3.12/site-packages/airflow/example_dags/example_bash_decorator.py took 0.204 seconds
[2025-07-16T19:07:19.828+0000] {processor.py:161} INFO - Started process (PID=11123) to work on /mnt/c/Users/Shivam Gupta/OneDrive/Documents/Shivam_Developement/data_engineering/data_engineering_project/batch-etl-pyspark/.venv/lib/python3.12/site-packages/airflow/example_dags/example_bash_decorator.py
[2025-07-16T19:07:19.831+0000] {processor.py:830} INFO - Processing file /mnt/c/Users/Shivam Gupta/OneDrive/Documents/Shivam_Developement/data_engineering/data_engineering_project/batch-etl-pyspark/.venv/lib/python3.12/site-packages/airflow/example_dags/example_bash_decorator.py for tasks to queue
[2025-07-16T19:07:19.834+0000] {logging_mixin.py:188} INFO - [2025-07-16T19:07:19.833+0000] {dagbag.py:545} INFO - Filling up the DagBag from /mnt/c/Users/Shivam Gupta/OneDrive/Documents/Shivam_Developement/data_engineering/data_engineering_project/batch-etl-pyspark/.venv/lib/python3.12/site-packages/airflow/example_dags/example_bash_decorator.py
[2025-07-16T19:07:19.890+0000] {processor.py:840} INFO - DAG(s) 'example_bash_decorator' retrieved from /mnt/c/Users/Shivam Gupta/OneDrive/Documents/Shivam_Developement/data_engineering/data_engineering_project/batch-etl-pyspark/.venv/lib/python3.12/site-packages/airflow/example_dags/example_bash_decorator.py
[2025-07-16T19:07:19.938+0000] {logging_mixin.py:188} INFO - [2025-07-16T19:07:19.937+0000] {dag.py:3096} INFO - Sync 1 DAGs
[2025-07-16T19:07:19.957+0000] {logging_mixin.py:188} INFO - [2025-07-16T19:07:19.955+0000] {dag.py:3954} INFO - Setting next_dagrun for example_bash_decorator to None, run_after=None
[2025-07-16T19:07:20.058+0000] {processor.py:183} INFO - Processing /mnt/c/Users/Shivam Gupta/OneDrive/Documents/Shivam_Developement/data_engineering/data_engineering_project/batch-etl-pyspark/.venv/lib/python3.12/site-packages/airflow/example_dags/example_bash_decorator.py took 0.247 seconds
[2025-07-16T19:08:51.754+0000] {processor.py:161} INFO - Started process (PID=11272) to work on /mnt/c/Users/Shivam Gupta/OneDrive/Documents/Shivam_Developement/data_engineering/data_engineering_project/batch-etl-pyspark/.venv/lib/python3.12/site-packages/airflow/example_dags/example_bash_decorator.py
[2025-07-16T19:08:51.755+0000] {processor.py:830} INFO - Processing file /mnt/c/Users/Shivam Gupta/OneDrive/Documents/Shivam_Developement/data_engineering/data_engineering_project/batch-etl-pyspark/.venv/lib/python3.12/site-packages/airflow/example_dags/example_bash_decorator.py for tasks to queue
[2025-07-16T19:08:51.759+0000] {logging_mixin.py:188} INFO - [2025-07-16T19:08:51.758+0000] {dagbag.py:545} INFO - Filling up the DagBag from /mnt/c/Users/Shivam Gupta/OneDrive/Documents/Shivam_Developement/data_engineering/data_engineering_project/batch-etl-pyspark/.venv/lib/python3.12/site-packages/airflow/example_dags/example_bash_decorator.py
[2025-07-16T19:08:51.785+0000] {processor.py:840} INFO - DAG(s) 'example_bash_decorator' retrieved from /mnt/c/Users/Shivam Gupta/OneDrive/Documents/Shivam_Developement/data_engineering/data_engineering_project/batch-etl-pyspark/.venv/lib/python3.12/site-packages/airflow/example_dags/example_bash_decorator.py
[2025-07-16T19:08:51.808+0000] {logging_mixin.py:188} INFO - [2025-07-16T19:08:51.808+0000] {dag.py:3096} INFO - Sync 1 DAGs
[2025-07-16T19:08:51.819+0000] {logging_mixin.py:188} INFO - [2025-07-16T19:08:51.819+0000] {dag.py:3954} INFO - Setting next_dagrun for example_bash_decorator to None, run_after=None
[2025-07-16T19:08:51.905+0000] {processor.py:183} INFO - Processing /mnt/c/Users/Shivam Gupta/OneDrive/Documents/Shivam_Developement/data_engineering/data_engineering_project/batch-etl-pyspark/.venv/lib/python3.12/site-packages/airflow/example_dags/example_bash_decorator.py took 0.160 seconds
[2025-07-16T19:10:20.255+0000] {processor.py:161} INFO - Started process (PID=11442) to work on /mnt/c/Users/Shivam Gupta/OneDrive/Documents/Shivam_Developement/data_engineering/data_engineering_project/batch-etl-pyspark/.venv/lib/python3.12/site-packages/airflow/example_dags/example_bash_decorator.py
[2025-07-16T19:10:20.257+0000] {processor.py:830} INFO - Processing file /mnt/c/Users/Shivam Gupta/OneDrive/Documents/Shivam_Developement/data_engineering/data_engineering_project/batch-etl-pyspark/.venv/lib/python3.12/site-packages/airflow/example_dags/example_bash_decorator.py for tasks to queue
[2025-07-16T19:10:20.260+0000] {logging_mixin.py:188} INFO - [2025-07-16T19:10:20.259+0000] {dagbag.py:545} INFO - Filling up the DagBag from /mnt/c/Users/Shivam Gupta/OneDrive/Documents/Shivam_Developement/data_engineering/data_engineering_project/batch-etl-pyspark/.venv/lib/python3.12/site-packages/airflow/example_dags/example_bash_decorator.py
[2025-07-16T19:10:20.287+0000] {processor.py:840} INFO - DAG(s) 'example_bash_decorator' retrieved from /mnt/c/Users/Shivam Gupta/OneDrive/Documents/Shivam_Developement/data_engineering/data_engineering_project/batch-etl-pyspark/.venv/lib/python3.12/site-packages/airflow/example_dags/example_bash_decorator.py
[2025-07-16T19:10:20.316+0000] {logging_mixin.py:188} INFO - [2025-07-16T19:10:20.316+0000] {dag.py:3096} INFO - Sync 1 DAGs
[2025-07-16T19:10:20.329+0000] {logging_mixin.py:188} INFO - [2025-07-16T19:10:20.328+0000] {dag.py:3954} INFO - Setting next_dagrun for example_bash_decorator to None, run_after=None
[2025-07-16T19:10:20.401+0000] {processor.py:183} INFO - Processing /mnt/c/Users/Shivam Gupta/OneDrive/Documents/Shivam_Developement/data_engineering/data_engineering_project/batch-etl-pyspark/.venv/lib/python3.12/site-packages/airflow/example_dags/example_bash_decorator.py took 0.156 seconds
[2025-07-16T19:11:55.579+0000] {processor.py:161} INFO - Started process (PID=11615) to work on /mnt/c/Users/Shivam Gupta/OneDrive/Documents/Shivam_Developement/data_engineering/data_engineering_project/batch-etl-pyspark/.venv/lib/python3.12/site-packages/airflow/example_dags/example_bash_decorator.py
[2025-07-16T19:11:55.581+0000] {processor.py:830} INFO - Processing file /mnt/c/Users/Shivam Gupta/OneDrive/Documents/Shivam_Developement/data_engineering/data_engineering_project/batch-etl-pyspark/.venv/lib/python3.12/site-packages/airflow/example_dags/example_bash_decorator.py for tasks to queue
[2025-07-16T19:11:55.587+0000] {logging_mixin.py:188} INFO - [2025-07-16T19:11:55.586+0000] {dagbag.py:545} INFO - Filling up the DagBag from /mnt/c/Users/Shivam Gupta/OneDrive/Documents/Shivam_Developement/data_engineering/data_engineering_project/batch-etl-pyspark/.venv/lib/python3.12/site-packages/airflow/example_dags/example_bash_decorator.py
[2025-07-16T19:11:55.628+0000] {processor.py:840} INFO - DAG(s) 'example_bash_decorator' retrieved from /mnt/c/Users/Shivam Gupta/OneDrive/Documents/Shivam_Developement/data_engineering/data_engineering_project/batch-etl-pyspark/.venv/lib/python3.12/site-packages/airflow/example_dags/example_bash_decorator.py
[2025-07-16T19:11:55.662+0000] {logging_mixin.py:188} INFO - [2025-07-16T19:11:55.661+0000] {dag.py:3096} INFO - Sync 1 DAGs
[2025-07-16T19:11:55.675+0000] {logging_mixin.py:188} INFO - [2025-07-16T19:11:55.674+0000] {dag.py:3954} INFO - Setting next_dagrun for example_bash_decorator to None, run_after=None
[2025-07-16T19:11:55.788+0000] {processor.py:183} INFO - Processing /mnt/c/Users/Shivam Gupta/OneDrive/Documents/Shivam_Developement/data_engineering/data_engineering_project/batch-etl-pyspark/.venv/lib/python3.12/site-packages/airflow/example_dags/example_bash_decorator.py took 0.232 seconds
[2025-07-16T19:13:22.821+0000] {processor.py:161} INFO - Started process (PID=11783) to work on /mnt/c/Users/Shivam Gupta/OneDrive/Documents/Shivam_Developement/data_engineering/data_engineering_project/batch-etl-pyspark/.venv/lib/python3.12/site-packages/airflow/example_dags/example_bash_decorator.py
[2025-07-16T19:13:22.822+0000] {processor.py:830} INFO - Processing file /mnt/c/Users/Shivam Gupta/OneDrive/Documents/Shivam_Developement/data_engineering/data_engineering_project/batch-etl-pyspark/.venv/lib/python3.12/site-packages/airflow/example_dags/example_bash_decorator.py for tasks to queue
[2025-07-16T19:13:22.824+0000] {logging_mixin.py:188} INFO - [2025-07-16T19:13:22.824+0000] {dagbag.py:545} INFO - Filling up the DagBag from /mnt/c/Users/Shivam Gupta/OneDrive/Documents/Shivam_Developement/data_engineering/data_engineering_project/batch-etl-pyspark/.venv/lib/python3.12/site-packages/airflow/example_dags/example_bash_decorator.py
[2025-07-16T19:13:22.851+0000] {processor.py:840} INFO - DAG(s) 'example_bash_decorator' retrieved from /mnt/c/Users/Shivam Gupta/OneDrive/Documents/Shivam_Developement/data_engineering/data_engineering_project/batch-etl-pyspark/.venv/lib/python3.12/site-packages/airflow/example_dags/example_bash_decorator.py
[2025-07-16T19:13:22.875+0000] {logging_mixin.py:188} INFO - [2025-07-16T19:13:22.874+0000] {dag.py:3096} INFO - Sync 1 DAGs
[2025-07-16T19:13:22.888+0000] {logging_mixin.py:188} INFO - [2025-07-16T19:13:22.887+0000] {dag.py:3954} INFO - Setting next_dagrun for example_bash_decorator to None, run_after=None
[2025-07-16T19:13:22.967+0000] {processor.py:183} INFO - Processing /mnt/c/Users/Shivam Gupta/OneDrive/Documents/Shivam_Developement/data_engineering/data_engineering_project/batch-etl-pyspark/.venv/lib/python3.12/site-packages/airflow/example_dags/example_bash_decorator.py took 0.155 seconds
[2025-07-16T19:14:49.985+0000] {processor.py:161} INFO - Started process (PID=11961) to work on /mnt/c/Users/Shivam Gupta/OneDrive/Documents/Shivam_Developement/data_engineering/data_engineering_project/batch-etl-pyspark/.venv/lib/python3.12/site-packages/airflow/example_dags/example_bash_decorator.py
[2025-07-16T19:14:49.987+0000] {processor.py:830} INFO - Processing file /mnt/c/Users/Shivam Gupta/OneDrive/Documents/Shivam_Developement/data_engineering/data_engineering_project/batch-etl-pyspark/.venv/lib/python3.12/site-packages/airflow/example_dags/example_bash_decorator.py for tasks to queue
[2025-07-16T19:14:49.991+0000] {logging_mixin.py:188} INFO - [2025-07-16T19:14:49.989+0000] {dagbag.py:545} INFO - Filling up the DagBag from /mnt/c/Users/Shivam Gupta/OneDrive/Documents/Shivam_Developement/data_engineering/data_engineering_project/batch-etl-pyspark/.venv/lib/python3.12/site-packages/airflow/example_dags/example_bash_decorator.py
[2025-07-16T19:14:50.036+0000] {processor.py:840} INFO - DAG(s) 'example_bash_decorator' retrieved from /mnt/c/Users/Shivam Gupta/OneDrive/Documents/Shivam_Developement/data_engineering/data_engineering_project/batch-etl-pyspark/.venv/lib/python3.12/site-packages/airflow/example_dags/example_bash_decorator.py
[2025-07-16T19:14:50.073+0000] {logging_mixin.py:188} INFO - [2025-07-16T19:14:50.072+0000] {dag.py:3096} INFO - Sync 1 DAGs
[2025-07-16T19:14:50.088+0000] {logging_mixin.py:188} INFO - [2025-07-16T19:14:50.087+0000] {dag.py:3954} INFO - Setting next_dagrun for example_bash_decorator to None, run_after=None
[2025-07-16T19:14:50.191+0000] {processor.py:183} INFO - Processing /mnt/c/Users/Shivam Gupta/OneDrive/Documents/Shivam_Developement/data_engineering/data_engineering_project/batch-etl-pyspark/.venv/lib/python3.12/site-packages/airflow/example_dags/example_bash_decorator.py took 0.222 seconds
[2025-07-16T19:16:20.824+0000] {processor.py:161} INFO - Started process (PID=12150) to work on /mnt/c/Users/Shivam Gupta/OneDrive/Documents/Shivam_Developement/data_engineering/data_engineering_project/batch-etl-pyspark/.venv/lib/python3.12/site-packages/airflow/example_dags/example_bash_decorator.py
[2025-07-16T19:16:20.826+0000] {processor.py:830} INFO - Processing file /mnt/c/Users/Shivam Gupta/OneDrive/Documents/Shivam_Developement/data_engineering/data_engineering_project/batch-etl-pyspark/.venv/lib/python3.12/site-packages/airflow/example_dags/example_bash_decorator.py for tasks to queue
[2025-07-16T19:16:20.830+0000] {logging_mixin.py:188} INFO - [2025-07-16T19:16:20.829+0000] {dagbag.py:545} INFO - Filling up the DagBag from /mnt/c/Users/Shivam Gupta/OneDrive/Documents/Shivam_Developement/data_engineering/data_engineering_project/batch-etl-pyspark/.venv/lib/python3.12/site-packages/airflow/example_dags/example_bash_decorator.py
[2025-07-16T19:16:20.878+0000] {processor.py:840} INFO - DAG(s) 'example_bash_decorator' retrieved from /mnt/c/Users/Shivam Gupta/OneDrive/Documents/Shivam_Developement/data_engineering/data_engineering_project/batch-etl-pyspark/.venv/lib/python3.12/site-packages/airflow/example_dags/example_bash_decorator.py
[2025-07-16T19:16:20.919+0000] {logging_mixin.py:188} INFO - [2025-07-16T19:16:20.918+0000] {dag.py:3096} INFO - Sync 1 DAGs
[2025-07-16T19:16:20.934+0000] {logging_mixin.py:188} INFO - [2025-07-16T19:16:20.933+0000] {dag.py:3954} INFO - Setting next_dagrun for example_bash_decorator to None, run_after=None
[2025-07-16T19:16:21.016+0000] {processor.py:183} INFO - Processing /mnt/c/Users/Shivam Gupta/OneDrive/Documents/Shivam_Developement/data_engineering/data_engineering_project/batch-etl-pyspark/.venv/lib/python3.12/site-packages/airflow/example_dags/example_bash_decorator.py took 0.212 seconds
[2025-07-16T19:17:50.227+0000] {processor.py:161} INFO - Started process (PID=12318) to work on /mnt/c/Users/Shivam Gupta/OneDrive/Documents/Shivam_Developement/data_engineering/data_engineering_project/batch-etl-pyspark/.venv/lib/python3.12/site-packages/airflow/example_dags/example_bash_decorator.py
[2025-07-16T19:17:50.229+0000] {processor.py:830} INFO - Processing file /mnt/c/Users/Shivam Gupta/OneDrive/Documents/Shivam_Developement/data_engineering/data_engineering_project/batch-etl-pyspark/.venv/lib/python3.12/site-packages/airflow/example_dags/example_bash_decorator.py for tasks to queue
[2025-07-16T19:17:50.232+0000] {logging_mixin.py:188} INFO - [2025-07-16T19:17:50.230+0000] {dagbag.py:545} INFO - Filling up the DagBag from /mnt/c/Users/Shivam Gupta/OneDrive/Documents/Shivam_Developement/data_engineering/data_engineering_project/batch-etl-pyspark/.venv/lib/python3.12/site-packages/airflow/example_dags/example_bash_decorator.py
[2025-07-16T19:17:50.330+0000] {processor.py:840} INFO - DAG(s) 'example_bash_decorator' retrieved from /mnt/c/Users/Shivam Gupta/OneDrive/Documents/Shivam_Developement/data_engineering/data_engineering_project/batch-etl-pyspark/.venv/lib/python3.12/site-packages/airflow/example_dags/example_bash_decorator.py
[2025-07-16T19:17:50.372+0000] {logging_mixin.py:188} INFO - [2025-07-16T19:17:50.371+0000] {dag.py:3096} INFO - Sync 1 DAGs
[2025-07-16T19:17:50.388+0000] {logging_mixin.py:188} INFO - [2025-07-16T19:17:50.386+0000] {dag.py:3954} INFO - Setting next_dagrun for example_bash_decorator to None, run_after=None
[2025-07-16T19:17:50.478+0000] {processor.py:183} INFO - Processing /mnt/c/Users/Shivam Gupta/OneDrive/Documents/Shivam_Developement/data_engineering/data_engineering_project/batch-etl-pyspark/.venv/lib/python3.12/site-packages/airflow/example_dags/example_bash_decorator.py took 0.271 seconds
[2025-07-16T19:19:11.670+0000] {processor.py:161} INFO - Started process (PID=12459) to work on /mnt/c/Users/Shivam Gupta/OneDrive/Documents/Shivam_Developement/data_engineering/data_engineering_project/batch-etl-pyspark/.venv/lib/python3.12/site-packages/airflow/example_dags/example_bash_decorator.py
[2025-07-16T19:19:11.676+0000] {processor.py:830} INFO - Processing file /mnt/c/Users/Shivam Gupta/OneDrive/Documents/Shivam_Developement/data_engineering/data_engineering_project/batch-etl-pyspark/.venv/lib/python3.12/site-packages/airflow/example_dags/example_bash_decorator.py for tasks to queue
[2025-07-16T19:19:11.682+0000] {logging_mixin.py:188} INFO - [2025-07-16T19:19:11.680+0000] {dagbag.py:545} INFO - Filling up the DagBag from /mnt/c/Users/Shivam Gupta/OneDrive/Documents/Shivam_Developement/data_engineering/data_engineering_project/batch-etl-pyspark/.venv/lib/python3.12/site-packages/airflow/example_dags/example_bash_decorator.py
[2025-07-16T19:19:11.748+0000] {processor.py:840} INFO - DAG(s) 'example_bash_decorator' retrieved from /mnt/c/Users/Shivam Gupta/OneDrive/Documents/Shivam_Developement/data_engineering/data_engineering_project/batch-etl-pyspark/.venv/lib/python3.12/site-packages/airflow/example_dags/example_bash_decorator.py
[2025-07-16T19:19:11.817+0000] {logging_mixin.py:188} INFO - [2025-07-16T19:19:11.814+0000] {dag.py:3096} INFO - Sync 1 DAGs
[2025-07-16T19:19:11.855+0000] {logging_mixin.py:188} INFO - [2025-07-16T19:19:11.853+0000] {dag.py:3954} INFO - Setting next_dagrun for example_bash_decorator to None, run_after=None
[2025-07-16T19:19:11.971+0000] {processor.py:183} INFO - Processing /mnt/c/Users/Shivam Gupta/OneDrive/Documents/Shivam_Developement/data_engineering/data_engineering_project/batch-etl-pyspark/.venv/lib/python3.12/site-packages/airflow/example_dags/example_bash_decorator.py took 0.319 seconds
[2025-07-16T19:20:34.094+0000] {processor.py:161} INFO - Started process (PID=12606) to work on /mnt/c/Users/Shivam Gupta/OneDrive/Documents/Shivam_Developement/data_engineering/data_engineering_project/batch-etl-pyspark/.venv/lib/python3.12/site-packages/airflow/example_dags/example_bash_decorator.py
[2025-07-16T19:20:34.096+0000] {processor.py:830} INFO - Processing file /mnt/c/Users/Shivam Gupta/OneDrive/Documents/Shivam_Developement/data_engineering/data_engineering_project/batch-etl-pyspark/.venv/lib/python3.12/site-packages/airflow/example_dags/example_bash_decorator.py for tasks to queue
[2025-07-16T19:20:34.099+0000] {logging_mixin.py:188} INFO - [2025-07-16T19:20:34.098+0000] {dagbag.py:545} INFO - Filling up the DagBag from /mnt/c/Users/Shivam Gupta/OneDrive/Documents/Shivam_Developement/data_engineering/data_engineering_project/batch-etl-pyspark/.venv/lib/python3.12/site-packages/airflow/example_dags/example_bash_decorator.py
[2025-07-16T19:20:34.149+0000] {processor.py:840} INFO - DAG(s) 'example_bash_decorator' retrieved from /mnt/c/Users/Shivam Gupta/OneDrive/Documents/Shivam_Developement/data_engineering/data_engineering_project/batch-etl-pyspark/.venv/lib/python3.12/site-packages/airflow/example_dags/example_bash_decorator.py
[2025-07-16T19:20:34.184+0000] {logging_mixin.py:188} INFO - [2025-07-16T19:20:34.183+0000] {dag.py:3096} INFO - Sync 1 DAGs
[2025-07-16T19:20:34.203+0000] {logging_mixin.py:188} INFO - [2025-07-16T19:20:34.201+0000] {dag.py:3954} INFO - Setting next_dagrun for example_bash_decorator to None, run_after=None
[2025-07-16T19:20:34.268+0000] {processor.py:183} INFO - Processing /mnt/c/Users/Shivam Gupta/OneDrive/Documents/Shivam_Developement/data_engineering/data_engineering_project/batch-etl-pyspark/.venv/lib/python3.12/site-packages/airflow/example_dags/example_bash_decorator.py took 0.189 seconds
[2025-07-16T19:22:02.089+0000] {processor.py:161} INFO - Started process (PID=12793) to work on /mnt/c/Users/Shivam Gupta/OneDrive/Documents/Shivam_Developement/data_engineering/data_engineering_project/batch-etl-pyspark/.venv/lib/python3.12/site-packages/airflow/example_dags/example_bash_decorator.py
[2025-07-16T19:22:02.093+0000] {processor.py:830} INFO - Processing file /mnt/c/Users/Shivam Gupta/OneDrive/Documents/Shivam_Developement/data_engineering/data_engineering_project/batch-etl-pyspark/.venv/lib/python3.12/site-packages/airflow/example_dags/example_bash_decorator.py for tasks to queue
[2025-07-16T19:22:02.099+0000] {logging_mixin.py:188} INFO - [2025-07-16T19:22:02.097+0000] {dagbag.py:545} INFO - Filling up the DagBag from /mnt/c/Users/Shivam Gupta/OneDrive/Documents/Shivam_Developement/data_engineering/data_engineering_project/batch-etl-pyspark/.venv/lib/python3.12/site-packages/airflow/example_dags/example_bash_decorator.py
[2025-07-16T19:22:02.157+0000] {processor.py:840} INFO - DAG(s) 'example_bash_decorator' retrieved from /mnt/c/Users/Shivam Gupta/OneDrive/Documents/Shivam_Developement/data_engineering/data_engineering_project/batch-etl-pyspark/.venv/lib/python3.12/site-packages/airflow/example_dags/example_bash_decorator.py
[2025-07-16T19:22:02.212+0000] {logging_mixin.py:188} INFO - [2025-07-16T19:22:02.210+0000] {dag.py:3096} INFO - Sync 1 DAGs
[2025-07-16T19:22:02.235+0000] {logging_mixin.py:188} INFO - [2025-07-16T19:22:02.233+0000] {dag.py:3954} INFO - Setting next_dagrun for example_bash_decorator to None, run_after=None
[2025-07-16T19:22:02.340+0000] {processor.py:183} INFO - Processing /mnt/c/Users/Shivam Gupta/OneDrive/Documents/Shivam_Developement/data_engineering/data_engineering_project/batch-etl-pyspark/.venv/lib/python3.12/site-packages/airflow/example_dags/example_bash_decorator.py took 0.273 seconds
[2025-07-16T19:23:27.243+0000] {processor.py:161} INFO - Started process (PID=12939) to work on /mnt/c/Users/Shivam Gupta/OneDrive/Documents/Shivam_Developement/data_engineering/data_engineering_project/batch-etl-pyspark/.venv/lib/python3.12/site-packages/airflow/example_dags/example_bash_decorator.py
[2025-07-16T19:23:27.246+0000] {processor.py:830} INFO - Processing file /mnt/c/Users/Shivam Gupta/OneDrive/Documents/Shivam_Developement/data_engineering/data_engineering_project/batch-etl-pyspark/.venv/lib/python3.12/site-packages/airflow/example_dags/example_bash_decorator.py for tasks to queue
[2025-07-16T19:23:27.250+0000] {logging_mixin.py:188} INFO - [2025-07-16T19:23:27.248+0000] {dagbag.py:545} INFO - Filling up the DagBag from /mnt/c/Users/Shivam Gupta/OneDrive/Documents/Shivam_Developement/data_engineering/data_engineering_project/batch-etl-pyspark/.venv/lib/python3.12/site-packages/airflow/example_dags/example_bash_decorator.py
[2025-07-16T19:23:27.294+0000] {processor.py:840} INFO - DAG(s) 'example_bash_decorator' retrieved from /mnt/c/Users/Shivam Gupta/OneDrive/Documents/Shivam_Developement/data_engineering/data_engineering_project/batch-etl-pyspark/.venv/lib/python3.12/site-packages/airflow/example_dags/example_bash_decorator.py
[2025-07-16T19:23:27.325+0000] {logging_mixin.py:188} INFO - [2025-07-16T19:23:27.324+0000] {dag.py:3096} INFO - Sync 1 DAGs
[2025-07-16T19:23:27.338+0000] {logging_mixin.py:188} INFO - [2025-07-16T19:23:27.338+0000] {dag.py:3954} INFO - Setting next_dagrun for example_bash_decorator to None, run_after=None
[2025-07-16T19:23:27.416+0000] {processor.py:183} INFO - Processing /mnt/c/Users/Shivam Gupta/OneDrive/Documents/Shivam_Developement/data_engineering/data_engineering_project/batch-etl-pyspark/.venv/lib/python3.12/site-packages/airflow/example_dags/example_bash_decorator.py took 0.187 seconds
[2025-07-16T19:24:51.513+0000] {processor.py:161} INFO - Started process (PID=13029) to work on /mnt/c/Users/Shivam Gupta/OneDrive/Documents/Shivam_Developement/data_engineering/data_engineering_project/batch-etl-pyspark/.venv/lib/python3.12/site-packages/airflow/example_dags/example_bash_decorator.py
[2025-07-16T19:24:51.517+0000] {processor.py:830} INFO - Processing file /mnt/c/Users/Shivam Gupta/OneDrive/Documents/Shivam_Developement/data_engineering/data_engineering_project/batch-etl-pyspark/.venv/lib/python3.12/site-packages/airflow/example_dags/example_bash_decorator.py for tasks to queue
[2025-07-16T19:24:51.526+0000] {logging_mixin.py:188} INFO - [2025-07-16T19:24:51.524+0000] {dagbag.py:545} INFO - Filling up the DagBag from /mnt/c/Users/Shivam Gupta/OneDrive/Documents/Shivam_Developement/data_engineering/data_engineering_project/batch-etl-pyspark/.venv/lib/python3.12/site-packages/airflow/example_dags/example_bash_decorator.py
[2025-07-16T19:24:51.593+0000] {processor.py:840} INFO - DAG(s) 'example_bash_decorator' retrieved from /mnt/c/Users/Shivam Gupta/OneDrive/Documents/Shivam_Developement/data_engineering/data_engineering_project/batch-etl-pyspark/.venv/lib/python3.12/site-packages/airflow/example_dags/example_bash_decorator.py
[2025-07-16T19:24:51.619+0000] {logging_mixin.py:188} INFO - [2025-07-16T19:24:51.619+0000] {dag.py:3096} INFO - Sync 1 DAGs
[2025-07-16T19:24:51.702+0000] {logging_mixin.py:188} INFO - [2025-07-16T19:24:51.701+0000] {dag.py:3954} INFO - Setting next_dagrun for example_bash_decorator to None, run_after=None
[2025-07-16T19:24:51.749+0000] {processor.py:183} INFO - Processing /mnt/c/Users/Shivam Gupta/OneDrive/Documents/Shivam_Developement/data_engineering/data_engineering_project/batch-etl-pyspark/.venv/lib/python3.12/site-packages/airflow/example_dags/example_bash_decorator.py took 0.257 seconds
[2025-07-16T19:26:12.900+0000] {processor.py:161} INFO - Started process (PID=13150) to work on /mnt/c/Users/Shivam Gupta/OneDrive/Documents/Shivam_Developement/data_engineering/data_engineering_project/batch-etl-pyspark/.venv/lib/python3.12/site-packages/airflow/example_dags/example_bash_decorator.py
[2025-07-16T19:26:12.902+0000] {processor.py:830} INFO - Processing file /mnt/c/Users/Shivam Gupta/OneDrive/Documents/Shivam_Developement/data_engineering/data_engineering_project/batch-etl-pyspark/.venv/lib/python3.12/site-packages/airflow/example_dags/example_bash_decorator.py for tasks to queue
[2025-07-16T19:26:12.904+0000] {logging_mixin.py:188} INFO - [2025-07-16T19:26:12.903+0000] {dagbag.py:545} INFO - Filling up the DagBag from /mnt/c/Users/Shivam Gupta/OneDrive/Documents/Shivam_Developement/data_engineering/data_engineering_project/batch-etl-pyspark/.venv/lib/python3.12/site-packages/airflow/example_dags/example_bash_decorator.py
[2025-07-16T19:26:12.924+0000] {processor.py:840} INFO - DAG(s) 'example_bash_decorator' retrieved from /mnt/c/Users/Shivam Gupta/OneDrive/Documents/Shivam_Developement/data_engineering/data_engineering_project/batch-etl-pyspark/.venv/lib/python3.12/site-packages/airflow/example_dags/example_bash_decorator.py
[2025-07-16T19:26:12.943+0000] {logging_mixin.py:188} INFO - [2025-07-16T19:26:12.942+0000] {dag.py:3096} INFO - Sync 1 DAGs
[2025-07-16T19:26:12.952+0000] {logging_mixin.py:188} INFO - [2025-07-16T19:26:12.951+0000] {dag.py:3954} INFO - Setting next_dagrun for example_bash_decorator to None, run_after=None
[2025-07-16T19:26:13.088+0000] {processor.py:183} INFO - Processing /mnt/c/Users/Shivam Gupta/OneDrive/Documents/Shivam_Developement/data_engineering/data_engineering_project/batch-etl-pyspark/.venv/lib/python3.12/site-packages/airflow/example_dags/example_bash_decorator.py took 0.194 seconds
[2025-07-16T19:27:33.354+0000] {processor.py:161} INFO - Started process (PID=13241) to work on /mnt/c/Users/Shivam Gupta/OneDrive/Documents/Shivam_Developement/data_engineering/data_engineering_project/batch-etl-pyspark/.venv/lib/python3.12/site-packages/airflow/example_dags/example_bash_decorator.py
[2025-07-16T19:27:33.357+0000] {processor.py:830} INFO - Processing file /mnt/c/Users/Shivam Gupta/OneDrive/Documents/Shivam_Developement/data_engineering/data_engineering_project/batch-etl-pyspark/.venv/lib/python3.12/site-packages/airflow/example_dags/example_bash_decorator.py for tasks to queue
[2025-07-16T19:27:33.360+0000] {logging_mixin.py:188} INFO - [2025-07-16T19:27:33.359+0000] {dagbag.py:545} INFO - Filling up the DagBag from /mnt/c/Users/Shivam Gupta/OneDrive/Documents/Shivam_Developement/data_engineering/data_engineering_project/batch-etl-pyspark/.venv/lib/python3.12/site-packages/airflow/example_dags/example_bash_decorator.py
[2025-07-16T19:27:33.383+0000] {processor.py:840} INFO - DAG(s) 'example_bash_decorator' retrieved from /mnt/c/Users/Shivam Gupta/OneDrive/Documents/Shivam_Developement/data_engineering/data_engineering_project/batch-etl-pyspark/.venv/lib/python3.12/site-packages/airflow/example_dags/example_bash_decorator.py
[2025-07-16T19:27:33.406+0000] {logging_mixin.py:188} INFO - [2025-07-16T19:27:33.405+0000] {dag.py:3096} INFO - Sync 1 DAGs
[2025-07-16T19:27:33.417+0000] {logging_mixin.py:188} INFO - [2025-07-16T19:27:33.416+0000] {dag.py:3954} INFO - Setting next_dagrun for example_bash_decorator to None, run_after=None
[2025-07-16T19:27:33.474+0000] {processor.py:183} INFO - Processing /mnt/c/Users/Shivam Gupta/OneDrive/Documents/Shivam_Developement/data_engineering/data_engineering_project/batch-etl-pyspark/.venv/lib/python3.12/site-packages/airflow/example_dags/example_bash_decorator.py took 0.129 seconds
[2025-07-16T19:28:46.751+0000] {processor.py:161} INFO - Started process (PID=13343) to work on /mnt/c/Users/Shivam Gupta/OneDrive/Documents/Shivam_Developement/data_engineering/data_engineering_project/batch-etl-pyspark/.venv/lib/python3.12/site-packages/airflow/example_dags/example_bash_decorator.py
[2025-07-16T19:28:46.753+0000] {processor.py:830} INFO - Processing file /mnt/c/Users/Shivam Gupta/OneDrive/Documents/Shivam_Developement/data_engineering/data_engineering_project/batch-etl-pyspark/.venv/lib/python3.12/site-packages/airflow/example_dags/example_bash_decorator.py for tasks to queue
[2025-07-16T19:28:46.756+0000] {logging_mixin.py:188} INFO - [2025-07-16T19:28:46.755+0000] {dagbag.py:545} INFO - Filling up the DagBag from /mnt/c/Users/Shivam Gupta/OneDrive/Documents/Shivam_Developement/data_engineering/data_engineering_project/batch-etl-pyspark/.venv/lib/python3.12/site-packages/airflow/example_dags/example_bash_decorator.py
[2025-07-16T19:28:46.785+0000] {processor.py:840} INFO - DAG(s) 'example_bash_decorator' retrieved from /mnt/c/Users/Shivam Gupta/OneDrive/Documents/Shivam_Developement/data_engineering/data_engineering_project/batch-etl-pyspark/.venv/lib/python3.12/site-packages/airflow/example_dags/example_bash_decorator.py
[2025-07-16T19:28:46.810+0000] {logging_mixin.py:188} INFO - [2025-07-16T19:28:46.810+0000] {dag.py:3096} INFO - Sync 1 DAGs
[2025-07-16T19:28:46.821+0000] {logging_mixin.py:188} INFO - [2025-07-16T19:28:46.820+0000] {dag.py:3954} INFO - Setting next_dagrun for example_bash_decorator to None, run_after=None
[2025-07-16T19:28:46.871+0000] {processor.py:183} INFO - Processing /mnt/c/Users/Shivam Gupta/OneDrive/Documents/Shivam_Developement/data_engineering/data_engineering_project/batch-etl-pyspark/.venv/lib/python3.12/site-packages/airflow/example_dags/example_bash_decorator.py took 0.131 seconds
[2025-07-16T19:29:59.975+0000] {processor.py:161} INFO - Started process (PID=13451) to work on /mnt/c/Users/Shivam Gupta/OneDrive/Documents/Shivam_Developement/data_engineering/data_engineering_project/batch-etl-pyspark/.venv/lib/python3.12/site-packages/airflow/example_dags/example_bash_decorator.py
[2025-07-16T19:29:59.978+0000] {processor.py:830} INFO - Processing file /mnt/c/Users/Shivam Gupta/OneDrive/Documents/Shivam_Developement/data_engineering/data_engineering_project/batch-etl-pyspark/.venv/lib/python3.12/site-packages/airflow/example_dags/example_bash_decorator.py for tasks to queue
[2025-07-16T19:29:59.982+0000] {logging_mixin.py:188} INFO - [2025-07-16T19:29:59.981+0000] {dagbag.py:545} INFO - Filling up the DagBag from /mnt/c/Users/Shivam Gupta/OneDrive/Documents/Shivam_Developement/data_engineering/data_engineering_project/batch-etl-pyspark/.venv/lib/python3.12/site-packages/airflow/example_dags/example_bash_decorator.py
[2025-07-16T19:30:00.051+0000] {processor.py:840} INFO - DAG(s) 'example_bash_decorator' retrieved from /mnt/c/Users/Shivam Gupta/OneDrive/Documents/Shivam_Developement/data_engineering/data_engineering_project/batch-etl-pyspark/.venv/lib/python3.12/site-packages/airflow/example_dags/example_bash_decorator.py
[2025-07-16T19:30:00.102+0000] {logging_mixin.py:188} INFO - [2025-07-16T19:30:00.100+0000] {dag.py:3096} INFO - Sync 1 DAGs
[2025-07-16T19:30:00.120+0000] {logging_mixin.py:188} INFO - [2025-07-16T19:30:00.118+0000] {dag.py:3954} INFO - Setting next_dagrun for example_bash_decorator to None, run_after=None
[2025-07-16T19:30:00.345+0000] {processor.py:183} INFO - Processing /mnt/c/Users/Shivam Gupta/OneDrive/Documents/Shivam_Developement/data_engineering/data_engineering_project/batch-etl-pyspark/.venv/lib/python3.12/site-packages/airflow/example_dags/example_bash_decorator.py took 0.387 seconds
[2025-07-16T19:31:17.740+0000] {processor.py:161} INFO - Started process (PID=13590) to work on /mnt/c/Users/Shivam Gupta/OneDrive/Documents/Shivam_Developement/data_engineering/data_engineering_project/batch-etl-pyspark/.venv/lib/python3.12/site-packages/airflow/example_dags/example_bash_decorator.py
[2025-07-16T19:31:17.742+0000] {processor.py:830} INFO - Processing file /mnt/c/Users/Shivam Gupta/OneDrive/Documents/Shivam_Developement/data_engineering/data_engineering_project/batch-etl-pyspark/.venv/lib/python3.12/site-packages/airflow/example_dags/example_bash_decorator.py for tasks to queue
[2025-07-16T19:31:17.746+0000] {logging_mixin.py:188} INFO - [2025-07-16T19:31:17.744+0000] {dagbag.py:545} INFO - Filling up the DagBag from /mnt/c/Users/Shivam Gupta/OneDrive/Documents/Shivam_Developement/data_engineering/data_engineering_project/batch-etl-pyspark/.venv/lib/python3.12/site-packages/airflow/example_dags/example_bash_decorator.py
[2025-07-16T19:31:17.783+0000] {processor.py:840} INFO - DAG(s) 'example_bash_decorator' retrieved from /mnt/c/Users/Shivam Gupta/OneDrive/Documents/Shivam_Developement/data_engineering/data_engineering_project/batch-etl-pyspark/.venv/lib/python3.12/site-packages/airflow/example_dags/example_bash_decorator.py
[2025-07-16T19:31:17.813+0000] {logging_mixin.py:188} INFO - [2025-07-16T19:31:17.812+0000] {dag.py:3096} INFO - Sync 1 DAGs
[2025-07-16T19:31:17.827+0000] {logging_mixin.py:188} INFO - [2025-07-16T19:31:17.825+0000] {dag.py:3954} INFO - Setting next_dagrun for example_bash_decorator to None, run_after=None
[2025-07-16T19:31:17.885+0000] {processor.py:183} INFO - Processing /mnt/c/Users/Shivam Gupta/OneDrive/Documents/Shivam_Developement/data_engineering/data_engineering_project/batch-etl-pyspark/.venv/lib/python3.12/site-packages/airflow/example_dags/example_bash_decorator.py took 0.157 seconds
[2025-07-16T19:32:27.231+0000] {processor.py:161} INFO - Started process (PID=13734) to work on /mnt/c/Users/Shivam Gupta/OneDrive/Documents/Shivam_Developement/data_engineering/data_engineering_project/batch-etl-pyspark/.venv/lib/python3.12/site-packages/airflow/example_dags/example_bash_decorator.py
[2025-07-16T19:32:27.232+0000] {processor.py:830} INFO - Processing file /mnt/c/Users/Shivam Gupta/OneDrive/Documents/Shivam_Developement/data_engineering/data_engineering_project/batch-etl-pyspark/.venv/lib/python3.12/site-packages/airflow/example_dags/example_bash_decorator.py for tasks to queue
[2025-07-16T19:32:27.234+0000] {logging_mixin.py:188} INFO - [2025-07-16T19:32:27.233+0000] {dagbag.py:545} INFO - Filling up the DagBag from /mnt/c/Users/Shivam Gupta/OneDrive/Documents/Shivam_Developement/data_engineering/data_engineering_project/batch-etl-pyspark/.venv/lib/python3.12/site-packages/airflow/example_dags/example_bash_decorator.py
[2025-07-16T19:32:27.258+0000] {processor.py:840} INFO - DAG(s) 'example_bash_decorator' retrieved from /mnt/c/Users/Shivam Gupta/OneDrive/Documents/Shivam_Developement/data_engineering/data_engineering_project/batch-etl-pyspark/.venv/lib/python3.12/site-packages/airflow/example_dags/example_bash_decorator.py
[2025-07-16T19:32:27.285+0000] {logging_mixin.py:188} INFO - [2025-07-16T19:32:27.285+0000] {dag.py:3096} INFO - Sync 1 DAGs
[2025-07-16T19:32:27.298+0000] {logging_mixin.py:188} INFO - [2025-07-16T19:32:27.297+0000] {dag.py:3954} INFO - Setting next_dagrun for example_bash_decorator to None, run_after=None
[2025-07-16T19:32:27.352+0000] {processor.py:183} INFO - Processing /mnt/c/Users/Shivam Gupta/OneDrive/Documents/Shivam_Developement/data_engineering/data_engineering_project/batch-etl-pyspark/.venv/lib/python3.12/site-packages/airflow/example_dags/example_bash_decorator.py took 0.130 seconds
[2025-07-16T19:33:35.675+0000] {processor.py:161} INFO - Started process (PID=13860) to work on /mnt/c/Users/Shivam Gupta/OneDrive/Documents/Shivam_Developement/data_engineering/data_engineering_project/batch-etl-pyspark/.venv/lib/python3.12/site-packages/airflow/example_dags/example_bash_decorator.py
[2025-07-16T19:33:35.677+0000] {processor.py:830} INFO - Processing file /mnt/c/Users/Shivam Gupta/OneDrive/Documents/Shivam_Developement/data_engineering/data_engineering_project/batch-etl-pyspark/.venv/lib/python3.12/site-packages/airflow/example_dags/example_bash_decorator.py for tasks to queue
[2025-07-16T19:33:35.680+0000] {logging_mixin.py:188} INFO - [2025-07-16T19:33:35.679+0000] {dagbag.py:545} INFO - Filling up the DagBag from /mnt/c/Users/Shivam Gupta/OneDrive/Documents/Shivam_Developement/data_engineering/data_engineering_project/batch-etl-pyspark/.venv/lib/python3.12/site-packages/airflow/example_dags/example_bash_decorator.py
[2025-07-16T19:33:35.725+0000] {processor.py:840} INFO - DAG(s) 'example_bash_decorator' retrieved from /mnt/c/Users/Shivam Gupta/OneDrive/Documents/Shivam_Developement/data_engineering/data_engineering_project/batch-etl-pyspark/.venv/lib/python3.12/site-packages/airflow/example_dags/example_bash_decorator.py
[2025-07-16T19:33:35.781+0000] {logging_mixin.py:188} INFO - [2025-07-16T19:33:35.780+0000] {dag.py:3096} INFO - Sync 1 DAGs
[2025-07-16T19:33:35.799+0000] {logging_mixin.py:188} INFO - [2025-07-16T19:33:35.798+0000] {dag.py:3954} INFO - Setting next_dagrun for example_bash_decorator to None, run_after=None
[2025-07-16T19:33:35.853+0000] {processor.py:183} INFO - Processing /mnt/c/Users/Shivam Gupta/OneDrive/Documents/Shivam_Developement/data_engineering/data_engineering_project/batch-etl-pyspark/.venv/lib/python3.12/site-packages/airflow/example_dags/example_bash_decorator.py took 0.191 seconds
[2025-07-16T19:34:49.194+0000] {processor.py:161} INFO - Started process (PID=13965) to work on /mnt/c/Users/Shivam Gupta/OneDrive/Documents/Shivam_Developement/data_engineering/data_engineering_project/batch-etl-pyspark/.venv/lib/python3.12/site-packages/airflow/example_dags/example_bash_decorator.py
[2025-07-16T19:34:49.195+0000] {processor.py:830} INFO - Processing file /mnt/c/Users/Shivam Gupta/OneDrive/Documents/Shivam_Developement/data_engineering/data_engineering_project/batch-etl-pyspark/.venv/lib/python3.12/site-packages/airflow/example_dags/example_bash_decorator.py for tasks to queue
[2025-07-16T19:34:49.198+0000] {logging_mixin.py:188} INFO - [2025-07-16T19:34:49.197+0000] {dagbag.py:545} INFO - Filling up the DagBag from /mnt/c/Users/Shivam Gupta/OneDrive/Documents/Shivam_Developement/data_engineering/data_engineering_project/batch-etl-pyspark/.venv/lib/python3.12/site-packages/airflow/example_dags/example_bash_decorator.py
[2025-07-16T19:34:49.226+0000] {processor.py:840} INFO - DAG(s) 'example_bash_decorator' retrieved from /mnt/c/Users/Shivam Gupta/OneDrive/Documents/Shivam_Developement/data_engineering/data_engineering_project/batch-etl-pyspark/.venv/lib/python3.12/site-packages/airflow/example_dags/example_bash_decorator.py
[2025-07-16T19:34:49.249+0000] {logging_mixin.py:188} INFO - [2025-07-16T19:34:49.248+0000] {dag.py:3096} INFO - Sync 1 DAGs
[2025-07-16T19:34:49.260+0000] {logging_mixin.py:188} INFO - [2025-07-16T19:34:49.260+0000] {dag.py:3954} INFO - Setting next_dagrun for example_bash_decorator to None, run_after=None
[2025-07-16T19:34:49.323+0000] {processor.py:183} INFO - Processing /mnt/c/Users/Shivam Gupta/OneDrive/Documents/Shivam_Developement/data_engineering/data_engineering_project/batch-etl-pyspark/.venv/lib/python3.12/site-packages/airflow/example_dags/example_bash_decorator.py took 0.139 seconds
[2025-07-16T19:36:03.179+0000] {processor.py:161} INFO - Started process (PID=14129) to work on /mnt/c/Users/Shivam Gupta/OneDrive/Documents/Shivam_Developement/data_engineering/data_engineering_project/batch-etl-pyspark/.venv/lib/python3.12/site-packages/airflow/example_dags/example_bash_decorator.py
[2025-07-16T19:36:03.181+0000] {processor.py:830} INFO - Processing file /mnt/c/Users/Shivam Gupta/OneDrive/Documents/Shivam_Developement/data_engineering/data_engineering_project/batch-etl-pyspark/.venv/lib/python3.12/site-packages/airflow/example_dags/example_bash_decorator.py for tasks to queue
[2025-07-16T19:36:03.184+0000] {logging_mixin.py:188} INFO - [2025-07-16T19:36:03.183+0000] {dagbag.py:545} INFO - Filling up the DagBag from /mnt/c/Users/Shivam Gupta/OneDrive/Documents/Shivam_Developement/data_engineering/data_engineering_project/batch-etl-pyspark/.venv/lib/python3.12/site-packages/airflow/example_dags/example_bash_decorator.py
[2025-07-16T19:36:03.214+0000] {processor.py:840} INFO - DAG(s) 'example_bash_decorator' retrieved from /mnt/c/Users/Shivam Gupta/OneDrive/Documents/Shivam_Developement/data_engineering/data_engineering_project/batch-etl-pyspark/.venv/lib/python3.12/site-packages/airflow/example_dags/example_bash_decorator.py
[2025-07-16T19:36:03.245+0000] {logging_mixin.py:188} INFO - [2025-07-16T19:36:03.244+0000] {dag.py:3096} INFO - Sync 1 DAGs
[2025-07-16T19:36:03.264+0000] {logging_mixin.py:188} INFO - [2025-07-16T19:36:03.262+0000] {dag.py:3954} INFO - Setting next_dagrun for example_bash_decorator to None, run_after=None
[2025-07-16T19:36:03.339+0000] {processor.py:183} INFO - Processing /mnt/c/Users/Shivam Gupta/OneDrive/Documents/Shivam_Developement/data_engineering/data_engineering_project/batch-etl-pyspark/.venv/lib/python3.12/site-packages/airflow/example_dags/example_bash_decorator.py took 0.170 seconds
[2025-07-16T19:49:46.040+0000] {processor.py:161} INFO - Started process (PID=15131) to work on /mnt/c/Users/Shivam Gupta/OneDrive/Documents/Shivam_Developement/data_engineering/data_engineering_project/batch-etl-pyspark/.venv/lib/python3.12/site-packages/airflow/example_dags/example_bash_decorator.py
[2025-07-16T19:49:46.043+0000] {processor.py:830} INFO - Processing file /mnt/c/Users/Shivam Gupta/OneDrive/Documents/Shivam_Developement/data_engineering/data_engineering_project/batch-etl-pyspark/.venv/lib/python3.12/site-packages/airflow/example_dags/example_bash_decorator.py for tasks to queue
[2025-07-16T19:49:46.046+0000] {logging_mixin.py:188} INFO - [2025-07-16T19:49:46.045+0000] {dagbag.py:545} INFO - Filling up the DagBag from /mnt/c/Users/Shivam Gupta/OneDrive/Documents/Shivam_Developement/data_engineering/data_engineering_project/batch-etl-pyspark/.venv/lib/python3.12/site-packages/airflow/example_dags/example_bash_decorator.py
[2025-07-16T19:49:46.090+0000] {processor.py:840} INFO - DAG(s) 'example_bash_decorator' retrieved from /mnt/c/Users/Shivam Gupta/OneDrive/Documents/Shivam_Developement/data_engineering/data_engineering_project/batch-etl-pyspark/.venv/lib/python3.12/site-packages/airflow/example_dags/example_bash_decorator.py
[2025-07-16T19:49:47.441+0000] {logging_mixin.py:188} INFO - [2025-07-16T19:49:47.441+0000] {dag.py:3096} INFO - Sync 1 DAGs
[2025-07-16T19:49:47.451+0000] {logging_mixin.py:188} INFO - [2025-07-16T19:49:47.450+0000] {dag.py:3954} INFO - Setting next_dagrun for example_bash_decorator to None, run_after=None
[2025-07-16T19:49:47.501+0000] {processor.py:183} INFO - Processing /mnt/c/Users/Shivam Gupta/OneDrive/Documents/Shivam_Developement/data_engineering/data_engineering_project/batch-etl-pyspark/.venv/lib/python3.12/site-packages/airflow/example_dags/example_bash_decorator.py took 1.475 seconds
[2025-07-16T19:51:14.103+0000] {processor.py:161} INFO - Started process (PID=15234) to work on /mnt/c/Users/Shivam Gupta/OneDrive/Documents/Shivam_Developement/data_engineering/data_engineering_project/batch-etl-pyspark/.venv/lib/python3.12/site-packages/airflow/example_dags/example_bash_decorator.py
[2025-07-16T19:51:14.107+0000] {processor.py:830} INFO - Processing file /mnt/c/Users/Shivam Gupta/OneDrive/Documents/Shivam_Developement/data_engineering/data_engineering_project/batch-etl-pyspark/.venv/lib/python3.12/site-packages/airflow/example_dags/example_bash_decorator.py for tasks to queue
[2025-07-16T19:51:14.112+0000] {logging_mixin.py:188} INFO - [2025-07-16T19:51:14.111+0000] {dagbag.py:545} INFO - Filling up the DagBag from /mnt/c/Users/Shivam Gupta/OneDrive/Documents/Shivam_Developement/data_engineering/data_engineering_project/batch-etl-pyspark/.venv/lib/python3.12/site-packages/airflow/example_dags/example_bash_decorator.py
[2025-07-16T19:51:14.154+0000] {processor.py:840} INFO - DAG(s) 'example_bash_decorator' retrieved from /mnt/c/Users/Shivam Gupta/OneDrive/Documents/Shivam_Developement/data_engineering/data_engineering_project/batch-etl-pyspark/.venv/lib/python3.12/site-packages/airflow/example_dags/example_bash_decorator.py
[2025-07-16T19:51:14.188+0000] {logging_mixin.py:188} INFO - [2025-07-16T19:51:14.187+0000] {dag.py:3096} INFO - Sync 1 DAGs
[2025-07-16T19:51:14.204+0000] {logging_mixin.py:188} INFO - [2025-07-16T19:51:14.203+0000] {dag.py:3954} INFO - Setting next_dagrun for example_bash_decorator to None, run_after=None
[2025-07-16T19:51:14.289+0000] {processor.py:183} INFO - Processing /mnt/c/Users/Shivam Gupta/OneDrive/Documents/Shivam_Developement/data_engineering/data_engineering_project/batch-etl-pyspark/.venv/lib/python3.12/site-packages/airflow/example_dags/example_bash_decorator.py took 0.201 seconds
[2025-07-16T19:52:42.111+0000] {processor.py:161} INFO - Started process (PID=15356) to work on /mnt/c/Users/Shivam Gupta/OneDrive/Documents/Shivam_Developement/data_engineering/data_engineering_project/batch-etl-pyspark/.venv/lib/python3.12/site-packages/airflow/example_dags/example_bash_decorator.py
[2025-07-16T19:52:42.113+0000] {processor.py:830} INFO - Processing file /mnt/c/Users/Shivam Gupta/OneDrive/Documents/Shivam_Developement/data_engineering/data_engineering_project/batch-etl-pyspark/.venv/lib/python3.12/site-packages/airflow/example_dags/example_bash_decorator.py for tasks to queue
[2025-07-16T19:52:42.117+0000] {logging_mixin.py:188} INFO - [2025-07-16T19:52:42.116+0000] {dagbag.py:545} INFO - Filling up the DagBag from /mnt/c/Users/Shivam Gupta/OneDrive/Documents/Shivam_Developement/data_engineering/data_engineering_project/batch-etl-pyspark/.venv/lib/python3.12/site-packages/airflow/example_dags/example_bash_decorator.py
[2025-07-16T19:52:42.161+0000] {processor.py:840} INFO - DAG(s) 'example_bash_decorator' retrieved from /mnt/c/Users/Shivam Gupta/OneDrive/Documents/Shivam_Developement/data_engineering/data_engineering_project/batch-etl-pyspark/.venv/lib/python3.12/site-packages/airflow/example_dags/example_bash_decorator.py
[2025-07-16T19:52:42.210+0000] {logging_mixin.py:188} INFO - [2025-07-16T19:52:42.208+0000] {dag.py:3096} INFO - Sync 1 DAGs
[2025-07-16T19:52:42.231+0000] {logging_mixin.py:188} INFO - [2025-07-16T19:52:42.229+0000] {dag.py:3954} INFO - Setting next_dagrun for example_bash_decorator to None, run_after=None
[2025-07-16T19:52:42.317+0000] {processor.py:183} INFO - Processing /mnt/c/Users/Shivam Gupta/OneDrive/Documents/Shivam_Developement/data_engineering/data_engineering_project/batch-etl-pyspark/.venv/lib/python3.12/site-packages/airflow/example_dags/example_bash_decorator.py took 0.222 seconds
