[2025-07-16T17:47:53.402+0000] {processor.py:161} INFO - Started process (PID=5787) to work on /mnt/c/Users/Shivam Gupta/OneDrive/Documents/Shivam_Developement/data_engineering/data_engineering_project/batch-etl-pyspark/.venv/lib/python3.12/site-packages/airflow/example_dags/example_complex.py
[2025-07-16T17:47:53.403+0000] {processor.py:830} INFO - Processing file /mnt/c/Users/Shivam Gupta/OneDrive/Documents/Shivam_Developement/data_engineering/data_engineering_project/batch-etl-pyspark/.venv/lib/python3.12/site-packages/airflow/example_dags/example_complex.py for tasks to queue
[2025-07-16T17:47:53.406+0000] {logging_mixin.py:188} INFO - [2025-07-16T17:47:53.405+0000] {dagbag.py:545} INFO - Filling up the DagBag from /mnt/c/Users/Shivam Gupta/OneDrive/Documents/Shivam_Developement/data_engineering/data_engineering_project/batch-etl-pyspark/.venv/lib/python3.12/site-packages/airflow/example_dags/example_complex.py
[2025-07-16T17:47:53.423+0000] {processor.py:840} INFO - DAG(s) 'example_complex' retrieved from /mnt/c/Users/Shivam Gupta/OneDrive/Documents/Shivam_Developement/data_engineering/data_engineering_project/batch-etl-pyspark/.venv/lib/python3.12/site-packages/airflow/example_dags/example_complex.py
[2025-07-16T17:47:54.311+0000] {logging_mixin.py:188} INFO - [2025-07-16T17:47:54.310+0000] {override.py:1930} INFO - Created Permission View: can read on DAG:example_complex
[2025-07-16T17:47:54.348+0000] {logging_mixin.py:188} INFO - [2025-07-16T17:47:54.347+0000] {override.py:1930} INFO - Created Permission View: can edit on DAG:example_complex
[2025-07-16T17:47:54.377+0000] {logging_mixin.py:188} INFO - [2025-07-16T17:47:54.376+0000] {override.py:1930} INFO - Created Permission View: can delete on DAG:example_complex
[2025-07-16T17:47:54.379+0000] {logging_mixin.py:188} INFO - [2025-07-16T17:47:54.378+0000] {dag.py:3096} INFO - Sync 1 DAGs
[2025-07-16T17:47:54.394+0000] {logging_mixin.py:188} INFO - [2025-07-16T17:47:54.393+0000] {dag.py:3118} INFO - Creating ORM DAG for example_complex
[2025-07-16T17:47:54.395+0000] {logging_mixin.py:188} INFO - [2025-07-16T17:47:54.395+0000] {dag.py:3954} INFO - Setting next_dagrun for example_complex to None, run_after=None
[2025-07-16T17:47:54.456+0000] {processor.py:183} INFO - Processing /mnt/c/Users/Shivam Gupta/OneDrive/Documents/Shivam_Developement/data_engineering/data_engineering_project/batch-etl-pyspark/.venv/lib/python3.12/site-packages/airflow/example_dags/example_complex.py took 1.063 seconds
[2025-07-16T17:49:50.570+0000] {processor.py:161} INFO - Started process (PID=5893) to work on /mnt/c/Users/Shivam Gupta/OneDrive/Documents/Shivam_Developement/data_engineering/data_engineering_project/batch-etl-pyspark/.venv/lib/python3.12/site-packages/airflow/example_dags/example_complex.py
[2025-07-16T17:49:50.571+0000] {processor.py:830} INFO - Processing file /mnt/c/Users/Shivam Gupta/OneDrive/Documents/Shivam_Developement/data_engineering/data_engineering_project/batch-etl-pyspark/.venv/lib/python3.12/site-packages/airflow/example_dags/example_complex.py for tasks to queue
[2025-07-16T17:49:50.574+0000] {logging_mixin.py:188} INFO - [2025-07-16T17:49:50.573+0000] {dagbag.py:545} INFO - Filling up the DagBag from /mnt/c/Users/Shivam Gupta/OneDrive/Documents/Shivam_Developement/data_engineering/data_engineering_project/batch-etl-pyspark/.venv/lib/python3.12/site-packages/airflow/example_dags/example_complex.py
[2025-07-16T17:49:50.593+0000] {processor.py:840} INFO - DAG(s) 'example_complex' retrieved from /mnt/c/Users/Shivam Gupta/OneDrive/Documents/Shivam_Developement/data_engineering/data_engineering_project/batch-etl-pyspark/.venv/lib/python3.12/site-packages/airflow/example_dags/example_complex.py
[2025-07-16T17:49:50.623+0000] {logging_mixin.py:188} INFO - [2025-07-16T17:49:50.622+0000] {dag.py:3096} INFO - Sync 1 DAGs
[2025-07-16T17:49:50.636+0000] {logging_mixin.py:188} INFO - [2025-07-16T17:49:50.636+0000] {dag.py:3954} INFO - Setting next_dagrun for example_complex to None, run_after=None
[2025-07-16T17:49:50.686+0000] {processor.py:183} INFO - Processing /mnt/c/Users/Shivam Gupta/OneDrive/Documents/Shivam_Developement/data_engineering/data_engineering_project/batch-etl-pyspark/.venv/lib/python3.12/site-packages/airflow/example_dags/example_complex.py took 0.125 seconds
[2025-07-16T17:51:20.732+0000] {processor.py:161} INFO - Started process (PID=5983) to work on /mnt/c/Users/Shivam Gupta/OneDrive/Documents/Shivam_Developement/data_engineering/data_engineering_project/batch-etl-pyspark/.venv/lib/python3.12/site-packages/airflow/example_dags/example_complex.py
[2025-07-16T17:51:20.733+0000] {processor.py:830} INFO - Processing file /mnt/c/Users/Shivam Gupta/OneDrive/Documents/Shivam_Developement/data_engineering/data_engineering_project/batch-etl-pyspark/.venv/lib/python3.12/site-packages/airflow/example_dags/example_complex.py for tasks to queue
[2025-07-16T17:51:20.736+0000] {logging_mixin.py:188} INFO - [2025-07-16T17:51:20.735+0000] {dagbag.py:545} INFO - Filling up the DagBag from /mnt/c/Users/Shivam Gupta/OneDrive/Documents/Shivam_Developement/data_engineering/data_engineering_project/batch-etl-pyspark/.venv/lib/python3.12/site-packages/airflow/example_dags/example_complex.py
[2025-07-16T17:51:20.753+0000] {processor.py:840} INFO - DAG(s) 'example_complex' retrieved from /mnt/c/Users/Shivam Gupta/OneDrive/Documents/Shivam_Developement/data_engineering/data_engineering_project/batch-etl-pyspark/.venv/lib/python3.12/site-packages/airflow/example_dags/example_complex.py
[2025-07-16T17:51:20.782+0000] {logging_mixin.py:188} INFO - [2025-07-16T17:51:20.782+0000] {dag.py:3096} INFO - Sync 1 DAGs
[2025-07-16T17:51:20.794+0000] {logging_mixin.py:188} INFO - [2025-07-16T17:51:20.794+0000] {dag.py:3954} INFO - Setting next_dagrun for example_complex to None, run_after=None
[2025-07-16T17:51:20.848+0000] {processor.py:183} INFO - Processing /mnt/c/Users/Shivam Gupta/OneDrive/Documents/Shivam_Developement/data_engineering/data_engineering_project/batch-etl-pyspark/.venv/lib/python3.12/site-packages/airflow/example_dags/example_complex.py took 0.125 seconds
[2025-07-16T17:52:29.124+0000] {processor.py:161} INFO - Started process (PID=6052) to work on /mnt/c/Users/Shivam Gupta/OneDrive/Documents/Shivam_Developement/data_engineering/data_engineering_project/batch-etl-pyspark/.venv/lib/python3.12/site-packages/airflow/example_dags/example_complex.py
[2025-07-16T17:52:29.126+0000] {processor.py:830} INFO - Processing file /mnt/c/Users/Shivam Gupta/OneDrive/Documents/Shivam_Developement/data_engineering/data_engineering_project/batch-etl-pyspark/.venv/lib/python3.12/site-packages/airflow/example_dags/example_complex.py for tasks to queue
[2025-07-16T17:52:29.130+0000] {logging_mixin.py:188} INFO - [2025-07-16T17:52:29.129+0000] {dagbag.py:545} INFO - Filling up the DagBag from /mnt/c/Users/Shivam Gupta/OneDrive/Documents/Shivam_Developement/data_engineering/data_engineering_project/batch-etl-pyspark/.venv/lib/python3.12/site-packages/airflow/example_dags/example_complex.py
[2025-07-16T17:52:29.159+0000] {processor.py:840} INFO - DAG(s) 'example_complex' retrieved from /mnt/c/Users/Shivam Gupta/OneDrive/Documents/Shivam_Developement/data_engineering/data_engineering_project/batch-etl-pyspark/.venv/lib/python3.12/site-packages/airflow/example_dags/example_complex.py
[2025-07-16T17:52:29.206+0000] {logging_mixin.py:188} INFO - [2025-07-16T17:52:29.205+0000] {dag.py:3096} INFO - Sync 1 DAGs
[2025-07-16T17:52:29.224+0000] {logging_mixin.py:188} INFO - [2025-07-16T17:52:29.222+0000] {dag.py:3954} INFO - Setting next_dagrun for example_complex to None, run_after=None
[2025-07-16T17:52:29.315+0000] {processor.py:183} INFO - Processing /mnt/c/Users/Shivam Gupta/OneDrive/Documents/Shivam_Developement/data_engineering/data_engineering_project/batch-etl-pyspark/.venv/lib/python3.12/site-packages/airflow/example_dags/example_complex.py took 0.205 seconds
[2025-07-16T17:53:58.465+0000] {processor.py:161} INFO - Started process (PID=6139) to work on /mnt/c/Users/Shivam Gupta/OneDrive/Documents/Shivam_Developement/data_engineering/data_engineering_project/batch-etl-pyspark/.venv/lib/python3.12/site-packages/airflow/example_dags/example_complex.py
[2025-07-16T17:53:58.466+0000] {processor.py:830} INFO - Processing file /mnt/c/Users/Shivam Gupta/OneDrive/Documents/Shivam_Developement/data_engineering/data_engineering_project/batch-etl-pyspark/.venv/lib/python3.12/site-packages/airflow/example_dags/example_complex.py for tasks to queue
[2025-07-16T17:53:58.469+0000] {logging_mixin.py:188} INFO - [2025-07-16T17:53:58.468+0000] {dagbag.py:545} INFO - Filling up the DagBag from /mnt/c/Users/Shivam Gupta/OneDrive/Documents/Shivam_Developement/data_engineering/data_engineering_project/batch-etl-pyspark/.venv/lib/python3.12/site-packages/airflow/example_dags/example_complex.py
[2025-07-16T17:53:58.483+0000] {processor.py:840} INFO - DAG(s) 'example_complex' retrieved from /mnt/c/Users/Shivam Gupta/OneDrive/Documents/Shivam_Developement/data_engineering/data_engineering_project/batch-etl-pyspark/.venv/lib/python3.12/site-packages/airflow/example_dags/example_complex.py
[2025-07-16T17:53:58.509+0000] {logging_mixin.py:188} INFO - [2025-07-16T17:53:58.508+0000] {dag.py:3096} INFO - Sync 1 DAGs
[2025-07-16T17:53:58.519+0000] {logging_mixin.py:188} INFO - [2025-07-16T17:53:58.518+0000] {dag.py:3954} INFO - Setting next_dagrun for example_complex to None, run_after=None
[2025-07-16T17:53:58.610+0000] {processor.py:183} INFO - Processing /mnt/c/Users/Shivam Gupta/OneDrive/Documents/Shivam_Developement/data_engineering/data_engineering_project/batch-etl-pyspark/.venv/lib/python3.12/site-packages/airflow/example_dags/example_complex.py took 0.152 seconds
[2025-07-16T17:55:28.582+0000] {processor.py:161} INFO - Started process (PID=6228) to work on /mnt/c/Users/Shivam Gupta/OneDrive/Documents/Shivam_Developement/data_engineering/data_engineering_project/batch-etl-pyspark/.venv/lib/python3.12/site-packages/airflow/example_dags/example_complex.py
[2025-07-16T17:55:28.585+0000] {processor.py:830} INFO - Processing file /mnt/c/Users/Shivam Gupta/OneDrive/Documents/Shivam_Developement/data_engineering/data_engineering_project/batch-etl-pyspark/.venv/lib/python3.12/site-packages/airflow/example_dags/example_complex.py for tasks to queue
[2025-07-16T17:55:28.589+0000] {logging_mixin.py:188} INFO - [2025-07-16T17:55:28.588+0000] {dagbag.py:545} INFO - Filling up the DagBag from /mnt/c/Users/Shivam Gupta/OneDrive/Documents/Shivam_Developement/data_engineering/data_engineering_project/batch-etl-pyspark/.venv/lib/python3.12/site-packages/airflow/example_dags/example_complex.py
[2025-07-16T17:55:28.617+0000] {processor.py:840} INFO - DAG(s) 'example_complex' retrieved from /mnt/c/Users/Shivam Gupta/OneDrive/Documents/Shivam_Developement/data_engineering/data_engineering_project/batch-etl-pyspark/.venv/lib/python3.12/site-packages/airflow/example_dags/example_complex.py
[2025-07-16T17:55:28.669+0000] {logging_mixin.py:188} INFO - [2025-07-16T17:55:28.667+0000] {dag.py:3096} INFO - Sync 1 DAGs
[2025-07-16T17:55:28.688+0000] {logging_mixin.py:188} INFO - [2025-07-16T17:55:28.686+0000] {dag.py:3954} INFO - Setting next_dagrun for example_complex to None, run_after=None
[2025-07-16T17:55:28.777+0000] {processor.py:183} INFO - Processing /mnt/c/Users/Shivam Gupta/OneDrive/Documents/Shivam_Developement/data_engineering/data_engineering_project/batch-etl-pyspark/.venv/lib/python3.12/site-packages/airflow/example_dags/example_complex.py took 0.208 seconds
[2025-07-16T18:03:02.104+0000] {processor.py:161} INFO - Started process (PID=6758) to work on /mnt/c/Users/Shivam Gupta/OneDrive/Documents/Shivam_Developement/data_engineering/data_engineering_project/batch-etl-pyspark/.venv/lib/python3.12/site-packages/airflow/example_dags/example_complex.py
[2025-07-16T18:03:02.107+0000] {processor.py:830} INFO - Processing file /mnt/c/Users/Shivam Gupta/OneDrive/Documents/Shivam_Developement/data_engineering/data_engineering_project/batch-etl-pyspark/.venv/lib/python3.12/site-packages/airflow/example_dags/example_complex.py for tasks to queue
[2025-07-16T18:03:02.112+0000] {logging_mixin.py:188} INFO - [2025-07-16T18:03:02.110+0000] {dagbag.py:545} INFO - Filling up the DagBag from /mnt/c/Users/Shivam Gupta/OneDrive/Documents/Shivam_Developement/data_engineering/data_engineering_project/batch-etl-pyspark/.venv/lib/python3.12/site-packages/airflow/example_dags/example_complex.py
[2025-07-16T18:03:02.156+0000] {processor.py:840} INFO - DAG(s) 'example_complex' retrieved from /mnt/c/Users/Shivam Gupta/OneDrive/Documents/Shivam_Developement/data_engineering/data_engineering_project/batch-etl-pyspark/.venv/lib/python3.12/site-packages/airflow/example_dags/example_complex.py
[2025-07-16T18:03:02.216+0000] {logging_mixin.py:188} INFO - [2025-07-16T18:03:02.215+0000] {dag.py:3096} INFO - Sync 1 DAGs
[2025-07-16T18:03:02.235+0000] {logging_mixin.py:188} INFO - [2025-07-16T18:03:02.233+0000] {dag.py:3954} INFO - Setting next_dagrun for example_complex to None, run_after=None
[2025-07-16T18:03:02.356+0000] {processor.py:183} INFO - Processing /mnt/c/Users/Shivam Gupta/OneDrive/Documents/Shivam_Developement/data_engineering/data_engineering_project/batch-etl-pyspark/.venv/lib/python3.12/site-packages/airflow/example_dags/example_complex.py took 0.273 seconds
[2025-07-16T18:38:49.422+0000] {processor.py:161} INFO - Started process (PID=8705) to work on /mnt/c/Users/Shivam Gupta/OneDrive/Documents/Shivam_Developement/data_engineering/data_engineering_project/batch-etl-pyspark/.venv/lib/python3.12/site-packages/airflow/example_dags/example_complex.py
[2025-07-16T18:38:49.424+0000] {processor.py:830} INFO - Processing file /mnt/c/Users/Shivam Gupta/OneDrive/Documents/Shivam_Developement/data_engineering/data_engineering_project/batch-etl-pyspark/.venv/lib/python3.12/site-packages/airflow/example_dags/example_complex.py for tasks to queue
[2025-07-16T18:38:49.427+0000] {logging_mixin.py:188} INFO - [2025-07-16T18:38:49.426+0000] {dagbag.py:545} INFO - Filling up the DagBag from /mnt/c/Users/Shivam Gupta/OneDrive/Documents/Shivam_Developement/data_engineering/data_engineering_project/batch-etl-pyspark/.venv/lib/python3.12/site-packages/airflow/example_dags/example_complex.py
[2025-07-16T18:38:49.449+0000] {processor.py:840} INFO - DAG(s) 'example_complex' retrieved from /mnt/c/Users/Shivam Gupta/OneDrive/Documents/Shivam_Developement/data_engineering/data_engineering_project/batch-etl-pyspark/.venv/lib/python3.12/site-packages/airflow/example_dags/example_complex.py
[2025-07-16T18:38:49.501+0000] {logging_mixin.py:188} INFO - [2025-07-16T18:38:49.500+0000] {dag.py:3096} INFO - Sync 1 DAGs
[2025-07-16T18:38:49.521+0000] {logging_mixin.py:188} INFO - [2025-07-16T18:38:49.519+0000] {dag.py:3954} INFO - Setting next_dagrun for example_complex to None, run_after=None
[2025-07-16T18:38:49.615+0000] {processor.py:183} INFO - Processing /mnt/c/Users/Shivam Gupta/OneDrive/Documents/Shivam_Developement/data_engineering/data_engineering_project/batch-etl-pyspark/.venv/lib/python3.12/site-packages/airflow/example_dags/example_complex.py took 0.203 seconds
[2025-07-16T18:52:57.157+0000] {processor.py:161} INFO - Started process (PID=9405) to work on /mnt/c/Users/Shivam Gupta/OneDrive/Documents/Shivam_Developement/data_engineering/data_engineering_project/batch-etl-pyspark/.venv/lib/python3.12/site-packages/airflow/example_dags/example_complex.py
[2025-07-16T18:52:57.160+0000] {processor.py:830} INFO - Processing file /mnt/c/Users/Shivam Gupta/OneDrive/Documents/Shivam_Developement/data_engineering/data_engineering_project/batch-etl-pyspark/.venv/lib/python3.12/site-packages/airflow/example_dags/example_complex.py for tasks to queue
[2025-07-16T18:52:57.163+0000] {logging_mixin.py:188} INFO - [2025-07-16T18:52:57.162+0000] {dagbag.py:545} INFO - Filling up the DagBag from /mnt/c/Users/Shivam Gupta/OneDrive/Documents/Shivam_Developement/data_engineering/data_engineering_project/batch-etl-pyspark/.venv/lib/python3.12/site-packages/airflow/example_dags/example_complex.py
[2025-07-16T18:52:57.192+0000] {processor.py:840} INFO - DAG(s) 'example_complex' retrieved from /mnt/c/Users/Shivam Gupta/OneDrive/Documents/Shivam_Developement/data_engineering/data_engineering_project/batch-etl-pyspark/.venv/lib/python3.12/site-packages/airflow/example_dags/example_complex.py
[2025-07-16T18:52:57.237+0000] {logging_mixin.py:188} INFO - [2025-07-16T18:52:57.236+0000] {dag.py:3096} INFO - Sync 1 DAGs
[2025-07-16T18:52:57.253+0000] {logging_mixin.py:188} INFO - [2025-07-16T18:52:57.252+0000] {dag.py:3954} INFO - Setting next_dagrun for example_complex to None, run_after=None
[2025-07-16T18:52:57.339+0000] {processor.py:183} INFO - Processing /mnt/c/Users/Shivam Gupta/OneDrive/Documents/Shivam_Developement/data_engineering/data_engineering_project/batch-etl-pyspark/.venv/lib/python3.12/site-packages/airflow/example_dags/example_complex.py took 0.197 seconds
[2025-07-16T18:54:24.152+0000] {processor.py:161} INFO - Started process (PID=9516) to work on /mnt/c/Users/Shivam Gupta/OneDrive/Documents/Shivam_Developement/data_engineering/data_engineering_project/batch-etl-pyspark/.venv/lib/python3.12/site-packages/airflow/example_dags/example_complex.py
[2025-07-16T18:54:24.155+0000] {processor.py:830} INFO - Processing file /mnt/c/Users/Shivam Gupta/OneDrive/Documents/Shivam_Developement/data_engineering/data_engineering_project/batch-etl-pyspark/.venv/lib/python3.12/site-packages/airflow/example_dags/example_complex.py for tasks to queue
[2025-07-16T18:54:24.158+0000] {logging_mixin.py:188} INFO - [2025-07-16T18:54:24.157+0000] {dagbag.py:545} INFO - Filling up the DagBag from /mnt/c/Users/Shivam Gupta/OneDrive/Documents/Shivam_Developement/data_engineering/data_engineering_project/batch-etl-pyspark/.venv/lib/python3.12/site-packages/airflow/example_dags/example_complex.py
[2025-07-16T18:54:24.181+0000] {processor.py:840} INFO - DAG(s) 'example_complex' retrieved from /mnt/c/Users/Shivam Gupta/OneDrive/Documents/Shivam_Developement/data_engineering/data_engineering_project/batch-etl-pyspark/.venv/lib/python3.12/site-packages/airflow/example_dags/example_complex.py
[2025-07-16T18:54:24.226+0000] {logging_mixin.py:188} INFO - [2025-07-16T18:54:24.225+0000] {dag.py:3096} INFO - Sync 1 DAGs
[2025-07-16T18:54:24.242+0000] {logging_mixin.py:188} INFO - [2025-07-16T18:54:24.241+0000] {dag.py:3954} INFO - Setting next_dagrun for example_complex to None, run_after=None
[2025-07-16T18:54:24.342+0000] {processor.py:183} INFO - Processing /mnt/c/Users/Shivam Gupta/OneDrive/Documents/Shivam_Developement/data_engineering/data_engineering_project/batch-etl-pyspark/.venv/lib/python3.12/site-packages/airflow/example_dags/example_complex.py took 0.211 seconds
[2025-07-16T18:55:45.772+0000] {processor.py:161} INFO - Started process (PID=9754) to work on /mnt/c/Users/Shivam Gupta/OneDrive/Documents/Shivam_Developement/data_engineering/data_engineering_project/batch-etl-pyspark/.venv/lib/python3.12/site-packages/airflow/example_dags/example_complex.py
[2025-07-16T18:55:45.773+0000] {processor.py:830} INFO - Processing file /mnt/c/Users/Shivam Gupta/OneDrive/Documents/Shivam_Developement/data_engineering/data_engineering_project/batch-etl-pyspark/.venv/lib/python3.12/site-packages/airflow/example_dags/example_complex.py for tasks to queue
[2025-07-16T18:55:45.776+0000] {logging_mixin.py:188} INFO - [2025-07-16T18:55:45.775+0000] {dagbag.py:545} INFO - Filling up the DagBag from /mnt/c/Users/Shivam Gupta/OneDrive/Documents/Shivam_Developement/data_engineering/data_engineering_project/batch-etl-pyspark/.venv/lib/python3.12/site-packages/airflow/example_dags/example_complex.py
[2025-07-16T18:55:45.792+0000] {processor.py:840} INFO - DAG(s) 'example_complex' retrieved from /mnt/c/Users/Shivam Gupta/OneDrive/Documents/Shivam_Developement/data_engineering/data_engineering_project/batch-etl-pyspark/.venv/lib/python3.12/site-packages/airflow/example_dags/example_complex.py
[2025-07-16T18:55:45.818+0000] {logging_mixin.py:188} INFO - [2025-07-16T18:55:45.817+0000] {dag.py:3096} INFO - Sync 1 DAGs
[2025-07-16T18:55:45.829+0000] {logging_mixin.py:188} INFO - [2025-07-16T18:55:45.828+0000] {dag.py:3954} INFO - Setting next_dagrun for example_complex to None, run_after=None
[2025-07-16T18:55:45.877+0000] {processor.py:183} INFO - Processing /mnt/c/Users/Shivam Gupta/OneDrive/Documents/Shivam_Developement/data_engineering/data_engineering_project/batch-etl-pyspark/.venv/lib/python3.12/site-packages/airflow/example_dags/example_complex.py took 0.113 seconds
[2025-07-16T18:57:00.024+0000] {processor.py:161} INFO - Started process (PID=9909) to work on /mnt/c/Users/Shivam Gupta/OneDrive/Documents/Shivam_Developement/data_engineering/data_engineering_project/batch-etl-pyspark/.venv/lib/python3.12/site-packages/airflow/example_dags/example_complex.py
[2025-07-16T18:57:00.028+0000] {processor.py:830} INFO - Processing file /mnt/c/Users/Shivam Gupta/OneDrive/Documents/Shivam_Developement/data_engineering/data_engineering_project/batch-etl-pyspark/.venv/lib/python3.12/site-packages/airflow/example_dags/example_complex.py for tasks to queue
[2025-07-16T18:57:00.032+0000] {logging_mixin.py:188} INFO - [2025-07-16T18:57:00.031+0000] {dagbag.py:545} INFO - Filling up the DagBag from /mnt/c/Users/Shivam Gupta/OneDrive/Documents/Shivam_Developement/data_engineering/data_engineering_project/batch-etl-pyspark/.venv/lib/python3.12/site-packages/airflow/example_dags/example_complex.py
[2025-07-16T18:57:00.063+0000] {processor.py:840} INFO - DAG(s) 'example_complex' retrieved from /mnt/c/Users/Shivam Gupta/OneDrive/Documents/Shivam_Developement/data_engineering/data_engineering_project/batch-etl-pyspark/.venv/lib/python3.12/site-packages/airflow/example_dags/example_complex.py
[2025-07-16T18:57:00.101+0000] {logging_mixin.py:188} INFO - [2025-07-16T18:57:00.100+0000] {dag.py:3096} INFO - Sync 1 DAGs
[2025-07-16T18:57:00.114+0000] {logging_mixin.py:188} INFO - [2025-07-16T18:57:00.113+0000] {dag.py:3954} INFO - Setting next_dagrun for example_complex to None, run_after=None
[2025-07-16T18:57:00.174+0000] {processor.py:183} INFO - Processing /mnt/c/Users/Shivam Gupta/OneDrive/Documents/Shivam_Developement/data_engineering/data_engineering_project/batch-etl-pyspark/.venv/lib/python3.12/site-packages/airflow/example_dags/example_complex.py took 0.176 seconds
[2025-07-16T18:58:22.919+0000] {processor.py:161} INFO - Started process (PID=10063) to work on /mnt/c/Users/Shivam Gupta/OneDrive/Documents/Shivam_Developement/data_engineering/data_engineering_project/batch-etl-pyspark/.venv/lib/python3.12/site-packages/airflow/example_dags/example_complex.py
[2025-07-16T18:58:22.922+0000] {processor.py:830} INFO - Processing file /mnt/c/Users/Shivam Gupta/OneDrive/Documents/Shivam_Developement/data_engineering/data_engineering_project/batch-etl-pyspark/.venv/lib/python3.12/site-packages/airflow/example_dags/example_complex.py for tasks to queue
[2025-07-16T18:58:22.927+0000] {logging_mixin.py:188} INFO - [2025-07-16T18:58:22.925+0000] {dagbag.py:545} INFO - Filling up the DagBag from /mnt/c/Users/Shivam Gupta/OneDrive/Documents/Shivam_Developement/data_engineering/data_engineering_project/batch-etl-pyspark/.venv/lib/python3.12/site-packages/airflow/example_dags/example_complex.py
[2025-07-16T18:58:22.975+0000] {processor.py:840} INFO - DAG(s) 'example_complex' retrieved from /mnt/c/Users/Shivam Gupta/OneDrive/Documents/Shivam_Developement/data_engineering/data_engineering_project/batch-etl-pyspark/.venv/lib/python3.12/site-packages/airflow/example_dags/example_complex.py
[2025-07-16T18:58:23.038+0000] {logging_mixin.py:188} INFO - [2025-07-16T18:58:23.037+0000] {dag.py:3096} INFO - Sync 1 DAGs
[2025-07-16T18:58:23.054+0000] {logging_mixin.py:188} INFO - [2025-07-16T18:58:23.052+0000] {dag.py:3954} INFO - Setting next_dagrun for example_complex to None, run_after=None
[2025-07-16T18:58:23.174+0000] {processor.py:183} INFO - Processing /mnt/c/Users/Shivam Gupta/OneDrive/Documents/Shivam_Developement/data_engineering/data_engineering_project/batch-etl-pyspark/.venv/lib/python3.12/site-packages/airflow/example_dags/example_complex.py took 0.271 seconds
[2025-07-16T18:59:47.925+0000] {processor.py:161} INFO - Started process (PID=10235) to work on /mnt/c/Users/Shivam Gupta/OneDrive/Documents/Shivam_Developement/data_engineering/data_engineering_project/batch-etl-pyspark/.venv/lib/python3.12/site-packages/airflow/example_dags/example_complex.py
[2025-07-16T18:59:47.927+0000] {processor.py:830} INFO - Processing file /mnt/c/Users/Shivam Gupta/OneDrive/Documents/Shivam_Developement/data_engineering/data_engineering_project/batch-etl-pyspark/.venv/lib/python3.12/site-packages/airflow/example_dags/example_complex.py for tasks to queue
[2025-07-16T18:59:47.930+0000] {logging_mixin.py:188} INFO - [2025-07-16T18:59:47.929+0000] {dagbag.py:545} INFO - Filling up the DagBag from /mnt/c/Users/Shivam Gupta/OneDrive/Documents/Shivam_Developement/data_engineering/data_engineering_project/batch-etl-pyspark/.venv/lib/python3.12/site-packages/airflow/example_dags/example_complex.py
[2025-07-16T18:59:47.952+0000] {processor.py:840} INFO - DAG(s) 'example_complex' retrieved from /mnt/c/Users/Shivam Gupta/OneDrive/Documents/Shivam_Developement/data_engineering/data_engineering_project/batch-etl-pyspark/.venv/lib/python3.12/site-packages/airflow/example_dags/example_complex.py
[2025-07-16T18:59:47.993+0000] {logging_mixin.py:188} INFO - [2025-07-16T18:59:47.990+0000] {dag.py:3096} INFO - Sync 1 DAGs
[2025-07-16T18:59:48.014+0000] {logging_mixin.py:188} INFO - [2025-07-16T18:59:48.012+0000] {dag.py:3954} INFO - Setting next_dagrun for example_complex to None, run_after=None
[2025-07-16T18:59:48.090+0000] {processor.py:183} INFO - Processing /mnt/c/Users/Shivam Gupta/OneDrive/Documents/Shivam_Developement/data_engineering/data_engineering_project/batch-etl-pyspark/.venv/lib/python3.12/site-packages/airflow/example_dags/example_complex.py took 0.177 seconds
[2025-07-16T19:01:15.666+0000] {processor.py:161} INFO - Started process (PID=10429) to work on /mnt/c/Users/Shivam Gupta/OneDrive/Documents/Shivam_Developement/data_engineering/data_engineering_project/batch-etl-pyspark/.venv/lib/python3.12/site-packages/airflow/example_dags/example_complex.py
[2025-07-16T19:01:15.669+0000] {processor.py:830} INFO - Processing file /mnt/c/Users/Shivam Gupta/OneDrive/Documents/Shivam_Developement/data_engineering/data_engineering_project/batch-etl-pyspark/.venv/lib/python3.12/site-packages/airflow/example_dags/example_complex.py for tasks to queue
[2025-07-16T19:01:15.673+0000] {logging_mixin.py:188} INFO - [2025-07-16T19:01:15.672+0000] {dagbag.py:545} INFO - Filling up the DagBag from /mnt/c/Users/Shivam Gupta/OneDrive/Documents/Shivam_Developement/data_engineering/data_engineering_project/batch-etl-pyspark/.venv/lib/python3.12/site-packages/airflow/example_dags/example_complex.py
[2025-07-16T19:01:15.715+0000] {processor.py:840} INFO - DAG(s) 'example_complex' retrieved from /mnt/c/Users/Shivam Gupta/OneDrive/Documents/Shivam_Developement/data_engineering/data_engineering_project/batch-etl-pyspark/.venv/lib/python3.12/site-packages/airflow/example_dags/example_complex.py
[2025-07-16T19:01:15.775+0000] {logging_mixin.py:188} INFO - [2025-07-16T19:01:15.773+0000] {dag.py:3096} INFO - Sync 1 DAGs
[2025-07-16T19:01:15.803+0000] {logging_mixin.py:188} INFO - [2025-07-16T19:01:15.801+0000] {dag.py:3954} INFO - Setting next_dagrun for example_complex to None, run_after=None
[2025-07-16T19:01:15.940+0000] {processor.py:183} INFO - Processing /mnt/c/Users/Shivam Gupta/OneDrive/Documents/Shivam_Developement/data_engineering/data_engineering_project/batch-etl-pyspark/.venv/lib/python3.12/site-packages/airflow/example_dags/example_complex.py took 0.294 seconds
[2025-07-16T19:02:49.116+0000] {processor.py:161} INFO - Started process (PID=10630) to work on /mnt/c/Users/Shivam Gupta/OneDrive/Documents/Shivam_Developement/data_engineering/data_engineering_project/batch-etl-pyspark/.venv/lib/python3.12/site-packages/airflow/example_dags/example_complex.py
[2025-07-16T19:02:49.118+0000] {processor.py:830} INFO - Processing file /mnt/c/Users/Shivam Gupta/OneDrive/Documents/Shivam_Developement/data_engineering/data_engineering_project/batch-etl-pyspark/.venv/lib/python3.12/site-packages/airflow/example_dags/example_complex.py for tasks to queue
[2025-07-16T19:02:49.122+0000] {logging_mixin.py:188} INFO - [2025-07-16T19:02:49.121+0000] {dagbag.py:545} INFO - Filling up the DagBag from /mnt/c/Users/Shivam Gupta/OneDrive/Documents/Shivam_Developement/data_engineering/data_engineering_project/batch-etl-pyspark/.venv/lib/python3.12/site-packages/airflow/example_dags/example_complex.py
[2025-07-16T19:02:49.156+0000] {processor.py:840} INFO - DAG(s) 'example_complex' retrieved from /mnt/c/Users/Shivam Gupta/OneDrive/Documents/Shivam_Developement/data_engineering/data_engineering_project/batch-etl-pyspark/.venv/lib/python3.12/site-packages/airflow/example_dags/example_complex.py
[2025-07-16T19:02:49.196+0000] {logging_mixin.py:188} INFO - [2025-07-16T19:02:49.194+0000] {dag.py:3096} INFO - Sync 1 DAGs
[2025-07-16T19:02:49.218+0000] {logging_mixin.py:188} INFO - [2025-07-16T19:02:49.216+0000] {dag.py:3954} INFO - Setting next_dagrun for example_complex to None, run_after=None
[2025-07-16T19:02:49.298+0000] {processor.py:183} INFO - Processing /mnt/c/Users/Shivam Gupta/OneDrive/Documents/Shivam_Developement/data_engineering/data_engineering_project/batch-etl-pyspark/.venv/lib/python3.12/site-packages/airflow/example_dags/example_complex.py took 0.195 seconds
[2025-07-16T19:04:19.368+0000] {processor.py:161} INFO - Started process (PID=10786) to work on /mnt/c/Users/Shivam Gupta/OneDrive/Documents/Shivam_Developement/data_engineering/data_engineering_project/batch-etl-pyspark/.venv/lib/python3.12/site-packages/airflow/example_dags/example_complex.py
[2025-07-16T19:04:19.370+0000] {processor.py:830} INFO - Processing file /mnt/c/Users/Shivam Gupta/OneDrive/Documents/Shivam_Developement/data_engineering/data_engineering_project/batch-etl-pyspark/.venv/lib/python3.12/site-packages/airflow/example_dags/example_complex.py for tasks to queue
[2025-07-16T19:04:19.373+0000] {logging_mixin.py:188} INFO - [2025-07-16T19:04:19.372+0000] {dagbag.py:545} INFO - Filling up the DagBag from /mnt/c/Users/Shivam Gupta/OneDrive/Documents/Shivam_Developement/data_engineering/data_engineering_project/batch-etl-pyspark/.venv/lib/python3.12/site-packages/airflow/example_dags/example_complex.py
[2025-07-16T19:04:19.402+0000] {processor.py:840} INFO - DAG(s) 'example_complex' retrieved from /mnt/c/Users/Shivam Gupta/OneDrive/Documents/Shivam_Developement/data_engineering/data_engineering_project/batch-etl-pyspark/.venv/lib/python3.12/site-packages/airflow/example_dags/example_complex.py
[2025-07-16T19:04:19.454+0000] {logging_mixin.py:188} INFO - [2025-07-16T19:04:19.453+0000] {dag.py:3096} INFO - Sync 1 DAGs
[2025-07-16T19:04:19.473+0000] {logging_mixin.py:188} INFO - [2025-07-16T19:04:19.471+0000] {dag.py:3954} INFO - Setting next_dagrun for example_complex to None, run_after=None
[2025-07-16T19:04:19.556+0000] {processor.py:183} INFO - Processing /mnt/c/Users/Shivam Gupta/OneDrive/Documents/Shivam_Developement/data_engineering/data_engineering_project/batch-etl-pyspark/.venv/lib/python3.12/site-packages/airflow/example_dags/example_complex.py took 0.201 seconds
[2025-07-16T19:05:43.425+0000] {processor.py:161} INFO - Started process (PID=10930) to work on /mnt/c/Users/Shivam Gupta/OneDrive/Documents/Shivam_Developement/data_engineering/data_engineering_project/batch-etl-pyspark/.venv/lib/python3.12/site-packages/airflow/example_dags/example_complex.py
[2025-07-16T19:05:43.438+0000] {processor.py:830} INFO - Processing file /mnt/c/Users/Shivam Gupta/OneDrive/Documents/Shivam_Developement/data_engineering/data_engineering_project/batch-etl-pyspark/.venv/lib/python3.12/site-packages/airflow/example_dags/example_complex.py for tasks to queue
[2025-07-16T19:05:43.441+0000] {logging_mixin.py:188} INFO - [2025-07-16T19:05:43.440+0000] {dagbag.py:545} INFO - Filling up the DagBag from /mnt/c/Users/Shivam Gupta/OneDrive/Documents/Shivam_Developement/data_engineering/data_engineering_project/batch-etl-pyspark/.venv/lib/python3.12/site-packages/airflow/example_dags/example_complex.py
[2025-07-16T19:05:43.469+0000] {processor.py:840} INFO - DAG(s) 'example_complex' retrieved from /mnt/c/Users/Shivam Gupta/OneDrive/Documents/Shivam_Developement/data_engineering/data_engineering_project/batch-etl-pyspark/.venv/lib/python3.12/site-packages/airflow/example_dags/example_complex.py
[2025-07-16T19:05:43.509+0000] {logging_mixin.py:188} INFO - [2025-07-16T19:05:43.508+0000] {dag.py:3096} INFO - Sync 1 DAGs
[2025-07-16T19:05:43.524+0000] {logging_mixin.py:188} INFO - [2025-07-16T19:05:43.523+0000] {dag.py:3954} INFO - Setting next_dagrun for example_complex to None, run_after=None
[2025-07-16T19:05:43.618+0000] {processor.py:183} INFO - Processing /mnt/c/Users/Shivam Gupta/OneDrive/Documents/Shivam_Developement/data_engineering/data_engineering_project/batch-etl-pyspark/.venv/lib/python3.12/site-packages/airflow/example_dags/example_complex.py took 0.208 seconds
[2025-07-16T19:07:11.296+0000] {processor.py:161} INFO - Started process (PID=11108) to work on /mnt/c/Users/Shivam Gupta/OneDrive/Documents/Shivam_Developement/data_engineering/data_engineering_project/batch-etl-pyspark/.venv/lib/python3.12/site-packages/airflow/example_dags/example_complex.py
[2025-07-16T19:07:11.304+0000] {processor.py:830} INFO - Processing file /mnt/c/Users/Shivam Gupta/OneDrive/Documents/Shivam_Developement/data_engineering/data_engineering_project/batch-etl-pyspark/.venv/lib/python3.12/site-packages/airflow/example_dags/example_complex.py for tasks to queue
[2025-07-16T19:07:11.311+0000] {logging_mixin.py:188} INFO - [2025-07-16T19:07:11.308+0000] {dagbag.py:545} INFO - Filling up the DagBag from /mnt/c/Users/Shivam Gupta/OneDrive/Documents/Shivam_Developement/data_engineering/data_engineering_project/batch-etl-pyspark/.venv/lib/python3.12/site-packages/airflow/example_dags/example_complex.py
[2025-07-16T19:07:11.359+0000] {processor.py:840} INFO - DAG(s) 'example_complex' retrieved from /mnt/c/Users/Shivam Gupta/OneDrive/Documents/Shivam_Developement/data_engineering/data_engineering_project/batch-etl-pyspark/.venv/lib/python3.12/site-packages/airflow/example_dags/example_complex.py
[2025-07-16T19:07:11.421+0000] {logging_mixin.py:188} INFO - [2025-07-16T19:07:11.419+0000] {dag.py:3096} INFO - Sync 1 DAGs
[2025-07-16T19:07:11.438+0000] {logging_mixin.py:188} INFO - [2025-07-16T19:07:11.436+0000] {dag.py:3954} INFO - Setting next_dagrun for example_complex to None, run_after=None
[2025-07-16T19:07:11.527+0000] {processor.py:183} INFO - Processing /mnt/c/Users/Shivam Gupta/OneDrive/Documents/Shivam_Developement/data_engineering/data_engineering_project/batch-etl-pyspark/.venv/lib/python3.12/site-packages/airflow/example_dags/example_complex.py took 0.247 seconds
[2025-07-16T19:08:43.696+0000] {processor.py:161} INFO - Started process (PID=11265) to work on /mnt/c/Users/Shivam Gupta/OneDrive/Documents/Shivam_Developement/data_engineering/data_engineering_project/batch-etl-pyspark/.venv/lib/python3.12/site-packages/airflow/example_dags/example_complex.py
[2025-07-16T19:08:43.699+0000] {processor.py:830} INFO - Processing file /mnt/c/Users/Shivam Gupta/OneDrive/Documents/Shivam_Developement/data_engineering/data_engineering_project/batch-etl-pyspark/.venv/lib/python3.12/site-packages/airflow/example_dags/example_complex.py for tasks to queue
[2025-07-16T19:08:43.702+0000] {logging_mixin.py:188} INFO - [2025-07-16T19:08:43.701+0000] {dagbag.py:545} INFO - Filling up the DagBag from /mnt/c/Users/Shivam Gupta/OneDrive/Documents/Shivam_Developement/data_engineering/data_engineering_project/batch-etl-pyspark/.venv/lib/python3.12/site-packages/airflow/example_dags/example_complex.py
[2025-07-16T19:08:43.731+0000] {processor.py:840} INFO - DAG(s) 'example_complex' retrieved from /mnt/c/Users/Shivam Gupta/OneDrive/Documents/Shivam_Developement/data_engineering/data_engineering_project/batch-etl-pyspark/.venv/lib/python3.12/site-packages/airflow/example_dags/example_complex.py
[2025-07-16T19:08:43.772+0000] {logging_mixin.py:188} INFO - [2025-07-16T19:08:43.771+0000] {dag.py:3096} INFO - Sync 1 DAGs
[2025-07-16T19:08:43.786+0000] {logging_mixin.py:188} INFO - [2025-07-16T19:08:43.785+0000] {dag.py:3954} INFO - Setting next_dagrun for example_complex to None, run_after=None
[2025-07-16T19:08:43.867+0000] {processor.py:183} INFO - Processing /mnt/c/Users/Shivam Gupta/OneDrive/Documents/Shivam_Developement/data_engineering/data_engineering_project/batch-etl-pyspark/.venv/lib/python3.12/site-packages/airflow/example_dags/example_complex.py took 0.187 seconds
[2025-07-16T19:10:12.361+0000] {processor.py:161} INFO - Started process (PID=11421) to work on /mnt/c/Users/Shivam Gupta/OneDrive/Documents/Shivam_Developement/data_engineering/data_engineering_project/batch-etl-pyspark/.venv/lib/python3.12/site-packages/airflow/example_dags/example_complex.py
[2025-07-16T19:10:12.364+0000] {processor.py:830} INFO - Processing file /mnt/c/Users/Shivam Gupta/OneDrive/Documents/Shivam_Developement/data_engineering/data_engineering_project/batch-etl-pyspark/.venv/lib/python3.12/site-packages/airflow/example_dags/example_complex.py for tasks to queue
[2025-07-16T19:10:12.370+0000] {logging_mixin.py:188} INFO - [2025-07-16T19:10:12.368+0000] {dagbag.py:545} INFO - Filling up the DagBag from /mnt/c/Users/Shivam Gupta/OneDrive/Documents/Shivam_Developement/data_engineering/data_engineering_project/batch-etl-pyspark/.venv/lib/python3.12/site-packages/airflow/example_dags/example_complex.py
[2025-07-16T19:10:12.401+0000] {processor.py:840} INFO - DAG(s) 'example_complex' retrieved from /mnt/c/Users/Shivam Gupta/OneDrive/Documents/Shivam_Developement/data_engineering/data_engineering_project/batch-etl-pyspark/.venv/lib/python3.12/site-packages/airflow/example_dags/example_complex.py
[2025-07-16T19:10:12.445+0000] {logging_mixin.py:188} INFO - [2025-07-16T19:10:12.444+0000] {dag.py:3096} INFO - Sync 1 DAGs
[2025-07-16T19:10:12.461+0000] {logging_mixin.py:188} INFO - [2025-07-16T19:10:12.460+0000] {dag.py:3954} INFO - Setting next_dagrun for example_complex to None, run_after=None
[2025-07-16T19:10:12.540+0000] {processor.py:183} INFO - Processing /mnt/c/Users/Shivam Gupta/OneDrive/Documents/Shivam_Developement/data_engineering/data_engineering_project/batch-etl-pyspark/.venv/lib/python3.12/site-packages/airflow/example_dags/example_complex.py took 0.194 seconds
[2025-07-16T19:11:47.546+0000] {processor.py:161} INFO - Started process (PID=11602) to work on /mnt/c/Users/Shivam Gupta/OneDrive/Documents/Shivam_Developement/data_engineering/data_engineering_project/batch-etl-pyspark/.venv/lib/python3.12/site-packages/airflow/example_dags/example_complex.py
[2025-07-16T19:11:47.548+0000] {processor.py:830} INFO - Processing file /mnt/c/Users/Shivam Gupta/OneDrive/Documents/Shivam_Developement/data_engineering/data_engineering_project/batch-etl-pyspark/.venv/lib/python3.12/site-packages/airflow/example_dags/example_complex.py for tasks to queue
[2025-07-16T19:11:47.552+0000] {logging_mixin.py:188} INFO - [2025-07-16T19:11:47.551+0000] {dagbag.py:545} INFO - Filling up the DagBag from /mnt/c/Users/Shivam Gupta/OneDrive/Documents/Shivam_Developement/data_engineering/data_engineering_project/batch-etl-pyspark/.venv/lib/python3.12/site-packages/airflow/example_dags/example_complex.py
[2025-07-16T19:11:47.583+0000] {processor.py:840} INFO - DAG(s) 'example_complex' retrieved from /mnt/c/Users/Shivam Gupta/OneDrive/Documents/Shivam_Developement/data_engineering/data_engineering_project/batch-etl-pyspark/.venv/lib/python3.12/site-packages/airflow/example_dags/example_complex.py
[2025-07-16T19:11:47.624+0000] {logging_mixin.py:188} INFO - [2025-07-16T19:11:47.623+0000] {dag.py:3096} INFO - Sync 1 DAGs
[2025-07-16T19:11:47.641+0000] {logging_mixin.py:188} INFO - [2025-07-16T19:11:47.640+0000] {dag.py:3954} INFO - Setting next_dagrun for example_complex to None, run_after=None
[2025-07-16T19:11:47.727+0000] {processor.py:183} INFO - Processing /mnt/c/Users/Shivam Gupta/OneDrive/Documents/Shivam_Developement/data_engineering/data_engineering_project/batch-etl-pyspark/.venv/lib/python3.12/site-packages/airflow/example_dags/example_complex.py took 0.196 seconds
[2025-07-16T19:13:13.834+0000] {processor.py:161} INFO - Started process (PID=11775) to work on /mnt/c/Users/Shivam Gupta/OneDrive/Documents/Shivam_Developement/data_engineering/data_engineering_project/batch-etl-pyspark/.venv/lib/python3.12/site-packages/airflow/example_dags/example_complex.py
[2025-07-16T19:13:13.835+0000] {processor.py:830} INFO - Processing file /mnt/c/Users/Shivam Gupta/OneDrive/Documents/Shivam_Developement/data_engineering/data_engineering_project/batch-etl-pyspark/.venv/lib/python3.12/site-packages/airflow/example_dags/example_complex.py for tasks to queue
[2025-07-16T19:13:13.838+0000] {logging_mixin.py:188} INFO - [2025-07-16T19:13:13.837+0000] {dagbag.py:545} INFO - Filling up the DagBag from /mnt/c/Users/Shivam Gupta/OneDrive/Documents/Shivam_Developement/data_engineering/data_engineering_project/batch-etl-pyspark/.venv/lib/python3.12/site-packages/airflow/example_dags/example_complex.py
[2025-07-16T19:13:13.857+0000] {processor.py:840} INFO - DAG(s) 'example_complex' retrieved from /mnt/c/Users/Shivam Gupta/OneDrive/Documents/Shivam_Developement/data_engineering/data_engineering_project/batch-etl-pyspark/.venv/lib/python3.12/site-packages/airflow/example_dags/example_complex.py
[2025-07-16T19:13:13.903+0000] {logging_mixin.py:188} INFO - [2025-07-16T19:13:13.902+0000] {dag.py:3096} INFO - Sync 1 DAGs
[2025-07-16T19:13:13.918+0000] {logging_mixin.py:188} INFO - [2025-07-16T19:13:13.917+0000] {dag.py:3954} INFO - Setting next_dagrun for example_complex to None, run_after=None
[2025-07-16T19:13:14.005+0000] {processor.py:183} INFO - Processing /mnt/c/Users/Shivam Gupta/OneDrive/Documents/Shivam_Developement/data_engineering/data_engineering_project/batch-etl-pyspark/.venv/lib/python3.12/site-packages/airflow/example_dags/example_complex.py took 0.181 seconds
[2025-07-16T19:14:41.733+0000] {processor.py:161} INFO - Started process (PID=11950) to work on /mnt/c/Users/Shivam Gupta/OneDrive/Documents/Shivam_Developement/data_engineering/data_engineering_project/batch-etl-pyspark/.venv/lib/python3.12/site-packages/airflow/example_dags/example_complex.py
[2025-07-16T19:14:41.735+0000] {processor.py:830} INFO - Processing file /mnt/c/Users/Shivam Gupta/OneDrive/Documents/Shivam_Developement/data_engineering/data_engineering_project/batch-etl-pyspark/.venv/lib/python3.12/site-packages/airflow/example_dags/example_complex.py for tasks to queue
[2025-07-16T19:14:41.739+0000] {logging_mixin.py:188} INFO - [2025-07-16T19:14:41.738+0000] {dagbag.py:545} INFO - Filling up the DagBag from /mnt/c/Users/Shivam Gupta/OneDrive/Documents/Shivam_Developement/data_engineering/data_engineering_project/batch-etl-pyspark/.venv/lib/python3.12/site-packages/airflow/example_dags/example_complex.py
[2025-07-16T19:14:41.766+0000] {processor.py:840} INFO - DAG(s) 'example_complex' retrieved from /mnt/c/Users/Shivam Gupta/OneDrive/Documents/Shivam_Developement/data_engineering/data_engineering_project/batch-etl-pyspark/.venv/lib/python3.12/site-packages/airflow/example_dags/example_complex.py
[2025-07-16T19:14:41.815+0000] {logging_mixin.py:188} INFO - [2025-07-16T19:14:41.814+0000] {dag.py:3096} INFO - Sync 1 DAGs
[2025-07-16T19:14:41.830+0000] {logging_mixin.py:188} INFO - [2025-07-16T19:14:41.829+0000] {dag.py:3954} INFO - Setting next_dagrun for example_complex to None, run_after=None
[2025-07-16T19:14:41.920+0000] {processor.py:183} INFO - Processing /mnt/c/Users/Shivam Gupta/OneDrive/Documents/Shivam_Developement/data_engineering/data_engineering_project/batch-etl-pyspark/.venv/lib/python3.12/site-packages/airflow/example_dags/example_complex.py took 0.202 seconds
[2025-07-16T19:16:13.723+0000] {processor.py:161} INFO - Started process (PID=12127) to work on /mnt/c/Users/Shivam Gupta/OneDrive/Documents/Shivam_Developement/data_engineering/data_engineering_project/batch-etl-pyspark/.venv/lib/python3.12/site-packages/airflow/example_dags/example_complex.py
[2025-07-16T19:16:13.725+0000] {processor.py:830} INFO - Processing file /mnt/c/Users/Shivam Gupta/OneDrive/Documents/Shivam_Developement/data_engineering/data_engineering_project/batch-etl-pyspark/.venv/lib/python3.12/site-packages/airflow/example_dags/example_complex.py for tasks to queue
[2025-07-16T19:16:13.737+0000] {logging_mixin.py:188} INFO - [2025-07-16T19:16:13.727+0000] {dagbag.py:545} INFO - Filling up the DagBag from /mnt/c/Users/Shivam Gupta/OneDrive/Documents/Shivam_Developement/data_engineering/data_engineering_project/batch-etl-pyspark/.venv/lib/python3.12/site-packages/airflow/example_dags/example_complex.py
[2025-07-16T19:16:13.786+0000] {processor.py:840} INFO - DAG(s) 'example_complex' retrieved from /mnt/c/Users/Shivam Gupta/OneDrive/Documents/Shivam_Developement/data_engineering/data_engineering_project/batch-etl-pyspark/.venv/lib/python3.12/site-packages/airflow/example_dags/example_complex.py
[2025-07-16T19:16:13.836+0000] {logging_mixin.py:188} INFO - [2025-07-16T19:16:13.835+0000] {dag.py:3096} INFO - Sync 1 DAGs
[2025-07-16T19:16:13.852+0000] {logging_mixin.py:188} INFO - [2025-07-16T19:16:13.851+0000] {dag.py:3954} INFO - Setting next_dagrun for example_complex to None, run_after=None
[2025-07-16T19:16:13.938+0000] {processor.py:183} INFO - Processing /mnt/c/Users/Shivam Gupta/OneDrive/Documents/Shivam_Developement/data_engineering/data_engineering_project/batch-etl-pyspark/.venv/lib/python3.12/site-packages/airflow/example_dags/example_complex.py took 0.234 seconds
[2025-07-16T19:17:41.752+0000] {processor.py:161} INFO - Started process (PID=12307) to work on /mnt/c/Users/Shivam Gupta/OneDrive/Documents/Shivam_Developement/data_engineering/data_engineering_project/batch-etl-pyspark/.venv/lib/python3.12/site-packages/airflow/example_dags/example_complex.py
[2025-07-16T19:17:41.754+0000] {processor.py:830} INFO - Processing file /mnt/c/Users/Shivam Gupta/OneDrive/Documents/Shivam_Developement/data_engineering/data_engineering_project/batch-etl-pyspark/.venv/lib/python3.12/site-packages/airflow/example_dags/example_complex.py for tasks to queue
[2025-07-16T19:17:41.758+0000] {logging_mixin.py:188} INFO - [2025-07-16T19:17:41.756+0000] {dagbag.py:545} INFO - Filling up the DagBag from /mnt/c/Users/Shivam Gupta/OneDrive/Documents/Shivam_Developement/data_engineering/data_engineering_project/batch-etl-pyspark/.venv/lib/python3.12/site-packages/airflow/example_dags/example_complex.py
[2025-07-16T19:17:41.782+0000] {processor.py:840} INFO - DAG(s) 'example_complex' retrieved from /mnt/c/Users/Shivam Gupta/OneDrive/Documents/Shivam_Developement/data_engineering/data_engineering_project/batch-etl-pyspark/.venv/lib/python3.12/site-packages/airflow/example_dags/example_complex.py
[2025-07-16T19:17:41.816+0000] {logging_mixin.py:188} INFO - [2025-07-16T19:17:41.815+0000] {dag.py:3096} INFO - Sync 1 DAGs
[2025-07-16T19:17:41.830+0000] {logging_mixin.py:188} INFO - [2025-07-16T19:17:41.829+0000] {dag.py:3954} INFO - Setting next_dagrun for example_complex to None, run_after=None
[2025-07-16T19:17:41.949+0000] {processor.py:183} INFO - Processing /mnt/c/Users/Shivam Gupta/OneDrive/Documents/Shivam_Developement/data_engineering/data_engineering_project/batch-etl-pyspark/.venv/lib/python3.12/site-packages/airflow/example_dags/example_complex.py took 0.207 seconds
[2025-07-16T19:19:01.654+0000] {processor.py:161} INFO - Started process (PID=12436) to work on /mnt/c/Users/Shivam Gupta/OneDrive/Documents/Shivam_Developement/data_engineering/data_engineering_project/batch-etl-pyspark/.venv/lib/python3.12/site-packages/airflow/example_dags/example_complex.py
[2025-07-16T19:19:01.656+0000] {processor.py:830} INFO - Processing file /mnt/c/Users/Shivam Gupta/OneDrive/Documents/Shivam_Developement/data_engineering/data_engineering_project/batch-etl-pyspark/.venv/lib/python3.12/site-packages/airflow/example_dags/example_complex.py for tasks to queue
[2025-07-16T19:19:01.660+0000] {logging_mixin.py:188} INFO - [2025-07-16T19:19:01.658+0000] {dagbag.py:545} INFO - Filling up the DagBag from /mnt/c/Users/Shivam Gupta/OneDrive/Documents/Shivam_Developement/data_engineering/data_engineering_project/batch-etl-pyspark/.venv/lib/python3.12/site-packages/airflow/example_dags/example_complex.py
[2025-07-16T19:19:01.685+0000] {processor.py:840} INFO - DAG(s) 'example_complex' retrieved from /mnt/c/Users/Shivam Gupta/OneDrive/Documents/Shivam_Developement/data_engineering/data_engineering_project/batch-etl-pyspark/.venv/lib/python3.12/site-packages/airflow/example_dags/example_complex.py
[2025-07-16T19:19:01.726+0000] {logging_mixin.py:188} INFO - [2025-07-16T19:19:01.725+0000] {dag.py:3096} INFO - Sync 1 DAGs
[2025-07-16T19:19:01.741+0000] {logging_mixin.py:188} INFO - [2025-07-16T19:19:01.740+0000] {dag.py:3954} INFO - Setting next_dagrun for example_complex to None, run_after=None
[2025-07-16T19:19:01.832+0000] {processor.py:183} INFO - Processing /mnt/c/Users/Shivam Gupta/OneDrive/Documents/Shivam_Developement/data_engineering/data_engineering_project/batch-etl-pyspark/.venv/lib/python3.12/site-packages/airflow/example_dags/example_complex.py took 0.193 seconds
[2025-07-16T19:20:25.122+0000] {processor.py:161} INFO - Started process (PID=12582) to work on /mnt/c/Users/Shivam Gupta/OneDrive/Documents/Shivam_Developement/data_engineering/data_engineering_project/batch-etl-pyspark/.venv/lib/python3.12/site-packages/airflow/example_dags/example_complex.py
[2025-07-16T19:20:25.124+0000] {processor.py:830} INFO - Processing file /mnt/c/Users/Shivam Gupta/OneDrive/Documents/Shivam_Developement/data_engineering/data_engineering_project/batch-etl-pyspark/.venv/lib/python3.12/site-packages/airflow/example_dags/example_complex.py for tasks to queue
[2025-07-16T19:20:25.128+0000] {logging_mixin.py:188} INFO - [2025-07-16T19:20:25.126+0000] {dagbag.py:545} INFO - Filling up the DagBag from /mnt/c/Users/Shivam Gupta/OneDrive/Documents/Shivam_Developement/data_engineering/data_engineering_project/batch-etl-pyspark/.venv/lib/python3.12/site-packages/airflow/example_dags/example_complex.py
[2025-07-16T19:20:25.158+0000] {processor.py:840} INFO - DAG(s) 'example_complex' retrieved from /mnt/c/Users/Shivam Gupta/OneDrive/Documents/Shivam_Developement/data_engineering/data_engineering_project/batch-etl-pyspark/.venv/lib/python3.12/site-packages/airflow/example_dags/example_complex.py
[2025-07-16T19:20:25.191+0000] {logging_mixin.py:188} INFO - [2025-07-16T19:20:25.190+0000] {dag.py:3096} INFO - Sync 1 DAGs
[2025-07-16T19:20:25.203+0000] {logging_mixin.py:188} INFO - [2025-07-16T19:20:25.202+0000] {dag.py:3954} INFO - Setting next_dagrun for example_complex to None, run_after=None
[2025-07-16T19:20:25.268+0000] {processor.py:183} INFO - Processing /mnt/c/Users/Shivam Gupta/OneDrive/Documents/Shivam_Developement/data_engineering/data_engineering_project/batch-etl-pyspark/.venv/lib/python3.12/site-packages/airflow/example_dags/example_complex.py took 0.161 seconds
[2025-07-16T19:21:51.302+0000] {processor.py:161} INFO - Started process (PID=12757) to work on /mnt/c/Users/Shivam Gupta/OneDrive/Documents/Shivam_Developement/data_engineering/data_engineering_project/batch-etl-pyspark/.venv/lib/python3.12/site-packages/airflow/example_dags/example_complex.py
[2025-07-16T19:21:51.304+0000] {processor.py:830} INFO - Processing file /mnt/c/Users/Shivam Gupta/OneDrive/Documents/Shivam_Developement/data_engineering/data_engineering_project/batch-etl-pyspark/.venv/lib/python3.12/site-packages/airflow/example_dags/example_complex.py for tasks to queue
[2025-07-16T19:21:51.308+0000] {logging_mixin.py:188} INFO - [2025-07-16T19:21:51.306+0000] {dagbag.py:545} INFO - Filling up the DagBag from /mnt/c/Users/Shivam Gupta/OneDrive/Documents/Shivam_Developement/data_engineering/data_engineering_project/batch-etl-pyspark/.venv/lib/python3.12/site-packages/airflow/example_dags/example_complex.py
[2025-07-16T19:21:51.336+0000] {processor.py:840} INFO - DAG(s) 'example_complex' retrieved from /mnt/c/Users/Shivam Gupta/OneDrive/Documents/Shivam_Developement/data_engineering/data_engineering_project/batch-etl-pyspark/.venv/lib/python3.12/site-packages/airflow/example_dags/example_complex.py
[2025-07-16T19:21:51.383+0000] {logging_mixin.py:188} INFO - [2025-07-16T19:21:51.381+0000] {dag.py:3096} INFO - Sync 1 DAGs
[2025-07-16T19:21:51.400+0000] {logging_mixin.py:188} INFO - [2025-07-16T19:21:51.397+0000] {dag.py:3954} INFO - Setting next_dagrun for example_complex to None, run_after=None
[2025-07-16T19:21:51.491+0000] {processor.py:183} INFO - Processing /mnt/c/Users/Shivam Gupta/OneDrive/Documents/Shivam_Developement/data_engineering/data_engineering_project/batch-etl-pyspark/.venv/lib/python3.12/site-packages/airflow/example_dags/example_complex.py took 0.200 seconds
[2025-07-16T19:23:16.919+0000] {processor.py:161} INFO - Started process (PID=12916) to work on /mnt/c/Users/Shivam Gupta/OneDrive/Documents/Shivam_Developement/data_engineering/data_engineering_project/batch-etl-pyspark/.venv/lib/python3.12/site-packages/airflow/example_dags/example_complex.py
[2025-07-16T19:23:16.921+0000] {processor.py:830} INFO - Processing file /mnt/c/Users/Shivam Gupta/OneDrive/Documents/Shivam_Developement/data_engineering/data_engineering_project/batch-etl-pyspark/.venv/lib/python3.12/site-packages/airflow/example_dags/example_complex.py for tasks to queue
[2025-07-16T19:23:16.924+0000] {logging_mixin.py:188} INFO - [2025-07-16T19:23:16.923+0000] {dagbag.py:545} INFO - Filling up the DagBag from /mnt/c/Users/Shivam Gupta/OneDrive/Documents/Shivam_Developement/data_engineering/data_engineering_project/batch-etl-pyspark/.venv/lib/python3.12/site-packages/airflow/example_dags/example_complex.py
[2025-07-16T19:23:16.943+0000] {processor.py:840} INFO - DAG(s) 'example_complex' retrieved from /mnt/c/Users/Shivam Gupta/OneDrive/Documents/Shivam_Developement/data_engineering/data_engineering_project/batch-etl-pyspark/.venv/lib/python3.12/site-packages/airflow/example_dags/example_complex.py
[2025-07-16T19:23:16.975+0000] {logging_mixin.py:188} INFO - [2025-07-16T19:23:16.974+0000] {dag.py:3096} INFO - Sync 1 DAGs
[2025-07-16T19:23:16.987+0000] {logging_mixin.py:188} INFO - [2025-07-16T19:23:16.987+0000] {dag.py:3954} INFO - Setting next_dagrun for example_complex to None, run_after=None
[2025-07-16T19:23:17.045+0000] {processor.py:183} INFO - Processing /mnt/c/Users/Shivam Gupta/OneDrive/Documents/Shivam_Developement/data_engineering/data_engineering_project/batch-etl-pyspark/.venv/lib/python3.12/site-packages/airflow/example_dags/example_complex.py took 0.137 seconds
[2025-07-16T19:24:42.357+0000] {processor.py:161} INFO - Started process (PID=13022) to work on /mnt/c/Users/Shivam Gupta/OneDrive/Documents/Shivam_Developement/data_engineering/data_engineering_project/batch-etl-pyspark/.venv/lib/python3.12/site-packages/airflow/example_dags/example_complex.py
[2025-07-16T19:24:42.362+0000] {processor.py:830} INFO - Processing file /mnt/c/Users/Shivam Gupta/OneDrive/Documents/Shivam_Developement/data_engineering/data_engineering_project/batch-etl-pyspark/.venv/lib/python3.12/site-packages/airflow/example_dags/example_complex.py for tasks to queue
[2025-07-16T19:24:42.367+0000] {logging_mixin.py:188} INFO - [2025-07-16T19:24:42.365+0000] {dagbag.py:545} INFO - Filling up the DagBag from /mnt/c/Users/Shivam Gupta/OneDrive/Documents/Shivam_Developement/data_engineering/data_engineering_project/batch-etl-pyspark/.venv/lib/python3.12/site-packages/airflow/example_dags/example_complex.py
[2025-07-16T19:24:42.397+0000] {processor.py:840} INFO - DAG(s) 'example_complex' retrieved from /mnt/c/Users/Shivam Gupta/OneDrive/Documents/Shivam_Developement/data_engineering/data_engineering_project/batch-etl-pyspark/.venv/lib/python3.12/site-packages/airflow/example_dags/example_complex.py
[2025-07-16T19:24:42.439+0000] {logging_mixin.py:188} INFO - [2025-07-16T19:24:42.438+0000] {dag.py:3096} INFO - Sync 1 DAGs
[2025-07-16T19:24:42.555+0000] {logging_mixin.py:188} INFO - [2025-07-16T19:24:42.553+0000] {dag.py:3954} INFO - Setting next_dagrun for example_complex to None, run_after=None
[2025-07-16T19:24:42.636+0000] {processor.py:183} INFO - Processing /mnt/c/Users/Shivam Gupta/OneDrive/Documents/Shivam_Developement/data_engineering/data_engineering_project/batch-etl-pyspark/.venv/lib/python3.12/site-packages/airflow/example_dags/example_complex.py took 0.298 seconds
[2025-07-16T19:26:03.955+0000] {processor.py:161} INFO - Started process (PID=13143) to work on /mnt/c/Users/Shivam Gupta/OneDrive/Documents/Shivam_Developement/data_engineering/data_engineering_project/batch-etl-pyspark/.venv/lib/python3.12/site-packages/airflow/example_dags/example_complex.py
[2025-07-16T19:26:03.957+0000] {processor.py:830} INFO - Processing file /mnt/c/Users/Shivam Gupta/OneDrive/Documents/Shivam_Developement/data_engineering/data_engineering_project/batch-etl-pyspark/.venv/lib/python3.12/site-packages/airflow/example_dags/example_complex.py for tasks to queue
[2025-07-16T19:26:03.960+0000] {logging_mixin.py:188} INFO - [2025-07-16T19:26:03.959+0000] {dagbag.py:545} INFO - Filling up the DagBag from /mnt/c/Users/Shivam Gupta/OneDrive/Documents/Shivam_Developement/data_engineering/data_engineering_project/batch-etl-pyspark/.venv/lib/python3.12/site-packages/airflow/example_dags/example_complex.py
[2025-07-16T19:26:03.979+0000] {processor.py:840} INFO - DAG(s) 'example_complex' retrieved from /mnt/c/Users/Shivam Gupta/OneDrive/Documents/Shivam_Developement/data_engineering/data_engineering_project/batch-etl-pyspark/.venv/lib/python3.12/site-packages/airflow/example_dags/example_complex.py
[2025-07-16T19:26:04.015+0000] {logging_mixin.py:188} INFO - [2025-07-16T19:26:04.014+0000] {dag.py:3096} INFO - Sync 1 DAGs
[2025-07-16T19:26:04.030+0000] {logging_mixin.py:188} INFO - [2025-07-16T19:26:04.029+0000] {dag.py:3954} INFO - Setting next_dagrun for example_complex to None, run_after=None
[2025-07-16T19:26:04.104+0000] {processor.py:183} INFO - Processing /mnt/c/Users/Shivam Gupta/OneDrive/Documents/Shivam_Developement/data_engineering/data_engineering_project/batch-etl-pyspark/.venv/lib/python3.12/site-packages/airflow/example_dags/example_complex.py took 0.163 seconds
[2025-07-16T19:27:25.297+0000] {processor.py:161} INFO - Started process (PID=13234) to work on /mnt/c/Users/Shivam Gupta/OneDrive/Documents/Shivam_Developement/data_engineering/data_engineering_project/batch-etl-pyspark/.venv/lib/python3.12/site-packages/airflow/example_dags/example_complex.py
[2025-07-16T19:27:25.299+0000] {processor.py:830} INFO - Processing file /mnt/c/Users/Shivam Gupta/OneDrive/Documents/Shivam_Developement/data_engineering/data_engineering_project/batch-etl-pyspark/.venv/lib/python3.12/site-packages/airflow/example_dags/example_complex.py for tasks to queue
[2025-07-16T19:27:25.302+0000] {logging_mixin.py:188} INFO - [2025-07-16T19:27:25.301+0000] {dagbag.py:545} INFO - Filling up the DagBag from /mnt/c/Users/Shivam Gupta/OneDrive/Documents/Shivam_Developement/data_engineering/data_engineering_project/batch-etl-pyspark/.venv/lib/python3.12/site-packages/airflow/example_dags/example_complex.py
[2025-07-16T19:27:25.324+0000] {processor.py:840} INFO - DAG(s) 'example_complex' retrieved from /mnt/c/Users/Shivam Gupta/OneDrive/Documents/Shivam_Developement/data_engineering/data_engineering_project/batch-etl-pyspark/.venv/lib/python3.12/site-packages/airflow/example_dags/example_complex.py
[2025-07-16T19:27:25.357+0000] {logging_mixin.py:188} INFO - [2025-07-16T19:27:25.356+0000] {dag.py:3096} INFO - Sync 1 DAGs
[2025-07-16T19:27:25.369+0000] {logging_mixin.py:188} INFO - [2025-07-16T19:27:25.369+0000] {dag.py:3954} INFO - Setting next_dagrun for example_complex to None, run_after=None
[2025-07-16T19:27:25.423+0000] {processor.py:183} INFO - Processing /mnt/c/Users/Shivam Gupta/OneDrive/Documents/Shivam_Developement/data_engineering/data_engineering_project/batch-etl-pyspark/.venv/lib/python3.12/site-packages/airflow/example_dags/example_complex.py took 0.140 seconds
[2025-07-16T19:28:39.001+0000] {processor.py:161} INFO - Started process (PID=13320) to work on /mnt/c/Users/Shivam Gupta/OneDrive/Documents/Shivam_Developement/data_engineering/data_engineering_project/batch-etl-pyspark/.venv/lib/python3.12/site-packages/airflow/example_dags/example_complex.py
[2025-07-16T19:28:39.002+0000] {processor.py:830} INFO - Processing file /mnt/c/Users/Shivam Gupta/OneDrive/Documents/Shivam_Developement/data_engineering/data_engineering_project/batch-etl-pyspark/.venv/lib/python3.12/site-packages/airflow/example_dags/example_complex.py for tasks to queue
[2025-07-16T19:28:39.005+0000] {logging_mixin.py:188} INFO - [2025-07-16T19:28:39.004+0000] {dagbag.py:545} INFO - Filling up the DagBag from /mnt/c/Users/Shivam Gupta/OneDrive/Documents/Shivam_Developement/data_engineering/data_engineering_project/batch-etl-pyspark/.venv/lib/python3.12/site-packages/airflow/example_dags/example_complex.py
[2025-07-16T19:28:39.027+0000] {processor.py:840} INFO - DAG(s) 'example_complex' retrieved from /mnt/c/Users/Shivam Gupta/OneDrive/Documents/Shivam_Developement/data_engineering/data_engineering_project/batch-etl-pyspark/.venv/lib/python3.12/site-packages/airflow/example_dags/example_complex.py
[2025-07-16T19:28:39.060+0000] {logging_mixin.py:188} INFO - [2025-07-16T19:28:39.059+0000] {dag.py:3096} INFO - Sync 1 DAGs
[2025-07-16T19:28:39.075+0000] {logging_mixin.py:188} INFO - [2025-07-16T19:28:39.074+0000] {dag.py:3954} INFO - Setting next_dagrun for example_complex to None, run_after=None
[2025-07-16T19:28:39.129+0000] {processor.py:183} INFO - Processing /mnt/c/Users/Shivam Gupta/OneDrive/Documents/Shivam_Developement/data_engineering/data_engineering_project/batch-etl-pyspark/.venv/lib/python3.12/site-packages/airflow/example_dags/example_complex.py took 0.140 seconds
[2025-07-16T19:29:49.918+0000] {processor.py:161} INFO - Started process (PID=13444) to work on /mnt/c/Users/Shivam Gupta/OneDrive/Documents/Shivam_Developement/data_engineering/data_engineering_project/batch-etl-pyspark/.venv/lib/python3.12/site-packages/airflow/example_dags/example_complex.py
[2025-07-16T19:29:49.920+0000] {processor.py:830} INFO - Processing file /mnt/c/Users/Shivam Gupta/OneDrive/Documents/Shivam_Developement/data_engineering/data_engineering_project/batch-etl-pyspark/.venv/lib/python3.12/site-packages/airflow/example_dags/example_complex.py for tasks to queue
[2025-07-16T19:29:49.925+0000] {logging_mixin.py:188} INFO - [2025-07-16T19:29:49.923+0000] {dagbag.py:545} INFO - Filling up the DagBag from /mnt/c/Users/Shivam Gupta/OneDrive/Documents/Shivam_Developement/data_engineering/data_engineering_project/batch-etl-pyspark/.venv/lib/python3.12/site-packages/airflow/example_dags/example_complex.py
[2025-07-16T19:29:49.962+0000] {processor.py:840} INFO - DAG(s) 'example_complex' retrieved from /mnt/c/Users/Shivam Gupta/OneDrive/Documents/Shivam_Developement/data_engineering/data_engineering_project/batch-etl-pyspark/.venv/lib/python3.12/site-packages/airflow/example_dags/example_complex.py
[2025-07-16T19:29:50.018+0000] {logging_mixin.py:188} INFO - [2025-07-16T19:29:50.015+0000] {dag.py:3096} INFO - Sync 1 DAGs
[2025-07-16T19:29:50.038+0000] {logging_mixin.py:188} INFO - [2025-07-16T19:29:50.036+0000] {dag.py:3954} INFO - Setting next_dagrun for example_complex to None, run_after=None
[2025-07-16T19:29:50.185+0000] {processor.py:183} INFO - Processing /mnt/c/Users/Shivam Gupta/OneDrive/Documents/Shivam_Developement/data_engineering/data_engineering_project/batch-etl-pyspark/.venv/lib/python3.12/site-packages/airflow/example_dags/example_complex.py took 0.282 seconds
[2025-07-16T19:31:08.711+0000] {processor.py:161} INFO - Started process (PID=13566) to work on /mnt/c/Users/Shivam Gupta/OneDrive/Documents/Shivam_Developement/data_engineering/data_engineering_project/batch-etl-pyspark/.venv/lib/python3.12/site-packages/airflow/example_dags/example_complex.py
[2025-07-16T19:31:08.714+0000] {processor.py:830} INFO - Processing file /mnt/c/Users/Shivam Gupta/OneDrive/Documents/Shivam_Developement/data_engineering/data_engineering_project/batch-etl-pyspark/.venv/lib/python3.12/site-packages/airflow/example_dags/example_complex.py for tasks to queue
[2025-07-16T19:31:08.720+0000] {logging_mixin.py:188} INFO - [2025-07-16T19:31:08.718+0000] {dagbag.py:545} INFO - Filling up the DagBag from /mnt/c/Users/Shivam Gupta/OneDrive/Documents/Shivam_Developement/data_engineering/data_engineering_project/batch-etl-pyspark/.venv/lib/python3.12/site-packages/airflow/example_dags/example_complex.py
[2025-07-16T19:31:08.764+0000] {processor.py:840} INFO - DAG(s) 'example_complex' retrieved from /mnt/c/Users/Shivam Gupta/OneDrive/Documents/Shivam_Developement/data_engineering/data_engineering_project/batch-etl-pyspark/.venv/lib/python3.12/site-packages/airflow/example_dags/example_complex.py
[2025-07-16T19:31:08.826+0000] {logging_mixin.py:188} INFO - [2025-07-16T19:31:08.824+0000] {dag.py:3096} INFO - Sync 1 DAGs
[2025-07-16T19:31:08.842+0000] {logging_mixin.py:188} INFO - [2025-07-16T19:31:08.841+0000] {dag.py:3954} INFO - Setting next_dagrun for example_complex to None, run_after=None
[2025-07-16T19:31:08.969+0000] {processor.py:183} INFO - Processing /mnt/c/Users/Shivam Gupta/OneDrive/Documents/Shivam_Developement/data_engineering/data_engineering_project/batch-etl-pyspark/.venv/lib/python3.12/site-packages/airflow/example_dags/example_complex.py took 0.274 seconds
[2025-07-16T19:32:19.641+0000] {processor.py:161} INFO - Started process (PID=13714) to work on /mnt/c/Users/Shivam Gupta/OneDrive/Documents/Shivam_Developement/data_engineering/data_engineering_project/batch-etl-pyspark/.venv/lib/python3.12/site-packages/airflow/example_dags/example_complex.py
[2025-07-16T19:32:19.646+0000] {processor.py:830} INFO - Processing file /mnt/c/Users/Shivam Gupta/OneDrive/Documents/Shivam_Developement/data_engineering/data_engineering_project/batch-etl-pyspark/.venv/lib/python3.12/site-packages/airflow/example_dags/example_complex.py for tasks to queue
[2025-07-16T19:32:19.659+0000] {logging_mixin.py:188} INFO - [2025-07-16T19:32:19.657+0000] {dagbag.py:545} INFO - Filling up the DagBag from /mnt/c/Users/Shivam Gupta/OneDrive/Documents/Shivam_Developement/data_engineering/data_engineering_project/batch-etl-pyspark/.venv/lib/python3.12/site-packages/airflow/example_dags/example_complex.py
[2025-07-16T19:32:19.704+0000] {processor.py:840} INFO - DAG(s) 'example_complex' retrieved from /mnt/c/Users/Shivam Gupta/OneDrive/Documents/Shivam_Developement/data_engineering/data_engineering_project/batch-etl-pyspark/.venv/lib/python3.12/site-packages/airflow/example_dags/example_complex.py
[2025-07-16T19:32:19.751+0000] {logging_mixin.py:188} INFO - [2025-07-16T19:32:19.750+0000] {dag.py:3096} INFO - Sync 1 DAGs
[2025-07-16T19:32:19.767+0000] {logging_mixin.py:188} INFO - [2025-07-16T19:32:19.764+0000] {dag.py:3954} INFO - Setting next_dagrun for example_complex to None, run_after=None
[2025-07-16T19:32:19.857+0000] {processor.py:183} INFO - Processing /mnt/c/Users/Shivam Gupta/OneDrive/Documents/Shivam_Developement/data_engineering/data_engineering_project/batch-etl-pyspark/.venv/lib/python3.12/site-packages/airflow/example_dags/example_complex.py took 0.229 seconds
[2025-07-16T19:33:26.664+0000] {processor.py:161} INFO - Started process (PID=13853) to work on /mnt/c/Users/Shivam Gupta/OneDrive/Documents/Shivam_Developement/data_engineering/data_engineering_project/batch-etl-pyspark/.venv/lib/python3.12/site-packages/airflow/example_dags/example_complex.py
[2025-07-16T19:33:26.666+0000] {processor.py:830} INFO - Processing file /mnt/c/Users/Shivam Gupta/OneDrive/Documents/Shivam_Developement/data_engineering/data_engineering_project/batch-etl-pyspark/.venv/lib/python3.12/site-packages/airflow/example_dags/example_complex.py for tasks to queue
[2025-07-16T19:33:26.670+0000] {logging_mixin.py:188} INFO - [2025-07-16T19:33:26.669+0000] {dagbag.py:545} INFO - Filling up the DagBag from /mnt/c/Users/Shivam Gupta/OneDrive/Documents/Shivam_Developement/data_engineering/data_engineering_project/batch-etl-pyspark/.venv/lib/python3.12/site-packages/airflow/example_dags/example_complex.py
[2025-07-16T19:33:26.699+0000] {processor.py:840} INFO - DAG(s) 'example_complex' retrieved from /mnt/c/Users/Shivam Gupta/OneDrive/Documents/Shivam_Developement/data_engineering/data_engineering_project/batch-etl-pyspark/.venv/lib/python3.12/site-packages/airflow/example_dags/example_complex.py
[2025-07-16T19:33:26.744+0000] {logging_mixin.py:188} INFO - [2025-07-16T19:33:26.743+0000] {dag.py:3096} INFO - Sync 1 DAGs
[2025-07-16T19:33:26.764+0000] {logging_mixin.py:188} INFO - [2025-07-16T19:33:26.762+0000] {dag.py:3954} INFO - Setting next_dagrun for example_complex to None, run_after=None
[2025-07-16T19:33:26.854+0000] {processor.py:183} INFO - Processing /mnt/c/Users/Shivam Gupta/OneDrive/Documents/Shivam_Developement/data_engineering/data_engineering_project/batch-etl-pyspark/.venv/lib/python3.12/site-packages/airflow/example_dags/example_complex.py took 0.204 seconds
[2025-07-16T19:34:41.090+0000] {processor.py:161} INFO - Started process (PID=13958) to work on /mnt/c/Users/Shivam Gupta/OneDrive/Documents/Shivam_Developement/data_engineering/data_engineering_project/batch-etl-pyspark/.venv/lib/python3.12/site-packages/airflow/example_dags/example_complex.py
[2025-07-16T19:34:41.093+0000] {processor.py:830} INFO - Processing file /mnt/c/Users/Shivam Gupta/OneDrive/Documents/Shivam_Developement/data_engineering/data_engineering_project/batch-etl-pyspark/.venv/lib/python3.12/site-packages/airflow/example_dags/example_complex.py for tasks to queue
[2025-07-16T19:34:41.096+0000] {logging_mixin.py:188} INFO - [2025-07-16T19:34:41.095+0000] {dagbag.py:545} INFO - Filling up the DagBag from /mnt/c/Users/Shivam Gupta/OneDrive/Documents/Shivam_Developement/data_engineering/data_engineering_project/batch-etl-pyspark/.venv/lib/python3.12/site-packages/airflow/example_dags/example_complex.py
[2025-07-16T19:34:41.130+0000] {processor.py:840} INFO - DAG(s) 'example_complex' retrieved from /mnt/c/Users/Shivam Gupta/OneDrive/Documents/Shivam_Developement/data_engineering/data_engineering_project/batch-etl-pyspark/.venv/lib/python3.12/site-packages/airflow/example_dags/example_complex.py
[2025-07-16T19:34:41.177+0000] {logging_mixin.py:188} INFO - [2025-07-16T19:34:41.175+0000] {dag.py:3096} INFO - Sync 1 DAGs
[2025-07-16T19:34:41.195+0000] {logging_mixin.py:188} INFO - [2025-07-16T19:34:41.193+0000] {dag.py:3954} INFO - Setting next_dagrun for example_complex to None, run_after=None
[2025-07-16T19:34:41.284+0000] {processor.py:183} INFO - Processing /mnt/c/Users/Shivam Gupta/OneDrive/Documents/Shivam_Developement/data_engineering/data_engineering_project/batch-etl-pyspark/.venv/lib/python3.12/site-packages/airflow/example_dags/example_complex.py took 0.210 seconds
[2025-07-16T19:35:54.818+0000] {processor.py:161} INFO - Started process (PID=14121) to work on /mnt/c/Users/Shivam Gupta/OneDrive/Documents/Shivam_Developement/data_engineering/data_engineering_project/batch-etl-pyspark/.venv/lib/python3.12/site-packages/airflow/example_dags/example_complex.py
[2025-07-16T19:35:54.820+0000] {processor.py:830} INFO - Processing file /mnt/c/Users/Shivam Gupta/OneDrive/Documents/Shivam_Developement/data_engineering/data_engineering_project/batch-etl-pyspark/.venv/lib/python3.12/site-packages/airflow/example_dags/example_complex.py for tasks to queue
[2025-07-16T19:35:54.822+0000] {logging_mixin.py:188} INFO - [2025-07-16T19:35:54.821+0000] {dagbag.py:545} INFO - Filling up the DagBag from /mnt/c/Users/Shivam Gupta/OneDrive/Documents/Shivam_Developement/data_engineering/data_engineering_project/batch-etl-pyspark/.venv/lib/python3.12/site-packages/airflow/example_dags/example_complex.py
[2025-07-16T19:35:54.841+0000] {processor.py:840} INFO - DAG(s) 'example_complex' retrieved from /mnt/c/Users/Shivam Gupta/OneDrive/Documents/Shivam_Developement/data_engineering/data_engineering_project/batch-etl-pyspark/.venv/lib/python3.12/site-packages/airflow/example_dags/example_complex.py
[2025-07-16T19:35:54.871+0000] {logging_mixin.py:188} INFO - [2025-07-16T19:35:54.871+0000] {dag.py:3096} INFO - Sync 1 DAGs
[2025-07-16T19:35:54.885+0000] {logging_mixin.py:188} INFO - [2025-07-16T19:35:54.884+0000] {dag.py:3954} INFO - Setting next_dagrun for example_complex to None, run_after=None
[2025-07-16T19:35:54.952+0000] {processor.py:183} INFO - Processing /mnt/c/Users/Shivam Gupta/OneDrive/Documents/Shivam_Developement/data_engineering/data_engineering_project/batch-etl-pyspark/.venv/lib/python3.12/site-packages/airflow/example_dags/example_complex.py took 0.142 seconds
[2025-07-16T19:49:36.744+0000] {processor.py:161} INFO - Started process (PID=15117) to work on /mnt/c/Users/Shivam Gupta/OneDrive/Documents/Shivam_Developement/data_engineering/data_engineering_project/batch-etl-pyspark/.venv/lib/python3.12/site-packages/airflow/example_dags/example_complex.py
[2025-07-16T19:49:36.746+0000] {processor.py:830} INFO - Processing file /mnt/c/Users/Shivam Gupta/OneDrive/Documents/Shivam_Developement/data_engineering/data_engineering_project/batch-etl-pyspark/.venv/lib/python3.12/site-packages/airflow/example_dags/example_complex.py for tasks to queue
[2025-07-16T19:49:36.750+0000] {logging_mixin.py:188} INFO - [2025-07-16T19:49:36.748+0000] {dagbag.py:545} INFO - Filling up the DagBag from /mnt/c/Users/Shivam Gupta/OneDrive/Documents/Shivam_Developement/data_engineering/data_engineering_project/batch-etl-pyspark/.venv/lib/python3.12/site-packages/airflow/example_dags/example_complex.py
[2025-07-16T19:49:36.771+0000] {processor.py:840} INFO - DAG(s) 'example_complex' retrieved from /mnt/c/Users/Shivam Gupta/OneDrive/Documents/Shivam_Developement/data_engineering/data_engineering_project/batch-etl-pyspark/.venv/lib/python3.12/site-packages/airflow/example_dags/example_complex.py
[2025-07-16T19:49:36.807+0000] {logging_mixin.py:188} INFO - [2025-07-16T19:49:36.806+0000] {dag.py:3096} INFO - Sync 1 DAGs
[2025-07-16T19:49:36.822+0000] {logging_mixin.py:188} INFO - [2025-07-16T19:49:36.821+0000] {dag.py:3954} INFO - Setting next_dagrun for example_complex to None, run_after=None
[2025-07-16T19:49:36.916+0000] {processor.py:183} INFO - Processing /mnt/c/Users/Shivam Gupta/OneDrive/Documents/Shivam_Developement/data_engineering/data_engineering_project/batch-etl-pyspark/.venv/lib/python3.12/site-packages/airflow/example_dags/example_complex.py took 0.183 seconds
[2025-07-16T19:51:04.855+0000] {processor.py:161} INFO - Started process (PID=15227) to work on /mnt/c/Users/Shivam Gupta/OneDrive/Documents/Shivam_Developement/data_engineering/data_engineering_project/batch-etl-pyspark/.venv/lib/python3.12/site-packages/airflow/example_dags/example_complex.py
[2025-07-16T19:51:04.857+0000] {processor.py:830} INFO - Processing file /mnt/c/Users/Shivam Gupta/OneDrive/Documents/Shivam_Developement/data_engineering/data_engineering_project/batch-etl-pyspark/.venv/lib/python3.12/site-packages/airflow/example_dags/example_complex.py for tasks to queue
[2025-07-16T19:51:04.860+0000] {logging_mixin.py:188} INFO - [2025-07-16T19:51:04.859+0000] {dagbag.py:545} INFO - Filling up the DagBag from /mnt/c/Users/Shivam Gupta/OneDrive/Documents/Shivam_Developement/data_engineering/data_engineering_project/batch-etl-pyspark/.venv/lib/python3.12/site-packages/airflow/example_dags/example_complex.py
[2025-07-16T19:51:04.880+0000] {processor.py:840} INFO - DAG(s) 'example_complex' retrieved from /mnt/c/Users/Shivam Gupta/OneDrive/Documents/Shivam_Developement/data_engineering/data_engineering_project/batch-etl-pyspark/.venv/lib/python3.12/site-packages/airflow/example_dags/example_complex.py
[2025-07-16T19:51:04.917+0000] {logging_mixin.py:188} INFO - [2025-07-16T19:51:04.916+0000] {dag.py:3096} INFO - Sync 1 DAGs
[2025-07-16T19:51:04.932+0000] {logging_mixin.py:188} INFO - [2025-07-16T19:51:04.930+0000] {dag.py:3954} INFO - Setting next_dagrun for example_complex to None, run_after=None
[2025-07-16T19:51:04.997+0000] {processor.py:183} INFO - Processing /mnt/c/Users/Shivam Gupta/OneDrive/Documents/Shivam_Developement/data_engineering/data_engineering_project/batch-etl-pyspark/.venv/lib/python3.12/site-packages/airflow/example_dags/example_complex.py took 0.152 seconds
[2025-07-16T19:52:33.080+0000] {processor.py:161} INFO - Started process (PID=15349) to work on /mnt/c/Users/Shivam Gupta/OneDrive/Documents/Shivam_Developement/data_engineering/data_engineering_project/batch-etl-pyspark/.venv/lib/python3.12/site-packages/airflow/example_dags/example_complex.py
[2025-07-16T19:52:33.082+0000] {processor.py:830} INFO - Processing file /mnt/c/Users/Shivam Gupta/OneDrive/Documents/Shivam_Developement/data_engineering/data_engineering_project/batch-etl-pyspark/.venv/lib/python3.12/site-packages/airflow/example_dags/example_complex.py for tasks to queue
[2025-07-16T19:52:33.085+0000] {logging_mixin.py:188} INFO - [2025-07-16T19:52:33.084+0000] {dagbag.py:545} INFO - Filling up the DagBag from /mnt/c/Users/Shivam Gupta/OneDrive/Documents/Shivam_Developement/data_engineering/data_engineering_project/batch-etl-pyspark/.venv/lib/python3.12/site-packages/airflow/example_dags/example_complex.py
[2025-07-16T19:52:33.115+0000] {processor.py:840} INFO - DAG(s) 'example_complex' retrieved from /mnt/c/Users/Shivam Gupta/OneDrive/Documents/Shivam_Developement/data_engineering/data_engineering_project/batch-etl-pyspark/.venv/lib/python3.12/site-packages/airflow/example_dags/example_complex.py
[2025-07-16T19:52:33.171+0000] {logging_mixin.py:188} INFO - [2025-07-16T19:52:33.170+0000] {dag.py:3096} INFO - Sync 1 DAGs
[2025-07-16T19:52:33.197+0000] {logging_mixin.py:188} INFO - [2025-07-16T19:52:33.195+0000] {dag.py:3954} INFO - Setting next_dagrun for example_complex to None, run_after=None
[2025-07-16T19:52:33.292+0000] {processor.py:183} INFO - Processing /mnt/c/Users/Shivam Gupta/OneDrive/Documents/Shivam_Developement/data_engineering/data_engineering_project/batch-etl-pyspark/.venv/lib/python3.12/site-packages/airflow/example_dags/example_complex.py took 0.225 seconds
