[2025-07-16T17:47:48.301+0000] {processor.py:161} INFO - Started process (PID=5785) to work on /mnt/c/Users/Shivam Gupta/OneDrive/Documents/Shivam_Developement/data_engineering/data_engineering_project/batch-etl-pyspark/.venv/lib/python3.12/site-packages/airflow/example_dags/example_dag_decorator.py
[2025-07-16T17:47:48.303+0000] {processor.py:830} INFO - Processing file /mnt/c/Users/Shivam Gupta/OneDrive/Documents/Shivam_Developement/data_engineering/data_engineering_project/batch-etl-pyspark/.venv/lib/python3.12/site-packages/airflow/example_dags/example_dag_decorator.py for tasks to queue
[2025-07-16T17:47:48.306+0000] {logging_mixin.py:188} INFO - [2025-07-16T17:47:48.305+0000] {dagbag.py:545} INFO - Filling up the DagBag from /mnt/c/Users/Shivam Gupta/OneDrive/Documents/Shivam_Developement/data_engineering/data_engineering_project/batch-etl-pyspark/.venv/lib/python3.12/site-packages/airflow/example_dags/example_dag_decorator.py
[2025-07-16T17:47:48.655+0000] {processor.py:840} INFO - DAG(s) 'example_dag_decorator' retrieved from /mnt/c/Users/Shivam Gupta/OneDrive/Documents/Shivam_Developement/data_engineering/data_engineering_project/batch-etl-pyspark/.venv/lib/python3.12/site-packages/airflow/example_dags/example_dag_decorator.py
[2025-07-16T17:47:49.628+0000] {logging_mixin.py:188} INFO - [2025-07-16T17:47:49.626+0000] {override.py:1930} INFO - Created Permission View: can read on DAG:example_dag_decorator
[2025-07-16T17:47:49.655+0000] {logging_mixin.py:188} INFO - [2025-07-16T17:47:49.654+0000] {override.py:1930} INFO - Created Permission View: can edit on DAG:example_dag_decorator
[2025-07-16T17:47:49.682+0000] {logging_mixin.py:188} INFO - [2025-07-16T17:47:49.681+0000] {override.py:1930} INFO - Created Permission View: can delete on DAG:example_dag_decorator
[2025-07-16T17:47:49.683+0000] {logging_mixin.py:188} INFO - [2025-07-16T17:47:49.683+0000] {dag.py:3096} INFO - Sync 1 DAGs
[2025-07-16T17:47:49.699+0000] {logging_mixin.py:188} INFO - [2025-07-16T17:47:49.698+0000] {dag.py:3118} INFO - Creating ORM DAG for example_dag_decorator
[2025-07-16T17:47:49.701+0000] {logging_mixin.py:188} INFO - [2025-07-16T17:47:49.700+0000] {dag.py:3954} INFO - Setting next_dagrun for example_dag_decorator to None, run_after=None
[2025-07-16T17:47:49.766+0000] {processor.py:183} INFO - Processing /mnt/c/Users/Shivam Gupta/OneDrive/Documents/Shivam_Developement/data_engineering/data_engineering_project/batch-etl-pyspark/.venv/lib/python3.12/site-packages/airflow/example_dags/example_dag_decorator.py took 1.477 seconds
[2025-07-16T17:49:46.508+0000] {processor.py:161} INFO - Started process (PID=5891) to work on /mnt/c/Users/Shivam Gupta/OneDrive/Documents/Shivam_Developement/data_engineering/data_engineering_project/batch-etl-pyspark/.venv/lib/python3.12/site-packages/airflow/example_dags/example_dag_decorator.py
[2025-07-16T17:49:46.510+0000] {processor.py:830} INFO - Processing file /mnt/c/Users/Shivam Gupta/OneDrive/Documents/Shivam_Developement/data_engineering/data_engineering_project/batch-etl-pyspark/.venv/lib/python3.12/site-packages/airflow/example_dags/example_dag_decorator.py for tasks to queue
[2025-07-16T17:49:46.514+0000] {logging_mixin.py:188} INFO - [2025-07-16T17:49:46.513+0000] {dagbag.py:545} INFO - Filling up the DagBag from /mnt/c/Users/Shivam Gupta/OneDrive/Documents/Shivam_Developement/data_engineering/data_engineering_project/batch-etl-pyspark/.venv/lib/python3.12/site-packages/airflow/example_dags/example_dag_decorator.py
[2025-07-16T17:49:46.846+0000] {processor.py:840} INFO - DAG(s) 'example_dag_decorator' retrieved from /mnt/c/Users/Shivam Gupta/OneDrive/Documents/Shivam_Developement/data_engineering/data_engineering_project/batch-etl-pyspark/.venv/lib/python3.12/site-packages/airflow/example_dags/example_dag_decorator.py
[2025-07-16T17:49:47.759+0000] {logging_mixin.py:188} INFO - [2025-07-16T17:49:47.759+0000] {dag.py:3096} INFO - Sync 1 DAGs
[2025-07-16T17:49:47.767+0000] {logging_mixin.py:188} INFO - [2025-07-16T17:49:47.767+0000] {dag.py:3954} INFO - Setting next_dagrun for example_dag_decorator to None, run_after=None
[2025-07-16T17:49:47.819+0000] {processor.py:183} INFO - Processing /mnt/c/Users/Shivam Gupta/OneDrive/Documents/Shivam_Developement/data_engineering/data_engineering_project/batch-etl-pyspark/.venv/lib/python3.12/site-packages/airflow/example_dags/example_dag_decorator.py took 1.320 seconds
[2025-07-16T17:51:17.286+0000] {processor.py:161} INFO - Started process (PID=5981) to work on /mnt/c/Users/Shivam Gupta/OneDrive/Documents/Shivam_Developement/data_engineering/data_engineering_project/batch-etl-pyspark/.venv/lib/python3.12/site-packages/airflow/example_dags/example_dag_decorator.py
[2025-07-16T17:51:17.287+0000] {processor.py:830} INFO - Processing file /mnt/c/Users/Shivam Gupta/OneDrive/Documents/Shivam_Developement/data_engineering/data_engineering_project/batch-etl-pyspark/.venv/lib/python3.12/site-packages/airflow/example_dags/example_dag_decorator.py for tasks to queue
[2025-07-16T17:51:17.290+0000] {logging_mixin.py:188} INFO - [2025-07-16T17:51:17.289+0000] {dagbag.py:545} INFO - Filling up the DagBag from /mnt/c/Users/Shivam Gupta/OneDrive/Documents/Shivam_Developement/data_engineering/data_engineering_project/batch-etl-pyspark/.venv/lib/python3.12/site-packages/airflow/example_dags/example_dag_decorator.py
[2025-07-16T17:51:17.460+0000] {processor.py:840} INFO - DAG(s) 'example_dag_decorator' retrieved from /mnt/c/Users/Shivam Gupta/OneDrive/Documents/Shivam_Developement/data_engineering/data_engineering_project/batch-etl-pyspark/.venv/lib/python3.12/site-packages/airflow/example_dags/example_dag_decorator.py
[2025-07-16T17:51:18.174+0000] {logging_mixin.py:188} INFO - [2025-07-16T17:51:18.174+0000] {dag.py:3096} INFO - Sync 1 DAGs
[2025-07-16T17:51:18.187+0000] {logging_mixin.py:188} INFO - [2025-07-16T17:51:18.186+0000] {dag.py:3954} INFO - Setting next_dagrun for example_dag_decorator to None, run_after=None
[2025-07-16T17:51:18.247+0000] {processor.py:183} INFO - Processing /mnt/c/Users/Shivam Gupta/OneDrive/Documents/Shivam_Developement/data_engineering/data_engineering_project/batch-etl-pyspark/.venv/lib/python3.12/site-packages/airflow/example_dags/example_dag_decorator.py took 0.970 seconds
[2025-07-16T17:52:25.649+0000] {processor.py:161} INFO - Started process (PID=6050) to work on /mnt/c/Users/Shivam Gupta/OneDrive/Documents/Shivam_Developement/data_engineering/data_engineering_project/batch-etl-pyspark/.venv/lib/python3.12/site-packages/airflow/example_dags/example_dag_decorator.py
[2025-07-16T17:52:25.652+0000] {processor.py:830} INFO - Processing file /mnt/c/Users/Shivam Gupta/OneDrive/Documents/Shivam_Developement/data_engineering/data_engineering_project/batch-etl-pyspark/.venv/lib/python3.12/site-packages/airflow/example_dags/example_dag_decorator.py for tasks to queue
[2025-07-16T17:52:25.658+0000] {logging_mixin.py:188} INFO - [2025-07-16T17:52:25.655+0000] {dagbag.py:545} INFO - Filling up the DagBag from /mnt/c/Users/Shivam Gupta/OneDrive/Documents/Shivam_Developement/data_engineering/data_engineering_project/batch-etl-pyspark/.venv/lib/python3.12/site-packages/airflow/example_dags/example_dag_decorator.py
[2025-07-16T17:52:26.071+0000] {processor.py:840} INFO - DAG(s) 'example_dag_decorator' retrieved from /mnt/c/Users/Shivam Gupta/OneDrive/Documents/Shivam_Developement/data_engineering/data_engineering_project/batch-etl-pyspark/.venv/lib/python3.12/site-packages/airflow/example_dags/example_dag_decorator.py
[2025-07-16T17:52:27.335+0000] {logging_mixin.py:188} INFO - [2025-07-16T17:52:27.335+0000] {dag.py:3096} INFO - Sync 1 DAGs
[2025-07-16T17:52:27.347+0000] {logging_mixin.py:188} INFO - [2025-07-16T17:52:27.346+0000] {dag.py:3954} INFO - Setting next_dagrun for example_dag_decorator to None, run_after=None
[2025-07-16T17:52:27.401+0000] {processor.py:183} INFO - Processing /mnt/c/Users/Shivam Gupta/OneDrive/Documents/Shivam_Developement/data_engineering/data_engineering_project/batch-etl-pyspark/.venv/lib/python3.12/site-packages/airflow/example_dags/example_dag_decorator.py took 1.770 seconds
[2025-07-16T17:53:53.717+0000] {processor.py:161} INFO - Started process (PID=6137) to work on /mnt/c/Users/Shivam Gupta/OneDrive/Documents/Shivam_Developement/data_engineering/data_engineering_project/batch-etl-pyspark/.venv/lib/python3.12/site-packages/airflow/example_dags/example_dag_decorator.py
[2025-07-16T17:53:53.721+0000] {processor.py:830} INFO - Processing file /mnt/c/Users/Shivam Gupta/OneDrive/Documents/Shivam_Developement/data_engineering/data_engineering_project/batch-etl-pyspark/.venv/lib/python3.12/site-packages/airflow/example_dags/example_dag_decorator.py for tasks to queue
[2025-07-16T17:53:53.726+0000] {logging_mixin.py:188} INFO - [2025-07-16T17:53:53.723+0000] {dagbag.py:545} INFO - Filling up the DagBag from /mnt/c/Users/Shivam Gupta/OneDrive/Documents/Shivam_Developement/data_engineering/data_engineering_project/batch-etl-pyspark/.venv/lib/python3.12/site-packages/airflow/example_dags/example_dag_decorator.py
[2025-07-16T17:53:54.173+0000] {processor.py:840} INFO - DAG(s) 'example_dag_decorator' retrieved from /mnt/c/Users/Shivam Gupta/OneDrive/Documents/Shivam_Developement/data_engineering/data_engineering_project/batch-etl-pyspark/.venv/lib/python3.12/site-packages/airflow/example_dags/example_dag_decorator.py
[2025-07-16T17:53:55.522+0000] {logging_mixin.py:188} INFO - [2025-07-16T17:53:55.520+0000] {dag.py:3096} INFO - Sync 1 DAGs
[2025-07-16T17:53:55.541+0000] {logging_mixin.py:188} INFO - [2025-07-16T17:53:55.539+0000] {dag.py:3954} INFO - Setting next_dagrun for example_dag_decorator to None, run_after=None
[2025-07-16T17:53:55.659+0000] {processor.py:183} INFO - Processing /mnt/c/Users/Shivam Gupta/OneDrive/Documents/Shivam_Developement/data_engineering/data_engineering_project/batch-etl-pyspark/.venv/lib/python3.12/site-packages/airflow/example_dags/example_dag_decorator.py took 1.967 seconds
[2025-07-16T17:55:23.536+0000] {processor.py:161} INFO - Started process (PID=6226) to work on /mnt/c/Users/Shivam Gupta/OneDrive/Documents/Shivam_Developement/data_engineering/data_engineering_project/batch-etl-pyspark/.venv/lib/python3.12/site-packages/airflow/example_dags/example_dag_decorator.py
[2025-07-16T17:55:23.539+0000] {processor.py:830} INFO - Processing file /mnt/c/Users/Shivam Gupta/OneDrive/Documents/Shivam_Developement/data_engineering/data_engineering_project/batch-etl-pyspark/.venv/lib/python3.12/site-packages/airflow/example_dags/example_dag_decorator.py for tasks to queue
[2025-07-16T17:55:23.542+0000] {logging_mixin.py:188} INFO - [2025-07-16T17:55:23.541+0000] {dagbag.py:545} INFO - Filling up the DagBag from /mnt/c/Users/Shivam Gupta/OneDrive/Documents/Shivam_Developement/data_engineering/data_engineering_project/batch-etl-pyspark/.venv/lib/python3.12/site-packages/airflow/example_dags/example_dag_decorator.py
[2025-07-16T17:55:24.015+0000] {processor.py:840} INFO - DAG(s) 'example_dag_decorator' retrieved from /mnt/c/Users/Shivam Gupta/OneDrive/Documents/Shivam_Developement/data_engineering/data_engineering_project/batch-etl-pyspark/.venv/lib/python3.12/site-packages/airflow/example_dags/example_dag_decorator.py
[2025-07-16T17:55:25.748+0000] {logging_mixin.py:188} INFO - [2025-07-16T17:55:25.747+0000] {dag.py:3096} INFO - Sync 1 DAGs
[2025-07-16T17:55:25.762+0000] {logging_mixin.py:188} INFO - [2025-07-16T17:55:25.761+0000] {dag.py:3954} INFO - Setting next_dagrun for example_dag_decorator to None, run_after=None
[2025-07-16T17:55:25.834+0000] {processor.py:183} INFO - Processing /mnt/c/Users/Shivam Gupta/OneDrive/Documents/Shivam_Developement/data_engineering/data_engineering_project/batch-etl-pyspark/.venv/lib/python3.12/site-packages/airflow/example_dags/example_dag_decorator.py took 2.314 seconds
[2025-07-16T18:02:56.485+0000] {processor.py:161} INFO - Started process (PID=6756) to work on /mnt/c/Users/Shivam Gupta/OneDrive/Documents/Shivam_Developement/data_engineering/data_engineering_project/batch-etl-pyspark/.venv/lib/python3.12/site-packages/airflow/example_dags/example_dag_decorator.py
[2025-07-16T18:02:56.489+0000] {processor.py:830} INFO - Processing file /mnt/c/Users/Shivam Gupta/OneDrive/Documents/Shivam_Developement/data_engineering/data_engineering_project/batch-etl-pyspark/.venv/lib/python3.12/site-packages/airflow/example_dags/example_dag_decorator.py for tasks to queue
[2025-07-16T18:02:56.494+0000] {logging_mixin.py:188} INFO - [2025-07-16T18:02:56.493+0000] {dagbag.py:545} INFO - Filling up the DagBag from /mnt/c/Users/Shivam Gupta/OneDrive/Documents/Shivam_Developement/data_engineering/data_engineering_project/batch-etl-pyspark/.venv/lib/python3.12/site-packages/airflow/example_dags/example_dag_decorator.py
[2025-07-16T18:02:57.041+0000] {processor.py:840} INFO - DAG(s) 'example_dag_decorator' retrieved from /mnt/c/Users/Shivam Gupta/OneDrive/Documents/Shivam_Developement/data_engineering/data_engineering_project/batch-etl-pyspark/.venv/lib/python3.12/site-packages/airflow/example_dags/example_dag_decorator.py
[2025-07-16T18:02:59.111+0000] {logging_mixin.py:188} INFO - [2025-07-16T18:02:59.110+0000] {dag.py:3096} INFO - Sync 1 DAGs
[2025-07-16T18:02:59.130+0000] {logging_mixin.py:188} INFO - [2025-07-16T18:02:59.129+0000] {dag.py:3954} INFO - Setting next_dagrun for example_dag_decorator to None, run_after=None
[2025-07-16T18:02:59.238+0000] {processor.py:183} INFO - Processing /mnt/c/Users/Shivam Gupta/OneDrive/Documents/Shivam_Developement/data_engineering/data_engineering_project/batch-etl-pyspark/.venv/lib/python3.12/site-packages/airflow/example_dags/example_dag_decorator.py took 2.771 seconds
[2025-07-16T18:38:45.433+0000] {processor.py:161} INFO - Started process (PID=8703) to work on /mnt/c/Users/Shivam Gupta/OneDrive/Documents/Shivam_Developement/data_engineering/data_engineering_project/batch-etl-pyspark/.venv/lib/python3.12/site-packages/airflow/example_dags/example_dag_decorator.py
[2025-07-16T18:38:45.435+0000] {processor.py:830} INFO - Processing file /mnt/c/Users/Shivam Gupta/OneDrive/Documents/Shivam_Developement/data_engineering/data_engineering_project/batch-etl-pyspark/.venv/lib/python3.12/site-packages/airflow/example_dags/example_dag_decorator.py for tasks to queue
[2025-07-16T18:38:45.439+0000] {logging_mixin.py:188} INFO - [2025-07-16T18:38:45.437+0000] {dagbag.py:545} INFO - Filling up the DagBag from /mnt/c/Users/Shivam Gupta/OneDrive/Documents/Shivam_Developement/data_engineering/data_engineering_project/batch-etl-pyspark/.venv/lib/python3.12/site-packages/airflow/example_dags/example_dag_decorator.py
[2025-07-16T18:38:45.723+0000] {processor.py:840} INFO - DAG(s) 'example_dag_decorator' retrieved from /mnt/c/Users/Shivam Gupta/OneDrive/Documents/Shivam_Developement/data_engineering/data_engineering_project/batch-etl-pyspark/.venv/lib/python3.12/site-packages/airflow/example_dags/example_dag_decorator.py
[2025-07-16T18:38:46.774+0000] {logging_mixin.py:188} INFO - [2025-07-16T18:38:46.774+0000] {dag.py:3096} INFO - Sync 1 DAGs
[2025-07-16T18:38:46.788+0000] {logging_mixin.py:188} INFO - [2025-07-16T18:38:46.787+0000] {dag.py:3954} INFO - Setting next_dagrun for example_dag_decorator to None, run_after=None
[2025-07-16T18:38:46.851+0000] {processor.py:183} INFO - Processing /mnt/c/Users/Shivam Gupta/OneDrive/Documents/Shivam_Developement/data_engineering/data_engineering_project/batch-etl-pyspark/.venv/lib/python3.12/site-packages/airflow/example_dags/example_dag_decorator.py took 1.431 seconds
[2025-07-16T18:52:53.890+0000] {processor.py:161} INFO - Started process (PID=9403) to work on /mnt/c/Users/Shivam Gupta/OneDrive/Documents/Shivam_Developement/data_engineering/data_engineering_project/batch-etl-pyspark/.venv/lib/python3.12/site-packages/airflow/example_dags/example_dag_decorator.py
[2025-07-16T18:52:53.892+0000] {processor.py:830} INFO - Processing file /mnt/c/Users/Shivam Gupta/OneDrive/Documents/Shivam_Developement/data_engineering/data_engineering_project/batch-etl-pyspark/.venv/lib/python3.12/site-packages/airflow/example_dags/example_dag_decorator.py for tasks to queue
[2025-07-16T18:52:53.895+0000] {logging_mixin.py:188} INFO - [2025-07-16T18:52:53.894+0000] {dagbag.py:545} INFO - Filling up the DagBag from /mnt/c/Users/Shivam Gupta/OneDrive/Documents/Shivam_Developement/data_engineering/data_engineering_project/batch-etl-pyspark/.venv/lib/python3.12/site-packages/airflow/example_dags/example_dag_decorator.py
[2025-07-16T18:52:54.166+0000] {processor.py:840} INFO - DAG(s) 'example_dag_decorator' retrieved from /mnt/c/Users/Shivam Gupta/OneDrive/Documents/Shivam_Developement/data_engineering/data_engineering_project/batch-etl-pyspark/.venv/lib/python3.12/site-packages/airflow/example_dags/example_dag_decorator.py
[2025-07-16T18:52:55.155+0000] {logging_mixin.py:188} INFO - [2025-07-16T18:52:55.155+0000] {dag.py:3096} INFO - Sync 1 DAGs
[2025-07-16T18:52:55.171+0000] {logging_mixin.py:188} INFO - [2025-07-16T18:52:55.169+0000] {dag.py:3954} INFO - Setting next_dagrun for example_dag_decorator to None, run_after=None
[2025-07-16T18:52:55.239+0000] {processor.py:183} INFO - Processing /mnt/c/Users/Shivam Gupta/OneDrive/Documents/Shivam_Developement/data_engineering/data_engineering_project/batch-etl-pyspark/.venv/lib/python3.12/site-packages/airflow/example_dags/example_dag_decorator.py took 1.360 seconds
[2025-07-16T18:54:20.397+0000] {processor.py:161} INFO - Started process (PID=9492) to work on /mnt/c/Users/Shivam Gupta/OneDrive/Documents/Shivam_Developement/data_engineering/data_engineering_project/batch-etl-pyspark/.venv/lib/python3.12/site-packages/airflow/example_dags/example_dag_decorator.py
[2025-07-16T18:54:20.399+0000] {processor.py:830} INFO - Processing file /mnt/c/Users/Shivam Gupta/OneDrive/Documents/Shivam_Developement/data_engineering/data_engineering_project/batch-etl-pyspark/.venv/lib/python3.12/site-packages/airflow/example_dags/example_dag_decorator.py for tasks to queue
[2025-07-16T18:54:20.400+0000] {logging_mixin.py:188} INFO - [2025-07-16T18:54:20.400+0000] {dagbag.py:545} INFO - Filling up the DagBag from /mnt/c/Users/Shivam Gupta/OneDrive/Documents/Shivam_Developement/data_engineering/data_engineering_project/batch-etl-pyspark/.venv/lib/python3.12/site-packages/airflow/example_dags/example_dag_decorator.py
[2025-07-16T18:54:20.578+0000] {processor.py:840} INFO - DAG(s) 'example_dag_decorator' retrieved from /mnt/c/Users/Shivam Gupta/OneDrive/Documents/Shivam_Developement/data_engineering/data_engineering_project/batch-etl-pyspark/.venv/lib/python3.12/site-packages/airflow/example_dags/example_dag_decorator.py
[2025-07-16T18:54:21.430+0000] {logging_mixin.py:188} INFO - [2025-07-16T18:54:21.429+0000] {dag.py:3096} INFO - Sync 1 DAGs
[2025-07-16T18:54:21.443+0000] {logging_mixin.py:188} INFO - [2025-07-16T18:54:21.442+0000] {dag.py:3954} INFO - Setting next_dagrun for example_dag_decorator to None, run_after=None
[2025-07-16T18:54:21.509+0000] {processor.py:183} INFO - Processing /mnt/c/Users/Shivam Gupta/OneDrive/Documents/Shivam_Developement/data_engineering/data_engineering_project/batch-etl-pyspark/.venv/lib/python3.12/site-packages/airflow/example_dags/example_dag_decorator.py took 1.121 seconds
[2025-07-16T18:55:41.899+0000] {processor.py:161} INFO - Started process (PID=9752) to work on /mnt/c/Users/Shivam Gupta/OneDrive/Documents/Shivam_Developement/data_engineering/data_engineering_project/batch-etl-pyspark/.venv/lib/python3.12/site-packages/airflow/example_dags/example_dag_decorator.py
[2025-07-16T18:55:41.901+0000] {processor.py:830} INFO - Processing file /mnt/c/Users/Shivam Gupta/OneDrive/Documents/Shivam_Developement/data_engineering/data_engineering_project/batch-etl-pyspark/.venv/lib/python3.12/site-packages/airflow/example_dags/example_dag_decorator.py for tasks to queue
[2025-07-16T18:55:41.904+0000] {logging_mixin.py:188} INFO - [2025-07-16T18:55:41.903+0000] {dagbag.py:545} INFO - Filling up the DagBag from /mnt/c/Users/Shivam Gupta/OneDrive/Documents/Shivam_Developement/data_engineering/data_engineering_project/batch-etl-pyspark/.venv/lib/python3.12/site-packages/airflow/example_dags/example_dag_decorator.py
[2025-07-16T18:55:42.231+0000] {processor.py:840} INFO - DAG(s) 'example_dag_decorator' retrieved from /mnt/c/Users/Shivam Gupta/OneDrive/Documents/Shivam_Developement/data_engineering/data_engineering_project/batch-etl-pyspark/.venv/lib/python3.12/site-packages/airflow/example_dags/example_dag_decorator.py
[2025-07-16T18:55:43.972+0000] {logging_mixin.py:188} INFO - [2025-07-16T18:55:43.971+0000] {dag.py:3096} INFO - Sync 1 DAGs
[2025-07-16T18:55:43.986+0000] {logging_mixin.py:188} INFO - [2025-07-16T18:55:43.984+0000] {dag.py:3954} INFO - Setting next_dagrun for example_dag_decorator to None, run_after=None
[2025-07-16T18:55:44.087+0000] {processor.py:183} INFO - Processing /mnt/c/Users/Shivam Gupta/OneDrive/Documents/Shivam_Developement/data_engineering/data_engineering_project/batch-etl-pyspark/.venv/lib/python3.12/site-packages/airflow/example_dags/example_dag_decorator.py took 2.198 seconds
[2025-07-16T18:56:56.044+0000] {processor.py:161} INFO - Started process (PID=9907) to work on /mnt/c/Users/Shivam Gupta/OneDrive/Documents/Shivam_Developement/data_engineering/data_engineering_project/batch-etl-pyspark/.venv/lib/python3.12/site-packages/airflow/example_dags/example_dag_decorator.py
[2025-07-16T18:56:56.047+0000] {processor.py:830} INFO - Processing file /mnt/c/Users/Shivam Gupta/OneDrive/Documents/Shivam_Developement/data_engineering/data_engineering_project/batch-etl-pyspark/.venv/lib/python3.12/site-packages/airflow/example_dags/example_dag_decorator.py for tasks to queue
[2025-07-16T18:56:56.052+0000] {logging_mixin.py:188} INFO - [2025-07-16T18:56:56.050+0000] {dagbag.py:545} INFO - Filling up the DagBag from /mnt/c/Users/Shivam Gupta/OneDrive/Documents/Shivam_Developement/data_engineering/data_engineering_project/batch-etl-pyspark/.venv/lib/python3.12/site-packages/airflow/example_dags/example_dag_decorator.py
[2025-07-16T18:56:56.437+0000] {processor.py:840} INFO - DAG(s) 'example_dag_decorator' retrieved from /mnt/c/Users/Shivam Gupta/OneDrive/Documents/Shivam_Developement/data_engineering/data_engineering_project/batch-etl-pyspark/.venv/lib/python3.12/site-packages/airflow/example_dags/example_dag_decorator.py
[2025-07-16T18:56:57.557+0000] {logging_mixin.py:188} INFO - [2025-07-16T18:56:57.557+0000] {dag.py:3096} INFO - Sync 1 DAGs
[2025-07-16T18:56:57.570+0000] {logging_mixin.py:188} INFO - [2025-07-16T18:56:57.569+0000] {dag.py:3954} INFO - Setting next_dagrun for example_dag_decorator to None, run_after=None
[2025-07-16T18:56:57.666+0000] {processor.py:183} INFO - Processing /mnt/c/Users/Shivam Gupta/OneDrive/Documents/Shivam_Developement/data_engineering/data_engineering_project/batch-etl-pyspark/.venv/lib/python3.12/site-packages/airflow/example_dags/example_dag_decorator.py took 1.637 seconds
[2025-07-16T18:58:18.672+0000] {processor.py:161} INFO - Started process (PID=10060) to work on /mnt/c/Users/Shivam Gupta/OneDrive/Documents/Shivam_Developement/data_engineering/data_engineering_project/batch-etl-pyspark/.venv/lib/python3.12/site-packages/airflow/example_dags/example_dag_decorator.py
[2025-07-16T18:58:18.674+0000] {processor.py:830} INFO - Processing file /mnt/c/Users/Shivam Gupta/OneDrive/Documents/Shivam_Developement/data_engineering/data_engineering_project/batch-etl-pyspark/.venv/lib/python3.12/site-packages/airflow/example_dags/example_dag_decorator.py for tasks to queue
[2025-07-16T18:58:18.676+0000] {logging_mixin.py:188} INFO - [2025-07-16T18:58:18.675+0000] {dagbag.py:545} INFO - Filling up the DagBag from /mnt/c/Users/Shivam Gupta/OneDrive/Documents/Shivam_Developement/data_engineering/data_engineering_project/batch-etl-pyspark/.venv/lib/python3.12/site-packages/airflow/example_dags/example_dag_decorator.py
[2025-07-16T18:58:18.907+0000] {processor.py:840} INFO - DAG(s) 'example_dag_decorator' retrieved from /mnt/c/Users/Shivam Gupta/OneDrive/Documents/Shivam_Developement/data_engineering/data_engineering_project/batch-etl-pyspark/.venv/lib/python3.12/site-packages/airflow/example_dags/example_dag_decorator.py
[2025-07-16T18:58:20.128+0000] {logging_mixin.py:188} INFO - [2025-07-16T18:58:20.127+0000] {dag.py:3096} INFO - Sync 1 DAGs
[2025-07-16T18:58:20.144+0000] {logging_mixin.py:188} INFO - [2025-07-16T18:58:20.143+0000] {dag.py:3954} INFO - Setting next_dagrun for example_dag_decorator to None, run_after=None
[2025-07-16T18:58:20.202+0000] {processor.py:183} INFO - Processing /mnt/c/Users/Shivam Gupta/OneDrive/Documents/Shivam_Developement/data_engineering/data_engineering_project/batch-etl-pyspark/.venv/lib/python3.12/site-packages/airflow/example_dags/example_dag_decorator.py took 1.538 seconds
[2025-07-16T18:59:43.099+0000] {processor.py:161} INFO - Started process (PID=10228) to work on /mnt/c/Users/Shivam Gupta/OneDrive/Documents/Shivam_Developement/data_engineering/data_engineering_project/batch-etl-pyspark/.venv/lib/python3.12/site-packages/airflow/example_dags/example_dag_decorator.py
[2025-07-16T18:59:43.101+0000] {processor.py:830} INFO - Processing file /mnt/c/Users/Shivam Gupta/OneDrive/Documents/Shivam_Developement/data_engineering/data_engineering_project/batch-etl-pyspark/.venv/lib/python3.12/site-packages/airflow/example_dags/example_dag_decorator.py for tasks to queue
[2025-07-16T18:59:43.104+0000] {logging_mixin.py:188} INFO - [2025-07-16T18:59:43.103+0000] {dagbag.py:545} INFO - Filling up the DagBag from /mnt/c/Users/Shivam Gupta/OneDrive/Documents/Shivam_Developement/data_engineering/data_engineering_project/batch-etl-pyspark/.venv/lib/python3.12/site-packages/airflow/example_dags/example_dag_decorator.py
[2025-07-16T18:59:43.435+0000] {processor.py:840} INFO - DAG(s) 'example_dag_decorator' retrieved from /mnt/c/Users/Shivam Gupta/OneDrive/Documents/Shivam_Developement/data_engineering/data_engineering_project/batch-etl-pyspark/.venv/lib/python3.12/site-packages/airflow/example_dags/example_dag_decorator.py
[2025-07-16T18:59:45.160+0000] {logging_mixin.py:188} INFO - [2025-07-16T18:59:45.158+0000] {dag.py:3096} INFO - Sync 1 DAGs
[2025-07-16T18:59:45.178+0000] {logging_mixin.py:188} INFO - [2025-07-16T18:59:45.176+0000] {dag.py:3954} INFO - Setting next_dagrun for example_dag_decorator to None, run_after=None
[2025-07-16T18:59:45.369+0000] {processor.py:183} INFO - Processing /mnt/c/Users/Shivam Gupta/OneDrive/Documents/Shivam_Developement/data_engineering/data_engineering_project/batch-etl-pyspark/.venv/lib/python3.12/site-packages/airflow/example_dags/example_dag_decorator.py took 2.280 seconds
[2025-07-16T19:01:11.808+0000] {processor.py:161} INFO - Started process (PID=10422) to work on /mnt/c/Users/Shivam Gupta/OneDrive/Documents/Shivam_Developement/data_engineering/data_engineering_project/batch-etl-pyspark/.venv/lib/python3.12/site-packages/airflow/example_dags/example_dag_decorator.py
[2025-07-16T19:01:11.811+0000] {processor.py:830} INFO - Processing file /mnt/c/Users/Shivam Gupta/OneDrive/Documents/Shivam_Developement/data_engineering/data_engineering_project/batch-etl-pyspark/.venv/lib/python3.12/site-packages/airflow/example_dags/example_dag_decorator.py for tasks to queue
[2025-07-16T19:01:11.815+0000] {logging_mixin.py:188} INFO - [2025-07-16T19:01:11.813+0000] {dagbag.py:545} INFO - Filling up the DagBag from /mnt/c/Users/Shivam Gupta/OneDrive/Documents/Shivam_Developement/data_engineering/data_engineering_project/batch-etl-pyspark/.venv/lib/python3.12/site-packages/airflow/example_dags/example_dag_decorator.py
[2025-07-16T19:01:12.142+0000] {processor.py:840} INFO - DAG(s) 'example_dag_decorator' retrieved from /mnt/c/Users/Shivam Gupta/OneDrive/Documents/Shivam_Developement/data_engineering/data_engineering_project/batch-etl-pyspark/.venv/lib/python3.12/site-packages/airflow/example_dags/example_dag_decorator.py
[2025-07-16T19:01:13.002+0000] {logging_mixin.py:188} INFO - [2025-07-16T19:01:13.001+0000] {dag.py:3096} INFO - Sync 1 DAGs
[2025-07-16T19:01:13.010+0000] {logging_mixin.py:188} INFO - [2025-07-16T19:01:13.010+0000] {dag.py:3954} INFO - Setting next_dagrun for example_dag_decorator to None, run_after=None
[2025-07-16T19:01:13.050+0000] {processor.py:183} INFO - Processing /mnt/c/Users/Shivam Gupta/OneDrive/Documents/Shivam_Developement/data_engineering/data_engineering_project/batch-etl-pyspark/.venv/lib/python3.12/site-packages/airflow/example_dags/example_dag_decorator.py took 1.255 seconds
[2025-07-16T19:02:44.253+0000] {processor.py:161} INFO - Started process (PID=10611) to work on /mnt/c/Users/Shivam Gupta/OneDrive/Documents/Shivam_Developement/data_engineering/data_engineering_project/batch-etl-pyspark/.venv/lib/python3.12/site-packages/airflow/example_dags/example_dag_decorator.py
[2025-07-16T19:02:44.256+0000] {processor.py:830} INFO - Processing file /mnt/c/Users/Shivam Gupta/OneDrive/Documents/Shivam_Developement/data_engineering/data_engineering_project/batch-etl-pyspark/.venv/lib/python3.12/site-packages/airflow/example_dags/example_dag_decorator.py for tasks to queue
[2025-07-16T19:02:44.259+0000] {logging_mixin.py:188} INFO - [2025-07-16T19:02:44.258+0000] {dagbag.py:545} INFO - Filling up the DagBag from /mnt/c/Users/Shivam Gupta/OneDrive/Documents/Shivam_Developement/data_engineering/data_engineering_project/batch-etl-pyspark/.venv/lib/python3.12/site-packages/airflow/example_dags/example_dag_decorator.py
[2025-07-16T19:02:44.645+0000] {processor.py:840} INFO - DAG(s) 'example_dag_decorator' retrieved from /mnt/c/Users/Shivam Gupta/OneDrive/Documents/Shivam_Developement/data_engineering/data_engineering_project/batch-etl-pyspark/.venv/lib/python3.12/site-packages/airflow/example_dags/example_dag_decorator.py
[2025-07-16T19:02:46.300+0000] {logging_mixin.py:188} INFO - [2025-07-16T19:02:46.299+0000] {dag.py:3096} INFO - Sync 1 DAGs
[2025-07-16T19:02:46.313+0000] {logging_mixin.py:188} INFO - [2025-07-16T19:02:46.312+0000] {dag.py:3954} INFO - Setting next_dagrun for example_dag_decorator to None, run_after=None
[2025-07-16T19:02:46.396+0000] {processor.py:183} INFO - Processing /mnt/c/Users/Shivam Gupta/OneDrive/Documents/Shivam_Developement/data_engineering/data_engineering_project/batch-etl-pyspark/.venv/lib/python3.12/site-packages/airflow/example_dags/example_dag_decorator.py took 2.156 seconds
[2025-07-16T19:04:14.209+0000] {processor.py:161} INFO - Started process (PID=10768) to work on /mnt/c/Users/Shivam Gupta/OneDrive/Documents/Shivam_Developement/data_engineering/data_engineering_project/batch-etl-pyspark/.venv/lib/python3.12/site-packages/airflow/example_dags/example_dag_decorator.py
[2025-07-16T19:04:14.212+0000] {processor.py:830} INFO - Processing file /mnt/c/Users/Shivam Gupta/OneDrive/Documents/Shivam_Developement/data_engineering/data_engineering_project/batch-etl-pyspark/.venv/lib/python3.12/site-packages/airflow/example_dags/example_dag_decorator.py for tasks to queue
[2025-07-16T19:04:14.215+0000] {logging_mixin.py:188} INFO - [2025-07-16T19:04:14.214+0000] {dagbag.py:545} INFO - Filling up the DagBag from /mnt/c/Users/Shivam Gupta/OneDrive/Documents/Shivam_Developement/data_engineering/data_engineering_project/batch-etl-pyspark/.venv/lib/python3.12/site-packages/airflow/example_dags/example_dag_decorator.py
[2025-07-16T19:04:14.672+0000] {processor.py:840} INFO - DAG(s) 'example_dag_decorator' retrieved from /mnt/c/Users/Shivam Gupta/OneDrive/Documents/Shivam_Developement/data_engineering/data_engineering_project/batch-etl-pyspark/.venv/lib/python3.12/site-packages/airflow/example_dags/example_dag_decorator.py
[2025-07-16T19:04:16.446+0000] {logging_mixin.py:188} INFO - [2025-07-16T19:04:16.444+0000] {dag.py:3096} INFO - Sync 1 DAGs
[2025-07-16T19:04:16.579+0000] {logging_mixin.py:188} INFO - [2025-07-16T19:04:16.578+0000] {dag.py:3954} INFO - Setting next_dagrun for example_dag_decorator to None, run_after=None
[2025-07-16T19:04:16.663+0000] {processor.py:183} INFO - Processing /mnt/c/Users/Shivam Gupta/OneDrive/Documents/Shivam_Developement/data_engineering/data_engineering_project/batch-etl-pyspark/.venv/lib/python3.12/site-packages/airflow/example_dags/example_dag_decorator.py took 2.467 seconds
[2025-07-16T19:05:38.833+0000] {processor.py:161} INFO - Started process (PID=10924) to work on /mnt/c/Users/Shivam Gupta/OneDrive/Documents/Shivam_Developement/data_engineering/data_engineering_project/batch-etl-pyspark/.venv/lib/python3.12/site-packages/airflow/example_dags/example_dag_decorator.py
[2025-07-16T19:05:38.835+0000] {processor.py:830} INFO - Processing file /mnt/c/Users/Shivam Gupta/OneDrive/Documents/Shivam_Developement/data_engineering/data_engineering_project/batch-etl-pyspark/.venv/lib/python3.12/site-packages/airflow/example_dags/example_dag_decorator.py for tasks to queue
[2025-07-16T19:05:38.846+0000] {logging_mixin.py:188} INFO - [2025-07-16T19:05:38.838+0000] {dagbag.py:545} INFO - Filling up the DagBag from /mnt/c/Users/Shivam Gupta/OneDrive/Documents/Shivam_Developement/data_engineering/data_engineering_project/batch-etl-pyspark/.venv/lib/python3.12/site-packages/airflow/example_dags/example_dag_decorator.py
[2025-07-16T19:05:39.259+0000] {processor.py:840} INFO - DAG(s) 'example_dag_decorator' retrieved from /mnt/c/Users/Shivam Gupta/OneDrive/Documents/Shivam_Developement/data_engineering/data_engineering_project/batch-etl-pyspark/.venv/lib/python3.12/site-packages/airflow/example_dags/example_dag_decorator.py
[2025-07-16T19:05:40.892+0000] {logging_mixin.py:188} INFO - [2025-07-16T19:05:40.891+0000] {dag.py:3096} INFO - Sync 1 DAGs
[2025-07-16T19:05:40.905+0000] {logging_mixin.py:188} INFO - [2025-07-16T19:05:40.904+0000] {dag.py:3954} INFO - Setting next_dagrun for example_dag_decorator to None, run_after=None
[2025-07-16T19:05:41.016+0000] {processor.py:183} INFO - Processing /mnt/c/Users/Shivam Gupta/OneDrive/Documents/Shivam_Developement/data_engineering/data_engineering_project/batch-etl-pyspark/.venv/lib/python3.12/site-packages/airflow/example_dags/example_dag_decorator.py took 2.196 seconds
[2025-07-16T19:07:07.329+0000] {processor.py:161} INFO - Started process (PID=11104) to work on /mnt/c/Users/Shivam Gupta/OneDrive/Documents/Shivam_Developement/data_engineering/data_engineering_project/batch-etl-pyspark/.venv/lib/python3.12/site-packages/airflow/example_dags/example_dag_decorator.py
[2025-07-16T19:07:07.332+0000] {processor.py:830} INFO - Processing file /mnt/c/Users/Shivam Gupta/OneDrive/Documents/Shivam_Developement/data_engineering/data_engineering_project/batch-etl-pyspark/.venv/lib/python3.12/site-packages/airflow/example_dags/example_dag_decorator.py for tasks to queue
[2025-07-16T19:07:07.336+0000] {logging_mixin.py:188} INFO - [2025-07-16T19:07:07.335+0000] {dagbag.py:545} INFO - Filling up the DagBag from /mnt/c/Users/Shivam Gupta/OneDrive/Documents/Shivam_Developement/data_engineering/data_engineering_project/batch-etl-pyspark/.venv/lib/python3.12/site-packages/airflow/example_dags/example_dag_decorator.py
[2025-07-16T19:07:07.803+0000] {processor.py:840} INFO - DAG(s) 'example_dag_decorator' retrieved from /mnt/c/Users/Shivam Gupta/OneDrive/Documents/Shivam_Developement/data_engineering/data_engineering_project/batch-etl-pyspark/.venv/lib/python3.12/site-packages/airflow/example_dags/example_dag_decorator.py
[2025-07-16T19:07:09.531+0000] {logging_mixin.py:188} INFO - [2025-07-16T19:07:09.529+0000] {dag.py:3096} INFO - Sync 1 DAGs
[2025-07-16T19:07:09.546+0000] {logging_mixin.py:188} INFO - [2025-07-16T19:07:09.544+0000] {dag.py:3954} INFO - Setting next_dagrun for example_dag_decorator to None, run_after=None
[2025-07-16T19:07:09.628+0000] {processor.py:183} INFO - Processing /mnt/c/Users/Shivam Gupta/OneDrive/Documents/Shivam_Developement/data_engineering/data_engineering_project/batch-etl-pyspark/.venv/lib/python3.12/site-packages/airflow/example_dags/example_dag_decorator.py took 2.329 seconds
[2025-07-16T19:08:38.767+0000] {processor.py:161} INFO - Started process (PID=11263) to work on /mnt/c/Users/Shivam Gupta/OneDrive/Documents/Shivam_Developement/data_engineering/data_engineering_project/batch-etl-pyspark/.venv/lib/python3.12/site-packages/airflow/example_dags/example_dag_decorator.py
[2025-07-16T19:08:38.769+0000] {processor.py:830} INFO - Processing file /mnt/c/Users/Shivam Gupta/OneDrive/Documents/Shivam_Developement/data_engineering/data_engineering_project/batch-etl-pyspark/.venv/lib/python3.12/site-packages/airflow/example_dags/example_dag_decorator.py for tasks to queue
[2025-07-16T19:08:38.772+0000] {logging_mixin.py:188} INFO - [2025-07-16T19:08:38.771+0000] {dagbag.py:545} INFO - Filling up the DagBag from /mnt/c/Users/Shivam Gupta/OneDrive/Documents/Shivam_Developement/data_engineering/data_engineering_project/batch-etl-pyspark/.venv/lib/python3.12/site-packages/airflow/example_dags/example_dag_decorator.py
[2025-07-16T19:08:39.189+0000] {processor.py:840} INFO - DAG(s) 'example_dag_decorator' retrieved from /mnt/c/Users/Shivam Gupta/OneDrive/Documents/Shivam_Developement/data_engineering/data_engineering_project/batch-etl-pyspark/.venv/lib/python3.12/site-packages/airflow/example_dags/example_dag_decorator.py
[2025-07-16T19:08:40.882+0000] {logging_mixin.py:188} INFO - [2025-07-16T19:08:40.880+0000] {dag.py:3096} INFO - Sync 1 DAGs
[2025-07-16T19:08:40.894+0000] {logging_mixin.py:188} INFO - [2025-07-16T19:08:40.893+0000] {dag.py:3954} INFO - Setting next_dagrun for example_dag_decorator to None, run_after=None
[2025-07-16T19:08:40.968+0000] {processor.py:183} INFO - Processing /mnt/c/Users/Shivam Gupta/OneDrive/Documents/Shivam_Developement/data_engineering/data_engineering_project/batch-etl-pyspark/.venv/lib/python3.12/site-packages/airflow/example_dags/example_dag_decorator.py took 2.215 seconds
[2025-07-16T19:10:07.227+0000] {processor.py:161} INFO - Started process (PID=11404) to work on /mnt/c/Users/Shivam Gupta/OneDrive/Documents/Shivam_Developement/data_engineering/data_engineering_project/batch-etl-pyspark/.venv/lib/python3.12/site-packages/airflow/example_dags/example_dag_decorator.py
[2025-07-16T19:10:07.231+0000] {processor.py:830} INFO - Processing file /mnt/c/Users/Shivam Gupta/OneDrive/Documents/Shivam_Developement/data_engineering/data_engineering_project/batch-etl-pyspark/.venv/lib/python3.12/site-packages/airflow/example_dags/example_dag_decorator.py for tasks to queue
[2025-07-16T19:10:07.234+0000] {logging_mixin.py:188} INFO - [2025-07-16T19:10:07.233+0000] {dagbag.py:545} INFO - Filling up the DagBag from /mnt/c/Users/Shivam Gupta/OneDrive/Documents/Shivam_Developement/data_engineering/data_engineering_project/batch-etl-pyspark/.venv/lib/python3.12/site-packages/airflow/example_dags/example_dag_decorator.py
[2025-07-16T19:10:07.683+0000] {processor.py:840} INFO - DAG(s) 'example_dag_decorator' retrieved from /mnt/c/Users/Shivam Gupta/OneDrive/Documents/Shivam_Developement/data_engineering/data_engineering_project/batch-etl-pyspark/.venv/lib/python3.12/site-packages/airflow/example_dags/example_dag_decorator.py
[2025-07-16T19:10:09.322+0000] {logging_mixin.py:188} INFO - [2025-07-16T19:10:09.320+0000] {dag.py:3096} INFO - Sync 1 DAGs
[2025-07-16T19:10:09.344+0000] {logging_mixin.py:188} INFO - [2025-07-16T19:10:09.343+0000] {dag.py:3954} INFO - Setting next_dagrun for example_dag_decorator to None, run_after=None
[2025-07-16T19:10:09.658+0000] {processor.py:183} INFO - Processing /mnt/c/Users/Shivam Gupta/OneDrive/Documents/Shivam_Developement/data_engineering/data_engineering_project/batch-etl-pyspark/.venv/lib/python3.12/site-packages/airflow/example_dags/example_dag_decorator.py took 2.441 seconds
[2025-07-16T19:11:42.157+0000] {processor.py:161} INFO - Started process (PID=11599) to work on /mnt/c/Users/Shivam Gupta/OneDrive/Documents/Shivam_Developement/data_engineering/data_engineering_project/batch-etl-pyspark/.venv/lib/python3.12/site-packages/airflow/example_dags/example_dag_decorator.py
[2025-07-16T19:11:42.165+0000] {processor.py:830} INFO - Processing file /mnt/c/Users/Shivam Gupta/OneDrive/Documents/Shivam_Developement/data_engineering/data_engineering_project/batch-etl-pyspark/.venv/lib/python3.12/site-packages/airflow/example_dags/example_dag_decorator.py for tasks to queue
[2025-07-16T19:11:42.169+0000] {logging_mixin.py:188} INFO - [2025-07-16T19:11:42.167+0000] {dagbag.py:545} INFO - Filling up the DagBag from /mnt/c/Users/Shivam Gupta/OneDrive/Documents/Shivam_Developement/data_engineering/data_engineering_project/batch-etl-pyspark/.venv/lib/python3.12/site-packages/airflow/example_dags/example_dag_decorator.py
[2025-07-16T19:11:42.695+0000] {processor.py:840} INFO - DAG(s) 'example_dag_decorator' retrieved from /mnt/c/Users/Shivam Gupta/OneDrive/Documents/Shivam_Developement/data_engineering/data_engineering_project/batch-etl-pyspark/.venv/lib/python3.12/site-packages/airflow/example_dags/example_dag_decorator.py
[2025-07-16T19:11:44.622+0000] {logging_mixin.py:188} INFO - [2025-07-16T19:11:44.621+0000] {dag.py:3096} INFO - Sync 1 DAGs
[2025-07-16T19:11:44.638+0000] {logging_mixin.py:188} INFO - [2025-07-16T19:11:44.636+0000] {dag.py:3954} INFO - Setting next_dagrun for example_dag_decorator to None, run_after=None
[2025-07-16T19:11:44.729+0000] {processor.py:183} INFO - Processing /mnt/c/Users/Shivam Gupta/OneDrive/Documents/Shivam_Developement/data_engineering/data_engineering_project/batch-etl-pyspark/.venv/lib/python3.12/site-packages/airflow/example_dags/example_dag_decorator.py took 2.592 seconds
[2025-07-16T19:13:08.905+0000] {processor.py:161} INFO - Started process (PID=11770) to work on /mnt/c/Users/Shivam Gupta/OneDrive/Documents/Shivam_Developement/data_engineering/data_engineering_project/batch-etl-pyspark/.venv/lib/python3.12/site-packages/airflow/example_dags/example_dag_decorator.py
[2025-07-16T19:13:08.910+0000] {processor.py:830} INFO - Processing file /mnt/c/Users/Shivam Gupta/OneDrive/Documents/Shivam_Developement/data_engineering/data_engineering_project/batch-etl-pyspark/.venv/lib/python3.12/site-packages/airflow/example_dags/example_dag_decorator.py for tasks to queue
[2025-07-16T19:13:08.915+0000] {logging_mixin.py:188} INFO - [2025-07-16T19:13:08.913+0000] {dagbag.py:545} INFO - Filling up the DagBag from /mnt/c/Users/Shivam Gupta/OneDrive/Documents/Shivam_Developement/data_engineering/data_engineering_project/batch-etl-pyspark/.venv/lib/python3.12/site-packages/airflow/example_dags/example_dag_decorator.py
[2025-07-16T19:13:09.467+0000] {processor.py:840} INFO - DAG(s) 'example_dag_decorator' retrieved from /mnt/c/Users/Shivam Gupta/OneDrive/Documents/Shivam_Developement/data_engineering/data_engineering_project/batch-etl-pyspark/.venv/lib/python3.12/site-packages/airflow/example_dags/example_dag_decorator.py
[2025-07-16T19:13:11.224+0000] {logging_mixin.py:188} INFO - [2025-07-16T19:13:11.223+0000] {dag.py:3096} INFO - Sync 1 DAGs
[2025-07-16T19:13:11.240+0000] {logging_mixin.py:188} INFO - [2025-07-16T19:13:11.238+0000] {dag.py:3954} INFO - Setting next_dagrun for example_dag_decorator to None, run_after=None
[2025-07-16T19:13:11.333+0000] {processor.py:183} INFO - Processing /mnt/c/Users/Shivam Gupta/OneDrive/Documents/Shivam_Developement/data_engineering/data_engineering_project/batch-etl-pyspark/.venv/lib/python3.12/site-packages/airflow/example_dags/example_dag_decorator.py took 2.456 seconds
[2025-07-16T19:14:36.647+0000] {processor.py:161} INFO - Started process (PID=11946) to work on /mnt/c/Users/Shivam Gupta/OneDrive/Documents/Shivam_Developement/data_engineering/data_engineering_project/batch-etl-pyspark/.venv/lib/python3.12/site-packages/airflow/example_dags/example_dag_decorator.py
[2025-07-16T19:14:36.650+0000] {processor.py:830} INFO - Processing file /mnt/c/Users/Shivam Gupta/OneDrive/Documents/Shivam_Developement/data_engineering/data_engineering_project/batch-etl-pyspark/.venv/lib/python3.12/site-packages/airflow/example_dags/example_dag_decorator.py for tasks to queue
[2025-07-16T19:14:36.653+0000] {logging_mixin.py:188} INFO - [2025-07-16T19:14:36.652+0000] {dagbag.py:545} INFO - Filling up the DagBag from /mnt/c/Users/Shivam Gupta/OneDrive/Documents/Shivam_Developement/data_engineering/data_engineering_project/batch-etl-pyspark/.venv/lib/python3.12/site-packages/airflow/example_dags/example_dag_decorator.py
[2025-07-16T19:14:37.067+0000] {processor.py:840} INFO - DAG(s) 'example_dag_decorator' retrieved from /mnt/c/Users/Shivam Gupta/OneDrive/Documents/Shivam_Developement/data_engineering/data_engineering_project/batch-etl-pyspark/.venv/lib/python3.12/site-packages/airflow/example_dags/example_dag_decorator.py
[2025-07-16T19:14:38.898+0000] {logging_mixin.py:188} INFO - [2025-07-16T19:14:38.896+0000] {dag.py:3096} INFO - Sync 1 DAGs
[2025-07-16T19:14:38.915+0000] {logging_mixin.py:188} INFO - [2025-07-16T19:14:38.913+0000] {dag.py:3954} INFO - Setting next_dagrun for example_dag_decorator to None, run_after=None
[2025-07-16T19:14:39.017+0000] {processor.py:183} INFO - Processing /mnt/c/Users/Shivam Gupta/OneDrive/Documents/Shivam_Developement/data_engineering/data_engineering_project/batch-etl-pyspark/.venv/lib/python3.12/site-packages/airflow/example_dags/example_dag_decorator.py took 2.381 seconds
[2025-07-16T19:16:09.738+0000] {processor.py:161} INFO - Started process (PID=12125) to work on /mnt/c/Users/Shivam Gupta/OneDrive/Documents/Shivam_Developement/data_engineering/data_engineering_project/batch-etl-pyspark/.venv/lib/python3.12/site-packages/airflow/example_dags/example_dag_decorator.py
[2025-07-16T19:16:09.740+0000] {processor.py:830} INFO - Processing file /mnt/c/Users/Shivam Gupta/OneDrive/Documents/Shivam_Developement/data_engineering/data_engineering_project/batch-etl-pyspark/.venv/lib/python3.12/site-packages/airflow/example_dags/example_dag_decorator.py for tasks to queue
[2025-07-16T19:16:09.745+0000] {logging_mixin.py:188} INFO - [2025-07-16T19:16:09.742+0000] {dagbag.py:545} INFO - Filling up the DagBag from /mnt/c/Users/Shivam Gupta/OneDrive/Documents/Shivam_Developement/data_engineering/data_engineering_project/batch-etl-pyspark/.venv/lib/python3.12/site-packages/airflow/example_dags/example_dag_decorator.py
[2025-07-16T19:16:10.186+0000] {processor.py:840} INFO - DAG(s) 'example_dag_decorator' retrieved from /mnt/c/Users/Shivam Gupta/OneDrive/Documents/Shivam_Developement/data_engineering/data_engineering_project/batch-etl-pyspark/.venv/lib/python3.12/site-packages/airflow/example_dags/example_dag_decorator.py
[2025-07-16T19:16:11.789+0000] {logging_mixin.py:188} INFO - [2025-07-16T19:16:11.788+0000] {dag.py:3096} INFO - Sync 1 DAGs
[2025-07-16T19:16:11.809+0000] {logging_mixin.py:188} INFO - [2025-07-16T19:16:11.807+0000] {dag.py:3954} INFO - Setting next_dagrun for example_dag_decorator to None, run_after=None
[2025-07-16T19:16:11.924+0000] {processor.py:183} INFO - Processing /mnt/c/Users/Shivam Gupta/OneDrive/Documents/Shivam_Developement/data_engineering/data_engineering_project/batch-etl-pyspark/.venv/lib/python3.12/site-packages/airflow/example_dags/example_dag_decorator.py took 2.205 seconds
[2025-07-16T19:17:38.470+0000] {processor.py:161} INFO - Started process (PID=12303) to work on /mnt/c/Users/Shivam Gupta/OneDrive/Documents/Shivam_Developement/data_engineering/data_engineering_project/batch-etl-pyspark/.venv/lib/python3.12/site-packages/airflow/example_dags/example_dag_decorator.py
[2025-07-16T19:17:38.472+0000] {processor.py:830} INFO - Processing file /mnt/c/Users/Shivam Gupta/OneDrive/Documents/Shivam_Developement/data_engineering/data_engineering_project/batch-etl-pyspark/.venv/lib/python3.12/site-packages/airflow/example_dags/example_dag_decorator.py for tasks to queue
[2025-07-16T19:17:38.476+0000] {logging_mixin.py:188} INFO - [2025-07-16T19:17:38.474+0000] {dagbag.py:545} INFO - Filling up the DagBag from /mnt/c/Users/Shivam Gupta/OneDrive/Documents/Shivam_Developement/data_engineering/data_engineering_project/batch-etl-pyspark/.venv/lib/python3.12/site-packages/airflow/example_dags/example_dag_decorator.py
[2025-07-16T19:17:38.863+0000] {processor.py:840} INFO - DAG(s) 'example_dag_decorator' retrieved from /mnt/c/Users/Shivam Gupta/OneDrive/Documents/Shivam_Developement/data_engineering/data_engineering_project/batch-etl-pyspark/.venv/lib/python3.12/site-packages/airflow/example_dags/example_dag_decorator.py
[2025-07-16T19:17:38.907+0000] {logging_mixin.py:188} INFO - [2025-07-16T19:17:38.906+0000] {dag.py:3096} INFO - Sync 1 DAGs
[2025-07-16T19:17:38.923+0000] {logging_mixin.py:188} INFO - [2025-07-16T19:17:38.922+0000] {dag.py:3954} INFO - Setting next_dagrun for example_dag_decorator to None, run_after=None
[2025-07-16T19:17:39.010+0000] {processor.py:183} INFO - Processing /mnt/c/Users/Shivam Gupta/OneDrive/Documents/Shivam_Developement/data_engineering/data_engineering_project/batch-etl-pyspark/.venv/lib/python3.12/site-packages/airflow/example_dags/example_dag_decorator.py took 0.554 seconds
[2025-07-16T19:18:59.420+0000] {processor.py:161} INFO - Started process (PID=12434) to work on /mnt/c/Users/Shivam Gupta/OneDrive/Documents/Shivam_Developement/data_engineering/data_engineering_project/batch-etl-pyspark/.venv/lib/python3.12/site-packages/airflow/example_dags/example_dag_decorator.py
[2025-07-16T19:18:59.423+0000] {processor.py:830} INFO - Processing file /mnt/c/Users/Shivam Gupta/OneDrive/Documents/Shivam_Developement/data_engineering/data_engineering_project/batch-etl-pyspark/.venv/lib/python3.12/site-packages/airflow/example_dags/example_dag_decorator.py for tasks to queue
[2025-07-16T19:18:59.427+0000] {logging_mixin.py:188} INFO - [2025-07-16T19:18:59.425+0000] {dagbag.py:545} INFO - Filling up the DagBag from /mnt/c/Users/Shivam Gupta/OneDrive/Documents/Shivam_Developement/data_engineering/data_engineering_project/batch-etl-pyspark/.venv/lib/python3.12/site-packages/airflow/example_dags/example_dag_decorator.py
[2025-07-16T19:18:59.833+0000] {processor.py:840} INFO - DAG(s) 'example_dag_decorator' retrieved from /mnt/c/Users/Shivam Gupta/OneDrive/Documents/Shivam_Developement/data_engineering/data_engineering_project/batch-etl-pyspark/.venv/lib/python3.12/site-packages/airflow/example_dags/example_dag_decorator.py
[2025-07-16T19:18:59.889+0000] {logging_mixin.py:188} INFO - [2025-07-16T19:18:59.888+0000] {dag.py:3096} INFO - Sync 1 DAGs
[2025-07-16T19:18:59.914+0000] {logging_mixin.py:188} INFO - [2025-07-16T19:18:59.913+0000] {dag.py:3954} INFO - Setting next_dagrun for example_dag_decorator to None, run_after=None
[2025-07-16T19:18:59.987+0000] {processor.py:183} INFO - Processing /mnt/c/Users/Shivam Gupta/OneDrive/Documents/Shivam_Developement/data_engineering/data_engineering_project/batch-etl-pyspark/.venv/lib/python3.12/site-packages/airflow/example_dags/example_dag_decorator.py took 0.581 seconds
[2025-07-16T19:20:22.060+0000] {processor.py:161} INFO - Started process (PID=12580) to work on /mnt/c/Users/Shivam Gupta/OneDrive/Documents/Shivam_Developement/data_engineering/data_engineering_project/batch-etl-pyspark/.venv/lib/python3.12/site-packages/airflow/example_dags/example_dag_decorator.py
[2025-07-16T19:20:22.066+0000] {processor.py:830} INFO - Processing file /mnt/c/Users/Shivam Gupta/OneDrive/Documents/Shivam_Developement/data_engineering/data_engineering_project/batch-etl-pyspark/.venv/lib/python3.12/site-packages/airflow/example_dags/example_dag_decorator.py for tasks to queue
[2025-07-16T19:20:22.071+0000] {logging_mixin.py:188} INFO - [2025-07-16T19:20:22.069+0000] {dagbag.py:545} INFO - Filling up the DagBag from /mnt/c/Users/Shivam Gupta/OneDrive/Documents/Shivam_Developement/data_engineering/data_engineering_project/batch-etl-pyspark/.venv/lib/python3.12/site-packages/airflow/example_dags/example_dag_decorator.py
[2025-07-16T19:20:22.276+0000] {processor.py:840} INFO - DAG(s) 'example_dag_decorator' retrieved from /mnt/c/Users/Shivam Gupta/OneDrive/Documents/Shivam_Developement/data_engineering/data_engineering_project/batch-etl-pyspark/.venv/lib/python3.12/site-packages/airflow/example_dags/example_dag_decorator.py
[2025-07-16T19:20:23.312+0000] {logging_mixin.py:188} INFO - [2025-07-16T19:20:23.311+0000] {dag.py:3096} INFO - Sync 1 DAGs
[2025-07-16T19:20:23.321+0000] {logging_mixin.py:188} INFO - [2025-07-16T19:20:23.320+0000] {dag.py:3954} INFO - Setting next_dagrun for example_dag_decorator to None, run_after=None
[2025-07-16T19:20:23.372+0000] {processor.py:183} INFO - Processing /mnt/c/Users/Shivam Gupta/OneDrive/Documents/Shivam_Developement/data_engineering/data_engineering_project/batch-etl-pyspark/.venv/lib/python3.12/site-packages/airflow/example_dags/example_dag_decorator.py took 1.323 seconds
[2025-07-16T19:21:47.291+0000] {processor.py:161} INFO - Started process (PID=12752) to work on /mnt/c/Users/Shivam Gupta/OneDrive/Documents/Shivam_Developement/data_engineering/data_engineering_project/batch-etl-pyspark/.venv/lib/python3.12/site-packages/airflow/example_dags/example_dag_decorator.py
[2025-07-16T19:21:47.293+0000] {processor.py:830} INFO - Processing file /mnt/c/Users/Shivam Gupta/OneDrive/Documents/Shivam_Developement/data_engineering/data_engineering_project/batch-etl-pyspark/.venv/lib/python3.12/site-packages/airflow/example_dags/example_dag_decorator.py for tasks to queue
[2025-07-16T19:21:47.296+0000] {logging_mixin.py:188} INFO - [2025-07-16T19:21:47.295+0000] {dagbag.py:545} INFO - Filling up the DagBag from /mnt/c/Users/Shivam Gupta/OneDrive/Documents/Shivam_Developement/data_engineering/data_engineering_project/batch-etl-pyspark/.venv/lib/python3.12/site-packages/airflow/example_dags/example_dag_decorator.py
[2025-07-16T19:21:47.514+0000] {processor.py:840} INFO - DAG(s) 'example_dag_decorator' retrieved from /mnt/c/Users/Shivam Gupta/OneDrive/Documents/Shivam_Developement/data_engineering/data_engineering_project/batch-etl-pyspark/.venv/lib/python3.12/site-packages/airflow/example_dags/example_dag_decorator.py
[2025-07-16T19:21:49.260+0000] {logging_mixin.py:188} INFO - [2025-07-16T19:21:49.259+0000] {dag.py:3096} INFO - Sync 1 DAGs
[2025-07-16T19:21:49.277+0000] {logging_mixin.py:188} INFO - [2025-07-16T19:21:49.276+0000] {dag.py:3954} INFO - Setting next_dagrun for example_dag_decorator to None, run_after=None
[2025-07-16T19:21:49.378+0000] {processor.py:183} INFO - Processing /mnt/c/Users/Shivam Gupta/OneDrive/Documents/Shivam_Developement/data_engineering/data_engineering_project/batch-etl-pyspark/.venv/lib/python3.12/site-packages/airflow/example_dags/example_dag_decorator.py took 2.098 seconds
[2025-07-16T19:23:14.045+0000] {processor.py:161} INFO - Started process (PID=12914) to work on /mnt/c/Users/Shivam Gupta/OneDrive/Documents/Shivam_Developement/data_engineering/data_engineering_project/batch-etl-pyspark/.venv/lib/python3.12/site-packages/airflow/example_dags/example_dag_decorator.py
[2025-07-16T19:23:14.048+0000] {processor.py:830} INFO - Processing file /mnt/c/Users/Shivam Gupta/OneDrive/Documents/Shivam_Developement/data_engineering/data_engineering_project/batch-etl-pyspark/.venv/lib/python3.12/site-packages/airflow/example_dags/example_dag_decorator.py for tasks to queue
[2025-07-16T19:23:14.053+0000] {logging_mixin.py:188} INFO - [2025-07-16T19:23:14.051+0000] {dagbag.py:545} INFO - Filling up the DagBag from /mnt/c/Users/Shivam Gupta/OneDrive/Documents/Shivam_Developement/data_engineering/data_engineering_project/batch-etl-pyspark/.venv/lib/python3.12/site-packages/airflow/example_dags/example_dag_decorator.py
[2025-07-16T19:23:14.447+0000] {processor.py:840} INFO - DAG(s) 'example_dag_decorator' retrieved from /mnt/c/Users/Shivam Gupta/OneDrive/Documents/Shivam_Developement/data_engineering/data_engineering_project/batch-etl-pyspark/.venv/lib/python3.12/site-packages/airflow/example_dags/example_dag_decorator.py
[2025-07-16T19:23:15.976+0000] {logging_mixin.py:188} INFO - [2025-07-16T19:23:15.975+0000] {dag.py:3096} INFO - Sync 1 DAGs
[2025-07-16T19:23:15.987+0000] {logging_mixin.py:188} INFO - [2025-07-16T19:23:15.987+0000] {dag.py:3954} INFO - Setting next_dagrun for example_dag_decorator to None, run_after=None
[2025-07-16T19:23:16.053+0000] {processor.py:183} INFO - Processing /mnt/c/Users/Shivam Gupta/OneDrive/Documents/Shivam_Developement/data_engineering/data_engineering_project/batch-etl-pyspark/.venv/lib/python3.12/site-packages/airflow/example_dags/example_dag_decorator.py took 2.025 seconds
[2025-07-16T19:24:37.502+0000] {processor.py:161} INFO - Started process (PID=13020) to work on /mnt/c/Users/Shivam Gupta/OneDrive/Documents/Shivam_Developement/data_engineering/data_engineering_project/batch-etl-pyspark/.venv/lib/python3.12/site-packages/airflow/example_dags/example_dag_decorator.py
[2025-07-16T19:24:37.504+0000] {processor.py:830} INFO - Processing file /mnt/c/Users/Shivam Gupta/OneDrive/Documents/Shivam_Developement/data_engineering/data_engineering_project/batch-etl-pyspark/.venv/lib/python3.12/site-packages/airflow/example_dags/example_dag_decorator.py for tasks to queue
[2025-07-16T19:24:37.510+0000] {logging_mixin.py:188} INFO - [2025-07-16T19:24:37.507+0000] {dagbag.py:545} INFO - Filling up the DagBag from /mnt/c/Users/Shivam Gupta/OneDrive/Documents/Shivam_Developement/data_engineering/data_engineering_project/batch-etl-pyspark/.venv/lib/python3.12/site-packages/airflow/example_dags/example_dag_decorator.py
[2025-07-16T19:24:38.012+0000] {processor.py:840} INFO - DAG(s) 'example_dag_decorator' retrieved from /mnt/c/Users/Shivam Gupta/OneDrive/Documents/Shivam_Developement/data_engineering/data_engineering_project/batch-etl-pyspark/.venv/lib/python3.12/site-packages/airflow/example_dags/example_dag_decorator.py
[2025-07-16T19:24:39.508+0000] {logging_mixin.py:188} INFO - [2025-07-16T19:24:39.507+0000] {dag.py:3096} INFO - Sync 1 DAGs
[2025-07-16T19:24:39.522+0000] {logging_mixin.py:188} INFO - [2025-07-16T19:24:39.521+0000] {dag.py:3954} INFO - Setting next_dagrun for example_dag_decorator to None, run_after=None
[2025-07-16T19:24:39.602+0000] {processor.py:183} INFO - Processing /mnt/c/Users/Shivam Gupta/OneDrive/Documents/Shivam_Developement/data_engineering/data_engineering_project/batch-etl-pyspark/.venv/lib/python3.12/site-packages/airflow/example_dags/example_dag_decorator.py took 2.117 seconds
[2025-07-16T19:25:59.589+0000] {processor.py:161} INFO - Started process (PID=13141) to work on /mnt/c/Users/Shivam Gupta/OneDrive/Documents/Shivam_Developement/data_engineering/data_engineering_project/batch-etl-pyspark/.venv/lib/python3.12/site-packages/airflow/example_dags/example_dag_decorator.py
[2025-07-16T19:25:59.591+0000] {processor.py:830} INFO - Processing file /mnt/c/Users/Shivam Gupta/OneDrive/Documents/Shivam_Developement/data_engineering/data_engineering_project/batch-etl-pyspark/.venv/lib/python3.12/site-packages/airflow/example_dags/example_dag_decorator.py for tasks to queue
[2025-07-16T19:25:59.594+0000] {logging_mixin.py:188} INFO - [2025-07-16T19:25:59.593+0000] {dagbag.py:545} INFO - Filling up the DagBag from /mnt/c/Users/Shivam Gupta/OneDrive/Documents/Shivam_Developement/data_engineering/data_engineering_project/batch-etl-pyspark/.venv/lib/python3.12/site-packages/airflow/example_dags/example_dag_decorator.py
[2025-07-16T19:25:59.828+0000] {processor.py:840} INFO - DAG(s) 'example_dag_decorator' retrieved from /mnt/c/Users/Shivam Gupta/OneDrive/Documents/Shivam_Developement/data_engineering/data_engineering_project/batch-etl-pyspark/.venv/lib/python3.12/site-packages/airflow/example_dags/example_dag_decorator.py
[2025-07-16T19:26:01.220+0000] {logging_mixin.py:188} INFO - [2025-07-16T19:26:01.218+0000] {dag.py:3096} INFO - Sync 1 DAGs
[2025-07-16T19:26:01.232+0000] {logging_mixin.py:188} INFO - [2025-07-16T19:26:01.232+0000] {dag.py:3954} INFO - Setting next_dagrun for example_dag_decorator to None, run_after=None
[2025-07-16T19:26:01.275+0000] {processor.py:183} INFO - Processing /mnt/c/Users/Shivam Gupta/OneDrive/Documents/Shivam_Developement/data_engineering/data_engineering_project/batch-etl-pyspark/.venv/lib/python3.12/site-packages/airflow/example_dags/example_dag_decorator.py took 1.704 seconds
[2025-07-16T19:27:22.363+0000] {processor.py:161} INFO - Started process (PID=13232) to work on /mnt/c/Users/Shivam Gupta/OneDrive/Documents/Shivam_Developement/data_engineering/data_engineering_project/batch-etl-pyspark/.venv/lib/python3.12/site-packages/airflow/example_dags/example_dag_decorator.py
[2025-07-16T19:27:22.367+0000] {processor.py:830} INFO - Processing file /mnt/c/Users/Shivam Gupta/OneDrive/Documents/Shivam_Developement/data_engineering/data_engineering_project/batch-etl-pyspark/.venv/lib/python3.12/site-packages/airflow/example_dags/example_dag_decorator.py for tasks to queue
[2025-07-16T19:27:22.371+0000] {logging_mixin.py:188} INFO - [2025-07-16T19:27:22.370+0000] {dagbag.py:545} INFO - Filling up the DagBag from /mnt/c/Users/Shivam Gupta/OneDrive/Documents/Shivam_Developement/data_engineering/data_engineering_project/batch-etl-pyspark/.venv/lib/python3.12/site-packages/airflow/example_dags/example_dag_decorator.py
[2025-07-16T19:27:22.616+0000] {processor.py:840} INFO - DAG(s) 'example_dag_decorator' retrieved from /mnt/c/Users/Shivam Gupta/OneDrive/Documents/Shivam_Developement/data_engineering/data_engineering_project/batch-etl-pyspark/.venv/lib/python3.12/site-packages/airflow/example_dags/example_dag_decorator.py
[2025-07-16T19:27:22.642+0000] {logging_mixin.py:188} INFO - [2025-07-16T19:27:22.641+0000] {dag.py:3096} INFO - Sync 1 DAGs
[2025-07-16T19:27:22.656+0000] {logging_mixin.py:188} INFO - [2025-07-16T19:27:22.655+0000] {dag.py:3954} INFO - Setting next_dagrun for example_dag_decorator to None, run_after=None
[2025-07-16T19:27:22.722+0000] {processor.py:183} INFO - Processing /mnt/c/Users/Shivam Gupta/OneDrive/Documents/Shivam_Developement/data_engineering/data_engineering_project/batch-etl-pyspark/.venv/lib/python3.12/site-packages/airflow/example_dags/example_dag_decorator.py took 0.380 seconds
[2025-07-16T19:28:36.469+0000] {processor.py:161} INFO - Started process (PID=13318) to work on /mnt/c/Users/Shivam Gupta/OneDrive/Documents/Shivam_Developement/data_engineering/data_engineering_project/batch-etl-pyspark/.venv/lib/python3.12/site-packages/airflow/example_dags/example_dag_decorator.py
[2025-07-16T19:28:36.470+0000] {processor.py:830} INFO - Processing file /mnt/c/Users/Shivam Gupta/OneDrive/Documents/Shivam_Developement/data_engineering/data_engineering_project/batch-etl-pyspark/.venv/lib/python3.12/site-packages/airflow/example_dags/example_dag_decorator.py for tasks to queue
[2025-07-16T19:28:36.473+0000] {logging_mixin.py:188} INFO - [2025-07-16T19:28:36.472+0000] {dagbag.py:545} INFO - Filling up the DagBag from /mnt/c/Users/Shivam Gupta/OneDrive/Documents/Shivam_Developement/data_engineering/data_engineering_project/batch-etl-pyspark/.venv/lib/python3.12/site-packages/airflow/example_dags/example_dag_decorator.py
[2025-07-16T19:28:36.664+0000] {processor.py:840} INFO - DAG(s) 'example_dag_decorator' retrieved from /mnt/c/Users/Shivam Gupta/OneDrive/Documents/Shivam_Developement/data_engineering/data_engineering_project/batch-etl-pyspark/.venv/lib/python3.12/site-packages/airflow/example_dags/example_dag_decorator.py
[2025-07-16T19:28:36.687+0000] {logging_mixin.py:188} INFO - [2025-07-16T19:28:36.686+0000] {dag.py:3096} INFO - Sync 1 DAGs
[2025-07-16T19:28:36.699+0000] {logging_mixin.py:188} INFO - [2025-07-16T19:28:36.698+0000] {dag.py:3954} INFO - Setting next_dagrun for example_dag_decorator to None, run_after=None
[2025-07-16T19:28:36.749+0000] {processor.py:183} INFO - Processing /mnt/c/Users/Shivam Gupta/OneDrive/Documents/Shivam_Developement/data_engineering/data_engineering_project/batch-etl-pyspark/.venv/lib/python3.12/site-packages/airflow/example_dags/example_dag_decorator.py took 0.289 seconds
[2025-07-16T19:29:47.395+0000] {processor.py:161} INFO - Started process (PID=13442) to work on /mnt/c/Users/Shivam Gupta/OneDrive/Documents/Shivam_Developement/data_engineering/data_engineering_project/batch-etl-pyspark/.venv/lib/python3.12/site-packages/airflow/example_dags/example_dag_decorator.py
[2025-07-16T19:29:47.397+0000] {processor.py:830} INFO - Processing file /mnt/c/Users/Shivam Gupta/OneDrive/Documents/Shivam_Developement/data_engineering/data_engineering_project/batch-etl-pyspark/.venv/lib/python3.12/site-packages/airflow/example_dags/example_dag_decorator.py for tasks to queue
[2025-07-16T19:29:47.400+0000] {logging_mixin.py:188} INFO - [2025-07-16T19:29:47.399+0000] {dagbag.py:545} INFO - Filling up the DagBag from /mnt/c/Users/Shivam Gupta/OneDrive/Documents/Shivam_Developement/data_engineering/data_engineering_project/batch-etl-pyspark/.venv/lib/python3.12/site-packages/airflow/example_dags/example_dag_decorator.py
[2025-07-16T19:29:47.659+0000] {processor.py:840} INFO - DAG(s) 'example_dag_decorator' retrieved from /mnt/c/Users/Shivam Gupta/OneDrive/Documents/Shivam_Developement/data_engineering/data_engineering_project/batch-etl-pyspark/.venv/lib/python3.12/site-packages/airflow/example_dags/example_dag_decorator.py
[2025-07-16T19:29:47.696+0000] {logging_mixin.py:188} INFO - [2025-07-16T19:29:47.695+0000] {dag.py:3096} INFO - Sync 1 DAGs
[2025-07-16T19:29:47.711+0000] {logging_mixin.py:188} INFO - [2025-07-16T19:29:47.710+0000] {dag.py:3954} INFO - Setting next_dagrun for example_dag_decorator to None, run_after=None
[2025-07-16T19:29:47.796+0000] {processor.py:183} INFO - Processing /mnt/c/Users/Shivam Gupta/OneDrive/Documents/Shivam_Developement/data_engineering/data_engineering_project/batch-etl-pyspark/.venv/lib/python3.12/site-packages/airflow/example_dags/example_dag_decorator.py took 0.411 seconds
[2025-07-16T19:31:05.573+0000] {processor.py:161} INFO - Started process (PID=13564) to work on /mnt/c/Users/Shivam Gupta/OneDrive/Documents/Shivam_Developement/data_engineering/data_engineering_project/batch-etl-pyspark/.venv/lib/python3.12/site-packages/airflow/example_dags/example_dag_decorator.py
[2025-07-16T19:31:05.575+0000] {processor.py:830} INFO - Processing file /mnt/c/Users/Shivam Gupta/OneDrive/Documents/Shivam_Developement/data_engineering/data_engineering_project/batch-etl-pyspark/.venv/lib/python3.12/site-packages/airflow/example_dags/example_dag_decorator.py for tasks to queue
[2025-07-16T19:31:05.578+0000] {logging_mixin.py:188} INFO - [2025-07-16T19:31:05.577+0000] {dagbag.py:545} INFO - Filling up the DagBag from /mnt/c/Users/Shivam Gupta/OneDrive/Documents/Shivam_Developement/data_engineering/data_engineering_project/batch-etl-pyspark/.venv/lib/python3.12/site-packages/airflow/example_dags/example_dag_decorator.py
[2025-07-16T19:31:05.864+0000] {processor.py:840} INFO - DAG(s) 'example_dag_decorator' retrieved from /mnt/c/Users/Shivam Gupta/OneDrive/Documents/Shivam_Developement/data_engineering/data_engineering_project/batch-etl-pyspark/.venv/lib/python3.12/site-packages/airflow/example_dags/example_dag_decorator.py
[2025-07-16T19:31:05.891+0000] {logging_mixin.py:188} INFO - [2025-07-16T19:31:05.891+0000] {dag.py:3096} INFO - Sync 1 DAGs
[2025-07-16T19:31:05.905+0000] {logging_mixin.py:188} INFO - [2025-07-16T19:31:05.904+0000] {dag.py:3954} INFO - Setting next_dagrun for example_dag_decorator to None, run_after=None
[2025-07-16T19:31:05.976+0000] {processor.py:183} INFO - Processing /mnt/c/Users/Shivam Gupta/OneDrive/Documents/Shivam_Developement/data_engineering/data_engineering_project/batch-etl-pyspark/.venv/lib/python3.12/site-packages/airflow/example_dags/example_dag_decorator.py took 0.417 seconds
[2025-07-16T19:32:17.027+0000] {processor.py:161} INFO - Started process (PID=13705) to work on /mnt/c/Users/Shivam Gupta/OneDrive/Documents/Shivam_Developement/data_engineering/data_engineering_project/batch-etl-pyspark/.venv/lib/python3.12/site-packages/airflow/example_dags/example_dag_decorator.py
[2025-07-16T19:32:17.029+0000] {processor.py:830} INFO - Processing file /mnt/c/Users/Shivam Gupta/OneDrive/Documents/Shivam_Developement/data_engineering/data_engineering_project/batch-etl-pyspark/.venv/lib/python3.12/site-packages/airflow/example_dags/example_dag_decorator.py for tasks to queue
[2025-07-16T19:32:17.031+0000] {logging_mixin.py:188} INFO - [2025-07-16T19:32:17.030+0000] {dagbag.py:545} INFO - Filling up the DagBag from /mnt/c/Users/Shivam Gupta/OneDrive/Documents/Shivam_Developement/data_engineering/data_engineering_project/batch-etl-pyspark/.venv/lib/python3.12/site-packages/airflow/example_dags/example_dag_decorator.py
[2025-07-16T19:32:17.277+0000] {processor.py:840} INFO - DAG(s) 'example_dag_decorator' retrieved from /mnt/c/Users/Shivam Gupta/OneDrive/Documents/Shivam_Developement/data_engineering/data_engineering_project/batch-etl-pyspark/.venv/lib/python3.12/site-packages/airflow/example_dags/example_dag_decorator.py
[2025-07-16T19:32:17.306+0000] {logging_mixin.py:188} INFO - [2025-07-16T19:32:17.305+0000] {dag.py:3096} INFO - Sync 1 DAGs
[2025-07-16T19:32:17.322+0000] {logging_mixin.py:188} INFO - [2025-07-16T19:32:17.321+0000] {dag.py:3954} INFO - Setting next_dagrun for example_dag_decorator to None, run_after=None
[2025-07-16T19:32:17.373+0000] {processor.py:183} INFO - Processing /mnt/c/Users/Shivam Gupta/OneDrive/Documents/Shivam_Developement/data_engineering/data_engineering_project/batch-etl-pyspark/.venv/lib/python3.12/site-packages/airflow/example_dags/example_dag_decorator.py took 0.355 seconds
[2025-07-16T19:33:22.651+0000] {processor.py:161} INFO - Started process (PID=13845) to work on /mnt/c/Users/Shivam Gupta/OneDrive/Documents/Shivam_Developement/data_engineering/data_engineering_project/batch-etl-pyspark/.venv/lib/python3.12/site-packages/airflow/example_dags/example_dag_decorator.py
[2025-07-16T19:33:22.654+0000] {processor.py:830} INFO - Processing file /mnt/c/Users/Shivam Gupta/OneDrive/Documents/Shivam_Developement/data_engineering/data_engineering_project/batch-etl-pyspark/.venv/lib/python3.12/site-packages/airflow/example_dags/example_dag_decorator.py for tasks to queue
[2025-07-16T19:33:22.658+0000] {logging_mixin.py:188} INFO - [2025-07-16T19:33:22.656+0000] {dagbag.py:545} INFO - Filling up the DagBag from /mnt/c/Users/Shivam Gupta/OneDrive/Documents/Shivam_Developement/data_engineering/data_engineering_project/batch-etl-pyspark/.venv/lib/python3.12/site-packages/airflow/example_dags/example_dag_decorator.py
[2025-07-16T19:33:22.904+0000] {processor.py:840} INFO - DAG(s) 'example_dag_decorator' retrieved from /mnt/c/Users/Shivam Gupta/OneDrive/Documents/Shivam_Developement/data_engineering/data_engineering_project/batch-etl-pyspark/.venv/lib/python3.12/site-packages/airflow/example_dags/example_dag_decorator.py
[2025-07-16T19:33:24.101+0000] {logging_mixin.py:188} INFO - [2025-07-16T19:33:24.099+0000] {dag.py:3096} INFO - Sync 1 DAGs
[2025-07-16T19:33:24.130+0000] {logging_mixin.py:188} INFO - [2025-07-16T19:33:24.126+0000] {dag.py:3954} INFO - Setting next_dagrun for example_dag_decorator to None, run_after=None
[2025-07-16T19:33:24.208+0000] {processor.py:183} INFO - Processing /mnt/c/Users/Shivam Gupta/OneDrive/Documents/Shivam_Developement/data_engineering/data_engineering_project/batch-etl-pyspark/.venv/lib/python3.12/site-packages/airflow/example_dags/example_dag_decorator.py took 1.572 seconds
[2025-07-16T19:34:37.121+0000] {processor.py:161} INFO - Started process (PID=13956) to work on /mnt/c/Users/Shivam Gupta/OneDrive/Documents/Shivam_Developement/data_engineering/data_engineering_project/batch-etl-pyspark/.venv/lib/python3.12/site-packages/airflow/example_dags/example_dag_decorator.py
[2025-07-16T19:34:37.123+0000] {processor.py:830} INFO - Processing file /mnt/c/Users/Shivam Gupta/OneDrive/Documents/Shivam_Developement/data_engineering/data_engineering_project/batch-etl-pyspark/.venv/lib/python3.12/site-packages/airflow/example_dags/example_dag_decorator.py for tasks to queue
[2025-07-16T19:34:37.126+0000] {logging_mixin.py:188} INFO - [2025-07-16T19:34:37.125+0000] {dagbag.py:545} INFO - Filling up the DagBag from /mnt/c/Users/Shivam Gupta/OneDrive/Documents/Shivam_Developement/data_engineering/data_engineering_project/batch-etl-pyspark/.venv/lib/python3.12/site-packages/airflow/example_dags/example_dag_decorator.py
[2025-07-16T19:34:37.336+0000] {processor.py:840} INFO - DAG(s) 'example_dag_decorator' retrieved from /mnt/c/Users/Shivam Gupta/OneDrive/Documents/Shivam_Developement/data_engineering/data_engineering_project/batch-etl-pyspark/.venv/lib/python3.12/site-packages/airflow/example_dags/example_dag_decorator.py
[2025-07-16T19:34:38.316+0000] {logging_mixin.py:188} INFO - [2025-07-16T19:34:38.315+0000] {dag.py:3096} INFO - Sync 1 DAGs
[2025-07-16T19:34:38.335+0000] {logging_mixin.py:188} INFO - [2025-07-16T19:34:38.332+0000] {dag.py:3954} INFO - Setting next_dagrun for example_dag_decorator to None, run_after=None
[2025-07-16T19:34:38.418+0000] {processor.py:183} INFO - Processing /mnt/c/Users/Shivam Gupta/OneDrive/Documents/Shivam_Developement/data_engineering/data_engineering_project/batch-etl-pyspark/.venv/lib/python3.12/site-packages/airflow/example_dags/example_dag_decorator.py took 1.308 seconds
[2025-07-16T19:35:50.869+0000] {processor.py:161} INFO - Started process (PID=14114) to work on /mnt/c/Users/Shivam Gupta/OneDrive/Documents/Shivam_Developement/data_engineering/data_engineering_project/batch-etl-pyspark/.venv/lib/python3.12/site-packages/airflow/example_dags/example_dag_decorator.py
[2025-07-16T19:35:50.871+0000] {processor.py:830} INFO - Processing file /mnt/c/Users/Shivam Gupta/OneDrive/Documents/Shivam_Developement/data_engineering/data_engineering_project/batch-etl-pyspark/.venv/lib/python3.12/site-packages/airflow/example_dags/example_dag_decorator.py for tasks to queue
[2025-07-16T19:35:50.874+0000] {logging_mixin.py:188} INFO - [2025-07-16T19:35:50.873+0000] {dagbag.py:545} INFO - Filling up the DagBag from /mnt/c/Users/Shivam Gupta/OneDrive/Documents/Shivam_Developement/data_engineering/data_engineering_project/batch-etl-pyspark/.venv/lib/python3.12/site-packages/airflow/example_dags/example_dag_decorator.py
[2025-07-16T19:35:51.238+0000] {processor.py:840} INFO - DAG(s) 'example_dag_decorator' retrieved from /mnt/c/Users/Shivam Gupta/OneDrive/Documents/Shivam_Developement/data_engineering/data_engineering_project/batch-etl-pyspark/.venv/lib/python3.12/site-packages/airflow/example_dags/example_dag_decorator.py
[2025-07-16T19:35:52.421+0000] {logging_mixin.py:188} INFO - [2025-07-16T19:35:52.420+0000] {dag.py:3096} INFO - Sync 1 DAGs
[2025-07-16T19:35:52.436+0000] {logging_mixin.py:188} INFO - [2025-07-16T19:35:52.435+0000] {dag.py:3954} INFO - Setting next_dagrun for example_dag_decorator to None, run_after=None
[2025-07-16T19:35:52.509+0000] {processor.py:183} INFO - Processing /mnt/c/Users/Shivam Gupta/OneDrive/Documents/Shivam_Developement/data_engineering/data_engineering_project/batch-etl-pyspark/.venv/lib/python3.12/site-packages/airflow/example_dags/example_dag_decorator.py took 1.654 seconds
[2025-07-16T19:49:33.641+0000] {processor.py:161} INFO - Started process (PID=15115) to work on /mnt/c/Users/Shivam Gupta/OneDrive/Documents/Shivam_Developement/data_engineering/data_engineering_project/batch-etl-pyspark/.venv/lib/python3.12/site-packages/airflow/example_dags/example_dag_decorator.py
[2025-07-16T19:49:33.643+0000] {processor.py:830} INFO - Processing file /mnt/c/Users/Shivam Gupta/OneDrive/Documents/Shivam_Developement/data_engineering/data_engineering_project/batch-etl-pyspark/.venv/lib/python3.12/site-packages/airflow/example_dags/example_dag_decorator.py for tasks to queue
[2025-07-16T19:49:33.646+0000] {logging_mixin.py:188} INFO - [2025-07-16T19:49:33.645+0000] {dagbag.py:545} INFO - Filling up the DagBag from /mnt/c/Users/Shivam Gupta/OneDrive/Documents/Shivam_Developement/data_engineering/data_engineering_project/batch-etl-pyspark/.venv/lib/python3.12/site-packages/airflow/example_dags/example_dag_decorator.py
[2025-07-16T19:49:33.873+0000] {processor.py:840} INFO - DAG(s) 'example_dag_decorator' retrieved from /mnt/c/Users/Shivam Gupta/OneDrive/Documents/Shivam_Developement/data_engineering/data_engineering_project/batch-etl-pyspark/.venv/lib/python3.12/site-packages/airflow/example_dags/example_dag_decorator.py
[2025-07-16T19:49:34.970+0000] {logging_mixin.py:188} INFO - [2025-07-16T19:49:34.969+0000] {dag.py:3096} INFO - Sync 1 DAGs
[2025-07-16T19:49:34.983+0000] {logging_mixin.py:188} INFO - [2025-07-16T19:49:34.982+0000] {dag.py:3954} INFO - Setting next_dagrun for example_dag_decorator to None, run_after=None
[2025-07-16T19:49:35.039+0000] {processor.py:183} INFO - Processing /mnt/c/Users/Shivam Gupta/OneDrive/Documents/Shivam_Developement/data_engineering/data_engineering_project/batch-etl-pyspark/.venv/lib/python3.12/site-packages/airflow/example_dags/example_dag_decorator.py took 1.408 seconds
[2025-07-16T19:51:00.640+0000] {processor.py:161} INFO - Started process (PID=15225) to work on /mnt/c/Users/Shivam Gupta/OneDrive/Documents/Shivam_Developement/data_engineering/data_engineering_project/batch-etl-pyspark/.venv/lib/python3.12/site-packages/airflow/example_dags/example_dag_decorator.py
[2025-07-16T19:51:00.642+0000] {processor.py:830} INFO - Processing file /mnt/c/Users/Shivam Gupta/OneDrive/Documents/Shivam_Developement/data_engineering/data_engineering_project/batch-etl-pyspark/.venv/lib/python3.12/site-packages/airflow/example_dags/example_dag_decorator.py for tasks to queue
[2025-07-16T19:51:00.646+0000] {logging_mixin.py:188} INFO - [2025-07-16T19:51:00.645+0000] {dagbag.py:545} INFO - Filling up the DagBag from /mnt/c/Users/Shivam Gupta/OneDrive/Documents/Shivam_Developement/data_engineering/data_engineering_project/batch-etl-pyspark/.venv/lib/python3.12/site-packages/airflow/example_dags/example_dag_decorator.py
[2025-07-16T19:51:01.031+0000] {processor.py:840} INFO - DAG(s) 'example_dag_decorator' retrieved from /mnt/c/Users/Shivam Gupta/OneDrive/Documents/Shivam_Developement/data_engineering/data_engineering_project/batch-etl-pyspark/.venv/lib/python3.12/site-packages/airflow/example_dags/example_dag_decorator.py
[2025-07-16T19:51:03.102+0000] {logging_mixin.py:188} INFO - [2025-07-16T19:51:03.101+0000] {dag.py:3096} INFO - Sync 1 DAGs
[2025-07-16T19:51:03.122+0000] {logging_mixin.py:188} INFO - [2025-07-16T19:51:03.121+0000] {dag.py:3954} INFO - Setting next_dagrun for example_dag_decorator to None, run_after=None
[2025-07-16T19:51:03.198+0000] {processor.py:183} INFO - Processing /mnt/c/Users/Shivam Gupta/OneDrive/Documents/Shivam_Developement/data_engineering/data_engineering_project/batch-etl-pyspark/.venv/lib/python3.12/site-packages/airflow/example_dags/example_dag_decorator.py took 2.572 seconds
[2025-07-16T19:52:27.754+0000] {processor.py:161} INFO - Started process (PID=15326) to work on /mnt/c/Users/Shivam Gupta/OneDrive/Documents/Shivam_Developement/data_engineering/data_engineering_project/batch-etl-pyspark/.venv/lib/python3.12/site-packages/airflow/example_dags/example_dag_decorator.py
[2025-07-16T19:52:27.757+0000] {processor.py:830} INFO - Processing file /mnt/c/Users/Shivam Gupta/OneDrive/Documents/Shivam_Developement/data_engineering/data_engineering_project/batch-etl-pyspark/.venv/lib/python3.12/site-packages/airflow/example_dags/example_dag_decorator.py for tasks to queue
[2025-07-16T19:52:27.762+0000] {logging_mixin.py:188} INFO - [2025-07-16T19:52:27.760+0000] {dagbag.py:545} INFO - Filling up the DagBag from /mnt/c/Users/Shivam Gupta/OneDrive/Documents/Shivam_Developement/data_engineering/data_engineering_project/batch-etl-pyspark/.venv/lib/python3.12/site-packages/airflow/example_dags/example_dag_decorator.py
[2025-07-16T19:52:28.237+0000] {processor.py:840} INFO - DAG(s) 'example_dag_decorator' retrieved from /mnt/c/Users/Shivam Gupta/OneDrive/Documents/Shivam_Developement/data_engineering/data_engineering_project/batch-etl-pyspark/.venv/lib/python3.12/site-packages/airflow/example_dags/example_dag_decorator.py
[2025-07-16T19:52:30.126+0000] {logging_mixin.py:188} INFO - [2025-07-16T19:52:30.124+0000] {dag.py:3096} INFO - Sync 1 DAGs
[2025-07-16T19:52:30.146+0000] {logging_mixin.py:188} INFO - [2025-07-16T19:52:30.143+0000] {dag.py:3954} INFO - Setting next_dagrun for example_dag_decorator to None, run_after=None
[2025-07-16T19:52:30.266+0000] {processor.py:183} INFO - Processing /mnt/c/Users/Shivam Gupta/OneDrive/Documents/Shivam_Developement/data_engineering/data_engineering_project/batch-etl-pyspark/.venv/lib/python3.12/site-packages/airflow/example_dags/example_dag_decorator.py took 2.529 seconds
