[2025-07-16T17:47:21.630+0000] {processor.py:161} INFO - Started process (PID=5772) to work on /mnt/c/Users/Shivam Gupta/OneDrive/Documents/Shivam_Developement/data_engineering/data_engineering_project/batch-etl-pyspark/.venv/lib/python3.12/site-packages/airflow/example_dags/example_params_trigger_ui.py
[2025-07-16T17:47:21.633+0000] {processor.py:830} INFO - Processing file /mnt/c/Users/Shivam Gupta/OneDrive/Documents/Shivam_Developement/data_engineering/data_engineering_project/batch-etl-pyspark/.venv/lib/python3.12/site-packages/airflow/example_dags/example_params_trigger_ui.py for tasks to queue
[2025-07-16T17:47:21.640+0000] {logging_mixin.py:188} INFO - [2025-07-16T17:47:21.639+0000] {dagbag.py:545} INFO - Filling up the DagBag from /mnt/c/Users/Shivam Gupta/OneDrive/Documents/Shivam_Developement/data_engineering/data_engineering_project/batch-etl-pyspark/.venv/lib/python3.12/site-packages/airflow/example_dags/example_params_trigger_ui.py
[2025-07-16T17:47:21.683+0000] {processor.py:840} INFO - DAG(s) 'example_params_trigger_ui' retrieved from /mnt/c/Users/Shivam Gupta/OneDrive/Documents/Shivam_Developement/data_engineering/data_engineering_project/batch-etl-pyspark/.venv/lib/python3.12/site-packages/airflow/example_dags/example_params_trigger_ui.py
[2025-07-16T17:47:23.244+0000] {logging_mixin.py:188} INFO - [2025-07-16T17:47:23.242+0000] {override.py:1930} INFO - Created Permission View: can read on DAG:example_params_trigger_ui
[2025-07-16T17:47:23.287+0000] {logging_mixin.py:188} INFO - [2025-07-16T17:47:23.286+0000] {override.py:1930} INFO - Created Permission View: can edit on DAG:example_params_trigger_ui
[2025-07-16T17:47:23.326+0000] {logging_mixin.py:188} INFO - [2025-07-16T17:47:23.324+0000] {override.py:1930} INFO - Created Permission View: can delete on DAG:example_params_trigger_ui
[2025-07-16T17:47:23.330+0000] {logging_mixin.py:188} INFO - [2025-07-16T17:47:23.329+0000] {dag.py:3096} INFO - Sync 1 DAGs
[2025-07-16T17:47:23.350+0000] {logging_mixin.py:188} INFO - [2025-07-16T17:47:23.349+0000] {dag.py:3118} INFO - Creating ORM DAG for example_params_trigger_ui
[2025-07-16T17:47:23.353+0000] {logging_mixin.py:188} INFO - [2025-07-16T17:47:23.352+0000] {dag.py:3954} INFO - Setting next_dagrun for example_params_trigger_ui to None, run_after=None
[2025-07-16T17:47:23.427+0000] {processor.py:183} INFO - Processing /mnt/c/Users/Shivam Gupta/OneDrive/Documents/Shivam_Developement/data_engineering/data_engineering_project/batch-etl-pyspark/.venv/lib/python3.12/site-packages/airflow/example_dags/example_params_trigger_ui.py took 1.812 seconds
[2025-07-16T17:49:02.249+0000] {processor.py:161} INFO - Started process (PID=5844) to work on /mnt/c/Users/Shivam Gupta/OneDrive/Documents/Shivam_Developement/data_engineering/data_engineering_project/batch-etl-pyspark/.venv/lib/python3.12/site-packages/airflow/example_dags/example_params_trigger_ui.py
[2025-07-16T17:49:02.251+0000] {processor.py:830} INFO - Processing file /mnt/c/Users/Shivam Gupta/OneDrive/Documents/Shivam_Developement/data_engineering/data_engineering_project/batch-etl-pyspark/.venv/lib/python3.12/site-packages/airflow/example_dags/example_params_trigger_ui.py for tasks to queue
[2025-07-16T17:49:02.255+0000] {logging_mixin.py:188} INFO - [2025-07-16T17:49:02.254+0000] {dagbag.py:545} INFO - Filling up the DagBag from /mnt/c/Users/Shivam Gupta/OneDrive/Documents/Shivam_Developement/data_engineering/data_engineering_project/batch-etl-pyspark/.venv/lib/python3.12/site-packages/airflow/example_dags/example_params_trigger_ui.py
[2025-07-16T17:49:02.304+0000] {processor.py:840} INFO - DAG(s) 'example_params_trigger_ui' retrieved from /mnt/c/Users/Shivam Gupta/OneDrive/Documents/Shivam_Developement/data_engineering/data_engineering_project/batch-etl-pyspark/.venv/lib/python3.12/site-packages/airflow/example_dags/example_params_trigger_ui.py
[2025-07-16T17:49:02.385+0000] {logging_mixin.py:188} INFO - [2025-07-16T17:49:02.383+0000] {dag.py:3096} INFO - Sync 1 DAGs
[2025-07-16T17:49:02.403+0000] {logging_mixin.py:188} INFO - [2025-07-16T17:49:02.401+0000] {dag.py:3954} INFO - Setting next_dagrun for example_params_trigger_ui to None, run_after=None
[2025-07-16T17:49:02.457+0000] {processor.py:183} INFO - Processing /mnt/c/Users/Shivam Gupta/OneDrive/Documents/Shivam_Developement/data_engineering/data_engineering_project/batch-etl-pyspark/.venv/lib/python3.12/site-packages/airflow/example_dags/example_params_trigger_ui.py took 0.220 seconds
[2025-07-16T17:50:35.729+0000] {processor.py:161} INFO - Started process (PID=5937) to work on /mnt/c/Users/Shivam Gupta/OneDrive/Documents/Shivam_Developement/data_engineering/data_engineering_project/batch-etl-pyspark/.venv/lib/python3.12/site-packages/airflow/example_dags/example_params_trigger_ui.py
[2025-07-16T17:50:35.731+0000] {processor.py:830} INFO - Processing file /mnt/c/Users/Shivam Gupta/OneDrive/Documents/Shivam_Developement/data_engineering/data_engineering_project/batch-etl-pyspark/.venv/lib/python3.12/site-packages/airflow/example_dags/example_params_trigger_ui.py for tasks to queue
[2025-07-16T17:50:35.732+0000] {logging_mixin.py:188} INFO - [2025-07-16T17:50:35.732+0000] {dagbag.py:545} INFO - Filling up the DagBag from /mnt/c/Users/Shivam Gupta/OneDrive/Documents/Shivam_Developement/data_engineering/data_engineering_project/batch-etl-pyspark/.venv/lib/python3.12/site-packages/airflow/example_dags/example_params_trigger_ui.py
[2025-07-16T17:50:35.753+0000] {processor.py:840} INFO - DAG(s) 'example_params_trigger_ui' retrieved from /mnt/c/Users/Shivam Gupta/OneDrive/Documents/Shivam_Developement/data_engineering/data_engineering_project/batch-etl-pyspark/.venv/lib/python3.12/site-packages/airflow/example_dags/example_params_trigger_ui.py
[2025-07-16T17:50:35.786+0000] {logging_mixin.py:188} INFO - [2025-07-16T17:50:35.785+0000] {dag.py:3096} INFO - Sync 1 DAGs
[2025-07-16T17:50:35.796+0000] {logging_mixin.py:188} INFO - [2025-07-16T17:50:35.795+0000] {dag.py:3954} INFO - Setting next_dagrun for example_params_trigger_ui to None, run_after=None
[2025-07-16T17:50:35.847+0000] {processor.py:183} INFO - Processing /mnt/c/Users/Shivam Gupta/OneDrive/Documents/Shivam_Developement/data_engineering/data_engineering_project/batch-etl-pyspark/.venv/lib/python3.12/site-packages/airflow/example_dags/example_params_trigger_ui.py took 0.125 seconds
[2025-07-16T17:51:54.461+0000] {processor.py:161} INFO - Started process (PID=6025) to work on /mnt/c/Users/Shivam Gupta/OneDrive/Documents/Shivam_Developement/data_engineering/data_engineering_project/batch-etl-pyspark/.venv/lib/python3.12/site-packages/airflow/example_dags/example_params_trigger_ui.py
[2025-07-16T17:51:54.462+0000] {processor.py:830} INFO - Processing file /mnt/c/Users/Shivam Gupta/OneDrive/Documents/Shivam_Developement/data_engineering/data_engineering_project/batch-etl-pyspark/.venv/lib/python3.12/site-packages/airflow/example_dags/example_params_trigger_ui.py for tasks to queue
[2025-07-16T17:51:54.465+0000] {logging_mixin.py:188} INFO - [2025-07-16T17:51:54.464+0000] {dagbag.py:545} INFO - Filling up the DagBag from /mnt/c/Users/Shivam Gupta/OneDrive/Documents/Shivam_Developement/data_engineering/data_engineering_project/batch-etl-pyspark/.venv/lib/python3.12/site-packages/airflow/example_dags/example_params_trigger_ui.py
[2025-07-16T17:51:54.504+0000] {processor.py:840} INFO - DAG(s) 'example_params_trigger_ui' retrieved from /mnt/c/Users/Shivam Gupta/OneDrive/Documents/Shivam_Developement/data_engineering/data_engineering_project/batch-etl-pyspark/.venv/lib/python3.12/site-packages/airflow/example_dags/example_params_trigger_ui.py
[2025-07-16T17:51:54.554+0000] {logging_mixin.py:188} INFO - [2025-07-16T17:51:54.552+0000] {dag.py:3096} INFO - Sync 1 DAGs
[2025-07-16T17:51:54.570+0000] {logging_mixin.py:188} INFO - [2025-07-16T17:51:54.569+0000] {dag.py:3954} INFO - Setting next_dagrun for example_params_trigger_ui to None, run_after=None
[2025-07-16T17:51:54.624+0000] {processor.py:183} INFO - Processing /mnt/c/Users/Shivam Gupta/OneDrive/Documents/Shivam_Developement/data_engineering/data_engineering_project/batch-etl-pyspark/.venv/lib/python3.12/site-packages/airflow/example_dags/example_params_trigger_ui.py took 0.175 seconds
[2025-07-16T17:53:11.232+0000] {processor.py:161} INFO - Started process (PID=6096) to work on /mnt/c/Users/Shivam Gupta/OneDrive/Documents/Shivam_Developement/data_engineering/data_engineering_project/batch-etl-pyspark/.venv/lib/python3.12/site-packages/airflow/example_dags/example_params_trigger_ui.py
[2025-07-16T17:53:11.234+0000] {processor.py:830} INFO - Processing file /mnt/c/Users/Shivam Gupta/OneDrive/Documents/Shivam_Developement/data_engineering/data_engineering_project/batch-etl-pyspark/.venv/lib/python3.12/site-packages/airflow/example_dags/example_params_trigger_ui.py for tasks to queue
[2025-07-16T17:53:11.236+0000] {logging_mixin.py:188} INFO - [2025-07-16T17:53:11.235+0000] {dagbag.py:545} INFO - Filling up the DagBag from /mnt/c/Users/Shivam Gupta/OneDrive/Documents/Shivam_Developement/data_engineering/data_engineering_project/batch-etl-pyspark/.venv/lib/python3.12/site-packages/airflow/example_dags/example_params_trigger_ui.py
[2025-07-16T17:53:11.265+0000] {processor.py:840} INFO - DAG(s) 'example_params_trigger_ui' retrieved from /mnt/c/Users/Shivam Gupta/OneDrive/Documents/Shivam_Developement/data_engineering/data_engineering_project/batch-etl-pyspark/.venv/lib/python3.12/site-packages/airflow/example_dags/example_params_trigger_ui.py
[2025-07-16T17:53:11.306+0000] {logging_mixin.py:188} INFO - [2025-07-16T17:53:11.305+0000] {dag.py:3096} INFO - Sync 1 DAGs
[2025-07-16T17:53:11.321+0000] {logging_mixin.py:188} INFO - [2025-07-16T17:53:11.320+0000] {dag.py:3954} INFO - Setting next_dagrun for example_params_trigger_ui to None, run_after=None
[2025-07-16T17:53:11.390+0000] {processor.py:183} INFO - Processing /mnt/c/Users/Shivam Gupta/OneDrive/Documents/Shivam_Developement/data_engineering/data_engineering_project/batch-etl-pyspark/.venv/lib/python3.12/site-packages/airflow/example_dags/example_params_trigger_ui.py took 0.168 seconds
[2025-07-16T17:54:44.336+0000] {processor.py:161} INFO - Started process (PID=6185) to work on /mnt/c/Users/Shivam Gupta/OneDrive/Documents/Shivam_Developement/data_engineering/data_engineering_project/batch-etl-pyspark/.venv/lib/python3.12/site-packages/airflow/example_dags/example_params_trigger_ui.py
[2025-07-16T17:54:44.338+0000] {processor.py:830} INFO - Processing file /mnt/c/Users/Shivam Gupta/OneDrive/Documents/Shivam_Developement/data_engineering/data_engineering_project/batch-etl-pyspark/.venv/lib/python3.12/site-packages/airflow/example_dags/example_params_trigger_ui.py for tasks to queue
[2025-07-16T17:54:44.340+0000] {logging_mixin.py:188} INFO - [2025-07-16T17:54:44.339+0000] {dagbag.py:545} INFO - Filling up the DagBag from /mnt/c/Users/Shivam Gupta/OneDrive/Documents/Shivam_Developement/data_engineering/data_engineering_project/batch-etl-pyspark/.venv/lib/python3.12/site-packages/airflow/example_dags/example_params_trigger_ui.py
[2025-07-16T17:54:44.369+0000] {processor.py:840} INFO - DAG(s) 'example_params_trigger_ui' retrieved from /mnt/c/Users/Shivam Gupta/OneDrive/Documents/Shivam_Developement/data_engineering/data_engineering_project/batch-etl-pyspark/.venv/lib/python3.12/site-packages/airflow/example_dags/example_params_trigger_ui.py
[2025-07-16T17:54:44.401+0000] {logging_mixin.py:188} INFO - [2025-07-16T17:54:44.400+0000] {dag.py:3096} INFO - Sync 1 DAGs
[2025-07-16T17:54:44.410+0000] {logging_mixin.py:188} INFO - [2025-07-16T17:54:44.410+0000] {dag.py:3954} INFO - Setting next_dagrun for example_params_trigger_ui to None, run_after=None
[2025-07-16T17:54:44.461+0000] {processor.py:183} INFO - Processing /mnt/c/Users/Shivam Gupta/OneDrive/Documents/Shivam_Developement/data_engineering/data_engineering_project/batch-etl-pyspark/.venv/lib/python3.12/site-packages/airflow/example_dags/example_params_trigger_ui.py took 0.135 seconds
[2025-07-16T17:56:15.458+0000] {processor.py:161} INFO - Started process (PID=6273) to work on /mnt/c/Users/Shivam Gupta/OneDrive/Documents/Shivam_Developement/data_engineering/data_engineering_project/batch-etl-pyspark/.venv/lib/python3.12/site-packages/airflow/example_dags/example_params_trigger_ui.py
[2025-07-16T17:56:15.469+0000] {processor.py:830} INFO - Processing file /mnt/c/Users/Shivam Gupta/OneDrive/Documents/Shivam_Developement/data_engineering/data_engineering_project/batch-etl-pyspark/.venv/lib/python3.12/site-packages/airflow/example_dags/example_params_trigger_ui.py for tasks to queue
[2025-07-16T17:56:15.497+0000] {logging_mixin.py:188} INFO - [2025-07-16T17:56:15.490+0000] {dagbag.py:545} INFO - Filling up the DagBag from /mnt/c/Users/Shivam Gupta/OneDrive/Documents/Shivam_Developement/data_engineering/data_engineering_project/batch-etl-pyspark/.venv/lib/python3.12/site-packages/airflow/example_dags/example_params_trigger_ui.py
[2025-07-16T17:56:15.571+0000] {processor.py:840} INFO - DAG(s) 'example_params_trigger_ui' retrieved from /mnt/c/Users/Shivam Gupta/OneDrive/Documents/Shivam_Developement/data_engineering/data_engineering_project/batch-etl-pyspark/.venv/lib/python3.12/site-packages/airflow/example_dags/example_params_trigger_ui.py
[2025-07-16T17:56:15.654+0000] {logging_mixin.py:188} INFO - [2025-07-16T17:56:15.650+0000] {dag.py:3096} INFO - Sync 1 DAGs
[2025-07-16T17:56:15.690+0000] {logging_mixin.py:188} INFO - [2025-07-16T17:56:15.689+0000] {dag.py:3954} INFO - Setting next_dagrun for example_params_trigger_ui to None, run_after=None
[2025-07-16T17:56:15.850+0000] {processor.py:183} INFO - Processing /mnt/c/Users/Shivam Gupta/OneDrive/Documents/Shivam_Developement/data_engineering/data_engineering_project/batch-etl-pyspark/.venv/lib/python3.12/site-packages/airflow/example_dags/example_params_trigger_ui.py took 0.414 seconds
[2025-07-16T18:02:43.118+0000] {processor.py:161} INFO - Started process (PID=6745) to work on /mnt/c/Users/Shivam Gupta/OneDrive/Documents/Shivam_Developement/data_engineering/data_engineering_project/batch-etl-pyspark/.venv/lib/python3.12/site-packages/airflow/example_dags/example_params_trigger_ui.py
[2025-07-16T18:02:43.121+0000] {processor.py:830} INFO - Processing file /mnt/c/Users/Shivam Gupta/OneDrive/Documents/Shivam_Developement/data_engineering/data_engineering_project/batch-etl-pyspark/.venv/lib/python3.12/site-packages/airflow/example_dags/example_params_trigger_ui.py for tasks to queue
[2025-07-16T18:02:43.125+0000] {logging_mixin.py:188} INFO - [2025-07-16T18:02:43.124+0000] {dagbag.py:545} INFO - Filling up the DagBag from /mnt/c/Users/Shivam Gupta/OneDrive/Documents/Shivam_Developement/data_engineering/data_engineering_project/batch-etl-pyspark/.venv/lib/python3.12/site-packages/airflow/example_dags/example_params_trigger_ui.py
[2025-07-16T18:02:43.163+0000] {processor.py:840} INFO - DAG(s) 'example_params_trigger_ui' retrieved from /mnt/c/Users/Shivam Gupta/OneDrive/Documents/Shivam_Developement/data_engineering/data_engineering_project/batch-etl-pyspark/.venv/lib/python3.12/site-packages/airflow/example_dags/example_params_trigger_ui.py
[2025-07-16T18:02:43.233+0000] {logging_mixin.py:188} INFO - [2025-07-16T18:02:43.232+0000] {dag.py:3096} INFO - Sync 1 DAGs
[2025-07-16T18:02:43.249+0000] {logging_mixin.py:188} INFO - [2025-07-16T18:02:43.248+0000] {dag.py:3954} INFO - Setting next_dagrun for example_params_trigger_ui to None, run_after=None
[2025-07-16T18:02:43.328+0000] {processor.py:183} INFO - Processing /mnt/c/Users/Shivam Gupta/OneDrive/Documents/Shivam_Developement/data_engineering/data_engineering_project/batch-etl-pyspark/.venv/lib/python3.12/site-packages/airflow/example_dags/example_params_trigger_ui.py took 0.226 seconds
[2025-07-16T18:04:04.360+0000] {processor.py:161} INFO - Started process (PID=6812) to work on /mnt/c/Users/Shivam Gupta/OneDrive/Documents/Shivam_Developement/data_engineering/data_engineering_project/batch-etl-pyspark/.venv/lib/python3.12/site-packages/airflow/example_dags/example_params_trigger_ui.py
[2025-07-16T18:04:04.363+0000] {processor.py:830} INFO - Processing file /mnt/c/Users/Shivam Gupta/OneDrive/Documents/Shivam_Developement/data_engineering/data_engineering_project/batch-etl-pyspark/.venv/lib/python3.12/site-packages/airflow/example_dags/example_params_trigger_ui.py for tasks to queue
[2025-07-16T18:04:04.367+0000] {logging_mixin.py:188} INFO - [2025-07-16T18:04:04.365+0000] {dagbag.py:545} INFO - Filling up the DagBag from /mnt/c/Users/Shivam Gupta/OneDrive/Documents/Shivam_Developement/data_engineering/data_engineering_project/batch-etl-pyspark/.venv/lib/python3.12/site-packages/airflow/example_dags/example_params_trigger_ui.py
[2025-07-16T18:04:04.412+0000] {processor.py:840} INFO - DAG(s) 'example_params_trigger_ui' retrieved from /mnt/c/Users/Shivam Gupta/OneDrive/Documents/Shivam_Developement/data_engineering/data_engineering_project/batch-etl-pyspark/.venv/lib/python3.12/site-packages/airflow/example_dags/example_params_trigger_ui.py
[2025-07-16T18:04:04.487+0000] {logging_mixin.py:188} INFO - [2025-07-16T18:04:04.485+0000] {dag.py:3096} INFO - Sync 1 DAGs
[2025-07-16T18:04:04.517+0000] {logging_mixin.py:188} INFO - [2025-07-16T18:04:04.505+0000] {dag.py:3954} INFO - Setting next_dagrun for example_params_trigger_ui to None, run_after=None
[2025-07-16T18:04:04.792+0000] {processor.py:183} INFO - Processing /mnt/c/Users/Shivam Gupta/OneDrive/Documents/Shivam_Developement/data_engineering/data_engineering_project/batch-etl-pyspark/.venv/lib/python3.12/site-packages/airflow/example_dags/example_params_trigger_ui.py took 0.446 seconds
[2025-07-16T18:38:34.010+0000] {processor.py:161} INFO - Started process (PID=8692) to work on /mnt/c/Users/Shivam Gupta/OneDrive/Documents/Shivam_Developement/data_engineering/data_engineering_project/batch-etl-pyspark/.venv/lib/python3.12/site-packages/airflow/example_dags/example_params_trigger_ui.py
[2025-07-16T18:38:34.011+0000] {processor.py:830} INFO - Processing file /mnt/c/Users/Shivam Gupta/OneDrive/Documents/Shivam_Developement/data_engineering/data_engineering_project/batch-etl-pyspark/.venv/lib/python3.12/site-packages/airflow/example_dags/example_params_trigger_ui.py for tasks to queue
[2025-07-16T18:38:34.014+0000] {logging_mixin.py:188} INFO - [2025-07-16T18:38:34.013+0000] {dagbag.py:545} INFO - Filling up the DagBag from /mnt/c/Users/Shivam Gupta/OneDrive/Documents/Shivam_Developement/data_engineering/data_engineering_project/batch-etl-pyspark/.venv/lib/python3.12/site-packages/airflow/example_dags/example_params_trigger_ui.py
[2025-07-16T18:38:34.045+0000] {processor.py:840} INFO - DAG(s) 'example_params_trigger_ui' retrieved from /mnt/c/Users/Shivam Gupta/OneDrive/Documents/Shivam_Developement/data_engineering/data_engineering_project/batch-etl-pyspark/.venv/lib/python3.12/site-packages/airflow/example_dags/example_params_trigger_ui.py
[2025-07-16T18:38:34.114+0000] {logging_mixin.py:188} INFO - [2025-07-16T18:38:34.113+0000] {dag.py:3096} INFO - Sync 1 DAGs
[2025-07-16T18:38:34.138+0000] {logging_mixin.py:188} INFO - [2025-07-16T18:38:34.136+0000] {dag.py:3954} INFO - Setting next_dagrun for example_params_trigger_ui to None, run_after=None
[2025-07-16T18:38:34.229+0000] {processor.py:183} INFO - Processing /mnt/c/Users/Shivam Gupta/OneDrive/Documents/Shivam_Developement/data_engineering/data_engineering_project/batch-etl-pyspark/.venv/lib/python3.12/site-packages/airflow/example_dags/example_params_trigger_ui.py took 0.229 seconds
[2025-07-16T18:52:40.871+0000] {processor.py:161} INFO - Started process (PID=9392) to work on /mnt/c/Users/Shivam Gupta/OneDrive/Documents/Shivam_Developement/data_engineering/data_engineering_project/batch-etl-pyspark/.venv/lib/python3.12/site-packages/airflow/example_dags/example_params_trigger_ui.py
[2025-07-16T18:52:40.873+0000] {processor.py:830} INFO - Processing file /mnt/c/Users/Shivam Gupta/OneDrive/Documents/Shivam_Developement/data_engineering/data_engineering_project/batch-etl-pyspark/.venv/lib/python3.12/site-packages/airflow/example_dags/example_params_trigger_ui.py for tasks to queue
[2025-07-16T18:52:40.875+0000] {logging_mixin.py:188} INFO - [2025-07-16T18:52:40.874+0000] {dagbag.py:545} INFO - Filling up the DagBag from /mnt/c/Users/Shivam Gupta/OneDrive/Documents/Shivam_Developement/data_engineering/data_engineering_project/batch-etl-pyspark/.venv/lib/python3.12/site-packages/airflow/example_dags/example_params_trigger_ui.py
[2025-07-16T18:52:40.898+0000] {processor.py:840} INFO - DAG(s) 'example_params_trigger_ui' retrieved from /mnt/c/Users/Shivam Gupta/OneDrive/Documents/Shivam_Developement/data_engineering/data_engineering_project/batch-etl-pyspark/.venv/lib/python3.12/site-packages/airflow/example_dags/example_params_trigger_ui.py
[2025-07-16T18:52:40.942+0000] {logging_mixin.py:188} INFO - [2025-07-16T18:52:40.941+0000] {dag.py:3096} INFO - Sync 1 DAGs
[2025-07-16T18:52:40.952+0000] {logging_mixin.py:188} INFO - [2025-07-16T18:52:40.952+0000] {dag.py:3954} INFO - Setting next_dagrun for example_params_trigger_ui to None, run_after=None
[2025-07-16T18:52:41.004+0000] {processor.py:183} INFO - Processing /mnt/c/Users/Shivam Gupta/OneDrive/Documents/Shivam_Developement/data_engineering/data_engineering_project/batch-etl-pyspark/.venv/lib/python3.12/site-packages/airflow/example_dags/example_params_trigger_ui.py took 0.143 seconds
[2025-07-16T18:54:06.883+0000] {processor.py:161} INFO - Started process (PID=9481) to work on /mnt/c/Users/Shivam Gupta/OneDrive/Documents/Shivam_Developement/data_engineering/data_engineering_project/batch-etl-pyspark/.venv/lib/python3.12/site-packages/airflow/example_dags/example_params_trigger_ui.py
[2025-07-16T18:54:06.885+0000] {processor.py:830} INFO - Processing file /mnt/c/Users/Shivam Gupta/OneDrive/Documents/Shivam_Developement/data_engineering/data_engineering_project/batch-etl-pyspark/.venv/lib/python3.12/site-packages/airflow/example_dags/example_params_trigger_ui.py for tasks to queue
[2025-07-16T18:54:06.889+0000] {logging_mixin.py:188} INFO - [2025-07-16T18:54:06.888+0000] {dagbag.py:545} INFO - Filling up the DagBag from /mnt/c/Users/Shivam Gupta/OneDrive/Documents/Shivam_Developement/data_engineering/data_engineering_project/batch-etl-pyspark/.venv/lib/python3.12/site-packages/airflow/example_dags/example_params_trigger_ui.py
[2025-07-16T18:54:06.929+0000] {processor.py:840} INFO - DAG(s) 'example_params_trigger_ui' retrieved from /mnt/c/Users/Shivam Gupta/OneDrive/Documents/Shivam_Developement/data_engineering/data_engineering_project/batch-etl-pyspark/.venv/lib/python3.12/site-packages/airflow/example_dags/example_params_trigger_ui.py
[2025-07-16T18:54:07.008+0000] {logging_mixin.py:188} INFO - [2025-07-16T18:54:07.005+0000] {dag.py:3096} INFO - Sync 1 DAGs
[2025-07-16T18:54:07.032+0000] {logging_mixin.py:188} INFO - [2025-07-16T18:54:07.030+0000] {dag.py:3954} INFO - Setting next_dagrun for example_params_trigger_ui to None, run_after=None
[2025-07-16T18:54:07.140+0000] {processor.py:183} INFO - Processing /mnt/c/Users/Shivam Gupta/OneDrive/Documents/Shivam_Developement/data_engineering/data_engineering_project/batch-etl-pyspark/.venv/lib/python3.12/site-packages/airflow/example_dags/example_params_trigger_ui.py took 0.270 seconds
[2025-07-16T18:55:29.592+0000] {processor.py:161} INFO - Started process (PID=9722) to work on /mnt/c/Users/Shivam Gupta/OneDrive/Documents/Shivam_Developement/data_engineering/data_engineering_project/batch-etl-pyspark/.venv/lib/python3.12/site-packages/airflow/example_dags/example_params_trigger_ui.py
[2025-07-16T18:55:29.593+0000] {processor.py:830} INFO - Processing file /mnt/c/Users/Shivam Gupta/OneDrive/Documents/Shivam_Developement/data_engineering/data_engineering_project/batch-etl-pyspark/.venv/lib/python3.12/site-packages/airflow/example_dags/example_params_trigger_ui.py for tasks to queue
[2025-07-16T18:55:29.595+0000] {logging_mixin.py:188} INFO - [2025-07-16T18:55:29.595+0000] {dagbag.py:545} INFO - Filling up the DagBag from /mnt/c/Users/Shivam Gupta/OneDrive/Documents/Shivam_Developement/data_engineering/data_engineering_project/batch-etl-pyspark/.venv/lib/python3.12/site-packages/airflow/example_dags/example_params_trigger_ui.py
[2025-07-16T18:55:29.619+0000] {processor.py:840} INFO - DAG(s) 'example_params_trigger_ui' retrieved from /mnt/c/Users/Shivam Gupta/OneDrive/Documents/Shivam_Developement/data_engineering/data_engineering_project/batch-etl-pyspark/.venv/lib/python3.12/site-packages/airflow/example_dags/example_params_trigger_ui.py
[2025-07-16T18:55:29.657+0000] {logging_mixin.py:188} INFO - [2025-07-16T18:55:29.656+0000] {dag.py:3096} INFO - Sync 1 DAGs
[2025-07-16T18:55:29.673+0000] {logging_mixin.py:188} INFO - [2025-07-16T18:55:29.671+0000] {dag.py:3954} INFO - Setting next_dagrun for example_params_trigger_ui to None, run_after=None
[2025-07-16T18:55:29.740+0000] {processor.py:183} INFO - Processing /mnt/c/Users/Shivam Gupta/OneDrive/Documents/Shivam_Developement/data_engineering/data_engineering_project/batch-etl-pyspark/.venv/lib/python3.12/site-packages/airflow/example_dags/example_params_trigger_ui.py took 0.157 seconds
[2025-07-16T18:56:43.539+0000] {processor.py:161} INFO - Started process (PID=9887) to work on /mnt/c/Users/Shivam Gupta/OneDrive/Documents/Shivam_Developement/data_engineering/data_engineering_project/batch-etl-pyspark/.venv/lib/python3.12/site-packages/airflow/example_dags/example_params_trigger_ui.py
[2025-07-16T18:56:43.542+0000] {processor.py:830} INFO - Processing file /mnt/c/Users/Shivam Gupta/OneDrive/Documents/Shivam_Developement/data_engineering/data_engineering_project/batch-etl-pyspark/.venv/lib/python3.12/site-packages/airflow/example_dags/example_params_trigger_ui.py for tasks to queue
[2025-07-16T18:56:43.547+0000] {logging_mixin.py:188} INFO - [2025-07-16T18:56:43.545+0000] {dagbag.py:545} INFO - Filling up the DagBag from /mnt/c/Users/Shivam Gupta/OneDrive/Documents/Shivam_Developement/data_engineering/data_engineering_project/batch-etl-pyspark/.venv/lib/python3.12/site-packages/airflow/example_dags/example_params_trigger_ui.py
[2025-07-16T18:56:43.615+0000] {processor.py:840} INFO - DAG(s) 'example_params_trigger_ui' retrieved from /mnt/c/Users/Shivam Gupta/OneDrive/Documents/Shivam_Developement/data_engineering/data_engineering_project/batch-etl-pyspark/.venv/lib/python3.12/site-packages/airflow/example_dags/example_params_trigger_ui.py
[2025-07-16T18:56:43.688+0000] {logging_mixin.py:188} INFO - [2025-07-16T18:56:43.685+0000] {dag.py:3096} INFO - Sync 1 DAGs
[2025-07-16T18:56:43.712+0000] {logging_mixin.py:188} INFO - [2025-07-16T18:56:43.710+0000] {dag.py:3954} INFO - Setting next_dagrun for example_params_trigger_ui to None, run_after=None
[2025-07-16T18:56:43.858+0000] {processor.py:183} INFO - Processing /mnt/c/Users/Shivam Gupta/OneDrive/Documents/Shivam_Developement/data_engineering/data_engineering_project/batch-etl-pyspark/.venv/lib/python3.12/site-packages/airflow/example_dags/example_params_trigger_ui.py took 0.335 seconds
[2025-07-16T18:58:06.467+0000] {processor.py:161} INFO - Started process (PID=10038) to work on /mnt/c/Users/Shivam Gupta/OneDrive/Documents/Shivam_Developement/data_engineering/data_engineering_project/batch-etl-pyspark/.venv/lib/python3.12/site-packages/airflow/example_dags/example_params_trigger_ui.py
[2025-07-16T18:58:06.468+0000] {processor.py:830} INFO - Processing file /mnt/c/Users/Shivam Gupta/OneDrive/Documents/Shivam_Developement/data_engineering/data_engineering_project/batch-etl-pyspark/.venv/lib/python3.12/site-packages/airflow/example_dags/example_params_trigger_ui.py for tasks to queue
[2025-07-16T18:58:06.470+0000] {logging_mixin.py:188} INFO - [2025-07-16T18:58:06.470+0000] {dagbag.py:545} INFO - Filling up the DagBag from /mnt/c/Users/Shivam Gupta/OneDrive/Documents/Shivam_Developement/data_engineering/data_engineering_project/batch-etl-pyspark/.venv/lib/python3.12/site-packages/airflow/example_dags/example_params_trigger_ui.py
[2025-07-16T18:58:06.491+0000] {processor.py:840} INFO - DAG(s) 'example_params_trigger_ui' retrieved from /mnt/c/Users/Shivam Gupta/OneDrive/Documents/Shivam_Developement/data_engineering/data_engineering_project/batch-etl-pyspark/.venv/lib/python3.12/site-packages/airflow/example_dags/example_params_trigger_ui.py
[2025-07-16T18:58:06.529+0000] {logging_mixin.py:188} INFO - [2025-07-16T18:58:06.529+0000] {dag.py:3096} INFO - Sync 1 DAGs
[2025-07-16T18:58:06.541+0000] {logging_mixin.py:188} INFO - [2025-07-16T18:58:06.540+0000] {dag.py:3954} INFO - Setting next_dagrun for example_params_trigger_ui to None, run_after=None
[2025-07-16T18:58:06.605+0000] {processor.py:183} INFO - Processing /mnt/c/Users/Shivam Gupta/OneDrive/Documents/Shivam_Developement/data_engineering/data_engineering_project/batch-etl-pyspark/.venv/lib/python3.12/site-packages/airflow/example_dags/example_params_trigger_ui.py took 0.145 seconds
[2025-07-16T18:59:28.090+0000] {processor.py:161} INFO - Started process (PID=10199) to work on /mnt/c/Users/Shivam Gupta/OneDrive/Documents/Shivam_Developement/data_engineering/data_engineering_project/batch-etl-pyspark/.venv/lib/python3.12/site-packages/airflow/example_dags/example_params_trigger_ui.py
[2025-07-16T18:59:28.093+0000] {processor.py:830} INFO - Processing file /mnt/c/Users/Shivam Gupta/OneDrive/Documents/Shivam_Developement/data_engineering/data_engineering_project/batch-etl-pyspark/.venv/lib/python3.12/site-packages/airflow/example_dags/example_params_trigger_ui.py for tasks to queue
[2025-07-16T18:59:28.096+0000] {logging_mixin.py:188} INFO - [2025-07-16T18:59:28.095+0000] {dagbag.py:545} INFO - Filling up the DagBag from /mnt/c/Users/Shivam Gupta/OneDrive/Documents/Shivam_Developement/data_engineering/data_engineering_project/batch-etl-pyspark/.venv/lib/python3.12/site-packages/airflow/example_dags/example_params_trigger_ui.py
[2025-07-16T18:59:28.150+0000] {processor.py:840} INFO - DAG(s) 'example_params_trigger_ui' retrieved from /mnt/c/Users/Shivam Gupta/OneDrive/Documents/Shivam_Developement/data_engineering/data_engineering_project/batch-etl-pyspark/.venv/lib/python3.12/site-packages/airflow/example_dags/example_params_trigger_ui.py
[2025-07-16T18:59:28.215+0000] {logging_mixin.py:188} INFO - [2025-07-16T18:59:28.214+0000] {dag.py:3096} INFO - Sync 1 DAGs
[2025-07-16T18:59:28.240+0000] {logging_mixin.py:188} INFO - [2025-07-16T18:59:28.237+0000] {dag.py:3954} INFO - Setting next_dagrun for example_params_trigger_ui to None, run_after=None
[2025-07-16T18:59:28.352+0000] {processor.py:183} INFO - Processing /mnt/c/Users/Shivam Gupta/OneDrive/Documents/Shivam_Developement/data_engineering/data_engineering_project/batch-etl-pyspark/.venv/lib/python3.12/site-packages/airflow/example_dags/example_params_trigger_ui.py took 0.274 seconds
[2025-07-16T19:00:58.979+0000] {processor.py:161} INFO - Started process (PID=10388) to work on /mnt/c/Users/Shivam Gupta/OneDrive/Documents/Shivam_Developement/data_engineering/data_engineering_project/batch-etl-pyspark/.venv/lib/python3.12/site-packages/airflow/example_dags/example_params_trigger_ui.py
[2025-07-16T19:00:58.981+0000] {processor.py:830} INFO - Processing file /mnt/c/Users/Shivam Gupta/OneDrive/Documents/Shivam_Developement/data_engineering/data_engineering_project/batch-etl-pyspark/.venv/lib/python3.12/site-packages/airflow/example_dags/example_params_trigger_ui.py for tasks to queue
[2025-07-16T19:00:58.984+0000] {logging_mixin.py:188} INFO - [2025-07-16T19:00:58.983+0000] {dagbag.py:545} INFO - Filling up the DagBag from /mnt/c/Users/Shivam Gupta/OneDrive/Documents/Shivam_Developement/data_engineering/data_engineering_project/batch-etl-pyspark/.venv/lib/python3.12/site-packages/airflow/example_dags/example_params_trigger_ui.py
[2025-07-16T19:00:59.015+0000] {processor.py:840} INFO - DAG(s) 'example_params_trigger_ui' retrieved from /mnt/c/Users/Shivam Gupta/OneDrive/Documents/Shivam_Developement/data_engineering/data_engineering_project/batch-etl-pyspark/.venv/lib/python3.12/site-packages/airflow/example_dags/example_params_trigger_ui.py
[2025-07-16T19:00:59.058+0000] {logging_mixin.py:188} INFO - [2025-07-16T19:00:59.057+0000] {dag.py:3096} INFO - Sync 1 DAGs
[2025-07-16T19:00:59.070+0000] {logging_mixin.py:188} INFO - [2025-07-16T19:00:59.069+0000] {dag.py:3954} INFO - Setting next_dagrun for example_params_trigger_ui to None, run_after=None
[2025-07-16T19:00:59.137+0000] {processor.py:183} INFO - Processing /mnt/c/Users/Shivam Gupta/OneDrive/Documents/Shivam_Developement/data_engineering/data_engineering_project/batch-etl-pyspark/.venv/lib/python3.12/site-packages/airflow/example_dags/example_params_trigger_ui.py took 0.170 seconds
[2025-07-16T19:02:30.199+0000] {processor.py:161} INFO - Started process (PID=10597) to work on /mnt/c/Users/Shivam Gupta/OneDrive/Documents/Shivam_Developement/data_engineering/data_engineering_project/batch-etl-pyspark/.venv/lib/python3.12/site-packages/airflow/example_dags/example_params_trigger_ui.py
[2025-07-16T19:02:30.202+0000] {processor.py:830} INFO - Processing file /mnt/c/Users/Shivam Gupta/OneDrive/Documents/Shivam_Developement/data_engineering/data_engineering_project/batch-etl-pyspark/.venv/lib/python3.12/site-packages/airflow/example_dags/example_params_trigger_ui.py for tasks to queue
[2025-07-16T19:02:30.206+0000] {logging_mixin.py:188} INFO - [2025-07-16T19:02:30.205+0000] {dagbag.py:545} INFO - Filling up the DagBag from /mnt/c/Users/Shivam Gupta/OneDrive/Documents/Shivam_Developement/data_engineering/data_engineering_project/batch-etl-pyspark/.venv/lib/python3.12/site-packages/airflow/example_dags/example_params_trigger_ui.py
[2025-07-16T19:02:30.258+0000] {processor.py:840} INFO - DAG(s) 'example_params_trigger_ui' retrieved from /mnt/c/Users/Shivam Gupta/OneDrive/Documents/Shivam_Developement/data_engineering/data_engineering_project/batch-etl-pyspark/.venv/lib/python3.12/site-packages/airflow/example_dags/example_params_trigger_ui.py
[2025-07-16T19:02:30.312+0000] {logging_mixin.py:188} INFO - [2025-07-16T19:02:30.311+0000] {dag.py:3096} INFO - Sync 1 DAGs
[2025-07-16T19:02:30.331+0000] {logging_mixin.py:188} INFO - [2025-07-16T19:02:30.330+0000] {dag.py:3954} INFO - Setting next_dagrun for example_params_trigger_ui to None, run_after=None
[2025-07-16T19:02:30.421+0000] {processor.py:183} INFO - Processing /mnt/c/Users/Shivam Gupta/OneDrive/Documents/Shivam_Developement/data_engineering/data_engineering_project/batch-etl-pyspark/.venv/lib/python3.12/site-packages/airflow/example_dags/example_params_trigger_ui.py took 0.237 seconds
[2025-07-16T19:04:01.785+0000] {processor.py:161} INFO - Started process (PID=10750) to work on /mnt/c/Users/Shivam Gupta/OneDrive/Documents/Shivam_Developement/data_engineering/data_engineering_project/batch-etl-pyspark/.venv/lib/python3.12/site-packages/airflow/example_dags/example_params_trigger_ui.py
[2025-07-16T19:04:01.786+0000] {processor.py:830} INFO - Processing file /mnt/c/Users/Shivam Gupta/OneDrive/Documents/Shivam_Developement/data_engineering/data_engineering_project/batch-etl-pyspark/.venv/lib/python3.12/site-packages/airflow/example_dags/example_params_trigger_ui.py for tasks to queue
[2025-07-16T19:04:01.791+0000] {logging_mixin.py:188} INFO - [2025-07-16T19:04:01.789+0000] {dagbag.py:545} INFO - Filling up the DagBag from /mnt/c/Users/Shivam Gupta/OneDrive/Documents/Shivam_Developement/data_engineering/data_engineering_project/batch-etl-pyspark/.venv/lib/python3.12/site-packages/airflow/example_dags/example_params_trigger_ui.py
[2025-07-16T19:04:01.854+0000] {processor.py:840} INFO - DAG(s) 'example_params_trigger_ui' retrieved from /mnt/c/Users/Shivam Gupta/OneDrive/Documents/Shivam_Developement/data_engineering/data_engineering_project/batch-etl-pyspark/.venv/lib/python3.12/site-packages/airflow/example_dags/example_params_trigger_ui.py
[2025-07-16T19:04:01.905+0000] {logging_mixin.py:188} INFO - [2025-07-16T19:04:01.904+0000] {dag.py:3096} INFO - Sync 1 DAGs
[2025-07-16T19:04:01.920+0000] {logging_mixin.py:188} INFO - [2025-07-16T19:04:01.919+0000] {dag.py:3954} INFO - Setting next_dagrun for example_params_trigger_ui to None, run_after=None
[2025-07-16T19:04:02.012+0000] {processor.py:183} INFO - Processing /mnt/c/Users/Shivam Gupta/OneDrive/Documents/Shivam_Developement/data_engineering/data_engineering_project/batch-etl-pyspark/.venv/lib/python3.12/site-packages/airflow/example_dags/example_params_trigger_ui.py took 0.239 seconds
[2025-07-16T19:05:24.169+0000] {processor.py:161} INFO - Started process (PID=10910) to work on /mnt/c/Users/Shivam Gupta/OneDrive/Documents/Shivam_Developement/data_engineering/data_engineering_project/batch-etl-pyspark/.venv/lib/python3.12/site-packages/airflow/example_dags/example_params_trigger_ui.py
[2025-07-16T19:05:24.171+0000] {processor.py:830} INFO - Processing file /mnt/c/Users/Shivam Gupta/OneDrive/Documents/Shivam_Developement/data_engineering/data_engineering_project/batch-etl-pyspark/.venv/lib/python3.12/site-packages/airflow/example_dags/example_params_trigger_ui.py for tasks to queue
[2025-07-16T19:05:24.175+0000] {logging_mixin.py:188} INFO - [2025-07-16T19:05:24.173+0000] {dagbag.py:545} INFO - Filling up the DagBag from /mnt/c/Users/Shivam Gupta/OneDrive/Documents/Shivam_Developement/data_engineering/data_engineering_project/batch-etl-pyspark/.venv/lib/python3.12/site-packages/airflow/example_dags/example_params_trigger_ui.py
[2025-07-16T19:05:24.216+0000] {processor.py:840} INFO - DAG(s) 'example_params_trigger_ui' retrieved from /mnt/c/Users/Shivam Gupta/OneDrive/Documents/Shivam_Developement/data_engineering/data_engineering_project/batch-etl-pyspark/.venv/lib/python3.12/site-packages/airflow/example_dags/example_params_trigger_ui.py
[2025-07-16T19:05:24.265+0000] {logging_mixin.py:188} INFO - [2025-07-16T19:05:24.264+0000] {dag.py:3096} INFO - Sync 1 DAGs
[2025-07-16T19:05:24.282+0000] {logging_mixin.py:188} INFO - [2025-07-16T19:05:24.281+0000] {dag.py:3954} INFO - Setting next_dagrun for example_params_trigger_ui to None, run_after=None
[2025-07-16T19:05:24.372+0000] {processor.py:183} INFO - Processing /mnt/c/Users/Shivam Gupta/OneDrive/Documents/Shivam_Developement/data_engineering/data_engineering_project/batch-etl-pyspark/.venv/lib/python3.12/site-packages/airflow/example_dags/example_params_trigger_ui.py took 0.218 seconds
[2025-07-16T19:06:51.923+0000] {processor.py:161} INFO - Started process (PID=11065) to work on /mnt/c/Users/Shivam Gupta/OneDrive/Documents/Shivam_Developement/data_engineering/data_engineering_project/batch-etl-pyspark/.venv/lib/python3.12/site-packages/airflow/example_dags/example_params_trigger_ui.py
[2025-07-16T19:06:51.925+0000] {processor.py:830} INFO - Processing file /mnt/c/Users/Shivam Gupta/OneDrive/Documents/Shivam_Developement/data_engineering/data_engineering_project/batch-etl-pyspark/.venv/lib/python3.12/site-packages/airflow/example_dags/example_params_trigger_ui.py for tasks to queue
[2025-07-16T19:06:51.927+0000] {logging_mixin.py:188} INFO - [2025-07-16T19:06:51.926+0000] {dagbag.py:545} INFO - Filling up the DagBag from /mnt/c/Users/Shivam Gupta/OneDrive/Documents/Shivam_Developement/data_engineering/data_engineering_project/batch-etl-pyspark/.venv/lib/python3.12/site-packages/airflow/example_dags/example_params_trigger_ui.py
[2025-07-16T19:06:51.955+0000] {processor.py:840} INFO - DAG(s) 'example_params_trigger_ui' retrieved from /mnt/c/Users/Shivam Gupta/OneDrive/Documents/Shivam_Developement/data_engineering/data_engineering_project/batch-etl-pyspark/.venv/lib/python3.12/site-packages/airflow/example_dags/example_params_trigger_ui.py
[2025-07-16T19:06:52.026+0000] {logging_mixin.py:188} INFO - [2025-07-16T19:06:52.025+0000] {dag.py:3096} INFO - Sync 1 DAGs
[2025-07-16T19:06:52.047+0000] {logging_mixin.py:188} INFO - [2025-07-16T19:06:52.045+0000] {dag.py:3954} INFO - Setting next_dagrun for example_params_trigger_ui to None, run_after=None
[2025-07-16T19:06:52.131+0000] {processor.py:183} INFO - Processing /mnt/c/Users/Shivam Gupta/OneDrive/Documents/Shivam_Developement/data_engineering/data_engineering_project/batch-etl-pyspark/.venv/lib/python3.12/site-packages/airflow/example_dags/example_params_trigger_ui.py took 0.219 seconds
[2025-07-16T19:08:25.544+0000] {processor.py:161} INFO - Started process (PID=11234) to work on /mnt/c/Users/Shivam Gupta/OneDrive/Documents/Shivam_Developement/data_engineering/data_engineering_project/batch-etl-pyspark/.venv/lib/python3.12/site-packages/airflow/example_dags/example_params_trigger_ui.py
[2025-07-16T19:08:25.547+0000] {processor.py:830} INFO - Processing file /mnt/c/Users/Shivam Gupta/OneDrive/Documents/Shivam_Developement/data_engineering/data_engineering_project/batch-etl-pyspark/.venv/lib/python3.12/site-packages/airflow/example_dags/example_params_trigger_ui.py for tasks to queue
[2025-07-16T19:08:25.551+0000] {logging_mixin.py:188} INFO - [2025-07-16T19:08:25.550+0000] {dagbag.py:545} INFO - Filling up the DagBag from /mnt/c/Users/Shivam Gupta/OneDrive/Documents/Shivam_Developement/data_engineering/data_engineering_project/batch-etl-pyspark/.venv/lib/python3.12/site-packages/airflow/example_dags/example_params_trigger_ui.py
[2025-07-16T19:08:25.610+0000] {processor.py:840} INFO - DAG(s) 'example_params_trigger_ui' retrieved from /mnt/c/Users/Shivam Gupta/OneDrive/Documents/Shivam_Developement/data_engineering/data_engineering_project/batch-etl-pyspark/.venv/lib/python3.12/site-packages/airflow/example_dags/example_params_trigger_ui.py
[2025-07-16T19:08:25.688+0000] {logging_mixin.py:188} INFO - [2025-07-16T19:08:25.686+0000] {dag.py:3096} INFO - Sync 1 DAGs
[2025-07-16T19:08:25.710+0000] {logging_mixin.py:188} INFO - [2025-07-16T19:08:25.708+0000] {dag.py:3954} INFO - Setting next_dagrun for example_params_trigger_ui to None, run_after=None
[2025-07-16T19:08:25.817+0000] {processor.py:183} INFO - Processing /mnt/c/Users/Shivam Gupta/OneDrive/Documents/Shivam_Developement/data_engineering/data_engineering_project/batch-etl-pyspark/.venv/lib/python3.12/site-packages/airflow/example_dags/example_params_trigger_ui.py took 0.291 seconds
[2025-07-16T19:09:52.710+0000] {processor.py:161} INFO - Started process (PID=11392) to work on /mnt/c/Users/Shivam Gupta/OneDrive/Documents/Shivam_Developement/data_engineering/data_engineering_project/batch-etl-pyspark/.venv/lib/python3.12/site-packages/airflow/example_dags/example_params_trigger_ui.py
[2025-07-16T19:09:52.711+0000] {processor.py:830} INFO - Processing file /mnt/c/Users/Shivam Gupta/OneDrive/Documents/Shivam_Developement/data_engineering/data_engineering_project/batch-etl-pyspark/.venv/lib/python3.12/site-packages/airflow/example_dags/example_params_trigger_ui.py for tasks to queue
[2025-07-16T19:09:52.713+0000] {logging_mixin.py:188} INFO - [2025-07-16T19:09:52.713+0000] {dagbag.py:545} INFO - Filling up the DagBag from /mnt/c/Users/Shivam Gupta/OneDrive/Documents/Shivam_Developement/data_engineering/data_engineering_project/batch-etl-pyspark/.venv/lib/python3.12/site-packages/airflow/example_dags/example_params_trigger_ui.py
[2025-07-16T19:09:52.741+0000] {processor.py:840} INFO - DAG(s) 'example_params_trigger_ui' retrieved from /mnt/c/Users/Shivam Gupta/OneDrive/Documents/Shivam_Developement/data_engineering/data_engineering_project/batch-etl-pyspark/.venv/lib/python3.12/site-packages/airflow/example_dags/example_params_trigger_ui.py
[2025-07-16T19:09:52.778+0000] {logging_mixin.py:188} INFO - [2025-07-16T19:09:52.777+0000] {dag.py:3096} INFO - Sync 1 DAGs
[2025-07-16T19:09:52.789+0000] {logging_mixin.py:188} INFO - [2025-07-16T19:09:52.789+0000] {dag.py:3954} INFO - Setting next_dagrun for example_params_trigger_ui to None, run_after=None
[2025-07-16T19:09:52.868+0000] {processor.py:183} INFO - Processing /mnt/c/Users/Shivam Gupta/OneDrive/Documents/Shivam_Developement/data_engineering/data_engineering_project/batch-etl-pyspark/.venv/lib/python3.12/site-packages/airflow/example_dags/example_params_trigger_ui.py took 0.167 seconds
[2025-07-16T19:11:28.414+0000] {processor.py:161} INFO - Started process (PID=11578) to work on /mnt/c/Users/Shivam Gupta/OneDrive/Documents/Shivam_Developement/data_engineering/data_engineering_project/batch-etl-pyspark/.venv/lib/python3.12/site-packages/airflow/example_dags/example_params_trigger_ui.py
[2025-07-16T19:11:28.416+0000] {processor.py:830} INFO - Processing file /mnt/c/Users/Shivam Gupta/OneDrive/Documents/Shivam_Developement/data_engineering/data_engineering_project/batch-etl-pyspark/.venv/lib/python3.12/site-packages/airflow/example_dags/example_params_trigger_ui.py for tasks to queue
[2025-07-16T19:11:28.420+0000] {logging_mixin.py:188} INFO - [2025-07-16T19:11:28.419+0000] {dagbag.py:545} INFO - Filling up the DagBag from /mnt/c/Users/Shivam Gupta/OneDrive/Documents/Shivam_Developement/data_engineering/data_engineering_project/batch-etl-pyspark/.venv/lib/python3.12/site-packages/airflow/example_dags/example_params_trigger_ui.py
[2025-07-16T19:11:28.469+0000] {processor.py:840} INFO - DAG(s) 'example_params_trigger_ui' retrieved from /mnt/c/Users/Shivam Gupta/OneDrive/Documents/Shivam_Developement/data_engineering/data_engineering_project/batch-etl-pyspark/.venv/lib/python3.12/site-packages/airflow/example_dags/example_params_trigger_ui.py
[2025-07-16T19:11:28.520+0000] {logging_mixin.py:188} INFO - [2025-07-16T19:11:28.519+0000] {dag.py:3096} INFO - Sync 1 DAGs
[2025-07-16T19:11:28.537+0000] {logging_mixin.py:188} INFO - [2025-07-16T19:11:28.535+0000] {dag.py:3954} INFO - Setting next_dagrun for example_params_trigger_ui to None, run_after=None
[2025-07-16T19:11:28.619+0000] {processor.py:183} INFO - Processing /mnt/c/Users/Shivam Gupta/OneDrive/Documents/Shivam_Developement/data_engineering/data_engineering_project/batch-etl-pyspark/.venv/lib/python3.12/site-packages/airflow/example_dags/example_params_trigger_ui.py took 0.219 seconds
[2025-07-16T19:12:54.956+0000] {processor.py:161} INFO - Started process (PID=11750) to work on /mnt/c/Users/Shivam Gupta/OneDrive/Documents/Shivam_Developement/data_engineering/data_engineering_project/batch-etl-pyspark/.venv/lib/python3.12/site-packages/airflow/example_dags/example_params_trigger_ui.py
[2025-07-16T19:12:54.958+0000] {processor.py:830} INFO - Processing file /mnt/c/Users/Shivam Gupta/OneDrive/Documents/Shivam_Developement/data_engineering/data_engineering_project/batch-etl-pyspark/.venv/lib/python3.12/site-packages/airflow/example_dags/example_params_trigger_ui.py for tasks to queue
[2025-07-16T19:12:54.961+0000] {logging_mixin.py:188} INFO - [2025-07-16T19:12:54.960+0000] {dagbag.py:545} INFO - Filling up the DagBag from /mnt/c/Users/Shivam Gupta/OneDrive/Documents/Shivam_Developement/data_engineering/data_engineering_project/batch-etl-pyspark/.venv/lib/python3.12/site-packages/airflow/example_dags/example_params_trigger_ui.py
[2025-07-16T19:12:54.985+0000] {processor.py:840} INFO - DAG(s) 'example_params_trigger_ui' retrieved from /mnt/c/Users/Shivam Gupta/OneDrive/Documents/Shivam_Developement/data_engineering/data_engineering_project/batch-etl-pyspark/.venv/lib/python3.12/site-packages/airflow/example_dags/example_params_trigger_ui.py
[2025-07-16T19:12:55.023+0000] {logging_mixin.py:188} INFO - [2025-07-16T19:12:55.023+0000] {dag.py:3096} INFO - Sync 1 DAGs
[2025-07-16T19:12:55.036+0000] {logging_mixin.py:188} INFO - [2025-07-16T19:12:55.035+0000] {dag.py:3954} INFO - Setting next_dagrun for example_params_trigger_ui to None, run_after=None
[2025-07-16T19:12:55.096+0000] {processor.py:183} INFO - Processing /mnt/c/Users/Shivam Gupta/OneDrive/Documents/Shivam_Developement/data_engineering/data_engineering_project/batch-etl-pyspark/.venv/lib/python3.12/site-packages/airflow/example_dags/example_params_trigger_ui.py took 0.148 seconds
[2025-07-16T19:14:22.342+0000] {processor.py:161} INFO - Started process (PID=11913) to work on /mnt/c/Users/Shivam Gupta/OneDrive/Documents/Shivam_Developement/data_engineering/data_engineering_project/batch-etl-pyspark/.venv/lib/python3.12/site-packages/airflow/example_dags/example_params_trigger_ui.py
[2025-07-16T19:14:22.344+0000] {processor.py:830} INFO - Processing file /mnt/c/Users/Shivam Gupta/OneDrive/Documents/Shivam_Developement/data_engineering/data_engineering_project/batch-etl-pyspark/.venv/lib/python3.12/site-packages/airflow/example_dags/example_params_trigger_ui.py for tasks to queue
[2025-07-16T19:14:22.347+0000] {logging_mixin.py:188} INFO - [2025-07-16T19:14:22.346+0000] {dagbag.py:545} INFO - Filling up the DagBag from /mnt/c/Users/Shivam Gupta/OneDrive/Documents/Shivam_Developement/data_engineering/data_engineering_project/batch-etl-pyspark/.venv/lib/python3.12/site-packages/airflow/example_dags/example_params_trigger_ui.py
[2025-07-16T19:14:22.394+0000] {processor.py:840} INFO - DAG(s) 'example_params_trigger_ui' retrieved from /mnt/c/Users/Shivam Gupta/OneDrive/Documents/Shivam_Developement/data_engineering/data_engineering_project/batch-etl-pyspark/.venv/lib/python3.12/site-packages/airflow/example_dags/example_params_trigger_ui.py
[2025-07-16T19:14:22.462+0000] {logging_mixin.py:188} INFO - [2025-07-16T19:14:22.460+0000] {dag.py:3096} INFO - Sync 1 DAGs
[2025-07-16T19:14:22.480+0000] {logging_mixin.py:188} INFO - [2025-07-16T19:14:22.478+0000] {dag.py:3954} INFO - Setting next_dagrun for example_params_trigger_ui to None, run_after=None
[2025-07-16T19:14:22.554+0000] {processor.py:183} INFO - Processing /mnt/c/Users/Shivam Gupta/OneDrive/Documents/Shivam_Developement/data_engineering/data_engineering_project/batch-etl-pyspark/.venv/lib/python3.12/site-packages/airflow/example_dags/example_params_trigger_ui.py took 0.222 seconds
[2025-07-16T19:15:55.342+0000] {processor.py:161} INFO - Started process (PID=12103) to work on /mnt/c/Users/Shivam Gupta/OneDrive/Documents/Shivam_Developement/data_engineering/data_engineering_project/batch-etl-pyspark/.venv/lib/python3.12/site-packages/airflow/example_dags/example_params_trigger_ui.py
[2025-07-16T19:15:55.344+0000] {processor.py:830} INFO - Processing file /mnt/c/Users/Shivam Gupta/OneDrive/Documents/Shivam_Developement/data_engineering/data_engineering_project/batch-etl-pyspark/.venv/lib/python3.12/site-packages/airflow/example_dags/example_params_trigger_ui.py for tasks to queue
[2025-07-16T19:15:55.348+0000] {logging_mixin.py:188} INFO - [2025-07-16T19:15:55.346+0000] {dagbag.py:545} INFO - Filling up the DagBag from /mnt/c/Users/Shivam Gupta/OneDrive/Documents/Shivam_Developement/data_engineering/data_engineering_project/batch-etl-pyspark/.venv/lib/python3.12/site-packages/airflow/example_dags/example_params_trigger_ui.py
[2025-07-16T19:15:55.383+0000] {processor.py:840} INFO - DAG(s) 'example_params_trigger_ui' retrieved from /mnt/c/Users/Shivam Gupta/OneDrive/Documents/Shivam_Developement/data_engineering/data_engineering_project/batch-etl-pyspark/.venv/lib/python3.12/site-packages/airflow/example_dags/example_params_trigger_ui.py
[2025-07-16T19:15:55.435+0000] {logging_mixin.py:188} INFO - [2025-07-16T19:15:55.433+0000] {dag.py:3096} INFO - Sync 1 DAGs
[2025-07-16T19:15:55.451+0000] {logging_mixin.py:188} INFO - [2025-07-16T19:15:55.450+0000] {dag.py:3954} INFO - Setting next_dagrun for example_params_trigger_ui to None, run_after=None
[2025-07-16T19:15:55.514+0000] {processor.py:183} INFO - Processing /mnt/c/Users/Shivam Gupta/OneDrive/Documents/Shivam_Developement/data_engineering/data_engineering_project/batch-etl-pyspark/.venv/lib/python3.12/site-packages/airflow/example_dags/example_params_trigger_ui.py took 0.188 seconds
[2025-07-16T19:17:23.435+0000] {processor.py:161} INFO - Started process (PID=12271) to work on /mnt/c/Users/Shivam Gupta/OneDrive/Documents/Shivam_Developement/data_engineering/data_engineering_project/batch-etl-pyspark/.venv/lib/python3.12/site-packages/airflow/example_dags/example_params_trigger_ui.py
[2025-07-16T19:17:23.439+0000] {processor.py:830} INFO - Processing file /mnt/c/Users/Shivam Gupta/OneDrive/Documents/Shivam_Developement/data_engineering/data_engineering_project/batch-etl-pyspark/.venv/lib/python3.12/site-packages/airflow/example_dags/example_params_trigger_ui.py for tasks to queue
[2025-07-16T19:17:23.445+0000] {logging_mixin.py:188} INFO - [2025-07-16T19:17:23.442+0000] {dagbag.py:545} INFO - Filling up the DagBag from /mnt/c/Users/Shivam Gupta/OneDrive/Documents/Shivam_Developement/data_engineering/data_engineering_project/batch-etl-pyspark/.venv/lib/python3.12/site-packages/airflow/example_dags/example_params_trigger_ui.py
[2025-07-16T19:17:23.493+0000] {processor.py:840} INFO - DAG(s) 'example_params_trigger_ui' retrieved from /mnt/c/Users/Shivam Gupta/OneDrive/Documents/Shivam_Developement/data_engineering/data_engineering_project/batch-etl-pyspark/.venv/lib/python3.12/site-packages/airflow/example_dags/example_params_trigger_ui.py
[2025-07-16T19:17:23.565+0000] {logging_mixin.py:188} INFO - [2025-07-16T19:17:23.563+0000] {dag.py:3096} INFO - Sync 1 DAGs
[2025-07-16T19:17:23.591+0000] {logging_mixin.py:188} INFO - [2025-07-16T19:17:23.589+0000] {dag.py:3954} INFO - Setting next_dagrun for example_params_trigger_ui to None, run_after=None
[2025-07-16T19:17:23.695+0000] {processor.py:183} INFO - Processing /mnt/c/Users/Shivam Gupta/OneDrive/Documents/Shivam_Developement/data_engineering/data_engineering_project/batch-etl-pyspark/.venv/lib/python3.12/site-packages/airflow/example_dags/example_params_trigger_ui.py took 0.284 seconds
[2025-07-16T19:18:45.166+0000] {processor.py:161} INFO - Started process (PID=12423) to work on /mnt/c/Users/Shivam Gupta/OneDrive/Documents/Shivam_Developement/data_engineering/data_engineering_project/batch-etl-pyspark/.venv/lib/python3.12/site-packages/airflow/example_dags/example_params_trigger_ui.py
[2025-07-16T19:18:45.168+0000] {processor.py:830} INFO - Processing file /mnt/c/Users/Shivam Gupta/OneDrive/Documents/Shivam_Developement/data_engineering/data_engineering_project/batch-etl-pyspark/.venv/lib/python3.12/site-packages/airflow/example_dags/example_params_trigger_ui.py for tasks to queue
[2025-07-16T19:18:45.172+0000] {logging_mixin.py:188} INFO - [2025-07-16T19:18:45.171+0000] {dagbag.py:545} INFO - Filling up the DagBag from /mnt/c/Users/Shivam Gupta/OneDrive/Documents/Shivam_Developement/data_engineering/data_engineering_project/batch-etl-pyspark/.venv/lib/python3.12/site-packages/airflow/example_dags/example_params_trigger_ui.py
[2025-07-16T19:18:45.219+0000] {processor.py:840} INFO - DAG(s) 'example_params_trigger_ui' retrieved from /mnt/c/Users/Shivam Gupta/OneDrive/Documents/Shivam_Developement/data_engineering/data_engineering_project/batch-etl-pyspark/.venv/lib/python3.12/site-packages/airflow/example_dags/example_params_trigger_ui.py
[2025-07-16T19:18:45.282+0000] {logging_mixin.py:188} INFO - [2025-07-16T19:18:45.280+0000] {dag.py:3096} INFO - Sync 1 DAGs
[2025-07-16T19:18:45.302+0000] {logging_mixin.py:188} INFO - [2025-07-16T19:18:45.301+0000] {dag.py:3954} INFO - Setting next_dagrun for example_params_trigger_ui to None, run_after=None
[2025-07-16T19:18:45.400+0000] {processor.py:183} INFO - Processing /mnt/c/Users/Shivam Gupta/OneDrive/Documents/Shivam_Developement/data_engineering/data_engineering_project/batch-etl-pyspark/.venv/lib/python3.12/site-packages/airflow/example_dags/example_params_trigger_ui.py took 0.248 seconds
[2025-07-16T19:20:08.229+0000] {processor.py:161} INFO - Started process (PID=12567) to work on /mnt/c/Users/Shivam Gupta/OneDrive/Documents/Shivam_Developement/data_engineering/data_engineering_project/batch-etl-pyspark/.venv/lib/python3.12/site-packages/airflow/example_dags/example_params_trigger_ui.py
[2025-07-16T19:20:08.234+0000] {processor.py:830} INFO - Processing file /mnt/c/Users/Shivam Gupta/OneDrive/Documents/Shivam_Developement/data_engineering/data_engineering_project/batch-etl-pyspark/.venv/lib/python3.12/site-packages/airflow/example_dags/example_params_trigger_ui.py for tasks to queue
[2025-07-16T19:20:08.239+0000] {logging_mixin.py:188} INFO - [2025-07-16T19:20:08.237+0000] {dagbag.py:545} INFO - Filling up the DagBag from /mnt/c/Users/Shivam Gupta/OneDrive/Documents/Shivam_Developement/data_engineering/data_engineering_project/batch-etl-pyspark/.venv/lib/python3.12/site-packages/airflow/example_dags/example_params_trigger_ui.py
[2025-07-16T19:20:08.295+0000] {processor.py:840} INFO - DAG(s) 'example_params_trigger_ui' retrieved from /mnt/c/Users/Shivam Gupta/OneDrive/Documents/Shivam_Developement/data_engineering/data_engineering_project/batch-etl-pyspark/.venv/lib/python3.12/site-packages/airflow/example_dags/example_params_trigger_ui.py
[2025-07-16T19:20:08.365+0000] {logging_mixin.py:188} INFO - [2025-07-16T19:20:08.363+0000] {dag.py:3096} INFO - Sync 1 DAGs
[2025-07-16T19:20:08.381+0000] {logging_mixin.py:188} INFO - [2025-07-16T19:20:08.380+0000] {dag.py:3954} INFO - Setting next_dagrun for example_params_trigger_ui to None, run_after=None
[2025-07-16T19:20:08.493+0000] {processor.py:183} INFO - Processing /mnt/c/Users/Shivam Gupta/OneDrive/Documents/Shivam_Developement/data_engineering/data_engineering_project/batch-etl-pyspark/.venv/lib/python3.12/site-packages/airflow/example_dags/example_params_trigger_ui.py took 0.289 seconds
[2025-07-16T19:21:33.596+0000] {processor.py:161} INFO - Started process (PID=12732) to work on /mnt/c/Users/Shivam Gupta/OneDrive/Documents/Shivam_Developement/data_engineering/data_engineering_project/batch-etl-pyspark/.venv/lib/python3.12/site-packages/airflow/example_dags/example_params_trigger_ui.py
[2025-07-16T19:21:33.608+0000] {processor.py:830} INFO - Processing file /mnt/c/Users/Shivam Gupta/OneDrive/Documents/Shivam_Developement/data_engineering/data_engineering_project/batch-etl-pyspark/.venv/lib/python3.12/site-packages/airflow/example_dags/example_params_trigger_ui.py for tasks to queue
[2025-07-16T19:21:33.612+0000] {logging_mixin.py:188} INFO - [2025-07-16T19:21:33.610+0000] {dagbag.py:545} INFO - Filling up the DagBag from /mnt/c/Users/Shivam Gupta/OneDrive/Documents/Shivam_Developement/data_engineering/data_engineering_project/batch-etl-pyspark/.venv/lib/python3.12/site-packages/airflow/example_dags/example_params_trigger_ui.py
[2025-07-16T19:21:33.654+0000] {processor.py:840} INFO - DAG(s) 'example_params_trigger_ui' retrieved from /mnt/c/Users/Shivam Gupta/OneDrive/Documents/Shivam_Developement/data_engineering/data_engineering_project/batch-etl-pyspark/.venv/lib/python3.12/site-packages/airflow/example_dags/example_params_trigger_ui.py
[2025-07-16T19:21:33.695+0000] {logging_mixin.py:188} INFO - [2025-07-16T19:21:33.694+0000] {dag.py:3096} INFO - Sync 1 DAGs
[2025-07-16T19:21:33.707+0000] {logging_mixin.py:188} INFO - [2025-07-16T19:21:33.706+0000] {dag.py:3954} INFO - Setting next_dagrun for example_params_trigger_ui to None, run_after=None
[2025-07-16T19:21:33.789+0000] {processor.py:183} INFO - Processing /mnt/c/Users/Shivam Gupta/OneDrive/Documents/Shivam_Developement/data_engineering/data_engineering_project/batch-etl-pyspark/.venv/lib/python3.12/site-packages/airflow/example_dags/example_params_trigger_ui.py took 0.208 seconds
[2025-07-16T19:23:00.290+0000] {processor.py:161} INFO - Started process (PID=12902) to work on /mnt/c/Users/Shivam Gupta/OneDrive/Documents/Shivam_Developement/data_engineering/data_engineering_project/batch-etl-pyspark/.venv/lib/python3.12/site-packages/airflow/example_dags/example_params_trigger_ui.py
[2025-07-16T19:23:00.293+0000] {processor.py:830} INFO - Processing file /mnt/c/Users/Shivam Gupta/OneDrive/Documents/Shivam_Developement/data_engineering/data_engineering_project/batch-etl-pyspark/.venv/lib/python3.12/site-packages/airflow/example_dags/example_params_trigger_ui.py for tasks to queue
[2025-07-16T19:23:00.297+0000] {logging_mixin.py:188} INFO - [2025-07-16T19:23:00.295+0000] {dagbag.py:545} INFO - Filling up the DagBag from /mnt/c/Users/Shivam Gupta/OneDrive/Documents/Shivam_Developement/data_engineering/data_engineering_project/batch-etl-pyspark/.venv/lib/python3.12/site-packages/airflow/example_dags/example_params_trigger_ui.py
[2025-07-16T19:23:00.341+0000] {processor.py:840} INFO - DAG(s) 'example_params_trigger_ui' retrieved from /mnt/c/Users/Shivam Gupta/OneDrive/Documents/Shivam_Developement/data_engineering/data_engineering_project/batch-etl-pyspark/.venv/lib/python3.12/site-packages/airflow/example_dags/example_params_trigger_ui.py
[2025-07-16T19:23:00.424+0000] {logging_mixin.py:188} INFO - [2025-07-16T19:23:00.422+0000] {dag.py:3096} INFO - Sync 1 DAGs
[2025-07-16T19:23:00.443+0000] {logging_mixin.py:188} INFO - [2025-07-16T19:23:00.442+0000] {dag.py:3954} INFO - Setting next_dagrun for example_params_trigger_ui to None, run_after=None
[2025-07-16T19:23:00.545+0000] {processor.py:183} INFO - Processing /mnt/c/Users/Shivam Gupta/OneDrive/Documents/Shivam_Developement/data_engineering/data_engineering_project/batch-etl-pyspark/.venv/lib/python3.12/site-packages/airflow/example_dags/example_params_trigger_ui.py took 0.272 seconds
[2025-07-16T19:24:22.368+0000] {processor.py:161} INFO - Started process (PID=13009) to work on /mnt/c/Users/Shivam Gupta/OneDrive/Documents/Shivam_Developement/data_engineering/data_engineering_project/batch-etl-pyspark/.venv/lib/python3.12/site-packages/airflow/example_dags/example_params_trigger_ui.py
[2025-07-16T19:24:22.370+0000] {processor.py:830} INFO - Processing file /mnt/c/Users/Shivam Gupta/OneDrive/Documents/Shivam_Developement/data_engineering/data_engineering_project/batch-etl-pyspark/.venv/lib/python3.12/site-packages/airflow/example_dags/example_params_trigger_ui.py for tasks to queue
[2025-07-16T19:24:22.372+0000] {logging_mixin.py:188} INFO - [2025-07-16T19:24:22.371+0000] {dagbag.py:545} INFO - Filling up the DagBag from /mnt/c/Users/Shivam Gupta/OneDrive/Documents/Shivam_Developement/data_engineering/data_engineering_project/batch-etl-pyspark/.venv/lib/python3.12/site-packages/airflow/example_dags/example_params_trigger_ui.py
[2025-07-16T19:24:22.396+0000] {processor.py:840} INFO - DAG(s) 'example_params_trigger_ui' retrieved from /mnt/c/Users/Shivam Gupta/OneDrive/Documents/Shivam_Developement/data_engineering/data_engineering_project/batch-etl-pyspark/.venv/lib/python3.12/site-packages/airflow/example_dags/example_params_trigger_ui.py
[2025-07-16T19:24:22.431+0000] {logging_mixin.py:188} INFO - [2025-07-16T19:24:22.430+0000] {dag.py:3096} INFO - Sync 1 DAGs
[2025-07-16T19:24:22.442+0000] {logging_mixin.py:188} INFO - [2025-07-16T19:24:22.442+0000] {dag.py:3954} INFO - Setting next_dagrun for example_params_trigger_ui to None, run_after=None
[2025-07-16T19:24:22.586+0000] {processor.py:183} INFO - Processing /mnt/c/Users/Shivam Gupta/OneDrive/Documents/Shivam_Developement/data_engineering/data_engineering_project/batch-etl-pyspark/.venv/lib/python3.12/site-packages/airflow/example_dags/example_params_trigger_ui.py took 0.227 seconds
[2025-07-16T19:25:45.987+0000] {processor.py:161} INFO - Started process (PID=13130) to work on /mnt/c/Users/Shivam Gupta/OneDrive/Documents/Shivam_Developement/data_engineering/data_engineering_project/batch-etl-pyspark/.venv/lib/python3.12/site-packages/airflow/example_dags/example_params_trigger_ui.py
[2025-07-16T19:25:45.989+0000] {processor.py:830} INFO - Processing file /mnt/c/Users/Shivam Gupta/OneDrive/Documents/Shivam_Developement/data_engineering/data_engineering_project/batch-etl-pyspark/.venv/lib/python3.12/site-packages/airflow/example_dags/example_params_trigger_ui.py for tasks to queue
[2025-07-16T19:25:45.991+0000] {logging_mixin.py:188} INFO - [2025-07-16T19:25:45.990+0000] {dagbag.py:545} INFO - Filling up the DagBag from /mnt/c/Users/Shivam Gupta/OneDrive/Documents/Shivam_Developement/data_engineering/data_engineering_project/batch-etl-pyspark/.venv/lib/python3.12/site-packages/airflow/example_dags/example_params_trigger_ui.py
[2025-07-16T19:25:46.021+0000] {processor.py:840} INFO - DAG(s) 'example_params_trigger_ui' retrieved from /mnt/c/Users/Shivam Gupta/OneDrive/Documents/Shivam_Developement/data_engineering/data_engineering_project/batch-etl-pyspark/.venv/lib/python3.12/site-packages/airflow/example_dags/example_params_trigger_ui.py
[2025-07-16T19:25:46.072+0000] {logging_mixin.py:188} INFO - [2025-07-16T19:25:46.071+0000] {dag.py:3096} INFO - Sync 1 DAGs
[2025-07-16T19:25:46.090+0000] {logging_mixin.py:188} INFO - [2025-07-16T19:25:46.089+0000] {dag.py:3954} INFO - Setting next_dagrun for example_params_trigger_ui to None, run_after=None
[2025-07-16T19:25:46.160+0000] {processor.py:183} INFO - Processing /mnt/c/Users/Shivam Gupta/OneDrive/Documents/Shivam_Developement/data_engineering/data_engineering_project/batch-etl-pyspark/.venv/lib/python3.12/site-packages/airflow/example_dags/example_params_trigger_ui.py took 0.182 seconds
[2025-07-16T19:27:07.865+0000] {processor.py:161} INFO - Started process (PID=13221) to work on /mnt/c/Users/Shivam Gupta/OneDrive/Documents/Shivam_Developement/data_engineering/data_engineering_project/batch-etl-pyspark/.venv/lib/python3.12/site-packages/airflow/example_dags/example_params_trigger_ui.py
[2025-07-16T19:27:07.867+0000] {processor.py:830} INFO - Processing file /mnt/c/Users/Shivam Gupta/OneDrive/Documents/Shivam_Developement/data_engineering/data_engineering_project/batch-etl-pyspark/.venv/lib/python3.12/site-packages/airflow/example_dags/example_params_trigger_ui.py for tasks to queue
[2025-07-16T19:27:07.869+0000] {logging_mixin.py:188} INFO - [2025-07-16T19:27:07.868+0000] {dagbag.py:545} INFO - Filling up the DagBag from /mnt/c/Users/Shivam Gupta/OneDrive/Documents/Shivam_Developement/data_engineering/data_engineering_project/batch-etl-pyspark/.venv/lib/python3.12/site-packages/airflow/example_dags/example_params_trigger_ui.py
[2025-07-16T19:27:07.969+0000] {processor.py:840} INFO - DAG(s) 'example_params_trigger_ui' retrieved from /mnt/c/Users/Shivam Gupta/OneDrive/Documents/Shivam_Developement/data_engineering/data_engineering_project/batch-etl-pyspark/.venv/lib/python3.12/site-packages/airflow/example_dags/example_params_trigger_ui.py
[2025-07-16T19:27:08.012+0000] {logging_mixin.py:188} INFO - [2025-07-16T19:27:08.011+0000] {dag.py:3096} INFO - Sync 1 DAGs
[2025-07-16T19:27:08.024+0000] {logging_mixin.py:188} INFO - [2025-07-16T19:27:08.023+0000] {dag.py:3954} INFO - Setting next_dagrun for example_params_trigger_ui to None, run_after=None
[2025-07-16T19:27:08.080+0000] {processor.py:183} INFO - Processing /mnt/c/Users/Shivam Gupta/OneDrive/Documents/Shivam_Developement/data_engineering/data_engineering_project/batch-etl-pyspark/.venv/lib/python3.12/site-packages/airflow/example_dags/example_params_trigger_ui.py took 0.223 seconds
[2025-07-16T19:28:22.782+0000] {processor.py:161} INFO - Started process (PID=13307) to work on /mnt/c/Users/Shivam Gupta/OneDrive/Documents/Shivam_Developement/data_engineering/data_engineering_project/batch-etl-pyspark/.venv/lib/python3.12/site-packages/airflow/example_dags/example_params_trigger_ui.py
[2025-07-16T19:28:22.785+0000] {processor.py:830} INFO - Processing file /mnt/c/Users/Shivam Gupta/OneDrive/Documents/Shivam_Developement/data_engineering/data_engineering_project/batch-etl-pyspark/.venv/lib/python3.12/site-packages/airflow/example_dags/example_params_trigger_ui.py for tasks to queue
[2025-07-16T19:28:22.790+0000] {logging_mixin.py:188} INFO - [2025-07-16T19:28:22.788+0000] {dagbag.py:545} INFO - Filling up the DagBag from /mnt/c/Users/Shivam Gupta/OneDrive/Documents/Shivam_Developement/data_engineering/data_engineering_project/batch-etl-pyspark/.venv/lib/python3.12/site-packages/airflow/example_dags/example_params_trigger_ui.py
[2025-07-16T19:28:22.839+0000] {processor.py:840} INFO - DAG(s) 'example_params_trigger_ui' retrieved from /mnt/c/Users/Shivam Gupta/OneDrive/Documents/Shivam_Developement/data_engineering/data_engineering_project/batch-etl-pyspark/.venv/lib/python3.12/site-packages/airflow/example_dags/example_params_trigger_ui.py
[2025-07-16T19:28:22.898+0000] {logging_mixin.py:188} INFO - [2025-07-16T19:28:22.897+0000] {dag.py:3096} INFO - Sync 1 DAGs
[2025-07-16T19:28:22.919+0000] {logging_mixin.py:188} INFO - [2025-07-16T19:28:22.917+0000] {dag.py:3954} INFO - Setting next_dagrun for example_params_trigger_ui to None, run_after=None
[2025-07-16T19:28:22.995+0000] {processor.py:183} INFO - Processing /mnt/c/Users/Shivam Gupta/OneDrive/Documents/Shivam_Developement/data_engineering/data_engineering_project/batch-etl-pyspark/.venv/lib/python3.12/site-packages/airflow/example_dags/example_params_trigger_ui.py took 0.226 seconds
[2025-07-16T19:29:33.280+0000] {processor.py:161} INFO - Started process (PID=13431) to work on /mnt/c/Users/Shivam Gupta/OneDrive/Documents/Shivam_Developement/data_engineering/data_engineering_project/batch-etl-pyspark/.venv/lib/python3.12/site-packages/airflow/example_dags/example_params_trigger_ui.py
[2025-07-16T19:29:33.281+0000] {processor.py:830} INFO - Processing file /mnt/c/Users/Shivam Gupta/OneDrive/Documents/Shivam_Developement/data_engineering/data_engineering_project/batch-etl-pyspark/.venv/lib/python3.12/site-packages/airflow/example_dags/example_params_trigger_ui.py for tasks to queue
[2025-07-16T19:29:33.283+0000] {logging_mixin.py:188} INFO - [2025-07-16T19:29:33.282+0000] {dagbag.py:545} INFO - Filling up the DagBag from /mnt/c/Users/Shivam Gupta/OneDrive/Documents/Shivam_Developement/data_engineering/data_engineering_project/batch-etl-pyspark/.venv/lib/python3.12/site-packages/airflow/example_dags/example_params_trigger_ui.py
[2025-07-16T19:29:33.301+0000] {processor.py:840} INFO - DAG(s) 'example_params_trigger_ui' retrieved from /mnt/c/Users/Shivam Gupta/OneDrive/Documents/Shivam_Developement/data_engineering/data_engineering_project/batch-etl-pyspark/.venv/lib/python3.12/site-packages/airflow/example_dags/example_params_trigger_ui.py
[2025-07-16T19:29:33.333+0000] {logging_mixin.py:188} INFO - [2025-07-16T19:29:33.332+0000] {dag.py:3096} INFO - Sync 1 DAGs
[2025-07-16T19:29:33.343+0000] {logging_mixin.py:188} INFO - [2025-07-16T19:29:33.342+0000] {dag.py:3954} INFO - Setting next_dagrun for example_params_trigger_ui to None, run_after=None
[2025-07-16T19:29:33.409+0000] {processor.py:183} INFO - Processing /mnt/c/Users/Shivam Gupta/OneDrive/Documents/Shivam_Developement/data_engineering/data_engineering_project/batch-etl-pyspark/.venv/lib/python3.12/site-packages/airflow/example_dags/example_params_trigger_ui.py took 0.136 seconds
[2025-07-16T19:30:52.067+0000] {processor.py:161} INFO - Started process (PID=13532) to work on /mnt/c/Users/Shivam Gupta/OneDrive/Documents/Shivam_Developement/data_engineering/data_engineering_project/batch-etl-pyspark/.venv/lib/python3.12/site-packages/airflow/example_dags/example_params_trigger_ui.py
[2025-07-16T19:30:52.069+0000] {processor.py:830} INFO - Processing file /mnt/c/Users/Shivam Gupta/OneDrive/Documents/Shivam_Developement/data_engineering/data_engineering_project/batch-etl-pyspark/.venv/lib/python3.12/site-packages/airflow/example_dags/example_params_trigger_ui.py for tasks to queue
[2025-07-16T19:30:52.072+0000] {logging_mixin.py:188} INFO - [2025-07-16T19:30:52.071+0000] {dagbag.py:545} INFO - Filling up the DagBag from /mnt/c/Users/Shivam Gupta/OneDrive/Documents/Shivam_Developement/data_engineering/data_engineering_project/batch-etl-pyspark/.venv/lib/python3.12/site-packages/airflow/example_dags/example_params_trigger_ui.py
[2025-07-16T19:30:52.101+0000] {processor.py:840} INFO - DAG(s) 'example_params_trigger_ui' retrieved from /mnt/c/Users/Shivam Gupta/OneDrive/Documents/Shivam_Developement/data_engineering/data_engineering_project/batch-etl-pyspark/.venv/lib/python3.12/site-packages/airflow/example_dags/example_params_trigger_ui.py
[2025-07-16T19:30:52.143+0000] {logging_mixin.py:188} INFO - [2025-07-16T19:30:52.142+0000] {dag.py:3096} INFO - Sync 1 DAGs
[2025-07-16T19:30:52.154+0000] {logging_mixin.py:188} INFO - [2025-07-16T19:30:52.153+0000] {dag.py:3954} INFO - Setting next_dagrun for example_params_trigger_ui to None, run_after=None
[2025-07-16T19:30:52.196+0000] {processor.py:183} INFO - Processing /mnt/c/Users/Shivam Gupta/OneDrive/Documents/Shivam_Developement/data_engineering/data_engineering_project/batch-etl-pyspark/.venv/lib/python3.12/site-packages/airflow/example_dags/example_params_trigger_ui.py took 0.139 seconds
[2025-07-16T19:32:03.726+0000] {processor.py:161} INFO - Started process (PID=13691) to work on /mnt/c/Users/Shivam Gupta/OneDrive/Documents/Shivam_Developement/data_engineering/data_engineering_project/batch-etl-pyspark/.venv/lib/python3.12/site-packages/airflow/example_dags/example_params_trigger_ui.py
[2025-07-16T19:32:03.729+0000] {processor.py:830} INFO - Processing file /mnt/c/Users/Shivam Gupta/OneDrive/Documents/Shivam_Developement/data_engineering/data_engineering_project/batch-etl-pyspark/.venv/lib/python3.12/site-packages/airflow/example_dags/example_params_trigger_ui.py for tasks to queue
[2025-07-16T19:32:03.732+0000] {logging_mixin.py:188} INFO - [2025-07-16T19:32:03.731+0000] {dagbag.py:545} INFO - Filling up the DagBag from /mnt/c/Users/Shivam Gupta/OneDrive/Documents/Shivam_Developement/data_engineering/data_engineering_project/batch-etl-pyspark/.venv/lib/python3.12/site-packages/airflow/example_dags/example_params_trigger_ui.py
[2025-07-16T19:32:03.763+0000] {processor.py:840} INFO - DAG(s) 'example_params_trigger_ui' retrieved from /mnt/c/Users/Shivam Gupta/OneDrive/Documents/Shivam_Developement/data_engineering/data_engineering_project/batch-etl-pyspark/.venv/lib/python3.12/site-packages/airflow/example_dags/example_params_trigger_ui.py
[2025-07-16T19:32:03.804+0000] {logging_mixin.py:188} INFO - [2025-07-16T19:32:03.803+0000] {dag.py:3096} INFO - Sync 1 DAGs
[2025-07-16T19:32:03.819+0000] {logging_mixin.py:188} INFO - [2025-07-16T19:32:03.818+0000] {dag.py:3954} INFO - Setting next_dagrun for example_params_trigger_ui to None, run_after=None
[2025-07-16T19:32:03.899+0000] {processor.py:183} INFO - Processing /mnt/c/Users/Shivam Gupta/OneDrive/Documents/Shivam_Developement/data_engineering/data_engineering_project/batch-etl-pyspark/.venv/lib/python3.12/site-packages/airflow/example_dags/example_params_trigger_ui.py took 0.191 seconds
[2025-07-16T19:33:08.939+0000] {processor.py:161} INFO - Started process (PID=13807) to work on /mnt/c/Users/Shivam Gupta/OneDrive/Documents/Shivam_Developement/data_engineering/data_engineering_project/batch-etl-pyspark/.venv/lib/python3.12/site-packages/airflow/example_dags/example_params_trigger_ui.py
[2025-07-16T19:33:08.944+0000] {processor.py:830} INFO - Processing file /mnt/c/Users/Shivam Gupta/OneDrive/Documents/Shivam_Developement/data_engineering/data_engineering_project/batch-etl-pyspark/.venv/lib/python3.12/site-packages/airflow/example_dags/example_params_trigger_ui.py for tasks to queue
[2025-07-16T19:33:08.949+0000] {logging_mixin.py:188} INFO - [2025-07-16T19:33:08.947+0000] {dagbag.py:545} INFO - Filling up the DagBag from /mnt/c/Users/Shivam Gupta/OneDrive/Documents/Shivam_Developement/data_engineering/data_engineering_project/batch-etl-pyspark/.venv/lib/python3.12/site-packages/airflow/example_dags/example_params_trigger_ui.py
[2025-07-16T19:33:08.997+0000] {processor.py:840} INFO - DAG(s) 'example_params_trigger_ui' retrieved from /mnt/c/Users/Shivam Gupta/OneDrive/Documents/Shivam_Developement/data_engineering/data_engineering_project/batch-etl-pyspark/.venv/lib/python3.12/site-packages/airflow/example_dags/example_params_trigger_ui.py
[2025-07-16T19:33:09.073+0000] {logging_mixin.py:188} INFO - [2025-07-16T19:33:09.071+0000] {dag.py:3096} INFO - Sync 1 DAGs
[2025-07-16T19:33:09.095+0000] {logging_mixin.py:188} INFO - [2025-07-16T19:33:09.093+0000] {dag.py:3954} INFO - Setting next_dagrun for example_params_trigger_ui to None, run_after=None
[2025-07-16T19:33:09.245+0000] {processor.py:183} INFO - Processing /mnt/c/Users/Shivam Gupta/OneDrive/Documents/Shivam_Developement/data_engineering/data_engineering_project/batch-etl-pyspark/.venv/lib/python3.12/site-packages/airflow/example_dags/example_params_trigger_ui.py took 0.327 seconds
[2025-07-16T19:34:24.111+0000] {processor.py:161} INFO - Started process (PID=13945) to work on /mnt/c/Users/Shivam Gupta/OneDrive/Documents/Shivam_Developement/data_engineering/data_engineering_project/batch-etl-pyspark/.venv/lib/python3.12/site-packages/airflow/example_dags/example_params_trigger_ui.py
[2025-07-16T19:34:24.113+0000] {processor.py:830} INFO - Processing file /mnt/c/Users/Shivam Gupta/OneDrive/Documents/Shivam_Developement/data_engineering/data_engineering_project/batch-etl-pyspark/.venv/lib/python3.12/site-packages/airflow/example_dags/example_params_trigger_ui.py for tasks to queue
[2025-07-16T19:34:24.118+0000] {logging_mixin.py:188} INFO - [2025-07-16T19:34:24.117+0000] {dagbag.py:545} INFO - Filling up the DagBag from /mnt/c/Users/Shivam Gupta/OneDrive/Documents/Shivam_Developement/data_engineering/data_engineering_project/batch-etl-pyspark/.venv/lib/python3.12/site-packages/airflow/example_dags/example_params_trigger_ui.py
[2025-07-16T19:34:24.154+0000] {processor.py:840} INFO - DAG(s) 'example_params_trigger_ui' retrieved from /mnt/c/Users/Shivam Gupta/OneDrive/Documents/Shivam_Developement/data_engineering/data_engineering_project/batch-etl-pyspark/.venv/lib/python3.12/site-packages/airflow/example_dags/example_params_trigger_ui.py
[2025-07-16T19:34:24.201+0000] {logging_mixin.py:188} INFO - [2025-07-16T19:34:24.200+0000] {dag.py:3096} INFO - Sync 1 DAGs
[2025-07-16T19:34:24.214+0000] {logging_mixin.py:188} INFO - [2025-07-16T19:34:24.212+0000] {dag.py:3954} INFO - Setting next_dagrun for example_params_trigger_ui to None, run_after=None
[2025-07-16T19:34:24.280+0000] {processor.py:183} INFO - Processing /mnt/c/Users/Shivam Gupta/OneDrive/Documents/Shivam_Developement/data_engineering/data_engineering_project/batch-etl-pyspark/.venv/lib/python3.12/site-packages/airflow/example_dags/example_params_trigger_ui.py took 0.181 seconds
[2025-07-16T19:35:37.255+0000] {processor.py:161} INFO - Started process (PID=14083) to work on /mnt/c/Users/Shivam Gupta/OneDrive/Documents/Shivam_Developement/data_engineering/data_engineering_project/batch-etl-pyspark/.venv/lib/python3.12/site-packages/airflow/example_dags/example_params_trigger_ui.py
[2025-07-16T19:35:37.257+0000] {processor.py:830} INFO - Processing file /mnt/c/Users/Shivam Gupta/OneDrive/Documents/Shivam_Developement/data_engineering/data_engineering_project/batch-etl-pyspark/.venv/lib/python3.12/site-packages/airflow/example_dags/example_params_trigger_ui.py for tasks to queue
[2025-07-16T19:35:37.261+0000] {logging_mixin.py:188} INFO - [2025-07-16T19:35:37.259+0000] {dagbag.py:545} INFO - Filling up the DagBag from /mnt/c/Users/Shivam Gupta/OneDrive/Documents/Shivam_Developement/data_engineering/data_engineering_project/batch-etl-pyspark/.venv/lib/python3.12/site-packages/airflow/example_dags/example_params_trigger_ui.py
[2025-07-16T19:35:37.299+0000] {processor.py:840} INFO - DAG(s) 'example_params_trigger_ui' retrieved from /mnt/c/Users/Shivam Gupta/OneDrive/Documents/Shivam_Developement/data_engineering/data_engineering_project/batch-etl-pyspark/.venv/lib/python3.12/site-packages/airflow/example_dags/example_params_trigger_ui.py
[2025-07-16T19:35:37.345+0000] {logging_mixin.py:188} INFO - [2025-07-16T19:35:37.344+0000] {dag.py:3096} INFO - Sync 1 DAGs
[2025-07-16T19:35:37.360+0000] {logging_mixin.py:188} INFO - [2025-07-16T19:35:37.359+0000] {dag.py:3954} INFO - Setting next_dagrun for example_params_trigger_ui to None, run_after=None
[2025-07-16T19:35:37.436+0000] {processor.py:183} INFO - Processing /mnt/c/Users/Shivam Gupta/OneDrive/Documents/Shivam_Developement/data_engineering/data_engineering_project/batch-etl-pyspark/.venv/lib/python3.12/site-packages/airflow/example_dags/example_params_trigger_ui.py took 0.205 seconds
[2025-07-16T19:49:19.785+0000] {processor.py:161} INFO - Started process (PID=15096) to work on /mnt/c/Users/Shivam Gupta/OneDrive/Documents/Shivam_Developement/data_engineering/data_engineering_project/batch-etl-pyspark/.venv/lib/python3.12/site-packages/airflow/example_dags/example_params_trigger_ui.py
[2025-07-16T19:49:19.788+0000] {processor.py:830} INFO - Processing file /mnt/c/Users/Shivam Gupta/OneDrive/Documents/Shivam_Developement/data_engineering/data_engineering_project/batch-etl-pyspark/.venv/lib/python3.12/site-packages/airflow/example_dags/example_params_trigger_ui.py for tasks to queue
[2025-07-16T19:49:19.792+0000] {logging_mixin.py:188} INFO - [2025-07-16T19:49:19.791+0000] {dagbag.py:545} INFO - Filling up the DagBag from /mnt/c/Users/Shivam Gupta/OneDrive/Documents/Shivam_Developement/data_engineering/data_engineering_project/batch-etl-pyspark/.venv/lib/python3.12/site-packages/airflow/example_dags/example_params_trigger_ui.py
[2025-07-16T19:49:19.850+0000] {processor.py:840} INFO - DAG(s) 'example_params_trigger_ui' retrieved from /mnt/c/Users/Shivam Gupta/OneDrive/Documents/Shivam_Developement/data_engineering/data_engineering_project/batch-etl-pyspark/.venv/lib/python3.12/site-packages/airflow/example_dags/example_params_trigger_ui.py
[2025-07-16T19:49:19.925+0000] {logging_mixin.py:188} INFO - [2025-07-16T19:49:19.924+0000] {dag.py:3096} INFO - Sync 1 DAGs
[2025-07-16T19:49:19.941+0000] {logging_mixin.py:188} INFO - [2025-07-16T19:49:19.940+0000] {dag.py:3954} INFO - Setting next_dagrun for example_params_trigger_ui to None, run_after=None
[2025-07-16T19:49:20.027+0000] {processor.py:183} INFO - Processing /mnt/c/Users/Shivam Gupta/OneDrive/Documents/Shivam_Developement/data_engineering/data_engineering_project/batch-etl-pyspark/.venv/lib/python3.12/site-packages/airflow/example_dags/example_params_trigger_ui.py took 0.257 seconds
[2025-07-16T19:50:47.307+0000] {processor.py:161} INFO - Started process (PID=15214) to work on /mnt/c/Users/Shivam Gupta/OneDrive/Documents/Shivam_Developement/data_engineering/data_engineering_project/batch-etl-pyspark/.venv/lib/python3.12/site-packages/airflow/example_dags/example_params_trigger_ui.py
[2025-07-16T19:50:47.310+0000] {processor.py:830} INFO - Processing file /mnt/c/Users/Shivam Gupta/OneDrive/Documents/Shivam_Developement/data_engineering/data_engineering_project/batch-etl-pyspark/.venv/lib/python3.12/site-packages/airflow/example_dags/example_params_trigger_ui.py for tasks to queue
[2025-07-16T19:50:47.313+0000] {logging_mixin.py:188} INFO - [2025-07-16T19:50:47.312+0000] {dagbag.py:545} INFO - Filling up the DagBag from /mnt/c/Users/Shivam Gupta/OneDrive/Documents/Shivam_Developement/data_engineering/data_engineering_project/batch-etl-pyspark/.venv/lib/python3.12/site-packages/airflow/example_dags/example_params_trigger_ui.py
[2025-07-16T19:50:47.347+0000] {processor.py:840} INFO - DAG(s) 'example_params_trigger_ui' retrieved from /mnt/c/Users/Shivam Gupta/OneDrive/Documents/Shivam_Developement/data_engineering/data_engineering_project/batch-etl-pyspark/.venv/lib/python3.12/site-packages/airflow/example_dags/example_params_trigger_ui.py
[2025-07-16T19:50:47.398+0000] {logging_mixin.py:188} INFO - [2025-07-16T19:50:47.396+0000] {dag.py:3096} INFO - Sync 1 DAGs
[2025-07-16T19:50:47.421+0000] {logging_mixin.py:188} INFO - [2025-07-16T19:50:47.418+0000] {dag.py:3954} INFO - Setting next_dagrun for example_params_trigger_ui to None, run_after=None
[2025-07-16T19:50:47.536+0000] {processor.py:183} INFO - Processing /mnt/c/Users/Shivam Gupta/OneDrive/Documents/Shivam_Developement/data_engineering/data_engineering_project/batch-etl-pyspark/.venv/lib/python3.12/site-packages/airflow/example_dags/example_params_trigger_ui.py took 0.240 seconds
[2025-07-16T19:52:12.099+0000] {processor.py:161} INFO - Started process (PID=15311) to work on /mnt/c/Users/Shivam Gupta/OneDrive/Documents/Shivam_Developement/data_engineering/data_engineering_project/batch-etl-pyspark/.venv/lib/python3.12/site-packages/airflow/example_dags/example_params_trigger_ui.py
[2025-07-16T19:52:12.103+0000] {processor.py:830} INFO - Processing file /mnt/c/Users/Shivam Gupta/OneDrive/Documents/Shivam_Developement/data_engineering/data_engineering_project/batch-etl-pyspark/.venv/lib/python3.12/site-packages/airflow/example_dags/example_params_trigger_ui.py for tasks to queue
[2025-07-16T19:52:12.109+0000] {logging_mixin.py:188} INFO - [2025-07-16T19:52:12.106+0000] {dagbag.py:545} INFO - Filling up the DagBag from /mnt/c/Users/Shivam Gupta/OneDrive/Documents/Shivam_Developement/data_engineering/data_engineering_project/batch-etl-pyspark/.venv/lib/python3.12/site-packages/airflow/example_dags/example_params_trigger_ui.py
[2025-07-16T19:52:12.157+0000] {processor.py:840} INFO - DAG(s) 'example_params_trigger_ui' retrieved from /mnt/c/Users/Shivam Gupta/OneDrive/Documents/Shivam_Developement/data_engineering/data_engineering_project/batch-etl-pyspark/.venv/lib/python3.12/site-packages/airflow/example_dags/example_params_trigger_ui.py
[2025-07-16T19:52:12.211+0000] {logging_mixin.py:188} INFO - [2025-07-16T19:52:12.209+0000] {dag.py:3096} INFO - Sync 1 DAGs
[2025-07-16T19:52:12.230+0000] {logging_mixin.py:188} INFO - [2025-07-16T19:52:12.228+0000] {dag.py:3954} INFO - Setting next_dagrun for example_params_trigger_ui to None, run_after=None
[2025-07-16T19:52:12.330+0000] {processor.py:183} INFO - Processing /mnt/c/Users/Shivam Gupta/OneDrive/Documents/Shivam_Developement/data_engineering/data_engineering_project/batch-etl-pyspark/.venv/lib/python3.12/site-packages/airflow/example_dags/example_params_trigger_ui.py took 0.250 seconds
[2025-07-16T19:53:34.897+0000] {processor.py:161} INFO - Started process (PID=15458) to work on /mnt/c/Users/Shivam Gupta/OneDrive/Documents/Shivam_Developement/data_engineering/data_engineering_project/batch-etl-pyspark/.venv/lib/python3.12/site-packages/airflow/example_dags/example_params_trigger_ui.py
[2025-07-16T19:53:34.899+0000] {processor.py:830} INFO - Processing file /mnt/c/Users/Shivam Gupta/OneDrive/Documents/Shivam_Developement/data_engineering/data_engineering_project/batch-etl-pyspark/.venv/lib/python3.12/site-packages/airflow/example_dags/example_params_trigger_ui.py for tasks to queue
[2025-07-16T19:53:34.903+0000] {logging_mixin.py:188} INFO - [2025-07-16T19:53:34.902+0000] {dagbag.py:545} INFO - Filling up the DagBag from /mnt/c/Users/Shivam Gupta/OneDrive/Documents/Shivam_Developement/data_engineering/data_engineering_project/batch-etl-pyspark/.venv/lib/python3.12/site-packages/airflow/example_dags/example_params_trigger_ui.py
[2025-07-16T19:53:34.953+0000] {processor.py:840} INFO - DAG(s) 'example_params_trigger_ui' retrieved from /mnt/c/Users/Shivam Gupta/OneDrive/Documents/Shivam_Developement/data_engineering/data_engineering_project/batch-etl-pyspark/.venv/lib/python3.12/site-packages/airflow/example_dags/example_params_trigger_ui.py
[2025-07-16T19:53:35.013+0000] {logging_mixin.py:188} INFO - [2025-07-16T19:53:35.012+0000] {dag.py:3096} INFO - Sync 1 DAGs
[2025-07-16T19:53:35.034+0000] {logging_mixin.py:188} INFO - [2025-07-16T19:53:35.033+0000] {dag.py:3954} INFO - Setting next_dagrun for example_params_trigger_ui to None, run_after=None
[2025-07-16T19:53:35.136+0000] {processor.py:183} INFO - Processing /mnt/c/Users/Shivam Gupta/OneDrive/Documents/Shivam_Developement/data_engineering/data_engineering_project/batch-etl-pyspark/.venv/lib/python3.12/site-packages/airflow/example_dags/example_params_trigger_ui.py took 0.255 seconds
