[2025-07-16T17:47:57.323+0000] {processor.py:161} INFO - Started process (PID=5790) to work on /mnt/c/Users/Shivam Gupta/OneDrive/Documents/Shivam_Developement/data_engineering/data_engineering_project/batch-etl-pyspark/.venv/lib/python3.12/site-packages/airflow/example_dags/example_branch_labels.py
[2025-07-16T17:47:57.325+0000] {processor.py:830} INFO - Processing file /mnt/c/Users/Shivam Gupta/OneDrive/Documents/Shivam_Developement/data_engineering/data_engineering_project/batch-etl-pyspark/.venv/lib/python3.12/site-packages/airflow/example_dags/example_branch_labels.py for tasks to queue
[2025-07-16T17:47:57.328+0000] {logging_mixin.py:188} INFO - [2025-07-16T17:47:57.327+0000] {dagbag.py:545} INFO - Filling up the DagBag from /mnt/c/Users/Shivam Gupta/OneDrive/Documents/Shivam_Developement/data_engineering/data_engineering_project/batch-etl-pyspark/.venv/lib/python3.12/site-packages/airflow/example_dags/example_branch_labels.py
[2025-07-16T17:47:57.357+0000] {processor.py:840} INFO - DAG(s) 'example_branch_labels' retrieved from /mnt/c/Users/Shivam Gupta/OneDrive/Documents/Shivam_Developement/data_engineering/data_engineering_project/batch-etl-pyspark/.venv/lib/python3.12/site-packages/airflow/example_dags/example_branch_labels.py
[2025-07-16T17:47:58.273+0000] {logging_mixin.py:188} INFO - [2025-07-16T17:47:58.272+0000] {override.py:1930} INFO - Created Permission View: can read on DAG:example_branch_labels
[2025-07-16T17:47:58.307+0000] {logging_mixin.py:188} INFO - [2025-07-16T17:47:58.306+0000] {override.py:1930} INFO - Created Permission View: can edit on DAG:example_branch_labels
[2025-07-16T17:47:58.338+0000] {logging_mixin.py:188} INFO - [2025-07-16T17:47:58.337+0000] {override.py:1930} INFO - Created Permission View: can delete on DAG:example_branch_labels
[2025-07-16T17:47:58.339+0000] {logging_mixin.py:188} INFO - [2025-07-16T17:47:58.339+0000] {dag.py:3096} INFO - Sync 1 DAGs
[2025-07-16T17:47:58.356+0000] {logging_mixin.py:188} INFO - [2025-07-16T17:47:58.355+0000] {dag.py:3118} INFO - Creating ORM DAG for example_branch_labels
[2025-07-16T17:47:58.367+0000] {logging_mixin.py:188} INFO - [2025-07-16T17:47:58.366+0000] {dag.py:3954} INFO - Setting next_dagrun for example_branch_labels to 2025-07-15 00:00:00+00:00, run_after=2025-07-16 00:00:00+00:00
[2025-07-16T17:47:58.428+0000] {processor.py:183} INFO - Processing /mnt/c/Users/Shivam Gupta/OneDrive/Documents/Shivam_Developement/data_engineering/data_engineering_project/batch-etl-pyspark/.venv/lib/python3.12/site-packages/airflow/example_dags/example_branch_labels.py took 1.115 seconds
[2025-07-16T17:49:54.010+0000] {processor.py:161} INFO - Started process (PID=5896) to work on /mnt/c/Users/Shivam Gupta/OneDrive/Documents/Shivam_Developement/data_engineering/data_engineering_project/batch-etl-pyspark/.venv/lib/python3.12/site-packages/airflow/example_dags/example_branch_labels.py
[2025-07-16T17:49:54.012+0000] {processor.py:830} INFO - Processing file /mnt/c/Users/Shivam Gupta/OneDrive/Documents/Shivam_Developement/data_engineering/data_engineering_project/batch-etl-pyspark/.venv/lib/python3.12/site-packages/airflow/example_dags/example_branch_labels.py for tasks to queue
[2025-07-16T17:49:54.015+0000] {logging_mixin.py:188} INFO - [2025-07-16T17:49:54.013+0000] {dagbag.py:545} INFO - Filling up the DagBag from /mnt/c/Users/Shivam Gupta/OneDrive/Documents/Shivam_Developement/data_engineering/data_engineering_project/batch-etl-pyspark/.venv/lib/python3.12/site-packages/airflow/example_dags/example_branch_labels.py
[2025-07-16T17:49:54.041+0000] {processor.py:840} INFO - DAG(s) 'example_branch_labels' retrieved from /mnt/c/Users/Shivam Gupta/OneDrive/Documents/Shivam_Developement/data_engineering/data_engineering_project/batch-etl-pyspark/.venv/lib/python3.12/site-packages/airflow/example_dags/example_branch_labels.py
[2025-07-16T17:49:54.064+0000] {logging_mixin.py:188} INFO - [2025-07-16T17:49:54.064+0000] {dag.py:3096} INFO - Sync 1 DAGs
[2025-07-16T17:49:54.083+0000] {logging_mixin.py:188} INFO - [2025-07-16T17:49:54.082+0000] {dag.py:3954} INFO - Setting next_dagrun for example_branch_labels to 2025-07-15 00:00:00+00:00, run_after=2025-07-16 00:00:00+00:00
[2025-07-16T17:49:54.125+0000] {processor.py:183} INFO - Processing /mnt/c/Users/Shivam Gupta/OneDrive/Documents/Shivam_Developement/data_engineering/data_engineering_project/batch-etl-pyspark/.venv/lib/python3.12/site-packages/airflow/example_dags/example_branch_labels.py took 0.131 seconds
[2025-07-16T17:51:24.575+0000] {processor.py:161} INFO - Started process (PID=5986) to work on /mnt/c/Users/Shivam Gupta/OneDrive/Documents/Shivam_Developement/data_engineering/data_engineering_project/batch-etl-pyspark/.venv/lib/python3.12/site-packages/airflow/example_dags/example_branch_labels.py
[2025-07-16T17:51:24.577+0000] {processor.py:830} INFO - Processing file /mnt/c/Users/Shivam Gupta/OneDrive/Documents/Shivam_Developement/data_engineering/data_engineering_project/batch-etl-pyspark/.venv/lib/python3.12/site-packages/airflow/example_dags/example_branch_labels.py for tasks to queue
[2025-07-16T17:51:24.579+0000] {logging_mixin.py:188} INFO - [2025-07-16T17:51:24.578+0000] {dagbag.py:545} INFO - Filling up the DagBag from /mnt/c/Users/Shivam Gupta/OneDrive/Documents/Shivam_Developement/data_engineering/data_engineering_project/batch-etl-pyspark/.venv/lib/python3.12/site-packages/airflow/example_dags/example_branch_labels.py
[2025-07-16T17:51:24.605+0000] {processor.py:840} INFO - DAG(s) 'example_branch_labels' retrieved from /mnt/c/Users/Shivam Gupta/OneDrive/Documents/Shivam_Developement/data_engineering/data_engineering_project/batch-etl-pyspark/.venv/lib/python3.12/site-packages/airflow/example_dags/example_branch_labels.py
[2025-07-16T17:51:24.629+0000] {logging_mixin.py:188} INFO - [2025-07-16T17:51:24.628+0000] {dag.py:3096} INFO - Sync 1 DAGs
[2025-07-16T17:51:24.651+0000] {logging_mixin.py:188} INFO - [2025-07-16T17:51:24.649+0000] {dag.py:3954} INFO - Setting next_dagrun for example_branch_labels to 2025-07-15 00:00:00+00:00, run_after=2025-07-16 00:00:00+00:00
[2025-07-16T17:51:24.714+0000] {processor.py:183} INFO - Processing /mnt/c/Users/Shivam Gupta/OneDrive/Documents/Shivam_Developement/data_engineering/data_engineering_project/batch-etl-pyspark/.venv/lib/python3.12/site-packages/airflow/example_dags/example_branch_labels.py took 0.150 seconds
[2025-07-16T17:52:32.134+0000] {processor.py:161} INFO - Started process (PID=6055) to work on /mnt/c/Users/Shivam Gupta/OneDrive/Documents/Shivam_Developement/data_engineering/data_engineering_project/batch-etl-pyspark/.venv/lib/python3.12/site-packages/airflow/example_dags/example_branch_labels.py
[2025-07-16T17:52:32.136+0000] {processor.py:830} INFO - Processing file /mnt/c/Users/Shivam Gupta/OneDrive/Documents/Shivam_Developement/data_engineering/data_engineering_project/batch-etl-pyspark/.venv/lib/python3.12/site-packages/airflow/example_dags/example_branch_labels.py for tasks to queue
[2025-07-16T17:52:32.138+0000] {logging_mixin.py:188} INFO - [2025-07-16T17:52:32.137+0000] {dagbag.py:545} INFO - Filling up the DagBag from /mnt/c/Users/Shivam Gupta/OneDrive/Documents/Shivam_Developement/data_engineering/data_engineering_project/batch-etl-pyspark/.venv/lib/python3.12/site-packages/airflow/example_dags/example_branch_labels.py
[2025-07-16T17:52:32.160+0000] {processor.py:840} INFO - DAG(s) 'example_branch_labels' retrieved from /mnt/c/Users/Shivam Gupta/OneDrive/Documents/Shivam_Developement/data_engineering/data_engineering_project/batch-etl-pyspark/.venv/lib/python3.12/site-packages/airflow/example_dags/example_branch_labels.py
[2025-07-16T17:52:32.185+0000] {logging_mixin.py:188} INFO - [2025-07-16T17:52:32.184+0000] {dag.py:3096} INFO - Sync 1 DAGs
[2025-07-16T17:52:32.209+0000] {logging_mixin.py:188} INFO - [2025-07-16T17:52:32.208+0000] {dag.py:3954} INFO - Setting next_dagrun for example_branch_labels to 2025-07-15 00:00:00+00:00, run_after=2025-07-16 00:00:00+00:00
[2025-07-16T17:52:32.280+0000] {processor.py:183} INFO - Processing /mnt/c/Users/Shivam Gupta/OneDrive/Documents/Shivam_Developement/data_engineering/data_engineering_project/batch-etl-pyspark/.venv/lib/python3.12/site-packages/airflow/example_dags/example_branch_labels.py took 0.156 seconds
[2025-07-16T17:54:02.146+0000] {processor.py:161} INFO - Started process (PID=6142) to work on /mnt/c/Users/Shivam Gupta/OneDrive/Documents/Shivam_Developement/data_engineering/data_engineering_project/batch-etl-pyspark/.venv/lib/python3.12/site-packages/airflow/example_dags/example_branch_labels.py
[2025-07-16T17:54:02.149+0000] {processor.py:830} INFO - Processing file /mnt/c/Users/Shivam Gupta/OneDrive/Documents/Shivam_Developement/data_engineering/data_engineering_project/batch-etl-pyspark/.venv/lib/python3.12/site-packages/airflow/example_dags/example_branch_labels.py for tasks to queue
[2025-07-16T17:54:02.153+0000] {logging_mixin.py:188} INFO - [2025-07-16T17:54:02.152+0000] {dagbag.py:545} INFO - Filling up the DagBag from /mnt/c/Users/Shivam Gupta/OneDrive/Documents/Shivam_Developement/data_engineering/data_engineering_project/batch-etl-pyspark/.venv/lib/python3.12/site-packages/airflow/example_dags/example_branch_labels.py
[2025-07-16T17:54:02.215+0000] {processor.py:840} INFO - DAG(s) 'example_branch_labels' retrieved from /mnt/c/Users/Shivam Gupta/OneDrive/Documents/Shivam_Developement/data_engineering/data_engineering_project/batch-etl-pyspark/.venv/lib/python3.12/site-packages/airflow/example_dags/example_branch_labels.py
[2025-07-16T17:54:02.265+0000] {logging_mixin.py:188} INFO - [2025-07-16T17:54:02.264+0000] {dag.py:3096} INFO - Sync 1 DAGs
[2025-07-16T17:54:02.293+0000] {logging_mixin.py:188} INFO - [2025-07-16T17:54:02.291+0000] {dag.py:3954} INFO - Setting next_dagrun for example_branch_labels to 2025-07-15 00:00:00+00:00, run_after=2025-07-16 00:00:00+00:00
[2025-07-16T17:54:02.382+0000] {processor.py:183} INFO - Processing /mnt/c/Users/Shivam Gupta/OneDrive/Documents/Shivam_Developement/data_engineering/data_engineering_project/batch-etl-pyspark/.venv/lib/python3.12/site-packages/airflow/example_dags/example_branch_labels.py took 0.249 seconds
[2025-07-16T17:55:32.570+0000] {processor.py:161} INFO - Started process (PID=6231) to work on /mnt/c/Users/Shivam Gupta/OneDrive/Documents/Shivam_Developement/data_engineering/data_engineering_project/batch-etl-pyspark/.venv/lib/python3.12/site-packages/airflow/example_dags/example_branch_labels.py
[2025-07-16T17:55:32.573+0000] {processor.py:830} INFO - Processing file /mnt/c/Users/Shivam Gupta/OneDrive/Documents/Shivam_Developement/data_engineering/data_engineering_project/batch-etl-pyspark/.venv/lib/python3.12/site-packages/airflow/example_dags/example_branch_labels.py for tasks to queue
[2025-07-16T17:55:32.578+0000] {logging_mixin.py:188} INFO - [2025-07-16T17:55:32.576+0000] {dagbag.py:545} INFO - Filling up the DagBag from /mnt/c/Users/Shivam Gupta/OneDrive/Documents/Shivam_Developement/data_engineering/data_engineering_project/batch-etl-pyspark/.venv/lib/python3.12/site-packages/airflow/example_dags/example_branch_labels.py
[2025-07-16T17:55:32.634+0000] {processor.py:840} INFO - DAG(s) 'example_branch_labels' retrieved from /mnt/c/Users/Shivam Gupta/OneDrive/Documents/Shivam_Developement/data_engineering/data_engineering_project/batch-etl-pyspark/.venv/lib/python3.12/site-packages/airflow/example_dags/example_branch_labels.py
[2025-07-16T17:55:32.670+0000] {logging_mixin.py:188} INFO - [2025-07-16T17:55:32.669+0000] {dag.py:3096} INFO - Sync 1 DAGs
[2025-07-16T17:55:32.696+0000] {logging_mixin.py:188} INFO - [2025-07-16T17:55:32.695+0000] {dag.py:3954} INFO - Setting next_dagrun for example_branch_labels to 2025-07-15 00:00:00+00:00, run_after=2025-07-16 00:00:00+00:00
[2025-07-16T17:55:32.754+0000] {processor.py:183} INFO - Processing /mnt/c/Users/Shivam Gupta/OneDrive/Documents/Shivam_Developement/data_engineering/data_engineering_project/batch-etl-pyspark/.venv/lib/python3.12/site-packages/airflow/example_dags/example_branch_labels.py took 0.203 seconds
[2025-07-16T18:03:05.771+0000] {processor.py:161} INFO - Started process (PID=6761) to work on /mnt/c/Users/Shivam Gupta/OneDrive/Documents/Shivam_Developement/data_engineering/data_engineering_project/batch-etl-pyspark/.venv/lib/python3.12/site-packages/airflow/example_dags/example_branch_labels.py
[2025-07-16T18:03:05.775+0000] {processor.py:830} INFO - Processing file /mnt/c/Users/Shivam Gupta/OneDrive/Documents/Shivam_Developement/data_engineering/data_engineering_project/batch-etl-pyspark/.venv/lib/python3.12/site-packages/airflow/example_dags/example_branch_labels.py for tasks to queue
[2025-07-16T18:03:05.780+0000] {logging_mixin.py:188} INFO - [2025-07-16T18:03:05.778+0000] {dagbag.py:545} INFO - Filling up the DagBag from /mnt/c/Users/Shivam Gupta/OneDrive/Documents/Shivam_Developement/data_engineering/data_engineering_project/batch-etl-pyspark/.venv/lib/python3.12/site-packages/airflow/example_dags/example_branch_labels.py
[2025-07-16T18:03:05.837+0000] {processor.py:840} INFO - DAG(s) 'example_branch_labels' retrieved from /mnt/c/Users/Shivam Gupta/OneDrive/Documents/Shivam_Developement/data_engineering/data_engineering_project/batch-etl-pyspark/.venv/lib/python3.12/site-packages/airflow/example_dags/example_branch_labels.py
[2025-07-16T18:03:05.875+0000] {logging_mixin.py:188} INFO - [2025-07-16T18:03:05.874+0000] {dag.py:3096} INFO - Sync 1 DAGs
[2025-07-16T18:03:05.899+0000] {logging_mixin.py:188} INFO - [2025-07-16T18:03:05.897+0000] {dag.py:3954} INFO - Setting next_dagrun for example_branch_labels to 2025-07-15 00:00:00+00:00, run_after=2025-07-16 00:00:00+00:00
[2025-07-16T18:03:05.976+0000] {processor.py:183} INFO - Processing /mnt/c/Users/Shivam Gupta/OneDrive/Documents/Shivam_Developement/data_engineering/data_engineering_project/batch-etl-pyspark/.venv/lib/python3.12/site-packages/airflow/example_dags/example_branch_labels.py took 0.230 seconds
[2025-07-16T18:38:53.707+0000] {processor.py:161} INFO - Started process (PID=8708) to work on /mnt/c/Users/Shivam Gupta/OneDrive/Documents/Shivam_Developement/data_engineering/data_engineering_project/batch-etl-pyspark/.venv/lib/python3.12/site-packages/airflow/example_dags/example_branch_labels.py
[2025-07-16T18:38:53.711+0000] {processor.py:830} INFO - Processing file /mnt/c/Users/Shivam Gupta/OneDrive/Documents/Shivam_Developement/data_engineering/data_engineering_project/batch-etl-pyspark/.venv/lib/python3.12/site-packages/airflow/example_dags/example_branch_labels.py for tasks to queue
[2025-07-16T18:38:53.718+0000] {logging_mixin.py:188} INFO - [2025-07-16T18:38:53.715+0000] {dagbag.py:545} INFO - Filling up the DagBag from /mnt/c/Users/Shivam Gupta/OneDrive/Documents/Shivam_Developement/data_engineering/data_engineering_project/batch-etl-pyspark/.venv/lib/python3.12/site-packages/airflow/example_dags/example_branch_labels.py
[2025-07-16T18:38:53.786+0000] {processor.py:840} INFO - DAG(s) 'example_branch_labels' retrieved from /mnt/c/Users/Shivam Gupta/OneDrive/Documents/Shivam_Developement/data_engineering/data_engineering_project/batch-etl-pyspark/.venv/lib/python3.12/site-packages/airflow/example_dags/example_branch_labels.py
[2025-07-16T18:38:53.850+0000] {logging_mixin.py:188} INFO - [2025-07-16T18:38:53.849+0000] {dag.py:3096} INFO - Sync 1 DAGs
[2025-07-16T18:38:53.886+0000] {logging_mixin.py:188} INFO - [2025-07-16T18:38:53.885+0000] {dag.py:3954} INFO - Setting next_dagrun for example_branch_labels to 2025-07-15 00:00:00+00:00, run_after=2025-07-16 00:00:00+00:00
[2025-07-16T18:38:53.991+0000] {processor.py:183} INFO - Processing /mnt/c/Users/Shivam Gupta/OneDrive/Documents/Shivam_Developement/data_engineering/data_engineering_project/batch-etl-pyspark/.venv/lib/python3.12/site-packages/airflow/example_dags/example_branch_labels.py took 0.313 seconds
[2025-07-16T18:53:01.411+0000] {processor.py:161} INFO - Started process (PID=9408) to work on /mnt/c/Users/Shivam Gupta/OneDrive/Documents/Shivam_Developement/data_engineering/data_engineering_project/batch-etl-pyspark/.venv/lib/python3.12/site-packages/airflow/example_dags/example_branch_labels.py
[2025-07-16T18:53:01.413+0000] {processor.py:830} INFO - Processing file /mnt/c/Users/Shivam Gupta/OneDrive/Documents/Shivam_Developement/data_engineering/data_engineering_project/batch-etl-pyspark/.venv/lib/python3.12/site-packages/airflow/example_dags/example_branch_labels.py for tasks to queue
[2025-07-16T18:53:01.419+0000] {logging_mixin.py:188} INFO - [2025-07-16T18:53:01.417+0000] {dagbag.py:545} INFO - Filling up the DagBag from /mnt/c/Users/Shivam Gupta/OneDrive/Documents/Shivam_Developement/data_engineering/data_engineering_project/batch-etl-pyspark/.venv/lib/python3.12/site-packages/airflow/example_dags/example_branch_labels.py
[2025-07-16T18:53:01.459+0000] {processor.py:840} INFO - DAG(s) 'example_branch_labels' retrieved from /mnt/c/Users/Shivam Gupta/OneDrive/Documents/Shivam_Developement/data_engineering/data_engineering_project/batch-etl-pyspark/.venv/lib/python3.12/site-packages/airflow/example_dags/example_branch_labels.py
[2025-07-16T18:53:01.490+0000] {logging_mixin.py:188} INFO - [2025-07-16T18:53:01.489+0000] {dag.py:3096} INFO - Sync 1 DAGs
[2025-07-16T18:53:01.522+0000] {logging_mixin.py:188} INFO - [2025-07-16T18:53:01.521+0000] {dag.py:3954} INFO - Setting next_dagrun for example_branch_labels to 2025-07-15 00:00:00+00:00, run_after=2025-07-16 00:00:00+00:00
[2025-07-16T18:53:01.603+0000] {processor.py:183} INFO - Processing /mnt/c/Users/Shivam Gupta/OneDrive/Documents/Shivam_Developement/data_engineering/data_engineering_project/batch-etl-pyspark/.venv/lib/python3.12/site-packages/airflow/example_dags/example_branch_labels.py took 0.204 seconds
[2025-07-16T18:54:28.189+0000] {processor.py:161} INFO - Started process (PID=9528) to work on /mnt/c/Users/Shivam Gupta/OneDrive/Documents/Shivam_Developement/data_engineering/data_engineering_project/batch-etl-pyspark/.venv/lib/python3.12/site-packages/airflow/example_dags/example_branch_labels.py
[2025-07-16T18:54:28.192+0000] {processor.py:830} INFO - Processing file /mnt/c/Users/Shivam Gupta/OneDrive/Documents/Shivam_Developement/data_engineering/data_engineering_project/batch-etl-pyspark/.venv/lib/python3.12/site-packages/airflow/example_dags/example_branch_labels.py for tasks to queue
[2025-07-16T18:54:28.199+0000] {logging_mixin.py:188} INFO - [2025-07-16T18:54:28.197+0000] {dagbag.py:545} INFO - Filling up the DagBag from /mnt/c/Users/Shivam Gupta/OneDrive/Documents/Shivam_Developement/data_engineering/data_engineering_project/batch-etl-pyspark/.venv/lib/python3.12/site-packages/airflow/example_dags/example_branch_labels.py
[2025-07-16T18:54:28.256+0000] {processor.py:840} INFO - DAG(s) 'example_branch_labels' retrieved from /mnt/c/Users/Shivam Gupta/OneDrive/Documents/Shivam_Developement/data_engineering/data_engineering_project/batch-etl-pyspark/.venv/lib/python3.12/site-packages/airflow/example_dags/example_branch_labels.py
[2025-07-16T18:54:28.301+0000] {logging_mixin.py:188} INFO - [2025-07-16T18:54:28.300+0000] {dag.py:3096} INFO - Sync 1 DAGs
[2025-07-16T18:54:28.325+0000] {logging_mixin.py:188} INFO - [2025-07-16T18:54:28.325+0000] {dag.py:3954} INFO - Setting next_dagrun for example_branch_labels to 2025-07-15 00:00:00+00:00, run_after=2025-07-16 00:00:00+00:00
[2025-07-16T18:54:28.390+0000] {processor.py:183} INFO - Processing /mnt/c/Users/Shivam Gupta/OneDrive/Documents/Shivam_Developement/data_engineering/data_engineering_project/batch-etl-pyspark/.venv/lib/python3.12/site-packages/airflow/example_dags/example_branch_labels.py took 0.220 seconds
[2025-07-16T18:55:49.250+0000] {processor.py:161} INFO - Started process (PID=9768) to work on /mnt/c/Users/Shivam Gupta/OneDrive/Documents/Shivam_Developement/data_engineering/data_engineering_project/batch-etl-pyspark/.venv/lib/python3.12/site-packages/airflow/example_dags/example_branch_labels.py
[2025-07-16T18:55:49.252+0000] {processor.py:830} INFO - Processing file /mnt/c/Users/Shivam Gupta/OneDrive/Documents/Shivam_Developement/data_engineering/data_engineering_project/batch-etl-pyspark/.venv/lib/python3.12/site-packages/airflow/example_dags/example_branch_labels.py for tasks to queue
[2025-07-16T18:55:49.256+0000] {logging_mixin.py:188} INFO - [2025-07-16T18:55:49.255+0000] {dagbag.py:545} INFO - Filling up the DagBag from /mnt/c/Users/Shivam Gupta/OneDrive/Documents/Shivam_Developement/data_engineering/data_engineering_project/batch-etl-pyspark/.venv/lib/python3.12/site-packages/airflow/example_dags/example_branch_labels.py
[2025-07-16T18:55:49.294+0000] {processor.py:840} INFO - DAG(s) 'example_branch_labels' retrieved from /mnt/c/Users/Shivam Gupta/OneDrive/Documents/Shivam_Developement/data_engineering/data_engineering_project/batch-etl-pyspark/.venv/lib/python3.12/site-packages/airflow/example_dags/example_branch_labels.py
[2025-07-16T18:55:49.328+0000] {logging_mixin.py:188} INFO - [2025-07-16T18:55:49.327+0000] {dag.py:3096} INFO - Sync 1 DAGs
[2025-07-16T18:55:49.359+0000] {logging_mixin.py:188} INFO - [2025-07-16T18:55:49.357+0000] {dag.py:3954} INFO - Setting next_dagrun for example_branch_labels to 2025-07-15 00:00:00+00:00, run_after=2025-07-16 00:00:00+00:00
[2025-07-16T18:55:49.427+0000] {processor.py:183} INFO - Processing /mnt/c/Users/Shivam Gupta/OneDrive/Documents/Shivam_Developement/data_engineering/data_engineering_project/batch-etl-pyspark/.venv/lib/python3.12/site-packages/airflow/example_dags/example_branch_labels.py took 0.190 seconds
[2025-07-16T18:57:04.060+0000] {processor.py:161} INFO - Started process (PID=9917) to work on /mnt/c/Users/Shivam Gupta/OneDrive/Documents/Shivam_Developement/data_engineering/data_engineering_project/batch-etl-pyspark/.venv/lib/python3.12/site-packages/airflow/example_dags/example_branch_labels.py
[2025-07-16T18:57:04.062+0000] {processor.py:830} INFO - Processing file /mnt/c/Users/Shivam Gupta/OneDrive/Documents/Shivam_Developement/data_engineering/data_engineering_project/batch-etl-pyspark/.venv/lib/python3.12/site-packages/airflow/example_dags/example_branch_labels.py for tasks to queue
[2025-07-16T18:57:04.066+0000] {logging_mixin.py:188} INFO - [2025-07-16T18:57:04.065+0000] {dagbag.py:545} INFO - Filling up the DagBag from /mnt/c/Users/Shivam Gupta/OneDrive/Documents/Shivam_Developement/data_engineering/data_engineering_project/batch-etl-pyspark/.venv/lib/python3.12/site-packages/airflow/example_dags/example_branch_labels.py
[2025-07-16T18:57:04.113+0000] {processor.py:840} INFO - DAG(s) 'example_branch_labels' retrieved from /mnt/c/Users/Shivam Gupta/OneDrive/Documents/Shivam_Developement/data_engineering/data_engineering_project/batch-etl-pyspark/.venv/lib/python3.12/site-packages/airflow/example_dags/example_branch_labels.py
[2025-07-16T18:57:04.160+0000] {logging_mixin.py:188} INFO - [2025-07-16T18:57:04.157+0000] {dag.py:3096} INFO - Sync 1 DAGs
[2025-07-16T18:57:04.194+0000] {logging_mixin.py:188} INFO - [2025-07-16T18:57:04.193+0000] {dag.py:3954} INFO - Setting next_dagrun for example_branch_labels to 2025-07-15 00:00:00+00:00, run_after=2025-07-16 00:00:00+00:00
[2025-07-16T18:57:04.284+0000] {processor.py:183} INFO - Processing /mnt/c/Users/Shivam Gupta/OneDrive/Documents/Shivam_Developement/data_engineering/data_engineering_project/batch-etl-pyspark/.venv/lib/python3.12/site-packages/airflow/example_dags/example_branch_labels.py took 0.240 seconds
[2025-07-16T18:58:26.703+0000] {processor.py:161} INFO - Started process (PID=10068) to work on /mnt/c/Users/Shivam Gupta/OneDrive/Documents/Shivam_Developement/data_engineering/data_engineering_project/batch-etl-pyspark/.venv/lib/python3.12/site-packages/airflow/example_dags/example_branch_labels.py
[2025-07-16T18:58:26.704+0000] {processor.py:830} INFO - Processing file /mnt/c/Users/Shivam Gupta/OneDrive/Documents/Shivam_Developement/data_engineering/data_engineering_project/batch-etl-pyspark/.venv/lib/python3.12/site-packages/airflow/example_dags/example_branch_labels.py for tasks to queue
[2025-07-16T18:58:26.706+0000] {logging_mixin.py:188} INFO - [2025-07-16T18:58:26.706+0000] {dagbag.py:545} INFO - Filling up the DagBag from /mnt/c/Users/Shivam Gupta/OneDrive/Documents/Shivam_Developement/data_engineering/data_engineering_project/batch-etl-pyspark/.venv/lib/python3.12/site-packages/airflow/example_dags/example_branch_labels.py
[2025-07-16T18:58:26.725+0000] {processor.py:840} INFO - DAG(s) 'example_branch_labels' retrieved from /mnt/c/Users/Shivam Gupta/OneDrive/Documents/Shivam_Developement/data_engineering/data_engineering_project/batch-etl-pyspark/.venv/lib/python3.12/site-packages/airflow/example_dags/example_branch_labels.py
[2025-07-16T18:58:26.744+0000] {logging_mixin.py:188} INFO - [2025-07-16T18:58:26.744+0000] {dag.py:3096} INFO - Sync 1 DAGs
[2025-07-16T18:58:26.765+0000] {logging_mixin.py:188} INFO - [2025-07-16T18:58:26.764+0000] {dag.py:3954} INFO - Setting next_dagrun for example_branch_labels to 2025-07-15 00:00:00+00:00, run_after=2025-07-16 00:00:00+00:00
[2025-07-16T18:58:26.827+0000] {processor.py:183} INFO - Processing /mnt/c/Users/Shivam Gupta/OneDrive/Documents/Shivam_Developement/data_engineering/data_engineering_project/batch-etl-pyspark/.venv/lib/python3.12/site-packages/airflow/example_dags/example_branch_labels.py took 0.132 seconds
[2025-07-16T18:59:51.629+0000] {processor.py:161} INFO - Started process (PID=10242) to work on /mnt/c/Users/Shivam Gupta/OneDrive/Documents/Shivam_Developement/data_engineering/data_engineering_project/batch-etl-pyspark/.venv/lib/python3.12/site-packages/airflow/example_dags/example_branch_labels.py
[2025-07-16T18:59:51.631+0000] {processor.py:830} INFO - Processing file /mnt/c/Users/Shivam Gupta/OneDrive/Documents/Shivam_Developement/data_engineering/data_engineering_project/batch-etl-pyspark/.venv/lib/python3.12/site-packages/airflow/example_dags/example_branch_labels.py for tasks to queue
[2025-07-16T18:59:51.634+0000] {logging_mixin.py:188} INFO - [2025-07-16T18:59:51.633+0000] {dagbag.py:545} INFO - Filling up the DagBag from /mnt/c/Users/Shivam Gupta/OneDrive/Documents/Shivam_Developement/data_engineering/data_engineering_project/batch-etl-pyspark/.venv/lib/python3.12/site-packages/airflow/example_dags/example_branch_labels.py
[2025-07-16T18:59:51.662+0000] {processor.py:840} INFO - DAG(s) 'example_branch_labels' retrieved from /mnt/c/Users/Shivam Gupta/OneDrive/Documents/Shivam_Developement/data_engineering/data_engineering_project/batch-etl-pyspark/.venv/lib/python3.12/site-packages/airflow/example_dags/example_branch_labels.py
[2025-07-16T18:59:51.686+0000] {logging_mixin.py:188} INFO - [2025-07-16T18:59:51.685+0000] {dag.py:3096} INFO - Sync 1 DAGs
[2025-07-16T18:59:51.704+0000] {logging_mixin.py:188} INFO - [2025-07-16T18:59:51.703+0000] {dag.py:3954} INFO - Setting next_dagrun for example_branch_labels to 2025-07-15 00:00:00+00:00, run_after=2025-07-16 00:00:00+00:00
[2025-07-16T18:59:51.769+0000] {processor.py:183} INFO - Processing /mnt/c/Users/Shivam Gupta/OneDrive/Documents/Shivam_Developement/data_engineering/data_engineering_project/batch-etl-pyspark/.venv/lib/python3.12/site-packages/airflow/example_dags/example_branch_labels.py took 0.149 seconds
[2025-07-16T19:01:19.749+0000] {processor.py:161} INFO - Started process (PID=10437) to work on /mnt/c/Users/Shivam Gupta/OneDrive/Documents/Shivam_Developement/data_engineering/data_engineering_project/batch-etl-pyspark/.venv/lib/python3.12/site-packages/airflow/example_dags/example_branch_labels.py
[2025-07-16T19:01:19.754+0000] {processor.py:830} INFO - Processing file /mnt/c/Users/Shivam Gupta/OneDrive/Documents/Shivam_Developement/data_engineering/data_engineering_project/batch-etl-pyspark/.venv/lib/python3.12/site-packages/airflow/example_dags/example_branch_labels.py for tasks to queue
[2025-07-16T19:01:19.759+0000] {logging_mixin.py:188} INFO - [2025-07-16T19:01:19.758+0000] {dagbag.py:545} INFO - Filling up the DagBag from /mnt/c/Users/Shivam Gupta/OneDrive/Documents/Shivam_Developement/data_engineering/data_engineering_project/batch-etl-pyspark/.venv/lib/python3.12/site-packages/airflow/example_dags/example_branch_labels.py
[2025-07-16T19:01:19.821+0000] {processor.py:840} INFO - DAG(s) 'example_branch_labels' retrieved from /mnt/c/Users/Shivam Gupta/OneDrive/Documents/Shivam_Developement/data_engineering/data_engineering_project/batch-etl-pyspark/.venv/lib/python3.12/site-packages/airflow/example_dags/example_branch_labels.py
[2025-07-16T19:01:19.857+0000] {logging_mixin.py:188} INFO - [2025-07-16T19:01:19.855+0000] {dag.py:3096} INFO - Sync 1 DAGs
[2025-07-16T19:01:19.886+0000] {logging_mixin.py:188} INFO - [2025-07-16T19:01:19.884+0000] {dag.py:3954} INFO - Setting next_dagrun for example_branch_labels to 2025-07-15 00:00:00+00:00, run_after=2025-07-16 00:00:00+00:00
[2025-07-16T19:01:19.962+0000] {processor.py:183} INFO - Processing /mnt/c/Users/Shivam Gupta/OneDrive/Documents/Shivam_Developement/data_engineering/data_engineering_project/batch-etl-pyspark/.venv/lib/python3.12/site-packages/airflow/example_dags/example_branch_labels.py took 0.233 seconds
[2025-07-16T19:02:53.150+0000] {processor.py:161} INFO - Started process (PID=10634) to work on /mnt/c/Users/Shivam Gupta/OneDrive/Documents/Shivam_Developement/data_engineering/data_engineering_project/batch-etl-pyspark/.venv/lib/python3.12/site-packages/airflow/example_dags/example_branch_labels.py
[2025-07-16T19:02:53.152+0000] {processor.py:830} INFO - Processing file /mnt/c/Users/Shivam Gupta/OneDrive/Documents/Shivam_Developement/data_engineering/data_engineering_project/batch-etl-pyspark/.venv/lib/python3.12/site-packages/airflow/example_dags/example_branch_labels.py for tasks to queue
[2025-07-16T19:02:53.157+0000] {logging_mixin.py:188} INFO - [2025-07-16T19:02:53.155+0000] {dagbag.py:545} INFO - Filling up the DagBag from /mnt/c/Users/Shivam Gupta/OneDrive/Documents/Shivam_Developement/data_engineering/data_engineering_project/batch-etl-pyspark/.venv/lib/python3.12/site-packages/airflow/example_dags/example_branch_labels.py
[2025-07-16T19:02:53.199+0000] {processor.py:840} INFO - DAG(s) 'example_branch_labels' retrieved from /mnt/c/Users/Shivam Gupta/OneDrive/Documents/Shivam_Developement/data_engineering/data_engineering_project/batch-etl-pyspark/.venv/lib/python3.12/site-packages/airflow/example_dags/example_branch_labels.py
[2025-07-16T19:02:53.235+0000] {logging_mixin.py:188} INFO - [2025-07-16T19:02:53.234+0000] {dag.py:3096} INFO - Sync 1 DAGs
[2025-07-16T19:02:53.267+0000] {logging_mixin.py:188} INFO - [2025-07-16T19:02:53.265+0000] {dag.py:3954} INFO - Setting next_dagrun for example_branch_labels to 2025-07-15 00:00:00+00:00, run_after=2025-07-16 00:00:00+00:00
[2025-07-16T19:02:53.352+0000] {processor.py:183} INFO - Processing /mnt/c/Users/Shivam Gupta/OneDrive/Documents/Shivam_Developement/data_engineering/data_engineering_project/batch-etl-pyspark/.venv/lib/python3.12/site-packages/airflow/example_dags/example_branch_labels.py took 0.221 seconds
[2025-07-16T19:04:23.432+0000] {processor.py:161} INFO - Started process (PID=10790) to work on /mnt/c/Users/Shivam Gupta/OneDrive/Documents/Shivam_Developement/data_engineering/data_engineering_project/batch-etl-pyspark/.venv/lib/python3.12/site-packages/airflow/example_dags/example_branch_labels.py
[2025-07-16T19:04:23.434+0000] {processor.py:830} INFO - Processing file /mnt/c/Users/Shivam Gupta/OneDrive/Documents/Shivam_Developement/data_engineering/data_engineering_project/batch-etl-pyspark/.venv/lib/python3.12/site-packages/airflow/example_dags/example_branch_labels.py for tasks to queue
[2025-07-16T19:04:23.438+0000] {logging_mixin.py:188} INFO - [2025-07-16T19:04:23.437+0000] {dagbag.py:545} INFO - Filling up the DagBag from /mnt/c/Users/Shivam Gupta/OneDrive/Documents/Shivam_Developement/data_engineering/data_engineering_project/batch-etl-pyspark/.venv/lib/python3.12/site-packages/airflow/example_dags/example_branch_labels.py
[2025-07-16T19:04:23.475+0000] {processor.py:840} INFO - DAG(s) 'example_branch_labels' retrieved from /mnt/c/Users/Shivam Gupta/OneDrive/Documents/Shivam_Developement/data_engineering/data_engineering_project/batch-etl-pyspark/.venv/lib/python3.12/site-packages/airflow/example_dags/example_branch_labels.py
[2025-07-16T19:04:23.512+0000] {logging_mixin.py:188} INFO - [2025-07-16T19:04:23.511+0000] {dag.py:3096} INFO - Sync 1 DAGs
[2025-07-16T19:04:23.547+0000] {logging_mixin.py:188} INFO - [2025-07-16T19:04:23.546+0000] {dag.py:3954} INFO - Setting next_dagrun for example_branch_labels to 2025-07-15 00:00:00+00:00, run_after=2025-07-16 00:00:00+00:00
[2025-07-16T19:04:23.622+0000] {processor.py:183} INFO - Processing /mnt/c/Users/Shivam Gupta/OneDrive/Documents/Shivam_Developement/data_engineering/data_engineering_project/batch-etl-pyspark/.venv/lib/python3.12/site-packages/airflow/example_dags/example_branch_labels.py took 0.200 seconds
[2025-07-16T19:05:47.665+0000] {processor.py:161} INFO - Started process (PID=10936) to work on /mnt/c/Users/Shivam Gupta/OneDrive/Documents/Shivam_Developement/data_engineering/data_engineering_project/batch-etl-pyspark/.venv/lib/python3.12/site-packages/airflow/example_dags/example_branch_labels.py
[2025-07-16T19:05:47.667+0000] {processor.py:830} INFO - Processing file /mnt/c/Users/Shivam Gupta/OneDrive/Documents/Shivam_Developement/data_engineering/data_engineering_project/batch-etl-pyspark/.venv/lib/python3.12/site-packages/airflow/example_dags/example_branch_labels.py for tasks to queue
[2025-07-16T19:05:47.671+0000] {logging_mixin.py:188} INFO - [2025-07-16T19:05:47.669+0000] {dagbag.py:545} INFO - Filling up the DagBag from /mnt/c/Users/Shivam Gupta/OneDrive/Documents/Shivam_Developement/data_engineering/data_engineering_project/batch-etl-pyspark/.venv/lib/python3.12/site-packages/airflow/example_dags/example_branch_labels.py
[2025-07-16T19:05:47.734+0000] {processor.py:840} INFO - DAG(s) 'example_branch_labels' retrieved from /mnt/c/Users/Shivam Gupta/OneDrive/Documents/Shivam_Developement/data_engineering/data_engineering_project/batch-etl-pyspark/.venv/lib/python3.12/site-packages/airflow/example_dags/example_branch_labels.py
[2025-07-16T19:05:47.820+0000] {logging_mixin.py:188} INFO - [2025-07-16T19:05:47.819+0000] {dag.py:3096} INFO - Sync 1 DAGs
[2025-07-16T19:05:47.858+0000] {logging_mixin.py:188} INFO - [2025-07-16T19:05:47.856+0000] {dag.py:3954} INFO - Setting next_dagrun for example_branch_labels to 2025-07-15 00:00:00+00:00, run_after=2025-07-16 00:00:00+00:00
[2025-07-16T19:05:47.968+0000] {processor.py:183} INFO - Processing /mnt/c/Users/Shivam Gupta/OneDrive/Documents/Shivam_Developement/data_engineering/data_engineering_project/batch-etl-pyspark/.venv/lib/python3.12/site-packages/airflow/example_dags/example_branch_labels.py took 0.315 seconds
[2025-07-16T19:07:15.013+0000] {processor.py:161} INFO - Started process (PID=11111) to work on /mnt/c/Users/Shivam Gupta/OneDrive/Documents/Shivam_Developement/data_engineering/data_engineering_project/batch-etl-pyspark/.venv/lib/python3.12/site-packages/airflow/example_dags/example_branch_labels.py
[2025-07-16T19:07:15.015+0000] {processor.py:830} INFO - Processing file /mnt/c/Users/Shivam Gupta/OneDrive/Documents/Shivam_Developement/data_engineering/data_engineering_project/batch-etl-pyspark/.venv/lib/python3.12/site-packages/airflow/example_dags/example_branch_labels.py for tasks to queue
[2025-07-16T19:07:15.018+0000] {logging_mixin.py:188} INFO - [2025-07-16T19:07:15.017+0000] {dagbag.py:545} INFO - Filling up the DagBag from /mnt/c/Users/Shivam Gupta/OneDrive/Documents/Shivam_Developement/data_engineering/data_engineering_project/batch-etl-pyspark/.venv/lib/python3.12/site-packages/airflow/example_dags/example_branch_labels.py
[2025-07-16T19:07:15.050+0000] {processor.py:840} INFO - DAG(s) 'example_branch_labels' retrieved from /mnt/c/Users/Shivam Gupta/OneDrive/Documents/Shivam_Developement/data_engineering/data_engineering_project/batch-etl-pyspark/.venv/lib/python3.12/site-packages/airflow/example_dags/example_branch_labels.py
[2025-07-16T19:07:15.082+0000] {logging_mixin.py:188} INFO - [2025-07-16T19:07:15.079+0000] {dag.py:3096} INFO - Sync 1 DAGs
[2025-07-16T19:07:15.115+0000] {logging_mixin.py:188} INFO - [2025-07-16T19:07:15.114+0000] {dag.py:3954} INFO - Setting next_dagrun for example_branch_labels to 2025-07-15 00:00:00+00:00, run_after=2025-07-16 00:00:00+00:00
[2025-07-16T19:07:15.195+0000] {processor.py:183} INFO - Processing /mnt/c/Users/Shivam Gupta/OneDrive/Documents/Shivam_Developement/data_engineering/data_engineering_project/batch-etl-pyspark/.venv/lib/python3.12/site-packages/airflow/example_dags/example_branch_labels.py took 0.194 seconds
[2025-07-16T19:08:47.816+0000] {processor.py:161} INFO - Started process (PID=11268) to work on /mnt/c/Users/Shivam Gupta/OneDrive/Documents/Shivam_Developement/data_engineering/data_engineering_project/batch-etl-pyspark/.venv/lib/python3.12/site-packages/airflow/example_dags/example_branch_labels.py
[2025-07-16T19:08:47.820+0000] {processor.py:830} INFO - Processing file /mnt/c/Users/Shivam Gupta/OneDrive/Documents/Shivam_Developement/data_engineering/data_engineering_project/batch-etl-pyspark/.venv/lib/python3.12/site-packages/airflow/example_dags/example_branch_labels.py for tasks to queue
[2025-07-16T19:08:47.827+0000] {logging_mixin.py:188} INFO - [2025-07-16T19:08:47.825+0000] {dagbag.py:545} INFO - Filling up the DagBag from /mnt/c/Users/Shivam Gupta/OneDrive/Documents/Shivam_Developement/data_engineering/data_engineering_project/batch-etl-pyspark/.venv/lib/python3.12/site-packages/airflow/example_dags/example_branch_labels.py
[2025-07-16T19:08:47.878+0000] {processor.py:840} INFO - DAG(s) 'example_branch_labels' retrieved from /mnt/c/Users/Shivam Gupta/OneDrive/Documents/Shivam_Developement/data_engineering/data_engineering_project/batch-etl-pyspark/.venv/lib/python3.12/site-packages/airflow/example_dags/example_branch_labels.py
[2025-07-16T19:08:47.917+0000] {logging_mixin.py:188} INFO - [2025-07-16T19:08:47.916+0000] {dag.py:3096} INFO - Sync 1 DAGs
[2025-07-16T19:08:47.941+0000] {logging_mixin.py:188} INFO - [2025-07-16T19:08:47.940+0000] {dag.py:3954} INFO - Setting next_dagrun for example_branch_labels to 2025-07-15 00:00:00+00:00, run_after=2025-07-16 00:00:00+00:00
[2025-07-16T19:08:48.032+0000] {processor.py:183} INFO - Processing /mnt/c/Users/Shivam Gupta/OneDrive/Documents/Shivam_Developement/data_engineering/data_engineering_project/batch-etl-pyspark/.venv/lib/python3.12/site-packages/airflow/example_dags/example_branch_labels.py took 0.240 seconds
[2025-07-16T19:10:16.302+0000] {processor.py:161} INFO - Started process (PID=11425) to work on /mnt/c/Users/Shivam Gupta/OneDrive/Documents/Shivam_Developement/data_engineering/data_engineering_project/batch-etl-pyspark/.venv/lib/python3.12/site-packages/airflow/example_dags/example_branch_labels.py
[2025-07-16T19:10:16.305+0000] {processor.py:830} INFO - Processing file /mnt/c/Users/Shivam Gupta/OneDrive/Documents/Shivam_Developement/data_engineering/data_engineering_project/batch-etl-pyspark/.venv/lib/python3.12/site-packages/airflow/example_dags/example_branch_labels.py for tasks to queue
[2025-07-16T19:10:16.309+0000] {logging_mixin.py:188} INFO - [2025-07-16T19:10:16.308+0000] {dagbag.py:545} INFO - Filling up the DagBag from /mnt/c/Users/Shivam Gupta/OneDrive/Documents/Shivam_Developement/data_engineering/data_engineering_project/batch-etl-pyspark/.venv/lib/python3.12/site-packages/airflow/example_dags/example_branch_labels.py
[2025-07-16T19:10:16.358+0000] {processor.py:840} INFO - DAG(s) 'example_branch_labels' retrieved from /mnt/c/Users/Shivam Gupta/OneDrive/Documents/Shivam_Developement/data_engineering/data_engineering_project/batch-etl-pyspark/.venv/lib/python3.12/site-packages/airflow/example_dags/example_branch_labels.py
[2025-07-16T19:10:16.402+0000] {logging_mixin.py:188} INFO - [2025-07-16T19:10:16.401+0000] {dag.py:3096} INFO - Sync 1 DAGs
[2025-07-16T19:10:16.431+0000] {logging_mixin.py:188} INFO - [2025-07-16T19:10:16.430+0000] {dag.py:3954} INFO - Setting next_dagrun for example_branch_labels to 2025-07-15 00:00:00+00:00, run_after=2025-07-16 00:00:00+00:00
[2025-07-16T19:10:16.523+0000] {processor.py:183} INFO - Processing /mnt/c/Users/Shivam Gupta/OneDrive/Documents/Shivam_Developement/data_engineering/data_engineering_project/batch-etl-pyspark/.venv/lib/python3.12/site-packages/airflow/example_dags/example_branch_labels.py took 0.242 seconds
[2025-07-16T19:11:50.911+0000] {processor.py:161} INFO - Started process (PID=11607) to work on /mnt/c/Users/Shivam Gupta/OneDrive/Documents/Shivam_Developement/data_engineering/data_engineering_project/batch-etl-pyspark/.venv/lib/python3.12/site-packages/airflow/example_dags/example_branch_labels.py
[2025-07-16T19:11:50.916+0000] {processor.py:830} INFO - Processing file /mnt/c/Users/Shivam Gupta/OneDrive/Documents/Shivam_Developement/data_engineering/data_engineering_project/batch-etl-pyspark/.venv/lib/python3.12/site-packages/airflow/example_dags/example_branch_labels.py for tasks to queue
[2025-07-16T19:11:50.923+0000] {logging_mixin.py:188} INFO - [2025-07-16T19:11:50.920+0000] {dagbag.py:545} INFO - Filling up the DagBag from /mnt/c/Users/Shivam Gupta/OneDrive/Documents/Shivam_Developement/data_engineering/data_engineering_project/batch-etl-pyspark/.venv/lib/python3.12/site-packages/airflow/example_dags/example_branch_labels.py
[2025-07-16T19:11:50.979+0000] {processor.py:840} INFO - DAG(s) 'example_branch_labels' retrieved from /mnt/c/Users/Shivam Gupta/OneDrive/Documents/Shivam_Developement/data_engineering/data_engineering_project/batch-etl-pyspark/.venv/lib/python3.12/site-packages/airflow/example_dags/example_branch_labels.py
[2025-07-16T19:11:51.017+0000] {logging_mixin.py:188} INFO - [2025-07-16T19:11:51.015+0000] {dag.py:3096} INFO - Sync 1 DAGs
[2025-07-16T19:11:51.044+0000] {logging_mixin.py:188} INFO - [2025-07-16T19:11:51.043+0000] {dag.py:3954} INFO - Setting next_dagrun for example_branch_labels to 2025-07-15 00:00:00+00:00, run_after=2025-07-16 00:00:00+00:00
[2025-07-16T19:11:51.154+0000] {processor.py:183} INFO - Processing /mnt/c/Users/Shivam Gupta/OneDrive/Documents/Shivam_Developement/data_engineering/data_engineering_project/batch-etl-pyspark/.venv/lib/python3.12/site-packages/airflow/example_dags/example_branch_labels.py took 0.259 seconds
[2025-07-16T19:13:17.805+0000] {processor.py:161} INFO - Started process (PID=11779) to work on /mnt/c/Users/Shivam Gupta/OneDrive/Documents/Shivam_Developement/data_engineering/data_engineering_project/batch-etl-pyspark/.venv/lib/python3.12/site-packages/airflow/example_dags/example_branch_labels.py
[2025-07-16T19:13:17.807+0000] {processor.py:830} INFO - Processing file /mnt/c/Users/Shivam Gupta/OneDrive/Documents/Shivam_Developement/data_engineering/data_engineering_project/batch-etl-pyspark/.venv/lib/python3.12/site-packages/airflow/example_dags/example_branch_labels.py for tasks to queue
[2025-07-16T19:13:17.811+0000] {logging_mixin.py:188} INFO - [2025-07-16T19:13:17.809+0000] {dagbag.py:545} INFO - Filling up the DagBag from /mnt/c/Users/Shivam Gupta/OneDrive/Documents/Shivam_Developement/data_engineering/data_engineering_project/batch-etl-pyspark/.venv/lib/python3.12/site-packages/airflow/example_dags/example_branch_labels.py
[2025-07-16T19:13:17.924+0000] {processor.py:840} INFO - DAG(s) 'example_branch_labels' retrieved from /mnt/c/Users/Shivam Gupta/OneDrive/Documents/Shivam_Developement/data_engineering/data_engineering_project/batch-etl-pyspark/.venv/lib/python3.12/site-packages/airflow/example_dags/example_branch_labels.py
[2025-07-16T19:13:17.961+0000] {logging_mixin.py:188} INFO - [2025-07-16T19:13:17.961+0000] {dag.py:3096} INFO - Sync 1 DAGs
[2025-07-16T19:13:17.984+0000] {logging_mixin.py:188} INFO - [2025-07-16T19:13:17.983+0000] {dag.py:3954} INFO - Setting next_dagrun for example_branch_labels to 2025-07-15 00:00:00+00:00, run_after=2025-07-16 00:00:00+00:00
[2025-07-16T19:13:18.096+0000] {processor.py:183} INFO - Processing /mnt/c/Users/Shivam Gupta/OneDrive/Documents/Shivam_Developement/data_engineering/data_engineering_project/batch-etl-pyspark/.venv/lib/python3.12/site-packages/airflow/example_dags/example_branch_labels.py took 0.306 seconds
[2025-07-16T19:14:45.077+0000] {processor.py:161} INFO - Started process (PID=11955) to work on /mnt/c/Users/Shivam Gupta/OneDrive/Documents/Shivam_Developement/data_engineering/data_engineering_project/batch-etl-pyspark/.venv/lib/python3.12/site-packages/airflow/example_dags/example_branch_labels.py
[2025-07-16T19:14:45.079+0000] {processor.py:830} INFO - Processing file /mnt/c/Users/Shivam Gupta/OneDrive/Documents/Shivam_Developement/data_engineering/data_engineering_project/batch-etl-pyspark/.venv/lib/python3.12/site-packages/airflow/example_dags/example_branch_labels.py for tasks to queue
[2025-07-16T19:14:45.084+0000] {logging_mixin.py:188} INFO - [2025-07-16T19:14:45.081+0000] {dagbag.py:545} INFO - Filling up the DagBag from /mnt/c/Users/Shivam Gupta/OneDrive/Documents/Shivam_Developement/data_engineering/data_engineering_project/batch-etl-pyspark/.venv/lib/python3.12/site-packages/airflow/example_dags/example_branch_labels.py
[2025-07-16T19:14:45.135+0000] {processor.py:840} INFO - DAG(s) 'example_branch_labels' retrieved from /mnt/c/Users/Shivam Gupta/OneDrive/Documents/Shivam_Developement/data_engineering/data_engineering_project/batch-etl-pyspark/.venv/lib/python3.12/site-packages/airflow/example_dags/example_branch_labels.py
[2025-07-16T19:14:45.171+0000] {logging_mixin.py:188} INFO - [2025-07-16T19:14:45.170+0000] {dag.py:3096} INFO - Sync 1 DAGs
[2025-07-16T19:14:45.201+0000] {logging_mixin.py:188} INFO - [2025-07-16T19:14:45.196+0000] {dag.py:3954} INFO - Setting next_dagrun for example_branch_labels to 2025-07-15 00:00:00+00:00, run_after=2025-07-16 00:00:00+00:00
[2025-07-16T19:14:45.288+0000] {processor.py:183} INFO - Processing /mnt/c/Users/Shivam Gupta/OneDrive/Documents/Shivam_Developement/data_engineering/data_engineering_project/batch-etl-pyspark/.venv/lib/python3.12/site-packages/airflow/example_dags/example_branch_labels.py took 0.229 seconds
[2025-07-16T19:16:17.260+0000] {processor.py:161} INFO - Started process (PID=12145) to work on /mnt/c/Users/Shivam Gupta/OneDrive/Documents/Shivam_Developement/data_engineering/data_engineering_project/batch-etl-pyspark/.venv/lib/python3.12/site-packages/airflow/example_dags/example_branch_labels.py
[2025-07-16T19:16:17.264+0000] {processor.py:830} INFO - Processing file /mnt/c/Users/Shivam Gupta/OneDrive/Documents/Shivam_Developement/data_engineering/data_engineering_project/batch-etl-pyspark/.venv/lib/python3.12/site-packages/airflow/example_dags/example_branch_labels.py for tasks to queue
[2025-07-16T19:16:17.271+0000] {logging_mixin.py:188} INFO - [2025-07-16T19:16:17.268+0000] {dagbag.py:545} INFO - Filling up the DagBag from /mnt/c/Users/Shivam Gupta/OneDrive/Documents/Shivam_Developement/data_engineering/data_engineering_project/batch-etl-pyspark/.venv/lib/python3.12/site-packages/airflow/example_dags/example_branch_labels.py
[2025-07-16T19:16:17.320+0000] {processor.py:840} INFO - DAG(s) 'example_branch_labels' retrieved from /mnt/c/Users/Shivam Gupta/OneDrive/Documents/Shivam_Developement/data_engineering/data_engineering_project/batch-etl-pyspark/.venv/lib/python3.12/site-packages/airflow/example_dags/example_branch_labels.py
[2025-07-16T19:16:17.358+0000] {logging_mixin.py:188} INFO - [2025-07-16T19:16:17.357+0000] {dag.py:3096} INFO - Sync 1 DAGs
[2025-07-16T19:16:17.383+0000] {logging_mixin.py:188} INFO - [2025-07-16T19:16:17.381+0000] {dag.py:3954} INFO - Setting next_dagrun for example_branch_labels to 2025-07-15 00:00:00+00:00, run_after=2025-07-16 00:00:00+00:00
[2025-07-16T19:16:17.469+0000] {processor.py:183} INFO - Processing /mnt/c/Users/Shivam Gupta/OneDrive/Documents/Shivam_Developement/data_engineering/data_engineering_project/batch-etl-pyspark/.venv/lib/python3.12/site-packages/airflow/example_dags/example_branch_labels.py took 0.223 seconds
[2025-07-16T19:17:44.484+0000] {processor.py:161} INFO - Started process (PID=12312) to work on /mnt/c/Users/Shivam Gupta/OneDrive/Documents/Shivam_Developement/data_engineering/data_engineering_project/batch-etl-pyspark/.venv/lib/python3.12/site-packages/airflow/example_dags/example_branch_labels.py
[2025-07-16T19:17:44.486+0000] {processor.py:830} INFO - Processing file /mnt/c/Users/Shivam Gupta/OneDrive/Documents/Shivam_Developement/data_engineering/data_engineering_project/batch-etl-pyspark/.venv/lib/python3.12/site-packages/airflow/example_dags/example_branch_labels.py for tasks to queue
[2025-07-16T19:17:44.490+0000] {logging_mixin.py:188} INFO - [2025-07-16T19:17:44.488+0000] {dagbag.py:545} INFO - Filling up the DagBag from /mnt/c/Users/Shivam Gupta/OneDrive/Documents/Shivam_Developement/data_engineering/data_engineering_project/batch-etl-pyspark/.venv/lib/python3.12/site-packages/airflow/example_dags/example_branch_labels.py
[2025-07-16T19:17:44.532+0000] {processor.py:840} INFO - DAG(s) 'example_branch_labels' retrieved from /mnt/c/Users/Shivam Gupta/OneDrive/Documents/Shivam_Developement/data_engineering/data_engineering_project/batch-etl-pyspark/.venv/lib/python3.12/site-packages/airflow/example_dags/example_branch_labels.py
[2025-07-16T19:17:44.565+0000] {logging_mixin.py:188} INFO - [2025-07-16T19:17:44.564+0000] {dag.py:3096} INFO - Sync 1 DAGs
[2025-07-16T19:17:44.592+0000] {logging_mixin.py:188} INFO - [2025-07-16T19:17:44.590+0000] {dag.py:3954} INFO - Setting next_dagrun for example_branch_labels to 2025-07-15 00:00:00+00:00, run_after=2025-07-16 00:00:00+00:00
[2025-07-16T19:17:44.685+0000] {processor.py:183} INFO - Processing /mnt/c/Users/Shivam Gupta/OneDrive/Documents/Shivam_Developement/data_engineering/data_engineering_project/batch-etl-pyspark/.venv/lib/python3.12/site-packages/airflow/example_dags/example_branch_labels.py took 0.217 seconds
[2025-07-16T19:19:05.820+0000] {processor.py:161} INFO - Started process (PID=12440) to work on /mnt/c/Users/Shivam Gupta/OneDrive/Documents/Shivam_Developement/data_engineering/data_engineering_project/batch-etl-pyspark/.venv/lib/python3.12/site-packages/airflow/example_dags/example_branch_labels.py
[2025-07-16T19:19:05.822+0000] {processor.py:830} INFO - Processing file /mnt/c/Users/Shivam Gupta/OneDrive/Documents/Shivam_Developement/data_engineering/data_engineering_project/batch-etl-pyspark/.venv/lib/python3.12/site-packages/airflow/example_dags/example_branch_labels.py for tasks to queue
[2025-07-16T19:19:05.826+0000] {logging_mixin.py:188} INFO - [2025-07-16T19:19:05.825+0000] {dagbag.py:545} INFO - Filling up the DagBag from /mnt/c/Users/Shivam Gupta/OneDrive/Documents/Shivam_Developement/data_engineering/data_engineering_project/batch-etl-pyspark/.venv/lib/python3.12/site-packages/airflow/example_dags/example_branch_labels.py
[2025-07-16T19:19:05.863+0000] {processor.py:840} INFO - DAG(s) 'example_branch_labels' retrieved from /mnt/c/Users/Shivam Gupta/OneDrive/Documents/Shivam_Developement/data_engineering/data_engineering_project/batch-etl-pyspark/.venv/lib/python3.12/site-packages/airflow/example_dags/example_branch_labels.py
[2025-07-16T19:19:05.899+0000] {logging_mixin.py:188} INFO - [2025-07-16T19:19:05.898+0000] {dag.py:3096} INFO - Sync 1 DAGs
[2025-07-16T19:19:05.929+0000] {logging_mixin.py:188} INFO - [2025-07-16T19:19:05.928+0000] {dag.py:3954} INFO - Setting next_dagrun for example_branch_labels to 2025-07-15 00:00:00+00:00, run_after=2025-07-16 00:00:00+00:00
[2025-07-16T19:19:06.011+0000] {processor.py:183} INFO - Processing /mnt/c/Users/Shivam Gupta/OneDrive/Documents/Shivam_Developement/data_engineering/data_engineering_project/batch-etl-pyspark/.venv/lib/python3.12/site-packages/airflow/example_dags/example_branch_labels.py took 0.203 seconds
[2025-07-16T19:20:28.626+0000] {processor.py:161} INFO - Started process (PID=12586) to work on /mnt/c/Users/Shivam Gupta/OneDrive/Documents/Shivam_Developement/data_engineering/data_engineering_project/batch-etl-pyspark/.venv/lib/python3.12/site-packages/airflow/example_dags/example_branch_labels.py
[2025-07-16T19:20:28.639+0000] {processor.py:830} INFO - Processing file /mnt/c/Users/Shivam Gupta/OneDrive/Documents/Shivam_Developement/data_engineering/data_engineering_project/batch-etl-pyspark/.venv/lib/python3.12/site-packages/airflow/example_dags/example_branch_labels.py for tasks to queue
[2025-07-16T19:20:28.642+0000] {logging_mixin.py:188} INFO - [2025-07-16T19:20:28.641+0000] {dagbag.py:545} INFO - Filling up the DagBag from /mnt/c/Users/Shivam Gupta/OneDrive/Documents/Shivam_Developement/data_engineering/data_engineering_project/batch-etl-pyspark/.venv/lib/python3.12/site-packages/airflow/example_dags/example_branch_labels.py
[2025-07-16T19:20:28.677+0000] {processor.py:840} INFO - DAG(s) 'example_branch_labels' retrieved from /mnt/c/Users/Shivam Gupta/OneDrive/Documents/Shivam_Developement/data_engineering/data_engineering_project/batch-etl-pyspark/.venv/lib/python3.12/site-packages/airflow/example_dags/example_branch_labels.py
[2025-07-16T19:20:28.711+0000] {logging_mixin.py:188} INFO - [2025-07-16T19:20:28.710+0000] {dag.py:3096} INFO - Sync 1 DAGs
[2025-07-16T19:20:28.735+0000] {logging_mixin.py:188} INFO - [2025-07-16T19:20:28.734+0000] {dag.py:3954} INFO - Setting next_dagrun for example_branch_labels to 2025-07-15 00:00:00+00:00, run_after=2025-07-16 00:00:00+00:00
[2025-07-16T19:20:28.795+0000] {processor.py:183} INFO - Processing /mnt/c/Users/Shivam Gupta/OneDrive/Documents/Shivam_Developement/data_engineering/data_engineering_project/batch-etl-pyspark/.venv/lib/python3.12/site-packages/airflow/example_dags/example_branch_labels.py took 0.184 seconds
[2025-07-16T19:21:56.816+0000] {processor.py:161} INFO - Started process (PID=12783) to work on /mnt/c/Users/Shivam Gupta/OneDrive/Documents/Shivam_Developement/data_engineering/data_engineering_project/batch-etl-pyspark/.venv/lib/python3.12/site-packages/airflow/example_dags/example_branch_labels.py
[2025-07-16T19:21:56.819+0000] {processor.py:830} INFO - Processing file /mnt/c/Users/Shivam Gupta/OneDrive/Documents/Shivam_Developement/data_engineering/data_engineering_project/batch-etl-pyspark/.venv/lib/python3.12/site-packages/airflow/example_dags/example_branch_labels.py for tasks to queue
[2025-07-16T19:21:56.824+0000] {logging_mixin.py:188} INFO - [2025-07-16T19:21:56.822+0000] {dagbag.py:545} INFO - Filling up the DagBag from /mnt/c/Users/Shivam Gupta/OneDrive/Documents/Shivam_Developement/data_engineering/data_engineering_project/batch-etl-pyspark/.venv/lib/python3.12/site-packages/airflow/example_dags/example_branch_labels.py
[2025-07-16T19:21:56.875+0000] {processor.py:840} INFO - DAG(s) 'example_branch_labels' retrieved from /mnt/c/Users/Shivam Gupta/OneDrive/Documents/Shivam_Developement/data_engineering/data_engineering_project/batch-etl-pyspark/.venv/lib/python3.12/site-packages/airflow/example_dags/example_branch_labels.py
[2025-07-16T19:21:56.925+0000] {logging_mixin.py:188} INFO - [2025-07-16T19:21:56.924+0000] {dag.py:3096} INFO - Sync 1 DAGs
[2025-07-16T19:21:56.961+0000] {logging_mixin.py:188} INFO - [2025-07-16T19:21:56.960+0000] {dag.py:3954} INFO - Setting next_dagrun for example_branch_labels to 2025-07-15 00:00:00+00:00, run_after=2025-07-16 00:00:00+00:00
[2025-07-16T19:21:57.058+0000] {processor.py:183} INFO - Processing /mnt/c/Users/Shivam Gupta/OneDrive/Documents/Shivam_Developement/data_engineering/data_engineering_project/batch-etl-pyspark/.venv/lib/python3.12/site-packages/airflow/example_dags/example_branch_labels.py took 0.259 seconds
[2025-07-16T19:23:21.954+0000] {processor.py:161} INFO - Started process (PID=12919) to work on /mnt/c/Users/Shivam Gupta/OneDrive/Documents/Shivam_Developement/data_engineering/data_engineering_project/batch-etl-pyspark/.venv/lib/python3.12/site-packages/airflow/example_dags/example_branch_labels.py
[2025-07-16T19:23:21.957+0000] {processor.py:830} INFO - Processing file /mnt/c/Users/Shivam Gupta/OneDrive/Documents/Shivam_Developement/data_engineering/data_engineering_project/batch-etl-pyspark/.venv/lib/python3.12/site-packages/airflow/example_dags/example_branch_labels.py for tasks to queue
[2025-07-16T19:23:21.961+0000] {logging_mixin.py:188} INFO - [2025-07-16T19:23:21.960+0000] {dagbag.py:545} INFO - Filling up the DagBag from /mnt/c/Users/Shivam Gupta/OneDrive/Documents/Shivam_Developement/data_engineering/data_engineering_project/batch-etl-pyspark/.venv/lib/python3.12/site-packages/airflow/example_dags/example_branch_labels.py
[2025-07-16T19:23:22.010+0000] {processor.py:840} INFO - DAG(s) 'example_branch_labels' retrieved from /mnt/c/Users/Shivam Gupta/OneDrive/Documents/Shivam_Developement/data_engineering/data_engineering_project/batch-etl-pyspark/.venv/lib/python3.12/site-packages/airflow/example_dags/example_branch_labels.py
[2025-07-16T19:23:22.061+0000] {logging_mixin.py:188} INFO - [2025-07-16T19:23:22.059+0000] {dag.py:3096} INFO - Sync 1 DAGs
[2025-07-16T19:23:22.098+0000] {logging_mixin.py:188} INFO - [2025-07-16T19:23:22.097+0000] {dag.py:3954} INFO - Setting next_dagrun for example_branch_labels to 2025-07-15 00:00:00+00:00, run_after=2025-07-16 00:00:00+00:00
[2025-07-16T19:23:22.193+0000] {processor.py:183} INFO - Processing /mnt/c/Users/Shivam Gupta/OneDrive/Documents/Shivam_Developement/data_engineering/data_engineering_project/batch-etl-pyspark/.venv/lib/python3.12/site-packages/airflow/example_dags/example_branch_labels.py took 0.256 seconds
[2025-07-16T19:24:46.260+0000] {processor.py:161} INFO - Started process (PID=13025) to work on /mnt/c/Users/Shivam Gupta/OneDrive/Documents/Shivam_Developement/data_engineering/data_engineering_project/batch-etl-pyspark/.venv/lib/python3.12/site-packages/airflow/example_dags/example_branch_labels.py
[2025-07-16T19:24:46.261+0000] {processor.py:830} INFO - Processing file /mnt/c/Users/Shivam Gupta/OneDrive/Documents/Shivam_Developement/data_engineering/data_engineering_project/batch-etl-pyspark/.venv/lib/python3.12/site-packages/airflow/example_dags/example_branch_labels.py for tasks to queue
[2025-07-16T19:24:46.264+0000] {logging_mixin.py:188} INFO - [2025-07-16T19:24:46.263+0000] {dagbag.py:545} INFO - Filling up the DagBag from /mnt/c/Users/Shivam Gupta/OneDrive/Documents/Shivam_Developement/data_engineering/data_engineering_project/batch-etl-pyspark/.venv/lib/python3.12/site-packages/airflow/example_dags/example_branch_labels.py
[2025-07-16T19:24:46.290+0000] {processor.py:840} INFO - DAG(s) 'example_branch_labels' retrieved from /mnt/c/Users/Shivam Gupta/OneDrive/Documents/Shivam_Developement/data_engineering/data_engineering_project/batch-etl-pyspark/.venv/lib/python3.12/site-packages/airflow/example_dags/example_branch_labels.py
[2025-07-16T19:24:46.315+0000] {logging_mixin.py:188} INFO - [2025-07-16T19:24:46.314+0000] {dag.py:3096} INFO - Sync 1 DAGs
[2025-07-16T19:24:46.425+0000] {logging_mixin.py:188} INFO - [2025-07-16T19:24:46.423+0000] {dag.py:3954} INFO - Setting next_dagrun for example_branch_labels to 2025-07-15 00:00:00+00:00, run_after=2025-07-16 00:00:00+00:00
[2025-07-16T19:24:46.508+0000] {processor.py:183} INFO - Processing /mnt/c/Users/Shivam Gupta/OneDrive/Documents/Shivam_Developement/data_engineering/data_engineering_project/batch-etl-pyspark/.venv/lib/python3.12/site-packages/airflow/example_dags/example_branch_labels.py took 0.258 seconds
[2025-07-16T19:26:08.047+0000] {processor.py:161} INFO - Started process (PID=13146) to work on /mnt/c/Users/Shivam Gupta/OneDrive/Documents/Shivam_Developement/data_engineering/data_engineering_project/batch-etl-pyspark/.venv/lib/python3.12/site-packages/airflow/example_dags/example_branch_labels.py
[2025-07-16T19:26:08.049+0000] {processor.py:830} INFO - Processing file /mnt/c/Users/Shivam Gupta/OneDrive/Documents/Shivam_Developement/data_engineering/data_engineering_project/batch-etl-pyspark/.venv/lib/python3.12/site-packages/airflow/example_dags/example_branch_labels.py for tasks to queue
[2025-07-16T19:26:08.052+0000] {logging_mixin.py:188} INFO - [2025-07-16T19:26:08.051+0000] {dagbag.py:545} INFO - Filling up the DagBag from /mnt/c/Users/Shivam Gupta/OneDrive/Documents/Shivam_Developement/data_engineering/data_engineering_project/batch-etl-pyspark/.venv/lib/python3.12/site-packages/airflow/example_dags/example_branch_labels.py
[2025-07-16T19:26:08.076+0000] {processor.py:840} INFO - DAG(s) 'example_branch_labels' retrieved from /mnt/c/Users/Shivam Gupta/OneDrive/Documents/Shivam_Developement/data_engineering/data_engineering_project/batch-etl-pyspark/.venv/lib/python3.12/site-packages/airflow/example_dags/example_branch_labels.py
[2025-07-16T19:26:08.100+0000] {logging_mixin.py:188} INFO - [2025-07-16T19:26:08.099+0000] {dag.py:3096} INFO - Sync 1 DAGs
[2025-07-16T19:26:08.121+0000] {logging_mixin.py:188} INFO - [2025-07-16T19:26:08.120+0000] {dag.py:3954} INFO - Setting next_dagrun for example_branch_labels to 2025-07-15 00:00:00+00:00, run_after=2025-07-16 00:00:00+00:00
[2025-07-16T19:26:08.336+0000] {processor.py:183} INFO - Processing /mnt/c/Users/Shivam Gupta/OneDrive/Documents/Shivam_Developement/data_engineering/data_engineering_project/batch-etl-pyspark/.venv/lib/python3.12/site-packages/airflow/example_dags/example_branch_labels.py took 0.299 seconds
[2025-07-16T19:27:27.986+0000] {processor.py:161} INFO - Started process (PID=13237) to work on /mnt/c/Users/Shivam Gupta/OneDrive/Documents/Shivam_Developement/data_engineering/data_engineering_project/batch-etl-pyspark/.venv/lib/python3.12/site-packages/airflow/example_dags/example_branch_labels.py
[2025-07-16T19:27:27.988+0000] {processor.py:830} INFO - Processing file /mnt/c/Users/Shivam Gupta/OneDrive/Documents/Shivam_Developement/data_engineering/data_engineering_project/batch-etl-pyspark/.venv/lib/python3.12/site-packages/airflow/example_dags/example_branch_labels.py for tasks to queue
[2025-07-16T19:27:27.991+0000] {logging_mixin.py:188} INFO - [2025-07-16T19:27:27.990+0000] {dagbag.py:545} INFO - Filling up the DagBag from /mnt/c/Users/Shivam Gupta/OneDrive/Documents/Shivam_Developement/data_engineering/data_engineering_project/batch-etl-pyspark/.venv/lib/python3.12/site-packages/airflow/example_dags/example_branch_labels.py
[2025-07-16T19:27:28.018+0000] {processor.py:840} INFO - DAG(s) 'example_branch_labels' retrieved from /mnt/c/Users/Shivam Gupta/OneDrive/Documents/Shivam_Developement/data_engineering/data_engineering_project/batch-etl-pyspark/.venv/lib/python3.12/site-packages/airflow/example_dags/example_branch_labels.py
[2025-07-16T19:27:28.044+0000] {logging_mixin.py:188} INFO - [2025-07-16T19:27:28.043+0000] {dag.py:3096} INFO - Sync 1 DAGs
[2025-07-16T19:27:28.063+0000] {logging_mixin.py:188} INFO - [2025-07-16T19:27:28.063+0000] {dag.py:3954} INFO - Setting next_dagrun for example_branch_labels to 2025-07-15 00:00:00+00:00, run_after=2025-07-16 00:00:00+00:00
[2025-07-16T19:27:28.111+0000] {processor.py:183} INFO - Processing /mnt/c/Users/Shivam Gupta/OneDrive/Documents/Shivam_Developement/data_engineering/data_engineering_project/batch-etl-pyspark/.venv/lib/python3.12/site-packages/airflow/example_dags/example_branch_labels.py took 0.135 seconds
[2025-07-16T19:28:42.374+0000] {processor.py:161} INFO - Started process (PID=13323) to work on /mnt/c/Users/Shivam Gupta/OneDrive/Documents/Shivam_Developement/data_engineering/data_engineering_project/batch-etl-pyspark/.venv/lib/python3.12/site-packages/airflow/example_dags/example_branch_labels.py
[2025-07-16T19:28:42.375+0000] {processor.py:830} INFO - Processing file /mnt/c/Users/Shivam Gupta/OneDrive/Documents/Shivam_Developement/data_engineering/data_engineering_project/batch-etl-pyspark/.venv/lib/python3.12/site-packages/airflow/example_dags/example_branch_labels.py for tasks to queue
[2025-07-16T19:28:42.378+0000] {logging_mixin.py:188} INFO - [2025-07-16T19:28:42.377+0000] {dagbag.py:545} INFO - Filling up the DagBag from /mnt/c/Users/Shivam Gupta/OneDrive/Documents/Shivam_Developement/data_engineering/data_engineering_project/batch-etl-pyspark/.venv/lib/python3.12/site-packages/airflow/example_dags/example_branch_labels.py
[2025-07-16T19:28:42.405+0000] {processor.py:840} INFO - DAG(s) 'example_branch_labels' retrieved from /mnt/c/Users/Shivam Gupta/OneDrive/Documents/Shivam_Developement/data_engineering/data_engineering_project/batch-etl-pyspark/.venv/lib/python3.12/site-packages/airflow/example_dags/example_branch_labels.py
[2025-07-16T19:28:42.429+0000] {logging_mixin.py:188} INFO - [2025-07-16T19:28:42.428+0000] {dag.py:3096} INFO - Sync 1 DAGs
[2025-07-16T19:28:42.449+0000] {logging_mixin.py:188} INFO - [2025-07-16T19:28:42.448+0000] {dag.py:3954} INFO - Setting next_dagrun for example_branch_labels to 2025-07-15 00:00:00+00:00, run_after=2025-07-16 00:00:00+00:00
[2025-07-16T19:28:42.500+0000] {processor.py:183} INFO - Processing /mnt/c/Users/Shivam Gupta/OneDrive/Documents/Shivam_Developement/data_engineering/data_engineering_project/batch-etl-pyspark/.venv/lib/python3.12/site-packages/airflow/example_dags/example_branch_labels.py took 0.137 seconds
[2025-07-16T19:29:54.008+0000] {processor.py:161} INFO - Started process (PID=13447) to work on /mnt/c/Users/Shivam Gupta/OneDrive/Documents/Shivam_Developement/data_engineering/data_engineering_project/batch-etl-pyspark/.venv/lib/python3.12/site-packages/airflow/example_dags/example_branch_labels.py
[2025-07-16T19:29:54.011+0000] {processor.py:830} INFO - Processing file /mnt/c/Users/Shivam Gupta/OneDrive/Documents/Shivam_Developement/data_engineering/data_engineering_project/batch-etl-pyspark/.venv/lib/python3.12/site-packages/airflow/example_dags/example_branch_labels.py for tasks to queue
[2025-07-16T19:29:54.015+0000] {logging_mixin.py:188} INFO - [2025-07-16T19:29:54.014+0000] {dagbag.py:545} INFO - Filling up the DagBag from /mnt/c/Users/Shivam Gupta/OneDrive/Documents/Shivam_Developement/data_engineering/data_engineering_project/batch-etl-pyspark/.venv/lib/python3.12/site-packages/airflow/example_dags/example_branch_labels.py
[2025-07-16T19:29:54.058+0000] {processor.py:840} INFO - DAG(s) 'example_branch_labels' retrieved from /mnt/c/Users/Shivam Gupta/OneDrive/Documents/Shivam_Developement/data_engineering/data_engineering_project/batch-etl-pyspark/.venv/lib/python3.12/site-packages/airflow/example_dags/example_branch_labels.py
[2025-07-16T19:29:54.096+0000] {logging_mixin.py:188} INFO - [2025-07-16T19:29:54.094+0000] {dag.py:3096} INFO - Sync 1 DAGs
[2025-07-16T19:29:54.126+0000] {logging_mixin.py:188} INFO - [2025-07-16T19:29:54.124+0000] {dag.py:3954} INFO - Setting next_dagrun for example_branch_labels to 2025-07-15 00:00:00+00:00, run_after=2025-07-16 00:00:00+00:00
[2025-07-16T19:29:54.210+0000] {processor.py:183} INFO - Processing /mnt/c/Users/Shivam Gupta/OneDrive/Documents/Shivam_Developement/data_engineering/data_engineering_project/batch-etl-pyspark/.venv/lib/python3.12/site-packages/airflow/example_dags/example_branch_labels.py took 0.222 seconds
[2025-07-16T19:31:12.821+0000] {processor.py:161} INFO - Started process (PID=13569) to work on /mnt/c/Users/Shivam Gupta/OneDrive/Documents/Shivam_Developement/data_engineering/data_engineering_project/batch-etl-pyspark/.venv/lib/python3.12/site-packages/airflow/example_dags/example_branch_labels.py
[2025-07-16T19:31:12.822+0000] {processor.py:830} INFO - Processing file /mnt/c/Users/Shivam Gupta/OneDrive/Documents/Shivam_Developement/data_engineering/data_engineering_project/batch-etl-pyspark/.venv/lib/python3.12/site-packages/airflow/example_dags/example_branch_labels.py for tasks to queue
[2025-07-16T19:31:12.824+0000] {logging_mixin.py:188} INFO - [2025-07-16T19:31:12.824+0000] {dagbag.py:545} INFO - Filling up the DagBag from /mnt/c/Users/Shivam Gupta/OneDrive/Documents/Shivam_Developement/data_engineering/data_engineering_project/batch-etl-pyspark/.venv/lib/python3.12/site-packages/airflow/example_dags/example_branch_labels.py
[2025-07-16T19:31:12.845+0000] {processor.py:840} INFO - DAG(s) 'example_branch_labels' retrieved from /mnt/c/Users/Shivam Gupta/OneDrive/Documents/Shivam_Developement/data_engineering/data_engineering_project/batch-etl-pyspark/.venv/lib/python3.12/site-packages/airflow/example_dags/example_branch_labels.py
[2025-07-16T19:31:12.869+0000] {logging_mixin.py:188} INFO - [2025-07-16T19:31:12.868+0000] {dag.py:3096} INFO - Sync 1 DAGs
[2025-07-16T19:31:12.898+0000] {logging_mixin.py:188} INFO - [2025-07-16T19:31:12.897+0000] {dag.py:3954} INFO - Setting next_dagrun for example_branch_labels to 2025-07-15 00:00:00+00:00, run_after=2025-07-16 00:00:00+00:00
[2025-07-16T19:31:12.952+0000] {processor.py:183} INFO - Processing /mnt/c/Users/Shivam Gupta/OneDrive/Documents/Shivam_Developement/data_engineering/data_engineering_project/batch-etl-pyspark/.venv/lib/python3.12/site-packages/airflow/example_dags/example_branch_labels.py took 0.141 seconds
[2025-07-16T19:32:22.657+0000] {processor.py:161} INFO - Started process (PID=13717) to work on /mnt/c/Users/Shivam Gupta/OneDrive/Documents/Shivam_Developement/data_engineering/data_engineering_project/batch-etl-pyspark/.venv/lib/python3.12/site-packages/airflow/example_dags/example_branch_labels.py
[2025-07-16T19:32:22.658+0000] {processor.py:830} INFO - Processing file /mnt/c/Users/Shivam Gupta/OneDrive/Documents/Shivam_Developement/data_engineering/data_engineering_project/batch-etl-pyspark/.venv/lib/python3.12/site-packages/airflow/example_dags/example_branch_labels.py for tasks to queue
[2025-07-16T19:32:22.660+0000] {logging_mixin.py:188} INFO - [2025-07-16T19:32:22.659+0000] {dagbag.py:545} INFO - Filling up the DagBag from /mnt/c/Users/Shivam Gupta/OneDrive/Documents/Shivam_Developement/data_engineering/data_engineering_project/batch-etl-pyspark/.venv/lib/python3.12/site-packages/airflow/example_dags/example_branch_labels.py
[2025-07-16T19:32:22.696+0000] {processor.py:840} INFO - DAG(s) 'example_branch_labels' retrieved from /mnt/c/Users/Shivam Gupta/OneDrive/Documents/Shivam_Developement/data_engineering/data_engineering_project/batch-etl-pyspark/.venv/lib/python3.12/site-packages/airflow/example_dags/example_branch_labels.py
[2025-07-16T19:32:22.725+0000] {logging_mixin.py:188} INFO - [2025-07-16T19:32:22.724+0000] {dag.py:3096} INFO - Sync 1 DAGs
[2025-07-16T19:32:22.746+0000] {logging_mixin.py:188} INFO - [2025-07-16T19:32:22.745+0000] {dag.py:3954} INFO - Setting next_dagrun for example_branch_labels to 2025-07-15 00:00:00+00:00, run_after=2025-07-16 00:00:00+00:00
[2025-07-16T19:32:22.803+0000] {processor.py:183} INFO - Processing /mnt/c/Users/Shivam Gupta/OneDrive/Documents/Shivam_Developement/data_engineering/data_engineering_project/batch-etl-pyspark/.venv/lib/python3.12/site-packages/airflow/example_dags/example_branch_labels.py took 0.155 seconds
[2025-07-16T19:33:31.041+0000] {processor.py:161} INFO - Started process (PID=13856) to work on /mnt/c/Users/Shivam Gupta/OneDrive/Documents/Shivam_Developement/data_engineering/data_engineering_project/batch-etl-pyspark/.venv/lib/python3.12/site-packages/airflow/example_dags/example_branch_labels.py
[2025-07-16T19:33:31.043+0000] {processor.py:830} INFO - Processing file /mnt/c/Users/Shivam Gupta/OneDrive/Documents/Shivam_Developement/data_engineering/data_engineering_project/batch-etl-pyspark/.venv/lib/python3.12/site-packages/airflow/example_dags/example_branch_labels.py for tasks to queue
[2025-07-16T19:33:31.047+0000] {logging_mixin.py:188} INFO - [2025-07-16T19:33:31.046+0000] {dagbag.py:545} INFO - Filling up the DagBag from /mnt/c/Users/Shivam Gupta/OneDrive/Documents/Shivam_Developement/data_engineering/data_engineering_project/batch-etl-pyspark/.venv/lib/python3.12/site-packages/airflow/example_dags/example_branch_labels.py
[2025-07-16T19:33:31.096+0000] {processor.py:840} INFO - DAG(s) 'example_branch_labels' retrieved from /mnt/c/Users/Shivam Gupta/OneDrive/Documents/Shivam_Developement/data_engineering/data_engineering_project/batch-etl-pyspark/.venv/lib/python3.12/site-packages/airflow/example_dags/example_branch_labels.py
[2025-07-16T19:33:31.128+0000] {logging_mixin.py:188} INFO - [2025-07-16T19:33:31.128+0000] {dag.py:3096} INFO - Sync 1 DAGs
[2025-07-16T19:33:31.154+0000] {logging_mixin.py:188} INFO - [2025-07-16T19:33:31.153+0000] {dag.py:3954} INFO - Setting next_dagrun for example_branch_labels to 2025-07-15 00:00:00+00:00, run_after=2025-07-16 00:00:00+00:00
[2025-07-16T19:33:31.207+0000] {processor.py:183} INFO - Processing /mnt/c/Users/Shivam Gupta/OneDrive/Documents/Shivam_Developement/data_engineering/data_engineering_project/batch-etl-pyspark/.venv/lib/python3.12/site-packages/airflow/example_dags/example_branch_labels.py took 0.181 seconds
[2025-07-16T19:34:45.246+0000] {processor.py:161} INFO - Started process (PID=13961) to work on /mnt/c/Users/Shivam Gupta/OneDrive/Documents/Shivam_Developement/data_engineering/data_engineering_project/batch-etl-pyspark/.venv/lib/python3.12/site-packages/airflow/example_dags/example_branch_labels.py
[2025-07-16T19:34:45.249+0000] {processor.py:830} INFO - Processing file /mnt/c/Users/Shivam Gupta/OneDrive/Documents/Shivam_Developement/data_engineering/data_engineering_project/batch-etl-pyspark/.venv/lib/python3.12/site-packages/airflow/example_dags/example_branch_labels.py for tasks to queue
[2025-07-16T19:34:45.254+0000] {logging_mixin.py:188} INFO - [2025-07-16T19:34:45.252+0000] {dagbag.py:545} INFO - Filling up the DagBag from /mnt/c/Users/Shivam Gupta/OneDrive/Documents/Shivam_Developement/data_engineering/data_engineering_project/batch-etl-pyspark/.venv/lib/python3.12/site-packages/airflow/example_dags/example_branch_labels.py
[2025-07-16T19:34:45.301+0000] {processor.py:840} INFO - DAG(s) 'example_branch_labels' retrieved from /mnt/c/Users/Shivam Gupta/OneDrive/Documents/Shivam_Developement/data_engineering/data_engineering_project/batch-etl-pyspark/.venv/lib/python3.12/site-packages/airflow/example_dags/example_branch_labels.py
[2025-07-16T19:34:45.323+0000] {logging_mixin.py:188} INFO - [2025-07-16T19:34:45.323+0000] {dag.py:3096} INFO - Sync 1 DAGs
[2025-07-16T19:34:45.342+0000] {logging_mixin.py:188} INFO - [2025-07-16T19:34:45.341+0000] {dag.py:3954} INFO - Setting next_dagrun for example_branch_labels to 2025-07-15 00:00:00+00:00, run_after=2025-07-16 00:00:00+00:00
[2025-07-16T19:34:45.395+0000] {processor.py:183} INFO - Processing /mnt/c/Users/Shivam Gupta/OneDrive/Documents/Shivam_Developement/data_engineering/data_engineering_project/batch-etl-pyspark/.venv/lib/python3.12/site-packages/airflow/example_dags/example_branch_labels.py took 0.171 seconds
[2025-07-16T19:35:58.383+0000] {processor.py:161} INFO - Started process (PID=14124) to work on /mnt/c/Users/Shivam Gupta/OneDrive/Documents/Shivam_Developement/data_engineering/data_engineering_project/batch-etl-pyspark/.venv/lib/python3.12/site-packages/airflow/example_dags/example_branch_labels.py
[2025-07-16T19:35:58.385+0000] {processor.py:830} INFO - Processing file /mnt/c/Users/Shivam Gupta/OneDrive/Documents/Shivam_Developement/data_engineering/data_engineering_project/batch-etl-pyspark/.venv/lib/python3.12/site-packages/airflow/example_dags/example_branch_labels.py for tasks to queue
[2025-07-16T19:35:58.389+0000] {logging_mixin.py:188} INFO - [2025-07-16T19:35:58.387+0000] {dagbag.py:545} INFO - Filling up the DagBag from /mnt/c/Users/Shivam Gupta/OneDrive/Documents/Shivam_Developement/data_engineering/data_engineering_project/batch-etl-pyspark/.venv/lib/python3.12/site-packages/airflow/example_dags/example_branch_labels.py
[2025-07-16T19:35:58.431+0000] {processor.py:840} INFO - DAG(s) 'example_branch_labels' retrieved from /mnt/c/Users/Shivam Gupta/OneDrive/Documents/Shivam_Developement/data_engineering/data_engineering_project/batch-etl-pyspark/.venv/lib/python3.12/site-packages/airflow/example_dags/example_branch_labels.py
[2025-07-16T19:35:58.494+0000] {logging_mixin.py:188} INFO - [2025-07-16T19:35:58.492+0000] {dag.py:3096} INFO - Sync 1 DAGs
[2025-07-16T19:35:58.524+0000] {logging_mixin.py:188} INFO - [2025-07-16T19:35:58.523+0000] {dag.py:3954} INFO - Setting next_dagrun for example_branch_labels to 2025-07-15 00:00:00+00:00, run_after=2025-07-16 00:00:00+00:00
[2025-07-16T19:35:58.602+0000] {processor.py:183} INFO - Processing /mnt/c/Users/Shivam Gupta/OneDrive/Documents/Shivam_Developement/data_engineering/data_engineering_project/batch-etl-pyspark/.venv/lib/python3.12/site-packages/airflow/example_dags/example_branch_labels.py took 0.235 seconds
[2025-07-16T19:49:40.645+0000] {processor.py:161} INFO - Started process (PID=15123) to work on /mnt/c/Users/Shivam Gupta/OneDrive/Documents/Shivam_Developement/data_engineering/data_engineering_project/batch-etl-pyspark/.venv/lib/python3.12/site-packages/airflow/example_dags/example_branch_labels.py
[2025-07-16T19:49:40.647+0000] {processor.py:830} INFO - Processing file /mnt/c/Users/Shivam Gupta/OneDrive/Documents/Shivam_Developement/data_engineering/data_engineering_project/batch-etl-pyspark/.venv/lib/python3.12/site-packages/airflow/example_dags/example_branch_labels.py for tasks to queue
[2025-07-16T19:49:40.650+0000] {logging_mixin.py:188} INFO - [2025-07-16T19:49:40.649+0000] {dagbag.py:545} INFO - Filling up the DagBag from /mnt/c/Users/Shivam Gupta/OneDrive/Documents/Shivam_Developement/data_engineering/data_engineering_project/batch-etl-pyspark/.venv/lib/python3.12/site-packages/airflow/example_dags/example_branch_labels.py
[2025-07-16T19:49:40.698+0000] {processor.py:840} INFO - DAG(s) 'example_branch_labels' retrieved from /mnt/c/Users/Shivam Gupta/OneDrive/Documents/Shivam_Developement/data_engineering/data_engineering_project/batch-etl-pyspark/.venv/lib/python3.12/site-packages/airflow/example_dags/example_branch_labels.py
[2025-07-16T19:49:40.732+0000] {logging_mixin.py:188} INFO - [2025-07-16T19:49:40.731+0000] {dag.py:3096} INFO - Sync 1 DAGs
[2025-07-16T19:49:40.757+0000] {logging_mixin.py:188} INFO - [2025-07-16T19:49:40.756+0000] {dag.py:3954} INFO - Setting next_dagrun for example_branch_labels to 2025-07-15 00:00:00+00:00, run_after=2025-07-16 00:00:00+00:00
[2025-07-16T19:49:40.870+0000] {processor.py:183} INFO - Processing /mnt/c/Users/Shivam Gupta/OneDrive/Documents/Shivam_Developement/data_engineering/data_engineering_project/batch-etl-pyspark/.venv/lib/python3.12/site-packages/airflow/example_dags/example_branch_labels.py took 0.240 seconds
[2025-07-16T19:51:08.756+0000] {processor.py:161} INFO - Started process (PID=15230) to work on /mnt/c/Users/Shivam Gupta/OneDrive/Documents/Shivam_Developement/data_engineering/data_engineering_project/batch-etl-pyspark/.venv/lib/python3.12/site-packages/airflow/example_dags/example_branch_labels.py
[2025-07-16T19:51:08.758+0000] {processor.py:830} INFO - Processing file /mnt/c/Users/Shivam Gupta/OneDrive/Documents/Shivam_Developement/data_engineering/data_engineering_project/batch-etl-pyspark/.venv/lib/python3.12/site-packages/airflow/example_dags/example_branch_labels.py for tasks to queue
[2025-07-16T19:51:08.762+0000] {logging_mixin.py:188} INFO - [2025-07-16T19:51:08.760+0000] {dagbag.py:545} INFO - Filling up the DagBag from /mnt/c/Users/Shivam Gupta/OneDrive/Documents/Shivam_Developement/data_engineering/data_engineering_project/batch-etl-pyspark/.venv/lib/python3.12/site-packages/airflow/example_dags/example_branch_labels.py
[2025-07-16T19:51:08.792+0000] {processor.py:840} INFO - DAG(s) 'example_branch_labels' retrieved from /mnt/c/Users/Shivam Gupta/OneDrive/Documents/Shivam_Developement/data_engineering/data_engineering_project/batch-etl-pyspark/.venv/lib/python3.12/site-packages/airflow/example_dags/example_branch_labels.py
[2025-07-16T19:51:08.825+0000] {logging_mixin.py:188} INFO - [2025-07-16T19:51:08.824+0000] {dag.py:3096} INFO - Sync 1 DAGs
[2025-07-16T19:51:08.852+0000] {logging_mixin.py:188} INFO - [2025-07-16T19:51:08.851+0000] {dag.py:3954} INFO - Setting next_dagrun for example_branch_labels to 2025-07-15 00:00:00+00:00, run_after=2025-07-16 00:00:00+00:00
[2025-07-16T19:51:08.910+0000] {processor.py:183} INFO - Processing /mnt/c/Users/Shivam Gupta/OneDrive/Documents/Shivam_Developement/data_engineering/data_engineering_project/batch-etl-pyspark/.venv/lib/python3.12/site-packages/airflow/example_dags/example_branch_labels.py took 0.171 seconds
[2025-07-16T19:52:37.034+0000] {processor.py:161} INFO - Started process (PID=15352) to work on /mnt/c/Users/Shivam Gupta/OneDrive/Documents/Shivam_Developement/data_engineering/data_engineering_project/batch-etl-pyspark/.venv/lib/python3.12/site-packages/airflow/example_dags/example_branch_labels.py
[2025-07-16T19:52:37.037+0000] {processor.py:830} INFO - Processing file /mnt/c/Users/Shivam Gupta/OneDrive/Documents/Shivam_Developement/data_engineering/data_engineering_project/batch-etl-pyspark/.venv/lib/python3.12/site-packages/airflow/example_dags/example_branch_labels.py for tasks to queue
[2025-07-16T19:52:37.040+0000] {logging_mixin.py:188} INFO - [2025-07-16T19:52:37.039+0000] {dagbag.py:545} INFO - Filling up the DagBag from /mnt/c/Users/Shivam Gupta/OneDrive/Documents/Shivam_Developement/data_engineering/data_engineering_project/batch-etl-pyspark/.venv/lib/python3.12/site-packages/airflow/example_dags/example_branch_labels.py
[2025-07-16T19:52:37.079+0000] {processor.py:840} INFO - DAG(s) 'example_branch_labels' retrieved from /mnt/c/Users/Shivam Gupta/OneDrive/Documents/Shivam_Developement/data_engineering/data_engineering_project/batch-etl-pyspark/.venv/lib/python3.12/site-packages/airflow/example_dags/example_branch_labels.py
[2025-07-16T19:52:37.116+0000] {logging_mixin.py:188} INFO - [2025-07-16T19:52:37.115+0000] {dag.py:3096} INFO - Sync 1 DAGs
[2025-07-16T19:52:37.152+0000] {logging_mixin.py:188} INFO - [2025-07-16T19:52:37.151+0000] {dag.py:3954} INFO - Setting next_dagrun for example_branch_labels to 2025-07-15 00:00:00+00:00, run_after=2025-07-16 00:00:00+00:00
[2025-07-16T19:52:37.244+0000] {processor.py:183} INFO - Processing /mnt/c/Users/Shivam Gupta/OneDrive/Documents/Shivam_Developement/data_engineering/data_engineering_project/batch-etl-pyspark/.venv/lib/python3.12/site-packages/airflow/example_dags/example_branch_labels.py took 0.225 seconds
