[2025-07-16T17:47:41.642+0000] {processor.py:161} INFO - Started process (PID=5783) to work on /mnt/c/Users/Shivam Gupta/OneDrive/Documents/Shivam_Developement/data_engineering/data_engineering_project/batch-etl-pyspark/.venv/lib/python3.12/site-packages/airflow/example_dags/example_display_name.py
[2025-07-16T17:47:41.644+0000] {processor.py:830} INFO - Processing file /mnt/c/Users/Shivam Gupta/OneDrive/Documents/Shivam_Developement/data_engineering/data_engineering_project/batch-etl-pyspark/.venv/lib/python3.12/site-packages/airflow/example_dags/example_display_name.py for tasks to queue
[2025-07-16T17:47:41.646+0000] {logging_mixin.py:188} INFO - [2025-07-16T17:47:41.645+0000] {dagbag.py:545} INFO - Filling up the DagBag from /mnt/c/Users/Shivam Gupta/OneDrive/Documents/Shivam_Developement/data_engineering/data_engineering_project/batch-etl-pyspark/.venv/lib/python3.12/site-packages/airflow/example_dags/example_display_name.py
[2025-07-16T17:47:41.667+0000] {processor.py:840} INFO - DAG(s) 'example_display_name' retrieved from /mnt/c/Users/Shivam Gupta/OneDrive/Documents/Shivam_Developement/data_engineering/data_engineering_project/batch-etl-pyspark/.venv/lib/python3.12/site-packages/airflow/example_dags/example_display_name.py
[2025-07-16T17:47:42.766+0000] {logging_mixin.py:188} INFO - [2025-07-16T17:47:42.758+0000] {override.py:1930} INFO - Created Permission View: can read on DAG:example_display_name
[2025-07-16T17:47:42.822+0000] {logging_mixin.py:188} INFO - [2025-07-16T17:47:42.817+0000] {override.py:1930} INFO - Created Permission View: can edit on DAG:example_display_name
[2025-07-16T17:47:42.888+0000] {logging_mixin.py:188} INFO - [2025-07-16T17:47:42.885+0000] {override.py:1930} INFO - Created Permission View: can delete on DAG:example_display_name
[2025-07-16T17:47:42.895+0000] {logging_mixin.py:188} INFO - [2025-07-16T17:47:42.893+0000] {dag.py:3096} INFO - Sync 1 DAGs
[2025-07-16T17:47:42.916+0000] {logging_mixin.py:188} INFO - [2025-07-16T17:47:42.916+0000] {dag.py:3118} INFO - Creating ORM DAG for example_display_name
[2025-07-16T17:47:42.918+0000] {logging_mixin.py:188} INFO - [2025-07-16T17:47:42.917+0000] {dag.py:3954} INFO - Setting next_dagrun for example_display_name to None, run_after=None
[2025-07-16T17:47:42.987+0000] {processor.py:183} INFO - Processing /mnt/c/Users/Shivam Gupta/OneDrive/Documents/Shivam_Developement/data_engineering/data_engineering_project/batch-etl-pyspark/.venv/lib/python3.12/site-packages/airflow/example_dags/example_display_name.py took 1.356 seconds
[2025-07-16T17:49:43.627+0000] {processor.py:161} INFO - Started process (PID=5889) to work on /mnt/c/Users/Shivam Gupta/OneDrive/Documents/Shivam_Developement/data_engineering/data_engineering_project/batch-etl-pyspark/.venv/lib/python3.12/site-packages/airflow/example_dags/example_display_name.py
[2025-07-16T17:49:43.629+0000] {processor.py:830} INFO - Processing file /mnt/c/Users/Shivam Gupta/OneDrive/Documents/Shivam_Developement/data_engineering/data_engineering_project/batch-etl-pyspark/.venv/lib/python3.12/site-packages/airflow/example_dags/example_display_name.py for tasks to queue
[2025-07-16T17:49:43.631+0000] {logging_mixin.py:188} INFO - [2025-07-16T17:49:43.630+0000] {dagbag.py:545} INFO - Filling up the DagBag from /mnt/c/Users/Shivam Gupta/OneDrive/Documents/Shivam_Developement/data_engineering/data_engineering_project/batch-etl-pyspark/.venv/lib/python3.12/site-packages/airflow/example_dags/example_display_name.py
[2025-07-16T17:49:43.644+0000] {processor.py:840} INFO - DAG(s) 'example_display_name' retrieved from /mnt/c/Users/Shivam Gupta/OneDrive/Documents/Shivam_Developement/data_engineering/data_engineering_project/batch-etl-pyspark/.venv/lib/python3.12/site-packages/airflow/example_dags/example_display_name.py
[2025-07-16T17:49:43.662+0000] {logging_mixin.py:188} INFO - [2025-07-16T17:49:43.661+0000] {dag.py:3096} INFO - Sync 1 DAGs
[2025-07-16T17:49:43.673+0000] {logging_mixin.py:188} INFO - [2025-07-16T17:49:43.672+0000] {dag.py:3954} INFO - Setting next_dagrun for example_display_name to None, run_after=None
[2025-07-16T17:49:43.738+0000] {processor.py:183} INFO - Processing /mnt/c/Users/Shivam Gupta/OneDrive/Documents/Shivam_Developement/data_engineering/data_engineering_project/batch-etl-pyspark/.venv/lib/python3.12/site-packages/airflow/example_dags/example_display_name.py took 0.117 seconds
[2025-07-16T17:51:14.700+0000] {processor.py:161} INFO - Started process (PID=5979) to work on /mnt/c/Users/Shivam Gupta/OneDrive/Documents/Shivam_Developement/data_engineering/data_engineering_project/batch-etl-pyspark/.venv/lib/python3.12/site-packages/airflow/example_dags/example_display_name.py
[2025-07-16T17:51:14.702+0000] {processor.py:830} INFO - Processing file /mnt/c/Users/Shivam Gupta/OneDrive/Documents/Shivam_Developement/data_engineering/data_engineering_project/batch-etl-pyspark/.venv/lib/python3.12/site-packages/airflow/example_dags/example_display_name.py for tasks to queue
[2025-07-16T17:51:14.704+0000] {logging_mixin.py:188} INFO - [2025-07-16T17:51:14.703+0000] {dagbag.py:545} INFO - Filling up the DagBag from /mnt/c/Users/Shivam Gupta/OneDrive/Documents/Shivam_Developement/data_engineering/data_engineering_project/batch-etl-pyspark/.venv/lib/python3.12/site-packages/airflow/example_dags/example_display_name.py
[2025-07-16T17:51:14.718+0000] {processor.py:840} INFO - DAG(s) 'example_display_name' retrieved from /mnt/c/Users/Shivam Gupta/OneDrive/Documents/Shivam_Developement/data_engineering/data_engineering_project/batch-etl-pyspark/.venv/lib/python3.12/site-packages/airflow/example_dags/example_display_name.py
[2025-07-16T17:51:14.738+0000] {logging_mixin.py:188} INFO - [2025-07-16T17:51:14.737+0000] {dag.py:3096} INFO - Sync 1 DAGs
[2025-07-16T17:51:14.749+0000] {logging_mixin.py:188} INFO - [2025-07-16T17:51:14.748+0000] {dag.py:3954} INFO - Setting next_dagrun for example_display_name to None, run_after=None
[2025-07-16T17:51:14.811+0000] {processor.py:183} INFO - Processing /mnt/c/Users/Shivam Gupta/OneDrive/Documents/Shivam_Developement/data_engineering/data_engineering_project/batch-etl-pyspark/.venv/lib/python3.12/site-packages/airflow/example_dags/example_display_name.py took 0.118 seconds
[2025-07-16T17:52:22.646+0000] {processor.py:161} INFO - Started process (PID=6048) to work on /mnt/c/Users/Shivam Gupta/OneDrive/Documents/Shivam_Developement/data_engineering/data_engineering_project/batch-etl-pyspark/.venv/lib/python3.12/site-packages/airflow/example_dags/example_display_name.py
[2025-07-16T17:52:22.650+0000] {processor.py:830} INFO - Processing file /mnt/c/Users/Shivam Gupta/OneDrive/Documents/Shivam_Developement/data_engineering/data_engineering_project/batch-etl-pyspark/.venv/lib/python3.12/site-packages/airflow/example_dags/example_display_name.py for tasks to queue
[2025-07-16T17:52:22.656+0000] {logging_mixin.py:188} INFO - [2025-07-16T17:52:22.654+0000] {dagbag.py:545} INFO - Filling up the DagBag from /mnt/c/Users/Shivam Gupta/OneDrive/Documents/Shivam_Developement/data_engineering/data_engineering_project/batch-etl-pyspark/.venv/lib/python3.12/site-packages/airflow/example_dags/example_display_name.py
[2025-07-16T17:52:22.700+0000] {processor.py:840} INFO - DAG(s) 'example_display_name' retrieved from /mnt/c/Users/Shivam Gupta/OneDrive/Documents/Shivam_Developement/data_engineering/data_engineering_project/batch-etl-pyspark/.venv/lib/python3.12/site-packages/airflow/example_dags/example_display_name.py
[2025-07-16T17:52:22.743+0000] {logging_mixin.py:188} INFO - [2025-07-16T17:52:22.742+0000] {dag.py:3096} INFO - Sync 1 DAGs
[2025-07-16T17:52:22.762+0000] {logging_mixin.py:188} INFO - [2025-07-16T17:52:22.760+0000] {dag.py:3954} INFO - Setting next_dagrun for example_display_name to None, run_after=None
[2025-07-16T17:52:22.877+0000] {processor.py:183} INFO - Processing /mnt/c/Users/Shivam Gupta/OneDrive/Documents/Shivam_Developement/data_engineering/data_engineering_project/batch-etl-pyspark/.venv/lib/python3.12/site-packages/airflow/example_dags/example_display_name.py took 0.250 seconds
[2025-07-16T17:53:50.455+0000] {processor.py:161} INFO - Started process (PID=6135) to work on /mnt/c/Users/Shivam Gupta/OneDrive/Documents/Shivam_Developement/data_engineering/data_engineering_project/batch-etl-pyspark/.venv/lib/python3.12/site-packages/airflow/example_dags/example_display_name.py
[2025-07-16T17:53:50.457+0000] {processor.py:830} INFO - Processing file /mnt/c/Users/Shivam Gupta/OneDrive/Documents/Shivam_Developement/data_engineering/data_engineering_project/batch-etl-pyspark/.venv/lib/python3.12/site-packages/airflow/example_dags/example_display_name.py for tasks to queue
[2025-07-16T17:53:50.462+0000] {logging_mixin.py:188} INFO - [2025-07-16T17:53:50.460+0000] {dagbag.py:545} INFO - Filling up the DagBag from /mnt/c/Users/Shivam Gupta/OneDrive/Documents/Shivam_Developement/data_engineering/data_engineering_project/batch-etl-pyspark/.venv/lib/python3.12/site-packages/airflow/example_dags/example_display_name.py
[2025-07-16T17:53:50.498+0000] {processor.py:840} INFO - DAG(s) 'example_display_name' retrieved from /mnt/c/Users/Shivam Gupta/OneDrive/Documents/Shivam_Developement/data_engineering/data_engineering_project/batch-etl-pyspark/.venv/lib/python3.12/site-packages/airflow/example_dags/example_display_name.py
[2025-07-16T17:53:50.547+0000] {logging_mixin.py:188} INFO - [2025-07-16T17:53:50.545+0000] {dag.py:3096} INFO - Sync 1 DAGs
[2025-07-16T17:53:50.566+0000] {logging_mixin.py:188} INFO - [2025-07-16T17:53:50.565+0000] {dag.py:3954} INFO - Setting next_dagrun for example_display_name to None, run_after=None
[2025-07-16T17:53:50.649+0000] {processor.py:183} INFO - Processing /mnt/c/Users/Shivam Gupta/OneDrive/Documents/Shivam_Developement/data_engineering/data_engineering_project/batch-etl-pyspark/.venv/lib/python3.12/site-packages/airflow/example_dags/example_display_name.py took 0.211 seconds
[2025-07-16T17:55:20.875+0000] {processor.py:161} INFO - Started process (PID=6224) to work on /mnt/c/Users/Shivam Gupta/OneDrive/Documents/Shivam_Developement/data_engineering/data_engineering_project/batch-etl-pyspark/.venv/lib/python3.12/site-packages/airflow/example_dags/example_display_name.py
[2025-07-16T17:55:20.877+0000] {processor.py:830} INFO - Processing file /mnt/c/Users/Shivam Gupta/OneDrive/Documents/Shivam_Developement/data_engineering/data_engineering_project/batch-etl-pyspark/.venv/lib/python3.12/site-packages/airflow/example_dags/example_display_name.py for tasks to queue
[2025-07-16T17:55:20.880+0000] {logging_mixin.py:188} INFO - [2025-07-16T17:55:20.879+0000] {dagbag.py:545} INFO - Filling up the DagBag from /mnt/c/Users/Shivam Gupta/OneDrive/Documents/Shivam_Developement/data_engineering/data_engineering_project/batch-etl-pyspark/.venv/lib/python3.12/site-packages/airflow/example_dags/example_display_name.py
[2025-07-16T17:55:20.902+0000] {processor.py:840} INFO - DAG(s) 'example_display_name' retrieved from /mnt/c/Users/Shivam Gupta/OneDrive/Documents/Shivam_Developement/data_engineering/data_engineering_project/batch-etl-pyspark/.venv/lib/python3.12/site-packages/airflow/example_dags/example_display_name.py
[2025-07-16T17:55:20.931+0000] {logging_mixin.py:188} INFO - [2025-07-16T17:55:20.930+0000] {dag.py:3096} INFO - Sync 1 DAGs
[2025-07-16T17:55:20.946+0000] {logging_mixin.py:188} INFO - [2025-07-16T17:55:20.945+0000] {dag.py:3954} INFO - Setting next_dagrun for example_display_name to None, run_after=None
[2025-07-16T17:55:21.035+0000] {processor.py:183} INFO - Processing /mnt/c/Users/Shivam Gupta/OneDrive/Documents/Shivam_Developement/data_engineering/data_engineering_project/batch-etl-pyspark/.venv/lib/python3.12/site-packages/airflow/example_dags/example_display_name.py took 0.173 seconds
[2025-07-16T18:02:54.305+0000] {processor.py:161} INFO - Started process (PID=6754) to work on /mnt/c/Users/Shivam Gupta/OneDrive/Documents/Shivam_Developement/data_engineering/data_engineering_project/batch-etl-pyspark/.venv/lib/python3.12/site-packages/airflow/example_dags/example_display_name.py
[2025-07-16T18:02:54.308+0000] {processor.py:830} INFO - Processing file /mnt/c/Users/Shivam Gupta/OneDrive/Documents/Shivam_Developement/data_engineering/data_engineering_project/batch-etl-pyspark/.venv/lib/python3.12/site-packages/airflow/example_dags/example_display_name.py for tasks to queue
[2025-07-16T18:02:54.312+0000] {logging_mixin.py:188} INFO - [2025-07-16T18:02:54.310+0000] {dagbag.py:545} INFO - Filling up the DagBag from /mnt/c/Users/Shivam Gupta/OneDrive/Documents/Shivam_Developement/data_engineering/data_engineering_project/batch-etl-pyspark/.venv/lib/python3.12/site-packages/airflow/example_dags/example_display_name.py
[2025-07-16T18:02:54.347+0000] {processor.py:840} INFO - DAG(s) 'example_display_name' retrieved from /mnt/c/Users/Shivam Gupta/OneDrive/Documents/Shivam_Developement/data_engineering/data_engineering_project/batch-etl-pyspark/.venv/lib/python3.12/site-packages/airflow/example_dags/example_display_name.py
[2025-07-16T18:02:54.382+0000] {logging_mixin.py:188} INFO - [2025-07-16T18:02:54.381+0000] {dag.py:3096} INFO - Sync 1 DAGs
[2025-07-16T18:02:54.401+0000] {logging_mixin.py:188} INFO - [2025-07-16T18:02:54.399+0000] {dag.py:3954} INFO - Setting next_dagrun for example_display_name to None, run_after=None
[2025-07-16T18:02:54.489+0000] {processor.py:183} INFO - Processing /mnt/c/Users/Shivam Gupta/OneDrive/Documents/Shivam_Developement/data_engineering/data_engineering_project/batch-etl-pyspark/.venv/lib/python3.12/site-packages/airflow/example_dags/example_display_name.py took 0.201 seconds
[2025-07-16T18:38:44.040+0000] {processor.py:161} INFO - Started process (PID=8701) to work on /mnt/c/Users/Shivam Gupta/OneDrive/Documents/Shivam_Developement/data_engineering/data_engineering_project/batch-etl-pyspark/.venv/lib/python3.12/site-packages/airflow/example_dags/example_display_name.py
[2025-07-16T18:38:44.044+0000] {processor.py:830} INFO - Processing file /mnt/c/Users/Shivam Gupta/OneDrive/Documents/Shivam_Developement/data_engineering/data_engineering_project/batch-etl-pyspark/.venv/lib/python3.12/site-packages/airflow/example_dags/example_display_name.py for tasks to queue
[2025-07-16T18:38:44.050+0000] {logging_mixin.py:188} INFO - [2025-07-16T18:38:44.048+0000] {dagbag.py:545} INFO - Filling up the DagBag from /mnt/c/Users/Shivam Gupta/OneDrive/Documents/Shivam_Developement/data_engineering/data_engineering_project/batch-etl-pyspark/.venv/lib/python3.12/site-packages/airflow/example_dags/example_display_name.py
[2025-07-16T18:38:44.079+0000] {processor.py:840} INFO - DAG(s) 'example_display_name' retrieved from /mnt/c/Users/Shivam Gupta/OneDrive/Documents/Shivam_Developement/data_engineering/data_engineering_project/batch-etl-pyspark/.venv/lib/python3.12/site-packages/airflow/example_dags/example_display_name.py
[2025-07-16T18:38:44.112+0000] {logging_mixin.py:188} INFO - [2025-07-16T18:38:44.111+0000] {dag.py:3096} INFO - Sync 1 DAGs
[2025-07-16T18:38:44.124+0000] {logging_mixin.py:188} INFO - [2025-07-16T18:38:44.123+0000] {dag.py:3954} INFO - Setting next_dagrun for example_display_name to None, run_after=None
[2025-07-16T18:38:44.176+0000] {processor.py:183} INFO - Processing /mnt/c/Users/Shivam Gupta/OneDrive/Documents/Shivam_Developement/data_engineering/data_engineering_project/batch-etl-pyspark/.venv/lib/python3.12/site-packages/airflow/example_dags/example_display_name.py took 0.157 seconds
[2025-07-16T18:52:51.779+0000] {processor.py:161} INFO - Started process (PID=9401) to work on /mnt/c/Users/Shivam Gupta/OneDrive/Documents/Shivam_Developement/data_engineering/data_engineering_project/batch-etl-pyspark/.venv/lib/python3.12/site-packages/airflow/example_dags/example_display_name.py
[2025-07-16T18:52:51.780+0000] {processor.py:830} INFO - Processing file /mnt/c/Users/Shivam Gupta/OneDrive/Documents/Shivam_Developement/data_engineering/data_engineering_project/batch-etl-pyspark/.venv/lib/python3.12/site-packages/airflow/example_dags/example_display_name.py for tasks to queue
[2025-07-16T18:52:51.783+0000] {logging_mixin.py:188} INFO - [2025-07-16T18:52:51.782+0000] {dagbag.py:545} INFO - Filling up the DagBag from /mnt/c/Users/Shivam Gupta/OneDrive/Documents/Shivam_Developement/data_engineering/data_engineering_project/batch-etl-pyspark/.venv/lib/python3.12/site-packages/airflow/example_dags/example_display_name.py
[2025-07-16T18:52:51.803+0000] {processor.py:840} INFO - DAG(s) 'example_display_name' retrieved from /mnt/c/Users/Shivam Gupta/OneDrive/Documents/Shivam_Developement/data_engineering/data_engineering_project/batch-etl-pyspark/.venv/lib/python3.12/site-packages/airflow/example_dags/example_display_name.py
[2025-07-16T18:52:51.830+0000] {logging_mixin.py:188} INFO - [2025-07-16T18:52:51.829+0000] {dag.py:3096} INFO - Sync 1 DAGs
[2025-07-16T18:52:51.844+0000] {logging_mixin.py:188} INFO - [2025-07-16T18:52:51.843+0000] {dag.py:3954} INFO - Setting next_dagrun for example_display_name to None, run_after=None
[2025-07-16T18:52:51.931+0000] {processor.py:183} INFO - Processing /mnt/c/Users/Shivam Gupta/OneDrive/Documents/Shivam_Developement/data_engineering/data_engineering_project/batch-etl-pyspark/.venv/lib/python3.12/site-packages/airflow/example_dags/example_display_name.py took 0.162 seconds
[2025-07-16T18:54:17.695+0000] {processor.py:161} INFO - Started process (PID=9490) to work on /mnt/c/Users/Shivam Gupta/OneDrive/Documents/Shivam_Developement/data_engineering/data_engineering_project/batch-etl-pyspark/.venv/lib/python3.12/site-packages/airflow/example_dags/example_display_name.py
[2025-07-16T18:54:17.696+0000] {processor.py:830} INFO - Processing file /mnt/c/Users/Shivam Gupta/OneDrive/Documents/Shivam_Developement/data_engineering/data_engineering_project/batch-etl-pyspark/.venv/lib/python3.12/site-packages/airflow/example_dags/example_display_name.py for tasks to queue
[2025-07-16T18:54:17.699+0000] {logging_mixin.py:188} INFO - [2025-07-16T18:54:17.698+0000] {dagbag.py:545} INFO - Filling up the DagBag from /mnt/c/Users/Shivam Gupta/OneDrive/Documents/Shivam_Developement/data_engineering/data_engineering_project/batch-etl-pyspark/.venv/lib/python3.12/site-packages/airflow/example_dags/example_display_name.py
[2025-07-16T18:54:17.718+0000] {processor.py:840} INFO - DAG(s) 'example_display_name' retrieved from /mnt/c/Users/Shivam Gupta/OneDrive/Documents/Shivam_Developement/data_engineering/data_engineering_project/batch-etl-pyspark/.venv/lib/python3.12/site-packages/airflow/example_dags/example_display_name.py
[2025-07-16T18:54:17.741+0000] {logging_mixin.py:188} INFO - [2025-07-16T18:54:17.740+0000] {dag.py:3096} INFO - Sync 1 DAGs
[2025-07-16T18:54:17.756+0000] {logging_mixin.py:188} INFO - [2025-07-16T18:54:17.754+0000] {dag.py:3954} INFO - Setting next_dagrun for example_display_name to None, run_after=None
[2025-07-16T18:54:17.798+0000] {processor.py:183} INFO - Processing /mnt/c/Users/Shivam Gupta/OneDrive/Documents/Shivam_Developement/data_engineering/data_engineering_project/batch-etl-pyspark/.venv/lib/python3.12/site-packages/airflow/example_dags/example_display_name.py took 0.112 seconds
[2025-07-16T18:55:38.952+0000] {processor.py:161} INFO - Started process (PID=9739) to work on /mnt/c/Users/Shivam Gupta/OneDrive/Documents/Shivam_Developement/data_engineering/data_engineering_project/batch-etl-pyspark/.venv/lib/python3.12/site-packages/airflow/example_dags/example_display_name.py
[2025-07-16T18:55:38.953+0000] {processor.py:830} INFO - Processing file /mnt/c/Users/Shivam Gupta/OneDrive/Documents/Shivam_Developement/data_engineering/data_engineering_project/batch-etl-pyspark/.venv/lib/python3.12/site-packages/airflow/example_dags/example_display_name.py for tasks to queue
[2025-07-16T18:55:38.956+0000] {logging_mixin.py:188} INFO - [2025-07-16T18:55:38.955+0000] {dagbag.py:545} INFO - Filling up the DagBag from /mnt/c/Users/Shivam Gupta/OneDrive/Documents/Shivam_Developement/data_engineering/data_engineering_project/batch-etl-pyspark/.venv/lib/python3.12/site-packages/airflow/example_dags/example_display_name.py
[2025-07-16T18:55:38.970+0000] {processor.py:840} INFO - DAG(s) 'example_display_name' retrieved from /mnt/c/Users/Shivam Gupta/OneDrive/Documents/Shivam_Developement/data_engineering/data_engineering_project/batch-etl-pyspark/.venv/lib/python3.12/site-packages/airflow/example_dags/example_display_name.py
[2025-07-16T18:55:39.002+0000] {logging_mixin.py:188} INFO - [2025-07-16T18:55:39.000+0000] {dag.py:3096} INFO - Sync 1 DAGs
[2025-07-16T18:55:39.022+0000] {logging_mixin.py:188} INFO - [2025-07-16T18:55:39.019+0000] {dag.py:3954} INFO - Setting next_dagrun for example_display_name to None, run_after=None
[2025-07-16T18:55:39.108+0000] {processor.py:183} INFO - Processing /mnt/c/Users/Shivam Gupta/OneDrive/Documents/Shivam_Developement/data_engineering/data_engineering_project/batch-etl-pyspark/.venv/lib/python3.12/site-packages/airflow/example_dags/example_display_name.py took 0.164 seconds
[2025-07-16T18:56:53.558+0000] {processor.py:161} INFO - Started process (PID=9896) to work on /mnt/c/Users/Shivam Gupta/OneDrive/Documents/Shivam_Developement/data_engineering/data_engineering_project/batch-etl-pyspark/.venv/lib/python3.12/site-packages/airflow/example_dags/example_display_name.py
[2025-07-16T18:56:53.559+0000] {processor.py:830} INFO - Processing file /mnt/c/Users/Shivam Gupta/OneDrive/Documents/Shivam_Developement/data_engineering/data_engineering_project/batch-etl-pyspark/.venv/lib/python3.12/site-packages/airflow/example_dags/example_display_name.py for tasks to queue
[2025-07-16T18:56:53.562+0000] {logging_mixin.py:188} INFO - [2025-07-16T18:56:53.561+0000] {dagbag.py:545} INFO - Filling up the DagBag from /mnt/c/Users/Shivam Gupta/OneDrive/Documents/Shivam_Developement/data_engineering/data_engineering_project/batch-etl-pyspark/.venv/lib/python3.12/site-packages/airflow/example_dags/example_display_name.py
[2025-07-16T18:56:53.574+0000] {processor.py:840} INFO - DAG(s) 'example_display_name' retrieved from /mnt/c/Users/Shivam Gupta/OneDrive/Documents/Shivam_Developement/data_engineering/data_engineering_project/batch-etl-pyspark/.venv/lib/python3.12/site-packages/airflow/example_dags/example_display_name.py
[2025-07-16T18:56:53.591+0000] {logging_mixin.py:188} INFO - [2025-07-16T18:56:53.591+0000] {dag.py:3096} INFO - Sync 1 DAGs
[2025-07-16T18:56:53.601+0000] {logging_mixin.py:188} INFO - [2025-07-16T18:56:53.600+0000] {dag.py:3954} INFO - Setting next_dagrun for example_display_name to None, run_after=None
[2025-07-16T18:56:53.649+0000] {processor.py:183} INFO - Processing /mnt/c/Users/Shivam Gupta/OneDrive/Documents/Shivam_Developement/data_engineering/data_engineering_project/batch-etl-pyspark/.venv/lib/python3.12/site-packages/airflow/example_dags/example_display_name.py took 0.098 seconds
[2025-07-16T18:58:16.070+0000] {processor.py:161} INFO - Started process (PID=10057) to work on /mnt/c/Users/Shivam Gupta/OneDrive/Documents/Shivam_Developement/data_engineering/data_engineering_project/batch-etl-pyspark/.venv/lib/python3.12/site-packages/airflow/example_dags/example_display_name.py
[2025-07-16T18:58:16.073+0000] {processor.py:830} INFO - Processing file /mnt/c/Users/Shivam Gupta/OneDrive/Documents/Shivam_Developement/data_engineering/data_engineering_project/batch-etl-pyspark/.venv/lib/python3.12/site-packages/airflow/example_dags/example_display_name.py for tasks to queue
[2025-07-16T18:58:16.076+0000] {logging_mixin.py:188} INFO - [2025-07-16T18:58:16.075+0000] {dagbag.py:545} INFO - Filling up the DagBag from /mnt/c/Users/Shivam Gupta/OneDrive/Documents/Shivam_Developement/data_engineering/data_engineering_project/batch-etl-pyspark/.venv/lib/python3.12/site-packages/airflow/example_dags/example_display_name.py
[2025-07-16T18:58:16.097+0000] {processor.py:840} INFO - DAG(s) 'example_display_name' retrieved from /mnt/c/Users/Shivam Gupta/OneDrive/Documents/Shivam_Developement/data_engineering/data_engineering_project/batch-etl-pyspark/.venv/lib/python3.12/site-packages/airflow/example_dags/example_display_name.py
[2025-07-16T18:58:16.136+0000] {logging_mixin.py:188} INFO - [2025-07-16T18:58:16.135+0000] {dag.py:3096} INFO - Sync 1 DAGs
[2025-07-16T18:58:16.174+0000] {logging_mixin.py:188} INFO - [2025-07-16T18:58:16.171+0000] {dag.py:3954} INFO - Setting next_dagrun for example_display_name to None, run_after=None
[2025-07-16T18:58:16.292+0000] {processor.py:183} INFO - Processing /mnt/c/Users/Shivam Gupta/OneDrive/Documents/Shivam_Developement/data_engineering/data_engineering_project/batch-etl-pyspark/.venv/lib/python3.12/site-packages/airflow/example_dags/example_display_name.py took 0.232 seconds
[2025-07-16T18:59:40.673+0000] {processor.py:161} INFO - Started process (PID=10224) to work on /mnt/c/Users/Shivam Gupta/OneDrive/Documents/Shivam_Developement/data_engineering/data_engineering_project/batch-etl-pyspark/.venv/lib/python3.12/site-packages/airflow/example_dags/example_display_name.py
[2025-07-16T18:59:40.675+0000] {processor.py:830} INFO - Processing file /mnt/c/Users/Shivam Gupta/OneDrive/Documents/Shivam_Developement/data_engineering/data_engineering_project/batch-etl-pyspark/.venv/lib/python3.12/site-packages/airflow/example_dags/example_display_name.py for tasks to queue
[2025-07-16T18:59:40.680+0000] {logging_mixin.py:188} INFO - [2025-07-16T18:59:40.678+0000] {dagbag.py:545} INFO - Filling up the DagBag from /mnt/c/Users/Shivam Gupta/OneDrive/Documents/Shivam_Developement/data_engineering/data_engineering_project/batch-etl-pyspark/.venv/lib/python3.12/site-packages/airflow/example_dags/example_display_name.py
[2025-07-16T18:59:40.719+0000] {processor.py:840} INFO - DAG(s) 'example_display_name' retrieved from /mnt/c/Users/Shivam Gupta/OneDrive/Documents/Shivam_Developement/data_engineering/data_engineering_project/batch-etl-pyspark/.venv/lib/python3.12/site-packages/airflow/example_dags/example_display_name.py
[2025-07-16T18:59:40.776+0000] {logging_mixin.py:188} INFO - [2025-07-16T18:59:40.774+0000] {dag.py:3096} INFO - Sync 1 DAGs
[2025-07-16T18:59:40.793+0000] {logging_mixin.py:188} INFO - [2025-07-16T18:59:40.792+0000] {dag.py:3954} INFO - Setting next_dagrun for example_display_name to None, run_after=None
[2025-07-16T18:59:40.909+0000] {processor.py:183} INFO - Processing /mnt/c/Users/Shivam Gupta/OneDrive/Documents/Shivam_Developement/data_engineering/data_engineering_project/batch-etl-pyspark/.venv/lib/python3.12/site-packages/airflow/example_dags/example_display_name.py took 0.252 seconds
[2025-07-16T19:01:09.426+0000] {processor.py:161} INFO - Started process (PID=10418) to work on /mnt/c/Users/Shivam Gupta/OneDrive/Documents/Shivam_Developement/data_engineering/data_engineering_project/batch-etl-pyspark/.venv/lib/python3.12/site-packages/airflow/example_dags/example_display_name.py
[2025-07-16T19:01:09.430+0000] {processor.py:830} INFO - Processing file /mnt/c/Users/Shivam Gupta/OneDrive/Documents/Shivam_Developement/data_engineering/data_engineering_project/batch-etl-pyspark/.venv/lib/python3.12/site-packages/airflow/example_dags/example_display_name.py for tasks to queue
[2025-07-16T19:01:09.435+0000] {logging_mixin.py:188} INFO - [2025-07-16T19:01:09.433+0000] {dagbag.py:545} INFO - Filling up the DagBag from /mnt/c/Users/Shivam Gupta/OneDrive/Documents/Shivam_Developement/data_engineering/data_engineering_project/batch-etl-pyspark/.venv/lib/python3.12/site-packages/airflow/example_dags/example_display_name.py
[2025-07-16T19:01:09.467+0000] {processor.py:840} INFO - DAG(s) 'example_display_name' retrieved from /mnt/c/Users/Shivam Gupta/OneDrive/Documents/Shivam_Developement/data_engineering/data_engineering_project/batch-etl-pyspark/.venv/lib/python3.12/site-packages/airflow/example_dags/example_display_name.py
[2025-07-16T19:01:09.512+0000] {logging_mixin.py:188} INFO - [2025-07-16T19:01:09.510+0000] {dag.py:3096} INFO - Sync 1 DAGs
[2025-07-16T19:01:09.530+0000] {logging_mixin.py:188} INFO - [2025-07-16T19:01:09.528+0000] {dag.py:3954} INFO - Setting next_dagrun for example_display_name to None, run_after=None
[2025-07-16T19:01:09.663+0000] {processor.py:183} INFO - Processing /mnt/c/Users/Shivam Gupta/OneDrive/Documents/Shivam_Developement/data_engineering/data_engineering_project/batch-etl-pyspark/.venv/lib/python3.12/site-packages/airflow/example_dags/example_display_name.py took 0.257 seconds
[2025-07-16T19:02:41.905+0000] {processor.py:161} INFO - Started process (PID=10609) to work on /mnt/c/Users/Shivam Gupta/OneDrive/Documents/Shivam_Developement/data_engineering/data_engineering_project/batch-etl-pyspark/.venv/lib/python3.12/site-packages/airflow/example_dags/example_display_name.py
[2025-07-16T19:02:41.908+0000] {processor.py:830} INFO - Processing file /mnt/c/Users/Shivam Gupta/OneDrive/Documents/Shivam_Developement/data_engineering/data_engineering_project/batch-etl-pyspark/.venv/lib/python3.12/site-packages/airflow/example_dags/example_display_name.py for tasks to queue
[2025-07-16T19:02:41.912+0000] {logging_mixin.py:188} INFO - [2025-07-16T19:02:41.910+0000] {dagbag.py:545} INFO - Filling up the DagBag from /mnt/c/Users/Shivam Gupta/OneDrive/Documents/Shivam_Developement/data_engineering/data_engineering_project/batch-etl-pyspark/.venv/lib/python3.12/site-packages/airflow/example_dags/example_display_name.py
[2025-07-16T19:02:41.939+0000] {processor.py:840} INFO - DAG(s) 'example_display_name' retrieved from /mnt/c/Users/Shivam Gupta/OneDrive/Documents/Shivam_Developement/data_engineering/data_engineering_project/batch-etl-pyspark/.venv/lib/python3.12/site-packages/airflow/example_dags/example_display_name.py
[2025-07-16T19:02:41.972+0000] {logging_mixin.py:188} INFO - [2025-07-16T19:02:41.971+0000] {dag.py:3096} INFO - Sync 1 DAGs
[2025-07-16T19:02:41.988+0000] {logging_mixin.py:188} INFO - [2025-07-16T19:02:41.987+0000] {dag.py:3954} INFO - Setting next_dagrun for example_display_name to None, run_after=None
[2025-07-16T19:02:42.080+0000] {processor.py:183} INFO - Processing /mnt/c/Users/Shivam Gupta/OneDrive/Documents/Shivam_Developement/data_engineering/data_engineering_project/batch-etl-pyspark/.venv/lib/python3.12/site-packages/airflow/example_dags/example_display_name.py took 0.191 seconds
[2025-07-16T19:04:11.237+0000] {processor.py:161} INFO - Started process (PID=10763) to work on /mnt/c/Users/Shivam Gupta/OneDrive/Documents/Shivam_Developement/data_engineering/data_engineering_project/batch-etl-pyspark/.venv/lib/python3.12/site-packages/airflow/example_dags/example_display_name.py
[2025-07-16T19:04:11.239+0000] {processor.py:830} INFO - Processing file /mnt/c/Users/Shivam Gupta/OneDrive/Documents/Shivam_Developement/data_engineering/data_engineering_project/batch-etl-pyspark/.venv/lib/python3.12/site-packages/airflow/example_dags/example_display_name.py for tasks to queue
[2025-07-16T19:04:11.242+0000] {logging_mixin.py:188} INFO - [2025-07-16T19:04:11.241+0000] {dagbag.py:545} INFO - Filling up the DagBag from /mnt/c/Users/Shivam Gupta/OneDrive/Documents/Shivam_Developement/data_engineering/data_engineering_project/batch-etl-pyspark/.venv/lib/python3.12/site-packages/airflow/example_dags/example_display_name.py
[2025-07-16T19:04:11.255+0000] {processor.py:840} INFO - DAG(s) 'example_display_name' retrieved from /mnt/c/Users/Shivam Gupta/OneDrive/Documents/Shivam_Developement/data_engineering/data_engineering_project/batch-etl-pyspark/.venv/lib/python3.12/site-packages/airflow/example_dags/example_display_name.py
[2025-07-16T19:04:11.276+0000] {logging_mixin.py:188} INFO - [2025-07-16T19:04:11.276+0000] {dag.py:3096} INFO - Sync 1 DAGs
[2025-07-16T19:04:11.287+0000] {logging_mixin.py:188} INFO - [2025-07-16T19:04:11.287+0000] {dag.py:3954} INFO - Setting next_dagrun for example_display_name to None, run_after=None
[2025-07-16T19:04:11.341+0000] {processor.py:183} INFO - Processing /mnt/c/Users/Shivam Gupta/OneDrive/Documents/Shivam_Developement/data_engineering/data_engineering_project/batch-etl-pyspark/.venv/lib/python3.12/site-packages/airflow/example_dags/example_display_name.py took 0.112 seconds
[2025-07-16T19:05:35.589+0000] {processor.py:161} INFO - Started process (PID=10921) to work on /mnt/c/Users/Shivam Gupta/OneDrive/Documents/Shivam_Developement/data_engineering/data_engineering_project/batch-etl-pyspark/.venv/lib/python3.12/site-packages/airflow/example_dags/example_display_name.py
[2025-07-16T19:05:35.592+0000] {processor.py:830} INFO - Processing file /mnt/c/Users/Shivam Gupta/OneDrive/Documents/Shivam_Developement/data_engineering/data_engineering_project/batch-etl-pyspark/.venv/lib/python3.12/site-packages/airflow/example_dags/example_display_name.py for tasks to queue
[2025-07-16T19:05:35.596+0000] {logging_mixin.py:188} INFO - [2025-07-16T19:05:35.595+0000] {dagbag.py:545} INFO - Filling up the DagBag from /mnt/c/Users/Shivam Gupta/OneDrive/Documents/Shivam_Developement/data_engineering/data_engineering_project/batch-etl-pyspark/.venv/lib/python3.12/site-packages/airflow/example_dags/example_display_name.py
[2025-07-16T19:05:35.637+0000] {processor.py:840} INFO - DAG(s) 'example_display_name' retrieved from /mnt/c/Users/Shivam Gupta/OneDrive/Documents/Shivam_Developement/data_engineering/data_engineering_project/batch-etl-pyspark/.venv/lib/python3.12/site-packages/airflow/example_dags/example_display_name.py
[2025-07-16T19:05:35.673+0000] {logging_mixin.py:188} INFO - [2025-07-16T19:05:35.672+0000] {dag.py:3096} INFO - Sync 1 DAGs
[2025-07-16T19:05:35.693+0000] {logging_mixin.py:188} INFO - [2025-07-16T19:05:35.691+0000] {dag.py:3954} INFO - Setting next_dagrun for example_display_name to None, run_after=None
[2025-07-16T19:05:35.799+0000] {processor.py:183} INFO - Processing /mnt/c/Users/Shivam Gupta/OneDrive/Documents/Shivam_Developement/data_engineering/data_engineering_project/batch-etl-pyspark/.venv/lib/python3.12/site-packages/airflow/example_dags/example_display_name.py took 0.227 seconds
[2025-07-16T19:07:04.726+0000] {processor.py:161} INFO - Started process (PID=11101) to work on /mnt/c/Users/Shivam Gupta/OneDrive/Documents/Shivam_Developement/data_engineering/data_engineering_project/batch-etl-pyspark/.venv/lib/python3.12/site-packages/airflow/example_dags/example_display_name.py
[2025-07-16T19:07:04.728+0000] {processor.py:830} INFO - Processing file /mnt/c/Users/Shivam Gupta/OneDrive/Documents/Shivam_Developement/data_engineering/data_engineering_project/batch-etl-pyspark/.venv/lib/python3.12/site-packages/airflow/example_dags/example_display_name.py for tasks to queue
[2025-07-16T19:07:04.732+0000] {logging_mixin.py:188} INFO - [2025-07-16T19:07:04.730+0000] {dagbag.py:545} INFO - Filling up the DagBag from /mnt/c/Users/Shivam Gupta/OneDrive/Documents/Shivam_Developement/data_engineering/data_engineering_project/batch-etl-pyspark/.venv/lib/python3.12/site-packages/airflow/example_dags/example_display_name.py
[2025-07-16T19:07:04.757+0000] {processor.py:840} INFO - DAG(s) 'example_display_name' retrieved from /mnt/c/Users/Shivam Gupta/OneDrive/Documents/Shivam_Developement/data_engineering/data_engineering_project/batch-etl-pyspark/.venv/lib/python3.12/site-packages/airflow/example_dags/example_display_name.py
[2025-07-16T19:07:04.795+0000] {logging_mixin.py:188} INFO - [2025-07-16T19:07:04.794+0000] {dag.py:3096} INFO - Sync 1 DAGs
[2025-07-16T19:07:04.809+0000] {logging_mixin.py:188} INFO - [2025-07-16T19:07:04.808+0000] {dag.py:3954} INFO - Setting next_dagrun for example_display_name to None, run_after=None
[2025-07-16T19:07:04.910+0000] {processor.py:183} INFO - Processing /mnt/c/Users/Shivam Gupta/OneDrive/Documents/Shivam_Developement/data_engineering/data_engineering_project/batch-etl-pyspark/.venv/lib/python3.12/site-packages/airflow/example_dags/example_display_name.py took 0.197 seconds
[2025-07-16T19:08:35.949+0000] {processor.py:161} INFO - Started process (PID=11259) to work on /mnt/c/Users/Shivam Gupta/OneDrive/Documents/Shivam_Developement/data_engineering/data_engineering_project/batch-etl-pyspark/.venv/lib/python3.12/site-packages/airflow/example_dags/example_display_name.py
[2025-07-16T19:08:35.952+0000] {processor.py:830} INFO - Processing file /mnt/c/Users/Shivam Gupta/OneDrive/Documents/Shivam_Developement/data_engineering/data_engineering_project/batch-etl-pyspark/.venv/lib/python3.12/site-packages/airflow/example_dags/example_display_name.py for tasks to queue
[2025-07-16T19:08:35.956+0000] {logging_mixin.py:188} INFO - [2025-07-16T19:08:35.955+0000] {dagbag.py:545} INFO - Filling up the DagBag from /mnt/c/Users/Shivam Gupta/OneDrive/Documents/Shivam_Developement/data_engineering/data_engineering_project/batch-etl-pyspark/.venv/lib/python3.12/site-packages/airflow/example_dags/example_display_name.py
[2025-07-16T19:08:35.986+0000] {processor.py:840} INFO - DAG(s) 'example_display_name' retrieved from /mnt/c/Users/Shivam Gupta/OneDrive/Documents/Shivam_Developement/data_engineering/data_engineering_project/batch-etl-pyspark/.venv/lib/python3.12/site-packages/airflow/example_dags/example_display_name.py
[2025-07-16T19:08:36.013+0000] {logging_mixin.py:188} INFO - [2025-07-16T19:08:36.012+0000] {dag.py:3096} INFO - Sync 1 DAGs
[2025-07-16T19:08:36.027+0000] {logging_mixin.py:188} INFO - [2025-07-16T19:08:36.026+0000] {dag.py:3954} INFO - Setting next_dagrun for example_display_name to None, run_after=None
[2025-07-16T19:08:36.098+0000] {processor.py:183} INFO - Processing /mnt/c/Users/Shivam Gupta/OneDrive/Documents/Shivam_Developement/data_engineering/data_engineering_project/batch-etl-pyspark/.venv/lib/python3.12/site-packages/airflow/example_dags/example_display_name.py took 0.163 seconds
[2025-07-16T19:10:04.698+0000] {processor.py:161} INFO - Started process (PID=11402) to work on /mnt/c/Users/Shivam Gupta/OneDrive/Documents/Shivam_Developement/data_engineering/data_engineering_project/batch-etl-pyspark/.venv/lib/python3.12/site-packages/airflow/example_dags/example_display_name.py
[2025-07-16T19:10:04.702+0000] {processor.py:830} INFO - Processing file /mnt/c/Users/Shivam Gupta/OneDrive/Documents/Shivam_Developement/data_engineering/data_engineering_project/batch-etl-pyspark/.venv/lib/python3.12/site-packages/airflow/example_dags/example_display_name.py for tasks to queue
[2025-07-16T19:10:04.706+0000] {logging_mixin.py:188} INFO - [2025-07-16T19:10:04.704+0000] {dagbag.py:545} INFO - Filling up the DagBag from /mnt/c/Users/Shivam Gupta/OneDrive/Documents/Shivam_Developement/data_engineering/data_engineering_project/batch-etl-pyspark/.venv/lib/python3.12/site-packages/airflow/example_dags/example_display_name.py
[2025-07-16T19:10:04.735+0000] {processor.py:840} INFO - DAG(s) 'example_display_name' retrieved from /mnt/c/Users/Shivam Gupta/OneDrive/Documents/Shivam_Developement/data_engineering/data_engineering_project/batch-etl-pyspark/.venv/lib/python3.12/site-packages/airflow/example_dags/example_display_name.py
[2025-07-16T19:10:04.770+0000] {logging_mixin.py:188} INFO - [2025-07-16T19:10:04.769+0000] {dag.py:3096} INFO - Sync 1 DAGs
[2025-07-16T19:10:04.785+0000] {logging_mixin.py:188} INFO - [2025-07-16T19:10:04.784+0000] {dag.py:3954} INFO - Setting next_dagrun for example_display_name to None, run_after=None
[2025-07-16T19:10:04.867+0000] {processor.py:183} INFO - Processing /mnt/c/Users/Shivam Gupta/OneDrive/Documents/Shivam_Developement/data_engineering/data_engineering_project/batch-etl-pyspark/.venv/lib/python3.12/site-packages/airflow/example_dags/example_display_name.py took 0.184 seconds
[2025-07-16T19:11:39.650+0000] {processor.py:161} INFO - Started process (PID=11595) to work on /mnt/c/Users/Shivam Gupta/OneDrive/Documents/Shivam_Developement/data_engineering/data_engineering_project/batch-etl-pyspark/.venv/lib/python3.12/site-packages/airflow/example_dags/example_display_name.py
[2025-07-16T19:11:39.655+0000] {processor.py:830} INFO - Processing file /mnt/c/Users/Shivam Gupta/OneDrive/Documents/Shivam_Developement/data_engineering/data_engineering_project/batch-etl-pyspark/.venv/lib/python3.12/site-packages/airflow/example_dags/example_display_name.py for tasks to queue
[2025-07-16T19:11:39.659+0000] {logging_mixin.py:188} INFO - [2025-07-16T19:11:39.658+0000] {dagbag.py:545} INFO - Filling up the DagBag from /mnt/c/Users/Shivam Gupta/OneDrive/Documents/Shivam_Developement/data_engineering/data_engineering_project/batch-etl-pyspark/.venv/lib/python3.12/site-packages/airflow/example_dags/example_display_name.py
[2025-07-16T19:11:39.698+0000] {processor.py:840} INFO - DAG(s) 'example_display_name' retrieved from /mnt/c/Users/Shivam Gupta/OneDrive/Documents/Shivam_Developement/data_engineering/data_engineering_project/batch-etl-pyspark/.venv/lib/python3.12/site-packages/airflow/example_dags/example_display_name.py
[2025-07-16T19:11:39.743+0000] {logging_mixin.py:188} INFO - [2025-07-16T19:11:39.741+0000] {dag.py:3096} INFO - Sync 1 DAGs
[2025-07-16T19:11:39.764+0000] {logging_mixin.py:188} INFO - [2025-07-16T19:11:39.762+0000] {dag.py:3954} INFO - Setting next_dagrun for example_display_name to None, run_after=None
[2025-07-16T19:11:40.280+0000] {processor.py:183} INFO - Processing /mnt/c/Users/Shivam Gupta/OneDrive/Documents/Shivam_Developement/data_engineering/data_engineering_project/batch-etl-pyspark/.venv/lib/python3.12/site-packages/airflow/example_dags/example_display_name.py took 0.645 seconds
[2025-07-16T19:13:06.153+0000] {processor.py:161} INFO - Started process (PID=11764) to work on /mnt/c/Users/Shivam Gupta/OneDrive/Documents/Shivam_Developement/data_engineering/data_engineering_project/batch-etl-pyspark/.venv/lib/python3.12/site-packages/airflow/example_dags/example_display_name.py
[2025-07-16T19:13:06.155+0000] {processor.py:830} INFO - Processing file /mnt/c/Users/Shivam Gupta/OneDrive/Documents/Shivam_Developement/data_engineering/data_engineering_project/batch-etl-pyspark/.venv/lib/python3.12/site-packages/airflow/example_dags/example_display_name.py for tasks to queue
[2025-07-16T19:13:06.158+0000] {logging_mixin.py:188} INFO - [2025-07-16T19:13:06.157+0000] {dagbag.py:545} INFO - Filling up the DagBag from /mnt/c/Users/Shivam Gupta/OneDrive/Documents/Shivam_Developement/data_engineering/data_engineering_project/batch-etl-pyspark/.venv/lib/python3.12/site-packages/airflow/example_dags/example_display_name.py
[2025-07-16T19:13:06.179+0000] {processor.py:840} INFO - DAG(s) 'example_display_name' retrieved from /mnt/c/Users/Shivam Gupta/OneDrive/Documents/Shivam_Developement/data_engineering/data_engineering_project/batch-etl-pyspark/.venv/lib/python3.12/site-packages/airflow/example_dags/example_display_name.py
[2025-07-16T19:13:06.210+0000] {logging_mixin.py:188} INFO - [2025-07-16T19:13:06.209+0000] {dag.py:3096} INFO - Sync 1 DAGs
[2025-07-16T19:13:06.227+0000] {logging_mixin.py:188} INFO - [2025-07-16T19:13:06.226+0000] {dag.py:3954} INFO - Setting next_dagrun for example_display_name to None, run_after=None
[2025-07-16T19:13:06.339+0000] {processor.py:183} INFO - Processing /mnt/c/Users/Shivam Gupta/OneDrive/Documents/Shivam_Developement/data_engineering/data_engineering_project/batch-etl-pyspark/.venv/lib/python3.12/site-packages/airflow/example_dags/example_display_name.py took 0.196 seconds
[2025-07-16T19:14:33.948+0000] {processor.py:161} INFO - Started process (PID=11944) to work on /mnt/c/Users/Shivam Gupta/OneDrive/Documents/Shivam_Developement/data_engineering/data_engineering_project/batch-etl-pyspark/.venv/lib/python3.12/site-packages/airflow/example_dags/example_display_name.py
[2025-07-16T19:14:33.950+0000] {processor.py:830} INFO - Processing file /mnt/c/Users/Shivam Gupta/OneDrive/Documents/Shivam_Developement/data_engineering/data_engineering_project/batch-etl-pyspark/.venv/lib/python3.12/site-packages/airflow/example_dags/example_display_name.py for tasks to queue
[2025-07-16T19:14:33.954+0000] {logging_mixin.py:188} INFO - [2025-07-16T19:14:33.952+0000] {dagbag.py:545} INFO - Filling up the DagBag from /mnt/c/Users/Shivam Gupta/OneDrive/Documents/Shivam_Developement/data_engineering/data_engineering_project/batch-etl-pyspark/.venv/lib/python3.12/site-packages/airflow/example_dags/example_display_name.py
[2025-07-16T19:14:33.995+0000] {processor.py:840} INFO - DAG(s) 'example_display_name' retrieved from /mnt/c/Users/Shivam Gupta/OneDrive/Documents/Shivam_Developement/data_engineering/data_engineering_project/batch-etl-pyspark/.venv/lib/python3.12/site-packages/airflow/example_dags/example_display_name.py
[2025-07-16T19:14:34.038+0000] {logging_mixin.py:188} INFO - [2025-07-16T19:14:34.036+0000] {dag.py:3096} INFO - Sync 1 DAGs
[2025-07-16T19:14:34.057+0000] {logging_mixin.py:188} INFO - [2025-07-16T19:14:34.056+0000] {dag.py:3954} INFO - Setting next_dagrun for example_display_name to None, run_after=None
[2025-07-16T19:14:34.148+0000] {processor.py:183} INFO - Processing /mnt/c/Users/Shivam Gupta/OneDrive/Documents/Shivam_Developement/data_engineering/data_engineering_project/batch-etl-pyspark/.venv/lib/python3.12/site-packages/airflow/example_dags/example_display_name.py took 0.217 seconds
[2025-07-16T19:16:06.935+0000] {processor.py:161} INFO - Started process (PID=12121) to work on /mnt/c/Users/Shivam Gupta/OneDrive/Documents/Shivam_Developement/data_engineering/data_engineering_project/batch-etl-pyspark/.venv/lib/python3.12/site-packages/airflow/example_dags/example_display_name.py
[2025-07-16T19:16:06.939+0000] {processor.py:830} INFO - Processing file /mnt/c/Users/Shivam Gupta/OneDrive/Documents/Shivam_Developement/data_engineering/data_engineering_project/batch-etl-pyspark/.venv/lib/python3.12/site-packages/airflow/example_dags/example_display_name.py for tasks to queue
[2025-07-16T19:16:06.944+0000] {logging_mixin.py:188} INFO - [2025-07-16T19:16:06.942+0000] {dagbag.py:545} INFO - Filling up the DagBag from /mnt/c/Users/Shivam Gupta/OneDrive/Documents/Shivam_Developement/data_engineering/data_engineering_project/batch-etl-pyspark/.venv/lib/python3.12/site-packages/airflow/example_dags/example_display_name.py
[2025-07-16T19:16:06.965+0000] {processor.py:840} INFO - DAG(s) 'example_display_name' retrieved from /mnt/c/Users/Shivam Gupta/OneDrive/Documents/Shivam_Developement/data_engineering/data_engineering_project/batch-etl-pyspark/.venv/lib/python3.12/site-packages/airflow/example_dags/example_display_name.py
[2025-07-16T19:16:07.000+0000] {logging_mixin.py:188} INFO - [2025-07-16T19:16:06.999+0000] {dag.py:3096} INFO - Sync 1 DAGs
[2025-07-16T19:16:07.017+0000] {logging_mixin.py:188} INFO - [2025-07-16T19:16:07.016+0000] {dag.py:3954} INFO - Setting next_dagrun for example_display_name to None, run_after=None
[2025-07-16T19:16:07.100+0000] {processor.py:183} INFO - Processing /mnt/c/Users/Shivam Gupta/OneDrive/Documents/Shivam_Developement/data_engineering/data_engineering_project/batch-etl-pyspark/.venv/lib/python3.12/site-packages/airflow/example_dags/example_display_name.py took 0.181 seconds
[2025-07-16T19:17:35.194+0000] {processor.py:161} INFO - Started process (PID=12301) to work on /mnt/c/Users/Shivam Gupta/OneDrive/Documents/Shivam_Developement/data_engineering/data_engineering_project/batch-etl-pyspark/.venv/lib/python3.12/site-packages/airflow/example_dags/example_display_name.py
[2025-07-16T19:17:35.198+0000] {processor.py:830} INFO - Processing file /mnt/c/Users/Shivam Gupta/OneDrive/Documents/Shivam_Developement/data_engineering/data_engineering_project/batch-etl-pyspark/.venv/lib/python3.12/site-packages/airflow/example_dags/example_display_name.py for tasks to queue
[2025-07-16T19:17:35.204+0000] {logging_mixin.py:188} INFO - [2025-07-16T19:17:35.201+0000] {dagbag.py:545} INFO - Filling up the DagBag from /mnt/c/Users/Shivam Gupta/OneDrive/Documents/Shivam_Developement/data_engineering/data_engineering_project/batch-etl-pyspark/.venv/lib/python3.12/site-packages/airflow/example_dags/example_display_name.py
[2025-07-16T19:17:35.241+0000] {processor.py:840} INFO - DAG(s) 'example_display_name' retrieved from /mnt/c/Users/Shivam Gupta/OneDrive/Documents/Shivam_Developement/data_engineering/data_engineering_project/batch-etl-pyspark/.venv/lib/python3.12/site-packages/airflow/example_dags/example_display_name.py
[2025-07-16T19:17:35.289+0000] {logging_mixin.py:188} INFO - [2025-07-16T19:17:35.286+0000] {dag.py:3096} INFO - Sync 1 DAGs
[2025-07-16T19:17:35.311+0000] {logging_mixin.py:188} INFO - [2025-07-16T19:17:35.309+0000] {dag.py:3954} INFO - Setting next_dagrun for example_display_name to None, run_after=None
[2025-07-16T19:17:35.418+0000] {processor.py:183} INFO - Processing /mnt/c/Users/Shivam Gupta/OneDrive/Documents/Shivam_Developement/data_engineering/data_engineering_project/batch-etl-pyspark/.venv/lib/python3.12/site-packages/airflow/example_dags/example_display_name.py took 0.246 seconds
[2025-07-16T19:18:56.158+0000] {processor.py:161} INFO - Started process (PID=12432) to work on /mnt/c/Users/Shivam Gupta/OneDrive/Documents/Shivam_Developement/data_engineering/data_engineering_project/batch-etl-pyspark/.venv/lib/python3.12/site-packages/airflow/example_dags/example_display_name.py
[2025-07-16T19:18:56.160+0000] {processor.py:830} INFO - Processing file /mnt/c/Users/Shivam Gupta/OneDrive/Documents/Shivam_Developement/data_engineering/data_engineering_project/batch-etl-pyspark/.venv/lib/python3.12/site-packages/airflow/example_dags/example_display_name.py for tasks to queue
[2025-07-16T19:18:56.164+0000] {logging_mixin.py:188} INFO - [2025-07-16T19:18:56.163+0000] {dagbag.py:545} INFO - Filling up the DagBag from /mnt/c/Users/Shivam Gupta/OneDrive/Documents/Shivam_Developement/data_engineering/data_engineering_project/batch-etl-pyspark/.venv/lib/python3.12/site-packages/airflow/example_dags/example_display_name.py
[2025-07-16T19:18:56.199+0000] {processor.py:840} INFO - DAG(s) 'example_display_name' retrieved from /mnt/c/Users/Shivam Gupta/OneDrive/Documents/Shivam_Developement/data_engineering/data_engineering_project/batch-etl-pyspark/.venv/lib/python3.12/site-packages/airflow/example_dags/example_display_name.py
[2025-07-16T19:18:56.231+0000] {logging_mixin.py:188} INFO - [2025-07-16T19:18:56.230+0000] {dag.py:3096} INFO - Sync 1 DAGs
[2025-07-16T19:18:56.246+0000] {logging_mixin.py:188} INFO - [2025-07-16T19:18:56.244+0000] {dag.py:3954} INFO - Setting next_dagrun for example_display_name to None, run_after=None
[2025-07-16T19:18:56.340+0000] {processor.py:183} INFO - Processing /mnt/c/Users/Shivam Gupta/OneDrive/Documents/Shivam_Developement/data_engineering/data_engineering_project/batch-etl-pyspark/.venv/lib/python3.12/site-packages/airflow/example_dags/example_display_name.py took 0.197 seconds
[2025-07-16T19:20:19.024+0000] {processor.py:161} INFO - Started process (PID=12578) to work on /mnt/c/Users/Shivam Gupta/OneDrive/Documents/Shivam_Developement/data_engineering/data_engineering_project/batch-etl-pyspark/.venv/lib/python3.12/site-packages/airflow/example_dags/example_display_name.py
[2025-07-16T19:20:19.026+0000] {processor.py:830} INFO - Processing file /mnt/c/Users/Shivam Gupta/OneDrive/Documents/Shivam_Developement/data_engineering/data_engineering_project/batch-etl-pyspark/.venv/lib/python3.12/site-packages/airflow/example_dags/example_display_name.py for tasks to queue
[2025-07-16T19:20:19.029+0000] {logging_mixin.py:188} INFO - [2025-07-16T19:20:19.028+0000] {dagbag.py:545} INFO - Filling up the DagBag from /mnt/c/Users/Shivam Gupta/OneDrive/Documents/Shivam_Developement/data_engineering/data_engineering_project/batch-etl-pyspark/.venv/lib/python3.12/site-packages/airflow/example_dags/example_display_name.py
[2025-07-16T19:20:19.054+0000] {processor.py:840} INFO - DAG(s) 'example_display_name' retrieved from /mnt/c/Users/Shivam Gupta/OneDrive/Documents/Shivam_Developement/data_engineering/data_engineering_project/batch-etl-pyspark/.venv/lib/python3.12/site-packages/airflow/example_dags/example_display_name.py
[2025-07-16T19:20:19.086+0000] {logging_mixin.py:188} INFO - [2025-07-16T19:20:19.085+0000] {dag.py:3096} INFO - Sync 1 DAGs
[2025-07-16T19:20:19.101+0000] {logging_mixin.py:188} INFO - [2025-07-16T19:20:19.100+0000] {dag.py:3954} INFO - Setting next_dagrun for example_display_name to None, run_after=None
[2025-07-16T19:20:19.185+0000] {processor.py:183} INFO - Processing /mnt/c/Users/Shivam Gupta/OneDrive/Documents/Shivam_Developement/data_engineering/data_engineering_project/batch-etl-pyspark/.venv/lib/python3.12/site-packages/airflow/example_dags/example_display_name.py took 0.174 seconds
[2025-07-16T19:21:44.943+0000] {processor.py:161} INFO - Started process (PID=12750) to work on /mnt/c/Users/Shivam Gupta/OneDrive/Documents/Shivam_Developement/data_engineering/data_engineering_project/batch-etl-pyspark/.venv/lib/python3.12/site-packages/airflow/example_dags/example_display_name.py
[2025-07-16T19:21:44.946+0000] {processor.py:830} INFO - Processing file /mnt/c/Users/Shivam Gupta/OneDrive/Documents/Shivam_Developement/data_engineering/data_engineering_project/batch-etl-pyspark/.venv/lib/python3.12/site-packages/airflow/example_dags/example_display_name.py for tasks to queue
[2025-07-16T19:21:44.949+0000] {logging_mixin.py:188} INFO - [2025-07-16T19:21:44.948+0000] {dagbag.py:545} INFO - Filling up the DagBag from /mnt/c/Users/Shivam Gupta/OneDrive/Documents/Shivam_Developement/data_engineering/data_engineering_project/batch-etl-pyspark/.venv/lib/python3.12/site-packages/airflow/example_dags/example_display_name.py
[2025-07-16T19:21:44.977+0000] {processor.py:840} INFO - DAG(s) 'example_display_name' retrieved from /mnt/c/Users/Shivam Gupta/OneDrive/Documents/Shivam_Developement/data_engineering/data_engineering_project/batch-etl-pyspark/.venv/lib/python3.12/site-packages/airflow/example_dags/example_display_name.py
[2025-07-16T19:21:45.014+0000] {logging_mixin.py:188} INFO - [2025-07-16T19:21:45.013+0000] {dag.py:3096} INFO - Sync 1 DAGs
[2025-07-16T19:21:45.029+0000] {logging_mixin.py:188} INFO - [2025-07-16T19:21:45.028+0000] {dag.py:3954} INFO - Setting next_dagrun for example_display_name to None, run_after=None
[2025-07-16T19:21:45.126+0000] {processor.py:183} INFO - Processing /mnt/c/Users/Shivam Gupta/OneDrive/Documents/Shivam_Developement/data_engineering/data_engineering_project/batch-etl-pyspark/.venv/lib/python3.12/site-packages/airflow/example_dags/example_display_name.py took 0.197 seconds
[2025-07-16T19:23:11.161+0000] {processor.py:161} INFO - Started process (PID=12911) to work on /mnt/c/Users/Shivam Gupta/OneDrive/Documents/Shivam_Developement/data_engineering/data_engineering_project/batch-etl-pyspark/.venv/lib/python3.12/site-packages/airflow/example_dags/example_display_name.py
[2025-07-16T19:23:11.163+0000] {processor.py:830} INFO - Processing file /mnt/c/Users/Shivam Gupta/OneDrive/Documents/Shivam_Developement/data_engineering/data_engineering_project/batch-etl-pyspark/.venv/lib/python3.12/site-packages/airflow/example_dags/example_display_name.py for tasks to queue
[2025-07-16T19:23:11.166+0000] {logging_mixin.py:188} INFO - [2025-07-16T19:23:11.165+0000] {dagbag.py:545} INFO - Filling up the DagBag from /mnt/c/Users/Shivam Gupta/OneDrive/Documents/Shivam_Developement/data_engineering/data_engineering_project/batch-etl-pyspark/.venv/lib/python3.12/site-packages/airflow/example_dags/example_display_name.py
[2025-07-16T19:23:11.187+0000] {processor.py:840} INFO - DAG(s) 'example_display_name' retrieved from /mnt/c/Users/Shivam Gupta/OneDrive/Documents/Shivam_Developement/data_engineering/data_engineering_project/batch-etl-pyspark/.venv/lib/python3.12/site-packages/airflow/example_dags/example_display_name.py
[2025-07-16T19:23:11.219+0000] {logging_mixin.py:188} INFO - [2025-07-16T19:23:11.218+0000] {dag.py:3096} INFO - Sync 1 DAGs
[2025-07-16T19:23:11.233+0000] {logging_mixin.py:188} INFO - [2025-07-16T19:23:11.232+0000] {dag.py:3954} INFO - Setting next_dagrun for example_display_name to None, run_after=None
[2025-07-16T19:23:11.326+0000] {processor.py:183} INFO - Processing /mnt/c/Users/Shivam Gupta/OneDrive/Documents/Shivam_Developement/data_engineering/data_engineering_project/batch-etl-pyspark/.venv/lib/python3.12/site-packages/airflow/example_dags/example_display_name.py took 0.176 seconds
[2025-07-16T19:24:34.997+0000] {processor.py:161} INFO - Started process (PID=13018) to work on /mnt/c/Users/Shivam Gupta/OneDrive/Documents/Shivam_Developement/data_engineering/data_engineering_project/batch-etl-pyspark/.venv/lib/python3.12/site-packages/airflow/example_dags/example_display_name.py
[2025-07-16T19:24:34.999+0000] {processor.py:830} INFO - Processing file /mnt/c/Users/Shivam Gupta/OneDrive/Documents/Shivam_Developement/data_engineering/data_engineering_project/batch-etl-pyspark/.venv/lib/python3.12/site-packages/airflow/example_dags/example_display_name.py for tasks to queue
[2025-07-16T19:24:35.003+0000] {logging_mixin.py:188} INFO - [2025-07-16T19:24:35.001+0000] {dagbag.py:545} INFO - Filling up the DagBag from /mnt/c/Users/Shivam Gupta/OneDrive/Documents/Shivam_Developement/data_engineering/data_engineering_project/batch-etl-pyspark/.venv/lib/python3.12/site-packages/airflow/example_dags/example_display_name.py
[2025-07-16T19:24:35.032+0000] {processor.py:840} INFO - DAG(s) 'example_display_name' retrieved from /mnt/c/Users/Shivam Gupta/OneDrive/Documents/Shivam_Developement/data_engineering/data_engineering_project/batch-etl-pyspark/.venv/lib/python3.12/site-packages/airflow/example_dags/example_display_name.py
[2025-07-16T19:24:35.065+0000] {logging_mixin.py:188} INFO - [2025-07-16T19:24:35.064+0000] {dag.py:3096} INFO - Sync 1 DAGs
[2025-07-16T19:24:35.080+0000] {logging_mixin.py:188} INFO - [2025-07-16T19:24:35.079+0000] {dag.py:3954} INFO - Setting next_dagrun for example_display_name to None, run_after=None
[2025-07-16T19:24:35.251+0000] {processor.py:183} INFO - Processing /mnt/c/Users/Shivam Gupta/OneDrive/Documents/Shivam_Developement/data_engineering/data_engineering_project/batch-etl-pyspark/.venv/lib/python3.12/site-packages/airflow/example_dags/example_display_name.py took 0.268 seconds
[2025-07-16T19:25:56.515+0000] {processor.py:161} INFO - Started process (PID=13139) to work on /mnt/c/Users/Shivam Gupta/OneDrive/Documents/Shivam_Developement/data_engineering/data_engineering_project/batch-etl-pyspark/.venv/lib/python3.12/site-packages/airflow/example_dags/example_display_name.py
[2025-07-16T19:25:56.517+0000] {processor.py:830} INFO - Processing file /mnt/c/Users/Shivam Gupta/OneDrive/Documents/Shivam_Developement/data_engineering/data_engineering_project/batch-etl-pyspark/.venv/lib/python3.12/site-packages/airflow/example_dags/example_display_name.py for tasks to queue
[2025-07-16T19:25:56.521+0000] {logging_mixin.py:188} INFO - [2025-07-16T19:25:56.520+0000] {dagbag.py:545} INFO - Filling up the DagBag from /mnt/c/Users/Shivam Gupta/OneDrive/Documents/Shivam_Developement/data_engineering/data_engineering_project/batch-etl-pyspark/.venv/lib/python3.12/site-packages/airflow/example_dags/example_display_name.py
[2025-07-16T19:25:56.546+0000] {processor.py:840} INFO - DAG(s) 'example_display_name' retrieved from /mnt/c/Users/Shivam Gupta/OneDrive/Documents/Shivam_Developement/data_engineering/data_engineering_project/batch-etl-pyspark/.venv/lib/python3.12/site-packages/airflow/example_dags/example_display_name.py
[2025-07-16T19:25:56.570+0000] {logging_mixin.py:188} INFO - [2025-07-16T19:25:56.569+0000] {dag.py:3096} INFO - Sync 1 DAGs
[2025-07-16T19:25:56.582+0000] {logging_mixin.py:188} INFO - [2025-07-16T19:25:56.581+0000] {dag.py:3954} INFO - Setting next_dagrun for example_display_name to None, run_after=None
[2025-07-16T19:25:56.638+0000] {processor.py:183} INFO - Processing /mnt/c/Users/Shivam Gupta/OneDrive/Documents/Shivam_Developement/data_engineering/data_engineering_project/batch-etl-pyspark/.venv/lib/python3.12/site-packages/airflow/example_dags/example_display_name.py took 0.135 seconds
[2025-07-16T19:27:19.829+0000] {processor.py:161} INFO - Started process (PID=13230) to work on /mnt/c/Users/Shivam Gupta/OneDrive/Documents/Shivam_Developement/data_engineering/data_engineering_project/batch-etl-pyspark/.venv/lib/python3.12/site-packages/airflow/example_dags/example_display_name.py
[2025-07-16T19:27:19.832+0000] {processor.py:830} INFO - Processing file /mnt/c/Users/Shivam Gupta/OneDrive/Documents/Shivam_Developement/data_engineering/data_engineering_project/batch-etl-pyspark/.venv/lib/python3.12/site-packages/airflow/example_dags/example_display_name.py for tasks to queue
[2025-07-16T19:27:19.835+0000] {logging_mixin.py:188} INFO - [2025-07-16T19:27:19.834+0000] {dagbag.py:545} INFO - Filling up the DagBag from /mnt/c/Users/Shivam Gupta/OneDrive/Documents/Shivam_Developement/data_engineering/data_engineering_project/batch-etl-pyspark/.venv/lib/python3.12/site-packages/airflow/example_dags/example_display_name.py
[2025-07-16T19:27:19.873+0000] {processor.py:840} INFO - DAG(s) 'example_display_name' retrieved from /mnt/c/Users/Shivam Gupta/OneDrive/Documents/Shivam_Developement/data_engineering/data_engineering_project/batch-etl-pyspark/.venv/lib/python3.12/site-packages/airflow/example_dags/example_display_name.py
[2025-07-16T19:27:19.922+0000] {logging_mixin.py:188} INFO - [2025-07-16T19:27:19.920+0000] {dag.py:3096} INFO - Sync 1 DAGs
[2025-07-16T19:27:19.944+0000] {logging_mixin.py:188} INFO - [2025-07-16T19:27:19.941+0000] {dag.py:3954} INFO - Setting next_dagrun for example_display_name to None, run_after=None
[2025-07-16T19:27:20.063+0000] {processor.py:183} INFO - Processing /mnt/c/Users/Shivam Gupta/OneDrive/Documents/Shivam_Developement/data_engineering/data_engineering_project/batch-etl-pyspark/.venv/lib/python3.12/site-packages/airflow/example_dags/example_display_name.py took 0.248 seconds
[2025-07-16T19:28:33.635+0000] {processor.py:161} INFO - Started process (PID=13316) to work on /mnt/c/Users/Shivam Gupta/OneDrive/Documents/Shivam_Developement/data_engineering/data_engineering_project/batch-etl-pyspark/.venv/lib/python3.12/site-packages/airflow/example_dags/example_display_name.py
[2025-07-16T19:28:33.636+0000] {processor.py:830} INFO - Processing file /mnt/c/Users/Shivam Gupta/OneDrive/Documents/Shivam_Developement/data_engineering/data_engineering_project/batch-etl-pyspark/.venv/lib/python3.12/site-packages/airflow/example_dags/example_display_name.py for tasks to queue
[2025-07-16T19:28:33.639+0000] {logging_mixin.py:188} INFO - [2025-07-16T19:28:33.638+0000] {dagbag.py:545} INFO - Filling up the DagBag from /mnt/c/Users/Shivam Gupta/OneDrive/Documents/Shivam_Developement/data_engineering/data_engineering_project/batch-etl-pyspark/.venv/lib/python3.12/site-packages/airflow/example_dags/example_display_name.py
[2025-07-16T19:28:33.654+0000] {processor.py:840} INFO - DAG(s) 'example_display_name' retrieved from /mnt/c/Users/Shivam Gupta/OneDrive/Documents/Shivam_Developement/data_engineering/data_engineering_project/batch-etl-pyspark/.venv/lib/python3.12/site-packages/airflow/example_dags/example_display_name.py
[2025-07-16T19:28:33.675+0000] {logging_mixin.py:188} INFO - [2025-07-16T19:28:33.675+0000] {dag.py:3096} INFO - Sync 1 DAGs
[2025-07-16T19:28:33.687+0000] {logging_mixin.py:188} INFO - [2025-07-16T19:28:33.687+0000] {dag.py:3954} INFO - Setting next_dagrun for example_display_name to None, run_after=None
[2025-07-16T19:28:33.732+0000] {processor.py:183} INFO - Processing /mnt/c/Users/Shivam Gupta/OneDrive/Documents/Shivam_Developement/data_engineering/data_engineering_project/batch-etl-pyspark/.venv/lib/python3.12/site-packages/airflow/example_dags/example_display_name.py took 0.106 seconds
[2025-07-16T19:29:44.526+0000] {processor.py:161} INFO - Started process (PID=13440) to work on /mnt/c/Users/Shivam Gupta/OneDrive/Documents/Shivam_Developement/data_engineering/data_engineering_project/batch-etl-pyspark/.venv/lib/python3.12/site-packages/airflow/example_dags/example_display_name.py
[2025-07-16T19:29:44.529+0000] {processor.py:830} INFO - Processing file /mnt/c/Users/Shivam Gupta/OneDrive/Documents/Shivam_Developement/data_engineering/data_engineering_project/batch-etl-pyspark/.venv/lib/python3.12/site-packages/airflow/example_dags/example_display_name.py for tasks to queue
[2025-07-16T19:29:44.535+0000] {logging_mixin.py:188} INFO - [2025-07-16T19:29:44.533+0000] {dagbag.py:545} INFO - Filling up the DagBag from /mnt/c/Users/Shivam Gupta/OneDrive/Documents/Shivam_Developement/data_engineering/data_engineering_project/batch-etl-pyspark/.venv/lib/python3.12/site-packages/airflow/example_dags/example_display_name.py
[2025-07-16T19:29:44.566+0000] {processor.py:840} INFO - DAG(s) 'example_display_name' retrieved from /mnt/c/Users/Shivam Gupta/OneDrive/Documents/Shivam_Developement/data_engineering/data_engineering_project/batch-etl-pyspark/.venv/lib/python3.12/site-packages/airflow/example_dags/example_display_name.py
[2025-07-16T19:29:44.593+0000] {logging_mixin.py:188} INFO - [2025-07-16T19:29:44.592+0000] {dag.py:3096} INFO - Sync 1 DAGs
[2025-07-16T19:29:44.608+0000] {logging_mixin.py:188} INFO - [2025-07-16T19:29:44.607+0000] {dag.py:3954} INFO - Setting next_dagrun for example_display_name to None, run_after=None
[2025-07-16T19:29:44.671+0000] {processor.py:183} INFO - Processing /mnt/c/Users/Shivam Gupta/OneDrive/Documents/Shivam_Developement/data_engineering/data_engineering_project/batch-etl-pyspark/.venv/lib/python3.12/site-packages/airflow/example_dags/example_display_name.py took 0.164 seconds
[2025-07-16T19:31:02.854+0000] {processor.py:161} INFO - Started process (PID=13562) to work on /mnt/c/Users/Shivam Gupta/OneDrive/Documents/Shivam_Developement/data_engineering/data_engineering_project/batch-etl-pyspark/.venv/lib/python3.12/site-packages/airflow/example_dags/example_display_name.py
[2025-07-16T19:31:02.856+0000] {processor.py:830} INFO - Processing file /mnt/c/Users/Shivam Gupta/OneDrive/Documents/Shivam_Developement/data_engineering/data_engineering_project/batch-etl-pyspark/.venv/lib/python3.12/site-packages/airflow/example_dags/example_display_name.py for tasks to queue
[2025-07-16T19:31:02.861+0000] {logging_mixin.py:188} INFO - [2025-07-16T19:31:02.860+0000] {dagbag.py:545} INFO - Filling up the DagBag from /mnt/c/Users/Shivam Gupta/OneDrive/Documents/Shivam_Developement/data_engineering/data_engineering_project/batch-etl-pyspark/.venv/lib/python3.12/site-packages/airflow/example_dags/example_display_name.py
[2025-07-16T19:31:02.883+0000] {processor.py:840} INFO - DAG(s) 'example_display_name' retrieved from /mnt/c/Users/Shivam Gupta/OneDrive/Documents/Shivam_Developement/data_engineering/data_engineering_project/batch-etl-pyspark/.venv/lib/python3.12/site-packages/airflow/example_dags/example_display_name.py
[2025-07-16T19:31:02.940+0000] {logging_mixin.py:188} INFO - [2025-07-16T19:31:02.939+0000] {dag.py:3096} INFO - Sync 1 DAGs
[2025-07-16T19:31:02.957+0000] {logging_mixin.py:188} INFO - [2025-07-16T19:31:02.955+0000] {dag.py:3954} INFO - Setting next_dagrun for example_display_name to None, run_after=None
[2025-07-16T19:31:03.039+0000] {processor.py:183} INFO - Processing /mnt/c/Users/Shivam Gupta/OneDrive/Documents/Shivam_Developement/data_engineering/data_engineering_project/batch-etl-pyspark/.venv/lib/python3.12/site-packages/airflow/example_dags/example_display_name.py took 0.197 seconds
[2025-07-16T19:32:14.344+0000] {processor.py:161} INFO - Started process (PID=13703) to work on /mnt/c/Users/Shivam Gupta/OneDrive/Documents/Shivam_Developement/data_engineering/data_engineering_project/batch-etl-pyspark/.venv/lib/python3.12/site-packages/airflow/example_dags/example_display_name.py
[2025-07-16T19:32:14.346+0000] {processor.py:830} INFO - Processing file /mnt/c/Users/Shivam Gupta/OneDrive/Documents/Shivam_Developement/data_engineering/data_engineering_project/batch-etl-pyspark/.venv/lib/python3.12/site-packages/airflow/example_dags/example_display_name.py for tasks to queue
[2025-07-16T19:32:14.349+0000] {logging_mixin.py:188} INFO - [2025-07-16T19:32:14.347+0000] {dagbag.py:545} INFO - Filling up the DagBag from /mnt/c/Users/Shivam Gupta/OneDrive/Documents/Shivam_Developement/data_engineering/data_engineering_project/batch-etl-pyspark/.venv/lib/python3.12/site-packages/airflow/example_dags/example_display_name.py
[2025-07-16T19:32:14.365+0000] {processor.py:840} INFO - DAG(s) 'example_display_name' retrieved from /mnt/c/Users/Shivam Gupta/OneDrive/Documents/Shivam_Developement/data_engineering/data_engineering_project/batch-etl-pyspark/.venv/lib/python3.12/site-packages/airflow/example_dags/example_display_name.py
[2025-07-16T19:32:14.385+0000] {logging_mixin.py:188} INFO - [2025-07-16T19:32:14.384+0000] {dag.py:3096} INFO - Sync 1 DAGs
[2025-07-16T19:32:14.395+0000] {logging_mixin.py:188} INFO - [2025-07-16T19:32:14.394+0000] {dag.py:3954} INFO - Setting next_dagrun for example_display_name to None, run_after=None
[2025-07-16T19:32:14.446+0000] {processor.py:183} INFO - Processing /mnt/c/Users/Shivam Gupta/OneDrive/Documents/Shivam_Developement/data_engineering/data_engineering_project/batch-etl-pyspark/.venv/lib/python3.12/site-packages/airflow/example_dags/example_display_name.py took 0.110 seconds
[2025-07-16T19:33:19.775+0000] {processor.py:161} INFO - Started process (PID=13838) to work on /mnt/c/Users/Shivam Gupta/OneDrive/Documents/Shivam_Developement/data_engineering/data_engineering_project/batch-etl-pyspark/.venv/lib/python3.12/site-packages/airflow/example_dags/example_display_name.py
[2025-07-16T19:33:19.777+0000] {processor.py:830} INFO - Processing file /mnt/c/Users/Shivam Gupta/OneDrive/Documents/Shivam_Developement/data_engineering/data_engineering_project/batch-etl-pyspark/.venv/lib/python3.12/site-packages/airflow/example_dags/example_display_name.py for tasks to queue
[2025-07-16T19:33:19.780+0000] {logging_mixin.py:188} INFO - [2025-07-16T19:33:19.779+0000] {dagbag.py:545} INFO - Filling up the DagBag from /mnt/c/Users/Shivam Gupta/OneDrive/Documents/Shivam_Developement/data_engineering/data_engineering_project/batch-etl-pyspark/.venv/lib/python3.12/site-packages/airflow/example_dags/example_display_name.py
[2025-07-16T19:33:19.806+0000] {processor.py:840} INFO - DAG(s) 'example_display_name' retrieved from /mnt/c/Users/Shivam Gupta/OneDrive/Documents/Shivam_Developement/data_engineering/data_engineering_project/batch-etl-pyspark/.venv/lib/python3.12/site-packages/airflow/example_dags/example_display_name.py
[2025-07-16T19:33:19.834+0000] {logging_mixin.py:188} INFO - [2025-07-16T19:33:19.833+0000] {dag.py:3096} INFO - Sync 1 DAGs
[2025-07-16T19:33:19.846+0000] {logging_mixin.py:188} INFO - [2025-07-16T19:33:19.846+0000] {dag.py:3954} INFO - Setting next_dagrun for example_display_name to None, run_after=None
[2025-07-16T19:33:19.905+0000] {processor.py:183} INFO - Processing /mnt/c/Users/Shivam Gupta/OneDrive/Documents/Shivam_Developement/data_engineering/data_engineering_project/batch-etl-pyspark/.venv/lib/python3.12/site-packages/airflow/example_dags/example_display_name.py took 0.143 seconds
[2025-07-16T19:34:34.219+0000] {processor.py:161} INFO - Started process (PID=13954) to work on /mnt/c/Users/Shivam Gupta/OneDrive/Documents/Shivam_Developement/data_engineering/data_engineering_project/batch-etl-pyspark/.venv/lib/python3.12/site-packages/airflow/example_dags/example_display_name.py
[2025-07-16T19:34:34.221+0000] {processor.py:830} INFO - Processing file /mnt/c/Users/Shivam Gupta/OneDrive/Documents/Shivam_Developement/data_engineering/data_engineering_project/batch-etl-pyspark/.venv/lib/python3.12/site-packages/airflow/example_dags/example_display_name.py for tasks to queue
[2025-07-16T19:34:34.230+0000] {logging_mixin.py:188} INFO - [2025-07-16T19:34:34.223+0000] {dagbag.py:545} INFO - Filling up the DagBag from /mnt/c/Users/Shivam Gupta/OneDrive/Documents/Shivam_Developement/data_engineering/data_engineering_project/batch-etl-pyspark/.venv/lib/python3.12/site-packages/airflow/example_dags/example_display_name.py
[2025-07-16T19:34:34.257+0000] {processor.py:840} INFO - DAG(s) 'example_display_name' retrieved from /mnt/c/Users/Shivam Gupta/OneDrive/Documents/Shivam_Developement/data_engineering/data_engineering_project/batch-etl-pyspark/.venv/lib/python3.12/site-packages/airflow/example_dags/example_display_name.py
[2025-07-16T19:34:34.290+0000] {logging_mixin.py:188} INFO - [2025-07-16T19:34:34.289+0000] {dag.py:3096} INFO - Sync 1 DAGs
[2025-07-16T19:34:34.305+0000] {logging_mixin.py:188} INFO - [2025-07-16T19:34:34.304+0000] {dag.py:3954} INFO - Setting next_dagrun for example_display_name to None, run_after=None
[2025-07-16T19:34:34.430+0000] {processor.py:183} INFO - Processing /mnt/c/Users/Shivam Gupta/OneDrive/Documents/Shivam_Developement/data_engineering/data_engineering_project/batch-etl-pyspark/.venv/lib/python3.12/site-packages/airflow/example_dags/example_display_name.py took 0.225 seconds
[2025-07-16T19:35:47.973+0000] {processor.py:161} INFO - Started process (PID=14111) to work on /mnt/c/Users/Shivam Gupta/OneDrive/Documents/Shivam_Developement/data_engineering/data_engineering_project/batch-etl-pyspark/.venv/lib/python3.12/site-packages/airflow/example_dags/example_display_name.py
[2025-07-16T19:35:47.974+0000] {processor.py:830} INFO - Processing file /mnt/c/Users/Shivam Gupta/OneDrive/Documents/Shivam_Developement/data_engineering/data_engineering_project/batch-etl-pyspark/.venv/lib/python3.12/site-packages/airflow/example_dags/example_display_name.py for tasks to queue
[2025-07-16T19:35:47.977+0000] {logging_mixin.py:188} INFO - [2025-07-16T19:35:47.976+0000] {dagbag.py:545} INFO - Filling up the DagBag from /mnt/c/Users/Shivam Gupta/OneDrive/Documents/Shivam_Developement/data_engineering/data_engineering_project/batch-etl-pyspark/.venv/lib/python3.12/site-packages/airflow/example_dags/example_display_name.py
[2025-07-16T19:35:47.991+0000] {processor.py:840} INFO - DAG(s) 'example_display_name' retrieved from /mnt/c/Users/Shivam Gupta/OneDrive/Documents/Shivam_Developement/data_engineering/data_engineering_project/batch-etl-pyspark/.venv/lib/python3.12/site-packages/airflow/example_dags/example_display_name.py
[2025-07-16T19:35:48.010+0000] {logging_mixin.py:188} INFO - [2025-07-16T19:35:48.010+0000] {dag.py:3096} INFO - Sync 1 DAGs
[2025-07-16T19:35:48.021+0000] {logging_mixin.py:188} INFO - [2025-07-16T19:35:48.020+0000] {dag.py:3954} INFO - Setting next_dagrun for example_display_name to None, run_after=None
[2025-07-16T19:35:48.065+0000] {processor.py:183} INFO - Processing /mnt/c/Users/Shivam Gupta/OneDrive/Documents/Shivam_Developement/data_engineering/data_engineering_project/batch-etl-pyspark/.venv/lib/python3.12/site-packages/airflow/example_dags/example_display_name.py took 0.100 seconds
[2025-07-16T19:49:30.713+0000] {processor.py:161} INFO - Started process (PID=15109) to work on /mnt/c/Users/Shivam Gupta/OneDrive/Documents/Shivam_Developement/data_engineering/data_engineering_project/batch-etl-pyspark/.venv/lib/python3.12/site-packages/airflow/example_dags/example_display_name.py
[2025-07-16T19:49:30.715+0000] {processor.py:830} INFO - Processing file /mnt/c/Users/Shivam Gupta/OneDrive/Documents/Shivam_Developement/data_engineering/data_engineering_project/batch-etl-pyspark/.venv/lib/python3.12/site-packages/airflow/example_dags/example_display_name.py for tasks to queue
[2025-07-16T19:49:30.718+0000] {logging_mixin.py:188} INFO - [2025-07-16T19:49:30.717+0000] {dagbag.py:545} INFO - Filling up the DagBag from /mnt/c/Users/Shivam Gupta/OneDrive/Documents/Shivam_Developement/data_engineering/data_engineering_project/batch-etl-pyspark/.venv/lib/python3.12/site-packages/airflow/example_dags/example_display_name.py
[2025-07-16T19:49:30.740+0000] {processor.py:840} INFO - DAG(s) 'example_display_name' retrieved from /mnt/c/Users/Shivam Gupta/OneDrive/Documents/Shivam_Developement/data_engineering/data_engineering_project/batch-etl-pyspark/.venv/lib/python3.12/site-packages/airflow/example_dags/example_display_name.py
[2025-07-16T19:49:30.772+0000] {logging_mixin.py:188} INFO - [2025-07-16T19:49:30.771+0000] {dag.py:3096} INFO - Sync 1 DAGs
[2025-07-16T19:49:30.785+0000] {logging_mixin.py:188} INFO - [2025-07-16T19:49:30.784+0000] {dag.py:3954} INFO - Setting next_dagrun for example_display_name to None, run_after=None
[2025-07-16T19:49:30.875+0000] {processor.py:183} INFO - Processing /mnt/c/Users/Shivam Gupta/OneDrive/Documents/Shivam_Developement/data_engineering/data_engineering_project/batch-etl-pyspark/.venv/lib/python3.12/site-packages/airflow/example_dags/example_display_name.py took 0.171 seconds
[2025-07-16T19:50:58.171+0000] {processor.py:161} INFO - Started process (PID=15223) to work on /mnt/c/Users/Shivam Gupta/OneDrive/Documents/Shivam_Developement/data_engineering/data_engineering_project/batch-etl-pyspark/.venv/lib/python3.12/site-packages/airflow/example_dags/example_display_name.py
[2025-07-16T19:50:58.173+0000] {processor.py:830} INFO - Processing file /mnt/c/Users/Shivam Gupta/OneDrive/Documents/Shivam_Developement/data_engineering/data_engineering_project/batch-etl-pyspark/.venv/lib/python3.12/site-packages/airflow/example_dags/example_display_name.py for tasks to queue
[2025-07-16T19:50:58.178+0000] {logging_mixin.py:188} INFO - [2025-07-16T19:50:58.176+0000] {dagbag.py:545} INFO - Filling up the DagBag from /mnt/c/Users/Shivam Gupta/OneDrive/Documents/Shivam_Developement/data_engineering/data_engineering_project/batch-etl-pyspark/.venv/lib/python3.12/site-packages/airflow/example_dags/example_display_name.py
[2025-07-16T19:50:58.200+0000] {processor.py:840} INFO - DAG(s) 'example_display_name' retrieved from /mnt/c/Users/Shivam Gupta/OneDrive/Documents/Shivam_Developement/data_engineering/data_engineering_project/batch-etl-pyspark/.venv/lib/python3.12/site-packages/airflow/example_dags/example_display_name.py
[2025-07-16T19:50:58.228+0000] {logging_mixin.py:188} INFO - [2025-07-16T19:50:58.226+0000] {dag.py:3096} INFO - Sync 1 DAGs
[2025-07-16T19:50:58.244+0000] {logging_mixin.py:188} INFO - [2025-07-16T19:50:58.242+0000] {dag.py:3954} INFO - Setting next_dagrun for example_display_name to None, run_after=None
[2025-07-16T19:50:58.305+0000] {processor.py:183} INFO - Processing /mnt/c/Users/Shivam Gupta/OneDrive/Documents/Shivam_Developement/data_engineering/data_engineering_project/batch-etl-pyspark/.venv/lib/python3.12/site-packages/airflow/example_dags/example_display_name.py took 0.152 seconds
[2025-07-16T19:52:24.370+0000] {processor.py:161} INFO - Started process (PID=15324) to work on /mnt/c/Users/Shivam Gupta/OneDrive/Documents/Shivam_Developement/data_engineering/data_engineering_project/batch-etl-pyspark/.venv/lib/python3.12/site-packages/airflow/example_dags/example_display_name.py
[2025-07-16T19:52:24.372+0000] {processor.py:830} INFO - Processing file /mnt/c/Users/Shivam Gupta/OneDrive/Documents/Shivam_Developement/data_engineering/data_engineering_project/batch-etl-pyspark/.venv/lib/python3.12/site-packages/airflow/example_dags/example_display_name.py for tasks to queue
[2025-07-16T19:52:24.374+0000] {logging_mixin.py:188} INFO - [2025-07-16T19:52:24.374+0000] {dagbag.py:545} INFO - Filling up the DagBag from /mnt/c/Users/Shivam Gupta/OneDrive/Documents/Shivam_Developement/data_engineering/data_engineering_project/batch-etl-pyspark/.venv/lib/python3.12/site-packages/airflow/example_dags/example_display_name.py
[2025-07-16T19:52:24.390+0000] {processor.py:840} INFO - DAG(s) 'example_display_name' retrieved from /mnt/c/Users/Shivam Gupta/OneDrive/Documents/Shivam_Developement/data_engineering/data_engineering_project/batch-etl-pyspark/.venv/lib/python3.12/site-packages/airflow/example_dags/example_display_name.py
[2025-07-16T19:52:24.411+0000] {logging_mixin.py:188} INFO - [2025-07-16T19:52:24.410+0000] {dag.py:3096} INFO - Sync 1 DAGs
[2025-07-16T19:52:24.422+0000] {logging_mixin.py:188} INFO - [2025-07-16T19:52:24.421+0000] {dag.py:3954} INFO - Setting next_dagrun for example_display_name to None, run_after=None
[2025-07-16T19:52:24.483+0000] {processor.py:183} INFO - Processing /mnt/c/Users/Shivam Gupta/OneDrive/Documents/Shivam_Developement/data_engineering/data_engineering_project/batch-etl-pyspark/.venv/lib/python3.12/site-packages/airflow/example_dags/example_display_name.py took 0.121 seconds
