[2025-07-16T17:46:34.384+0000] {processor.py:161} INFO - Started process (PID=5744) to work on /mnt/c/Users/Shivam Gupta/OneDrive/Documents/Shivam_Developement/data_engineering/data_engineering_project/batch-etl-pyspark/.venv/lib/python3.12/site-packages/airflow/example_dags/example_xcomargs.py
[2025-07-16T17:46:34.385+0000] {processor.py:830} INFO - Processing file /mnt/c/Users/Shivam Gupta/OneDrive/Documents/Shivam_Developement/data_engineering/data_engineering_project/batch-etl-pyspark/.venv/lib/python3.12/site-packages/airflow/example_dags/example_xcomargs.py for tasks to queue
[2025-07-16T17:46:34.387+0000] {logging_mixin.py:188} INFO - [2025-07-16T17:46:34.387+0000] {dagbag.py:545} INFO - Filling up the DagBag from /mnt/c/Users/Shivam Gupta/OneDrive/Documents/Shivam_Developement/data_engineering/data_engineering_project/batch-etl-pyspark/.venv/lib/python3.12/site-packages/airflow/example_dags/example_xcomargs.py
[2025-07-16T17:46:34.440+0000] {processor.py:840} INFO - DAG(s) 'example_xcom_args', 'example_xcom_args_with_operators' retrieved from /mnt/c/Users/Shivam Gupta/OneDrive/Documents/Shivam_Developement/data_engineering/data_engineering_project/batch-etl-pyspark/.venv/lib/python3.12/site-packages/airflow/example_dags/example_xcomargs.py
[2025-07-16T17:46:35.085+0000] {logging_mixin.py:188} INFO - [2025-07-16T17:46:35.084+0000] {override.py:1930} INFO - Created Permission View: can read on DAG:example_xcom_args
[2025-07-16T17:46:35.108+0000] {logging_mixin.py:188} INFO - [2025-07-16T17:46:35.108+0000] {override.py:1930} INFO - Created Permission View: can edit on DAG:example_xcom_args
[2025-07-16T17:46:35.129+0000] {logging_mixin.py:188} INFO - [2025-07-16T17:46:35.128+0000] {override.py:1930} INFO - Created Permission View: can delete on DAG:example_xcom_args
[2025-07-16T17:46:35.178+0000] {logging_mixin.py:188} INFO - [2025-07-16T17:46:35.177+0000] {override.py:1930} INFO - Created Permission View: can read on DAG:example_xcom_args_with_operators
[2025-07-16T17:46:35.205+0000] {logging_mixin.py:188} INFO - [2025-07-16T17:46:35.204+0000] {override.py:1930} INFO - Created Permission View: can edit on DAG:example_xcom_args_with_operators
[2025-07-16T17:46:35.238+0000] {logging_mixin.py:188} INFO - [2025-07-16T17:46:35.236+0000] {override.py:1930} INFO - Created Permission View: can delete on DAG:example_xcom_args_with_operators
[2025-07-16T17:46:35.240+0000] {logging_mixin.py:188} INFO - [2025-07-16T17:46:35.239+0000] {dag.py:3096} INFO - Sync 2 DAGs
[2025-07-16T17:46:35.257+0000] {logging_mixin.py:188} INFO - [2025-07-16T17:46:35.256+0000] {dag.py:3118} INFO - Creating ORM DAG for example_xcom_args
[2025-07-16T17:46:35.259+0000] {logging_mixin.py:188} INFO - [2025-07-16T17:46:35.258+0000] {dag.py:3118} INFO - Creating ORM DAG for example_xcom_args_with_operators
[2025-07-16T17:46:35.261+0000] {logging_mixin.py:188} INFO - [2025-07-16T17:46:35.260+0000] {dag.py:3954} INFO - Setting next_dagrun for example_xcom_args to None, run_after=None
[2025-07-16T17:46:35.263+0000] {logging_mixin.py:188} INFO - [2025-07-16T17:46:35.262+0000] {dag.py:3954} INFO - Setting next_dagrun for example_xcom_args_with_operators to None, run_after=None
[2025-07-16T17:46:35.307+0000] {processor.py:183} INFO - Processing /mnt/c/Users/Shivam Gupta/OneDrive/Documents/Shivam_Developement/data_engineering/data_engineering_project/batch-etl-pyspark/.venv/lib/python3.12/site-packages/airflow/example_dags/example_xcomargs.py took 0.929 seconds
[2025-07-16T17:48:35.587+0000] {processor.py:161} INFO - Started process (PID=5821) to work on /mnt/c/Users/Shivam Gupta/OneDrive/Documents/Shivam_Developement/data_engineering/data_engineering_project/batch-etl-pyspark/.venv/lib/python3.12/site-packages/airflow/example_dags/example_xcomargs.py
[2025-07-16T17:48:35.590+0000] {processor.py:830} INFO - Processing file /mnt/c/Users/Shivam Gupta/OneDrive/Documents/Shivam_Developement/data_engineering/data_engineering_project/batch-etl-pyspark/.venv/lib/python3.12/site-packages/airflow/example_dags/example_xcomargs.py for tasks to queue
[2025-07-16T17:48:35.595+0000] {logging_mixin.py:188} INFO - [2025-07-16T17:48:35.594+0000] {dagbag.py:545} INFO - Filling up the DagBag from /mnt/c/Users/Shivam Gupta/OneDrive/Documents/Shivam_Developement/data_engineering/data_engineering_project/batch-etl-pyspark/.venv/lib/python3.12/site-packages/airflow/example_dags/example_xcomargs.py
[2025-07-16T17:48:35.627+0000] {processor.py:840} INFO - DAG(s) 'example_xcom_args_with_operators', 'example_xcom_args' retrieved from /mnt/c/Users/Shivam Gupta/OneDrive/Documents/Shivam_Developement/data_engineering/data_engineering_project/batch-etl-pyspark/.venv/lib/python3.12/site-packages/airflow/example_dags/example_xcomargs.py
[2025-07-16T17:48:35.661+0000] {logging_mixin.py:188} INFO - [2025-07-16T17:48:35.660+0000] {dag.py:3096} INFO - Sync 2 DAGs
[2025-07-16T17:48:35.675+0000] {logging_mixin.py:188} INFO - [2025-07-16T17:48:35.674+0000] {dag.py:3954} INFO - Setting next_dagrun for example_xcom_args to None, run_after=None
[2025-07-16T17:48:35.680+0000] {logging_mixin.py:188} INFO - [2025-07-16T17:48:35.679+0000] {dag.py:3954} INFO - Setting next_dagrun for example_xcom_args_with_operators to None, run_after=None
[2025-07-16T17:48:35.734+0000] {processor.py:183} INFO - Processing /mnt/c/Users/Shivam Gupta/OneDrive/Documents/Shivam_Developement/data_engineering/data_engineering_project/batch-etl-pyspark/.venv/lib/python3.12/site-packages/airflow/example_dags/example_xcomargs.py took 0.161 seconds
[2025-07-16T17:49:34.697+0000] {processor.py:161} INFO - Started process (PID=5882) to work on /mnt/c/Users/Shivam Gupta/OneDrive/Documents/Shivam_Developement/data_engineering/data_engineering_project/batch-etl-pyspark/.venv/lib/python3.12/site-packages/airflow/example_dags/example_xcomargs.py
[2025-07-16T17:49:34.699+0000] {processor.py:830} INFO - Processing file /mnt/c/Users/Shivam Gupta/OneDrive/Documents/Shivam_Developement/data_engineering/data_engineering_project/batch-etl-pyspark/.venv/lib/python3.12/site-packages/airflow/example_dags/example_xcomargs.py for tasks to queue
[2025-07-16T17:49:34.701+0000] {logging_mixin.py:188} INFO - [2025-07-16T17:49:34.700+0000] {dagbag.py:545} INFO - Filling up the DagBag from /mnt/c/Users/Shivam Gupta/OneDrive/Documents/Shivam_Developement/data_engineering/data_engineering_project/batch-etl-pyspark/.venv/lib/python3.12/site-packages/airflow/example_dags/example_xcomargs.py
[2025-07-16T17:49:34.714+0000] {processor.py:840} INFO - DAG(s) 'example_xcom_args_with_operators', 'example_xcom_args' retrieved from /mnt/c/Users/Shivam Gupta/OneDrive/Documents/Shivam_Developement/data_engineering/data_engineering_project/batch-etl-pyspark/.venv/lib/python3.12/site-packages/airflow/example_dags/example_xcomargs.py
[2025-07-16T17:49:34.734+0000] {logging_mixin.py:188} INFO - [2025-07-16T17:49:34.734+0000] {dag.py:3096} INFO - Sync 2 DAGs
[2025-07-16T17:49:34.743+0000] {logging_mixin.py:188} INFO - [2025-07-16T17:49:34.743+0000] {dag.py:3954} INFO - Setting next_dagrun for example_xcom_args to None, run_after=None
[2025-07-16T17:49:34.746+0000] {logging_mixin.py:188} INFO - [2025-07-16T17:49:34.746+0000] {dag.py:3954} INFO - Setting next_dagrun for example_xcom_args_with_operators to None, run_after=None
[2025-07-16T17:49:34.783+0000] {processor.py:183} INFO - Processing /mnt/c/Users/Shivam Gupta/OneDrive/Documents/Shivam_Developement/data_engineering/data_engineering_project/batch-etl-pyspark/.venv/lib/python3.12/site-packages/airflow/example_dags/example_xcomargs.py took 0.092 seconds
[2025-07-16T17:51:05.445+0000] {processor.py:161} INFO - Started process (PID=5972) to work on /mnt/c/Users/Shivam Gupta/OneDrive/Documents/Shivam_Developement/data_engineering/data_engineering_project/batch-etl-pyspark/.venv/lib/python3.12/site-packages/airflow/example_dags/example_xcomargs.py
[2025-07-16T17:51:05.448+0000] {processor.py:830} INFO - Processing file /mnt/c/Users/Shivam Gupta/OneDrive/Documents/Shivam_Developement/data_engineering/data_engineering_project/batch-etl-pyspark/.venv/lib/python3.12/site-packages/airflow/example_dags/example_xcomargs.py for tasks to queue
[2025-07-16T17:51:05.454+0000] {logging_mixin.py:188} INFO - [2025-07-16T17:51:05.452+0000] {dagbag.py:545} INFO - Filling up the DagBag from /mnt/c/Users/Shivam Gupta/OneDrive/Documents/Shivam_Developement/data_engineering/data_engineering_project/batch-etl-pyspark/.venv/lib/python3.12/site-packages/airflow/example_dags/example_xcomargs.py
[2025-07-16T17:51:05.496+0000] {processor.py:840} INFO - DAG(s) 'example_xcom_args_with_operators', 'example_xcom_args' retrieved from /mnt/c/Users/Shivam Gupta/OneDrive/Documents/Shivam_Developement/data_engineering/data_engineering_project/batch-etl-pyspark/.venv/lib/python3.12/site-packages/airflow/example_dags/example_xcomargs.py
[2025-07-16T17:51:05.556+0000] {logging_mixin.py:188} INFO - [2025-07-16T17:51:05.554+0000] {dag.py:3096} INFO - Sync 2 DAGs
[2025-07-16T17:51:05.585+0000] {logging_mixin.py:188} INFO - [2025-07-16T17:51:05.582+0000] {dag.py:3954} INFO - Setting next_dagrun for example_xcom_args to None, run_after=None
[2025-07-16T17:51:05.601+0000] {logging_mixin.py:188} INFO - [2025-07-16T17:51:05.598+0000] {dag.py:3954} INFO - Setting next_dagrun for example_xcom_args_with_operators to None, run_after=None
[2025-07-16T17:51:05.821+0000] {processor.py:183} INFO - Processing /mnt/c/Users/Shivam Gupta/OneDrive/Documents/Shivam_Developement/data_engineering/data_engineering_project/batch-etl-pyspark/.venv/lib/python3.12/site-packages/airflow/example_dags/example_xcomargs.py took 0.397 seconds
[2025-07-16T17:52:12.919+0000] {processor.py:161} INFO - Started process (PID=6041) to work on /mnt/c/Users/Shivam Gupta/OneDrive/Documents/Shivam_Developement/data_engineering/data_engineering_project/batch-etl-pyspark/.venv/lib/python3.12/site-packages/airflow/example_dags/example_xcomargs.py
[2025-07-16T17:52:12.920+0000] {processor.py:830} INFO - Processing file /mnt/c/Users/Shivam Gupta/OneDrive/Documents/Shivam_Developement/data_engineering/data_engineering_project/batch-etl-pyspark/.venv/lib/python3.12/site-packages/airflow/example_dags/example_xcomargs.py for tasks to queue
[2025-07-16T17:52:12.923+0000] {logging_mixin.py:188} INFO - [2025-07-16T17:52:12.922+0000] {dagbag.py:545} INFO - Filling up the DagBag from /mnt/c/Users/Shivam Gupta/OneDrive/Documents/Shivam_Developement/data_engineering/data_engineering_project/batch-etl-pyspark/.venv/lib/python3.12/site-packages/airflow/example_dags/example_xcomargs.py
[2025-07-16T17:52:12.939+0000] {processor.py:840} INFO - DAG(s) 'example_xcom_args_with_operators', 'example_xcom_args' retrieved from /mnt/c/Users/Shivam Gupta/OneDrive/Documents/Shivam_Developement/data_engineering/data_engineering_project/batch-etl-pyspark/.venv/lib/python3.12/site-packages/airflow/example_dags/example_xcomargs.py
[2025-07-16T17:52:12.963+0000] {logging_mixin.py:188} INFO - [2025-07-16T17:52:12.962+0000] {dag.py:3096} INFO - Sync 2 DAGs
[2025-07-16T17:52:12.975+0000] {logging_mixin.py:188} INFO - [2025-07-16T17:52:12.974+0000] {dag.py:3954} INFO - Setting next_dagrun for example_xcom_args to None, run_after=None
[2025-07-16T17:52:12.980+0000] {logging_mixin.py:188} INFO - [2025-07-16T17:52:12.979+0000] {dag.py:3954} INFO - Setting next_dagrun for example_xcom_args_with_operators to None, run_after=None
[2025-07-16T17:52:13.055+0000] {processor.py:183} INFO - Processing /mnt/c/Users/Shivam Gupta/OneDrive/Documents/Shivam_Developement/data_engineering/data_engineering_project/batch-etl-pyspark/.venv/lib/python3.12/site-packages/airflow/example_dags/example_xcomargs.py took 0.145 seconds
[2025-07-16T17:53:41.014+0000] {processor.py:161} INFO - Started process (PID=6128) to work on /mnt/c/Users/Shivam Gupta/OneDrive/Documents/Shivam_Developement/data_engineering/data_engineering_project/batch-etl-pyspark/.venv/lib/python3.12/site-packages/airflow/example_dags/example_xcomargs.py
[2025-07-16T17:53:41.015+0000] {processor.py:830} INFO - Processing file /mnt/c/Users/Shivam Gupta/OneDrive/Documents/Shivam_Developement/data_engineering/data_engineering_project/batch-etl-pyspark/.venv/lib/python3.12/site-packages/airflow/example_dags/example_xcomargs.py for tasks to queue
[2025-07-16T17:53:41.018+0000] {logging_mixin.py:188} INFO - [2025-07-16T17:53:41.017+0000] {dagbag.py:545} INFO - Filling up the DagBag from /mnt/c/Users/Shivam Gupta/OneDrive/Documents/Shivam_Developement/data_engineering/data_engineering_project/batch-etl-pyspark/.venv/lib/python3.12/site-packages/airflow/example_dags/example_xcomargs.py
[2025-07-16T17:53:41.038+0000] {processor.py:840} INFO - DAG(s) 'example_xcom_args_with_operators', 'example_xcom_args' retrieved from /mnt/c/Users/Shivam Gupta/OneDrive/Documents/Shivam_Developement/data_engineering/data_engineering_project/batch-etl-pyspark/.venv/lib/python3.12/site-packages/airflow/example_dags/example_xcomargs.py
[2025-07-16T17:53:41.067+0000] {logging_mixin.py:188} INFO - [2025-07-16T17:53:41.067+0000] {dag.py:3096} INFO - Sync 2 DAGs
[2025-07-16T17:53:41.079+0000] {logging_mixin.py:188} INFO - [2025-07-16T17:53:41.078+0000] {dag.py:3954} INFO - Setting next_dagrun for example_xcom_args to None, run_after=None
[2025-07-16T17:53:41.085+0000] {logging_mixin.py:188} INFO - [2025-07-16T17:53:41.084+0000] {dag.py:3954} INFO - Setting next_dagrun for example_xcom_args_with_operators to None, run_after=None
[2025-07-16T17:53:41.160+0000] {processor.py:183} INFO - Processing /mnt/c/Users/Shivam Gupta/OneDrive/Documents/Shivam_Developement/data_engineering/data_engineering_project/batch-etl-pyspark/.venv/lib/python3.12/site-packages/airflow/example_dags/example_xcomargs.py took 0.156 seconds
[2025-07-16T17:55:11.902+0000] {processor.py:161} INFO - Started process (PID=6217) to work on /mnt/c/Users/Shivam Gupta/OneDrive/Documents/Shivam_Developement/data_engineering/data_engineering_project/batch-etl-pyspark/.venv/lib/python3.12/site-packages/airflow/example_dags/example_xcomargs.py
[2025-07-16T17:55:11.903+0000] {processor.py:830} INFO - Processing file /mnt/c/Users/Shivam Gupta/OneDrive/Documents/Shivam_Developement/data_engineering/data_engineering_project/batch-etl-pyspark/.venv/lib/python3.12/site-packages/airflow/example_dags/example_xcomargs.py for tasks to queue
[2025-07-16T17:55:11.907+0000] {logging_mixin.py:188} INFO - [2025-07-16T17:55:11.905+0000] {dagbag.py:545} INFO - Filling up the DagBag from /mnt/c/Users/Shivam Gupta/OneDrive/Documents/Shivam_Developement/data_engineering/data_engineering_project/batch-etl-pyspark/.venv/lib/python3.12/site-packages/airflow/example_dags/example_xcomargs.py
[2025-07-16T17:55:11.930+0000] {processor.py:840} INFO - DAG(s) 'example_xcom_args', 'example_xcom_args_with_operators' retrieved from /mnt/c/Users/Shivam Gupta/OneDrive/Documents/Shivam_Developement/data_engineering/data_engineering_project/batch-etl-pyspark/.venv/lib/python3.12/site-packages/airflow/example_dags/example_xcomargs.py
[2025-07-16T17:55:11.964+0000] {logging_mixin.py:188} INFO - [2025-07-16T17:55:11.964+0000] {dag.py:3096} INFO - Sync 2 DAGs
[2025-07-16T17:55:11.982+0000] {logging_mixin.py:188} INFO - [2025-07-16T17:55:11.980+0000] {dag.py:3954} INFO - Setting next_dagrun for example_xcom_args to None, run_after=None
[2025-07-16T17:55:11.987+0000] {logging_mixin.py:188} INFO - [2025-07-16T17:55:11.986+0000] {dag.py:3954} INFO - Setting next_dagrun for example_xcom_args_with_operators to None, run_after=None
[2025-07-16T17:55:12.063+0000] {processor.py:183} INFO - Processing /mnt/c/Users/Shivam Gupta/OneDrive/Documents/Shivam_Developement/data_engineering/data_engineering_project/batch-etl-pyspark/.venv/lib/python3.12/site-packages/airflow/example_dags/example_xcomargs.py took 0.172 seconds
[2025-07-16T18:02:15.201+0000] {processor.py:161} INFO - Started process (PID=6725) to work on /mnt/c/Users/Shivam Gupta/OneDrive/Documents/Shivam_Developement/data_engineering/data_engineering_project/batch-etl-pyspark/.venv/lib/python3.12/site-packages/airflow/example_dags/example_xcomargs.py
[2025-07-16T18:02:15.203+0000] {processor.py:830} INFO - Processing file /mnt/c/Users/Shivam Gupta/OneDrive/Documents/Shivam_Developement/data_engineering/data_engineering_project/batch-etl-pyspark/.venv/lib/python3.12/site-packages/airflow/example_dags/example_xcomargs.py for tasks to queue
[2025-07-16T18:02:15.206+0000] {logging_mixin.py:188} INFO - [2025-07-16T18:02:15.205+0000] {dagbag.py:545} INFO - Filling up the DagBag from /mnt/c/Users/Shivam Gupta/OneDrive/Documents/Shivam_Developement/data_engineering/data_engineering_project/batch-etl-pyspark/.venv/lib/python3.12/site-packages/airflow/example_dags/example_xcomargs.py
[2025-07-16T18:02:15.316+0000] {processor.py:840} INFO - DAG(s) 'example_xcom_args_with_operators', 'example_xcom_args' retrieved from /mnt/c/Users/Shivam Gupta/OneDrive/Documents/Shivam_Developement/data_engineering/data_engineering_project/batch-etl-pyspark/.venv/lib/python3.12/site-packages/airflow/example_dags/example_xcomargs.py
[2025-07-16T18:02:15.579+0000] {logging_mixin.py:188} INFO - [2025-07-16T18:02:15.578+0000] {dag.py:3096} INFO - Sync 2 DAGs
[2025-07-16T18:02:15.596+0000] {logging_mixin.py:188} INFO - [2025-07-16T18:02:15.594+0000] {dag.py:3954} INFO - Setting next_dagrun for example_xcom_args to None, run_after=None
[2025-07-16T18:02:15.603+0000] {logging_mixin.py:188} INFO - [2025-07-16T18:02:15.602+0000] {dag.py:3954} INFO - Setting next_dagrun for example_xcom_args_with_operators to None, run_after=None
[2025-07-16T18:02:15.701+0000] {processor.py:183} INFO - Processing /mnt/c/Users/Shivam Gupta/OneDrive/Documents/Shivam_Developement/data_engineering/data_engineering_project/batch-etl-pyspark/.venv/lib/python3.12/site-packages/airflow/example_dags/example_xcomargs.py took 0.516 seconds
[2025-07-16T18:03:38.216+0000] {processor.py:161} INFO - Started process (PID=6792) to work on /mnt/c/Users/Shivam Gupta/OneDrive/Documents/Shivam_Developement/data_engineering/data_engineering_project/batch-etl-pyspark/.venv/lib/python3.12/site-packages/airflow/example_dags/example_xcomargs.py
[2025-07-16T18:03:38.218+0000] {processor.py:830} INFO - Processing file /mnt/c/Users/Shivam Gupta/OneDrive/Documents/Shivam_Developement/data_engineering/data_engineering_project/batch-etl-pyspark/.venv/lib/python3.12/site-packages/airflow/example_dags/example_xcomargs.py for tasks to queue
[2025-07-16T18:03:38.220+0000] {logging_mixin.py:188} INFO - [2025-07-16T18:03:38.220+0000] {dagbag.py:545} INFO - Filling up the DagBag from /mnt/c/Users/Shivam Gupta/OneDrive/Documents/Shivam_Developement/data_engineering/data_engineering_project/batch-etl-pyspark/.venv/lib/python3.12/site-packages/airflow/example_dags/example_xcomargs.py
[2025-07-16T18:03:38.240+0000] {processor.py:840} INFO - DAG(s) 'example_xcom_args_with_operators', 'example_xcom_args' retrieved from /mnt/c/Users/Shivam Gupta/OneDrive/Documents/Shivam_Developement/data_engineering/data_engineering_project/batch-etl-pyspark/.venv/lib/python3.12/site-packages/airflow/example_dags/example_xcomargs.py
[2025-07-16T18:03:38.265+0000] {logging_mixin.py:188} INFO - [2025-07-16T18:03:38.265+0000] {dag.py:3096} INFO - Sync 2 DAGs
[2025-07-16T18:03:38.276+0000] {logging_mixin.py:188} INFO - [2025-07-16T18:03:38.276+0000] {dag.py:3954} INFO - Setting next_dagrun for example_xcom_args to None, run_after=None
[2025-07-16T18:03:38.281+0000] {logging_mixin.py:188} INFO - [2025-07-16T18:03:38.280+0000] {dag.py:3954} INFO - Setting next_dagrun for example_xcom_args_with_operators to None, run_after=None
[2025-07-16T18:03:38.360+0000] {processor.py:183} INFO - Processing /mnt/c/Users/Shivam Gupta/OneDrive/Documents/Shivam_Developement/data_engineering/data_engineering_project/batch-etl-pyspark/.venv/lib/python3.12/site-packages/airflow/example_dags/example_xcomargs.py took 0.151 seconds
[2025-07-16T18:38:07.641+0000] {processor.py:161} INFO - Started process (PID=8672) to work on /mnt/c/Users/Shivam Gupta/OneDrive/Documents/Shivam_Developement/data_engineering/data_engineering_project/batch-etl-pyspark/.venv/lib/python3.12/site-packages/airflow/example_dags/example_xcomargs.py
[2025-07-16T18:38:07.645+0000] {processor.py:830} INFO - Processing file /mnt/c/Users/Shivam Gupta/OneDrive/Documents/Shivam_Developement/data_engineering/data_engineering_project/batch-etl-pyspark/.venv/lib/python3.12/site-packages/airflow/example_dags/example_xcomargs.py for tasks to queue
[2025-07-16T18:38:07.649+0000] {logging_mixin.py:188} INFO - [2025-07-16T18:38:07.648+0000] {dagbag.py:545} INFO - Filling up the DagBag from /mnt/c/Users/Shivam Gupta/OneDrive/Documents/Shivam_Developement/data_engineering/data_engineering_project/batch-etl-pyspark/.venv/lib/python3.12/site-packages/airflow/example_dags/example_xcomargs.py
[2025-07-16T18:38:07.793+0000] {processor.py:840} INFO - DAG(s) 'example_xcom_args_with_operators', 'example_xcom_args' retrieved from /mnt/c/Users/Shivam Gupta/OneDrive/Documents/Shivam_Developement/data_engineering/data_engineering_project/batch-etl-pyspark/.venv/lib/python3.12/site-packages/airflow/example_dags/example_xcomargs.py
[2025-07-16T18:38:07.923+0000] {logging_mixin.py:188} INFO - [2025-07-16T18:38:07.922+0000] {dag.py:3096} INFO - Sync 2 DAGs
[2025-07-16T18:38:07.941+0000] {logging_mixin.py:188} INFO - [2025-07-16T18:38:07.940+0000] {dag.py:3954} INFO - Setting next_dagrun for example_xcom_args to None, run_after=None
[2025-07-16T18:38:07.946+0000] {logging_mixin.py:188} INFO - [2025-07-16T18:38:07.945+0000] {dag.py:3954} INFO - Setting next_dagrun for example_xcom_args_with_operators to None, run_after=None
[2025-07-16T18:38:08.001+0000] {processor.py:183} INFO - Processing /mnt/c/Users/Shivam Gupta/OneDrive/Documents/Shivam_Developement/data_engineering/data_engineering_project/batch-etl-pyspark/.venv/lib/python3.12/site-packages/airflow/example_dags/example_xcomargs.py took 0.369 seconds
[2025-07-16T18:52:14.945+0000] {processor.py:161} INFO - Started process (PID=9372) to work on /mnt/c/Users/Shivam Gupta/OneDrive/Documents/Shivam_Developement/data_engineering/data_engineering_project/batch-etl-pyspark/.venv/lib/python3.12/site-packages/airflow/example_dags/example_xcomargs.py
[2025-07-16T18:52:14.948+0000] {processor.py:830} INFO - Processing file /mnt/c/Users/Shivam Gupta/OneDrive/Documents/Shivam_Developement/data_engineering/data_engineering_project/batch-etl-pyspark/.venv/lib/python3.12/site-packages/airflow/example_dags/example_xcomargs.py for tasks to queue
[2025-07-16T18:52:14.951+0000] {logging_mixin.py:188} INFO - [2025-07-16T18:52:14.950+0000] {dagbag.py:545} INFO - Filling up the DagBag from /mnt/c/Users/Shivam Gupta/OneDrive/Documents/Shivam_Developement/data_engineering/data_engineering_project/batch-etl-pyspark/.venv/lib/python3.12/site-packages/airflow/example_dags/example_xcomargs.py
[2025-07-16T18:52:15.028+0000] {processor.py:840} INFO - DAG(s) 'example_xcom_args', 'example_xcom_args_with_operators' retrieved from /mnt/c/Users/Shivam Gupta/OneDrive/Documents/Shivam_Developement/data_engineering/data_engineering_project/batch-etl-pyspark/.venv/lib/python3.12/site-packages/airflow/example_dags/example_xcomargs.py
[2025-07-16T18:52:15.130+0000] {logging_mixin.py:188} INFO - [2025-07-16T18:52:15.129+0000] {dag.py:3096} INFO - Sync 2 DAGs
[2025-07-16T18:52:15.141+0000] {logging_mixin.py:188} INFO - [2025-07-16T18:52:15.140+0000] {dag.py:3954} INFO - Setting next_dagrun for example_xcom_args to None, run_after=None
[2025-07-16T18:52:15.146+0000] {logging_mixin.py:188} INFO - [2025-07-16T18:52:15.145+0000] {dag.py:3954} INFO - Setting next_dagrun for example_xcom_args_with_operators to None, run_after=None
[2025-07-16T18:52:15.196+0000] {processor.py:183} INFO - Processing /mnt/c/Users/Shivam Gupta/OneDrive/Documents/Shivam_Developement/data_engineering/data_engineering_project/batch-etl-pyspark/.venv/lib/python3.12/site-packages/airflow/example_dags/example_xcomargs.py took 0.261 seconds
[2025-07-16T18:53:27.903+0000] {processor.py:161} INFO - Started process (PID=9439) to work on /mnt/c/Users/Shivam Gupta/OneDrive/Documents/Shivam_Developement/data_engineering/data_engineering_project/batch-etl-pyspark/.venv/lib/python3.12/site-packages/airflow/example_dags/example_xcomargs.py
[2025-07-16T18:53:27.905+0000] {processor.py:830} INFO - Processing file /mnt/c/Users/Shivam Gupta/OneDrive/Documents/Shivam_Developement/data_engineering/data_engineering_project/batch-etl-pyspark/.venv/lib/python3.12/site-packages/airflow/example_dags/example_xcomargs.py for tasks to queue
[2025-07-16T18:53:27.907+0000] {logging_mixin.py:188} INFO - [2025-07-16T18:53:27.907+0000] {dagbag.py:545} INFO - Filling up the DagBag from /mnt/c/Users/Shivam Gupta/OneDrive/Documents/Shivam_Developement/data_engineering/data_engineering_project/batch-etl-pyspark/.venv/lib/python3.12/site-packages/airflow/example_dags/example_xcomargs.py
[2025-07-16T18:53:27.926+0000] {processor.py:840} INFO - DAG(s) 'example_xcom_args', 'example_xcom_args_with_operators' retrieved from /mnt/c/Users/Shivam Gupta/OneDrive/Documents/Shivam_Developement/data_engineering/data_engineering_project/batch-etl-pyspark/.venv/lib/python3.12/site-packages/airflow/example_dags/example_xcomargs.py
[2025-07-16T18:53:27.949+0000] {logging_mixin.py:188} INFO - [2025-07-16T18:53:27.948+0000] {dag.py:3096} INFO - Sync 2 DAGs
[2025-07-16T18:53:27.958+0000] {logging_mixin.py:188} INFO - [2025-07-16T18:53:27.957+0000] {dag.py:3954} INFO - Setting next_dagrun for example_xcom_args to None, run_after=None
[2025-07-16T18:53:27.961+0000] {logging_mixin.py:188} INFO - [2025-07-16T18:53:27.961+0000] {dag.py:3954} INFO - Setting next_dagrun for example_xcom_args_with_operators to None, run_after=None
[2025-07-16T18:53:28.012+0000] {processor.py:183} INFO - Processing /mnt/c/Users/Shivam Gupta/OneDrive/Documents/Shivam_Developement/data_engineering/data_engineering_project/batch-etl-pyspark/.venv/lib/python3.12/site-packages/airflow/example_dags/example_xcomargs.py took 0.117 seconds
[2025-07-16T18:54:51.741+0000] {processor.py:161} INFO - Started process (PID=9581) to work on /mnt/c/Users/Shivam Gupta/OneDrive/Documents/Shivam_Developement/data_engineering/data_engineering_project/batch-etl-pyspark/.venv/lib/python3.12/site-packages/airflow/example_dags/example_xcomargs.py
[2025-07-16T18:54:51.743+0000] {processor.py:830} INFO - Processing file /mnt/c/Users/Shivam Gupta/OneDrive/Documents/Shivam_Developement/data_engineering/data_engineering_project/batch-etl-pyspark/.venv/lib/python3.12/site-packages/airflow/example_dags/example_xcomargs.py for tasks to queue
[2025-07-16T18:54:51.747+0000] {logging_mixin.py:188} INFO - [2025-07-16T18:54:51.745+0000] {dagbag.py:545} INFO - Filling up the DagBag from /mnt/c/Users/Shivam Gupta/OneDrive/Documents/Shivam_Developement/data_engineering/data_engineering_project/batch-etl-pyspark/.venv/lib/python3.12/site-packages/airflow/example_dags/example_xcomargs.py
[2025-07-16T18:54:51.771+0000] {processor.py:840} INFO - DAG(s) 'example_xcom_args_with_operators', 'example_xcom_args' retrieved from /mnt/c/Users/Shivam Gupta/OneDrive/Documents/Shivam_Developement/data_engineering/data_engineering_project/batch-etl-pyspark/.venv/lib/python3.12/site-packages/airflow/example_dags/example_xcomargs.py
[2025-07-16T18:54:51.824+0000] {logging_mixin.py:188} INFO - [2025-07-16T18:54:51.823+0000] {dag.py:3096} INFO - Sync 2 DAGs
[2025-07-16T18:54:51.837+0000] {logging_mixin.py:188} INFO - [2025-07-16T18:54:51.836+0000] {dag.py:3954} INFO - Setting next_dagrun for example_xcom_args to None, run_after=None
[2025-07-16T18:54:51.843+0000] {logging_mixin.py:188} INFO - [2025-07-16T18:54:51.842+0000] {dag.py:3954} INFO - Setting next_dagrun for example_xcom_args_with_operators to None, run_after=None
[2025-07-16T18:54:51.917+0000] {processor.py:183} INFO - Processing /mnt/c/Users/Shivam Gupta/OneDrive/Documents/Shivam_Developement/data_engineering/data_engineering_project/batch-etl-pyspark/.venv/lib/python3.12/site-packages/airflow/example_dags/example_xcomargs.py took 0.197 seconds
[2025-07-16T18:56:08.311+0000] {processor.py:161} INFO - Started process (PID=9814) to work on /mnt/c/Users/Shivam Gupta/OneDrive/Documents/Shivam_Developement/data_engineering/data_engineering_project/batch-etl-pyspark/.venv/lib/python3.12/site-packages/airflow/example_dags/example_xcomargs.py
[2025-07-16T18:56:08.312+0000] {processor.py:830} INFO - Processing file /mnt/c/Users/Shivam Gupta/OneDrive/Documents/Shivam_Developement/data_engineering/data_engineering_project/batch-etl-pyspark/.venv/lib/python3.12/site-packages/airflow/example_dags/example_xcomargs.py for tasks to queue
[2025-07-16T18:56:08.315+0000] {logging_mixin.py:188} INFO - [2025-07-16T18:56:08.314+0000] {dagbag.py:545} INFO - Filling up the DagBag from /mnt/c/Users/Shivam Gupta/OneDrive/Documents/Shivam_Developement/data_engineering/data_engineering_project/batch-etl-pyspark/.venv/lib/python3.12/site-packages/airflow/example_dags/example_xcomargs.py
[2025-07-16T18:56:08.338+0000] {processor.py:840} INFO - DAG(s) 'example_xcom_args', 'example_xcom_args_with_operators' retrieved from /mnt/c/Users/Shivam Gupta/OneDrive/Documents/Shivam_Developement/data_engineering/data_engineering_project/batch-etl-pyspark/.venv/lib/python3.12/site-packages/airflow/example_dags/example_xcomargs.py
[2025-07-16T18:56:08.363+0000] {logging_mixin.py:188} INFO - [2025-07-16T18:56:08.363+0000] {dag.py:3096} INFO - Sync 2 DAGs
[2025-07-16T18:56:08.374+0000] {logging_mixin.py:188} INFO - [2025-07-16T18:56:08.374+0000] {dag.py:3954} INFO - Setting next_dagrun for example_xcom_args to None, run_after=None
[2025-07-16T18:56:08.379+0000] {logging_mixin.py:188} INFO - [2025-07-16T18:56:08.378+0000] {dag.py:3954} INFO - Setting next_dagrun for example_xcom_args_with_operators to None, run_after=None
[2025-07-16T18:56:08.425+0000] {processor.py:183} INFO - Processing /mnt/c/Users/Shivam Gupta/OneDrive/Documents/Shivam_Developement/data_engineering/data_engineering_project/batch-etl-pyspark/.venv/lib/python3.12/site-packages/airflow/example_dags/example_xcomargs.py took 0.123 seconds
[2025-07-16T18:57:24.398+0000] {processor.py:161} INFO - Started process (PID=9969) to work on /mnt/c/Users/Shivam Gupta/OneDrive/Documents/Shivam_Developement/data_engineering/data_engineering_project/batch-etl-pyspark/.venv/lib/python3.12/site-packages/airflow/example_dags/example_xcomargs.py
[2025-07-16T18:57:24.400+0000] {processor.py:830} INFO - Processing file /mnt/c/Users/Shivam Gupta/OneDrive/Documents/Shivam_Developement/data_engineering/data_engineering_project/batch-etl-pyspark/.venv/lib/python3.12/site-packages/airflow/example_dags/example_xcomargs.py for tasks to queue
[2025-07-16T18:57:24.403+0000] {logging_mixin.py:188} INFO - [2025-07-16T18:57:24.402+0000] {dagbag.py:545} INFO - Filling up the DagBag from /mnt/c/Users/Shivam Gupta/OneDrive/Documents/Shivam_Developement/data_engineering/data_engineering_project/batch-etl-pyspark/.venv/lib/python3.12/site-packages/airflow/example_dags/example_xcomargs.py
[2025-07-16T18:57:24.426+0000] {processor.py:840} INFO - DAG(s) 'example_xcom_args_with_operators', 'example_xcom_args' retrieved from /mnt/c/Users/Shivam Gupta/OneDrive/Documents/Shivam_Developement/data_engineering/data_engineering_project/batch-etl-pyspark/.venv/lib/python3.12/site-packages/airflow/example_dags/example_xcomargs.py
[2025-07-16T18:57:24.479+0000] {logging_mixin.py:188} INFO - [2025-07-16T18:57:24.477+0000] {dag.py:3096} INFO - Sync 2 DAGs
[2025-07-16T18:57:24.504+0000] {logging_mixin.py:188} INFO - [2025-07-16T18:57:24.501+0000] {dag.py:3954} INFO - Setting next_dagrun for example_xcom_args to None, run_after=None
[2025-07-16T18:57:24.516+0000] {logging_mixin.py:188} INFO - [2025-07-16T18:57:24.514+0000] {dag.py:3954} INFO - Setting next_dagrun for example_xcom_args_with_operators to None, run_after=None
[2025-07-16T18:57:24.661+0000] {processor.py:183} INFO - Processing /mnt/c/Users/Shivam Gupta/OneDrive/Documents/Shivam_Developement/data_engineering/data_engineering_project/batch-etl-pyspark/.venv/lib/python3.12/site-packages/airflow/example_dags/example_xcomargs.py took 0.280 seconds
[2025-07-16T18:58:46.417+0000] {processor.py:161} INFO - Started process (PID=10107) to work on /mnt/c/Users/Shivam Gupta/OneDrive/Documents/Shivam_Developement/data_engineering/data_engineering_project/batch-etl-pyspark/.venv/lib/python3.12/site-packages/airflow/example_dags/example_xcomargs.py
[2025-07-16T18:58:46.419+0000] {processor.py:830} INFO - Processing file /mnt/c/Users/Shivam Gupta/OneDrive/Documents/Shivam_Developement/data_engineering/data_engineering_project/batch-etl-pyspark/.venv/lib/python3.12/site-packages/airflow/example_dags/example_xcomargs.py for tasks to queue
[2025-07-16T18:58:46.422+0000] {logging_mixin.py:188} INFO - [2025-07-16T18:58:46.421+0000] {dagbag.py:545} INFO - Filling up the DagBag from /mnt/c/Users/Shivam Gupta/OneDrive/Documents/Shivam_Developement/data_engineering/data_engineering_project/batch-etl-pyspark/.venv/lib/python3.12/site-packages/airflow/example_dags/example_xcomargs.py
[2025-07-16T18:58:46.458+0000] {processor.py:840} INFO - DAG(s) 'example_xcom_args_with_operators', 'example_xcom_args' retrieved from /mnt/c/Users/Shivam Gupta/OneDrive/Documents/Shivam_Developement/data_engineering/data_engineering_project/batch-etl-pyspark/.venv/lib/python3.12/site-packages/airflow/example_dags/example_xcomargs.py
[2025-07-16T18:58:46.488+0000] {logging_mixin.py:188} INFO - [2025-07-16T18:58:46.488+0000] {dag.py:3096} INFO - Sync 2 DAGs
[2025-07-16T18:58:46.503+0000] {logging_mixin.py:188} INFO - [2025-07-16T18:58:46.502+0000] {dag.py:3954} INFO - Setting next_dagrun for example_xcom_args to None, run_after=None
[2025-07-16T18:58:46.510+0000] {logging_mixin.py:188} INFO - [2025-07-16T18:58:46.509+0000] {dag.py:3954} INFO - Setting next_dagrun for example_xcom_args_with_operators to None, run_after=None
[2025-07-16T18:58:46.573+0000] {processor.py:183} INFO - Processing /mnt/c/Users/Shivam Gupta/OneDrive/Documents/Shivam_Developement/data_engineering/data_engineering_project/batch-etl-pyspark/.venv/lib/python3.12/site-packages/airflow/example_dags/example_xcomargs.py took 0.166 seconds
[2025-07-16T19:00:16.375+0000] {processor.py:161} INFO - Started process (PID=10308) to work on /mnt/c/Users/Shivam Gupta/OneDrive/Documents/Shivam_Developement/data_engineering/data_engineering_project/batch-etl-pyspark/.venv/lib/python3.12/site-packages/airflow/example_dags/example_xcomargs.py
[2025-07-16T19:00:16.377+0000] {processor.py:830} INFO - Processing file /mnt/c/Users/Shivam Gupta/OneDrive/Documents/Shivam_Developement/data_engineering/data_engineering_project/batch-etl-pyspark/.venv/lib/python3.12/site-packages/airflow/example_dags/example_xcomargs.py for tasks to queue
[2025-07-16T19:00:16.381+0000] {logging_mixin.py:188} INFO - [2025-07-16T19:00:16.380+0000] {dagbag.py:545} INFO - Filling up the DagBag from /mnt/c/Users/Shivam Gupta/OneDrive/Documents/Shivam_Developement/data_engineering/data_engineering_project/batch-etl-pyspark/.venv/lib/python3.12/site-packages/airflow/example_dags/example_xcomargs.py
[2025-07-16T19:00:16.412+0000] {processor.py:840} INFO - DAG(s) 'example_xcom_args', 'example_xcom_args_with_operators' retrieved from /mnt/c/Users/Shivam Gupta/OneDrive/Documents/Shivam_Developement/data_engineering/data_engineering_project/batch-etl-pyspark/.venv/lib/python3.12/site-packages/airflow/example_dags/example_xcomargs.py
[2025-07-16T19:00:16.449+0000] {logging_mixin.py:188} INFO - [2025-07-16T19:00:16.448+0000] {dag.py:3096} INFO - Sync 2 DAGs
[2025-07-16T19:00:16.466+0000] {logging_mixin.py:188} INFO - [2025-07-16T19:00:16.464+0000] {dag.py:3954} INFO - Setting next_dagrun for example_xcom_args to None, run_after=None
[2025-07-16T19:00:16.473+0000] {logging_mixin.py:188} INFO - [2025-07-16T19:00:16.472+0000] {dag.py:3954} INFO - Setting next_dagrun for example_xcom_args_with_operators to None, run_after=None
[2025-07-16T19:00:16.547+0000] {processor.py:183} INFO - Processing /mnt/c/Users/Shivam Gupta/OneDrive/Documents/Shivam_Developement/data_engineering/data_engineering_project/batch-etl-pyspark/.venv/lib/python3.12/site-packages/airflow/example_dags/example_xcomargs.py took 0.185 seconds
[2025-07-16T19:01:46.690+0000] {processor.py:161} INFO - Started process (PID=10497) to work on /mnt/c/Users/Shivam Gupta/OneDrive/Documents/Shivam_Developement/data_engineering/data_engineering_project/batch-etl-pyspark/.venv/lib/python3.12/site-packages/airflow/example_dags/example_xcomargs.py
[2025-07-16T19:01:46.691+0000] {processor.py:830} INFO - Processing file /mnt/c/Users/Shivam Gupta/OneDrive/Documents/Shivam_Developement/data_engineering/data_engineering_project/batch-etl-pyspark/.venv/lib/python3.12/site-packages/airflow/example_dags/example_xcomargs.py for tasks to queue
[2025-07-16T19:01:46.694+0000] {logging_mixin.py:188} INFO - [2025-07-16T19:01:46.693+0000] {dagbag.py:545} INFO - Filling up the DagBag from /mnt/c/Users/Shivam Gupta/OneDrive/Documents/Shivam_Developement/data_engineering/data_engineering_project/batch-etl-pyspark/.venv/lib/python3.12/site-packages/airflow/example_dags/example_xcomargs.py
[2025-07-16T19:01:46.711+0000] {processor.py:840} INFO - DAG(s) 'example_xcom_args', 'example_xcom_args_with_operators' retrieved from /mnt/c/Users/Shivam Gupta/OneDrive/Documents/Shivam_Developement/data_engineering/data_engineering_project/batch-etl-pyspark/.venv/lib/python3.12/site-packages/airflow/example_dags/example_xcomargs.py
[2025-07-16T19:01:46.732+0000] {logging_mixin.py:188} INFO - [2025-07-16T19:01:46.731+0000] {dag.py:3096} INFO - Sync 2 DAGs
[2025-07-16T19:01:46.741+0000] {logging_mixin.py:188} INFO - [2025-07-16T19:01:46.740+0000] {dag.py:3954} INFO - Setting next_dagrun for example_xcom_args to None, run_after=None
[2025-07-16T19:01:46.744+0000] {logging_mixin.py:188} INFO - [2025-07-16T19:01:46.744+0000] {dag.py:3954} INFO - Setting next_dagrun for example_xcom_args_with_operators to None, run_after=None
[2025-07-16T19:01:46.803+0000] {processor.py:183} INFO - Processing /mnt/c/Users/Shivam Gupta/OneDrive/Documents/Shivam_Developement/data_engineering/data_engineering_project/batch-etl-pyspark/.venv/lib/python3.12/site-packages/airflow/example_dags/example_xcomargs.py took 0.122 seconds
[2025-07-16T19:03:19.123+0000] {processor.py:161} INFO - Started process (PID=10677) to work on /mnt/c/Users/Shivam Gupta/OneDrive/Documents/Shivam_Developement/data_engineering/data_engineering_project/batch-etl-pyspark/.venv/lib/python3.12/site-packages/airflow/example_dags/example_xcomargs.py
[2025-07-16T19:03:19.126+0000] {processor.py:830} INFO - Processing file /mnt/c/Users/Shivam Gupta/OneDrive/Documents/Shivam_Developement/data_engineering/data_engineering_project/batch-etl-pyspark/.venv/lib/python3.12/site-packages/airflow/example_dags/example_xcomargs.py for tasks to queue
[2025-07-16T19:03:19.130+0000] {logging_mixin.py:188} INFO - [2025-07-16T19:03:19.128+0000] {dagbag.py:545} INFO - Filling up the DagBag from /mnt/c/Users/Shivam Gupta/OneDrive/Documents/Shivam_Developement/data_engineering/data_engineering_project/batch-etl-pyspark/.venv/lib/python3.12/site-packages/airflow/example_dags/example_xcomargs.py
[2025-07-16T19:03:19.159+0000] {processor.py:840} INFO - DAG(s) 'example_xcom_args_with_operators', 'example_xcom_args' retrieved from /mnt/c/Users/Shivam Gupta/OneDrive/Documents/Shivam_Developement/data_engineering/data_engineering_project/batch-etl-pyspark/.venv/lib/python3.12/site-packages/airflow/example_dags/example_xcomargs.py
[2025-07-16T19:03:19.202+0000] {logging_mixin.py:188} INFO - [2025-07-16T19:03:19.201+0000] {dag.py:3096} INFO - Sync 2 DAGs
[2025-07-16T19:03:19.222+0000] {logging_mixin.py:188} INFO - [2025-07-16T19:03:19.220+0000] {dag.py:3954} INFO - Setting next_dagrun for example_xcom_args to None, run_after=None
[2025-07-16T19:03:19.232+0000] {logging_mixin.py:188} INFO - [2025-07-16T19:03:19.230+0000] {dag.py:3954} INFO - Setting next_dagrun for example_xcom_args_with_operators to None, run_after=None
[2025-07-16T19:03:19.317+0000] {processor.py:183} INFO - Processing /mnt/c/Users/Shivam Gupta/OneDrive/Documents/Shivam_Developement/data_engineering/data_engineering_project/batch-etl-pyspark/.venv/lib/python3.12/site-packages/airflow/example_dags/example_xcomargs.py took 0.211 seconds
[2025-07-16T19:04:47.568+0000] {processor.py:161} INFO - Started process (PID=10824) to work on /mnt/c/Users/Shivam Gupta/OneDrive/Documents/Shivam_Developement/data_engineering/data_engineering_project/batch-etl-pyspark/.venv/lib/python3.12/site-packages/airflow/example_dags/example_xcomargs.py
[2025-07-16T19:04:47.570+0000] {processor.py:830} INFO - Processing file /mnt/c/Users/Shivam Gupta/OneDrive/Documents/Shivam_Developement/data_engineering/data_engineering_project/batch-etl-pyspark/.venv/lib/python3.12/site-packages/airflow/example_dags/example_xcomargs.py for tasks to queue
[2025-07-16T19:04:47.573+0000] {logging_mixin.py:188} INFO - [2025-07-16T19:04:47.572+0000] {dagbag.py:545} INFO - Filling up the DagBag from /mnt/c/Users/Shivam Gupta/OneDrive/Documents/Shivam_Developement/data_engineering/data_engineering_project/batch-etl-pyspark/.venv/lib/python3.12/site-packages/airflow/example_dags/example_xcomargs.py
[2025-07-16T19:04:47.594+0000] {processor.py:840} INFO - DAG(s) 'example_xcom_args_with_operators', 'example_xcom_args' retrieved from /mnt/c/Users/Shivam Gupta/OneDrive/Documents/Shivam_Developement/data_engineering/data_engineering_project/batch-etl-pyspark/.venv/lib/python3.12/site-packages/airflow/example_dags/example_xcomargs.py
[2025-07-16T19:04:47.643+0000] {logging_mixin.py:188} INFO - [2025-07-16T19:04:47.638+0000] {dag.py:3096} INFO - Sync 2 DAGs
[2025-07-16T19:04:47.659+0000] {logging_mixin.py:188} INFO - [2025-07-16T19:04:47.658+0000] {dag.py:3954} INFO - Setting next_dagrun for example_xcom_args to None, run_after=None
[2025-07-16T19:04:47.667+0000] {logging_mixin.py:188} INFO - [2025-07-16T19:04:47.666+0000] {dag.py:3954} INFO - Setting next_dagrun for example_xcom_args_with_operators to None, run_after=None
[2025-07-16T19:04:47.754+0000] {processor.py:183} INFO - Processing /mnt/c/Users/Shivam Gupta/OneDrive/Documents/Shivam_Developement/data_engineering/data_engineering_project/batch-etl-pyspark/.venv/lib/python3.12/site-packages/airflow/example_dags/example_xcomargs.py took 0.195 seconds
[2025-07-16T19:06:09.525+0000] {processor.py:161} INFO - Started process (PID=10988) to work on /mnt/c/Users/Shivam Gupta/OneDrive/Documents/Shivam_Developement/data_engineering/data_engineering_project/batch-etl-pyspark/.venv/lib/python3.12/site-packages/airflow/example_dags/example_xcomargs.py
[2025-07-16T19:06:09.528+0000] {processor.py:830} INFO - Processing file /mnt/c/Users/Shivam Gupta/OneDrive/Documents/Shivam_Developement/data_engineering/data_engineering_project/batch-etl-pyspark/.venv/lib/python3.12/site-packages/airflow/example_dags/example_xcomargs.py for tasks to queue
[2025-07-16T19:06:09.531+0000] {logging_mixin.py:188} INFO - [2025-07-16T19:06:09.530+0000] {dagbag.py:545} INFO - Filling up the DagBag from /mnt/c/Users/Shivam Gupta/OneDrive/Documents/Shivam_Developement/data_engineering/data_engineering_project/batch-etl-pyspark/.venv/lib/python3.12/site-packages/airflow/example_dags/example_xcomargs.py
[2025-07-16T19:06:09.560+0000] {processor.py:840} INFO - DAG(s) 'example_xcom_args', 'example_xcom_args_with_operators' retrieved from /mnt/c/Users/Shivam Gupta/OneDrive/Documents/Shivam_Developement/data_engineering/data_engineering_project/batch-etl-pyspark/.venv/lib/python3.12/site-packages/airflow/example_dags/example_xcomargs.py
[2025-07-16T19:06:09.597+0000] {logging_mixin.py:188} INFO - [2025-07-16T19:06:09.596+0000] {dag.py:3096} INFO - Sync 2 DAGs
[2025-07-16T19:06:09.612+0000] {logging_mixin.py:188} INFO - [2025-07-16T19:06:09.610+0000] {dag.py:3954} INFO - Setting next_dagrun for example_xcom_args to None, run_after=None
[2025-07-16T19:06:09.620+0000] {logging_mixin.py:188} INFO - [2025-07-16T19:06:09.618+0000] {dag.py:3954} INFO - Setting next_dagrun for example_xcom_args_with_operators to None, run_after=None
[2025-07-16T19:06:09.706+0000] {processor.py:183} INFO - Processing /mnt/c/Users/Shivam Gupta/OneDrive/Documents/Shivam_Developement/data_engineering/data_engineering_project/batch-etl-pyspark/.venv/lib/python3.12/site-packages/airflow/example_dags/example_xcomargs.py took 0.194 seconds
[2025-07-16T19:07:41.162+0000] {processor.py:161} INFO - Started process (PID=11172) to work on /mnt/c/Users/Shivam Gupta/OneDrive/Documents/Shivam_Developement/data_engineering/data_engineering_project/batch-etl-pyspark/.venv/lib/python3.12/site-packages/airflow/example_dags/example_xcomargs.py
[2025-07-16T19:07:41.163+0000] {processor.py:830} INFO - Processing file /mnt/c/Users/Shivam Gupta/OneDrive/Documents/Shivam_Developement/data_engineering/data_engineering_project/batch-etl-pyspark/.venv/lib/python3.12/site-packages/airflow/example_dags/example_xcomargs.py for tasks to queue
[2025-07-16T19:07:41.167+0000] {logging_mixin.py:188} INFO - [2025-07-16T19:07:41.165+0000] {dagbag.py:545} INFO - Filling up the DagBag from /mnt/c/Users/Shivam Gupta/OneDrive/Documents/Shivam_Developement/data_engineering/data_engineering_project/batch-etl-pyspark/.venv/lib/python3.12/site-packages/airflow/example_dags/example_xcomargs.py
[2025-07-16T19:07:41.187+0000] {processor.py:840} INFO - DAG(s) 'example_xcom_args_with_operators', 'example_xcom_args' retrieved from /mnt/c/Users/Shivam Gupta/OneDrive/Documents/Shivam_Developement/data_engineering/data_engineering_project/batch-etl-pyspark/.venv/lib/python3.12/site-packages/airflow/example_dags/example_xcomargs.py
[2025-07-16T19:07:41.217+0000] {logging_mixin.py:188} INFO - [2025-07-16T19:07:41.216+0000] {dag.py:3096} INFO - Sync 2 DAGs
[2025-07-16T19:07:41.234+0000] {logging_mixin.py:188} INFO - [2025-07-16T19:07:41.234+0000] {dag.py:3954} INFO - Setting next_dagrun for example_xcom_args to None, run_after=None
[2025-07-16T19:07:41.241+0000] {logging_mixin.py:188} INFO - [2025-07-16T19:07:41.240+0000] {dag.py:3954} INFO - Setting next_dagrun for example_xcom_args_with_operators to None, run_after=None
[2025-07-16T19:07:41.326+0000] {processor.py:183} INFO - Processing /mnt/c/Users/Shivam Gupta/OneDrive/Documents/Shivam_Developement/data_engineering/data_engineering_project/batch-etl-pyspark/.venv/lib/python3.12/site-packages/airflow/example_dags/example_xcomargs.py took 0.175 seconds
[2025-07-16T19:09:12.632+0000] {processor.py:161} INFO - Started process (PID=11318) to work on /mnt/c/Users/Shivam Gupta/OneDrive/Documents/Shivam_Developement/data_engineering/data_engineering_project/batch-etl-pyspark/.venv/lib/python3.12/site-packages/airflow/example_dags/example_xcomargs.py
[2025-07-16T19:09:12.636+0000] {processor.py:830} INFO - Processing file /mnt/c/Users/Shivam Gupta/OneDrive/Documents/Shivam_Developement/data_engineering/data_engineering_project/batch-etl-pyspark/.venv/lib/python3.12/site-packages/airflow/example_dags/example_xcomargs.py for tasks to queue
[2025-07-16T19:09:12.640+0000] {logging_mixin.py:188} INFO - [2025-07-16T19:09:12.639+0000] {dagbag.py:545} INFO - Filling up the DagBag from /mnt/c/Users/Shivam Gupta/OneDrive/Documents/Shivam_Developement/data_engineering/data_engineering_project/batch-etl-pyspark/.venv/lib/python3.12/site-packages/airflow/example_dags/example_xcomargs.py
[2025-07-16T19:09:12.678+0000] {processor.py:840} INFO - DAG(s) 'example_xcom_args_with_operators', 'example_xcom_args' retrieved from /mnt/c/Users/Shivam Gupta/OneDrive/Documents/Shivam_Developement/data_engineering/data_engineering_project/batch-etl-pyspark/.venv/lib/python3.12/site-packages/airflow/example_dags/example_xcomargs.py
[2025-07-16T19:09:12.727+0000] {logging_mixin.py:188} INFO - [2025-07-16T19:09:12.726+0000] {dag.py:3096} INFO - Sync 2 DAGs
[2025-07-16T19:09:12.751+0000] {logging_mixin.py:188} INFO - [2025-07-16T19:09:12.749+0000] {dag.py:3954} INFO - Setting next_dagrun for example_xcom_args to None, run_after=None
[2025-07-16T19:09:12.759+0000] {logging_mixin.py:188} INFO - [2025-07-16T19:09:12.757+0000] {dag.py:3954} INFO - Setting next_dagrun for example_xcom_args_with_operators to None, run_after=None
[2025-07-16T19:09:12.846+0000] {processor.py:183} INFO - Processing /mnt/c/Users/Shivam Gupta/OneDrive/Documents/Shivam_Developement/data_engineering/data_engineering_project/batch-etl-pyspark/.venv/lib/python3.12/site-packages/airflow/example_dags/example_xcomargs.py took 0.235 seconds
[2025-07-16T19:10:40.297+0000] {processor.py:161} INFO - Started process (PID=11488) to work on /mnt/c/Users/Shivam Gupta/OneDrive/Documents/Shivam_Developement/data_engineering/data_engineering_project/batch-etl-pyspark/.venv/lib/python3.12/site-packages/airflow/example_dags/example_xcomargs.py
[2025-07-16T19:10:40.301+0000] {processor.py:830} INFO - Processing file /mnt/c/Users/Shivam Gupta/OneDrive/Documents/Shivam_Developement/data_engineering/data_engineering_project/batch-etl-pyspark/.venv/lib/python3.12/site-packages/airflow/example_dags/example_xcomargs.py for tasks to queue
[2025-07-16T19:10:40.307+0000] {logging_mixin.py:188} INFO - [2025-07-16T19:10:40.305+0000] {dagbag.py:545} INFO - Filling up the DagBag from /mnt/c/Users/Shivam Gupta/OneDrive/Documents/Shivam_Developement/data_engineering/data_engineering_project/batch-etl-pyspark/.venv/lib/python3.12/site-packages/airflow/example_dags/example_xcomargs.py
[2025-07-16T19:10:40.342+0000] {processor.py:840} INFO - DAG(s) 'example_xcom_args', 'example_xcom_args_with_operators' retrieved from /mnt/c/Users/Shivam Gupta/OneDrive/Documents/Shivam_Developement/data_engineering/data_engineering_project/batch-etl-pyspark/.venv/lib/python3.12/site-packages/airflow/example_dags/example_xcomargs.py
[2025-07-16T19:10:40.378+0000] {logging_mixin.py:188} INFO - [2025-07-16T19:10:40.377+0000] {dag.py:3096} INFO - Sync 2 DAGs
[2025-07-16T19:10:40.393+0000] {logging_mixin.py:188} INFO - [2025-07-16T19:10:40.392+0000] {dag.py:3954} INFO - Setting next_dagrun for example_xcom_args to None, run_after=None
[2025-07-16T19:10:40.399+0000] {logging_mixin.py:188} INFO - [2025-07-16T19:10:40.398+0000] {dag.py:3954} INFO - Setting next_dagrun for example_xcom_args_with_operators to None, run_after=None
[2025-07-16T19:10:40.481+0000] {processor.py:183} INFO - Processing /mnt/c/Users/Shivam Gupta/OneDrive/Documents/Shivam_Developement/data_engineering/data_engineering_project/batch-etl-pyspark/.venv/lib/python3.12/site-packages/airflow/example_dags/example_xcomargs.py took 0.209 seconds
[2025-07-16T19:12:13.108+0000] {processor.py:161} INFO - Started process (PID=11671) to work on /mnt/c/Users/Shivam Gupta/OneDrive/Documents/Shivam_Developement/data_engineering/data_engineering_project/batch-etl-pyspark/.venv/lib/python3.12/site-packages/airflow/example_dags/example_xcomargs.py
[2025-07-16T19:12:13.111+0000] {processor.py:830} INFO - Processing file /mnt/c/Users/Shivam Gupta/OneDrive/Documents/Shivam_Developement/data_engineering/data_engineering_project/batch-etl-pyspark/.venv/lib/python3.12/site-packages/airflow/example_dags/example_xcomargs.py for tasks to queue
[2025-07-16T19:12:13.116+0000] {logging_mixin.py:188} INFO - [2025-07-16T19:12:13.114+0000] {dagbag.py:545} INFO - Filling up the DagBag from /mnt/c/Users/Shivam Gupta/OneDrive/Documents/Shivam_Developement/data_engineering/data_engineering_project/batch-etl-pyspark/.venv/lib/python3.12/site-packages/airflow/example_dags/example_xcomargs.py
[2025-07-16T19:12:13.160+0000] {processor.py:840} INFO - DAG(s) 'example_xcom_args', 'example_xcom_args_with_operators' retrieved from /mnt/c/Users/Shivam Gupta/OneDrive/Documents/Shivam_Developement/data_engineering/data_engineering_project/batch-etl-pyspark/.venv/lib/python3.12/site-packages/airflow/example_dags/example_xcomargs.py
[2025-07-16T19:12:13.217+0000] {logging_mixin.py:188} INFO - [2025-07-16T19:12:13.216+0000] {dag.py:3096} INFO - Sync 2 DAGs
[2025-07-16T19:12:13.239+0000] {logging_mixin.py:188} INFO - [2025-07-16T19:12:13.237+0000] {dag.py:3954} INFO - Setting next_dagrun for example_xcom_args to None, run_after=None
[2025-07-16T19:12:13.246+0000] {logging_mixin.py:188} INFO - [2025-07-16T19:12:13.245+0000] {dag.py:3954} INFO - Setting next_dagrun for example_xcom_args_with_operators to None, run_after=None
[2025-07-16T19:12:13.329+0000] {processor.py:183} INFO - Processing /mnt/c/Users/Shivam Gupta/OneDrive/Documents/Shivam_Developement/data_engineering/data_engineering_project/batch-etl-pyspark/.venv/lib/python3.12/site-packages/airflow/example_dags/example_xcomargs.py took 0.238 seconds
[2025-07-16T19:13:38.934+0000] {processor.py:161} INFO - Started process (PID=11828) to work on /mnt/c/Users/Shivam Gupta/OneDrive/Documents/Shivam_Developement/data_engineering/data_engineering_project/batch-etl-pyspark/.venv/lib/python3.12/site-packages/airflow/example_dags/example_xcomargs.py
[2025-07-16T19:13:38.936+0000] {processor.py:830} INFO - Processing file /mnt/c/Users/Shivam Gupta/OneDrive/Documents/Shivam_Developement/data_engineering/data_engineering_project/batch-etl-pyspark/.venv/lib/python3.12/site-packages/airflow/example_dags/example_xcomargs.py for tasks to queue
[2025-07-16T19:13:38.939+0000] {logging_mixin.py:188} INFO - [2025-07-16T19:13:38.938+0000] {dagbag.py:545} INFO - Filling up the DagBag from /mnt/c/Users/Shivam Gupta/OneDrive/Documents/Shivam_Developement/data_engineering/data_engineering_project/batch-etl-pyspark/.venv/lib/python3.12/site-packages/airflow/example_dags/example_xcomargs.py
[2025-07-16T19:13:38.960+0000] {processor.py:840} INFO - DAG(s) 'example_xcom_args', 'example_xcom_args_with_operators' retrieved from /mnt/c/Users/Shivam Gupta/OneDrive/Documents/Shivam_Developement/data_engineering/data_engineering_project/batch-etl-pyspark/.venv/lib/python3.12/site-packages/airflow/example_dags/example_xcomargs.py
[2025-07-16T19:13:38.989+0000] {logging_mixin.py:188} INFO - [2025-07-16T19:13:38.988+0000] {dag.py:3096} INFO - Sync 2 DAGs
[2025-07-16T19:13:39.001+0000] {logging_mixin.py:188} INFO - [2025-07-16T19:13:39.001+0000] {dag.py:3954} INFO - Setting next_dagrun for example_xcom_args to None, run_after=None
[2025-07-16T19:13:39.007+0000] {logging_mixin.py:188} INFO - [2025-07-16T19:13:39.006+0000] {dag.py:3954} INFO - Setting next_dagrun for example_xcom_args_with_operators to None, run_after=None
[2025-07-16T19:13:39.061+0000] {processor.py:183} INFO - Processing /mnt/c/Users/Shivam Gupta/OneDrive/Documents/Shivam_Developement/data_engineering/data_engineering_project/batch-etl-pyspark/.venv/lib/python3.12/site-packages/airflow/example_dags/example_xcomargs.py took 0.137 seconds
[2025-07-16T19:15:11.855+0000] {processor.py:161} INFO - Started process (PID=12013) to work on /mnt/c/Users/Shivam Gupta/OneDrive/Documents/Shivam_Developement/data_engineering/data_engineering_project/batch-etl-pyspark/.venv/lib/python3.12/site-packages/airflow/example_dags/example_xcomargs.py
[2025-07-16T19:15:11.859+0000] {processor.py:830} INFO - Processing file /mnt/c/Users/Shivam Gupta/OneDrive/Documents/Shivam_Developement/data_engineering/data_engineering_project/batch-etl-pyspark/.venv/lib/python3.12/site-packages/airflow/example_dags/example_xcomargs.py for tasks to queue
[2025-07-16T19:15:11.863+0000] {logging_mixin.py:188} INFO - [2025-07-16T19:15:11.862+0000] {dagbag.py:545} INFO - Filling up the DagBag from /mnt/c/Users/Shivam Gupta/OneDrive/Documents/Shivam_Developement/data_engineering/data_engineering_project/batch-etl-pyspark/.venv/lib/python3.12/site-packages/airflow/example_dags/example_xcomargs.py
[2025-07-16T19:15:11.919+0000] {processor.py:840} INFO - DAG(s) 'example_xcom_args_with_operators', 'example_xcom_args' retrieved from /mnt/c/Users/Shivam Gupta/OneDrive/Documents/Shivam_Developement/data_engineering/data_engineering_project/batch-etl-pyspark/.venv/lib/python3.12/site-packages/airflow/example_dags/example_xcomargs.py
[2025-07-16T19:15:11.986+0000] {logging_mixin.py:188} INFO - [2025-07-16T19:15:11.984+0000] {dag.py:3096} INFO - Sync 2 DAGs
[2025-07-16T19:15:12.006+0000] {logging_mixin.py:188} INFO - [2025-07-16T19:15:12.005+0000] {dag.py:3954} INFO - Setting next_dagrun for example_xcom_args to None, run_after=None
[2025-07-16T19:15:12.015+0000] {logging_mixin.py:188} INFO - [2025-07-16T19:15:12.014+0000] {dag.py:3954} INFO - Setting next_dagrun for example_xcom_args_with_operators to None, run_after=None
[2025-07-16T19:15:12.104+0000] {processor.py:183} INFO - Processing /mnt/c/Users/Shivam Gupta/OneDrive/Documents/Shivam_Developement/data_engineering/data_engineering_project/batch-etl-pyspark/.venv/lib/python3.12/site-packages/airflow/example_dags/example_xcomargs.py took 0.270 seconds
[2025-07-16T19:16:36.338+0000] {processor.py:161} INFO - Started process (PID=12185) to work on /mnt/c/Users/Shivam Gupta/OneDrive/Documents/Shivam_Developement/data_engineering/data_engineering_project/batch-etl-pyspark/.venv/lib/python3.12/site-packages/airflow/example_dags/example_xcomargs.py
[2025-07-16T19:16:36.340+0000] {processor.py:830} INFO - Processing file /mnt/c/Users/Shivam Gupta/OneDrive/Documents/Shivam_Developement/data_engineering/data_engineering_project/batch-etl-pyspark/.venv/lib/python3.12/site-packages/airflow/example_dags/example_xcomargs.py for tasks to queue
[2025-07-16T19:16:36.344+0000] {logging_mixin.py:188} INFO - [2025-07-16T19:16:36.343+0000] {dagbag.py:545} INFO - Filling up the DagBag from /mnt/c/Users/Shivam Gupta/OneDrive/Documents/Shivam_Developement/data_engineering/data_engineering_project/batch-etl-pyspark/.venv/lib/python3.12/site-packages/airflow/example_dags/example_xcomargs.py
[2025-07-16T19:16:36.379+0000] {processor.py:840} INFO - DAG(s) 'example_xcom_args_with_operators', 'example_xcom_args' retrieved from /mnt/c/Users/Shivam Gupta/OneDrive/Documents/Shivam_Developement/data_engineering/data_engineering_project/batch-etl-pyspark/.venv/lib/python3.12/site-packages/airflow/example_dags/example_xcomargs.py
[2025-07-16T19:16:36.442+0000] {logging_mixin.py:188} INFO - [2025-07-16T19:16:36.440+0000] {dag.py:3096} INFO - Sync 2 DAGs
[2025-07-16T19:16:36.459+0000] {logging_mixin.py:188} INFO - [2025-07-16T19:16:36.457+0000] {dag.py:3954} INFO - Setting next_dagrun for example_xcom_args to None, run_after=None
[2025-07-16T19:16:36.467+0000] {logging_mixin.py:188} INFO - [2025-07-16T19:16:36.465+0000] {dag.py:3954} INFO - Setting next_dagrun for example_xcom_args_with_operators to None, run_after=None
[2025-07-16T19:16:36.574+0000] {processor.py:183} INFO - Processing /mnt/c/Users/Shivam Gupta/OneDrive/Documents/Shivam_Developement/data_engineering/data_engineering_project/batch-etl-pyspark/.venv/lib/python3.12/site-packages/airflow/example_dags/example_xcomargs.py took 0.251 seconds
[2025-07-16T19:18:09.548+0000] {processor.py:161} INFO - Started process (PID=12361) to work on /mnt/c/Users/Shivam Gupta/OneDrive/Documents/Shivam_Developement/data_engineering/data_engineering_project/batch-etl-pyspark/.venv/lib/python3.12/site-packages/airflow/example_dags/example_xcomargs.py
[2025-07-16T19:18:09.551+0000] {processor.py:830} INFO - Processing file /mnt/c/Users/Shivam Gupta/OneDrive/Documents/Shivam_Developement/data_engineering/data_engineering_project/batch-etl-pyspark/.venv/lib/python3.12/site-packages/airflow/example_dags/example_xcomargs.py for tasks to queue
[2025-07-16T19:18:09.555+0000] {logging_mixin.py:188} INFO - [2025-07-16T19:18:09.553+0000] {dagbag.py:545} INFO - Filling up the DagBag from /mnt/c/Users/Shivam Gupta/OneDrive/Documents/Shivam_Developement/data_engineering/data_engineering_project/batch-etl-pyspark/.venv/lib/python3.12/site-packages/airflow/example_dags/example_xcomargs.py
[2025-07-16T19:18:09.595+0000] {processor.py:840} INFO - DAG(s) 'example_xcom_args', 'example_xcom_args_with_operators' retrieved from /mnt/c/Users/Shivam Gupta/OneDrive/Documents/Shivam_Developement/data_engineering/data_engineering_project/batch-etl-pyspark/.venv/lib/python3.12/site-packages/airflow/example_dags/example_xcomargs.py
[2025-07-16T19:18:09.632+0000] {logging_mixin.py:188} INFO - [2025-07-16T19:18:09.631+0000] {dag.py:3096} INFO - Sync 2 DAGs
[2025-07-16T19:18:09.646+0000] {logging_mixin.py:188} INFO - [2025-07-16T19:18:09.644+0000] {dag.py:3954} INFO - Setting next_dagrun for example_xcom_args to None, run_after=None
[2025-07-16T19:18:09.658+0000] {logging_mixin.py:188} INFO - [2025-07-16T19:18:09.656+0000] {dag.py:3954} INFO - Setting next_dagrun for example_xcom_args_with_operators to None, run_after=None
[2025-07-16T19:18:09.745+0000] {processor.py:183} INFO - Processing /mnt/c/Users/Shivam Gupta/OneDrive/Documents/Shivam_Developement/data_engineering/data_engineering_project/batch-etl-pyspark/.venv/lib/python3.12/site-packages/airflow/example_dags/example_xcomargs.py took 0.218 seconds
[2025-07-16T19:19:28.893+0000] {processor.py:161} INFO - Started process (PID=12489) to work on /mnt/c/Users/Shivam Gupta/OneDrive/Documents/Shivam_Developement/data_engineering/data_engineering_project/batch-etl-pyspark/.venv/lib/python3.12/site-packages/airflow/example_dags/example_xcomargs.py
[2025-07-16T19:19:28.895+0000] {processor.py:830} INFO - Processing file /mnt/c/Users/Shivam Gupta/OneDrive/Documents/Shivam_Developement/data_engineering/data_engineering_project/batch-etl-pyspark/.venv/lib/python3.12/site-packages/airflow/example_dags/example_xcomargs.py for tasks to queue
[2025-07-16T19:19:28.898+0000] {logging_mixin.py:188} INFO - [2025-07-16T19:19:28.897+0000] {dagbag.py:545} INFO - Filling up the DagBag from /mnt/c/Users/Shivam Gupta/OneDrive/Documents/Shivam_Developement/data_engineering/data_engineering_project/batch-etl-pyspark/.venv/lib/python3.12/site-packages/airflow/example_dags/example_xcomargs.py
[2025-07-16T19:19:28.917+0000] {processor.py:840} INFO - DAG(s) 'example_xcom_args', 'example_xcom_args_with_operators' retrieved from /mnt/c/Users/Shivam Gupta/OneDrive/Documents/Shivam_Developement/data_engineering/data_engineering_project/batch-etl-pyspark/.venv/lib/python3.12/site-packages/airflow/example_dags/example_xcomargs.py
[2025-07-16T19:19:28.953+0000] {logging_mixin.py:188} INFO - [2025-07-16T19:19:28.952+0000] {dag.py:3096} INFO - Sync 2 DAGs
[2025-07-16T19:19:28.970+0000] {logging_mixin.py:188} INFO - [2025-07-16T19:19:28.969+0000] {dag.py:3954} INFO - Setting next_dagrun for example_xcom_args to None, run_after=None
[2025-07-16T19:19:28.979+0000] {logging_mixin.py:188} INFO - [2025-07-16T19:19:28.978+0000] {dag.py:3954} INFO - Setting next_dagrun for example_xcom_args_with_operators to None, run_after=None
[2025-07-16T19:19:29.070+0000] {processor.py:183} INFO - Processing /mnt/c/Users/Shivam Gupta/OneDrive/Documents/Shivam_Developement/data_engineering/data_engineering_project/batch-etl-pyspark/.venv/lib/python3.12/site-packages/airflow/example_dags/example_xcomargs.py took 0.187 seconds
[2025-07-16T19:20:48.487+0000] {processor.py:161} INFO - Started process (PID=12633) to work on /mnt/c/Users/Shivam Gupta/OneDrive/Documents/Shivam_Developement/data_engineering/data_engineering_project/batch-etl-pyspark/.venv/lib/python3.12/site-packages/airflow/example_dags/example_xcomargs.py
[2025-07-16T19:20:48.488+0000] {processor.py:830} INFO - Processing file /mnt/c/Users/Shivam Gupta/OneDrive/Documents/Shivam_Developement/data_engineering/data_engineering_project/batch-etl-pyspark/.venv/lib/python3.12/site-packages/airflow/example_dags/example_xcomargs.py for tasks to queue
[2025-07-16T19:20:48.491+0000] {logging_mixin.py:188} INFO - [2025-07-16T19:20:48.490+0000] {dagbag.py:545} INFO - Filling up the DagBag from /mnt/c/Users/Shivam Gupta/OneDrive/Documents/Shivam_Developement/data_engineering/data_engineering_project/batch-etl-pyspark/.venv/lib/python3.12/site-packages/airflow/example_dags/example_xcomargs.py
[2025-07-16T19:20:48.509+0000] {processor.py:840} INFO - DAG(s) 'example_xcom_args_with_operators', 'example_xcom_args' retrieved from /mnt/c/Users/Shivam Gupta/OneDrive/Documents/Shivam_Developement/data_engineering/data_engineering_project/batch-etl-pyspark/.venv/lib/python3.12/site-packages/airflow/example_dags/example_xcomargs.py
[2025-07-16T19:20:48.538+0000] {logging_mixin.py:188} INFO - [2025-07-16T19:20:48.537+0000] {dag.py:3096} INFO - Sync 2 DAGs
[2025-07-16T19:20:48.551+0000] {logging_mixin.py:188} INFO - [2025-07-16T19:20:48.550+0000] {dag.py:3954} INFO - Setting next_dagrun for example_xcom_args to None, run_after=None
[2025-07-16T19:20:48.557+0000] {logging_mixin.py:188} INFO - [2025-07-16T19:20:48.556+0000] {dag.py:3954} INFO - Setting next_dagrun for example_xcom_args_with_operators to None, run_after=None
[2025-07-16T19:20:48.629+0000] {processor.py:183} INFO - Processing /mnt/c/Users/Shivam Gupta/OneDrive/Documents/Shivam_Developement/data_engineering/data_engineering_project/batch-etl-pyspark/.venv/lib/python3.12/site-packages/airflow/example_dags/example_xcomargs.py took 0.152 seconds
[2025-07-16T19:22:25.262+0000] {processor.py:161} INFO - Started process (PID=12838) to work on /mnt/c/Users/Shivam Gupta/OneDrive/Documents/Shivam_Developement/data_engineering/data_engineering_project/batch-etl-pyspark/.venv/lib/python3.12/site-packages/airflow/example_dags/example_xcomargs.py
[2025-07-16T19:22:25.264+0000] {processor.py:830} INFO - Processing file /mnt/c/Users/Shivam Gupta/OneDrive/Documents/Shivam_Developement/data_engineering/data_engineering_project/batch-etl-pyspark/.venv/lib/python3.12/site-packages/airflow/example_dags/example_xcomargs.py for tasks to queue
[2025-07-16T19:22:25.269+0000] {logging_mixin.py:188} INFO - [2025-07-16T19:22:25.267+0000] {dagbag.py:545} INFO - Filling up the DagBag from /mnt/c/Users/Shivam Gupta/OneDrive/Documents/Shivam_Developement/data_engineering/data_engineering_project/batch-etl-pyspark/.venv/lib/python3.12/site-packages/airflow/example_dags/example_xcomargs.py
[2025-07-16T19:22:25.300+0000] {processor.py:840} INFO - DAG(s) 'example_xcom_args_with_operators', 'example_xcom_args' retrieved from /mnt/c/Users/Shivam Gupta/OneDrive/Documents/Shivam_Developement/data_engineering/data_engineering_project/batch-etl-pyspark/.venv/lib/python3.12/site-packages/airflow/example_dags/example_xcomargs.py
[2025-07-16T19:22:25.339+0000] {logging_mixin.py:188} INFO - [2025-07-16T19:22:25.337+0000] {dag.py:3096} INFO - Sync 2 DAGs
[2025-07-16T19:22:25.357+0000] {logging_mixin.py:188} INFO - [2025-07-16T19:22:25.356+0000] {dag.py:3954} INFO - Setting next_dagrun for example_xcom_args to None, run_after=None
[2025-07-16T19:22:25.365+0000] {logging_mixin.py:188} INFO - [2025-07-16T19:22:25.362+0000] {dag.py:3954} INFO - Setting next_dagrun for example_xcom_args_with_operators to None, run_after=None
[2025-07-16T19:22:25.443+0000] {processor.py:183} INFO - Processing /mnt/c/Users/Shivam Gupta/OneDrive/Documents/Shivam_Developement/data_engineering/data_engineering_project/batch-etl-pyspark/.venv/lib/python3.12/site-packages/airflow/example_dags/example_xcomargs.py took 0.197 seconds
[2025-07-16T19:23:45.845+0000] {processor.py:161} INFO - Started process (PID=12966) to work on /mnt/c/Users/Shivam Gupta/OneDrive/Documents/Shivam_Developement/data_engineering/data_engineering_project/batch-etl-pyspark/.venv/lib/python3.12/site-packages/airflow/example_dags/example_xcomargs.py
[2025-07-16T19:23:45.848+0000] {processor.py:830} INFO - Processing file /mnt/c/Users/Shivam Gupta/OneDrive/Documents/Shivam_Developement/data_engineering/data_engineering_project/batch-etl-pyspark/.venv/lib/python3.12/site-packages/airflow/example_dags/example_xcomargs.py for tasks to queue
[2025-07-16T19:23:45.852+0000] {logging_mixin.py:188} INFO - [2025-07-16T19:23:45.851+0000] {dagbag.py:545} INFO - Filling up the DagBag from /mnt/c/Users/Shivam Gupta/OneDrive/Documents/Shivam_Developement/data_engineering/data_engineering_project/batch-etl-pyspark/.venv/lib/python3.12/site-packages/airflow/example_dags/example_xcomargs.py
[2025-07-16T19:23:45.886+0000] {processor.py:840} INFO - DAG(s) 'example_xcom_args_with_operators', 'example_xcom_args' retrieved from /mnt/c/Users/Shivam Gupta/OneDrive/Documents/Shivam_Developement/data_engineering/data_engineering_project/batch-etl-pyspark/.venv/lib/python3.12/site-packages/airflow/example_dags/example_xcomargs.py
[2025-07-16T19:23:45.930+0000] {logging_mixin.py:188} INFO - [2025-07-16T19:23:45.929+0000] {dag.py:3096} INFO - Sync 2 DAGs
[2025-07-16T19:23:45.948+0000] {logging_mixin.py:188} INFO - [2025-07-16T19:23:45.947+0000] {dag.py:3954} INFO - Setting next_dagrun for example_xcom_args to None, run_after=None
[2025-07-16T19:23:45.955+0000] {logging_mixin.py:188} INFO - [2025-07-16T19:23:45.954+0000] {dag.py:3954} INFO - Setting next_dagrun for example_xcom_args_with_operators to None, run_after=None
[2025-07-16T19:23:46.027+0000] {processor.py:183} INFO - Processing /mnt/c/Users/Shivam Gupta/OneDrive/Documents/Shivam_Developement/data_engineering/data_engineering_project/batch-etl-pyspark/.venv/lib/python3.12/site-packages/airflow/example_dags/example_xcomargs.py took 0.200 seconds
[2025-07-16T19:25:08.571+0000] {processor.py:161} INFO - Started process (PID=13069) to work on /mnt/c/Users/Shivam Gupta/OneDrive/Documents/Shivam_Developement/data_engineering/data_engineering_project/batch-etl-pyspark/.venv/lib/python3.12/site-packages/airflow/example_dags/example_xcomargs.py
[2025-07-16T19:25:08.574+0000] {processor.py:830} INFO - Processing file /mnt/c/Users/Shivam Gupta/OneDrive/Documents/Shivam_Developement/data_engineering/data_engineering_project/batch-etl-pyspark/.venv/lib/python3.12/site-packages/airflow/example_dags/example_xcomargs.py for tasks to queue
[2025-07-16T19:25:08.578+0000] {logging_mixin.py:188} INFO - [2025-07-16T19:25:08.576+0000] {dagbag.py:545} INFO - Filling up the DagBag from /mnt/c/Users/Shivam Gupta/OneDrive/Documents/Shivam_Developement/data_engineering/data_engineering_project/batch-etl-pyspark/.venv/lib/python3.12/site-packages/airflow/example_dags/example_xcomargs.py
[2025-07-16T19:25:08.608+0000] {processor.py:840} INFO - DAG(s) 'example_xcom_args_with_operators', 'example_xcom_args' retrieved from /mnt/c/Users/Shivam Gupta/OneDrive/Documents/Shivam_Developement/data_engineering/data_engineering_project/batch-etl-pyspark/.venv/lib/python3.12/site-packages/airflow/example_dags/example_xcomargs.py
[2025-07-16T19:25:08.648+0000] {logging_mixin.py:188} INFO - [2025-07-16T19:25:08.646+0000] {dag.py:3096} INFO - Sync 2 DAGs
[2025-07-16T19:25:08.672+0000] {logging_mixin.py:188} INFO - [2025-07-16T19:25:08.669+0000] {dag.py:3954} INFO - Setting next_dagrun for example_xcom_args to None, run_after=None
[2025-07-16T19:25:08.682+0000] {logging_mixin.py:188} INFO - [2025-07-16T19:25:08.680+0000] {dag.py:3954} INFO - Setting next_dagrun for example_xcom_args_with_operators to None, run_after=None
[2025-07-16T19:25:08.788+0000] {processor.py:183} INFO - Processing /mnt/c/Users/Shivam Gupta/OneDrive/Documents/Shivam_Developement/data_engineering/data_engineering_project/batch-etl-pyspark/.venv/lib/python3.12/site-packages/airflow/example_dags/example_xcomargs.py took 0.233 seconds
[2025-07-16T19:26:29.262+0000] {processor.py:161} INFO - Started process (PID=13176) to work on /mnt/c/Users/Shivam Gupta/OneDrive/Documents/Shivam_Developement/data_engineering/data_engineering_project/batch-etl-pyspark/.venv/lib/python3.12/site-packages/airflow/example_dags/example_xcomargs.py
[2025-07-16T19:26:29.264+0000] {processor.py:830} INFO - Processing file /mnt/c/Users/Shivam Gupta/OneDrive/Documents/Shivam_Developement/data_engineering/data_engineering_project/batch-etl-pyspark/.venv/lib/python3.12/site-packages/airflow/example_dags/example_xcomargs.py for tasks to queue
[2025-07-16T19:26:29.267+0000] {logging_mixin.py:188} INFO - [2025-07-16T19:26:29.266+0000] {dagbag.py:545} INFO - Filling up the DagBag from /mnt/c/Users/Shivam Gupta/OneDrive/Documents/Shivam_Developement/data_engineering/data_engineering_project/batch-etl-pyspark/.venv/lib/python3.12/site-packages/airflow/example_dags/example_xcomargs.py
[2025-07-16T19:26:29.290+0000] {processor.py:840} INFO - DAG(s) 'example_xcom_args_with_operators', 'example_xcom_args' retrieved from /mnt/c/Users/Shivam Gupta/OneDrive/Documents/Shivam_Developement/data_engineering/data_engineering_project/batch-etl-pyspark/.venv/lib/python3.12/site-packages/airflow/example_dags/example_xcomargs.py
[2025-07-16T19:26:29.322+0000] {logging_mixin.py:188} INFO - [2025-07-16T19:26:29.321+0000] {dag.py:3096} INFO - Sync 2 DAGs
[2025-07-16T19:26:29.335+0000] {logging_mixin.py:188} INFO - [2025-07-16T19:26:29.335+0000] {dag.py:3954} INFO - Setting next_dagrun for example_xcom_args to None, run_after=None
[2025-07-16T19:26:29.341+0000] {logging_mixin.py:188} INFO - [2025-07-16T19:26:29.340+0000] {dag.py:3954} INFO - Setting next_dagrun for example_xcom_args_with_operators to None, run_after=None
[2025-07-16T19:26:29.470+0000] {processor.py:183} INFO - Processing /mnt/c/Users/Shivam Gupta/OneDrive/Documents/Shivam_Developement/data_engineering/data_engineering_project/batch-etl-pyspark/.venv/lib/python3.12/site-packages/airflow/example_dags/example_xcomargs.py took 0.218 seconds
[2025-07-16T19:27:45.184+0000] {processor.py:161} INFO - Started process (PID=13265) to work on /mnt/c/Users/Shivam Gupta/OneDrive/Documents/Shivam_Developement/data_engineering/data_engineering_project/batch-etl-pyspark/.venv/lib/python3.12/site-packages/airflow/example_dags/example_xcomargs.py
[2025-07-16T19:27:45.197+0000] {processor.py:830} INFO - Processing file /mnt/c/Users/Shivam Gupta/OneDrive/Documents/Shivam_Developement/data_engineering/data_engineering_project/batch-etl-pyspark/.venv/lib/python3.12/site-packages/airflow/example_dags/example_xcomargs.py for tasks to queue
[2025-07-16T19:27:45.200+0000] {logging_mixin.py:188} INFO - [2025-07-16T19:27:45.199+0000] {dagbag.py:545} INFO - Filling up the DagBag from /mnt/c/Users/Shivam Gupta/OneDrive/Documents/Shivam_Developement/data_engineering/data_engineering_project/batch-etl-pyspark/.venv/lib/python3.12/site-packages/airflow/example_dags/example_xcomargs.py
[2025-07-16T19:27:45.220+0000] {processor.py:840} INFO - DAG(s) 'example_xcom_args', 'example_xcom_args_with_operators' retrieved from /mnt/c/Users/Shivam Gupta/OneDrive/Documents/Shivam_Developement/data_engineering/data_engineering_project/batch-etl-pyspark/.venv/lib/python3.12/site-packages/airflow/example_dags/example_xcomargs.py
[2025-07-16T19:27:45.247+0000] {logging_mixin.py:188} INFO - [2025-07-16T19:27:45.246+0000] {dag.py:3096} INFO - Sync 2 DAGs
[2025-07-16T19:27:45.260+0000] {logging_mixin.py:188} INFO - [2025-07-16T19:27:45.259+0000] {dag.py:3954} INFO - Setting next_dagrun for example_xcom_args to None, run_after=None
[2025-07-16T19:27:45.265+0000] {logging_mixin.py:188} INFO - [2025-07-16T19:27:45.264+0000] {dag.py:3954} INFO - Setting next_dagrun for example_xcom_args_with_operators to None, run_after=None
[2025-07-16T19:27:45.311+0000] {processor.py:183} INFO - Processing /mnt/c/Users/Shivam Gupta/OneDrive/Documents/Shivam_Developement/data_engineering/data_engineering_project/batch-etl-pyspark/.venv/lib/python3.12/site-packages/airflow/example_dags/example_xcomargs.py took 0.138 seconds
[2025-07-16T19:28:59.458+0000] {processor.py:161} INFO - Started process (PID=13372) to work on /mnt/c/Users/Shivam Gupta/OneDrive/Documents/Shivam_Developement/data_engineering/data_engineering_project/batch-etl-pyspark/.venv/lib/python3.12/site-packages/airflow/example_dags/example_xcomargs.py
[2025-07-16T19:28:59.461+0000] {processor.py:830} INFO - Processing file /mnt/c/Users/Shivam Gupta/OneDrive/Documents/Shivam_Developement/data_engineering/data_engineering_project/batch-etl-pyspark/.venv/lib/python3.12/site-packages/airflow/example_dags/example_xcomargs.py for tasks to queue
[2025-07-16T19:28:59.464+0000] {logging_mixin.py:188} INFO - [2025-07-16T19:28:59.463+0000] {dagbag.py:545} INFO - Filling up the DagBag from /mnt/c/Users/Shivam Gupta/OneDrive/Documents/Shivam_Developement/data_engineering/data_engineering_project/batch-etl-pyspark/.venv/lib/python3.12/site-packages/airflow/example_dags/example_xcomargs.py
[2025-07-16T19:28:59.497+0000] {processor.py:840} INFO - DAG(s) 'example_xcom_args', 'example_xcom_args_with_operators' retrieved from /mnt/c/Users/Shivam Gupta/OneDrive/Documents/Shivam_Developement/data_engineering/data_engineering_project/batch-etl-pyspark/.venv/lib/python3.12/site-packages/airflow/example_dags/example_xcomargs.py
[2025-07-16T19:28:59.537+0000] {logging_mixin.py:188} INFO - [2025-07-16T19:28:59.536+0000] {dag.py:3096} INFO - Sync 2 DAGs
[2025-07-16T19:28:59.552+0000] {logging_mixin.py:188} INFO - [2025-07-16T19:28:59.551+0000] {dag.py:3954} INFO - Setting next_dagrun for example_xcom_args to None, run_after=None
[2025-07-16T19:28:59.560+0000] {logging_mixin.py:188} INFO - [2025-07-16T19:28:59.558+0000] {dag.py:3954} INFO - Setting next_dagrun for example_xcom_args_with_operators to None, run_after=None
[2025-07-16T19:28:59.643+0000] {processor.py:183} INFO - Processing /mnt/c/Users/Shivam Gupta/OneDrive/Documents/Shivam_Developement/data_engineering/data_engineering_project/batch-etl-pyspark/.venv/lib/python3.12/site-packages/airflow/example_dags/example_xcomargs.py took 0.197 seconds
[2025-07-16T19:30:14.324+0000] {processor.py:161} INFO - Started process (PID=13476) to work on /mnt/c/Users/Shivam Gupta/OneDrive/Documents/Shivam_Developement/data_engineering/data_engineering_project/batch-etl-pyspark/.venv/lib/python3.12/site-packages/airflow/example_dags/example_xcomargs.py
[2025-07-16T19:30:14.326+0000] {processor.py:830} INFO - Processing file /mnt/c/Users/Shivam Gupta/OneDrive/Documents/Shivam_Developement/data_engineering/data_engineering_project/batch-etl-pyspark/.venv/lib/python3.12/site-packages/airflow/example_dags/example_xcomargs.py for tasks to queue
[2025-07-16T19:30:14.328+0000] {logging_mixin.py:188} INFO - [2025-07-16T19:30:14.327+0000] {dagbag.py:545} INFO - Filling up the DagBag from /mnt/c/Users/Shivam Gupta/OneDrive/Documents/Shivam_Developement/data_engineering/data_engineering_project/batch-etl-pyspark/.venv/lib/python3.12/site-packages/airflow/example_dags/example_xcomargs.py
[2025-07-16T19:30:14.343+0000] {processor.py:840} INFO - DAG(s) 'example_xcom_args', 'example_xcom_args_with_operators' retrieved from /mnt/c/Users/Shivam Gupta/OneDrive/Documents/Shivam_Developement/data_engineering/data_engineering_project/batch-etl-pyspark/.venv/lib/python3.12/site-packages/airflow/example_dags/example_xcomargs.py
[2025-07-16T19:30:14.364+0000] {logging_mixin.py:188} INFO - [2025-07-16T19:30:14.364+0000] {dag.py:3096} INFO - Sync 2 DAGs
[2025-07-16T19:30:14.375+0000] {logging_mixin.py:188} INFO - [2025-07-16T19:30:14.374+0000] {dag.py:3954} INFO - Setting next_dagrun for example_xcom_args to None, run_after=None
[2025-07-16T19:30:14.379+0000] {logging_mixin.py:188} INFO - [2025-07-16T19:30:14.378+0000] {dag.py:3954} INFO - Setting next_dagrun for example_xcom_args_with_operators to None, run_after=None
[2025-07-16T19:30:14.416+0000] {processor.py:183} INFO - Processing /mnt/c/Users/Shivam Gupta/OneDrive/Documents/Shivam_Developement/data_engineering/data_engineering_project/batch-etl-pyspark/.venv/lib/python3.12/site-packages/airflow/example_dags/example_xcomargs.py took 0.099 seconds
[2025-07-16T19:31:31.337+0000] {processor.py:161} INFO - Started process (PID=13619) to work on /mnt/c/Users/Shivam Gupta/OneDrive/Documents/Shivam_Developement/data_engineering/data_engineering_project/batch-etl-pyspark/.venv/lib/python3.12/site-packages/airflow/example_dags/example_xcomargs.py
[2025-07-16T19:31:31.340+0000] {processor.py:830} INFO - Processing file /mnt/c/Users/Shivam Gupta/OneDrive/Documents/Shivam_Developement/data_engineering/data_engineering_project/batch-etl-pyspark/.venv/lib/python3.12/site-packages/airflow/example_dags/example_xcomargs.py for tasks to queue
[2025-07-16T19:31:31.343+0000] {logging_mixin.py:188} INFO - [2025-07-16T19:31:31.342+0000] {dagbag.py:545} INFO - Filling up the DagBag from /mnt/c/Users/Shivam Gupta/OneDrive/Documents/Shivam_Developement/data_engineering/data_engineering_project/batch-etl-pyspark/.venv/lib/python3.12/site-packages/airflow/example_dags/example_xcomargs.py
[2025-07-16T19:31:31.366+0000] {processor.py:840} INFO - DAG(s) 'example_xcom_args', 'example_xcom_args_with_operators' retrieved from /mnt/c/Users/Shivam Gupta/OneDrive/Documents/Shivam_Developement/data_engineering/data_engineering_project/batch-etl-pyspark/.venv/lib/python3.12/site-packages/airflow/example_dags/example_xcomargs.py
[2025-07-16T19:31:31.398+0000] {logging_mixin.py:188} INFO - [2025-07-16T19:31:31.397+0000] {dag.py:3096} INFO - Sync 2 DAGs
[2025-07-16T19:31:31.411+0000] {logging_mixin.py:188} INFO - [2025-07-16T19:31:31.410+0000] {dag.py:3954} INFO - Setting next_dagrun for example_xcom_args to None, run_after=None
[2025-07-16T19:31:31.419+0000] {logging_mixin.py:188} INFO - [2025-07-16T19:31:31.417+0000] {dag.py:3954} INFO - Setting next_dagrun for example_xcom_args_with_operators to None, run_after=None
[2025-07-16T19:31:31.514+0000] {processor.py:183} INFO - Processing /mnt/c/Users/Shivam Gupta/OneDrive/Documents/Shivam_Developement/data_engineering/data_engineering_project/batch-etl-pyspark/.venv/lib/python3.12/site-packages/airflow/example_dags/example_xcomargs.py took 0.192 seconds
[2025-07-16T19:32:35.735+0000] {processor.py:161} INFO - Started process (PID=13741) to work on /mnt/c/Users/Shivam Gupta/OneDrive/Documents/Shivam_Developement/data_engineering/data_engineering_project/batch-etl-pyspark/.venv/lib/python3.12/site-packages/airflow/example_dags/example_xcomargs.py
[2025-07-16T19:32:35.737+0000] {processor.py:830} INFO - Processing file /mnt/c/Users/Shivam Gupta/OneDrive/Documents/Shivam_Developement/data_engineering/data_engineering_project/batch-etl-pyspark/.venv/lib/python3.12/site-packages/airflow/example_dags/example_xcomargs.py for tasks to queue
[2025-07-16T19:32:35.741+0000] {logging_mixin.py:188} INFO - [2025-07-16T19:32:35.739+0000] {dagbag.py:545} INFO - Filling up the DagBag from /mnt/c/Users/Shivam Gupta/OneDrive/Documents/Shivam_Developement/data_engineering/data_engineering_project/batch-etl-pyspark/.venv/lib/python3.12/site-packages/airflow/example_dags/example_xcomargs.py
[2025-07-16T19:32:35.769+0000] {processor.py:840} INFO - DAG(s) 'example_xcom_args', 'example_xcom_args_with_operators' retrieved from /mnt/c/Users/Shivam Gupta/OneDrive/Documents/Shivam_Developement/data_engineering/data_engineering_project/batch-etl-pyspark/.venv/lib/python3.12/site-packages/airflow/example_dags/example_xcomargs.py
[2025-07-16T19:32:35.806+0000] {logging_mixin.py:188} INFO - [2025-07-16T19:32:35.805+0000] {dag.py:3096} INFO - Sync 2 DAGs
[2025-07-16T19:32:35.823+0000] {logging_mixin.py:188} INFO - [2025-07-16T19:32:35.822+0000] {dag.py:3954} INFO - Setting next_dagrun for example_xcom_args to None, run_after=None
[2025-07-16T19:32:35.831+0000] {logging_mixin.py:188} INFO - [2025-07-16T19:32:35.830+0000] {dag.py:3954} INFO - Setting next_dagrun for example_xcom_args_with_operators to None, run_after=None
[2025-07-16T19:32:35.901+0000] {processor.py:183} INFO - Processing /mnt/c/Users/Shivam Gupta/OneDrive/Documents/Shivam_Developement/data_engineering/data_engineering_project/batch-etl-pyspark/.venv/lib/python3.12/site-packages/airflow/example_dags/example_xcomargs.py took 0.178 seconds
[2025-07-16T19:33:51.420+0000] {processor.py:161} INFO - Started process (PID=13903) to work on /mnt/c/Users/Shivam Gupta/OneDrive/Documents/Shivam_Developement/data_engineering/data_engineering_project/batch-etl-pyspark/.venv/lib/python3.12/site-packages/airflow/example_dags/example_xcomargs.py
[2025-07-16T19:33:51.423+0000] {processor.py:830} INFO - Processing file /mnt/c/Users/Shivam Gupta/OneDrive/Documents/Shivam_Developement/data_engineering/data_engineering_project/batch-etl-pyspark/.venv/lib/python3.12/site-packages/airflow/example_dags/example_xcomargs.py for tasks to queue
[2025-07-16T19:33:51.429+0000] {logging_mixin.py:188} INFO - [2025-07-16T19:33:51.427+0000] {dagbag.py:545} INFO - Filling up the DagBag from /mnt/c/Users/Shivam Gupta/OneDrive/Documents/Shivam_Developement/data_engineering/data_engineering_project/batch-etl-pyspark/.venv/lib/python3.12/site-packages/airflow/example_dags/example_xcomargs.py
[2025-07-16T19:33:51.471+0000] {processor.py:840} INFO - DAG(s) 'example_xcom_args', 'example_xcom_args_with_operators' retrieved from /mnt/c/Users/Shivam Gupta/OneDrive/Documents/Shivam_Developement/data_engineering/data_engineering_project/batch-etl-pyspark/.venv/lib/python3.12/site-packages/airflow/example_dags/example_xcomargs.py
[2025-07-16T19:33:51.528+0000] {logging_mixin.py:188} INFO - [2025-07-16T19:33:51.526+0000] {dag.py:3096} INFO - Sync 2 DAGs
[2025-07-16T19:33:51.546+0000] {logging_mixin.py:188} INFO - [2025-07-16T19:33:51.545+0000] {dag.py:3954} INFO - Setting next_dagrun for example_xcom_args to None, run_after=None
[2025-07-16T19:33:51.554+0000] {logging_mixin.py:188} INFO - [2025-07-16T19:33:51.553+0000] {dag.py:3954} INFO - Setting next_dagrun for example_xcom_args_with_operators to None, run_after=None
[2025-07-16T19:33:51.655+0000] {processor.py:183} INFO - Processing /mnt/c/Users/Shivam Gupta/OneDrive/Documents/Shivam_Developement/data_engineering/data_engineering_project/batch-etl-pyspark/.venv/lib/python3.12/site-packages/airflow/example_dags/example_xcomargs.py took 0.254 seconds
[2025-07-16T19:35:02.633+0000] {processor.py:161} INFO - Started process (PID=13990) to work on /mnt/c/Users/Shivam Gupta/OneDrive/Documents/Shivam_Developement/data_engineering/data_engineering_project/batch-etl-pyspark/.venv/lib/python3.12/site-packages/airflow/example_dags/example_xcomargs.py
[2025-07-16T19:35:02.635+0000] {processor.py:830} INFO - Processing file /mnt/c/Users/Shivam Gupta/OneDrive/Documents/Shivam_Developement/data_engineering/data_engineering_project/batch-etl-pyspark/.venv/lib/python3.12/site-packages/airflow/example_dags/example_xcomargs.py for tasks to queue
[2025-07-16T19:35:02.637+0000] {logging_mixin.py:188} INFO - [2025-07-16T19:35:02.637+0000] {dagbag.py:545} INFO - Filling up the DagBag from /mnt/c/Users/Shivam Gupta/OneDrive/Documents/Shivam_Developement/data_engineering/data_engineering_project/batch-etl-pyspark/.venv/lib/python3.12/site-packages/airflow/example_dags/example_xcomargs.py
[2025-07-16T19:35:02.654+0000] {processor.py:840} INFO - DAG(s) 'example_xcom_args', 'example_xcom_args_with_operators' retrieved from /mnt/c/Users/Shivam Gupta/OneDrive/Documents/Shivam_Developement/data_engineering/data_engineering_project/batch-etl-pyspark/.venv/lib/python3.12/site-packages/airflow/example_dags/example_xcomargs.py
[2025-07-16T19:35:02.679+0000] {logging_mixin.py:188} INFO - [2025-07-16T19:35:02.679+0000] {dag.py:3096} INFO - Sync 2 DAGs
[2025-07-16T19:35:02.691+0000] {logging_mixin.py:188} INFO - [2025-07-16T19:35:02.691+0000] {dag.py:3954} INFO - Setting next_dagrun for example_xcom_args to None, run_after=None
[2025-07-16T19:35:02.696+0000] {logging_mixin.py:188} INFO - [2025-07-16T19:35:02.695+0000] {dag.py:3954} INFO - Setting next_dagrun for example_xcom_args_with_operators to None, run_after=None
[2025-07-16T19:35:02.744+0000] {processor.py:183} INFO - Processing /mnt/c/Users/Shivam Gupta/OneDrive/Documents/Shivam_Developement/data_engineering/data_engineering_project/batch-etl-pyspark/.venv/lib/python3.12/site-packages/airflow/example_dags/example_xcomargs.py took 0.121 seconds
[2025-07-16T19:36:17.188+0000] {processor.py:161} INFO - Started process (PID=14155) to work on /mnt/c/Users/Shivam Gupta/OneDrive/Documents/Shivam_Developement/data_engineering/data_engineering_project/batch-etl-pyspark/.venv/lib/python3.12/site-packages/airflow/example_dags/example_xcomargs.py
[2025-07-16T19:36:17.189+0000] {processor.py:830} INFO - Processing file /mnt/c/Users/Shivam Gupta/OneDrive/Documents/Shivam_Developement/data_engineering/data_engineering_project/batch-etl-pyspark/.venv/lib/python3.12/site-packages/airflow/example_dags/example_xcomargs.py for tasks to queue
[2025-07-16T19:36:17.191+0000] {logging_mixin.py:188} INFO - [2025-07-16T19:36:17.191+0000] {dagbag.py:545} INFO - Filling up the DagBag from /mnt/c/Users/Shivam Gupta/OneDrive/Documents/Shivam_Developement/data_engineering/data_engineering_project/batch-etl-pyspark/.venv/lib/python3.12/site-packages/airflow/example_dags/example_xcomargs.py
[2025-07-16T19:36:17.209+0000] {processor.py:840} INFO - DAG(s) 'example_xcom_args_with_operators', 'example_xcom_args' retrieved from /mnt/c/Users/Shivam Gupta/OneDrive/Documents/Shivam_Developement/data_engineering/data_engineering_project/batch-etl-pyspark/.venv/lib/python3.12/site-packages/airflow/example_dags/example_xcomargs.py
[2025-07-16T19:36:17.235+0000] {logging_mixin.py:188} INFO - [2025-07-16T19:36:17.234+0000] {dag.py:3096} INFO - Sync 2 DAGs
[2025-07-16T19:36:17.248+0000] {logging_mixin.py:188} INFO - [2025-07-16T19:36:17.247+0000] {dag.py:3954} INFO - Setting next_dagrun for example_xcom_args to None, run_after=None
[2025-07-16T19:36:17.253+0000] {logging_mixin.py:188} INFO - [2025-07-16T19:36:17.252+0000] {dag.py:3954} INFO - Setting next_dagrun for example_xcom_args_with_operators to None, run_after=None
[2025-07-16T19:36:17.341+0000] {processor.py:183} INFO - Processing /mnt/c/Users/Shivam Gupta/OneDrive/Documents/Shivam_Developement/data_engineering/data_engineering_project/batch-etl-pyspark/.venv/lib/python3.12/site-packages/airflow/example_dags/example_xcomargs.py took 0.162 seconds
[2025-07-16T19:48:51.975+0000] {processor.py:161} INFO - Started process (PID=15065) to work on /mnt/c/Users/Shivam Gupta/OneDrive/Documents/Shivam_Developement/data_engineering/data_engineering_project/batch-etl-pyspark/.venv/lib/python3.12/site-packages/airflow/example_dags/example_xcomargs.py
[2025-07-16T19:48:51.981+0000] {processor.py:830} INFO - Processing file /mnt/c/Users/Shivam Gupta/OneDrive/Documents/Shivam_Developement/data_engineering/data_engineering_project/batch-etl-pyspark/.venv/lib/python3.12/site-packages/airflow/example_dags/example_xcomargs.py for tasks to queue
[2025-07-16T19:48:51.989+0000] {logging_mixin.py:188} INFO - [2025-07-16T19:48:51.986+0000] {dagbag.py:545} INFO - Filling up the DagBag from /mnt/c/Users/Shivam Gupta/OneDrive/Documents/Shivam_Developement/data_engineering/data_engineering_project/batch-etl-pyspark/.venv/lib/python3.12/site-packages/airflow/example_dags/example_xcomargs.py
[2025-07-16T19:48:52.166+0000] {processor.py:840} INFO - DAG(s) 'example_xcom_args_with_operators', 'example_xcom_args' retrieved from /mnt/c/Users/Shivam Gupta/OneDrive/Documents/Shivam_Developement/data_engineering/data_engineering_project/batch-etl-pyspark/.venv/lib/python3.12/site-packages/airflow/example_dags/example_xcomargs.py
[2025-07-16T19:48:52.450+0000] {logging_mixin.py:188} INFO - [2025-07-16T19:48:52.448+0000] {dag.py:3096} INFO - Sync 2 DAGs
[2025-07-16T19:48:52.468+0000] {logging_mixin.py:188} INFO - [2025-07-16T19:48:52.467+0000] {dag.py:3954} INFO - Setting next_dagrun for example_xcom_args to None, run_after=None
[2025-07-16T19:48:52.477+0000] {logging_mixin.py:188} INFO - [2025-07-16T19:48:52.476+0000] {dag.py:3954} INFO - Setting next_dagrun for example_xcom_args_with_operators to None, run_after=None
[2025-07-16T19:48:52.593+0000] {processor.py:183} INFO - Processing /mnt/c/Users/Shivam Gupta/OneDrive/Documents/Shivam_Developement/data_engineering/data_engineering_project/batch-etl-pyspark/.venv/lib/python3.12/site-packages/airflow/example_dags/example_xcomargs.py took 0.639 seconds
[2025-07-16T19:50:10.092+0000] {processor.py:161} INFO - Started process (PID=15172) to work on /mnt/c/Users/Shivam Gupta/OneDrive/Documents/Shivam_Developement/data_engineering/data_engineering_project/batch-etl-pyspark/.venv/lib/python3.12/site-packages/airflow/example_dags/example_xcomargs.py
[2025-07-16T19:50:10.093+0000] {processor.py:830} INFO - Processing file /mnt/c/Users/Shivam Gupta/OneDrive/Documents/Shivam_Developement/data_engineering/data_engineering_project/batch-etl-pyspark/.venv/lib/python3.12/site-packages/airflow/example_dags/example_xcomargs.py for tasks to queue
[2025-07-16T19:50:10.096+0000] {logging_mixin.py:188} INFO - [2025-07-16T19:50:10.095+0000] {dagbag.py:545} INFO - Filling up the DagBag from /mnt/c/Users/Shivam Gupta/OneDrive/Documents/Shivam_Developement/data_engineering/data_engineering_project/batch-etl-pyspark/.venv/lib/python3.12/site-packages/airflow/example_dags/example_xcomargs.py
[2025-07-16T19:50:10.129+0000] {processor.py:840} INFO - DAG(s) 'example_xcom_args_with_operators', 'example_xcom_args' retrieved from /mnt/c/Users/Shivam Gupta/OneDrive/Documents/Shivam_Developement/data_engineering/data_engineering_project/batch-etl-pyspark/.venv/lib/python3.12/site-packages/airflow/example_dags/example_xcomargs.py
[2025-07-16T19:50:10.158+0000] {logging_mixin.py:188} INFO - [2025-07-16T19:50:10.157+0000] {dag.py:3096} INFO - Sync 2 DAGs
[2025-07-16T19:50:10.170+0000] {logging_mixin.py:188} INFO - [2025-07-16T19:50:10.169+0000] {dag.py:3954} INFO - Setting next_dagrun for example_xcom_args to None, run_after=None
[2025-07-16T19:50:10.175+0000] {logging_mixin.py:188} INFO - [2025-07-16T19:50:10.175+0000] {dag.py:3954} INFO - Setting next_dagrun for example_xcom_args_with_operators to None, run_after=None
[2025-07-16T19:50:10.295+0000] {processor.py:183} INFO - Processing /mnt/c/Users/Shivam Gupta/OneDrive/Documents/Shivam_Developement/data_engineering/data_engineering_project/batch-etl-pyspark/.venv/lib/python3.12/site-packages/airflow/example_dags/example_xcomargs.py took 0.214 seconds
[2025-07-16T19:51:36.518+0000] {processor.py:161} INFO - Started process (PID=15262) to work on /mnt/c/Users/Shivam Gupta/OneDrive/Documents/Shivam_Developement/data_engineering/data_engineering_project/batch-etl-pyspark/.venv/lib/python3.12/site-packages/airflow/example_dags/example_xcomargs.py
[2025-07-16T19:51:36.519+0000] {processor.py:830} INFO - Processing file /mnt/c/Users/Shivam Gupta/OneDrive/Documents/Shivam_Developement/data_engineering/data_engineering_project/batch-etl-pyspark/.venv/lib/python3.12/site-packages/airflow/example_dags/example_xcomargs.py for tasks to queue
[2025-07-16T19:51:36.522+0000] {logging_mixin.py:188} INFO - [2025-07-16T19:51:36.521+0000] {dagbag.py:545} INFO - Filling up the DagBag from /mnt/c/Users/Shivam Gupta/OneDrive/Documents/Shivam_Developement/data_engineering/data_engineering_project/batch-etl-pyspark/.venv/lib/python3.12/site-packages/airflow/example_dags/example_xcomargs.py
[2025-07-16T19:51:36.540+0000] {processor.py:840} INFO - DAG(s) 'example_xcom_args', 'example_xcom_args_with_operators' retrieved from /mnt/c/Users/Shivam Gupta/OneDrive/Documents/Shivam_Developement/data_engineering/data_engineering_project/batch-etl-pyspark/.venv/lib/python3.12/site-packages/airflow/example_dags/example_xcomargs.py
[2025-07-16T19:51:36.568+0000] {logging_mixin.py:188} INFO - [2025-07-16T19:51:36.567+0000] {dag.py:3096} INFO - Sync 2 DAGs
[2025-07-16T19:51:36.579+0000] {logging_mixin.py:188} INFO - [2025-07-16T19:51:36.578+0000] {dag.py:3954} INFO - Setting next_dagrun for example_xcom_args to None, run_after=None
[2025-07-16T19:51:36.583+0000] {logging_mixin.py:188} INFO - [2025-07-16T19:51:36.583+0000] {dag.py:3954} INFO - Setting next_dagrun for example_xcom_args_with_operators to None, run_after=None
[2025-07-16T19:51:36.636+0000] {processor.py:183} INFO - Processing /mnt/c/Users/Shivam Gupta/OneDrive/Documents/Shivam_Developement/data_engineering/data_engineering_project/batch-etl-pyspark/.venv/lib/python3.12/site-packages/airflow/example_dags/example_xcomargs.py took 0.128 seconds
[2025-07-16T19:53:06.257+0000] {processor.py:161} INFO - Started process (PID=15400) to work on /mnt/c/Users/Shivam Gupta/OneDrive/Documents/Shivam_Developement/data_engineering/data_engineering_project/batch-etl-pyspark/.venv/lib/python3.12/site-packages/airflow/example_dags/example_xcomargs.py
[2025-07-16T19:53:06.261+0000] {processor.py:830} INFO - Processing file /mnt/c/Users/Shivam Gupta/OneDrive/Documents/Shivam_Developement/data_engineering/data_engineering_project/batch-etl-pyspark/.venv/lib/python3.12/site-packages/airflow/example_dags/example_xcomargs.py for tasks to queue
[2025-07-16T19:53:06.265+0000] {logging_mixin.py:188} INFO - [2025-07-16T19:53:06.264+0000] {dagbag.py:545} INFO - Filling up the DagBag from /mnt/c/Users/Shivam Gupta/OneDrive/Documents/Shivam_Developement/data_engineering/data_engineering_project/batch-etl-pyspark/.venv/lib/python3.12/site-packages/airflow/example_dags/example_xcomargs.py
[2025-07-16T19:53:06.305+0000] {processor.py:840} INFO - DAG(s) 'example_xcom_args_with_operators', 'example_xcom_args' retrieved from /mnt/c/Users/Shivam Gupta/OneDrive/Documents/Shivam_Developement/data_engineering/data_engineering_project/batch-etl-pyspark/.venv/lib/python3.12/site-packages/airflow/example_dags/example_xcomargs.py
[2025-07-16T19:53:06.354+0000] {logging_mixin.py:188} INFO - [2025-07-16T19:53:06.353+0000] {dag.py:3096} INFO - Sync 2 DAGs
[2025-07-16T19:53:06.376+0000] {logging_mixin.py:188} INFO - [2025-07-16T19:53:06.375+0000] {dag.py:3954} INFO - Setting next_dagrun for example_xcom_args to None, run_after=None
[2025-07-16T19:53:06.387+0000] {logging_mixin.py:188} INFO - [2025-07-16T19:53:06.385+0000] {dag.py:3954} INFO - Setting next_dagrun for example_xcom_args_with_operators to None, run_after=None
[2025-07-16T19:53:06.485+0000] {processor.py:183} INFO - Processing /mnt/c/Users/Shivam Gupta/OneDrive/Documents/Shivam_Developement/data_engineering/data_engineering_project/batch-etl-pyspark/.venv/lib/python3.12/site-packages/airflow/example_dags/example_xcomargs.py took 0.249 seconds
