[2025-07-16T17:47:35.137+0000] {processor.py:161} INFO - Started process (PID=5780) to work on /mnt/c/Users/Shivam Gupta/OneDrive/Documents/Shivam_Developement/data_engineering/data_engineering_project/batch-etl-pyspark/.venv/lib/python3.12/site-packages/airflow/example_dags/example_external_task_marker_dag.py
[2025-07-16T17:47:35.139+0000] {processor.py:830} INFO - Processing file /mnt/c/Users/Shivam Gupta/OneDrive/Documents/Shivam_Developement/data_engineering/data_engineering_project/batch-etl-pyspark/.venv/lib/python3.12/site-packages/airflow/example_dags/example_external_task_marker_dag.py for tasks to queue
[2025-07-16T17:47:35.141+0000] {logging_mixin.py:188} INFO - [2025-07-16T17:47:35.140+0000] {dagbag.py:545} INFO - Filling up the DagBag from /mnt/c/Users/Shivam Gupta/OneDrive/Documents/Shivam_Developement/data_engineering/data_engineering_project/batch-etl-pyspark/.venv/lib/python3.12/site-packages/airflow/example_dags/example_external_task_marker_dag.py
[2025-07-16T17:47:35.159+0000] {processor.py:840} INFO - DAG(s) 'example_external_task_marker_child', 'example_external_task_marker_parent' retrieved from /mnt/c/Users/Shivam Gupta/OneDrive/Documents/Shivam_Developement/data_engineering/data_engineering_project/batch-etl-pyspark/.venv/lib/python3.12/site-packages/airflow/example_dags/example_external_task_marker_dag.py
[2025-07-16T17:47:36.061+0000] {logging_mixin.py:188} INFO - [2025-07-16T17:47:36.060+0000] {override.py:1930} INFO - Created Permission View: can read on DAG:example_external_task_marker_child
[2025-07-16T17:47:36.100+0000] {logging_mixin.py:188} INFO - [2025-07-16T17:47:36.098+0000] {override.py:1930} INFO - Created Permission View: can edit on DAG:example_external_task_marker_child
[2025-07-16T17:47:36.130+0000] {logging_mixin.py:188} INFO - [2025-07-16T17:47:36.129+0000] {override.py:1930} INFO - Created Permission View: can delete on DAG:example_external_task_marker_child
[2025-07-16T17:47:36.187+0000] {logging_mixin.py:188} INFO - [2025-07-16T17:47:36.186+0000] {override.py:1930} INFO - Created Permission View: can read on DAG:example_external_task_marker_parent
[2025-07-16T17:47:36.217+0000] {logging_mixin.py:188} INFO - [2025-07-16T17:47:36.214+0000] {override.py:1930} INFO - Created Permission View: can edit on DAG:example_external_task_marker_parent
[2025-07-16T17:47:36.246+0000] {logging_mixin.py:188} INFO - [2025-07-16T17:47:36.244+0000] {override.py:1930} INFO - Created Permission View: can delete on DAG:example_external_task_marker_parent
[2025-07-16T17:47:36.247+0000] {logging_mixin.py:188} INFO - [2025-07-16T17:47:36.247+0000] {dag.py:3096} INFO - Sync 2 DAGs
[2025-07-16T17:47:36.263+0000] {logging_mixin.py:188} INFO - [2025-07-16T17:47:36.262+0000] {dag.py:3118} INFO - Creating ORM DAG for example_external_task_marker_child
[2025-07-16T17:47:36.265+0000] {logging_mixin.py:188} INFO - [2025-07-16T17:47:36.264+0000] {dag.py:3118} INFO - Creating ORM DAG for example_external_task_marker_parent
[2025-07-16T17:47:36.267+0000] {logging_mixin.py:188} INFO - [2025-07-16T17:47:36.266+0000] {dag.py:3954} INFO - Setting next_dagrun for example_external_task_marker_child to None, run_after=None
[2025-07-16T17:47:36.269+0000] {logging_mixin.py:188} INFO - [2025-07-16T17:47:36.268+0000] {dag.py:3954} INFO - Setting next_dagrun for example_external_task_marker_parent to None, run_after=None
[2025-07-16T17:47:36.361+0000] {processor.py:183} INFO - Processing /mnt/c/Users/Shivam Gupta/OneDrive/Documents/Shivam_Developement/data_engineering/data_engineering_project/batch-etl-pyspark/.venv/lib/python3.12/site-packages/airflow/example_dags/example_external_task_marker_dag.py took 1.233 seconds
[2025-07-16T17:49:10.169+0000] {processor.py:161} INFO - Started process (PID=5850) to work on /mnt/c/Users/Shivam Gupta/OneDrive/Documents/Shivam_Developement/data_engineering/data_engineering_project/batch-etl-pyspark/.venv/lib/python3.12/site-packages/airflow/example_dags/example_external_task_marker_dag.py
[2025-07-16T17:49:10.171+0000] {processor.py:830} INFO - Processing file /mnt/c/Users/Shivam Gupta/OneDrive/Documents/Shivam_Developement/data_engineering/data_engineering_project/batch-etl-pyspark/.venv/lib/python3.12/site-packages/airflow/example_dags/example_external_task_marker_dag.py for tasks to queue
[2025-07-16T17:49:10.176+0000] {logging_mixin.py:188} INFO - [2025-07-16T17:49:10.174+0000] {dagbag.py:545} INFO - Filling up the DagBag from /mnt/c/Users/Shivam Gupta/OneDrive/Documents/Shivam_Developement/data_engineering/data_engineering_project/batch-etl-pyspark/.venv/lib/python3.12/site-packages/airflow/example_dags/example_external_task_marker_dag.py
[2025-07-16T17:49:10.209+0000] {processor.py:840} INFO - DAG(s) 'example_external_task_marker_child', 'example_external_task_marker_parent' retrieved from /mnt/c/Users/Shivam Gupta/OneDrive/Documents/Shivam_Developement/data_engineering/data_engineering_project/batch-etl-pyspark/.venv/lib/python3.12/site-packages/airflow/example_dags/example_external_task_marker_dag.py
[2025-07-16T17:49:10.244+0000] {logging_mixin.py:188} INFO - [2025-07-16T17:49:10.243+0000] {dag.py:3096} INFO - Sync 2 DAGs
[2025-07-16T17:49:10.259+0000] {logging_mixin.py:188} INFO - [2025-07-16T17:49:10.258+0000] {dag.py:3954} INFO - Setting next_dagrun for example_external_task_marker_child to None, run_after=None
[2025-07-16T17:49:10.264+0000] {logging_mixin.py:188} INFO - [2025-07-16T17:49:10.263+0000] {dag.py:3954} INFO - Setting next_dagrun for example_external_task_marker_parent to None, run_after=None
[2025-07-16T17:49:10.333+0000] {processor.py:183} INFO - Processing /mnt/c/Users/Shivam Gupta/OneDrive/Documents/Shivam_Developement/data_engineering/data_engineering_project/batch-etl-pyspark/.venv/lib/python3.12/site-packages/airflow/example_dags/example_external_task_marker_dag.py took 0.176 seconds
[2025-07-16T17:50:43.362+0000] {processor.py:161} INFO - Started process (PID=5943) to work on /mnt/c/Users/Shivam Gupta/OneDrive/Documents/Shivam_Developement/data_engineering/data_engineering_project/batch-etl-pyspark/.venv/lib/python3.12/site-packages/airflow/example_dags/example_external_task_marker_dag.py
[2025-07-16T17:50:43.363+0000] {processor.py:830} INFO - Processing file /mnt/c/Users/Shivam Gupta/OneDrive/Documents/Shivam_Developement/data_engineering/data_engineering_project/batch-etl-pyspark/.venv/lib/python3.12/site-packages/airflow/example_dags/example_external_task_marker_dag.py for tasks to queue
[2025-07-16T17:50:43.365+0000] {logging_mixin.py:188} INFO - [2025-07-16T17:50:43.364+0000] {dagbag.py:545} INFO - Filling up the DagBag from /mnt/c/Users/Shivam Gupta/OneDrive/Documents/Shivam_Developement/data_engineering/data_engineering_project/batch-etl-pyspark/.venv/lib/python3.12/site-packages/airflow/example_dags/example_external_task_marker_dag.py
[2025-07-16T17:50:43.378+0000] {processor.py:840} INFO - DAG(s) 'example_external_task_marker_child', 'example_external_task_marker_parent' retrieved from /mnt/c/Users/Shivam Gupta/OneDrive/Documents/Shivam_Developement/data_engineering/data_engineering_project/batch-etl-pyspark/.venv/lib/python3.12/site-packages/airflow/example_dags/example_external_task_marker_dag.py
[2025-07-16T17:50:43.399+0000] {logging_mixin.py:188} INFO - [2025-07-16T17:50:43.398+0000] {dag.py:3096} INFO - Sync 2 DAGs
[2025-07-16T17:50:43.408+0000] {logging_mixin.py:188} INFO - [2025-07-16T17:50:43.407+0000] {dag.py:3954} INFO - Setting next_dagrun for example_external_task_marker_child to None, run_after=None
[2025-07-16T17:50:43.411+0000] {logging_mixin.py:188} INFO - [2025-07-16T17:50:43.411+0000] {dag.py:3954} INFO - Setting next_dagrun for example_external_task_marker_parent to None, run_after=None
[2025-07-16T17:50:43.449+0000] {processor.py:183} INFO - Processing /mnt/c/Users/Shivam Gupta/OneDrive/Documents/Shivam_Developement/data_engineering/data_engineering_project/batch-etl-pyspark/.venv/lib/python3.12/site-packages/airflow/example_dags/example_external_task_marker_dag.py took 0.094 seconds
[2025-07-16T17:52:01.310+0000] {processor.py:161} INFO - Started process (PID=6032) to work on /mnt/c/Users/Shivam Gupta/OneDrive/Documents/Shivam_Developement/data_engineering/data_engineering_project/batch-etl-pyspark/.venv/lib/python3.12/site-packages/airflow/example_dags/example_external_task_marker_dag.py
[2025-07-16T17:52:01.312+0000] {processor.py:830} INFO - Processing file /mnt/c/Users/Shivam Gupta/OneDrive/Documents/Shivam_Developement/data_engineering/data_engineering_project/batch-etl-pyspark/.venv/lib/python3.12/site-packages/airflow/example_dags/example_external_task_marker_dag.py for tasks to queue
[2025-07-16T17:52:01.314+0000] {logging_mixin.py:188} INFO - [2025-07-16T17:52:01.313+0000] {dagbag.py:545} INFO - Filling up the DagBag from /mnt/c/Users/Shivam Gupta/OneDrive/Documents/Shivam_Developement/data_engineering/data_engineering_project/batch-etl-pyspark/.venv/lib/python3.12/site-packages/airflow/example_dags/example_external_task_marker_dag.py
[2025-07-16T17:52:01.332+0000] {processor.py:840} INFO - DAG(s) 'example_external_task_marker_parent', 'example_external_task_marker_child' retrieved from /mnt/c/Users/Shivam Gupta/OneDrive/Documents/Shivam_Developement/data_engineering/data_engineering_project/batch-etl-pyspark/.venv/lib/python3.12/site-packages/airflow/example_dags/example_external_task_marker_dag.py
[2025-07-16T17:52:01.358+0000] {logging_mixin.py:188} INFO - [2025-07-16T17:52:01.357+0000] {dag.py:3096} INFO - Sync 2 DAGs
[2025-07-16T17:52:01.369+0000] {logging_mixin.py:188} INFO - [2025-07-16T17:52:01.368+0000] {dag.py:3954} INFO - Setting next_dagrun for example_external_task_marker_child to None, run_after=None
[2025-07-16T17:52:01.374+0000] {logging_mixin.py:188} INFO - [2025-07-16T17:52:01.373+0000] {dag.py:3954} INFO - Setting next_dagrun for example_external_task_marker_parent to None, run_after=None
[2025-07-16T17:52:01.430+0000] {processor.py:183} INFO - Processing /mnt/c/Users/Shivam Gupta/OneDrive/Documents/Shivam_Developement/data_engineering/data_engineering_project/batch-etl-pyspark/.venv/lib/python3.12/site-packages/airflow/example_dags/example_external_task_marker_dag.py took 0.129 seconds
[2025-07-16T17:53:18.471+0000] {processor.py:161} INFO - Started process (PID=6102) to work on /mnt/c/Users/Shivam Gupta/OneDrive/Documents/Shivam_Developement/data_engineering/data_engineering_project/batch-etl-pyspark/.venv/lib/python3.12/site-packages/airflow/example_dags/example_external_task_marker_dag.py
[2025-07-16T17:53:18.473+0000] {processor.py:830} INFO - Processing file /mnt/c/Users/Shivam Gupta/OneDrive/Documents/Shivam_Developement/data_engineering/data_engineering_project/batch-etl-pyspark/.venv/lib/python3.12/site-packages/airflow/example_dags/example_external_task_marker_dag.py for tasks to queue
[2025-07-16T17:53:18.476+0000] {logging_mixin.py:188} INFO - [2025-07-16T17:53:18.475+0000] {dagbag.py:545} INFO - Filling up the DagBag from /mnt/c/Users/Shivam Gupta/OneDrive/Documents/Shivam_Developement/data_engineering/data_engineering_project/batch-etl-pyspark/.venv/lib/python3.12/site-packages/airflow/example_dags/example_external_task_marker_dag.py
[2025-07-16T17:53:18.498+0000] {processor.py:840} INFO - DAG(s) 'example_external_task_marker_parent', 'example_external_task_marker_child' retrieved from /mnt/c/Users/Shivam Gupta/OneDrive/Documents/Shivam_Developement/data_engineering/data_engineering_project/batch-etl-pyspark/.venv/lib/python3.12/site-packages/airflow/example_dags/example_external_task_marker_dag.py
[2025-07-16T17:53:18.529+0000] {logging_mixin.py:188} INFO - [2025-07-16T17:53:18.529+0000] {dag.py:3096} INFO - Sync 2 DAGs
[2025-07-16T17:53:18.543+0000] {logging_mixin.py:188} INFO - [2025-07-16T17:53:18.542+0000] {dag.py:3954} INFO - Setting next_dagrun for example_external_task_marker_child to None, run_after=None
[2025-07-16T17:53:18.550+0000] {logging_mixin.py:188} INFO - [2025-07-16T17:53:18.549+0000] {dag.py:3954} INFO - Setting next_dagrun for example_external_task_marker_parent to None, run_after=None
[2025-07-16T17:53:18.610+0000] {processor.py:183} INFO - Processing /mnt/c/Users/Shivam Gupta/OneDrive/Documents/Shivam_Developement/data_engineering/data_engineering_project/batch-etl-pyspark/.venv/lib/python3.12/site-packages/airflow/example_dags/example_external_task_marker_dag.py took 0.161 seconds
[2025-07-16T17:54:50.732+0000] {processor.py:161} INFO - Started process (PID=6191) to work on /mnt/c/Users/Shivam Gupta/OneDrive/Documents/Shivam_Developement/data_engineering/data_engineering_project/batch-etl-pyspark/.venv/lib/python3.12/site-packages/airflow/example_dags/example_external_task_marker_dag.py
[2025-07-16T17:54:50.737+0000] {processor.py:830} INFO - Processing file /mnt/c/Users/Shivam Gupta/OneDrive/Documents/Shivam_Developement/data_engineering/data_engineering_project/batch-etl-pyspark/.venv/lib/python3.12/site-packages/airflow/example_dags/example_external_task_marker_dag.py for tasks to queue
[2025-07-16T17:54:50.740+0000] {logging_mixin.py:188} INFO - [2025-07-16T17:54:50.739+0000] {dagbag.py:545} INFO - Filling up the DagBag from /mnt/c/Users/Shivam Gupta/OneDrive/Documents/Shivam_Developement/data_engineering/data_engineering_project/batch-etl-pyspark/.venv/lib/python3.12/site-packages/airflow/example_dags/example_external_task_marker_dag.py
[2025-07-16T17:54:50.755+0000] {processor.py:840} INFO - DAG(s) 'example_external_task_marker_parent', 'example_external_task_marker_child' retrieved from /mnt/c/Users/Shivam Gupta/OneDrive/Documents/Shivam_Developement/data_engineering/data_engineering_project/batch-etl-pyspark/.venv/lib/python3.12/site-packages/airflow/example_dags/example_external_task_marker_dag.py
[2025-07-16T17:54:50.789+0000] {logging_mixin.py:188} INFO - [2025-07-16T17:54:50.788+0000] {dag.py:3096} INFO - Sync 2 DAGs
[2025-07-16T17:54:50.802+0000] {logging_mixin.py:188} INFO - [2025-07-16T17:54:50.801+0000] {dag.py:3954} INFO - Setting next_dagrun for example_external_task_marker_child to None, run_after=None
[2025-07-16T17:54:50.806+0000] {logging_mixin.py:188} INFO - [2025-07-16T17:54:50.805+0000] {dag.py:3954} INFO - Setting next_dagrun for example_external_task_marker_parent to None, run_after=None
[2025-07-16T17:54:51.019+0000] {processor.py:183} INFO - Processing /mnt/c/Users/Shivam Gupta/OneDrive/Documents/Shivam_Developement/data_engineering/data_engineering_project/batch-etl-pyspark/.venv/lib/python3.12/site-packages/airflow/example_dags/example_external_task_marker_dag.py took 0.296 seconds
[2025-07-16T17:56:22.444+0000] {processor.py:161} INFO - Started process (PID=6279) to work on /mnt/c/Users/Shivam Gupta/OneDrive/Documents/Shivam_Developement/data_engineering/data_engineering_project/batch-etl-pyspark/.venv/lib/python3.12/site-packages/airflow/example_dags/example_external_task_marker_dag.py
[2025-07-16T17:56:22.446+0000] {processor.py:830} INFO - Processing file /mnt/c/Users/Shivam Gupta/OneDrive/Documents/Shivam_Developement/data_engineering/data_engineering_project/batch-etl-pyspark/.venv/lib/python3.12/site-packages/airflow/example_dags/example_external_task_marker_dag.py for tasks to queue
[2025-07-16T17:56:22.448+0000] {logging_mixin.py:188} INFO - [2025-07-16T17:56:22.447+0000] {dagbag.py:545} INFO - Filling up the DagBag from /mnt/c/Users/Shivam Gupta/OneDrive/Documents/Shivam_Developement/data_engineering/data_engineering_project/batch-etl-pyspark/.venv/lib/python3.12/site-packages/airflow/example_dags/example_external_task_marker_dag.py
[2025-07-16T17:56:22.464+0000] {processor.py:840} INFO - DAG(s) 'example_external_task_marker_parent', 'example_external_task_marker_child' retrieved from /mnt/c/Users/Shivam Gupta/OneDrive/Documents/Shivam_Developement/data_engineering/data_engineering_project/batch-etl-pyspark/.venv/lib/python3.12/site-packages/airflow/example_dags/example_external_task_marker_dag.py
[2025-07-16T17:56:22.489+0000] {logging_mixin.py:188} INFO - [2025-07-16T17:56:22.488+0000] {dag.py:3096} INFO - Sync 2 DAGs
[2025-07-16T17:56:22.499+0000] {logging_mixin.py:188} INFO - [2025-07-16T17:56:22.498+0000] {dag.py:3954} INFO - Setting next_dagrun for example_external_task_marker_child to None, run_after=None
[2025-07-16T17:56:22.503+0000] {logging_mixin.py:188} INFO - [2025-07-16T17:56:22.503+0000] {dag.py:3954} INFO - Setting next_dagrun for example_external_task_marker_parent to None, run_after=None
[2025-07-16T17:56:22.563+0000] {processor.py:183} INFO - Processing /mnt/c/Users/Shivam Gupta/OneDrive/Documents/Shivam_Developement/data_engineering/data_engineering_project/batch-etl-pyspark/.venv/lib/python3.12/site-packages/airflow/example_dags/example_external_task_marker_dag.py took 0.127 seconds
[2025-07-16T18:02:50.948+0000] {processor.py:161} INFO - Started process (PID=6751) to work on /mnt/c/Users/Shivam Gupta/OneDrive/Documents/Shivam_Developement/data_engineering/data_engineering_project/batch-etl-pyspark/.venv/lib/python3.12/site-packages/airflow/example_dags/example_external_task_marker_dag.py
[2025-07-16T18:02:50.951+0000] {processor.py:830} INFO - Processing file /mnt/c/Users/Shivam Gupta/OneDrive/Documents/Shivam_Developement/data_engineering/data_engineering_project/batch-etl-pyspark/.venv/lib/python3.12/site-packages/airflow/example_dags/example_external_task_marker_dag.py for tasks to queue
[2025-07-16T18:02:50.955+0000] {logging_mixin.py:188} INFO - [2025-07-16T18:02:50.953+0000] {dagbag.py:545} INFO - Filling up the DagBag from /mnt/c/Users/Shivam Gupta/OneDrive/Documents/Shivam_Developement/data_engineering/data_engineering_project/batch-etl-pyspark/.venv/lib/python3.12/site-packages/airflow/example_dags/example_external_task_marker_dag.py
[2025-07-16T18:02:50.994+0000] {processor.py:840} INFO - DAG(s) 'example_external_task_marker_parent', 'example_external_task_marker_child' retrieved from /mnt/c/Users/Shivam Gupta/OneDrive/Documents/Shivam_Developement/data_engineering/data_engineering_project/batch-etl-pyspark/.venv/lib/python3.12/site-packages/airflow/example_dags/example_external_task_marker_dag.py
[2025-07-16T18:02:51.044+0000] {logging_mixin.py:188} INFO - [2025-07-16T18:02:51.043+0000] {dag.py:3096} INFO - Sync 2 DAGs
[2025-07-16T18:02:51.062+0000] {logging_mixin.py:188} INFO - [2025-07-16T18:02:51.059+0000] {dag.py:3954} INFO - Setting next_dagrun for example_external_task_marker_child to None, run_after=None
[2025-07-16T18:02:51.071+0000] {logging_mixin.py:188} INFO - [2025-07-16T18:02:51.069+0000] {dag.py:3954} INFO - Setting next_dagrun for example_external_task_marker_parent to None, run_after=None
[2025-07-16T18:02:51.182+0000] {processor.py:183} INFO - Processing /mnt/c/Users/Shivam Gupta/OneDrive/Documents/Shivam_Developement/data_engineering/data_engineering_project/batch-etl-pyspark/.venv/lib/python3.12/site-packages/airflow/example_dags/example_external_task_marker_dag.py took 0.253 seconds
[2025-07-16T18:38:39.923+0000] {processor.py:161} INFO - Started process (PID=8698) to work on /mnt/c/Users/Shivam Gupta/OneDrive/Documents/Shivam_Developement/data_engineering/data_engineering_project/batch-etl-pyspark/.venv/lib/python3.12/site-packages/airflow/example_dags/example_external_task_marker_dag.py
[2025-07-16T18:38:39.926+0000] {processor.py:830} INFO - Processing file /mnt/c/Users/Shivam Gupta/OneDrive/Documents/Shivam_Developement/data_engineering/data_engineering_project/batch-etl-pyspark/.venv/lib/python3.12/site-packages/airflow/example_dags/example_external_task_marker_dag.py for tasks to queue
[2025-07-16T18:38:39.930+0000] {logging_mixin.py:188} INFO - [2025-07-16T18:38:39.928+0000] {dagbag.py:545} INFO - Filling up the DagBag from /mnt/c/Users/Shivam Gupta/OneDrive/Documents/Shivam_Developement/data_engineering/data_engineering_project/batch-etl-pyspark/.venv/lib/python3.12/site-packages/airflow/example_dags/example_external_task_marker_dag.py
[2025-07-16T18:38:39.961+0000] {processor.py:840} INFO - DAG(s) 'example_external_task_marker_parent', 'example_external_task_marker_child' retrieved from /mnt/c/Users/Shivam Gupta/OneDrive/Documents/Shivam_Developement/data_engineering/data_engineering_project/batch-etl-pyspark/.venv/lib/python3.12/site-packages/airflow/example_dags/example_external_task_marker_dag.py
[2025-07-16T18:38:40.002+0000] {logging_mixin.py:188} INFO - [2025-07-16T18:38:40.001+0000] {dag.py:3096} INFO - Sync 2 DAGs
[2025-07-16T18:38:40.021+0000] {logging_mixin.py:188} INFO - [2025-07-16T18:38:40.019+0000] {dag.py:3954} INFO - Setting next_dagrun for example_external_task_marker_child to None, run_after=None
[2025-07-16T18:38:40.030+0000] {logging_mixin.py:188} INFO - [2025-07-16T18:38:40.028+0000] {dag.py:3954} INFO - Setting next_dagrun for example_external_task_marker_parent to None, run_after=None
[2025-07-16T18:38:40.092+0000] {processor.py:183} INFO - Processing /mnt/c/Users/Shivam Gupta/OneDrive/Documents/Shivam_Developement/data_engineering/data_engineering_project/batch-etl-pyspark/.venv/lib/python3.12/site-packages/airflow/example_dags/example_external_task_marker_dag.py took 0.183 seconds
[2025-07-16T18:52:49.222+0000] {processor.py:161} INFO - Started process (PID=9398) to work on /mnt/c/Users/Shivam Gupta/OneDrive/Documents/Shivam_Developement/data_engineering/data_engineering_project/batch-etl-pyspark/.venv/lib/python3.12/site-packages/airflow/example_dags/example_external_task_marker_dag.py
[2025-07-16T18:52:49.225+0000] {processor.py:830} INFO - Processing file /mnt/c/Users/Shivam Gupta/OneDrive/Documents/Shivam_Developement/data_engineering/data_engineering_project/batch-etl-pyspark/.venv/lib/python3.12/site-packages/airflow/example_dags/example_external_task_marker_dag.py for tasks to queue
[2025-07-16T18:52:49.229+0000] {logging_mixin.py:188} INFO - [2025-07-16T18:52:49.228+0000] {dagbag.py:545} INFO - Filling up the DagBag from /mnt/c/Users/Shivam Gupta/OneDrive/Documents/Shivam_Developement/data_engineering/data_engineering_project/batch-etl-pyspark/.venv/lib/python3.12/site-packages/airflow/example_dags/example_external_task_marker_dag.py
[2025-07-16T18:52:49.260+0000] {processor.py:840} INFO - DAG(s) 'example_external_task_marker_child', 'example_external_task_marker_parent' retrieved from /mnt/c/Users/Shivam Gupta/OneDrive/Documents/Shivam_Developement/data_engineering/data_engineering_project/batch-etl-pyspark/.venv/lib/python3.12/site-packages/airflow/example_dags/example_external_task_marker_dag.py
[2025-07-16T18:52:49.302+0000] {logging_mixin.py:188} INFO - [2025-07-16T18:52:49.301+0000] {dag.py:3096} INFO - Sync 2 DAGs
[2025-07-16T18:52:49.316+0000] {logging_mixin.py:188} INFO - [2025-07-16T18:52:49.315+0000] {dag.py:3954} INFO - Setting next_dagrun for example_external_task_marker_child to None, run_after=None
[2025-07-16T18:52:49.325+0000] {logging_mixin.py:188} INFO - [2025-07-16T18:52:49.324+0000] {dag.py:3954} INFO - Setting next_dagrun for example_external_task_marker_parent to None, run_after=None
[2025-07-16T18:52:49.407+0000] {processor.py:183} INFO - Processing /mnt/c/Users/Shivam Gupta/OneDrive/Documents/Shivam_Developement/data_engineering/data_engineering_project/batch-etl-pyspark/.venv/lib/python3.12/site-packages/airflow/example_dags/example_external_task_marker_dag.py took 0.200 seconds
[2025-07-16T18:54:15.023+0000] {processor.py:161} INFO - Started process (PID=9487) to work on /mnt/c/Users/Shivam Gupta/OneDrive/Documents/Shivam_Developement/data_engineering/data_engineering_project/batch-etl-pyspark/.venv/lib/python3.12/site-packages/airflow/example_dags/example_external_task_marker_dag.py
[2025-07-16T18:54:15.024+0000] {processor.py:830} INFO - Processing file /mnt/c/Users/Shivam Gupta/OneDrive/Documents/Shivam_Developement/data_engineering/data_engineering_project/batch-etl-pyspark/.venv/lib/python3.12/site-packages/airflow/example_dags/example_external_task_marker_dag.py for tasks to queue
[2025-07-16T18:54:15.027+0000] {logging_mixin.py:188} INFO - [2025-07-16T18:54:15.026+0000] {dagbag.py:545} INFO - Filling up the DagBag from /mnt/c/Users/Shivam Gupta/OneDrive/Documents/Shivam_Developement/data_engineering/data_engineering_project/batch-etl-pyspark/.venv/lib/python3.12/site-packages/airflow/example_dags/example_external_task_marker_dag.py
[2025-07-16T18:54:15.042+0000] {processor.py:840} INFO - DAG(s) 'example_external_task_marker_child', 'example_external_task_marker_parent' retrieved from /mnt/c/Users/Shivam Gupta/OneDrive/Documents/Shivam_Developement/data_engineering/data_engineering_project/batch-etl-pyspark/.venv/lib/python3.12/site-packages/airflow/example_dags/example_external_task_marker_dag.py
[2025-07-16T18:54:15.066+0000] {logging_mixin.py:188} INFO - [2025-07-16T18:54:15.065+0000] {dag.py:3096} INFO - Sync 2 DAGs
[2025-07-16T18:54:15.076+0000] {logging_mixin.py:188} INFO - [2025-07-16T18:54:15.075+0000] {dag.py:3954} INFO - Setting next_dagrun for example_external_task_marker_child to None, run_after=None
[2025-07-16T18:54:15.080+0000] {logging_mixin.py:188} INFO - [2025-07-16T18:54:15.079+0000] {dag.py:3954} INFO - Setting next_dagrun for example_external_task_marker_parent to None, run_after=None
[2025-07-16T18:54:15.122+0000] {processor.py:183} INFO - Processing /mnt/c/Users/Shivam Gupta/OneDrive/Documents/Shivam_Developement/data_engineering/data_engineering_project/batch-etl-pyspark/.venv/lib/python3.12/site-packages/airflow/example_dags/example_external_task_marker_dag.py took 0.110 seconds
[2025-07-16T18:55:35.448+0000] {processor.py:161} INFO - Started process (PID=9734) to work on /mnt/c/Users/Shivam Gupta/OneDrive/Documents/Shivam_Developement/data_engineering/data_engineering_project/batch-etl-pyspark/.venv/lib/python3.12/site-packages/airflow/example_dags/example_external_task_marker_dag.py
[2025-07-16T18:55:35.449+0000] {processor.py:830} INFO - Processing file /mnt/c/Users/Shivam Gupta/OneDrive/Documents/Shivam_Developement/data_engineering/data_engineering_project/batch-etl-pyspark/.venv/lib/python3.12/site-packages/airflow/example_dags/example_external_task_marker_dag.py for tasks to queue
[2025-07-16T18:55:35.452+0000] {logging_mixin.py:188} INFO - [2025-07-16T18:55:35.451+0000] {dagbag.py:545} INFO - Filling up the DagBag from /mnt/c/Users/Shivam Gupta/OneDrive/Documents/Shivam_Developement/data_engineering/data_engineering_project/batch-etl-pyspark/.venv/lib/python3.12/site-packages/airflow/example_dags/example_external_task_marker_dag.py
[2025-07-16T18:55:35.468+0000] {processor.py:840} INFO - DAG(s) 'example_external_task_marker_parent', 'example_external_task_marker_child' retrieved from /mnt/c/Users/Shivam Gupta/OneDrive/Documents/Shivam_Developement/data_engineering/data_engineering_project/batch-etl-pyspark/.venv/lib/python3.12/site-packages/airflow/example_dags/example_external_task_marker_dag.py
[2025-07-16T18:55:35.499+0000] {logging_mixin.py:188} INFO - [2025-07-16T18:55:35.499+0000] {dag.py:3096} INFO - Sync 2 DAGs
[2025-07-16T18:55:35.511+0000] {logging_mixin.py:188} INFO - [2025-07-16T18:55:35.511+0000] {dag.py:3954} INFO - Setting next_dagrun for example_external_task_marker_child to None, run_after=None
[2025-07-16T18:55:35.517+0000] {logging_mixin.py:188} INFO - [2025-07-16T18:55:35.516+0000] {dag.py:3954} INFO - Setting next_dagrun for example_external_task_marker_parent to None, run_after=None
[2025-07-16T18:55:35.566+0000] {processor.py:183} INFO - Processing /mnt/c/Users/Shivam Gupta/OneDrive/Documents/Shivam_Developement/data_engineering/data_engineering_project/batch-etl-pyspark/.venv/lib/python3.12/site-packages/airflow/example_dags/example_external_task_marker_dag.py took 0.128 seconds
[2025-07-16T18:56:50.481+0000] {processor.py:161} INFO - Started process (PID=9893) to work on /mnt/c/Users/Shivam Gupta/OneDrive/Documents/Shivam_Developement/data_engineering/data_engineering_project/batch-etl-pyspark/.venv/lib/python3.12/site-packages/airflow/example_dags/example_external_task_marker_dag.py
[2025-07-16T18:56:50.483+0000] {processor.py:830} INFO - Processing file /mnt/c/Users/Shivam Gupta/OneDrive/Documents/Shivam_Developement/data_engineering/data_engineering_project/batch-etl-pyspark/.venv/lib/python3.12/site-packages/airflow/example_dags/example_external_task_marker_dag.py for tasks to queue
[2025-07-16T18:56:50.486+0000] {logging_mixin.py:188} INFO - [2025-07-16T18:56:50.485+0000] {dagbag.py:545} INFO - Filling up the DagBag from /mnt/c/Users/Shivam Gupta/OneDrive/Documents/Shivam_Developement/data_engineering/data_engineering_project/batch-etl-pyspark/.venv/lib/python3.12/site-packages/airflow/example_dags/example_external_task_marker_dag.py
[2025-07-16T18:56:50.499+0000] {processor.py:840} INFO - DAG(s) 'example_external_task_marker_child', 'example_external_task_marker_parent' retrieved from /mnt/c/Users/Shivam Gupta/OneDrive/Documents/Shivam_Developement/data_engineering/data_engineering_project/batch-etl-pyspark/.venv/lib/python3.12/site-packages/airflow/example_dags/example_external_task_marker_dag.py
[2025-07-16T18:56:50.520+0000] {logging_mixin.py:188} INFO - [2025-07-16T18:56:50.520+0000] {dag.py:3096} INFO - Sync 2 DAGs
[2025-07-16T18:56:50.530+0000] {logging_mixin.py:188} INFO - [2025-07-16T18:56:50.529+0000] {dag.py:3954} INFO - Setting next_dagrun for example_external_task_marker_child to None, run_after=None
[2025-07-16T18:56:50.533+0000] {logging_mixin.py:188} INFO - [2025-07-16T18:56:50.533+0000] {dag.py:3954} INFO - Setting next_dagrun for example_external_task_marker_parent to None, run_after=None
[2025-07-16T18:56:50.586+0000] {processor.py:183} INFO - Processing /mnt/c/Users/Shivam Gupta/OneDrive/Documents/Shivam_Developement/data_engineering/data_engineering_project/batch-etl-pyspark/.venv/lib/python3.12/site-packages/airflow/example_dags/example_external_task_marker_dag.py took 0.130 seconds
[2025-07-16T18:58:13.195+0000] {processor.py:161} INFO - Started process (PID=10049) to work on /mnt/c/Users/Shivam Gupta/OneDrive/Documents/Shivam_Developement/data_engineering/data_engineering_project/batch-etl-pyspark/.venv/lib/python3.12/site-packages/airflow/example_dags/example_external_task_marker_dag.py
[2025-07-16T18:58:13.197+0000] {processor.py:830} INFO - Processing file /mnt/c/Users/Shivam Gupta/OneDrive/Documents/Shivam_Developement/data_engineering/data_engineering_project/batch-etl-pyspark/.venv/lib/python3.12/site-packages/airflow/example_dags/example_external_task_marker_dag.py for tasks to queue
[2025-07-16T18:58:13.200+0000] {logging_mixin.py:188} INFO - [2025-07-16T18:58:13.199+0000] {dagbag.py:545} INFO - Filling up the DagBag from /mnt/c/Users/Shivam Gupta/OneDrive/Documents/Shivam_Developement/data_engineering/data_engineering_project/batch-etl-pyspark/.venv/lib/python3.12/site-packages/airflow/example_dags/example_external_task_marker_dag.py
[2025-07-16T18:58:13.223+0000] {processor.py:840} INFO - DAG(s) 'example_external_task_marker_parent', 'example_external_task_marker_child' retrieved from /mnt/c/Users/Shivam Gupta/OneDrive/Documents/Shivam_Developement/data_engineering/data_engineering_project/batch-etl-pyspark/.venv/lib/python3.12/site-packages/airflow/example_dags/example_external_task_marker_dag.py
[2025-07-16T18:58:13.265+0000] {logging_mixin.py:188} INFO - [2025-07-16T18:58:13.264+0000] {dag.py:3096} INFO - Sync 2 DAGs
[2025-07-16T18:58:13.279+0000] {logging_mixin.py:188} INFO - [2025-07-16T18:58:13.278+0000] {dag.py:3954} INFO - Setting next_dagrun for example_external_task_marker_child to None, run_after=None
[2025-07-16T18:58:13.285+0000] {logging_mixin.py:188} INFO - [2025-07-16T18:58:13.285+0000] {dag.py:3954} INFO - Setting next_dagrun for example_external_task_marker_parent to None, run_after=None
[2025-07-16T18:58:13.345+0000] {processor.py:183} INFO - Processing /mnt/c/Users/Shivam Gupta/OneDrive/Documents/Shivam_Developement/data_engineering/data_engineering_project/batch-etl-pyspark/.venv/lib/python3.12/site-packages/airflow/example_dags/example_external_task_marker_dag.py took 0.162 seconds
[2025-07-16T18:59:36.214+0000] {processor.py:161} INFO - Started process (PID=10216) to work on /mnt/c/Users/Shivam Gupta/OneDrive/Documents/Shivam_Developement/data_engineering/data_engineering_project/batch-etl-pyspark/.venv/lib/python3.12/site-packages/airflow/example_dags/example_external_task_marker_dag.py
[2025-07-16T18:59:36.216+0000] {processor.py:830} INFO - Processing file /mnt/c/Users/Shivam Gupta/OneDrive/Documents/Shivam_Developement/data_engineering/data_engineering_project/batch-etl-pyspark/.venv/lib/python3.12/site-packages/airflow/example_dags/example_external_task_marker_dag.py for tasks to queue
[2025-07-16T18:59:36.219+0000] {logging_mixin.py:188} INFO - [2025-07-16T18:59:36.218+0000] {dagbag.py:545} INFO - Filling up the DagBag from /mnt/c/Users/Shivam Gupta/OneDrive/Documents/Shivam_Developement/data_engineering/data_engineering_project/batch-etl-pyspark/.venv/lib/python3.12/site-packages/airflow/example_dags/example_external_task_marker_dag.py
[2025-07-16T18:59:36.250+0000] {processor.py:840} INFO - DAG(s) 'example_external_task_marker_parent', 'example_external_task_marker_child' retrieved from /mnt/c/Users/Shivam Gupta/OneDrive/Documents/Shivam_Developement/data_engineering/data_engineering_project/batch-etl-pyspark/.venv/lib/python3.12/site-packages/airflow/example_dags/example_external_task_marker_dag.py
[2025-07-16T18:59:36.300+0000] {logging_mixin.py:188} INFO - [2025-07-16T18:59:36.299+0000] {dag.py:3096} INFO - Sync 2 DAGs
[2025-07-16T18:59:36.317+0000] {logging_mixin.py:188} INFO - [2025-07-16T18:59:36.316+0000] {dag.py:3954} INFO - Setting next_dagrun for example_external_task_marker_child to None, run_after=None
[2025-07-16T18:59:36.325+0000] {logging_mixin.py:188} INFO - [2025-07-16T18:59:36.324+0000] {dag.py:3954} INFO - Setting next_dagrun for example_external_task_marker_parent to None, run_after=None
[2025-07-16T18:59:36.416+0000] {processor.py:183} INFO - Processing /mnt/c/Users/Shivam Gupta/OneDrive/Documents/Shivam_Developement/data_engineering/data_engineering_project/batch-etl-pyspark/.venv/lib/python3.12/site-packages/airflow/example_dags/example_external_task_marker_dag.py took 0.218 seconds
[2025-07-16T19:01:06.157+0000] {processor.py:161} INFO - Started process (PID=10413) to work on /mnt/c/Users/Shivam Gupta/OneDrive/Documents/Shivam_Developement/data_engineering/data_engineering_project/batch-etl-pyspark/.venv/lib/python3.12/site-packages/airflow/example_dags/example_external_task_marker_dag.py
[2025-07-16T19:01:06.159+0000] {processor.py:830} INFO - Processing file /mnt/c/Users/Shivam Gupta/OneDrive/Documents/Shivam_Developement/data_engineering/data_engineering_project/batch-etl-pyspark/.venv/lib/python3.12/site-packages/airflow/example_dags/example_external_task_marker_dag.py for tasks to queue
[2025-07-16T19:01:06.162+0000] {logging_mixin.py:188} INFO - [2025-07-16T19:01:06.161+0000] {dagbag.py:545} INFO - Filling up the DagBag from /mnt/c/Users/Shivam Gupta/OneDrive/Documents/Shivam_Developement/data_engineering/data_engineering_project/batch-etl-pyspark/.venv/lib/python3.12/site-packages/airflow/example_dags/example_external_task_marker_dag.py
[2025-07-16T19:01:06.180+0000] {processor.py:840} INFO - DAG(s) 'example_external_task_marker_parent', 'example_external_task_marker_child' retrieved from /mnt/c/Users/Shivam Gupta/OneDrive/Documents/Shivam_Developement/data_engineering/data_engineering_project/batch-etl-pyspark/.venv/lib/python3.12/site-packages/airflow/example_dags/example_external_task_marker_dag.py
[2025-07-16T19:01:06.210+0000] {logging_mixin.py:188} INFO - [2025-07-16T19:01:06.209+0000] {dag.py:3096} INFO - Sync 2 DAGs
[2025-07-16T19:01:06.223+0000] {logging_mixin.py:188} INFO - [2025-07-16T19:01:06.222+0000] {dag.py:3954} INFO - Setting next_dagrun for example_external_task_marker_child to None, run_after=None
[2025-07-16T19:01:06.227+0000] {logging_mixin.py:188} INFO - [2025-07-16T19:01:06.227+0000] {dag.py:3954} INFO - Setting next_dagrun for example_external_task_marker_parent to None, run_after=None
[2025-07-16T19:01:06.281+0000] {processor.py:183} INFO - Processing /mnt/c/Users/Shivam Gupta/OneDrive/Documents/Shivam_Developement/data_engineering/data_engineering_project/batch-etl-pyspark/.venv/lib/python3.12/site-packages/airflow/example_dags/example_external_task_marker_dag.py took 0.134 seconds
[2025-07-16T19:02:37.935+0000] {processor.py:161} INFO - Started process (PID=10605) to work on /mnt/c/Users/Shivam Gupta/OneDrive/Documents/Shivam_Developement/data_engineering/data_engineering_project/batch-etl-pyspark/.venv/lib/python3.12/site-packages/airflow/example_dags/example_external_task_marker_dag.py
[2025-07-16T19:02:37.937+0000] {processor.py:830} INFO - Processing file /mnt/c/Users/Shivam Gupta/OneDrive/Documents/Shivam_Developement/data_engineering/data_engineering_project/batch-etl-pyspark/.venv/lib/python3.12/site-packages/airflow/example_dags/example_external_task_marker_dag.py for tasks to queue
[2025-07-16T19:02:37.942+0000] {logging_mixin.py:188} INFO - [2025-07-16T19:02:37.940+0000] {dagbag.py:545} INFO - Filling up the DagBag from /mnt/c/Users/Shivam Gupta/OneDrive/Documents/Shivam_Developement/data_engineering/data_engineering_project/batch-etl-pyspark/.venv/lib/python3.12/site-packages/airflow/example_dags/example_external_task_marker_dag.py
[2025-07-16T19:02:37.969+0000] {processor.py:840} INFO - DAG(s) 'example_external_task_marker_parent', 'example_external_task_marker_child' retrieved from /mnt/c/Users/Shivam Gupta/OneDrive/Documents/Shivam_Developement/data_engineering/data_engineering_project/batch-etl-pyspark/.venv/lib/python3.12/site-packages/airflow/example_dags/example_external_task_marker_dag.py
[2025-07-16T19:02:38.040+0000] {logging_mixin.py:188} INFO - [2025-07-16T19:02:38.039+0000] {dag.py:3096} INFO - Sync 2 DAGs
[2025-07-16T19:02:38.061+0000] {logging_mixin.py:188} INFO - [2025-07-16T19:02:38.060+0000] {dag.py:3954} INFO - Setting next_dagrun for example_external_task_marker_child to None, run_after=None
[2025-07-16T19:02:38.069+0000] {logging_mixin.py:188} INFO - [2025-07-16T19:02:38.067+0000] {dag.py:3954} INFO - Setting next_dagrun for example_external_task_marker_parent to None, run_after=None
[2025-07-16T19:02:38.209+0000] {processor.py:183} INFO - Processing /mnt/c/Users/Shivam Gupta/OneDrive/Documents/Shivam_Developement/data_engineering/data_engineering_project/batch-etl-pyspark/.venv/lib/python3.12/site-packages/airflow/example_dags/example_external_task_marker_dag.py took 0.292 seconds
[2025-07-16T19:04:08.602+0000] {processor.py:161} INFO - Started process (PID=10760) to work on /mnt/c/Users/Shivam Gupta/OneDrive/Documents/Shivam_Developement/data_engineering/data_engineering_project/batch-etl-pyspark/.venv/lib/python3.12/site-packages/airflow/example_dags/example_external_task_marker_dag.py
[2025-07-16T19:04:08.615+0000] {processor.py:830} INFO - Processing file /mnt/c/Users/Shivam Gupta/OneDrive/Documents/Shivam_Developement/data_engineering/data_engineering_project/batch-etl-pyspark/.venv/lib/python3.12/site-packages/airflow/example_dags/example_external_task_marker_dag.py for tasks to queue
[2025-07-16T19:04:08.619+0000] {logging_mixin.py:188} INFO - [2025-07-16T19:04:08.618+0000] {dagbag.py:545} INFO - Filling up the DagBag from /mnt/c/Users/Shivam Gupta/OneDrive/Documents/Shivam_Developement/data_engineering/data_engineering_project/batch-etl-pyspark/.venv/lib/python3.12/site-packages/airflow/example_dags/example_external_task_marker_dag.py
[2025-07-16T19:04:08.640+0000] {processor.py:840} INFO - DAG(s) 'example_external_task_marker_parent', 'example_external_task_marker_child' retrieved from /mnt/c/Users/Shivam Gupta/OneDrive/Documents/Shivam_Developement/data_engineering/data_engineering_project/batch-etl-pyspark/.venv/lib/python3.12/site-packages/airflow/example_dags/example_external_task_marker_dag.py
[2025-07-16T19:04:08.684+0000] {logging_mixin.py:188} INFO - [2025-07-16T19:04:08.683+0000] {dag.py:3096} INFO - Sync 2 DAGs
[2025-07-16T19:04:08.700+0000] {logging_mixin.py:188} INFO - [2025-07-16T19:04:08.699+0000] {dag.py:3954} INFO - Setting next_dagrun for example_external_task_marker_child to None, run_after=None
[2025-07-16T19:04:08.706+0000] {logging_mixin.py:188} INFO - [2025-07-16T19:04:08.705+0000] {dag.py:3954} INFO - Setting next_dagrun for example_external_task_marker_parent to None, run_after=None
[2025-07-16T19:04:08.798+0000] {processor.py:183} INFO - Processing /mnt/c/Users/Shivam Gupta/OneDrive/Documents/Shivam_Developement/data_engineering/data_engineering_project/batch-etl-pyspark/.venv/lib/python3.12/site-packages/airflow/example_dags/example_external_task_marker_dag.py took 0.210 seconds
[2025-07-16T19:05:31.558+0000] {processor.py:161} INFO - Started process (PID=10918) to work on /mnt/c/Users/Shivam Gupta/OneDrive/Documents/Shivam_Developement/data_engineering/data_engineering_project/batch-etl-pyspark/.venv/lib/python3.12/site-packages/airflow/example_dags/example_external_task_marker_dag.py
[2025-07-16T19:05:31.560+0000] {processor.py:830} INFO - Processing file /mnt/c/Users/Shivam Gupta/OneDrive/Documents/Shivam_Developement/data_engineering/data_engineering_project/batch-etl-pyspark/.venv/lib/python3.12/site-packages/airflow/example_dags/example_external_task_marker_dag.py for tasks to queue
[2025-07-16T19:05:31.562+0000] {logging_mixin.py:188} INFO - [2025-07-16T19:05:31.561+0000] {dagbag.py:545} INFO - Filling up the DagBag from /mnt/c/Users/Shivam Gupta/OneDrive/Documents/Shivam_Developement/data_engineering/data_engineering_project/batch-etl-pyspark/.venv/lib/python3.12/site-packages/airflow/example_dags/example_external_task_marker_dag.py
[2025-07-16T19:05:31.582+0000] {processor.py:840} INFO - DAG(s) 'example_external_task_marker_parent', 'example_external_task_marker_child' retrieved from /mnt/c/Users/Shivam Gupta/OneDrive/Documents/Shivam_Developement/data_engineering/data_engineering_project/batch-etl-pyspark/.venv/lib/python3.12/site-packages/airflow/example_dags/example_external_task_marker_dag.py
[2025-07-16T19:05:31.615+0000] {logging_mixin.py:188} INFO - [2025-07-16T19:05:31.614+0000] {dag.py:3096} INFO - Sync 2 DAGs
[2025-07-16T19:05:31.627+0000] {logging_mixin.py:188} INFO - [2025-07-16T19:05:31.626+0000] {dag.py:3954} INFO - Setting next_dagrun for example_external_task_marker_child to None, run_after=None
[2025-07-16T19:05:31.631+0000] {logging_mixin.py:188} INFO - [2025-07-16T19:05:31.631+0000] {dag.py:3954} INFO - Setting next_dagrun for example_external_task_marker_parent to None, run_after=None
[2025-07-16T19:05:31.738+0000] {processor.py:183} INFO - Processing /mnt/c/Users/Shivam Gupta/OneDrive/Documents/Shivam_Developement/data_engineering/data_engineering_project/batch-etl-pyspark/.venv/lib/python3.12/site-packages/airflow/example_dags/example_external_task_marker_dag.py took 0.191 seconds
[2025-07-16T19:07:00.343+0000] {processor.py:161} INFO - Started process (PID=11090) to work on /mnt/c/Users/Shivam Gupta/OneDrive/Documents/Shivam_Developement/data_engineering/data_engineering_project/batch-etl-pyspark/.venv/lib/python3.12/site-packages/airflow/example_dags/example_external_task_marker_dag.py
[2025-07-16T19:07:00.345+0000] {processor.py:830} INFO - Processing file /mnt/c/Users/Shivam Gupta/OneDrive/Documents/Shivam_Developement/data_engineering/data_engineering_project/batch-etl-pyspark/.venv/lib/python3.12/site-packages/airflow/example_dags/example_external_task_marker_dag.py for tasks to queue
[2025-07-16T19:07:00.347+0000] {logging_mixin.py:188} INFO - [2025-07-16T19:07:00.346+0000] {dagbag.py:545} INFO - Filling up the DagBag from /mnt/c/Users/Shivam Gupta/OneDrive/Documents/Shivam_Developement/data_engineering/data_engineering_project/batch-etl-pyspark/.venv/lib/python3.12/site-packages/airflow/example_dags/example_external_task_marker_dag.py
[2025-07-16T19:07:00.365+0000] {processor.py:840} INFO - DAG(s) 'example_external_task_marker_child', 'example_external_task_marker_parent' retrieved from /mnt/c/Users/Shivam Gupta/OneDrive/Documents/Shivam_Developement/data_engineering/data_engineering_project/batch-etl-pyspark/.venv/lib/python3.12/site-packages/airflow/example_dags/example_external_task_marker_dag.py
[2025-07-16T19:07:00.398+0000] {logging_mixin.py:188} INFO - [2025-07-16T19:07:00.398+0000] {dag.py:3096} INFO - Sync 2 DAGs
[2025-07-16T19:07:00.412+0000] {logging_mixin.py:188} INFO - [2025-07-16T19:07:00.411+0000] {dag.py:3954} INFO - Setting next_dagrun for example_external_task_marker_child to None, run_after=None
[2025-07-16T19:07:00.419+0000] {logging_mixin.py:188} INFO - [2025-07-16T19:07:00.418+0000] {dag.py:3954} INFO - Setting next_dagrun for example_external_task_marker_parent to None, run_after=None
[2025-07-16T19:07:00.513+0000] {processor.py:183} INFO - Processing /mnt/c/Users/Shivam Gupta/OneDrive/Documents/Shivam_Developement/data_engineering/data_engineering_project/batch-etl-pyspark/.venv/lib/python3.12/site-packages/airflow/example_dags/example_external_task_marker_dag.py took 0.188 seconds
[2025-07-16T19:08:33.220+0000] {processor.py:161} INFO - Started process (PID=11255) to work on /mnt/c/Users/Shivam Gupta/OneDrive/Documents/Shivam_Developement/data_engineering/data_engineering_project/batch-etl-pyspark/.venv/lib/python3.12/site-packages/airflow/example_dags/example_external_task_marker_dag.py
[2025-07-16T19:08:33.222+0000] {processor.py:830} INFO - Processing file /mnt/c/Users/Shivam Gupta/OneDrive/Documents/Shivam_Developement/data_engineering/data_engineering_project/batch-etl-pyspark/.venv/lib/python3.12/site-packages/airflow/example_dags/example_external_task_marker_dag.py for tasks to queue
[2025-07-16T19:08:33.227+0000] {logging_mixin.py:188} INFO - [2025-07-16T19:08:33.225+0000] {dagbag.py:545} INFO - Filling up the DagBag from /mnt/c/Users/Shivam Gupta/OneDrive/Documents/Shivam_Developement/data_engineering/data_engineering_project/batch-etl-pyspark/.venv/lib/python3.12/site-packages/airflow/example_dags/example_external_task_marker_dag.py
[2025-07-16T19:08:33.251+0000] {processor.py:840} INFO - DAG(s) 'example_external_task_marker_child', 'example_external_task_marker_parent' retrieved from /mnt/c/Users/Shivam Gupta/OneDrive/Documents/Shivam_Developement/data_engineering/data_engineering_project/batch-etl-pyspark/.venv/lib/python3.12/site-packages/airflow/example_dags/example_external_task_marker_dag.py
[2025-07-16T19:08:33.286+0000] {logging_mixin.py:188} INFO - [2025-07-16T19:08:33.285+0000] {dag.py:3096} INFO - Sync 2 DAGs
[2025-07-16T19:08:33.300+0000] {logging_mixin.py:188} INFO - [2025-07-16T19:08:33.299+0000] {dag.py:3954} INFO - Setting next_dagrun for example_external_task_marker_child to None, run_after=None
[2025-07-16T19:08:33.305+0000] {logging_mixin.py:188} INFO - [2025-07-16T19:08:33.304+0000] {dag.py:3954} INFO - Setting next_dagrun for example_external_task_marker_parent to None, run_after=None
[2025-07-16T19:08:33.375+0000] {processor.py:183} INFO - Processing /mnt/c/Users/Shivam Gupta/OneDrive/Documents/Shivam_Developement/data_engineering/data_engineering_project/batch-etl-pyspark/.venv/lib/python3.12/site-packages/airflow/example_dags/example_external_task_marker_dag.py took 0.170 seconds
[2025-07-16T19:10:00.337+0000] {processor.py:161} INFO - Started process (PID=11399) to work on /mnt/c/Users/Shivam Gupta/OneDrive/Documents/Shivam_Developement/data_engineering/data_engineering_project/batch-etl-pyspark/.venv/lib/python3.12/site-packages/airflow/example_dags/example_external_task_marker_dag.py
[2025-07-16T19:10:00.339+0000] {processor.py:830} INFO - Processing file /mnt/c/Users/Shivam Gupta/OneDrive/Documents/Shivam_Developement/data_engineering/data_engineering_project/batch-etl-pyspark/.venv/lib/python3.12/site-packages/airflow/example_dags/example_external_task_marker_dag.py for tasks to queue
[2025-07-16T19:10:00.342+0000] {logging_mixin.py:188} INFO - [2025-07-16T19:10:00.341+0000] {dagbag.py:545} INFO - Filling up the DagBag from /mnt/c/Users/Shivam Gupta/OneDrive/Documents/Shivam_Developement/data_engineering/data_engineering_project/batch-etl-pyspark/.venv/lib/python3.12/site-packages/airflow/example_dags/example_external_task_marker_dag.py
[2025-07-16T19:10:00.364+0000] {processor.py:840} INFO - DAG(s) 'example_external_task_marker_child', 'example_external_task_marker_parent' retrieved from /mnt/c/Users/Shivam Gupta/OneDrive/Documents/Shivam_Developement/data_engineering/data_engineering_project/batch-etl-pyspark/.venv/lib/python3.12/site-packages/airflow/example_dags/example_external_task_marker_dag.py
[2025-07-16T19:10:00.396+0000] {logging_mixin.py:188} INFO - [2025-07-16T19:10:00.395+0000] {dag.py:3096} INFO - Sync 2 DAGs
[2025-07-16T19:10:00.409+0000] {logging_mixin.py:188} INFO - [2025-07-16T19:10:00.408+0000] {dag.py:3954} INFO - Setting next_dagrun for example_external_task_marker_child to None, run_after=None
[2025-07-16T19:10:00.418+0000] {logging_mixin.py:188} INFO - [2025-07-16T19:10:00.415+0000] {dag.py:3954} INFO - Setting next_dagrun for example_external_task_marker_parent to None, run_after=None
[2025-07-16T19:10:00.512+0000] {processor.py:183} INFO - Processing /mnt/c/Users/Shivam Gupta/OneDrive/Documents/Shivam_Developement/data_engineering/data_engineering_project/batch-etl-pyspark/.venv/lib/python3.12/site-packages/airflow/example_dags/example_external_task_marker_dag.py took 0.186 seconds
[2025-07-16T19:11:35.388+0000] {processor.py:161} INFO - Started process (PID=11588) to work on /mnt/c/Users/Shivam Gupta/OneDrive/Documents/Shivam_Developement/data_engineering/data_engineering_project/batch-etl-pyspark/.venv/lib/python3.12/site-packages/airflow/example_dags/example_external_task_marker_dag.py
[2025-07-16T19:11:35.391+0000] {processor.py:830} INFO - Processing file /mnt/c/Users/Shivam Gupta/OneDrive/Documents/Shivam_Developement/data_engineering/data_engineering_project/batch-etl-pyspark/.venv/lib/python3.12/site-packages/airflow/example_dags/example_external_task_marker_dag.py for tasks to queue
[2025-07-16T19:11:35.399+0000] {logging_mixin.py:188} INFO - [2025-07-16T19:11:35.397+0000] {dagbag.py:545} INFO - Filling up the DagBag from /mnt/c/Users/Shivam Gupta/OneDrive/Documents/Shivam_Developement/data_engineering/data_engineering_project/batch-etl-pyspark/.venv/lib/python3.12/site-packages/airflow/example_dags/example_external_task_marker_dag.py
[2025-07-16T19:11:35.439+0000] {processor.py:840} INFO - DAG(s) 'example_external_task_marker_parent', 'example_external_task_marker_child' retrieved from /mnt/c/Users/Shivam Gupta/OneDrive/Documents/Shivam_Developement/data_engineering/data_engineering_project/batch-etl-pyspark/.venv/lib/python3.12/site-packages/airflow/example_dags/example_external_task_marker_dag.py
[2025-07-16T19:11:35.498+0000] {logging_mixin.py:188} INFO - [2025-07-16T19:11:35.496+0000] {dag.py:3096} INFO - Sync 2 DAGs
[2025-07-16T19:11:35.520+0000] {logging_mixin.py:188} INFO - [2025-07-16T19:11:35.518+0000] {dag.py:3954} INFO - Setting next_dagrun for example_external_task_marker_child to None, run_after=None
[2025-07-16T19:11:35.531+0000] {logging_mixin.py:188} INFO - [2025-07-16T19:11:35.530+0000] {dag.py:3954} INFO - Setting next_dagrun for example_external_task_marker_parent to None, run_after=None
[2025-07-16T19:11:35.681+0000] {processor.py:183} INFO - Processing /mnt/c/Users/Shivam Gupta/OneDrive/Documents/Shivam_Developement/data_engineering/data_engineering_project/batch-etl-pyspark/.venv/lib/python3.12/site-packages/airflow/example_dags/example_external_task_marker_dag.py took 0.308 seconds
[2025-07-16T19:13:02.165+0000] {processor.py:161} INFO - Started process (PID=11761) to work on /mnt/c/Users/Shivam Gupta/OneDrive/Documents/Shivam_Developement/data_engineering/data_engineering_project/batch-etl-pyspark/.venv/lib/python3.12/site-packages/airflow/example_dags/example_external_task_marker_dag.py
[2025-07-16T19:13:02.167+0000] {processor.py:830} INFO - Processing file /mnt/c/Users/Shivam Gupta/OneDrive/Documents/Shivam_Developement/data_engineering/data_engineering_project/batch-etl-pyspark/.venv/lib/python3.12/site-packages/airflow/example_dags/example_external_task_marker_dag.py for tasks to queue
[2025-07-16T19:13:02.170+0000] {logging_mixin.py:188} INFO - [2025-07-16T19:13:02.169+0000] {dagbag.py:545} INFO - Filling up the DagBag from /mnt/c/Users/Shivam Gupta/OneDrive/Documents/Shivam_Developement/data_engineering/data_engineering_project/batch-etl-pyspark/.venv/lib/python3.12/site-packages/airflow/example_dags/example_external_task_marker_dag.py
[2025-07-16T19:13:02.192+0000] {processor.py:840} INFO - DAG(s) 'example_external_task_marker_child', 'example_external_task_marker_parent' retrieved from /mnt/c/Users/Shivam Gupta/OneDrive/Documents/Shivam_Developement/data_engineering/data_engineering_project/batch-etl-pyspark/.venv/lib/python3.12/site-packages/airflow/example_dags/example_external_task_marker_dag.py
[2025-07-16T19:13:02.240+0000] {logging_mixin.py:188} INFO - [2025-07-16T19:13:02.239+0000] {dag.py:3096} INFO - Sync 2 DAGs
[2025-07-16T19:13:02.258+0000] {logging_mixin.py:188} INFO - [2025-07-16T19:13:02.257+0000] {dag.py:3954} INFO - Setting next_dagrun for example_external_task_marker_child to None, run_after=None
[2025-07-16T19:13:02.263+0000] {logging_mixin.py:188} INFO - [2025-07-16T19:13:02.262+0000] {dag.py:3954} INFO - Setting next_dagrun for example_external_task_marker_parent to None, run_after=None
[2025-07-16T19:13:02.325+0000] {processor.py:183} INFO - Processing /mnt/c/Users/Shivam Gupta/OneDrive/Documents/Shivam_Developement/data_engineering/data_engineering_project/batch-etl-pyspark/.venv/lib/python3.12/site-packages/airflow/example_dags/example_external_task_marker_dag.py took 0.173 seconds
[2025-07-16T19:14:29.496+0000] {processor.py:161} INFO - Started process (PID=11923) to work on /mnt/c/Users/Shivam Gupta/OneDrive/Documents/Shivam_Developement/data_engineering/data_engineering_project/batch-etl-pyspark/.venv/lib/python3.12/site-packages/airflow/example_dags/example_external_task_marker_dag.py
[2025-07-16T19:14:29.498+0000] {processor.py:830} INFO - Processing file /mnt/c/Users/Shivam Gupta/OneDrive/Documents/Shivam_Developement/data_engineering/data_engineering_project/batch-etl-pyspark/.venv/lib/python3.12/site-packages/airflow/example_dags/example_external_task_marker_dag.py for tasks to queue
[2025-07-16T19:14:29.502+0000] {logging_mixin.py:188} INFO - [2025-07-16T19:14:29.501+0000] {dagbag.py:545} INFO - Filling up the DagBag from /mnt/c/Users/Shivam Gupta/OneDrive/Documents/Shivam_Developement/data_engineering/data_engineering_project/batch-etl-pyspark/.venv/lib/python3.12/site-packages/airflow/example_dags/example_external_task_marker_dag.py
[2025-07-16T19:14:29.531+0000] {processor.py:840} INFO - DAG(s) 'example_external_task_marker_child', 'example_external_task_marker_parent' retrieved from /mnt/c/Users/Shivam Gupta/OneDrive/Documents/Shivam_Developement/data_engineering/data_engineering_project/batch-etl-pyspark/.venv/lib/python3.12/site-packages/airflow/example_dags/example_external_task_marker_dag.py
[2025-07-16T19:14:29.571+0000] {logging_mixin.py:188} INFO - [2025-07-16T19:14:29.570+0000] {dag.py:3096} INFO - Sync 2 DAGs
[2025-07-16T19:14:29.587+0000] {logging_mixin.py:188} INFO - [2025-07-16T19:14:29.586+0000] {dag.py:3954} INFO - Setting next_dagrun for example_external_task_marker_child to None, run_after=None
[2025-07-16T19:14:29.593+0000] {logging_mixin.py:188} INFO - [2025-07-16T19:14:29.593+0000] {dag.py:3954} INFO - Setting next_dagrun for example_external_task_marker_parent to None, run_after=None
[2025-07-16T19:14:29.696+0000] {processor.py:183} INFO - Processing /mnt/c/Users/Shivam Gupta/OneDrive/Documents/Shivam_Developement/data_engineering/data_engineering_project/batch-etl-pyspark/.venv/lib/python3.12/site-packages/airflow/example_dags/example_external_task_marker_dag.py took 0.214 seconds
[2025-07-16T19:16:02.579+0000] {processor.py:161} INFO - Started process (PID=12114) to work on /mnt/c/Users/Shivam Gupta/OneDrive/Documents/Shivam_Developement/data_engineering/data_engineering_project/batch-etl-pyspark/.venv/lib/python3.12/site-packages/airflow/example_dags/example_external_task_marker_dag.py
[2025-07-16T19:16:02.582+0000] {processor.py:830} INFO - Processing file /mnt/c/Users/Shivam Gupta/OneDrive/Documents/Shivam_Developement/data_engineering/data_engineering_project/batch-etl-pyspark/.venv/lib/python3.12/site-packages/airflow/example_dags/example_external_task_marker_dag.py for tasks to queue
[2025-07-16T19:16:02.585+0000] {logging_mixin.py:188} INFO - [2025-07-16T19:16:02.584+0000] {dagbag.py:545} INFO - Filling up the DagBag from /mnt/c/Users/Shivam Gupta/OneDrive/Documents/Shivam_Developement/data_engineering/data_engineering_project/batch-etl-pyspark/.venv/lib/python3.12/site-packages/airflow/example_dags/example_external_task_marker_dag.py
[2025-07-16T19:16:02.616+0000] {processor.py:840} INFO - DAG(s) 'example_external_task_marker_parent', 'example_external_task_marker_child' retrieved from /mnt/c/Users/Shivam Gupta/OneDrive/Documents/Shivam_Developement/data_engineering/data_engineering_project/batch-etl-pyspark/.venv/lib/python3.12/site-packages/airflow/example_dags/example_external_task_marker_dag.py
[2025-07-16T19:16:02.656+0000] {logging_mixin.py:188} INFO - [2025-07-16T19:16:02.654+0000] {dag.py:3096} INFO - Sync 2 DAGs
[2025-07-16T19:16:02.672+0000] {logging_mixin.py:188} INFO - [2025-07-16T19:16:02.670+0000] {dag.py:3954} INFO - Setting next_dagrun for example_external_task_marker_child to None, run_after=None
[2025-07-16T19:16:02.679+0000] {logging_mixin.py:188} INFO - [2025-07-16T19:16:02.678+0000] {dag.py:3954} INFO - Setting next_dagrun for example_external_task_marker_parent to None, run_after=None
[2025-07-16T19:16:02.761+0000] {processor.py:183} INFO - Processing /mnt/c/Users/Shivam Gupta/OneDrive/Documents/Shivam_Developement/data_engineering/data_engineering_project/batch-etl-pyspark/.venv/lib/python3.12/site-packages/airflow/example_dags/example_external_task_marker_dag.py took 0.203 seconds
[2025-07-16T19:17:31.167+0000] {processor.py:161} INFO - Started process (PID=12294) to work on /mnt/c/Users/Shivam Gupta/OneDrive/Documents/Shivam_Developement/data_engineering/data_engineering_project/batch-etl-pyspark/.venv/lib/python3.12/site-packages/airflow/example_dags/example_external_task_marker_dag.py
[2025-07-16T19:17:31.169+0000] {processor.py:830} INFO - Processing file /mnt/c/Users/Shivam Gupta/OneDrive/Documents/Shivam_Developement/data_engineering/data_engineering_project/batch-etl-pyspark/.venv/lib/python3.12/site-packages/airflow/example_dags/example_external_task_marker_dag.py for tasks to queue
[2025-07-16T19:17:31.172+0000] {logging_mixin.py:188} INFO - [2025-07-16T19:17:31.171+0000] {dagbag.py:545} INFO - Filling up the DagBag from /mnt/c/Users/Shivam Gupta/OneDrive/Documents/Shivam_Developement/data_engineering/data_engineering_project/batch-etl-pyspark/.venv/lib/python3.12/site-packages/airflow/example_dags/example_external_task_marker_dag.py
[2025-07-16T19:17:31.200+0000] {processor.py:840} INFO - DAG(s) 'example_external_task_marker_child', 'example_external_task_marker_parent' retrieved from /mnt/c/Users/Shivam Gupta/OneDrive/Documents/Shivam_Developement/data_engineering/data_engineering_project/batch-etl-pyspark/.venv/lib/python3.12/site-packages/airflow/example_dags/example_external_task_marker_dag.py
[2025-07-16T19:17:31.264+0000] {logging_mixin.py:188} INFO - [2025-07-16T19:17:31.242+0000] {dag.py:3096} INFO - Sync 2 DAGs
[2025-07-16T19:17:31.281+0000] {logging_mixin.py:188} INFO - [2025-07-16T19:17:31.280+0000] {dag.py:3954} INFO - Setting next_dagrun for example_external_task_marker_child to None, run_after=None
[2025-07-16T19:17:31.288+0000] {logging_mixin.py:188} INFO - [2025-07-16T19:17:31.287+0000] {dag.py:3954} INFO - Setting next_dagrun for example_external_task_marker_parent to None, run_after=None
[2025-07-16T19:17:31.382+0000] {processor.py:183} INFO - Processing /mnt/c/Users/Shivam Gupta/OneDrive/Documents/Shivam_Developement/data_engineering/data_engineering_project/batch-etl-pyspark/.venv/lib/python3.12/site-packages/airflow/example_dags/example_external_task_marker_dag.py took 0.231 seconds
[2025-07-16T19:18:52.716+0000] {processor.py:161} INFO - Started process (PID=12429) to work on /mnt/c/Users/Shivam Gupta/OneDrive/Documents/Shivam_Developement/data_engineering/data_engineering_project/batch-etl-pyspark/.venv/lib/python3.12/site-packages/airflow/example_dags/example_external_task_marker_dag.py
[2025-07-16T19:18:52.719+0000] {processor.py:830} INFO - Processing file /mnt/c/Users/Shivam Gupta/OneDrive/Documents/Shivam_Developement/data_engineering/data_engineering_project/batch-etl-pyspark/.venv/lib/python3.12/site-packages/airflow/example_dags/example_external_task_marker_dag.py for tasks to queue
[2025-07-16T19:18:52.724+0000] {logging_mixin.py:188} INFO - [2025-07-16T19:18:52.722+0000] {dagbag.py:545} INFO - Filling up the DagBag from /mnt/c/Users/Shivam Gupta/OneDrive/Documents/Shivam_Developement/data_engineering/data_engineering_project/batch-etl-pyspark/.venv/lib/python3.12/site-packages/airflow/example_dags/example_external_task_marker_dag.py
[2025-07-16T19:18:52.763+0000] {processor.py:840} INFO - DAG(s) 'example_external_task_marker_child', 'example_external_task_marker_parent' retrieved from /mnt/c/Users/Shivam Gupta/OneDrive/Documents/Shivam_Developement/data_engineering/data_engineering_project/batch-etl-pyspark/.venv/lib/python3.12/site-packages/airflow/example_dags/example_external_task_marker_dag.py
[2025-07-16T19:18:52.813+0000] {logging_mixin.py:188} INFO - [2025-07-16T19:18:52.811+0000] {dag.py:3096} INFO - Sync 2 DAGs
[2025-07-16T19:18:52.833+0000] {logging_mixin.py:188} INFO - [2025-07-16T19:18:52.832+0000] {dag.py:3954} INFO - Setting next_dagrun for example_external_task_marker_child to None, run_after=None
[2025-07-16T19:18:52.842+0000] {logging_mixin.py:188} INFO - [2025-07-16T19:18:52.840+0000] {dag.py:3954} INFO - Setting next_dagrun for example_external_task_marker_parent to None, run_after=None
[2025-07-16T19:18:52.943+0000] {processor.py:183} INFO - Processing /mnt/c/Users/Shivam Gupta/OneDrive/Documents/Shivam_Developement/data_engineering/data_engineering_project/batch-etl-pyspark/.venv/lib/python3.12/site-packages/airflow/example_dags/example_external_task_marker_dag.py took 0.248 seconds
[2025-07-16T19:20:15.035+0000] {processor.py:161} INFO - Started process (PID=12575) to work on /mnt/c/Users/Shivam Gupta/OneDrive/Documents/Shivam_Developement/data_engineering/data_engineering_project/batch-etl-pyspark/.venv/lib/python3.12/site-packages/airflow/example_dags/example_external_task_marker_dag.py
[2025-07-16T19:20:15.047+0000] {processor.py:830} INFO - Processing file /mnt/c/Users/Shivam Gupta/OneDrive/Documents/Shivam_Developement/data_engineering/data_engineering_project/batch-etl-pyspark/.venv/lib/python3.12/site-packages/airflow/example_dags/example_external_task_marker_dag.py for tasks to queue
[2025-07-16T19:20:15.049+0000] {logging_mixin.py:188} INFO - [2025-07-16T19:20:15.049+0000] {dagbag.py:545} INFO - Filling up the DagBag from /mnt/c/Users/Shivam Gupta/OneDrive/Documents/Shivam_Developement/data_engineering/data_engineering_project/batch-etl-pyspark/.venv/lib/python3.12/site-packages/airflow/example_dags/example_external_task_marker_dag.py
[2025-07-16T19:20:15.065+0000] {processor.py:840} INFO - DAG(s) 'example_external_task_marker_parent', 'example_external_task_marker_child' retrieved from /mnt/c/Users/Shivam Gupta/OneDrive/Documents/Shivam_Developement/data_engineering/data_engineering_project/batch-etl-pyspark/.venv/lib/python3.12/site-packages/airflow/example_dags/example_external_task_marker_dag.py
[2025-07-16T19:20:15.108+0000] {logging_mixin.py:188} INFO - [2025-07-16T19:20:15.107+0000] {dag.py:3096} INFO - Sync 2 DAGs
[2025-07-16T19:20:15.121+0000] {logging_mixin.py:188} INFO - [2025-07-16T19:20:15.120+0000] {dag.py:3954} INFO - Setting next_dagrun for example_external_task_marker_child to None, run_after=None
[2025-07-16T19:20:15.126+0000] {logging_mixin.py:188} INFO - [2025-07-16T19:20:15.126+0000] {dag.py:3954} INFO - Setting next_dagrun for example_external_task_marker_parent to None, run_after=None
[2025-07-16T19:20:15.188+0000] {processor.py:183} INFO - Processing /mnt/c/Users/Shivam Gupta/OneDrive/Documents/Shivam_Developement/data_engineering/data_engineering_project/batch-etl-pyspark/.venv/lib/python3.12/site-packages/airflow/example_dags/example_external_task_marker_dag.py took 0.163 seconds
[2025-07-16T19:21:41.639+0000] {processor.py:161} INFO - Started process (PID=12743) to work on /mnt/c/Users/Shivam Gupta/OneDrive/Documents/Shivam_Developement/data_engineering/data_engineering_project/batch-etl-pyspark/.venv/lib/python3.12/site-packages/airflow/example_dags/example_external_task_marker_dag.py
[2025-07-16T19:21:41.641+0000] {processor.py:830} INFO - Processing file /mnt/c/Users/Shivam Gupta/OneDrive/Documents/Shivam_Developement/data_engineering/data_engineering_project/batch-etl-pyspark/.venv/lib/python3.12/site-packages/airflow/example_dags/example_external_task_marker_dag.py for tasks to queue
[2025-07-16T19:21:41.644+0000] {logging_mixin.py:188} INFO - [2025-07-16T19:21:41.643+0000] {dagbag.py:545} INFO - Filling up the DagBag from /mnt/c/Users/Shivam Gupta/OneDrive/Documents/Shivam_Developement/data_engineering/data_engineering_project/batch-etl-pyspark/.venv/lib/python3.12/site-packages/airflow/example_dags/example_external_task_marker_dag.py
[2025-07-16T19:21:41.660+0000] {processor.py:840} INFO - DAG(s) 'example_external_task_marker_child', 'example_external_task_marker_parent' retrieved from /mnt/c/Users/Shivam Gupta/OneDrive/Documents/Shivam_Developement/data_engineering/data_engineering_project/batch-etl-pyspark/.venv/lib/python3.12/site-packages/airflow/example_dags/example_external_task_marker_dag.py
[2025-07-16T19:21:41.688+0000] {logging_mixin.py:188} INFO - [2025-07-16T19:21:41.687+0000] {dag.py:3096} INFO - Sync 2 DAGs
[2025-07-16T19:21:41.701+0000] {logging_mixin.py:188} INFO - [2025-07-16T19:21:41.701+0000] {dag.py:3954} INFO - Setting next_dagrun for example_external_task_marker_child to None, run_after=None
[2025-07-16T19:21:41.707+0000] {logging_mixin.py:188} INFO - [2025-07-16T19:21:41.706+0000] {dag.py:3954} INFO - Setting next_dagrun for example_external_task_marker_parent to None, run_after=None
[2025-07-16T19:21:41.771+0000] {processor.py:183} INFO - Processing /mnt/c/Users/Shivam Gupta/OneDrive/Documents/Shivam_Developement/data_engineering/data_engineering_project/batch-etl-pyspark/.venv/lib/python3.12/site-packages/airflow/example_dags/example_external_task_marker_dag.py took 0.140 seconds
[2025-07-16T19:23:07.941+0000] {processor.py:161} INFO - Started process (PID=12908) to work on /mnt/c/Users/Shivam Gupta/OneDrive/Documents/Shivam_Developement/data_engineering/data_engineering_project/batch-etl-pyspark/.venv/lib/python3.12/site-packages/airflow/example_dags/example_external_task_marker_dag.py
[2025-07-16T19:23:07.943+0000] {processor.py:830} INFO - Processing file /mnt/c/Users/Shivam Gupta/OneDrive/Documents/Shivam_Developement/data_engineering/data_engineering_project/batch-etl-pyspark/.venv/lib/python3.12/site-packages/airflow/example_dags/example_external_task_marker_dag.py for tasks to queue
[2025-07-16T19:23:07.947+0000] {logging_mixin.py:188} INFO - [2025-07-16T19:23:07.946+0000] {dagbag.py:545} INFO - Filling up the DagBag from /mnt/c/Users/Shivam Gupta/OneDrive/Documents/Shivam_Developement/data_engineering/data_engineering_project/batch-etl-pyspark/.venv/lib/python3.12/site-packages/airflow/example_dags/example_external_task_marker_dag.py
[2025-07-16T19:23:07.976+0000] {processor.py:840} INFO - DAG(s) 'example_external_task_marker_child', 'example_external_task_marker_parent' retrieved from /mnt/c/Users/Shivam Gupta/OneDrive/Documents/Shivam_Developement/data_engineering/data_engineering_project/batch-etl-pyspark/.venv/lib/python3.12/site-packages/airflow/example_dags/example_external_task_marker_dag.py
[2025-07-16T19:23:08.015+0000] {logging_mixin.py:188} INFO - [2025-07-16T19:23:08.015+0000] {dag.py:3096} INFO - Sync 2 DAGs
[2025-07-16T19:23:08.031+0000] {logging_mixin.py:188} INFO - [2025-07-16T19:23:08.030+0000] {dag.py:3954} INFO - Setting next_dagrun for example_external_task_marker_child to None, run_after=None
[2025-07-16T19:23:08.038+0000] {logging_mixin.py:188} INFO - [2025-07-16T19:23:08.037+0000] {dag.py:3954} INFO - Setting next_dagrun for example_external_task_marker_parent to None, run_after=None
[2025-07-16T19:23:08.126+0000] {processor.py:183} INFO - Processing /mnt/c/Users/Shivam Gupta/OneDrive/Documents/Shivam_Developement/data_engineering/data_engineering_project/batch-etl-pyspark/.venv/lib/python3.12/site-packages/airflow/example_dags/example_external_task_marker_dag.py took 0.199 seconds
[2025-07-16T19:24:30.720+0000] {processor.py:161} INFO - Started process (PID=13015) to work on /mnt/c/Users/Shivam Gupta/OneDrive/Documents/Shivam_Developement/data_engineering/data_engineering_project/batch-etl-pyspark/.venv/lib/python3.12/site-packages/airflow/example_dags/example_external_task_marker_dag.py
[2025-07-16T19:24:30.723+0000] {processor.py:830} INFO - Processing file /mnt/c/Users/Shivam Gupta/OneDrive/Documents/Shivam_Developement/data_engineering/data_engineering_project/batch-etl-pyspark/.venv/lib/python3.12/site-packages/airflow/example_dags/example_external_task_marker_dag.py for tasks to queue
[2025-07-16T19:24:30.726+0000] {logging_mixin.py:188} INFO - [2025-07-16T19:24:30.725+0000] {dagbag.py:545} INFO - Filling up the DagBag from /mnt/c/Users/Shivam Gupta/OneDrive/Documents/Shivam_Developement/data_engineering/data_engineering_project/batch-etl-pyspark/.venv/lib/python3.12/site-packages/airflow/example_dags/example_external_task_marker_dag.py
[2025-07-16T19:24:30.751+0000] {processor.py:840} INFO - DAG(s) 'example_external_task_marker_child', 'example_external_task_marker_parent' retrieved from /mnt/c/Users/Shivam Gupta/OneDrive/Documents/Shivam_Developement/data_engineering/data_engineering_project/batch-etl-pyspark/.venv/lib/python3.12/site-packages/airflow/example_dags/example_external_task_marker_dag.py
[2025-07-16T19:24:30.790+0000] {logging_mixin.py:188} INFO - [2025-07-16T19:24:30.789+0000] {dag.py:3096} INFO - Sync 2 DAGs
[2025-07-16T19:24:30.811+0000] {logging_mixin.py:188} INFO - [2025-07-16T19:24:30.808+0000] {dag.py:3954} INFO - Setting next_dagrun for example_external_task_marker_child to None, run_after=None
[2025-07-16T19:24:30.825+0000] {logging_mixin.py:188} INFO - [2025-07-16T19:24:30.822+0000] {dag.py:3954} INFO - Setting next_dagrun for example_external_task_marker_parent to None, run_after=None
[2025-07-16T19:24:31.019+0000] {processor.py:183} INFO - Processing /mnt/c/Users/Shivam Gupta/OneDrive/Documents/Shivam_Developement/data_engineering/data_engineering_project/batch-etl-pyspark/.venv/lib/python3.12/site-packages/airflow/example_dags/example_external_task_marker_dag.py took 0.313 seconds
[2025-07-16T19:25:53.366+0000] {processor.py:161} INFO - Started process (PID=13136) to work on /mnt/c/Users/Shivam Gupta/OneDrive/Documents/Shivam_Developement/data_engineering/data_engineering_project/batch-etl-pyspark/.venv/lib/python3.12/site-packages/airflow/example_dags/example_external_task_marker_dag.py
[2025-07-16T19:25:53.368+0000] {processor.py:830} INFO - Processing file /mnt/c/Users/Shivam Gupta/OneDrive/Documents/Shivam_Developement/data_engineering/data_engineering_project/batch-etl-pyspark/.venv/lib/python3.12/site-packages/airflow/example_dags/example_external_task_marker_dag.py for tasks to queue
[2025-07-16T19:25:53.371+0000] {logging_mixin.py:188} INFO - [2025-07-16T19:25:53.370+0000] {dagbag.py:545} INFO - Filling up the DagBag from /mnt/c/Users/Shivam Gupta/OneDrive/Documents/Shivam_Developement/data_engineering/data_engineering_project/batch-etl-pyspark/.venv/lib/python3.12/site-packages/airflow/example_dags/example_external_task_marker_dag.py
[2025-07-16T19:25:53.391+0000] {processor.py:840} INFO - DAG(s) 'example_external_task_marker_child', 'example_external_task_marker_parent' retrieved from /mnt/c/Users/Shivam Gupta/OneDrive/Documents/Shivam_Developement/data_engineering/data_engineering_project/batch-etl-pyspark/.venv/lib/python3.12/site-packages/airflow/example_dags/example_external_task_marker_dag.py
[2025-07-16T19:25:53.422+0000] {logging_mixin.py:188} INFO - [2025-07-16T19:25:53.421+0000] {dag.py:3096} INFO - Sync 2 DAGs
[2025-07-16T19:25:53.435+0000] {logging_mixin.py:188} INFO - [2025-07-16T19:25:53.434+0000] {dag.py:3954} INFO - Setting next_dagrun for example_external_task_marker_child to None, run_after=None
[2025-07-16T19:25:53.441+0000] {logging_mixin.py:188} INFO - [2025-07-16T19:25:53.440+0000] {dag.py:3954} INFO - Setting next_dagrun for example_external_task_marker_parent to None, run_after=None
[2025-07-16T19:25:53.509+0000] {processor.py:183} INFO - Processing /mnt/c/Users/Shivam Gupta/OneDrive/Documents/Shivam_Developement/data_engineering/data_engineering_project/batch-etl-pyspark/.venv/lib/python3.12/site-packages/airflow/example_dags/example_external_task_marker_dag.py took 0.153 seconds
[2025-07-16T19:27:15.568+0000] {processor.py:161} INFO - Started process (PID=13227) to work on /mnt/c/Users/Shivam Gupta/OneDrive/Documents/Shivam_Developement/data_engineering/data_engineering_project/batch-etl-pyspark/.venv/lib/python3.12/site-packages/airflow/example_dags/example_external_task_marker_dag.py
[2025-07-16T19:27:15.570+0000] {processor.py:830} INFO - Processing file /mnt/c/Users/Shivam Gupta/OneDrive/Documents/Shivam_Developement/data_engineering/data_engineering_project/batch-etl-pyspark/.venv/lib/python3.12/site-packages/airflow/example_dags/example_external_task_marker_dag.py for tasks to queue
[2025-07-16T19:27:15.572+0000] {logging_mixin.py:188} INFO - [2025-07-16T19:27:15.571+0000] {dagbag.py:545} INFO - Filling up the DagBag from /mnt/c/Users/Shivam Gupta/OneDrive/Documents/Shivam_Developement/data_engineering/data_engineering_project/batch-etl-pyspark/.venv/lib/python3.12/site-packages/airflow/example_dags/example_external_task_marker_dag.py
[2025-07-16T19:27:15.586+0000] {processor.py:840} INFO - DAG(s) 'example_external_task_marker_parent', 'example_external_task_marker_child' retrieved from /mnt/c/Users/Shivam Gupta/OneDrive/Documents/Shivam_Developement/data_engineering/data_engineering_project/batch-etl-pyspark/.venv/lib/python3.12/site-packages/airflow/example_dags/example_external_task_marker_dag.py
[2025-07-16T19:27:15.611+0000] {logging_mixin.py:188} INFO - [2025-07-16T19:27:15.611+0000] {dag.py:3096} INFO - Sync 2 DAGs
[2025-07-16T19:27:15.623+0000] {logging_mixin.py:188} INFO - [2025-07-16T19:27:15.622+0000] {dag.py:3954} INFO - Setting next_dagrun for example_external_task_marker_child to None, run_after=None
[2025-07-16T19:27:15.628+0000] {logging_mixin.py:188} INFO - [2025-07-16T19:27:15.627+0000] {dag.py:3954} INFO - Setting next_dagrun for example_external_task_marker_parent to None, run_after=None
[2025-07-16T19:27:15.715+0000] {processor.py:183} INFO - Processing /mnt/c/Users/Shivam Gupta/OneDrive/Documents/Shivam_Developement/data_engineering/data_engineering_project/batch-etl-pyspark/.venv/lib/python3.12/site-packages/airflow/example_dags/example_external_task_marker_dag.py took 0.157 seconds
[2025-07-16T19:28:30.693+0000] {processor.py:161} INFO - Started process (PID=13313) to work on /mnt/c/Users/Shivam Gupta/OneDrive/Documents/Shivam_Developement/data_engineering/data_engineering_project/batch-etl-pyspark/.venv/lib/python3.12/site-packages/airflow/example_dags/example_external_task_marker_dag.py
[2025-07-16T19:28:30.694+0000] {processor.py:830} INFO - Processing file /mnt/c/Users/Shivam Gupta/OneDrive/Documents/Shivam_Developement/data_engineering/data_engineering_project/batch-etl-pyspark/.venv/lib/python3.12/site-packages/airflow/example_dags/example_external_task_marker_dag.py for tasks to queue
[2025-07-16T19:28:30.696+0000] {logging_mixin.py:188} INFO - [2025-07-16T19:28:30.696+0000] {dagbag.py:545} INFO - Filling up the DagBag from /mnt/c/Users/Shivam Gupta/OneDrive/Documents/Shivam_Developement/data_engineering/data_engineering_project/batch-etl-pyspark/.venv/lib/python3.12/site-packages/airflow/example_dags/example_external_task_marker_dag.py
[2025-07-16T19:28:30.712+0000] {processor.py:840} INFO - DAG(s) 'example_external_task_marker_parent', 'example_external_task_marker_child' retrieved from /mnt/c/Users/Shivam Gupta/OneDrive/Documents/Shivam_Developement/data_engineering/data_engineering_project/batch-etl-pyspark/.venv/lib/python3.12/site-packages/airflow/example_dags/example_external_task_marker_dag.py
[2025-07-16T19:28:30.737+0000] {logging_mixin.py:188} INFO - [2025-07-16T19:28:30.737+0000] {dag.py:3096} INFO - Sync 2 DAGs
[2025-07-16T19:28:30.748+0000] {logging_mixin.py:188} INFO - [2025-07-16T19:28:30.748+0000] {dag.py:3954} INFO - Setting next_dagrun for example_external_task_marker_child to None, run_after=None
[2025-07-16T19:28:30.752+0000] {logging_mixin.py:188} INFO - [2025-07-16T19:28:30.752+0000] {dag.py:3954} INFO - Setting next_dagrun for example_external_task_marker_parent to None, run_after=None
[2025-07-16T19:28:30.801+0000] {processor.py:183} INFO - Processing /mnt/c/Users/Shivam Gupta/OneDrive/Documents/Shivam_Developement/data_engineering/data_engineering_project/batch-etl-pyspark/.venv/lib/python3.12/site-packages/airflow/example_dags/example_external_task_marker_dag.py took 0.117 seconds
[2025-07-16T19:29:40.563+0000] {processor.py:161} INFO - Started process (PID=13437) to work on /mnt/c/Users/Shivam Gupta/OneDrive/Documents/Shivam_Developement/data_engineering/data_engineering_project/batch-etl-pyspark/.venv/lib/python3.12/site-packages/airflow/example_dags/example_external_task_marker_dag.py
[2025-07-16T19:29:40.565+0000] {processor.py:830} INFO - Processing file /mnt/c/Users/Shivam Gupta/OneDrive/Documents/Shivam_Developement/data_engineering/data_engineering_project/batch-etl-pyspark/.venv/lib/python3.12/site-packages/airflow/example_dags/example_external_task_marker_dag.py for tasks to queue
[2025-07-16T19:29:40.568+0000] {logging_mixin.py:188} INFO - [2025-07-16T19:29:40.567+0000] {dagbag.py:545} INFO - Filling up the DagBag from /mnt/c/Users/Shivam Gupta/OneDrive/Documents/Shivam_Developement/data_engineering/data_engineering_project/batch-etl-pyspark/.venv/lib/python3.12/site-packages/airflow/example_dags/example_external_task_marker_dag.py
[2025-07-16T19:29:40.593+0000] {processor.py:840} INFO - DAG(s) 'example_external_task_marker_parent', 'example_external_task_marker_child' retrieved from /mnt/c/Users/Shivam Gupta/OneDrive/Documents/Shivam_Developement/data_engineering/data_engineering_project/batch-etl-pyspark/.venv/lib/python3.12/site-packages/airflow/example_dags/example_external_task_marker_dag.py
[2025-07-16T19:29:40.636+0000] {logging_mixin.py:188} INFO - [2025-07-16T19:29:40.635+0000] {dag.py:3096} INFO - Sync 2 DAGs
[2025-07-16T19:29:40.652+0000] {logging_mixin.py:188} INFO - [2025-07-16T19:29:40.650+0000] {dag.py:3954} INFO - Setting next_dagrun for example_external_task_marker_child to None, run_after=None
[2025-07-16T19:29:40.660+0000] {logging_mixin.py:188} INFO - [2025-07-16T19:29:40.659+0000] {dag.py:3954} INFO - Setting next_dagrun for example_external_task_marker_parent to None, run_after=None
[2025-07-16T19:29:40.735+0000] {processor.py:183} INFO - Processing /mnt/c/Users/Shivam Gupta/OneDrive/Documents/Shivam_Developement/data_engineering/data_engineering_project/batch-etl-pyspark/.venv/lib/python3.12/site-packages/airflow/example_dags/example_external_task_marker_dag.py took 0.186 seconds
[2025-07-16T19:30:59.636+0000] {processor.py:161} INFO - Started process (PID=13559) to work on /mnt/c/Users/Shivam Gupta/OneDrive/Documents/Shivam_Developement/data_engineering/data_engineering_project/batch-etl-pyspark/.venv/lib/python3.12/site-packages/airflow/example_dags/example_external_task_marker_dag.py
[2025-07-16T19:30:59.638+0000] {processor.py:830} INFO - Processing file /mnt/c/Users/Shivam Gupta/OneDrive/Documents/Shivam_Developement/data_engineering/data_engineering_project/batch-etl-pyspark/.venv/lib/python3.12/site-packages/airflow/example_dags/example_external_task_marker_dag.py for tasks to queue
[2025-07-16T19:30:59.641+0000] {logging_mixin.py:188} INFO - [2025-07-16T19:30:59.640+0000] {dagbag.py:545} INFO - Filling up the DagBag from /mnt/c/Users/Shivam Gupta/OneDrive/Documents/Shivam_Developement/data_engineering/data_engineering_project/batch-etl-pyspark/.venv/lib/python3.12/site-packages/airflow/example_dags/example_external_task_marker_dag.py
[2025-07-16T19:30:59.660+0000] {processor.py:840} INFO - DAG(s) 'example_external_task_marker_parent', 'example_external_task_marker_child' retrieved from /mnt/c/Users/Shivam Gupta/OneDrive/Documents/Shivam_Developement/data_engineering/data_engineering_project/batch-etl-pyspark/.venv/lib/python3.12/site-packages/airflow/example_dags/example_external_task_marker_dag.py
[2025-07-16T19:30:59.691+0000] {logging_mixin.py:188} INFO - [2025-07-16T19:30:59.690+0000] {dag.py:3096} INFO - Sync 2 DAGs
[2025-07-16T19:30:59.704+0000] {logging_mixin.py:188} INFO - [2025-07-16T19:30:59.703+0000] {dag.py:3954} INFO - Setting next_dagrun for example_external_task_marker_child to None, run_after=None
[2025-07-16T19:30:59.708+0000] {logging_mixin.py:188} INFO - [2025-07-16T19:30:59.708+0000] {dag.py:3954} INFO - Setting next_dagrun for example_external_task_marker_parent to None, run_after=None
[2025-07-16T19:30:59.764+0000] {processor.py:183} INFO - Processing /mnt/c/Users/Shivam Gupta/OneDrive/Documents/Shivam_Developement/data_engineering/data_engineering_project/batch-etl-pyspark/.venv/lib/python3.12/site-packages/airflow/example_dags/example_external_task_marker_dag.py took 0.140 seconds
[2025-07-16T19:32:11.135+0000] {processor.py:161} INFO - Started process (PID=13697) to work on /mnt/c/Users/Shivam Gupta/OneDrive/Documents/Shivam_Developement/data_engineering/data_engineering_project/batch-etl-pyspark/.venv/lib/python3.12/site-packages/airflow/example_dags/example_external_task_marker_dag.py
[2025-07-16T19:32:11.137+0000] {processor.py:830} INFO - Processing file /mnt/c/Users/Shivam Gupta/OneDrive/Documents/Shivam_Developement/data_engineering/data_engineering_project/batch-etl-pyspark/.venv/lib/python3.12/site-packages/airflow/example_dags/example_external_task_marker_dag.py for tasks to queue
[2025-07-16T19:32:11.141+0000] {logging_mixin.py:188} INFO - [2025-07-16T19:32:11.139+0000] {dagbag.py:545} INFO - Filling up the DagBag from /mnt/c/Users/Shivam Gupta/OneDrive/Documents/Shivam_Developement/data_engineering/data_engineering_project/batch-etl-pyspark/.venv/lib/python3.12/site-packages/airflow/example_dags/example_external_task_marker_dag.py
[2025-07-16T19:32:11.162+0000] {processor.py:840} INFO - DAG(s) 'example_external_task_marker_child', 'example_external_task_marker_parent' retrieved from /mnt/c/Users/Shivam Gupta/OneDrive/Documents/Shivam_Developement/data_engineering/data_engineering_project/batch-etl-pyspark/.venv/lib/python3.12/site-packages/airflow/example_dags/example_external_task_marker_dag.py
[2025-07-16T19:32:11.203+0000] {logging_mixin.py:188} INFO - [2025-07-16T19:32:11.202+0000] {dag.py:3096} INFO - Sync 2 DAGs
[2025-07-16T19:32:11.217+0000] {logging_mixin.py:188} INFO - [2025-07-16T19:32:11.216+0000] {dag.py:3954} INFO - Setting next_dagrun for example_external_task_marker_child to None, run_after=None
[2025-07-16T19:32:11.223+0000] {logging_mixin.py:188} INFO - [2025-07-16T19:32:11.222+0000] {dag.py:3954} INFO - Setting next_dagrun for example_external_task_marker_parent to None, run_after=None
[2025-07-16T19:32:11.307+0000] {processor.py:183} INFO - Processing /mnt/c/Users/Shivam Gupta/OneDrive/Documents/Shivam_Developement/data_engineering/data_engineering_project/batch-etl-pyspark/.venv/lib/python3.12/site-packages/airflow/example_dags/example_external_task_marker_dag.py took 0.184 seconds
[2025-07-16T19:33:15.623+0000] {processor.py:161} INFO - Started process (PID=13826) to work on /mnt/c/Users/Shivam Gupta/OneDrive/Documents/Shivam_Developement/data_engineering/data_engineering_project/batch-etl-pyspark/.venv/lib/python3.12/site-packages/airflow/example_dags/example_external_task_marker_dag.py
[2025-07-16T19:33:15.625+0000] {processor.py:830} INFO - Processing file /mnt/c/Users/Shivam Gupta/OneDrive/Documents/Shivam_Developement/data_engineering/data_engineering_project/batch-etl-pyspark/.venv/lib/python3.12/site-packages/airflow/example_dags/example_external_task_marker_dag.py for tasks to queue
[2025-07-16T19:33:15.628+0000] {logging_mixin.py:188} INFO - [2025-07-16T19:33:15.627+0000] {dagbag.py:545} INFO - Filling up the DagBag from /mnt/c/Users/Shivam Gupta/OneDrive/Documents/Shivam_Developement/data_engineering/data_engineering_project/batch-etl-pyspark/.venv/lib/python3.12/site-packages/airflow/example_dags/example_external_task_marker_dag.py
[2025-07-16T19:33:15.652+0000] {processor.py:840} INFO - DAG(s) 'example_external_task_marker_child', 'example_external_task_marker_parent' retrieved from /mnt/c/Users/Shivam Gupta/OneDrive/Documents/Shivam_Developement/data_engineering/data_engineering_project/batch-etl-pyspark/.venv/lib/python3.12/site-packages/airflow/example_dags/example_external_task_marker_dag.py
[2025-07-16T19:33:15.696+0000] {logging_mixin.py:188} INFO - [2025-07-16T19:33:15.695+0000] {dag.py:3096} INFO - Sync 2 DAGs
[2025-07-16T19:33:15.712+0000] {logging_mixin.py:188} INFO - [2025-07-16T19:33:15.711+0000] {dag.py:3954} INFO - Setting next_dagrun for example_external_task_marker_child to None, run_after=None
[2025-07-16T19:33:15.720+0000] {logging_mixin.py:188} INFO - [2025-07-16T19:33:15.719+0000] {dag.py:3954} INFO - Setting next_dagrun for example_external_task_marker_parent to None, run_after=None
[2025-07-16T19:33:15.793+0000] {processor.py:183} INFO - Processing /mnt/c/Users/Shivam Gupta/OneDrive/Documents/Shivam_Developement/data_engineering/data_engineering_project/batch-etl-pyspark/.venv/lib/python3.12/site-packages/airflow/example_dags/example_external_task_marker_dag.py took 0.185 seconds
[2025-07-16T19:34:30.025+0000] {processor.py:161} INFO - Started process (PID=13951) to work on /mnt/c/Users/Shivam Gupta/OneDrive/Documents/Shivam_Developement/data_engineering/data_engineering_project/batch-etl-pyspark/.venv/lib/python3.12/site-packages/airflow/example_dags/example_external_task_marker_dag.py
[2025-07-16T19:34:30.026+0000] {processor.py:830} INFO - Processing file /mnt/c/Users/Shivam Gupta/OneDrive/Documents/Shivam_Developement/data_engineering/data_engineering_project/batch-etl-pyspark/.venv/lib/python3.12/site-packages/airflow/example_dags/example_external_task_marker_dag.py for tasks to queue
[2025-07-16T19:34:30.030+0000] {logging_mixin.py:188} INFO - [2025-07-16T19:34:30.029+0000] {dagbag.py:545} INFO - Filling up the DagBag from /mnt/c/Users/Shivam Gupta/OneDrive/Documents/Shivam_Developement/data_engineering/data_engineering_project/batch-etl-pyspark/.venv/lib/python3.12/site-packages/airflow/example_dags/example_external_task_marker_dag.py
[2025-07-16T19:34:30.052+0000] {processor.py:840} INFO - DAG(s) 'example_external_task_marker_child', 'example_external_task_marker_parent' retrieved from /mnt/c/Users/Shivam Gupta/OneDrive/Documents/Shivam_Developement/data_engineering/data_engineering_project/batch-etl-pyspark/.venv/lib/python3.12/site-packages/airflow/example_dags/example_external_task_marker_dag.py
[2025-07-16T19:34:30.087+0000] {logging_mixin.py:188} INFO - [2025-07-16T19:34:30.086+0000] {dag.py:3096} INFO - Sync 2 DAGs
[2025-07-16T19:34:30.100+0000] {logging_mixin.py:188} INFO - [2025-07-16T19:34:30.099+0000] {dag.py:3954} INFO - Setting next_dagrun for example_external_task_marker_child to None, run_after=None
[2025-07-16T19:34:30.106+0000] {logging_mixin.py:188} INFO - [2025-07-16T19:34:30.105+0000] {dag.py:3954} INFO - Setting next_dagrun for example_external_task_marker_parent to None, run_after=None
[2025-07-16T19:34:30.175+0000] {processor.py:183} INFO - Processing /mnt/c/Users/Shivam Gupta/OneDrive/Documents/Shivam_Developement/data_engineering/data_engineering_project/batch-etl-pyspark/.venv/lib/python3.12/site-packages/airflow/example_dags/example_external_task_marker_dag.py took 0.162 seconds
[2025-07-16T19:35:43.972+0000] {processor.py:161} INFO - Started process (PID=14108) to work on /mnt/c/Users/Shivam Gupta/OneDrive/Documents/Shivam_Developement/data_engineering/data_engineering_project/batch-etl-pyspark/.venv/lib/python3.12/site-packages/airflow/example_dags/example_external_task_marker_dag.py
[2025-07-16T19:35:43.975+0000] {processor.py:830} INFO - Processing file /mnt/c/Users/Shivam Gupta/OneDrive/Documents/Shivam_Developement/data_engineering/data_engineering_project/batch-etl-pyspark/.venv/lib/python3.12/site-packages/airflow/example_dags/example_external_task_marker_dag.py for tasks to queue
[2025-07-16T19:35:43.978+0000] {logging_mixin.py:188} INFO - [2025-07-16T19:35:43.977+0000] {dagbag.py:545} INFO - Filling up the DagBag from /mnt/c/Users/Shivam Gupta/OneDrive/Documents/Shivam_Developement/data_engineering/data_engineering_project/batch-etl-pyspark/.venv/lib/python3.12/site-packages/airflow/example_dags/example_external_task_marker_dag.py
[2025-07-16T19:35:43.998+0000] {processor.py:840} INFO - DAG(s) 'example_external_task_marker_child', 'example_external_task_marker_parent' retrieved from /mnt/c/Users/Shivam Gupta/OneDrive/Documents/Shivam_Developement/data_engineering/data_engineering_project/batch-etl-pyspark/.venv/lib/python3.12/site-packages/airflow/example_dags/example_external_task_marker_dag.py
[2025-07-16T19:35:44.036+0000] {logging_mixin.py:188} INFO - [2025-07-16T19:35:44.035+0000] {dag.py:3096} INFO - Sync 2 DAGs
[2025-07-16T19:35:44.052+0000] {logging_mixin.py:188} INFO - [2025-07-16T19:35:44.051+0000] {dag.py:3954} INFO - Setting next_dagrun for example_external_task_marker_child to None, run_after=None
[2025-07-16T19:35:44.060+0000] {logging_mixin.py:188} INFO - [2025-07-16T19:35:44.059+0000] {dag.py:3954} INFO - Setting next_dagrun for example_external_task_marker_parent to None, run_after=None
[2025-07-16T19:35:44.133+0000] {processor.py:183} INFO - Processing /mnt/c/Users/Shivam Gupta/OneDrive/Documents/Shivam_Developement/data_engineering/data_engineering_project/batch-etl-pyspark/.venv/lib/python3.12/site-packages/airflow/example_dags/example_external_task_marker_dag.py took 0.171 seconds
[2025-07-16T19:49:27.979+0000] {processor.py:161} INFO - Started process (PID=15106) to work on /mnt/c/Users/Shivam Gupta/OneDrive/Documents/Shivam_Developement/data_engineering/data_engineering_project/batch-etl-pyspark/.venv/lib/python3.12/site-packages/airflow/example_dags/example_external_task_marker_dag.py
[2025-07-16T19:49:27.981+0000] {processor.py:830} INFO - Processing file /mnt/c/Users/Shivam Gupta/OneDrive/Documents/Shivam_Developement/data_engineering/data_engineering_project/batch-etl-pyspark/.venv/lib/python3.12/site-packages/airflow/example_dags/example_external_task_marker_dag.py for tasks to queue
[2025-07-16T19:49:27.984+0000] {logging_mixin.py:188} INFO - [2025-07-16T19:49:27.983+0000] {dagbag.py:545} INFO - Filling up the DagBag from /mnt/c/Users/Shivam Gupta/OneDrive/Documents/Shivam_Developement/data_engineering/data_engineering_project/batch-etl-pyspark/.venv/lib/python3.12/site-packages/airflow/example_dags/example_external_task_marker_dag.py
[2025-07-16T19:49:28.015+0000] {processor.py:840} INFO - DAG(s) 'example_external_task_marker_child', 'example_external_task_marker_parent' retrieved from /mnt/c/Users/Shivam Gupta/OneDrive/Documents/Shivam_Developement/data_engineering/data_engineering_project/batch-etl-pyspark/.venv/lib/python3.12/site-packages/airflow/example_dags/example_external_task_marker_dag.py
[2025-07-16T19:49:28.072+0000] {logging_mixin.py:188} INFO - [2025-07-16T19:49:28.070+0000] {dag.py:3096} INFO - Sync 2 DAGs
[2025-07-16T19:49:28.089+0000] {logging_mixin.py:188} INFO - [2025-07-16T19:49:28.087+0000] {dag.py:3954} INFO - Setting next_dagrun for example_external_task_marker_child to None, run_after=None
[2025-07-16T19:49:28.098+0000] {logging_mixin.py:188} INFO - [2025-07-16T19:49:28.096+0000] {dag.py:3954} INFO - Setting next_dagrun for example_external_task_marker_parent to None, run_after=None
[2025-07-16T19:49:28.187+0000] {processor.py:183} INFO - Processing /mnt/c/Users/Shivam Gupta/OneDrive/Documents/Shivam_Developement/data_engineering/data_engineering_project/batch-etl-pyspark/.venv/lib/python3.12/site-packages/airflow/example_dags/example_external_task_marker_dag.py took 0.217 seconds
[2025-07-16T19:50:54.209+0000] {processor.py:161} INFO - Started process (PID=15220) to work on /mnt/c/Users/Shivam Gupta/OneDrive/Documents/Shivam_Developement/data_engineering/data_engineering_project/batch-etl-pyspark/.venv/lib/python3.12/site-packages/airflow/example_dags/example_external_task_marker_dag.py
[2025-07-16T19:50:54.213+0000] {processor.py:830} INFO - Processing file /mnt/c/Users/Shivam Gupta/OneDrive/Documents/Shivam_Developement/data_engineering/data_engineering_project/batch-etl-pyspark/.venv/lib/python3.12/site-packages/airflow/example_dags/example_external_task_marker_dag.py for tasks to queue
[2025-07-16T19:50:54.219+0000] {logging_mixin.py:188} INFO - [2025-07-16T19:50:54.217+0000] {dagbag.py:545} INFO - Filling up the DagBag from /mnt/c/Users/Shivam Gupta/OneDrive/Documents/Shivam_Developement/data_engineering/data_engineering_project/batch-etl-pyspark/.venv/lib/python3.12/site-packages/airflow/example_dags/example_external_task_marker_dag.py
[2025-07-16T19:50:54.280+0000] {processor.py:840} INFO - DAG(s) 'example_external_task_marker_child', 'example_external_task_marker_parent' retrieved from /mnt/c/Users/Shivam Gupta/OneDrive/Documents/Shivam_Developement/data_engineering/data_engineering_project/batch-etl-pyspark/.venv/lib/python3.12/site-packages/airflow/example_dags/example_external_task_marker_dag.py
[2025-07-16T19:50:54.328+0000] {logging_mixin.py:188} INFO - [2025-07-16T19:50:54.327+0000] {dag.py:3096} INFO - Sync 2 DAGs
[2025-07-16T19:50:54.347+0000] {logging_mixin.py:188} INFO - [2025-07-16T19:50:54.345+0000] {dag.py:3954} INFO - Setting next_dagrun for example_external_task_marker_child to None, run_after=None
[2025-07-16T19:50:54.357+0000] {logging_mixin.py:188} INFO - [2025-07-16T19:50:54.355+0000] {dag.py:3954} INFO - Setting next_dagrun for example_external_task_marker_parent to None, run_after=None
[2025-07-16T19:50:54.463+0000] {processor.py:183} INFO - Processing /mnt/c/Users/Shivam Gupta/OneDrive/Documents/Shivam_Developement/data_engineering/data_engineering_project/batch-etl-pyspark/.venv/lib/python3.12/site-packages/airflow/example_dags/example_external_task_marker_dag.py took 0.277 seconds
[2025-07-16T19:52:20.445+0000] {processor.py:161} INFO - Started process (PID=15321) to work on /mnt/c/Users/Shivam Gupta/OneDrive/Documents/Shivam_Developement/data_engineering/data_engineering_project/batch-etl-pyspark/.venv/lib/python3.12/site-packages/airflow/example_dags/example_external_task_marker_dag.py
[2025-07-16T19:52:20.448+0000] {processor.py:830} INFO - Processing file /mnt/c/Users/Shivam Gupta/OneDrive/Documents/Shivam_Developement/data_engineering/data_engineering_project/batch-etl-pyspark/.venv/lib/python3.12/site-packages/airflow/example_dags/example_external_task_marker_dag.py for tasks to queue
[2025-07-16T19:52:20.460+0000] {logging_mixin.py:188} INFO - [2025-07-16T19:52:20.457+0000] {dagbag.py:545} INFO - Filling up the DagBag from /mnt/c/Users/Shivam Gupta/OneDrive/Documents/Shivam_Developement/data_engineering/data_engineering_project/batch-etl-pyspark/.venv/lib/python3.12/site-packages/airflow/example_dags/example_external_task_marker_dag.py
[2025-07-16T19:52:20.513+0000] {processor.py:840} INFO - DAG(s) 'example_external_task_marker_parent', 'example_external_task_marker_child' retrieved from /mnt/c/Users/Shivam Gupta/OneDrive/Documents/Shivam_Developement/data_engineering/data_engineering_project/batch-etl-pyspark/.venv/lib/python3.12/site-packages/airflow/example_dags/example_external_task_marker_dag.py
[2025-07-16T19:52:20.625+0000] {logging_mixin.py:188} INFO - [2025-07-16T19:52:20.621+0000] {dag.py:3096} INFO - Sync 2 DAGs
[2025-07-16T19:52:20.659+0000] {logging_mixin.py:188} INFO - [2025-07-16T19:52:20.657+0000] {dag.py:3954} INFO - Setting next_dagrun for example_external_task_marker_child to None, run_after=None
[2025-07-16T19:52:20.668+0000] {logging_mixin.py:188} INFO - [2025-07-16T19:52:20.666+0000] {dag.py:3954} INFO - Setting next_dagrun for example_external_task_marker_parent to None, run_after=None
[2025-07-16T19:52:20.784+0000] {processor.py:183} INFO - Processing /mnt/c/Users/Shivam Gupta/OneDrive/Documents/Shivam_Developement/data_engineering/data_engineering_project/batch-etl-pyspark/.venv/lib/python3.12/site-packages/airflow/example_dags/example_external_task_marker_dag.py took 0.361 seconds
