[2025-07-16T17:47:28.488+0000] {processor.py:161} INFO - Started process (PID=5777) to work on /mnt/c/Users/Shivam Gupta/OneDrive/Documents/Shivam_Developement/data_engineering/data_engineering_project/batch-etl-pyspark/.venv/lib/python3.12/site-packages/airflow/example_dags/example_latest_only_with_trigger.py
[2025-07-16T17:47:28.490+0000] {processor.py:830} INFO - Processing file /mnt/c/Users/Shivam Gupta/OneDrive/Documents/Shivam_Developement/data_engineering/data_engineering_project/batch-etl-pyspark/.venv/lib/python3.12/site-packages/airflow/example_dags/example_latest_only_with_trigger.py for tasks to queue
[2025-07-16T17:47:28.492+0000] {logging_mixin.py:188} INFO - [2025-07-16T17:47:28.491+0000] {dagbag.py:545} INFO - Filling up the DagBag from /mnt/c/Users/Shivam Gupta/OneDrive/Documents/Shivam_Developement/data_engineering/data_engineering_project/batch-etl-pyspark/.venv/lib/python3.12/site-packages/airflow/example_dags/example_latest_only_with_trigger.py
[2025-07-16T17:47:28.508+0000] {processor.py:840} INFO - DAG(s) 'latest_only_with_trigger' retrieved from /mnt/c/Users/Shivam Gupta/OneDrive/Documents/Shivam_Developement/data_engineering/data_engineering_project/batch-etl-pyspark/.venv/lib/python3.12/site-packages/airflow/example_dags/example_latest_only_with_trigger.py
[2025-07-16T17:47:29.789+0000] {logging_mixin.py:188} INFO - [2025-07-16T17:47:29.787+0000] {override.py:1930} INFO - Created Permission View: can read on DAG:latest_only_with_trigger
[2025-07-16T17:47:29.828+0000] {logging_mixin.py:188} INFO - [2025-07-16T17:47:29.827+0000] {override.py:1930} INFO - Created Permission View: can edit on DAG:latest_only_with_trigger
[2025-07-16T17:47:29.870+0000] {logging_mixin.py:188} INFO - [2025-07-16T17:47:29.856+0000] {override.py:1930} INFO - Created Permission View: can delete on DAG:latest_only_with_trigger
[2025-07-16T17:47:29.875+0000] {logging_mixin.py:188} INFO - [2025-07-16T17:47:29.873+0000] {dag.py:3096} INFO - Sync 1 DAGs
[2025-07-16T17:47:29.894+0000] {logging_mixin.py:188} INFO - [2025-07-16T17:47:29.893+0000] {dag.py:3118} INFO - Creating ORM DAG for latest_only_with_trigger
[2025-07-16T17:47:29.908+0000] {logging_mixin.py:188} INFO - [2025-07-16T17:47:29.907+0000] {dag.py:3954} INFO - Setting next_dagrun for latest_only_with_trigger to 2025-07-16 12:00:00+00:00, run_after=2025-07-16 16:00:00+00:00
[2025-07-16T17:47:29.976+0000] {processor.py:183} INFO - Processing /mnt/c/Users/Shivam Gupta/OneDrive/Documents/Shivam_Developement/data_engineering/data_engineering_project/batch-etl-pyspark/.venv/lib/python3.12/site-packages/airflow/example_dags/example_latest_only_with_trigger.py took 1.496 seconds
[2025-07-16T17:49:05.933+0000] {processor.py:161} INFO - Started process (PID=5847) to work on /mnt/c/Users/Shivam Gupta/OneDrive/Documents/Shivam_Developement/data_engineering/data_engineering_project/batch-etl-pyspark/.venv/lib/python3.12/site-packages/airflow/example_dags/example_latest_only_with_trigger.py
[2025-07-16T17:49:05.935+0000] {processor.py:830} INFO - Processing file /mnt/c/Users/Shivam Gupta/OneDrive/Documents/Shivam_Developement/data_engineering/data_engineering_project/batch-etl-pyspark/.venv/lib/python3.12/site-packages/airflow/example_dags/example_latest_only_with_trigger.py for tasks to queue
[2025-07-16T17:49:05.940+0000] {logging_mixin.py:188} INFO - [2025-07-16T17:49:05.938+0000] {dagbag.py:545} INFO - Filling up the DagBag from /mnt/c/Users/Shivam Gupta/OneDrive/Documents/Shivam_Developement/data_engineering/data_engineering_project/batch-etl-pyspark/.venv/lib/python3.12/site-packages/airflow/example_dags/example_latest_only_with_trigger.py
[2025-07-16T17:49:05.982+0000] {processor.py:840} INFO - DAG(s) 'latest_only_with_trigger' retrieved from /mnt/c/Users/Shivam Gupta/OneDrive/Documents/Shivam_Developement/data_engineering/data_engineering_project/batch-etl-pyspark/.venv/lib/python3.12/site-packages/airflow/example_dags/example_latest_only_with_trigger.py
[2025-07-16T17:49:06.023+0000] {logging_mixin.py:188} INFO - [2025-07-16T17:49:06.022+0000] {dag.py:3096} INFO - Sync 1 DAGs
[2025-07-16T17:49:06.074+0000] {logging_mixin.py:188} INFO - [2025-07-16T17:49:06.072+0000] {dag.py:3954} INFO - Setting next_dagrun for latest_only_with_trigger to 2025-07-16 12:00:00+00:00, run_after=2025-07-16 16:00:00+00:00
[2025-07-16T17:49:06.177+0000] {processor.py:183} INFO - Processing /mnt/c/Users/Shivam Gupta/OneDrive/Documents/Shivam_Developement/data_engineering/data_engineering_project/batch-etl-pyspark/.venv/lib/python3.12/site-packages/airflow/example_dags/example_latest_only_with_trigger.py took 0.268 seconds
[2025-07-16T17:50:39.615+0000] {processor.py:161} INFO - Started process (PID=5940) to work on /mnt/c/Users/Shivam Gupta/OneDrive/Documents/Shivam_Developement/data_engineering/data_engineering_project/batch-etl-pyspark/.venv/lib/python3.12/site-packages/airflow/example_dags/example_latest_only_with_trigger.py
[2025-07-16T17:50:39.617+0000] {processor.py:830} INFO - Processing file /mnt/c/Users/Shivam Gupta/OneDrive/Documents/Shivam_Developement/data_engineering/data_engineering_project/batch-etl-pyspark/.venv/lib/python3.12/site-packages/airflow/example_dags/example_latest_only_with_trigger.py for tasks to queue
[2025-07-16T17:50:39.620+0000] {logging_mixin.py:188} INFO - [2025-07-16T17:50:39.619+0000] {dagbag.py:545} INFO - Filling up the DagBag from /mnt/c/Users/Shivam Gupta/OneDrive/Documents/Shivam_Developement/data_engineering/data_engineering_project/batch-etl-pyspark/.venv/lib/python3.12/site-packages/airflow/example_dags/example_latest_only_with_trigger.py
[2025-07-16T17:50:39.637+0000] {processor.py:840} INFO - DAG(s) 'latest_only_with_trigger' retrieved from /mnt/c/Users/Shivam Gupta/OneDrive/Documents/Shivam_Developement/data_engineering/data_engineering_project/batch-etl-pyspark/.venv/lib/python3.12/site-packages/airflow/example_dags/example_latest_only_with_trigger.py
[2025-07-16T17:50:39.661+0000] {logging_mixin.py:188} INFO - [2025-07-16T17:50:39.660+0000] {dag.py:3096} INFO - Sync 1 DAGs
[2025-07-16T17:50:39.686+0000] {logging_mixin.py:188} INFO - [2025-07-16T17:50:39.685+0000] {dag.py:3954} INFO - Setting next_dagrun for latest_only_with_trigger to 2025-07-16 12:00:00+00:00, run_after=2025-07-16 16:00:00+00:00
[2025-07-16T17:50:39.746+0000] {processor.py:183} INFO - Processing /mnt/c/Users/Shivam Gupta/OneDrive/Documents/Shivam_Developement/data_engineering/data_engineering_project/batch-etl-pyspark/.venv/lib/python3.12/site-packages/airflow/example_dags/example_latest_only_with_trigger.py took 0.140 seconds
[2025-07-16T17:51:57.438+0000] {processor.py:161} INFO - Started process (PID=6029) to work on /mnt/c/Users/Shivam Gupta/OneDrive/Documents/Shivam_Developement/data_engineering/data_engineering_project/batch-etl-pyspark/.venv/lib/python3.12/site-packages/airflow/example_dags/example_latest_only_with_trigger.py
[2025-07-16T17:51:57.440+0000] {processor.py:830} INFO - Processing file /mnt/c/Users/Shivam Gupta/OneDrive/Documents/Shivam_Developement/data_engineering/data_engineering_project/batch-etl-pyspark/.venv/lib/python3.12/site-packages/airflow/example_dags/example_latest_only_with_trigger.py for tasks to queue
[2025-07-16T17:51:57.443+0000] {logging_mixin.py:188} INFO - [2025-07-16T17:51:57.442+0000] {dagbag.py:545} INFO - Filling up the DagBag from /mnt/c/Users/Shivam Gupta/OneDrive/Documents/Shivam_Developement/data_engineering/data_engineering_project/batch-etl-pyspark/.venv/lib/python3.12/site-packages/airflow/example_dags/example_latest_only_with_trigger.py
[2025-07-16T17:51:57.463+0000] {processor.py:840} INFO - DAG(s) 'latest_only_with_trigger' retrieved from /mnt/c/Users/Shivam Gupta/OneDrive/Documents/Shivam_Developement/data_engineering/data_engineering_project/batch-etl-pyspark/.venv/lib/python3.12/site-packages/airflow/example_dags/example_latest_only_with_trigger.py
[2025-07-16T17:51:57.490+0000] {logging_mixin.py:188} INFO - [2025-07-16T17:51:57.489+0000] {dag.py:3096} INFO - Sync 1 DAGs
[2025-07-16T17:51:57.601+0000] {logging_mixin.py:188} INFO - [2025-07-16T17:51:57.600+0000] {dag.py:3954} INFO - Setting next_dagrun for latest_only_with_trigger to 2025-07-16 12:00:00+00:00, run_after=2025-07-16 16:00:00+00:00
[2025-07-16T17:51:57.663+0000] {processor.py:183} INFO - Processing /mnt/c/Users/Shivam Gupta/OneDrive/Documents/Shivam_Developement/data_engineering/data_engineering_project/batch-etl-pyspark/.venv/lib/python3.12/site-packages/airflow/example_dags/example_latest_only_with_trigger.py took 0.236 seconds
[2025-07-16T17:53:14.715+0000] {processor.py:161} INFO - Started process (PID=6099) to work on /mnt/c/Users/Shivam Gupta/OneDrive/Documents/Shivam_Developement/data_engineering/data_engineering_project/batch-etl-pyspark/.venv/lib/python3.12/site-packages/airflow/example_dags/example_latest_only_with_trigger.py
[2025-07-16T17:53:14.717+0000] {processor.py:830} INFO - Processing file /mnt/c/Users/Shivam Gupta/OneDrive/Documents/Shivam_Developement/data_engineering/data_engineering_project/batch-etl-pyspark/.venv/lib/python3.12/site-packages/airflow/example_dags/example_latest_only_with_trigger.py for tasks to queue
[2025-07-16T17:53:14.719+0000] {logging_mixin.py:188} INFO - [2025-07-16T17:53:14.719+0000] {dagbag.py:545} INFO - Filling up the DagBag from /mnt/c/Users/Shivam Gupta/OneDrive/Documents/Shivam_Developement/data_engineering/data_engineering_project/batch-etl-pyspark/.venv/lib/python3.12/site-packages/airflow/example_dags/example_latest_only_with_trigger.py
[2025-07-16T17:53:14.739+0000] {processor.py:840} INFO - DAG(s) 'latest_only_with_trigger' retrieved from /mnt/c/Users/Shivam Gupta/OneDrive/Documents/Shivam_Developement/data_engineering/data_engineering_project/batch-etl-pyspark/.venv/lib/python3.12/site-packages/airflow/example_dags/example_latest_only_with_trigger.py
[2025-07-16T17:53:14.764+0000] {logging_mixin.py:188} INFO - [2025-07-16T17:53:14.763+0000] {dag.py:3096} INFO - Sync 1 DAGs
[2025-07-16T17:53:14.789+0000] {logging_mixin.py:188} INFO - [2025-07-16T17:53:14.788+0000] {dag.py:3954} INFO - Setting next_dagrun for latest_only_with_trigger to 2025-07-16 12:00:00+00:00, run_after=2025-07-16 16:00:00+00:00
[2025-07-16T17:53:14.841+0000] {processor.py:183} INFO - Processing /mnt/c/Users/Shivam Gupta/OneDrive/Documents/Shivam_Developement/data_engineering/data_engineering_project/batch-etl-pyspark/.venv/lib/python3.12/site-packages/airflow/example_dags/example_latest_only_with_trigger.py took 0.135 seconds
[2025-07-16T17:54:48.251+0000] {processor.py:161} INFO - Started process (PID=6188) to work on /mnt/c/Users/Shivam Gupta/OneDrive/Documents/Shivam_Developement/data_engineering/data_engineering_project/batch-etl-pyspark/.venv/lib/python3.12/site-packages/airflow/example_dags/example_latest_only_with_trigger.py
[2025-07-16T17:54:48.253+0000] {processor.py:830} INFO - Processing file /mnt/c/Users/Shivam Gupta/OneDrive/Documents/Shivam_Developement/data_engineering/data_engineering_project/batch-etl-pyspark/.venv/lib/python3.12/site-packages/airflow/example_dags/example_latest_only_with_trigger.py for tasks to queue
[2025-07-16T17:54:48.255+0000] {logging_mixin.py:188} INFO - [2025-07-16T17:54:48.255+0000] {dagbag.py:545} INFO - Filling up the DagBag from /mnt/c/Users/Shivam Gupta/OneDrive/Documents/Shivam_Developement/data_engineering/data_engineering_project/batch-etl-pyspark/.venv/lib/python3.12/site-packages/airflow/example_dags/example_latest_only_with_trigger.py
[2025-07-16T17:54:48.273+0000] {processor.py:840} INFO - DAG(s) 'latest_only_with_trigger' retrieved from /mnt/c/Users/Shivam Gupta/OneDrive/Documents/Shivam_Developement/data_engineering/data_engineering_project/batch-etl-pyspark/.venv/lib/python3.12/site-packages/airflow/example_dags/example_latest_only_with_trigger.py
[2025-07-16T17:54:48.302+0000] {logging_mixin.py:188} INFO - [2025-07-16T17:54:48.301+0000] {dag.py:3096} INFO - Sync 1 DAGs
[2025-07-16T17:54:48.333+0000] {logging_mixin.py:188} INFO - [2025-07-16T17:54:48.332+0000] {dag.py:3954} INFO - Setting next_dagrun for latest_only_with_trigger to 2025-07-16 12:00:00+00:00, run_after=2025-07-16 16:00:00+00:00
[2025-07-16T17:54:48.405+0000] {processor.py:183} INFO - Processing /mnt/c/Users/Shivam Gupta/OneDrive/Documents/Shivam_Developement/data_engineering/data_engineering_project/batch-etl-pyspark/.venv/lib/python3.12/site-packages/airflow/example_dags/example_latest_only_with_trigger.py took 0.163 seconds
[2025-07-16T17:56:19.303+0000] {processor.py:161} INFO - Started process (PID=6276) to work on /mnt/c/Users/Shivam Gupta/OneDrive/Documents/Shivam_Developement/data_engineering/data_engineering_project/batch-etl-pyspark/.venv/lib/python3.12/site-packages/airflow/example_dags/example_latest_only_with_trigger.py
[2025-07-16T17:56:19.305+0000] {processor.py:830} INFO - Processing file /mnt/c/Users/Shivam Gupta/OneDrive/Documents/Shivam_Developement/data_engineering/data_engineering_project/batch-etl-pyspark/.venv/lib/python3.12/site-packages/airflow/example_dags/example_latest_only_with_trigger.py for tasks to queue
[2025-07-16T17:56:19.308+0000] {logging_mixin.py:188} INFO - [2025-07-16T17:56:19.307+0000] {dagbag.py:545} INFO - Filling up the DagBag from /mnt/c/Users/Shivam Gupta/OneDrive/Documents/Shivam_Developement/data_engineering/data_engineering_project/batch-etl-pyspark/.venv/lib/python3.12/site-packages/airflow/example_dags/example_latest_only_with_trigger.py
[2025-07-16T17:56:19.327+0000] {processor.py:840} INFO - DAG(s) 'latest_only_with_trigger' retrieved from /mnt/c/Users/Shivam Gupta/OneDrive/Documents/Shivam_Developement/data_engineering/data_engineering_project/batch-etl-pyspark/.venv/lib/python3.12/site-packages/airflow/example_dags/example_latest_only_with_trigger.py
[2025-07-16T17:56:19.356+0000] {logging_mixin.py:188} INFO - [2025-07-16T17:56:19.355+0000] {dag.py:3096} INFO - Sync 1 DAGs
[2025-07-16T17:56:19.382+0000] {logging_mixin.py:188} INFO - [2025-07-16T17:56:19.381+0000] {dag.py:3954} INFO - Setting next_dagrun for latest_only_with_trigger to 2025-07-16 12:00:00+00:00, run_after=2025-07-16 16:00:00+00:00
[2025-07-16T17:56:19.440+0000] {processor.py:183} INFO - Processing /mnt/c/Users/Shivam Gupta/OneDrive/Documents/Shivam_Developement/data_engineering/data_engineering_project/batch-etl-pyspark/.venv/lib/python3.12/site-packages/airflow/example_dags/example_latest_only_with_trigger.py took 0.149 seconds
[2025-07-16T18:02:46.911+0000] {processor.py:161} INFO - Started process (PID=6748) to work on /mnt/c/Users/Shivam Gupta/OneDrive/Documents/Shivam_Developement/data_engineering/data_engineering_project/batch-etl-pyspark/.venv/lib/python3.12/site-packages/airflow/example_dags/example_latest_only_with_trigger.py
[2025-07-16T18:02:46.916+0000] {processor.py:830} INFO - Processing file /mnt/c/Users/Shivam Gupta/OneDrive/Documents/Shivam_Developement/data_engineering/data_engineering_project/batch-etl-pyspark/.venv/lib/python3.12/site-packages/airflow/example_dags/example_latest_only_with_trigger.py for tasks to queue
[2025-07-16T18:02:46.922+0000] {logging_mixin.py:188} INFO - [2025-07-16T18:02:46.920+0000] {dagbag.py:545} INFO - Filling up the DagBag from /mnt/c/Users/Shivam Gupta/OneDrive/Documents/Shivam_Developement/data_engineering/data_engineering_project/batch-etl-pyspark/.venv/lib/python3.12/site-packages/airflow/example_dags/example_latest_only_with_trigger.py
[2025-07-16T18:02:46.961+0000] {processor.py:840} INFO - DAG(s) 'latest_only_with_trigger' retrieved from /mnt/c/Users/Shivam Gupta/OneDrive/Documents/Shivam_Developement/data_engineering/data_engineering_project/batch-etl-pyspark/.venv/lib/python3.12/site-packages/airflow/example_dags/example_latest_only_with_trigger.py
[2025-07-16T18:02:47.019+0000] {logging_mixin.py:188} INFO - [2025-07-16T18:02:47.018+0000] {dag.py:3096} INFO - Sync 1 DAGs
[2025-07-16T18:02:47.067+0000] {logging_mixin.py:188} INFO - [2025-07-16T18:02:47.066+0000] {dag.py:3954} INFO - Setting next_dagrun for latest_only_with_trigger to 2025-07-16 12:00:00+00:00, run_after=2025-07-16 16:00:00+00:00
[2025-07-16T18:02:47.204+0000] {processor.py:183} INFO - Processing /mnt/c/Users/Shivam Gupta/OneDrive/Documents/Shivam_Developement/data_engineering/data_engineering_project/batch-etl-pyspark/.venv/lib/python3.12/site-packages/airflow/example_dags/example_latest_only_with_trigger.py took 0.308 seconds
[2025-07-16T18:38:37.266+0000] {processor.py:161} INFO - Started process (PID=8695) to work on /mnt/c/Users/Shivam Gupta/OneDrive/Documents/Shivam_Developement/data_engineering/data_engineering_project/batch-etl-pyspark/.venv/lib/python3.12/site-packages/airflow/example_dags/example_latest_only_with_trigger.py
[2025-07-16T18:38:37.268+0000] {processor.py:830} INFO - Processing file /mnt/c/Users/Shivam Gupta/OneDrive/Documents/Shivam_Developement/data_engineering/data_engineering_project/batch-etl-pyspark/.venv/lib/python3.12/site-packages/airflow/example_dags/example_latest_only_with_trigger.py for tasks to queue
[2025-07-16T18:38:37.271+0000] {logging_mixin.py:188} INFO - [2025-07-16T18:38:37.270+0000] {dagbag.py:545} INFO - Filling up the DagBag from /mnt/c/Users/Shivam Gupta/OneDrive/Documents/Shivam_Developement/data_engineering/data_engineering_project/batch-etl-pyspark/.venv/lib/python3.12/site-packages/airflow/example_dags/example_latest_only_with_trigger.py
[2025-07-16T18:38:37.289+0000] {processor.py:840} INFO - DAG(s) 'latest_only_with_trigger' retrieved from /mnt/c/Users/Shivam Gupta/OneDrive/Documents/Shivam_Developement/data_engineering/data_engineering_project/batch-etl-pyspark/.venv/lib/python3.12/site-packages/airflow/example_dags/example_latest_only_with_trigger.py
[2025-07-16T18:38:37.324+0000] {logging_mixin.py:188} INFO - [2025-07-16T18:38:37.322+0000] {dag.py:3096} INFO - Sync 1 DAGs
[2025-07-16T18:38:37.348+0000] {logging_mixin.py:188} INFO - [2025-07-16T18:38:37.347+0000] {dag.py:3954} INFO - Setting next_dagrun for latest_only_with_trigger to 2025-07-16 12:00:00+00:00, run_after=2025-07-16 16:00:00+00:00
[2025-07-16T18:38:37.418+0000] {processor.py:183} INFO - Processing /mnt/c/Users/Shivam Gupta/OneDrive/Documents/Shivam_Developement/data_engineering/data_engineering_project/batch-etl-pyspark/.venv/lib/python3.12/site-packages/airflow/example_dags/example_latest_only_with_trigger.py took 0.162 seconds
[2025-07-16T18:52:44.793+0000] {processor.py:161} INFO - Started process (PID=9395) to work on /mnt/c/Users/Shivam Gupta/OneDrive/Documents/Shivam_Developement/data_engineering/data_engineering_project/batch-etl-pyspark/.venv/lib/python3.12/site-packages/airflow/example_dags/example_latest_only_with_trigger.py
[2025-07-16T18:52:44.795+0000] {processor.py:830} INFO - Processing file /mnt/c/Users/Shivam Gupta/OneDrive/Documents/Shivam_Developement/data_engineering/data_engineering_project/batch-etl-pyspark/.venv/lib/python3.12/site-packages/airflow/example_dags/example_latest_only_with_trigger.py for tasks to queue
[2025-07-16T18:52:44.797+0000] {logging_mixin.py:188} INFO - [2025-07-16T18:52:44.796+0000] {dagbag.py:545} INFO - Filling up the DagBag from /mnt/c/Users/Shivam Gupta/OneDrive/Documents/Shivam_Developement/data_engineering/data_engineering_project/batch-etl-pyspark/.venv/lib/python3.12/site-packages/airflow/example_dags/example_latest_only_with_trigger.py
[2025-07-16T18:52:44.811+0000] {processor.py:840} INFO - DAG(s) 'latest_only_with_trigger' retrieved from /mnt/c/Users/Shivam Gupta/OneDrive/Documents/Shivam_Developement/data_engineering/data_engineering_project/batch-etl-pyspark/.venv/lib/python3.12/site-packages/airflow/example_dags/example_latest_only_with_trigger.py
[2025-07-16T18:52:44.843+0000] {logging_mixin.py:188} INFO - [2025-07-16T18:52:44.842+0000] {dag.py:3096} INFO - Sync 1 DAGs
[2025-07-16T18:52:44.875+0000] {logging_mixin.py:188} INFO - [2025-07-16T18:52:44.874+0000] {dag.py:3954} INFO - Setting next_dagrun for latest_only_with_trigger to 2025-07-16 12:00:00+00:00, run_after=2025-07-16 16:00:00+00:00
[2025-07-16T18:52:44.947+0000] {processor.py:183} INFO - Processing /mnt/c/Users/Shivam Gupta/OneDrive/Documents/Shivam_Developement/data_engineering/data_engineering_project/batch-etl-pyspark/.venv/lib/python3.12/site-packages/airflow/example_dags/example_latest_only_with_trigger.py took 0.161 seconds
[2025-07-16T18:54:10.657+0000] {processor.py:161} INFO - Started process (PID=9484) to work on /mnt/c/Users/Shivam Gupta/OneDrive/Documents/Shivam_Developement/data_engineering/data_engineering_project/batch-etl-pyspark/.venv/lib/python3.12/site-packages/airflow/example_dags/example_latest_only_with_trigger.py
[2025-07-16T18:54:10.661+0000] {processor.py:830} INFO - Processing file /mnt/c/Users/Shivam Gupta/OneDrive/Documents/Shivam_Developement/data_engineering/data_engineering_project/batch-etl-pyspark/.venv/lib/python3.12/site-packages/airflow/example_dags/example_latest_only_with_trigger.py for tasks to queue
[2025-07-16T18:54:10.665+0000] {logging_mixin.py:188} INFO - [2025-07-16T18:54:10.664+0000] {dagbag.py:545} INFO - Filling up the DagBag from /mnt/c/Users/Shivam Gupta/OneDrive/Documents/Shivam_Developement/data_engineering/data_engineering_project/batch-etl-pyspark/.venv/lib/python3.12/site-packages/airflow/example_dags/example_latest_only_with_trigger.py
[2025-07-16T18:54:10.706+0000] {processor.py:840} INFO - DAG(s) 'latest_only_with_trigger' retrieved from /mnt/c/Users/Shivam Gupta/OneDrive/Documents/Shivam_Developement/data_engineering/data_engineering_project/batch-etl-pyspark/.venv/lib/python3.12/site-packages/airflow/example_dags/example_latest_only_with_trigger.py
[2025-07-16T18:54:10.758+0000] {logging_mixin.py:188} INFO - [2025-07-16T18:54:10.756+0000] {dag.py:3096} INFO - Sync 1 DAGs
[2025-07-16T18:54:10.808+0000] {logging_mixin.py:188} INFO - [2025-07-16T18:54:10.804+0000] {dag.py:3954} INFO - Setting next_dagrun for latest_only_with_trigger to 2025-07-16 12:00:00+00:00, run_after=2025-07-16 16:00:00+00:00
[2025-07-16T18:54:10.929+0000] {processor.py:183} INFO - Processing /mnt/c/Users/Shivam Gupta/OneDrive/Documents/Shivam_Developement/data_engineering/data_engineering_project/batch-etl-pyspark/.venv/lib/python3.12/site-packages/airflow/example_dags/example_latest_only_with_trigger.py took 0.288 seconds
[2025-07-16T18:55:32.536+0000] {processor.py:161} INFO - Started process (PID=9731) to work on /mnt/c/Users/Shivam Gupta/OneDrive/Documents/Shivam_Developement/data_engineering/data_engineering_project/batch-etl-pyspark/.venv/lib/python3.12/site-packages/airflow/example_dags/example_latest_only_with_trigger.py
[2025-07-16T18:55:32.537+0000] {processor.py:830} INFO - Processing file /mnt/c/Users/Shivam Gupta/OneDrive/Documents/Shivam_Developement/data_engineering/data_engineering_project/batch-etl-pyspark/.venv/lib/python3.12/site-packages/airflow/example_dags/example_latest_only_with_trigger.py for tasks to queue
[2025-07-16T18:55:32.539+0000] {logging_mixin.py:188} INFO - [2025-07-16T18:55:32.539+0000] {dagbag.py:545} INFO - Filling up the DagBag from /mnt/c/Users/Shivam Gupta/OneDrive/Documents/Shivam_Developement/data_engineering/data_engineering_project/batch-etl-pyspark/.venv/lib/python3.12/site-packages/airflow/example_dags/example_latest_only_with_trigger.py
[2025-07-16T18:55:32.556+0000] {processor.py:840} INFO - DAG(s) 'latest_only_with_trigger' retrieved from /mnt/c/Users/Shivam Gupta/OneDrive/Documents/Shivam_Developement/data_engineering/data_engineering_project/batch-etl-pyspark/.venv/lib/python3.12/site-packages/airflow/example_dags/example_latest_only_with_trigger.py
[2025-07-16T18:55:32.580+0000] {logging_mixin.py:188} INFO - [2025-07-16T18:55:32.580+0000] {dag.py:3096} INFO - Sync 1 DAGs
[2025-07-16T18:55:32.603+0000] {logging_mixin.py:188} INFO - [2025-07-16T18:55:32.602+0000] {dag.py:3954} INFO - Setting next_dagrun for latest_only_with_trigger to 2025-07-16 12:00:00+00:00, run_after=2025-07-16 16:00:00+00:00
[2025-07-16T18:55:32.657+0000] {processor.py:183} INFO - Processing /mnt/c/Users/Shivam Gupta/OneDrive/Documents/Shivam_Developement/data_engineering/data_engineering_project/batch-etl-pyspark/.venv/lib/python3.12/site-packages/airflow/example_dags/example_latest_only_with_trigger.py took 0.131 seconds
[2025-07-16T18:56:47.810+0000] {processor.py:161} INFO - Started process (PID=9890) to work on /mnt/c/Users/Shivam Gupta/OneDrive/Documents/Shivam_Developement/data_engineering/data_engineering_project/batch-etl-pyspark/.venv/lib/python3.12/site-packages/airflow/example_dags/example_latest_only_with_trigger.py
[2025-07-16T18:56:47.812+0000] {processor.py:830} INFO - Processing file /mnt/c/Users/Shivam Gupta/OneDrive/Documents/Shivam_Developement/data_engineering/data_engineering_project/batch-etl-pyspark/.venv/lib/python3.12/site-packages/airflow/example_dags/example_latest_only_with_trigger.py for tasks to queue
[2025-07-16T18:56:47.815+0000] {logging_mixin.py:188} INFO - [2025-07-16T18:56:47.814+0000] {dagbag.py:545} INFO - Filling up the DagBag from /mnt/c/Users/Shivam Gupta/OneDrive/Documents/Shivam_Developement/data_engineering/data_engineering_project/batch-etl-pyspark/.venv/lib/python3.12/site-packages/airflow/example_dags/example_latest_only_with_trigger.py
[2025-07-16T18:56:47.835+0000] {processor.py:840} INFO - DAG(s) 'latest_only_with_trigger' retrieved from /mnt/c/Users/Shivam Gupta/OneDrive/Documents/Shivam_Developement/data_engineering/data_engineering_project/batch-etl-pyspark/.venv/lib/python3.12/site-packages/airflow/example_dags/example_latest_only_with_trigger.py
[2025-07-16T18:56:47.863+0000] {logging_mixin.py:188} INFO - [2025-07-16T18:56:47.862+0000] {dag.py:3096} INFO - Sync 1 DAGs
[2025-07-16T18:56:47.888+0000] {logging_mixin.py:188} INFO - [2025-07-16T18:56:47.887+0000] {dag.py:3954} INFO - Setting next_dagrun for latest_only_with_trigger to 2025-07-16 12:00:00+00:00, run_after=2025-07-16 16:00:00+00:00
[2025-07-16T18:56:47.941+0000] {processor.py:183} INFO - Processing /mnt/c/Users/Shivam Gupta/OneDrive/Documents/Shivam_Developement/data_engineering/data_engineering_project/batch-etl-pyspark/.venv/lib/python3.12/site-packages/airflow/example_dags/example_latest_only_with_trigger.py took 0.142 seconds
[2025-07-16T18:58:08.926+0000] {processor.py:161} INFO - Started process (PID=10042) to work on /mnt/c/Users/Shivam Gupta/OneDrive/Documents/Shivam_Developement/data_engineering/data_engineering_project/batch-etl-pyspark/.venv/lib/python3.12/site-packages/airflow/example_dags/example_latest_only_with_trigger.py
[2025-07-16T18:58:08.928+0000] {processor.py:830} INFO - Processing file /mnt/c/Users/Shivam Gupta/OneDrive/Documents/Shivam_Developement/data_engineering/data_engineering_project/batch-etl-pyspark/.venv/lib/python3.12/site-packages/airflow/example_dags/example_latest_only_with_trigger.py for tasks to queue
[2025-07-16T18:58:08.931+0000] {logging_mixin.py:188} INFO - [2025-07-16T18:58:08.930+0000] {dagbag.py:545} INFO - Filling up the DagBag from /mnt/c/Users/Shivam Gupta/OneDrive/Documents/Shivam_Developement/data_engineering/data_engineering_project/batch-etl-pyspark/.venv/lib/python3.12/site-packages/airflow/example_dags/example_latest_only_with_trigger.py
[2025-07-16T18:58:08.949+0000] {processor.py:840} INFO - DAG(s) 'latest_only_with_trigger' retrieved from /mnt/c/Users/Shivam Gupta/OneDrive/Documents/Shivam_Developement/data_engineering/data_engineering_project/batch-etl-pyspark/.venv/lib/python3.12/site-packages/airflow/example_dags/example_latest_only_with_trigger.py
[2025-07-16T18:58:08.978+0000] {logging_mixin.py:188} INFO - [2025-07-16T18:58:08.976+0000] {dag.py:3096} INFO - Sync 1 DAGs
[2025-07-16T18:58:09.025+0000] {logging_mixin.py:188} INFO - [2025-07-16T18:58:09.023+0000] {dag.py:3954} INFO - Setting next_dagrun for latest_only_with_trigger to 2025-07-16 12:00:00+00:00, run_after=2025-07-16 16:00:00+00:00
[2025-07-16T18:58:09.134+0000] {processor.py:183} INFO - Processing /mnt/c/Users/Shivam Gupta/OneDrive/Documents/Shivam_Developement/data_engineering/data_engineering_project/batch-etl-pyspark/.venv/lib/python3.12/site-packages/airflow/example_dags/example_latest_only_with_trigger.py took 0.223 seconds
[2025-07-16T18:59:32.093+0000] {processor.py:161} INFO - Started process (PID=10208) to work on /mnt/c/Users/Shivam Gupta/OneDrive/Documents/Shivam_Developement/data_engineering/data_engineering_project/batch-etl-pyspark/.venv/lib/python3.12/site-packages/airflow/example_dags/example_latest_only_with_trigger.py
[2025-07-16T18:59:32.095+0000] {processor.py:830} INFO - Processing file /mnt/c/Users/Shivam Gupta/OneDrive/Documents/Shivam_Developement/data_engineering/data_engineering_project/batch-etl-pyspark/.venv/lib/python3.12/site-packages/airflow/example_dags/example_latest_only_with_trigger.py for tasks to queue
[2025-07-16T18:59:32.099+0000] {logging_mixin.py:188} INFO - [2025-07-16T18:59:32.098+0000] {dagbag.py:545} INFO - Filling up the DagBag from /mnt/c/Users/Shivam Gupta/OneDrive/Documents/Shivam_Developement/data_engineering/data_engineering_project/batch-etl-pyspark/.venv/lib/python3.12/site-packages/airflow/example_dags/example_latest_only_with_trigger.py
[2025-07-16T18:59:32.125+0000] {processor.py:840} INFO - DAG(s) 'latest_only_with_trigger' retrieved from /mnt/c/Users/Shivam Gupta/OneDrive/Documents/Shivam_Developement/data_engineering/data_engineering_project/batch-etl-pyspark/.venv/lib/python3.12/site-packages/airflow/example_dags/example_latest_only_with_trigger.py
[2025-07-16T18:59:32.157+0000] {logging_mixin.py:188} INFO - [2025-07-16T18:59:32.156+0000] {dag.py:3096} INFO - Sync 1 DAGs
[2025-07-16T18:59:32.188+0000] {logging_mixin.py:188} INFO - [2025-07-16T18:59:32.187+0000] {dag.py:3954} INFO - Setting next_dagrun for latest_only_with_trigger to 2025-07-16 12:00:00+00:00, run_after=2025-07-16 16:00:00+00:00
[2025-07-16T18:59:32.278+0000] {processor.py:183} INFO - Processing /mnt/c/Users/Shivam Gupta/OneDrive/Documents/Shivam_Developement/data_engineering/data_engineering_project/batch-etl-pyspark/.venv/lib/python3.12/site-packages/airflow/example_dags/example_latest_only_with_trigger.py took 0.196 seconds
[2025-07-16T19:01:02.833+0000] {processor.py:161} INFO - Started process (PID=10409) to work on /mnt/c/Users/Shivam Gupta/OneDrive/Documents/Shivam_Developement/data_engineering/data_engineering_project/batch-etl-pyspark/.venv/lib/python3.12/site-packages/airflow/example_dags/example_latest_only_with_trigger.py
[2025-07-16T19:01:02.838+0000] {processor.py:830} INFO - Processing file /mnt/c/Users/Shivam Gupta/OneDrive/Documents/Shivam_Developement/data_engineering/data_engineering_project/batch-etl-pyspark/.venv/lib/python3.12/site-packages/airflow/example_dags/example_latest_only_with_trigger.py for tasks to queue
[2025-07-16T19:01:02.842+0000] {logging_mixin.py:188} INFO - [2025-07-16T19:01:02.840+0000] {dagbag.py:545} INFO - Filling up the DagBag from /mnt/c/Users/Shivam Gupta/OneDrive/Documents/Shivam_Developement/data_engineering/data_engineering_project/batch-etl-pyspark/.venv/lib/python3.12/site-packages/airflow/example_dags/example_latest_only_with_trigger.py
[2025-07-16T19:01:02.873+0000] {processor.py:840} INFO - DAG(s) 'latest_only_with_trigger' retrieved from /mnt/c/Users/Shivam Gupta/OneDrive/Documents/Shivam_Developement/data_engineering/data_engineering_project/batch-etl-pyspark/.venv/lib/python3.12/site-packages/airflow/example_dags/example_latest_only_with_trigger.py
[2025-07-16T19:01:02.919+0000] {logging_mixin.py:188} INFO - [2025-07-16T19:01:02.918+0000] {dag.py:3096} INFO - Sync 1 DAGs
[2025-07-16T19:01:02.958+0000] {logging_mixin.py:188} INFO - [2025-07-16T19:01:02.955+0000] {dag.py:3954} INFO - Setting next_dagrun for latest_only_with_trigger to 2025-07-16 12:00:00+00:00, run_after=2025-07-16 16:00:00+00:00
[2025-07-16T19:01:03.083+0000] {processor.py:183} INFO - Processing /mnt/c/Users/Shivam Gupta/OneDrive/Documents/Shivam_Developement/data_engineering/data_engineering_project/batch-etl-pyspark/.venv/lib/python3.12/site-packages/airflow/example_dags/example_latest_only_with_trigger.py took 0.267 seconds
[2025-07-16T19:02:33.750+0000] {processor.py:161} INFO - Started process (PID=10601) to work on /mnt/c/Users/Shivam Gupta/OneDrive/Documents/Shivam_Developement/data_engineering/data_engineering_project/batch-etl-pyspark/.venv/lib/python3.12/site-packages/airflow/example_dags/example_latest_only_with_trigger.py
[2025-07-16T19:02:33.753+0000] {processor.py:830} INFO - Processing file /mnt/c/Users/Shivam Gupta/OneDrive/Documents/Shivam_Developement/data_engineering/data_engineering_project/batch-etl-pyspark/.venv/lib/python3.12/site-packages/airflow/example_dags/example_latest_only_with_trigger.py for tasks to queue
[2025-07-16T19:02:33.758+0000] {logging_mixin.py:188} INFO - [2025-07-16T19:02:33.756+0000] {dagbag.py:545} INFO - Filling up the DagBag from /mnt/c/Users/Shivam Gupta/OneDrive/Documents/Shivam_Developement/data_engineering/data_engineering_project/batch-etl-pyspark/.venv/lib/python3.12/site-packages/airflow/example_dags/example_latest_only_with_trigger.py
[2025-07-16T19:02:33.786+0000] {processor.py:840} INFO - DAG(s) 'latest_only_with_trigger' retrieved from /mnt/c/Users/Shivam Gupta/OneDrive/Documents/Shivam_Developement/data_engineering/data_engineering_project/batch-etl-pyspark/.venv/lib/python3.12/site-packages/airflow/example_dags/example_latest_only_with_trigger.py
[2025-07-16T19:02:33.823+0000] {logging_mixin.py:188} INFO - [2025-07-16T19:02:33.821+0000] {dag.py:3096} INFO - Sync 1 DAGs
[2025-07-16T19:02:33.858+0000] {logging_mixin.py:188} INFO - [2025-07-16T19:02:33.857+0000] {dag.py:3954} INFO - Setting next_dagrun for latest_only_with_trigger to 2025-07-16 12:00:00+00:00, run_after=2025-07-16 16:00:00+00:00
[2025-07-16T19:02:33.943+0000] {processor.py:183} INFO - Processing /mnt/c/Users/Shivam Gupta/OneDrive/Documents/Shivam_Developement/data_engineering/data_engineering_project/batch-etl-pyspark/.venv/lib/python3.12/site-packages/airflow/example_dags/example_latest_only_with_trigger.py took 0.210 seconds
[2025-07-16T19:04:05.251+0000] {processor.py:161} INFO - Started process (PID=10756) to work on /mnt/c/Users/Shivam Gupta/OneDrive/Documents/Shivam_Developement/data_engineering/data_engineering_project/batch-etl-pyspark/.venv/lib/python3.12/site-packages/airflow/example_dags/example_latest_only_with_trigger.py
[2025-07-16T19:04:05.253+0000] {processor.py:830} INFO - Processing file /mnt/c/Users/Shivam Gupta/OneDrive/Documents/Shivam_Developement/data_engineering/data_engineering_project/batch-etl-pyspark/.venv/lib/python3.12/site-packages/airflow/example_dags/example_latest_only_with_trigger.py for tasks to queue
[2025-07-16T19:04:05.255+0000] {logging_mixin.py:188} INFO - [2025-07-16T19:04:05.254+0000] {dagbag.py:545} INFO - Filling up the DagBag from /mnt/c/Users/Shivam Gupta/OneDrive/Documents/Shivam_Developement/data_engineering/data_engineering_project/batch-etl-pyspark/.venv/lib/python3.12/site-packages/airflow/example_dags/example_latest_only_with_trigger.py
[2025-07-16T19:04:05.270+0000] {processor.py:840} INFO - DAG(s) 'latest_only_with_trigger' retrieved from /mnt/c/Users/Shivam Gupta/OneDrive/Documents/Shivam_Developement/data_engineering/data_engineering_project/batch-etl-pyspark/.venv/lib/python3.12/site-packages/airflow/example_dags/example_latest_only_with_trigger.py
[2025-07-16T19:04:05.296+0000] {logging_mixin.py:188} INFO - [2025-07-16T19:04:05.295+0000] {dag.py:3096} INFO - Sync 1 DAGs
[2025-07-16T19:04:05.330+0000] {logging_mixin.py:188} INFO - [2025-07-16T19:04:05.329+0000] {dag.py:3954} INFO - Setting next_dagrun for latest_only_with_trigger to 2025-07-16 12:00:00+00:00, run_after=2025-07-16 16:00:00+00:00
[2025-07-16T19:04:05.397+0000] {processor.py:183} INFO - Processing /mnt/c/Users/Shivam Gupta/OneDrive/Documents/Shivam_Developement/data_engineering/data_engineering_project/batch-etl-pyspark/.venv/lib/python3.12/site-packages/airflow/example_dags/example_latest_only_with_trigger.py took 0.155 seconds
[2025-07-16T19:05:27.531+0000] {processor.py:161} INFO - Started process (PID=10913) to work on /mnt/c/Users/Shivam Gupta/OneDrive/Documents/Shivam_Developement/data_engineering/data_engineering_project/batch-etl-pyspark/.venv/lib/python3.12/site-packages/airflow/example_dags/example_latest_only_with_trigger.py
[2025-07-16T19:05:27.534+0000] {processor.py:830} INFO - Processing file /mnt/c/Users/Shivam Gupta/OneDrive/Documents/Shivam_Developement/data_engineering/data_engineering_project/batch-etl-pyspark/.venv/lib/python3.12/site-packages/airflow/example_dags/example_latest_only_with_trigger.py for tasks to queue
[2025-07-16T19:05:27.538+0000] {logging_mixin.py:188} INFO - [2025-07-16T19:05:27.537+0000] {dagbag.py:545} INFO - Filling up the DagBag from /mnt/c/Users/Shivam Gupta/OneDrive/Documents/Shivam_Developement/data_engineering/data_engineering_project/batch-etl-pyspark/.venv/lib/python3.12/site-packages/airflow/example_dags/example_latest_only_with_trigger.py
[2025-07-16T19:05:27.570+0000] {processor.py:840} INFO - DAG(s) 'latest_only_with_trigger' retrieved from /mnt/c/Users/Shivam Gupta/OneDrive/Documents/Shivam_Developement/data_engineering/data_engineering_project/batch-etl-pyspark/.venv/lib/python3.12/site-packages/airflow/example_dags/example_latest_only_with_trigger.py
[2025-07-16T19:05:27.604+0000] {logging_mixin.py:188} INFO - [2025-07-16T19:05:27.602+0000] {dag.py:3096} INFO - Sync 1 DAGs
[2025-07-16T19:05:27.635+0000] {logging_mixin.py:188} INFO - [2025-07-16T19:05:27.634+0000] {dag.py:3954} INFO - Setting next_dagrun for latest_only_with_trigger to 2025-07-16 12:00:00+00:00, run_after=2025-07-16 16:00:00+00:00
[2025-07-16T19:05:27.708+0000] {processor.py:183} INFO - Processing /mnt/c/Users/Shivam Gupta/OneDrive/Documents/Shivam_Developement/data_engineering/data_engineering_project/batch-etl-pyspark/.venv/lib/python3.12/site-packages/airflow/example_dags/example_latest_only_with_trigger.py took 0.193 seconds
[2025-07-16T19:06:57.730+0000] {processor.py:161} INFO - Started process (PID=11087) to work on /mnt/c/Users/Shivam Gupta/OneDrive/Documents/Shivam_Developement/data_engineering/data_engineering_project/batch-etl-pyspark/.venv/lib/python3.12/site-packages/airflow/example_dags/example_latest_only_with_trigger.py
[2025-07-16T19:06:57.734+0000] {processor.py:830} INFO - Processing file /mnt/c/Users/Shivam Gupta/OneDrive/Documents/Shivam_Developement/data_engineering/data_engineering_project/batch-etl-pyspark/.venv/lib/python3.12/site-packages/airflow/example_dags/example_latest_only_with_trigger.py for tasks to queue
[2025-07-16T19:06:57.738+0000] {logging_mixin.py:188} INFO - [2025-07-16T19:06:57.737+0000] {dagbag.py:545} INFO - Filling up the DagBag from /mnt/c/Users/Shivam Gupta/OneDrive/Documents/Shivam_Developement/data_engineering/data_engineering_project/batch-etl-pyspark/.venv/lib/python3.12/site-packages/airflow/example_dags/example_latest_only_with_trigger.py
[2025-07-16T19:06:57.771+0000] {processor.py:840} INFO - DAG(s) 'latest_only_with_trigger' retrieved from /mnt/c/Users/Shivam Gupta/OneDrive/Documents/Shivam_Developement/data_engineering/data_engineering_project/batch-etl-pyspark/.venv/lib/python3.12/site-packages/airflow/example_dags/example_latest_only_with_trigger.py
[2025-07-16T19:06:57.809+0000] {logging_mixin.py:188} INFO - [2025-07-16T19:06:57.808+0000] {dag.py:3096} INFO - Sync 1 DAGs
[2025-07-16T19:06:57.845+0000] {logging_mixin.py:188} INFO - [2025-07-16T19:06:57.844+0000] {dag.py:3954} INFO - Setting next_dagrun for latest_only_with_trigger to 2025-07-16 12:00:00+00:00, run_after=2025-07-16 16:00:00+00:00
[2025-07-16T19:06:57.942+0000] {processor.py:183} INFO - Processing /mnt/c/Users/Shivam Gupta/OneDrive/Documents/Shivam_Developement/data_engineering/data_engineering_project/batch-etl-pyspark/.venv/lib/python3.12/site-packages/airflow/example_dags/example_latest_only_with_trigger.py took 0.229 seconds
[2025-07-16T19:08:29.092+0000] {processor.py:161} INFO - Started process (PID=11237) to work on /mnt/c/Users/Shivam Gupta/OneDrive/Documents/Shivam_Developement/data_engineering/data_engineering_project/batch-etl-pyspark/.venv/lib/python3.12/site-packages/airflow/example_dags/example_latest_only_with_trigger.py
[2025-07-16T19:08:29.096+0000] {processor.py:830} INFO - Processing file /mnt/c/Users/Shivam Gupta/OneDrive/Documents/Shivam_Developement/data_engineering/data_engineering_project/batch-etl-pyspark/.venv/lib/python3.12/site-packages/airflow/example_dags/example_latest_only_with_trigger.py for tasks to queue
[2025-07-16T19:08:29.101+0000] {logging_mixin.py:188} INFO - [2025-07-16T19:08:29.100+0000] {dagbag.py:545} INFO - Filling up the DagBag from /mnt/c/Users/Shivam Gupta/OneDrive/Documents/Shivam_Developement/data_engineering/data_engineering_project/batch-etl-pyspark/.venv/lib/python3.12/site-packages/airflow/example_dags/example_latest_only_with_trigger.py
[2025-07-16T19:08:29.131+0000] {processor.py:840} INFO - DAG(s) 'latest_only_with_trigger' retrieved from /mnt/c/Users/Shivam Gupta/OneDrive/Documents/Shivam_Developement/data_engineering/data_engineering_project/batch-etl-pyspark/.venv/lib/python3.12/site-packages/airflow/example_dags/example_latest_only_with_trigger.py
[2025-07-16T19:08:29.180+0000] {logging_mixin.py:188} INFO - [2025-07-16T19:08:29.179+0000] {dag.py:3096} INFO - Sync 1 DAGs
[2025-07-16T19:08:29.226+0000] {logging_mixin.py:188} INFO - [2025-07-16T19:08:29.225+0000] {dag.py:3954} INFO - Setting next_dagrun for latest_only_with_trigger to 2025-07-16 12:00:00+00:00, run_after=2025-07-16 16:00:00+00:00
[2025-07-16T19:08:29.323+0000] {processor.py:183} INFO - Processing /mnt/c/Users/Shivam Gupta/OneDrive/Documents/Shivam_Developement/data_engineering/data_engineering_project/batch-etl-pyspark/.venv/lib/python3.12/site-packages/airflow/example_dags/example_latest_only_with_trigger.py took 0.256 seconds
[2025-07-16T19:09:56.407+0000] {processor.py:161} INFO - Started process (PID=11395) to work on /mnt/c/Users/Shivam Gupta/OneDrive/Documents/Shivam_Developement/data_engineering/data_engineering_project/batch-etl-pyspark/.venv/lib/python3.12/site-packages/airflow/example_dags/example_latest_only_with_trigger.py
[2025-07-16T19:09:56.410+0000] {processor.py:830} INFO - Processing file /mnt/c/Users/Shivam Gupta/OneDrive/Documents/Shivam_Developement/data_engineering/data_engineering_project/batch-etl-pyspark/.venv/lib/python3.12/site-packages/airflow/example_dags/example_latest_only_with_trigger.py for tasks to queue
[2025-07-16T19:09:56.414+0000] {logging_mixin.py:188} INFO - [2025-07-16T19:09:56.412+0000] {dagbag.py:545} INFO - Filling up the DagBag from /mnt/c/Users/Shivam Gupta/OneDrive/Documents/Shivam_Developement/data_engineering/data_engineering_project/batch-etl-pyspark/.venv/lib/python3.12/site-packages/airflow/example_dags/example_latest_only_with_trigger.py
[2025-07-16T19:09:56.447+0000] {processor.py:840} INFO - DAG(s) 'latest_only_with_trigger' retrieved from /mnt/c/Users/Shivam Gupta/OneDrive/Documents/Shivam_Developement/data_engineering/data_engineering_project/batch-etl-pyspark/.venv/lib/python3.12/site-packages/airflow/example_dags/example_latest_only_with_trigger.py
[2025-07-16T19:09:56.483+0000] {logging_mixin.py:188} INFO - [2025-07-16T19:09:56.482+0000] {dag.py:3096} INFO - Sync 1 DAGs
[2025-07-16T19:09:56.510+0000] {logging_mixin.py:188} INFO - [2025-07-16T19:09:56.510+0000] {dag.py:3954} INFO - Setting next_dagrun for latest_only_with_trigger to 2025-07-16 12:00:00+00:00, run_after=2025-07-16 16:00:00+00:00
[2025-07-16T19:09:56.573+0000] {processor.py:183} INFO - Processing /mnt/c/Users/Shivam Gupta/OneDrive/Documents/Shivam_Developement/data_engineering/data_engineering_project/batch-etl-pyspark/.venv/lib/python3.12/site-packages/airflow/example_dags/example_latest_only_with_trigger.py took 0.178 seconds
[2025-07-16T19:11:30.951+0000] {processor.py:161} INFO - Started process (PID=11583) to work on /mnt/c/Users/Shivam Gupta/OneDrive/Documents/Shivam_Developement/data_engineering/data_engineering_project/batch-etl-pyspark/.venv/lib/python3.12/site-packages/airflow/example_dags/example_latest_only_with_trigger.py
[2025-07-16T19:11:30.954+0000] {processor.py:830} INFO - Processing file /mnt/c/Users/Shivam Gupta/OneDrive/Documents/Shivam_Developement/data_engineering/data_engineering_project/batch-etl-pyspark/.venv/lib/python3.12/site-packages/airflow/example_dags/example_latest_only_with_trigger.py for tasks to queue
[2025-07-16T19:11:30.957+0000] {logging_mixin.py:188} INFO - [2025-07-16T19:11:30.956+0000] {dagbag.py:545} INFO - Filling up the DagBag from /mnt/c/Users/Shivam Gupta/OneDrive/Documents/Shivam_Developement/data_engineering/data_engineering_project/batch-etl-pyspark/.venv/lib/python3.12/site-packages/airflow/example_dags/example_latest_only_with_trigger.py
[2025-07-16T19:11:31.001+0000] {processor.py:840} INFO - DAG(s) 'latest_only_with_trigger' retrieved from /mnt/c/Users/Shivam Gupta/OneDrive/Documents/Shivam_Developement/data_engineering/data_engineering_project/batch-etl-pyspark/.venv/lib/python3.12/site-packages/airflow/example_dags/example_latest_only_with_trigger.py
[2025-07-16T19:11:31.059+0000] {logging_mixin.py:188} INFO - [2025-07-16T19:11:31.055+0000] {dag.py:3096} INFO - Sync 1 DAGs
[2025-07-16T19:11:31.093+0000] {logging_mixin.py:188} INFO - [2025-07-16T19:11:31.092+0000] {dag.py:3954} INFO - Setting next_dagrun for latest_only_with_trigger to 2025-07-16 12:00:00+00:00, run_after=2025-07-16 16:00:00+00:00
[2025-07-16T19:11:31.191+0000] {processor.py:183} INFO - Processing /mnt/c/Users/Shivam Gupta/OneDrive/Documents/Shivam_Developement/data_engineering/data_engineering_project/batch-etl-pyspark/.venv/lib/python3.12/site-packages/airflow/example_dags/example_latest_only_with_trigger.py took 0.260 seconds
[2025-07-16T19:12:58.213+0000] {processor.py:161} INFO - Started process (PID=11754) to work on /mnt/c/Users/Shivam Gupta/OneDrive/Documents/Shivam_Developement/data_engineering/data_engineering_project/batch-etl-pyspark/.venv/lib/python3.12/site-packages/airflow/example_dags/example_latest_only_with_trigger.py
[2025-07-16T19:12:58.216+0000] {processor.py:830} INFO - Processing file /mnt/c/Users/Shivam Gupta/OneDrive/Documents/Shivam_Developement/data_engineering/data_engineering_project/batch-etl-pyspark/.venv/lib/python3.12/site-packages/airflow/example_dags/example_latest_only_with_trigger.py for tasks to queue
[2025-07-16T19:12:58.219+0000] {logging_mixin.py:188} INFO - [2025-07-16T19:12:58.218+0000] {dagbag.py:545} INFO - Filling up the DagBag from /mnt/c/Users/Shivam Gupta/OneDrive/Documents/Shivam_Developement/data_engineering/data_engineering_project/batch-etl-pyspark/.venv/lib/python3.12/site-packages/airflow/example_dags/example_latest_only_with_trigger.py
[2025-07-16T19:12:58.241+0000] {processor.py:840} INFO - DAG(s) 'latest_only_with_trigger' retrieved from /mnt/c/Users/Shivam Gupta/OneDrive/Documents/Shivam_Developement/data_engineering/data_engineering_project/batch-etl-pyspark/.venv/lib/python3.12/site-packages/airflow/example_dags/example_latest_only_with_trigger.py
[2025-07-16T19:12:58.313+0000] {logging_mixin.py:188} INFO - [2025-07-16T19:12:58.311+0000] {dag.py:3096} INFO - Sync 1 DAGs
[2025-07-16T19:12:58.363+0000] {logging_mixin.py:188} INFO - [2025-07-16T19:12:58.362+0000] {dag.py:3954} INFO - Setting next_dagrun for latest_only_with_trigger to 2025-07-16 12:00:00+00:00, run_after=2025-07-16 16:00:00+00:00
[2025-07-16T19:12:58.443+0000] {processor.py:183} INFO - Processing /mnt/c/Users/Shivam Gupta/OneDrive/Documents/Shivam_Developement/data_engineering/data_engineering_project/batch-etl-pyspark/.venv/lib/python3.12/site-packages/airflow/example_dags/example_latest_only_with_trigger.py took 0.244 seconds
[2025-07-16T19:14:25.960+0000] {processor.py:161} INFO - Started process (PID=11918) to work on /mnt/c/Users/Shivam Gupta/OneDrive/Documents/Shivam_Developement/data_engineering/data_engineering_project/batch-etl-pyspark/.venv/lib/python3.12/site-packages/airflow/example_dags/example_latest_only_with_trigger.py
[2025-07-16T19:14:25.961+0000] {processor.py:830} INFO - Processing file /mnt/c/Users/Shivam Gupta/OneDrive/Documents/Shivam_Developement/data_engineering/data_engineering_project/batch-etl-pyspark/.venv/lib/python3.12/site-packages/airflow/example_dags/example_latest_only_with_trigger.py for tasks to queue
[2025-07-16T19:14:25.964+0000] {logging_mixin.py:188} INFO - [2025-07-16T19:14:25.963+0000] {dagbag.py:545} INFO - Filling up the DagBag from /mnt/c/Users/Shivam Gupta/OneDrive/Documents/Shivam_Developement/data_engineering/data_engineering_project/batch-etl-pyspark/.venv/lib/python3.12/site-packages/airflow/example_dags/example_latest_only_with_trigger.py
[2025-07-16T19:14:25.978+0000] {processor.py:840} INFO - DAG(s) 'latest_only_with_trigger' retrieved from /mnt/c/Users/Shivam Gupta/OneDrive/Documents/Shivam_Developement/data_engineering/data_engineering_project/batch-etl-pyspark/.venv/lib/python3.12/site-packages/airflow/example_dags/example_latest_only_with_trigger.py
[2025-07-16T19:14:26.001+0000] {logging_mixin.py:188} INFO - [2025-07-16T19:14:26.000+0000] {dag.py:3096} INFO - Sync 1 DAGs
[2025-07-16T19:14:26.025+0000] {logging_mixin.py:188} INFO - [2025-07-16T19:14:26.024+0000] {dag.py:3954} INFO - Setting next_dagrun for latest_only_with_trigger to 2025-07-16 12:00:00+00:00, run_after=2025-07-16 16:00:00+00:00
[2025-07-16T19:14:26.085+0000] {processor.py:183} INFO - Processing /mnt/c/Users/Shivam Gupta/OneDrive/Documents/Shivam_Developement/data_engineering/data_engineering_project/batch-etl-pyspark/.venv/lib/python3.12/site-packages/airflow/example_dags/example_latest_only_with_trigger.py took 0.135 seconds
[2025-07-16T19:15:58.907+0000] {processor.py:161} INFO - Started process (PID=12108) to work on /mnt/c/Users/Shivam Gupta/OneDrive/Documents/Shivam_Developement/data_engineering/data_engineering_project/batch-etl-pyspark/.venv/lib/python3.12/site-packages/airflow/example_dags/example_latest_only_with_trigger.py
[2025-07-16T19:15:58.910+0000] {processor.py:830} INFO - Processing file /mnt/c/Users/Shivam Gupta/OneDrive/Documents/Shivam_Developement/data_engineering/data_engineering_project/batch-etl-pyspark/.venv/lib/python3.12/site-packages/airflow/example_dags/example_latest_only_with_trigger.py for tasks to queue
[2025-07-16T19:15:58.913+0000] {logging_mixin.py:188} INFO - [2025-07-16T19:15:58.912+0000] {dagbag.py:545} INFO - Filling up the DagBag from /mnt/c/Users/Shivam Gupta/OneDrive/Documents/Shivam_Developement/data_engineering/data_engineering_project/batch-etl-pyspark/.venv/lib/python3.12/site-packages/airflow/example_dags/example_latest_only_with_trigger.py
[2025-07-16T19:15:58.932+0000] {processor.py:840} INFO - DAG(s) 'latest_only_with_trigger' retrieved from /mnt/c/Users/Shivam Gupta/OneDrive/Documents/Shivam_Developement/data_engineering/data_engineering_project/batch-etl-pyspark/.venv/lib/python3.12/site-packages/airflow/example_dags/example_latest_only_with_trigger.py
[2025-07-16T19:15:58.961+0000] {logging_mixin.py:188} INFO - [2025-07-16T19:15:58.960+0000] {dag.py:3096} INFO - Sync 1 DAGs
[2025-07-16T19:15:58.985+0000] {logging_mixin.py:188} INFO - [2025-07-16T19:15:58.985+0000] {dag.py:3954} INFO - Setting next_dagrun for latest_only_with_trigger to 2025-07-16 12:00:00+00:00, run_after=2025-07-16 16:00:00+00:00
[2025-07-16T19:15:59.093+0000] {processor.py:183} INFO - Processing /mnt/c/Users/Shivam Gupta/OneDrive/Documents/Shivam_Developement/data_engineering/data_engineering_project/batch-etl-pyspark/.venv/lib/python3.12/site-packages/airflow/example_dags/example_latest_only_with_trigger.py took 0.195 seconds
[2025-07-16T19:17:27.161+0000] {processor.py:161} INFO - Started process (PID=12274) to work on /mnt/c/Users/Shivam Gupta/OneDrive/Documents/Shivam_Developement/data_engineering/data_engineering_project/batch-etl-pyspark/.venv/lib/python3.12/site-packages/airflow/example_dags/example_latest_only_with_trigger.py
[2025-07-16T19:17:27.163+0000] {processor.py:830} INFO - Processing file /mnt/c/Users/Shivam Gupta/OneDrive/Documents/Shivam_Developement/data_engineering/data_engineering_project/batch-etl-pyspark/.venv/lib/python3.12/site-packages/airflow/example_dags/example_latest_only_with_trigger.py for tasks to queue
[2025-07-16T19:17:27.167+0000] {logging_mixin.py:188} INFO - [2025-07-16T19:17:27.165+0000] {dagbag.py:545} INFO - Filling up the DagBag from /mnt/c/Users/Shivam Gupta/OneDrive/Documents/Shivam_Developement/data_engineering/data_engineering_project/batch-etl-pyspark/.venv/lib/python3.12/site-packages/airflow/example_dags/example_latest_only_with_trigger.py
[2025-07-16T19:17:27.186+0000] {processor.py:840} INFO - DAG(s) 'latest_only_with_trigger' retrieved from /mnt/c/Users/Shivam Gupta/OneDrive/Documents/Shivam_Developement/data_engineering/data_engineering_project/batch-etl-pyspark/.venv/lib/python3.12/site-packages/airflow/example_dags/example_latest_only_with_trigger.py
[2025-07-16T19:17:27.239+0000] {logging_mixin.py:188} INFO - [2025-07-16T19:17:27.238+0000] {dag.py:3096} INFO - Sync 1 DAGs
[2025-07-16T19:17:27.292+0000] {logging_mixin.py:188} INFO - [2025-07-16T19:17:27.291+0000] {dag.py:3954} INFO - Setting next_dagrun for latest_only_with_trigger to 2025-07-16 12:00:00+00:00, run_after=2025-07-16 16:00:00+00:00
[2025-07-16T19:17:27.399+0000] {processor.py:183} INFO - Processing /mnt/c/Users/Shivam Gupta/OneDrive/Documents/Shivam_Developement/data_engineering/data_engineering_project/batch-etl-pyspark/.venv/lib/python3.12/site-packages/airflow/example_dags/example_latest_only_with_trigger.py took 0.251 seconds
[2025-07-16T19:18:49.527+0000] {processor.py:161} INFO - Started process (PID=12426) to work on /mnt/c/Users/Shivam Gupta/OneDrive/Documents/Shivam_Developement/data_engineering/data_engineering_project/batch-etl-pyspark/.venv/lib/python3.12/site-packages/airflow/example_dags/example_latest_only_with_trigger.py
[2025-07-16T19:18:49.532+0000] {processor.py:830} INFO - Processing file /mnt/c/Users/Shivam Gupta/OneDrive/Documents/Shivam_Developement/data_engineering/data_engineering_project/batch-etl-pyspark/.venv/lib/python3.12/site-packages/airflow/example_dags/example_latest_only_with_trigger.py for tasks to queue
[2025-07-16T19:18:49.537+0000] {logging_mixin.py:188} INFO - [2025-07-16T19:18:49.535+0000] {dagbag.py:545} INFO - Filling up the DagBag from /mnt/c/Users/Shivam Gupta/OneDrive/Documents/Shivam_Developement/data_engineering/data_engineering_project/batch-etl-pyspark/.venv/lib/python3.12/site-packages/airflow/example_dags/example_latest_only_with_trigger.py
[2025-07-16T19:18:49.576+0000] {processor.py:840} INFO - DAG(s) 'latest_only_with_trigger' retrieved from /mnt/c/Users/Shivam Gupta/OneDrive/Documents/Shivam_Developement/data_engineering/data_engineering_project/batch-etl-pyspark/.venv/lib/python3.12/site-packages/airflow/example_dags/example_latest_only_with_trigger.py
[2025-07-16T19:18:49.640+0000] {logging_mixin.py:188} INFO - [2025-07-16T19:18:49.638+0000] {dag.py:3096} INFO - Sync 1 DAGs
[2025-07-16T19:18:49.704+0000] {logging_mixin.py:188} INFO - [2025-07-16T19:18:49.703+0000] {dag.py:3954} INFO - Setting next_dagrun for latest_only_with_trigger to 2025-07-16 12:00:00+00:00, run_after=2025-07-16 16:00:00+00:00
[2025-07-16T19:18:49.870+0000] {processor.py:183} INFO - Processing /mnt/c/Users/Shivam Gupta/OneDrive/Documents/Shivam_Developement/data_engineering/data_engineering_project/batch-etl-pyspark/.venv/lib/python3.12/site-packages/airflow/example_dags/example_latest_only_with_trigger.py took 0.367 seconds
[2025-07-16T19:20:12.208+0000] {processor.py:161} INFO - Started process (PID=12572) to work on /mnt/c/Users/Shivam Gupta/OneDrive/Documents/Shivam_Developement/data_engineering/data_engineering_project/batch-etl-pyspark/.venv/lib/python3.12/site-packages/airflow/example_dags/example_latest_only_with_trigger.py
[2025-07-16T19:20:12.211+0000] {processor.py:830} INFO - Processing file /mnt/c/Users/Shivam Gupta/OneDrive/Documents/Shivam_Developement/data_engineering/data_engineering_project/batch-etl-pyspark/.venv/lib/python3.12/site-packages/airflow/example_dags/example_latest_only_with_trigger.py for tasks to queue
[2025-07-16T19:20:12.215+0000] {logging_mixin.py:188} INFO - [2025-07-16T19:20:12.214+0000] {dagbag.py:545} INFO - Filling up the DagBag from /mnt/c/Users/Shivam Gupta/OneDrive/Documents/Shivam_Developement/data_engineering/data_engineering_project/batch-etl-pyspark/.venv/lib/python3.12/site-packages/airflow/example_dags/example_latest_only_with_trigger.py
[2025-07-16T19:20:12.244+0000] {processor.py:840} INFO - DAG(s) 'latest_only_with_trigger' retrieved from /mnt/c/Users/Shivam Gupta/OneDrive/Documents/Shivam_Developement/data_engineering/data_engineering_project/batch-etl-pyspark/.venv/lib/python3.12/site-packages/airflow/example_dags/example_latest_only_with_trigger.py
[2025-07-16T19:20:12.275+0000] {logging_mixin.py:188} INFO - [2025-07-16T19:20:12.273+0000] {dag.py:3096} INFO - Sync 1 DAGs
[2025-07-16T19:20:12.302+0000] {logging_mixin.py:188} INFO - [2025-07-16T19:20:12.301+0000] {dag.py:3954} INFO - Setting next_dagrun for latest_only_with_trigger to 2025-07-16 12:00:00+00:00, run_after=2025-07-16 16:00:00+00:00
[2025-07-16T19:20:12.384+0000] {processor.py:183} INFO - Processing /mnt/c/Users/Shivam Gupta/OneDrive/Documents/Shivam_Developement/data_engineering/data_engineering_project/batch-etl-pyspark/.venv/lib/python3.12/site-packages/airflow/example_dags/example_latest_only_with_trigger.py took 0.192 seconds
[2025-07-16T19:21:37.567+0000] {processor.py:161} INFO - Started process (PID=12739) to work on /mnt/c/Users/Shivam Gupta/OneDrive/Documents/Shivam_Developement/data_engineering/data_engineering_project/batch-etl-pyspark/.venv/lib/python3.12/site-packages/airflow/example_dags/example_latest_only_with_trigger.py
[2025-07-16T19:21:37.589+0000] {processor.py:830} INFO - Processing file /mnt/c/Users/Shivam Gupta/OneDrive/Documents/Shivam_Developement/data_engineering/data_engineering_project/batch-etl-pyspark/.venv/lib/python3.12/site-packages/airflow/example_dags/example_latest_only_with_trigger.py for tasks to queue
[2025-07-16T19:21:37.604+0000] {logging_mixin.py:188} INFO - [2025-07-16T19:21:37.600+0000] {dagbag.py:545} INFO - Filling up the DagBag from /mnt/c/Users/Shivam Gupta/OneDrive/Documents/Shivam_Developement/data_engineering/data_engineering_project/batch-etl-pyspark/.venv/lib/python3.12/site-packages/airflow/example_dags/example_latest_only_with_trigger.py
[2025-07-16T19:21:37.648+0000] {processor.py:840} INFO - DAG(s) 'latest_only_with_trigger' retrieved from /mnt/c/Users/Shivam Gupta/OneDrive/Documents/Shivam_Developement/data_engineering/data_engineering_project/batch-etl-pyspark/.venv/lib/python3.12/site-packages/airflow/example_dags/example_latest_only_with_trigger.py
[2025-07-16T19:21:37.715+0000] {logging_mixin.py:188} INFO - [2025-07-16T19:21:37.714+0000] {dag.py:3096} INFO - Sync 1 DAGs
[2025-07-16T19:21:37.756+0000] {logging_mixin.py:188} INFO - [2025-07-16T19:21:37.755+0000] {dag.py:3954} INFO - Setting next_dagrun for latest_only_with_trigger to 2025-07-16 12:00:00+00:00, run_after=2025-07-16 16:00:00+00:00
[2025-07-16T19:21:37.902+0000] {processor.py:183} INFO - Processing /mnt/c/Users/Shivam Gupta/OneDrive/Documents/Shivam_Developement/data_engineering/data_engineering_project/batch-etl-pyspark/.venv/lib/python3.12/site-packages/airflow/example_dags/example_latest_only_with_trigger.py took 0.350 seconds
[2025-07-16T19:23:04.087+0000] {processor.py:161} INFO - Started process (PID=12905) to work on /mnt/c/Users/Shivam Gupta/OneDrive/Documents/Shivam_Developement/data_engineering/data_engineering_project/batch-etl-pyspark/.venv/lib/python3.12/site-packages/airflow/example_dags/example_latest_only_with_trigger.py
[2025-07-16T19:23:04.090+0000] {processor.py:830} INFO - Processing file /mnt/c/Users/Shivam Gupta/OneDrive/Documents/Shivam_Developement/data_engineering/data_engineering_project/batch-etl-pyspark/.venv/lib/python3.12/site-packages/airflow/example_dags/example_latest_only_with_trigger.py for tasks to queue
[2025-07-16T19:23:04.095+0000] {logging_mixin.py:188} INFO - [2025-07-16T19:23:04.093+0000] {dagbag.py:545} INFO - Filling up the DagBag from /mnt/c/Users/Shivam Gupta/OneDrive/Documents/Shivam_Developement/data_engineering/data_engineering_project/batch-etl-pyspark/.venv/lib/python3.12/site-packages/airflow/example_dags/example_latest_only_with_trigger.py
[2025-07-16T19:23:04.148+0000] {processor.py:840} INFO - DAG(s) 'latest_only_with_trigger' retrieved from /mnt/c/Users/Shivam Gupta/OneDrive/Documents/Shivam_Developement/data_engineering/data_engineering_project/batch-etl-pyspark/.venv/lib/python3.12/site-packages/airflow/example_dags/example_latest_only_with_trigger.py
[2025-07-16T19:23:04.205+0000] {logging_mixin.py:188} INFO - [2025-07-16T19:23:04.203+0000] {dag.py:3096} INFO - Sync 1 DAGs
[2025-07-16T19:23:04.247+0000] {logging_mixin.py:188} INFO - [2025-07-16T19:23:04.246+0000] {dag.py:3954} INFO - Setting next_dagrun for latest_only_with_trigger to 2025-07-16 12:00:00+00:00, run_after=2025-07-16 16:00:00+00:00
[2025-07-16T19:23:04.360+0000] {processor.py:183} INFO - Processing /mnt/c/Users/Shivam Gupta/OneDrive/Documents/Shivam_Developement/data_engineering/data_engineering_project/batch-etl-pyspark/.venv/lib/python3.12/site-packages/airflow/example_dags/example_latest_only_with_trigger.py took 0.293 seconds
[2025-07-16T19:24:26.392+0000] {processor.py:161} INFO - Started process (PID=13012) to work on /mnt/c/Users/Shivam Gupta/OneDrive/Documents/Shivam_Developement/data_engineering/data_engineering_project/batch-etl-pyspark/.venv/lib/python3.12/site-packages/airflow/example_dags/example_latest_only_with_trigger.py
[2025-07-16T19:24:26.394+0000] {processor.py:830} INFO - Processing file /mnt/c/Users/Shivam Gupta/OneDrive/Documents/Shivam_Developement/data_engineering/data_engineering_project/batch-etl-pyspark/.venv/lib/python3.12/site-packages/airflow/example_dags/example_latest_only_with_trigger.py for tasks to queue
[2025-07-16T19:24:26.397+0000] {logging_mixin.py:188} INFO - [2025-07-16T19:24:26.396+0000] {dagbag.py:545} INFO - Filling up the DagBag from /mnt/c/Users/Shivam Gupta/OneDrive/Documents/Shivam_Developement/data_engineering/data_engineering_project/batch-etl-pyspark/.venv/lib/python3.12/site-packages/airflow/example_dags/example_latest_only_with_trigger.py
[2025-07-16T19:24:26.415+0000] {processor.py:840} INFO - DAG(s) 'latest_only_with_trigger' retrieved from /mnt/c/Users/Shivam Gupta/OneDrive/Documents/Shivam_Developement/data_engineering/data_engineering_project/batch-etl-pyspark/.venv/lib/python3.12/site-packages/airflow/example_dags/example_latest_only_with_trigger.py
[2025-07-16T19:24:26.440+0000] {logging_mixin.py:188} INFO - [2025-07-16T19:24:26.440+0000] {dag.py:3096} INFO - Sync 1 DAGs
[2025-07-16T19:24:26.465+0000] {logging_mixin.py:188} INFO - [2025-07-16T19:24:26.464+0000] {dag.py:3954} INFO - Setting next_dagrun for latest_only_with_trigger to 2025-07-16 12:00:00+00:00, run_after=2025-07-16 16:00:00+00:00
[2025-07-16T19:24:26.634+0000] {processor.py:183} INFO - Processing /mnt/c/Users/Shivam Gupta/OneDrive/Documents/Shivam_Developement/data_engineering/data_engineering_project/batch-etl-pyspark/.venv/lib/python3.12/site-packages/airflow/example_dags/example_latest_only_with_trigger.py took 0.253 seconds
[2025-07-16T19:25:49.832+0000] {processor.py:161} INFO - Started process (PID=13133) to work on /mnt/c/Users/Shivam Gupta/OneDrive/Documents/Shivam_Developement/data_engineering/data_engineering_project/batch-etl-pyspark/.venv/lib/python3.12/site-packages/airflow/example_dags/example_latest_only_with_trigger.py
[2025-07-16T19:25:49.833+0000] {processor.py:830} INFO - Processing file /mnt/c/Users/Shivam Gupta/OneDrive/Documents/Shivam_Developement/data_engineering/data_engineering_project/batch-etl-pyspark/.venv/lib/python3.12/site-packages/airflow/example_dags/example_latest_only_with_trigger.py for tasks to queue
[2025-07-16T19:25:49.835+0000] {logging_mixin.py:188} INFO - [2025-07-16T19:25:49.835+0000] {dagbag.py:545} INFO - Filling up the DagBag from /mnt/c/Users/Shivam Gupta/OneDrive/Documents/Shivam_Developement/data_engineering/data_engineering_project/batch-etl-pyspark/.venv/lib/python3.12/site-packages/airflow/example_dags/example_latest_only_with_trigger.py
[2025-07-16T19:25:49.849+0000] {processor.py:840} INFO - DAG(s) 'latest_only_with_trigger' retrieved from /mnt/c/Users/Shivam Gupta/OneDrive/Documents/Shivam_Developement/data_engineering/data_engineering_project/batch-etl-pyspark/.venv/lib/python3.12/site-packages/airflow/example_dags/example_latest_only_with_trigger.py
[2025-07-16T19:25:49.868+0000] {logging_mixin.py:188} INFO - [2025-07-16T19:25:49.867+0000] {dag.py:3096} INFO - Sync 1 DAGs
[2025-07-16T19:25:49.893+0000] {logging_mixin.py:188} INFO - [2025-07-16T19:25:49.892+0000] {dag.py:3954} INFO - Setting next_dagrun for latest_only_with_trigger to 2025-07-16 12:00:00+00:00, run_after=2025-07-16 16:00:00+00:00
[2025-07-16T19:25:49.956+0000] {processor.py:183} INFO - Processing /mnt/c/Users/Shivam Gupta/OneDrive/Documents/Shivam_Developement/data_engineering/data_engineering_project/batch-etl-pyspark/.venv/lib/python3.12/site-packages/airflow/example_dags/example_latest_only_with_trigger.py took 0.135 seconds
[2025-07-16T19:27:11.390+0000] {processor.py:161} INFO - Started process (PID=13224) to work on /mnt/c/Users/Shivam Gupta/OneDrive/Documents/Shivam_Developement/data_engineering/data_engineering_project/batch-etl-pyspark/.venv/lib/python3.12/site-packages/airflow/example_dags/example_latest_only_with_trigger.py
[2025-07-16T19:27:11.403+0000] {processor.py:830} INFO - Processing file /mnt/c/Users/Shivam Gupta/OneDrive/Documents/Shivam_Developement/data_engineering/data_engineering_project/batch-etl-pyspark/.venv/lib/python3.12/site-packages/airflow/example_dags/example_latest_only_with_trigger.py for tasks to queue
[2025-07-16T19:27:11.406+0000] {logging_mixin.py:188} INFO - [2025-07-16T19:27:11.405+0000] {dagbag.py:545} INFO - Filling up the DagBag from /mnt/c/Users/Shivam Gupta/OneDrive/Documents/Shivam_Developement/data_engineering/data_engineering_project/batch-etl-pyspark/.venv/lib/python3.12/site-packages/airflow/example_dags/example_latest_only_with_trigger.py
[2025-07-16T19:27:11.420+0000] {processor.py:840} INFO - DAG(s) 'latest_only_with_trigger' retrieved from /mnt/c/Users/Shivam Gupta/OneDrive/Documents/Shivam_Developement/data_engineering/data_engineering_project/batch-etl-pyspark/.venv/lib/python3.12/site-packages/airflow/example_dags/example_latest_only_with_trigger.py
[2025-07-16T19:27:11.518+0000] {logging_mixin.py:188} INFO - [2025-07-16T19:27:11.517+0000] {dag.py:3096} INFO - Sync 1 DAGs
[2025-07-16T19:27:11.541+0000] {logging_mixin.py:188} INFO - [2025-07-16T19:27:11.541+0000] {dag.py:3954} INFO - Setting next_dagrun for latest_only_with_trigger to 2025-07-16 12:00:00+00:00, run_after=2025-07-16 16:00:00+00:00
[2025-07-16T19:27:11.596+0000] {processor.py:183} INFO - Processing /mnt/c/Users/Shivam Gupta/OneDrive/Documents/Shivam_Developement/data_engineering/data_engineering_project/batch-etl-pyspark/.venv/lib/python3.12/site-packages/airflow/example_dags/example_latest_only_with_trigger.py took 0.217 seconds
[2025-07-16T19:28:26.830+0000] {processor.py:161} INFO - Started process (PID=13310) to work on /mnt/c/Users/Shivam Gupta/OneDrive/Documents/Shivam_Developement/data_engineering/data_engineering_project/batch-etl-pyspark/.venv/lib/python3.12/site-packages/airflow/example_dags/example_latest_only_with_trigger.py
[2025-07-16T19:28:26.834+0000] {processor.py:830} INFO - Processing file /mnt/c/Users/Shivam Gupta/OneDrive/Documents/Shivam_Developement/data_engineering/data_engineering_project/batch-etl-pyspark/.venv/lib/python3.12/site-packages/airflow/example_dags/example_latest_only_with_trigger.py for tasks to queue
[2025-07-16T19:28:26.841+0000] {logging_mixin.py:188} INFO - [2025-07-16T19:28:26.838+0000] {dagbag.py:545} INFO - Filling up the DagBag from /mnt/c/Users/Shivam Gupta/OneDrive/Documents/Shivam_Developement/data_engineering/data_engineering_project/batch-etl-pyspark/.venv/lib/python3.12/site-packages/airflow/example_dags/example_latest_only_with_trigger.py
[2025-07-16T19:28:26.885+0000] {processor.py:840} INFO - DAG(s) 'latest_only_with_trigger' retrieved from /mnt/c/Users/Shivam Gupta/OneDrive/Documents/Shivam_Developement/data_engineering/data_engineering_project/batch-etl-pyspark/.venv/lib/python3.12/site-packages/airflow/example_dags/example_latest_only_with_trigger.py
[2025-07-16T19:28:26.921+0000] {logging_mixin.py:188} INFO - [2025-07-16T19:28:26.920+0000] {dag.py:3096} INFO - Sync 1 DAGs
[2025-07-16T19:28:26.954+0000] {logging_mixin.py:188} INFO - [2025-07-16T19:28:26.953+0000] {dag.py:3954} INFO - Setting next_dagrun for latest_only_with_trigger to 2025-07-16 12:00:00+00:00, run_after=2025-07-16 16:00:00+00:00
[2025-07-16T19:28:27.024+0000] {processor.py:183} INFO - Processing /mnt/c/Users/Shivam Gupta/OneDrive/Documents/Shivam_Developement/data_engineering/data_engineering_project/batch-etl-pyspark/.venv/lib/python3.12/site-packages/airflow/example_dags/example_latest_only_with_trigger.py took 0.223 seconds
[2025-07-16T19:29:36.467+0000] {processor.py:161} INFO - Started process (PID=13434) to work on /mnt/c/Users/Shivam Gupta/OneDrive/Documents/Shivam_Developement/data_engineering/data_engineering_project/batch-etl-pyspark/.venv/lib/python3.12/site-packages/airflow/example_dags/example_latest_only_with_trigger.py
[2025-07-16T19:29:36.469+0000] {processor.py:830} INFO - Processing file /mnt/c/Users/Shivam Gupta/OneDrive/Documents/Shivam_Developement/data_engineering/data_engineering_project/batch-etl-pyspark/.venv/lib/python3.12/site-packages/airflow/example_dags/example_latest_only_with_trigger.py for tasks to queue
[2025-07-16T19:29:36.473+0000] {logging_mixin.py:188} INFO - [2025-07-16T19:29:36.471+0000] {dagbag.py:545} INFO - Filling up the DagBag from /mnt/c/Users/Shivam Gupta/OneDrive/Documents/Shivam_Developement/data_engineering/data_engineering_project/batch-etl-pyspark/.venv/lib/python3.12/site-packages/airflow/example_dags/example_latest_only_with_trigger.py
[2025-07-16T19:29:36.498+0000] {processor.py:840} INFO - DAG(s) 'latest_only_with_trigger' retrieved from /mnt/c/Users/Shivam Gupta/OneDrive/Documents/Shivam_Developement/data_engineering/data_engineering_project/batch-etl-pyspark/.venv/lib/python3.12/site-packages/airflow/example_dags/example_latest_only_with_trigger.py
[2025-07-16T19:29:36.525+0000] {logging_mixin.py:188} INFO - [2025-07-16T19:29:36.524+0000] {dag.py:3096} INFO - Sync 1 DAGs
[2025-07-16T19:29:36.561+0000] {logging_mixin.py:188} INFO - [2025-07-16T19:29:36.559+0000] {dag.py:3954} INFO - Setting next_dagrun for latest_only_with_trigger to 2025-07-16 12:00:00+00:00, run_after=2025-07-16 16:00:00+00:00
[2025-07-16T19:29:36.649+0000] {processor.py:183} INFO - Processing /mnt/c/Users/Shivam Gupta/OneDrive/Documents/Shivam_Developement/data_engineering/data_engineering_project/batch-etl-pyspark/.venv/lib/python3.12/site-packages/airflow/example_dags/example_latest_only_with_trigger.py took 0.195 seconds
[2025-07-16T19:30:56.079+0000] {processor.py:161} INFO - Started process (PID=13535) to work on /mnt/c/Users/Shivam Gupta/OneDrive/Documents/Shivam_Developement/data_engineering/data_engineering_project/batch-etl-pyspark/.venv/lib/python3.12/site-packages/airflow/example_dags/example_latest_only_with_trigger.py
[2025-07-16T19:30:56.081+0000] {processor.py:830} INFO - Processing file /mnt/c/Users/Shivam Gupta/OneDrive/Documents/Shivam_Developement/data_engineering/data_engineering_project/batch-etl-pyspark/.venv/lib/python3.12/site-packages/airflow/example_dags/example_latest_only_with_trigger.py for tasks to queue
[2025-07-16T19:30:56.085+0000] {logging_mixin.py:188} INFO - [2025-07-16T19:30:56.084+0000] {dagbag.py:545} INFO - Filling up the DagBag from /mnt/c/Users/Shivam Gupta/OneDrive/Documents/Shivam_Developement/data_engineering/data_engineering_project/batch-etl-pyspark/.venv/lib/python3.12/site-packages/airflow/example_dags/example_latest_only_with_trigger.py
[2025-07-16T19:30:56.105+0000] {processor.py:840} INFO - DAG(s) 'latest_only_with_trigger' retrieved from /mnt/c/Users/Shivam Gupta/OneDrive/Documents/Shivam_Developement/data_engineering/data_engineering_project/batch-etl-pyspark/.venv/lib/python3.12/site-packages/airflow/example_dags/example_latest_only_with_trigger.py
[2025-07-16T19:30:56.136+0000] {logging_mixin.py:188} INFO - [2025-07-16T19:30:56.135+0000] {dag.py:3096} INFO - Sync 1 DAGs
[2025-07-16T19:30:56.165+0000] {logging_mixin.py:188} INFO - [2025-07-16T19:30:56.164+0000] {dag.py:3954} INFO - Setting next_dagrun for latest_only_with_trigger to 2025-07-16 12:00:00+00:00, run_after=2025-07-16 16:00:00+00:00
[2025-07-16T19:30:56.240+0000] {processor.py:183} INFO - Processing /mnt/c/Users/Shivam Gupta/OneDrive/Documents/Shivam_Developement/data_engineering/data_engineering_project/batch-etl-pyspark/.venv/lib/python3.12/site-packages/airflow/example_dags/example_latest_only_with_trigger.py took 0.172 seconds
[2025-07-16T19:32:07.726+0000] {processor.py:161} INFO - Started process (PID=13694) to work on /mnt/c/Users/Shivam Gupta/OneDrive/Documents/Shivam_Developement/data_engineering/data_engineering_project/batch-etl-pyspark/.venv/lib/python3.12/site-packages/airflow/example_dags/example_latest_only_with_trigger.py
[2025-07-16T19:32:07.728+0000] {processor.py:830} INFO - Processing file /mnt/c/Users/Shivam Gupta/OneDrive/Documents/Shivam_Developement/data_engineering/data_engineering_project/batch-etl-pyspark/.venv/lib/python3.12/site-packages/airflow/example_dags/example_latest_only_with_trigger.py for tasks to queue
[2025-07-16T19:32:07.731+0000] {logging_mixin.py:188} INFO - [2025-07-16T19:32:07.730+0000] {dagbag.py:545} INFO - Filling up the DagBag from /mnt/c/Users/Shivam Gupta/OneDrive/Documents/Shivam_Developement/data_engineering/data_engineering_project/batch-etl-pyspark/.venv/lib/python3.12/site-packages/airflow/example_dags/example_latest_only_with_trigger.py
[2025-07-16T19:32:07.750+0000] {processor.py:840} INFO - DAG(s) 'latest_only_with_trigger' retrieved from /mnt/c/Users/Shivam Gupta/OneDrive/Documents/Shivam_Developement/data_engineering/data_engineering_project/batch-etl-pyspark/.venv/lib/python3.12/site-packages/airflow/example_dags/example_latest_only_with_trigger.py
[2025-07-16T19:32:07.776+0000] {logging_mixin.py:188} INFO - [2025-07-16T19:32:07.775+0000] {dag.py:3096} INFO - Sync 1 DAGs
[2025-07-16T19:32:07.802+0000] {logging_mixin.py:188} INFO - [2025-07-16T19:32:07.801+0000] {dag.py:3954} INFO - Setting next_dagrun for latest_only_with_trigger to 2025-07-16 12:00:00+00:00, run_after=2025-07-16 16:00:00+00:00
[2025-07-16T19:32:07.866+0000] {processor.py:183} INFO - Processing /mnt/c/Users/Shivam Gupta/OneDrive/Documents/Shivam_Developement/data_engineering/data_engineering_project/batch-etl-pyspark/.venv/lib/python3.12/site-packages/airflow/example_dags/example_latest_only_with_trigger.py took 0.152 seconds
[2025-07-16T19:33:12.814+0000] {processor.py:161} INFO - Started process (PID=13810) to work on /mnt/c/Users/Shivam Gupta/OneDrive/Documents/Shivam_Developement/data_engineering/data_engineering_project/batch-etl-pyspark/.venv/lib/python3.12/site-packages/airflow/example_dags/example_latest_only_with_trigger.py
[2025-07-16T19:33:12.816+0000] {processor.py:830} INFO - Processing file /mnt/c/Users/Shivam Gupta/OneDrive/Documents/Shivam_Developement/data_engineering/data_engineering_project/batch-etl-pyspark/.venv/lib/python3.12/site-packages/airflow/example_dags/example_latest_only_with_trigger.py for tasks to queue
[2025-07-16T19:33:12.818+0000] {logging_mixin.py:188} INFO - [2025-07-16T19:33:12.817+0000] {dagbag.py:545} INFO - Filling up the DagBag from /mnt/c/Users/Shivam Gupta/OneDrive/Documents/Shivam_Developement/data_engineering/data_engineering_project/batch-etl-pyspark/.venv/lib/python3.12/site-packages/airflow/example_dags/example_latest_only_with_trigger.py
[2025-07-16T19:33:12.829+0000] {processor.py:840} INFO - DAG(s) 'latest_only_with_trigger' retrieved from /mnt/c/Users/Shivam Gupta/OneDrive/Documents/Shivam_Developement/data_engineering/data_engineering_project/batch-etl-pyspark/.venv/lib/python3.12/site-packages/airflow/example_dags/example_latest_only_with_trigger.py
[2025-07-16T19:33:12.847+0000] {logging_mixin.py:188} INFO - [2025-07-16T19:33:12.846+0000] {dag.py:3096} INFO - Sync 1 DAGs
[2025-07-16T19:33:12.864+0000] {logging_mixin.py:188} INFO - [2025-07-16T19:33:12.864+0000] {dag.py:3954} INFO - Setting next_dagrun for latest_only_with_trigger to 2025-07-16 12:00:00+00:00, run_after=2025-07-16 16:00:00+00:00
[2025-07-16T19:33:12.910+0000] {processor.py:183} INFO - Processing /mnt/c/Users/Shivam Gupta/OneDrive/Documents/Shivam_Developement/data_engineering/data_engineering_project/batch-etl-pyspark/.venv/lib/python3.12/site-packages/airflow/example_dags/example_latest_only_with_trigger.py took 0.103 seconds
[2025-07-16T19:34:26.967+0000] {processor.py:161} INFO - Started process (PID=13948) to work on /mnt/c/Users/Shivam Gupta/OneDrive/Documents/Shivam_Developement/data_engineering/data_engineering_project/batch-etl-pyspark/.venv/lib/python3.12/site-packages/airflow/example_dags/example_latest_only_with_trigger.py
[2025-07-16T19:34:26.969+0000] {processor.py:830} INFO - Processing file /mnt/c/Users/Shivam Gupta/OneDrive/Documents/Shivam_Developement/data_engineering/data_engineering_project/batch-etl-pyspark/.venv/lib/python3.12/site-packages/airflow/example_dags/example_latest_only_with_trigger.py for tasks to queue
[2025-07-16T19:34:26.972+0000] {logging_mixin.py:188} INFO - [2025-07-16T19:34:26.971+0000] {dagbag.py:545} INFO - Filling up the DagBag from /mnt/c/Users/Shivam Gupta/OneDrive/Documents/Shivam_Developement/data_engineering/data_engineering_project/batch-etl-pyspark/.venv/lib/python3.12/site-packages/airflow/example_dags/example_latest_only_with_trigger.py
[2025-07-16T19:34:27.000+0000] {processor.py:840} INFO - DAG(s) 'latest_only_with_trigger' retrieved from /mnt/c/Users/Shivam Gupta/OneDrive/Documents/Shivam_Developement/data_engineering/data_engineering_project/batch-etl-pyspark/.venv/lib/python3.12/site-packages/airflow/example_dags/example_latest_only_with_trigger.py
[2025-07-16T19:34:27.033+0000] {logging_mixin.py:188} INFO - [2025-07-16T19:34:27.032+0000] {dag.py:3096} INFO - Sync 1 DAGs
[2025-07-16T19:34:27.076+0000] {logging_mixin.py:188} INFO - [2025-07-16T19:34:27.075+0000] {dag.py:3954} INFO - Setting next_dagrun for latest_only_with_trigger to 2025-07-16 12:00:00+00:00, run_after=2025-07-16 16:00:00+00:00
[2025-07-16T19:34:27.153+0000] {processor.py:183} INFO - Processing /mnt/c/Users/Shivam Gupta/OneDrive/Documents/Shivam_Developement/data_engineering/data_engineering_project/batch-etl-pyspark/.venv/lib/python3.12/site-packages/airflow/example_dags/example_latest_only_with_trigger.py took 0.198 seconds
[2025-07-16T19:35:40.494+0000] {processor.py:161} INFO - Started process (PID=14086) to work on /mnt/c/Users/Shivam Gupta/OneDrive/Documents/Shivam_Developement/data_engineering/data_engineering_project/batch-etl-pyspark/.venv/lib/python3.12/site-packages/airflow/example_dags/example_latest_only_with_trigger.py
[2025-07-16T19:35:40.496+0000] {processor.py:830} INFO - Processing file /mnt/c/Users/Shivam Gupta/OneDrive/Documents/Shivam_Developement/data_engineering/data_engineering_project/batch-etl-pyspark/.venv/lib/python3.12/site-packages/airflow/example_dags/example_latest_only_with_trigger.py for tasks to queue
[2025-07-16T19:35:40.499+0000] {logging_mixin.py:188} INFO - [2025-07-16T19:35:40.498+0000] {dagbag.py:545} INFO - Filling up the DagBag from /mnt/c/Users/Shivam Gupta/OneDrive/Documents/Shivam_Developement/data_engineering/data_engineering_project/batch-etl-pyspark/.venv/lib/python3.12/site-packages/airflow/example_dags/example_latest_only_with_trigger.py
[2025-07-16T19:35:40.520+0000] {processor.py:840} INFO - DAG(s) 'latest_only_with_trigger' retrieved from /mnt/c/Users/Shivam Gupta/OneDrive/Documents/Shivam_Developement/data_engineering/data_engineering_project/batch-etl-pyspark/.venv/lib/python3.12/site-packages/airflow/example_dags/example_latest_only_with_trigger.py
[2025-07-16T19:35:40.548+0000] {logging_mixin.py:188} INFO - [2025-07-16T19:35:40.547+0000] {dag.py:3096} INFO - Sync 1 DAGs
[2025-07-16T19:35:40.579+0000] {logging_mixin.py:188} INFO - [2025-07-16T19:35:40.577+0000] {dag.py:3954} INFO - Setting next_dagrun for latest_only_with_trigger to 2025-07-16 12:00:00+00:00, run_after=2025-07-16 16:00:00+00:00
[2025-07-16T19:35:40.662+0000] {processor.py:183} INFO - Processing /mnt/c/Users/Shivam Gupta/OneDrive/Documents/Shivam_Developement/data_engineering/data_engineering_project/batch-etl-pyspark/.venv/lib/python3.12/site-packages/airflow/example_dags/example_latest_only_with_trigger.py took 0.180 seconds
[2025-07-16T19:49:24.113+0000] {processor.py:161} INFO - Started process (PID=15099) to work on /mnt/c/Users/Shivam Gupta/OneDrive/Documents/Shivam_Developement/data_engineering/data_engineering_project/batch-etl-pyspark/.venv/lib/python3.12/site-packages/airflow/example_dags/example_latest_only_with_trigger.py
[2025-07-16T19:49:24.117+0000] {processor.py:830} INFO - Processing file /mnt/c/Users/Shivam Gupta/OneDrive/Documents/Shivam_Developement/data_engineering/data_engineering_project/batch-etl-pyspark/.venv/lib/python3.12/site-packages/airflow/example_dags/example_latest_only_with_trigger.py for tasks to queue
[2025-07-16T19:49:24.121+0000] {logging_mixin.py:188} INFO - [2025-07-16T19:49:24.120+0000] {dagbag.py:545} INFO - Filling up the DagBag from /mnt/c/Users/Shivam Gupta/OneDrive/Documents/Shivam_Developement/data_engineering/data_engineering_project/batch-etl-pyspark/.venv/lib/python3.12/site-packages/airflow/example_dags/example_latest_only_with_trigger.py
[2025-07-16T19:49:24.153+0000] {processor.py:840} INFO - DAG(s) 'latest_only_with_trigger' retrieved from /mnt/c/Users/Shivam Gupta/OneDrive/Documents/Shivam_Developement/data_engineering/data_engineering_project/batch-etl-pyspark/.venv/lib/python3.12/site-packages/airflow/example_dags/example_latest_only_with_trigger.py
[2025-07-16T19:49:24.204+0000] {logging_mixin.py:188} INFO - [2025-07-16T19:49:24.203+0000] {dag.py:3096} INFO - Sync 1 DAGs
[2025-07-16T19:49:24.234+0000] {logging_mixin.py:188} INFO - [2025-07-16T19:49:24.233+0000] {dag.py:3954} INFO - Setting next_dagrun for latest_only_with_trigger to 2025-07-16 12:00:00+00:00, run_after=2025-07-16 16:00:00+00:00
[2025-07-16T19:49:24.284+0000] {processor.py:183} INFO - Processing /mnt/c/Users/Shivam Gupta/OneDrive/Documents/Shivam_Developement/data_engineering/data_engineering_project/batch-etl-pyspark/.venv/lib/python3.12/site-packages/airflow/example_dags/example_latest_only_with_trigger.py took 0.189 seconds
[2025-07-16T19:50:51.689+0000] {processor.py:161} INFO - Started process (PID=15217) to work on /mnt/c/Users/Shivam Gupta/OneDrive/Documents/Shivam_Developement/data_engineering/data_engineering_project/batch-etl-pyspark/.venv/lib/python3.12/site-packages/airflow/example_dags/example_latest_only_with_trigger.py
[2025-07-16T19:50:51.692+0000] {processor.py:830} INFO - Processing file /mnt/c/Users/Shivam Gupta/OneDrive/Documents/Shivam_Developement/data_engineering/data_engineering_project/batch-etl-pyspark/.venv/lib/python3.12/site-packages/airflow/example_dags/example_latest_only_with_trigger.py for tasks to queue
[2025-07-16T19:50:51.695+0000] {logging_mixin.py:188} INFO - [2025-07-16T19:50:51.694+0000] {dagbag.py:545} INFO - Filling up the DagBag from /mnt/c/Users/Shivam Gupta/OneDrive/Documents/Shivam_Developement/data_engineering/data_engineering_project/batch-etl-pyspark/.venv/lib/python3.12/site-packages/airflow/example_dags/example_latest_only_with_trigger.py
[2025-07-16T19:50:51.715+0000] {processor.py:840} INFO - DAG(s) 'latest_only_with_trigger' retrieved from /mnt/c/Users/Shivam Gupta/OneDrive/Documents/Shivam_Developement/data_engineering/data_engineering_project/batch-etl-pyspark/.venv/lib/python3.12/site-packages/airflow/example_dags/example_latest_only_with_trigger.py
[2025-07-16T19:50:51.742+0000] {logging_mixin.py:188} INFO - [2025-07-16T19:50:51.741+0000] {dag.py:3096} INFO - Sync 1 DAGs
[2025-07-16T19:50:51.780+0000] {logging_mixin.py:188} INFO - [2025-07-16T19:50:51.779+0000] {dag.py:3954} INFO - Setting next_dagrun for latest_only_with_trigger to 2025-07-16 12:00:00+00:00, run_after=2025-07-16 16:00:00+00:00
[2025-07-16T19:50:51.870+0000] {processor.py:183} INFO - Processing /mnt/c/Users/Shivam Gupta/OneDrive/Documents/Shivam_Developement/data_engineering/data_engineering_project/batch-etl-pyspark/.venv/lib/python3.12/site-packages/airflow/example_dags/example_latest_only_with_trigger.py took 0.191 seconds
[2025-07-16T19:52:16.535+0000] {processor.py:161} INFO - Started process (PID=15314) to work on /mnt/c/Users/Shivam Gupta/OneDrive/Documents/Shivam_Developement/data_engineering/data_engineering_project/batch-etl-pyspark/.venv/lib/python3.12/site-packages/airflow/example_dags/example_latest_only_with_trigger.py
[2025-07-16T19:52:16.537+0000] {processor.py:830} INFO - Processing file /mnt/c/Users/Shivam Gupta/OneDrive/Documents/Shivam_Developement/data_engineering/data_engineering_project/batch-etl-pyspark/.venv/lib/python3.12/site-packages/airflow/example_dags/example_latest_only_with_trigger.py for tasks to queue
[2025-07-16T19:52:16.542+0000] {logging_mixin.py:188} INFO - [2025-07-16T19:52:16.540+0000] {dagbag.py:545} INFO - Filling up the DagBag from /mnt/c/Users/Shivam Gupta/OneDrive/Documents/Shivam_Developement/data_engineering/data_engineering_project/batch-etl-pyspark/.venv/lib/python3.12/site-packages/airflow/example_dags/example_latest_only_with_trigger.py
[2025-07-16T19:52:16.574+0000] {processor.py:840} INFO - DAG(s) 'latest_only_with_trigger' retrieved from /mnt/c/Users/Shivam Gupta/OneDrive/Documents/Shivam_Developement/data_engineering/data_engineering_project/batch-etl-pyspark/.venv/lib/python3.12/site-packages/airflow/example_dags/example_latest_only_with_trigger.py
[2025-07-16T19:52:16.609+0000] {logging_mixin.py:188} INFO - [2025-07-16T19:52:16.607+0000] {dag.py:3096} INFO - Sync 1 DAGs
[2025-07-16T19:52:16.648+0000] {logging_mixin.py:188} INFO - [2025-07-16T19:52:16.646+0000] {dag.py:3954} INFO - Setting next_dagrun for latest_only_with_trigger to 2025-07-16 12:00:00+00:00, run_after=2025-07-16 16:00:00+00:00
[2025-07-16T19:52:16.716+0000] {processor.py:183} INFO - Processing /mnt/c/Users/Shivam Gupta/OneDrive/Documents/Shivam_Developement/data_engineering/data_engineering_project/batch-etl-pyspark/.venv/lib/python3.12/site-packages/airflow/example_dags/example_latest_only_with_trigger.py took 0.196 seconds
