[2025-07-16T17:47:18.009+0000] {processor.py:161} INFO - Started process (PID=5771) to work on /mnt/c/Users/Shivam Gupta/OneDrive/Documents/Shivam_Developement/data_engineering/data_engineering_project/batch-etl-pyspark/.venv/lib/python3.12/site-packages/airflow/example_dags/example_params_ui_tutorial.py
[2025-07-16T17:47:18.013+0000] {processor.py:830} INFO - Processing file /mnt/c/Users/Shivam Gupta/OneDrive/Documents/Shivam_Developement/data_engineering/data_engineering_project/batch-etl-pyspark/.venv/lib/python3.12/site-packages/airflow/example_dags/example_params_ui_tutorial.py for tasks to queue
[2025-07-16T17:47:18.019+0000] {logging_mixin.py:188} INFO - [2025-07-16T17:47:18.017+0000] {dagbag.py:545} INFO - Filling up the DagBag from /mnt/c/Users/Shivam Gupta/OneDrive/Documents/Shivam_Developement/data_engineering/data_engineering_project/batch-etl-pyspark/.venv/lib/python3.12/site-packages/airflow/example_dags/example_params_ui_tutorial.py
[2025-07-16T17:47:18.074+0000] {processor.py:840} INFO - DAG(s) 'example_params_ui_tutorial' retrieved from /mnt/c/Users/Shivam Gupta/OneDrive/Documents/Shivam_Developement/data_engineering/data_engineering_project/batch-etl-pyspark/.venv/lib/python3.12/site-packages/airflow/example_dags/example_params_ui_tutorial.py
[2025-07-16T17:47:19.978+0000] {logging_mixin.py:188} INFO - [2025-07-16T17:47:19.976+0000] {override.py:1930} INFO - Created Permission View: can read on DAG:example_params_ui_tutorial
[2025-07-16T17:47:20.058+0000] {logging_mixin.py:188} INFO - [2025-07-16T17:47:20.055+0000] {override.py:1930} INFO - Created Permission View: can edit on DAG:example_params_ui_tutorial
[2025-07-16T17:47:20.131+0000] {logging_mixin.py:188} INFO - [2025-07-16T17:47:20.129+0000] {override.py:1930} INFO - Created Permission View: can delete on DAG:example_params_ui_tutorial
[2025-07-16T17:47:20.136+0000] {logging_mixin.py:188} INFO - [2025-07-16T17:47:20.134+0000] {dag.py:3096} INFO - Sync 1 DAGs
[2025-07-16T17:47:20.172+0000] {logging_mixin.py:188} INFO - [2025-07-16T17:47:20.170+0000] {dag.py:3118} INFO - Creating ORM DAG for example_params_ui_tutorial
[2025-07-16T17:47:20.176+0000] {logging_mixin.py:188} INFO - [2025-07-16T17:47:20.174+0000] {dag.py:3954} INFO - Setting next_dagrun for example_params_ui_tutorial to None, run_after=None
[2025-07-16T17:47:20.318+0000] {processor.py:183} INFO - Processing /mnt/c/Users/Shivam Gupta/OneDrive/Documents/Shivam_Developement/data_engineering/data_engineering_project/batch-etl-pyspark/.venv/lib/python3.12/site-packages/airflow/example_dags/example_params_ui_tutorial.py took 2.328 seconds
[2025-07-16T17:49:00.747+0000] {processor.py:161} INFO - Started process (PID=5843) to work on /mnt/c/Users/Shivam Gupta/OneDrive/Documents/Shivam_Developement/data_engineering/data_engineering_project/batch-etl-pyspark/.venv/lib/python3.12/site-packages/airflow/example_dags/example_params_ui_tutorial.py
[2025-07-16T17:49:00.749+0000] {processor.py:830} INFO - Processing file /mnt/c/Users/Shivam Gupta/OneDrive/Documents/Shivam_Developement/data_engineering/data_engineering_project/batch-etl-pyspark/.venv/lib/python3.12/site-packages/airflow/example_dags/example_params_ui_tutorial.py for tasks to queue
[2025-07-16T17:49:00.755+0000] {logging_mixin.py:188} INFO - [2025-07-16T17:49:00.753+0000] {dagbag.py:545} INFO - Filling up the DagBag from /mnt/c/Users/Shivam Gupta/OneDrive/Documents/Shivam_Developement/data_engineering/data_engineering_project/batch-etl-pyspark/.venv/lib/python3.12/site-packages/airflow/example_dags/example_params_ui_tutorial.py
[2025-07-16T17:49:00.813+0000] {processor.py:840} INFO - DAG(s) 'example_params_ui_tutorial' retrieved from /mnt/c/Users/Shivam Gupta/OneDrive/Documents/Shivam_Developement/data_engineering/data_engineering_project/batch-etl-pyspark/.venv/lib/python3.12/site-packages/airflow/example_dags/example_params_ui_tutorial.py
[2025-07-16T17:49:00.877+0000] {logging_mixin.py:188} INFO - [2025-07-16T17:49:00.875+0000] {dag.py:3096} INFO - Sync 1 DAGs
[2025-07-16T17:49:00.896+0000] {logging_mixin.py:188} INFO - [2025-07-16T17:49:00.895+0000] {dag.py:3954} INFO - Setting next_dagrun for example_params_ui_tutorial to None, run_after=None
[2025-07-16T17:49:00.990+0000] {processor.py:183} INFO - Processing /mnt/c/Users/Shivam Gupta/OneDrive/Documents/Shivam_Developement/data_engineering/data_engineering_project/batch-etl-pyspark/.venv/lib/python3.12/site-packages/airflow/example_dags/example_params_ui_tutorial.py took 0.256 seconds
[2025-07-16T17:50:34.416+0000] {processor.py:161} INFO - Started process (PID=5936) to work on /mnt/c/Users/Shivam Gupta/OneDrive/Documents/Shivam_Developement/data_engineering/data_engineering_project/batch-etl-pyspark/.venv/lib/python3.12/site-packages/airflow/example_dags/example_params_ui_tutorial.py
[2025-07-16T17:50:34.417+0000] {processor.py:830} INFO - Processing file /mnt/c/Users/Shivam Gupta/OneDrive/Documents/Shivam_Developement/data_engineering/data_engineering_project/batch-etl-pyspark/.venv/lib/python3.12/site-packages/airflow/example_dags/example_params_ui_tutorial.py for tasks to queue
[2025-07-16T17:50:34.419+0000] {logging_mixin.py:188} INFO - [2025-07-16T17:50:34.419+0000] {dagbag.py:545} INFO - Filling up the DagBag from /mnt/c/Users/Shivam Gupta/OneDrive/Documents/Shivam_Developement/data_engineering/data_engineering_project/batch-etl-pyspark/.venv/lib/python3.12/site-packages/airflow/example_dags/example_params_ui_tutorial.py
[2025-07-16T17:50:34.444+0000] {processor.py:840} INFO - DAG(s) 'example_params_ui_tutorial' retrieved from /mnt/c/Users/Shivam Gupta/OneDrive/Documents/Shivam_Developement/data_engineering/data_engineering_project/batch-etl-pyspark/.venv/lib/python3.12/site-packages/airflow/example_dags/example_params_ui_tutorial.py
[2025-07-16T17:50:34.493+0000] {logging_mixin.py:188} INFO - [2025-07-16T17:50:34.491+0000] {dag.py:3096} INFO - Sync 1 DAGs
[2025-07-16T17:50:34.506+0000] {logging_mixin.py:188} INFO - [2025-07-16T17:50:34.505+0000] {dag.py:3954} INFO - Setting next_dagrun for example_params_ui_tutorial to None, run_after=None
[2025-07-16T17:50:34.570+0000] {processor.py:183} INFO - Processing /mnt/c/Users/Shivam Gupta/OneDrive/Documents/Shivam_Developement/data_engineering/data_engineering_project/batch-etl-pyspark/.venv/lib/python3.12/site-packages/airflow/example_dags/example_params_ui_tutorial.py took 0.161 seconds
[2025-07-16T17:51:53.188+0000] {processor.py:161} INFO - Started process (PID=6024) to work on /mnt/c/Users/Shivam Gupta/OneDrive/Documents/Shivam_Developement/data_engineering/data_engineering_project/batch-etl-pyspark/.venv/lib/python3.12/site-packages/airflow/example_dags/example_params_ui_tutorial.py
[2025-07-16T17:51:53.190+0000] {processor.py:830} INFO - Processing file /mnt/c/Users/Shivam Gupta/OneDrive/Documents/Shivam_Developement/data_engineering/data_engineering_project/batch-etl-pyspark/.venv/lib/python3.12/site-packages/airflow/example_dags/example_params_ui_tutorial.py for tasks to queue
[2025-07-16T17:51:53.193+0000] {logging_mixin.py:188} INFO - [2025-07-16T17:51:53.192+0000] {dagbag.py:545} INFO - Filling up the DagBag from /mnt/c/Users/Shivam Gupta/OneDrive/Documents/Shivam_Developement/data_engineering/data_engineering_project/batch-etl-pyspark/.venv/lib/python3.12/site-packages/airflow/example_dags/example_params_ui_tutorial.py
[2025-07-16T17:51:53.226+0000] {processor.py:840} INFO - DAG(s) 'example_params_ui_tutorial' retrieved from /mnt/c/Users/Shivam Gupta/OneDrive/Documents/Shivam_Developement/data_engineering/data_engineering_project/batch-etl-pyspark/.venv/lib/python3.12/site-packages/airflow/example_dags/example_params_ui_tutorial.py
[2025-07-16T17:51:53.273+0000] {logging_mixin.py:188} INFO - [2025-07-16T17:51:53.272+0000] {dag.py:3096} INFO - Sync 1 DAGs
[2025-07-16T17:51:53.287+0000] {logging_mixin.py:188} INFO - [2025-07-16T17:51:53.286+0000] {dag.py:3954} INFO - Setting next_dagrun for example_params_ui_tutorial to None, run_after=None
[2025-07-16T17:51:53.338+0000] {processor.py:183} INFO - Processing /mnt/c/Users/Shivam Gupta/OneDrive/Documents/Shivam_Developement/data_engineering/data_engineering_project/batch-etl-pyspark/.venv/lib/python3.12/site-packages/airflow/example_dags/example_params_ui_tutorial.py took 0.162 seconds
[2025-07-16T17:53:09.791+0000] {processor.py:161} INFO - Started process (PID=6095) to work on /mnt/c/Users/Shivam Gupta/OneDrive/Documents/Shivam_Developement/data_engineering/data_engineering_project/batch-etl-pyspark/.venv/lib/python3.12/site-packages/airflow/example_dags/example_params_ui_tutorial.py
[2025-07-16T17:53:09.795+0000] {processor.py:830} INFO - Processing file /mnt/c/Users/Shivam Gupta/OneDrive/Documents/Shivam_Developement/data_engineering/data_engineering_project/batch-etl-pyspark/.venv/lib/python3.12/site-packages/airflow/example_dags/example_params_ui_tutorial.py for tasks to queue
[2025-07-16T17:53:09.799+0000] {logging_mixin.py:188} INFO - [2025-07-16T17:53:09.798+0000] {dagbag.py:545} INFO - Filling up the DagBag from /mnt/c/Users/Shivam Gupta/OneDrive/Documents/Shivam_Developement/data_engineering/data_engineering_project/batch-etl-pyspark/.venv/lib/python3.12/site-packages/airflow/example_dags/example_params_ui_tutorial.py
[2025-07-16T17:53:09.831+0000] {processor.py:840} INFO - DAG(s) 'example_params_ui_tutorial' retrieved from /mnt/c/Users/Shivam Gupta/OneDrive/Documents/Shivam_Developement/data_engineering/data_engineering_project/batch-etl-pyspark/.venv/lib/python3.12/site-packages/airflow/example_dags/example_params_ui_tutorial.py
[2025-07-16T17:53:09.879+0000] {logging_mixin.py:188} INFO - [2025-07-16T17:53:09.878+0000] {dag.py:3096} INFO - Sync 1 DAGs
[2025-07-16T17:53:09.891+0000] {logging_mixin.py:188} INFO - [2025-07-16T17:53:09.890+0000] {dag.py:3954} INFO - Setting next_dagrun for example_params_ui_tutorial to None, run_after=None
[2025-07-16T17:53:09.961+0000] {processor.py:183} INFO - Processing /mnt/c/Users/Shivam Gupta/OneDrive/Documents/Shivam_Developement/data_engineering/data_engineering_project/batch-etl-pyspark/.venv/lib/python3.12/site-packages/airflow/example_dags/example_params_ui_tutorial.py took 0.182 seconds
[2025-07-16T17:54:43.045+0000] {processor.py:161} INFO - Started process (PID=6184) to work on /mnt/c/Users/Shivam Gupta/OneDrive/Documents/Shivam_Developement/data_engineering/data_engineering_project/batch-etl-pyspark/.venv/lib/python3.12/site-packages/airflow/example_dags/example_params_ui_tutorial.py
[2025-07-16T17:54:43.048+0000] {processor.py:830} INFO - Processing file /mnt/c/Users/Shivam Gupta/OneDrive/Documents/Shivam_Developement/data_engineering/data_engineering_project/batch-etl-pyspark/.venv/lib/python3.12/site-packages/airflow/example_dags/example_params_ui_tutorial.py for tasks to queue
[2025-07-16T17:54:43.051+0000] {logging_mixin.py:188} INFO - [2025-07-16T17:54:43.050+0000] {dagbag.py:545} INFO - Filling up the DagBag from /mnt/c/Users/Shivam Gupta/OneDrive/Documents/Shivam_Developement/data_engineering/data_engineering_project/batch-etl-pyspark/.venv/lib/python3.12/site-packages/airflow/example_dags/example_params_ui_tutorial.py
[2025-07-16T17:54:43.082+0000] {processor.py:840} INFO - DAG(s) 'example_params_ui_tutorial' retrieved from /mnt/c/Users/Shivam Gupta/OneDrive/Documents/Shivam_Developement/data_engineering/data_engineering_project/batch-etl-pyspark/.venv/lib/python3.12/site-packages/airflow/example_dags/example_params_ui_tutorial.py
[2025-07-16T17:54:43.129+0000] {logging_mixin.py:188} INFO - [2025-07-16T17:54:43.127+0000] {dag.py:3096} INFO - Sync 1 DAGs
[2025-07-16T17:54:43.146+0000] {logging_mixin.py:188} INFO - [2025-07-16T17:54:43.144+0000] {dag.py:3954} INFO - Setting next_dagrun for example_params_ui_tutorial to None, run_after=None
[2025-07-16T17:54:43.201+0000] {processor.py:183} INFO - Processing /mnt/c/Users/Shivam Gupta/OneDrive/Documents/Shivam_Developement/data_engineering/data_engineering_project/batch-etl-pyspark/.venv/lib/python3.12/site-packages/airflow/example_dags/example_params_ui_tutorial.py took 0.167 seconds
[2025-07-16T17:56:13.904+0000] {processor.py:161} INFO - Started process (PID=6272) to work on /mnt/c/Users/Shivam Gupta/OneDrive/Documents/Shivam_Developement/data_engineering/data_engineering_project/batch-etl-pyspark/.venv/lib/python3.12/site-packages/airflow/example_dags/example_params_ui_tutorial.py
[2025-07-16T17:56:13.909+0000] {processor.py:830} INFO - Processing file /mnt/c/Users/Shivam Gupta/OneDrive/Documents/Shivam_Developement/data_engineering/data_engineering_project/batch-etl-pyspark/.venv/lib/python3.12/site-packages/airflow/example_dags/example_params_ui_tutorial.py for tasks to queue
[2025-07-16T17:56:13.916+0000] {logging_mixin.py:188} INFO - [2025-07-16T17:56:13.913+0000] {dagbag.py:545} INFO - Filling up the DagBag from /mnt/c/Users/Shivam Gupta/OneDrive/Documents/Shivam_Developement/data_engineering/data_engineering_project/batch-etl-pyspark/.venv/lib/python3.12/site-packages/airflow/example_dags/example_params_ui_tutorial.py
[2025-07-16T17:56:13.993+0000] {processor.py:840} INFO - DAG(s) 'example_params_ui_tutorial' retrieved from /mnt/c/Users/Shivam Gupta/OneDrive/Documents/Shivam_Developement/data_engineering/data_engineering_project/batch-etl-pyspark/.venv/lib/python3.12/site-packages/airflow/example_dags/example_params_ui_tutorial.py
[2025-07-16T17:56:14.090+0000] {logging_mixin.py:188} INFO - [2025-07-16T17:56:14.088+0000] {dag.py:3096} INFO - Sync 1 DAGs
[2025-07-16T17:56:14.115+0000] {logging_mixin.py:188} INFO - [2025-07-16T17:56:14.113+0000] {dag.py:3954} INFO - Setting next_dagrun for example_params_ui_tutorial to None, run_after=None
[2025-07-16T17:56:14.224+0000] {processor.py:183} INFO - Processing /mnt/c/Users/Shivam Gupta/OneDrive/Documents/Shivam_Developement/data_engineering/data_engineering_project/batch-etl-pyspark/.venv/lib/python3.12/site-packages/airflow/example_dags/example_params_ui_tutorial.py took 0.348 seconds
[2025-07-16T18:02:41.501+0000] {processor.py:161} INFO - Started process (PID=6744) to work on /mnt/c/Users/Shivam Gupta/OneDrive/Documents/Shivam_Developement/data_engineering/data_engineering_project/batch-etl-pyspark/.venv/lib/python3.12/site-packages/airflow/example_dags/example_params_ui_tutorial.py
[2025-07-16T18:02:41.505+0000] {processor.py:830} INFO - Processing file /mnt/c/Users/Shivam Gupta/OneDrive/Documents/Shivam_Developement/data_engineering/data_engineering_project/batch-etl-pyspark/.venv/lib/python3.12/site-packages/airflow/example_dags/example_params_ui_tutorial.py for tasks to queue
[2025-07-16T18:02:41.510+0000] {logging_mixin.py:188} INFO - [2025-07-16T18:02:41.508+0000] {dagbag.py:545} INFO - Filling up the DagBag from /mnt/c/Users/Shivam Gupta/OneDrive/Documents/Shivam_Developement/data_engineering/data_engineering_project/batch-etl-pyspark/.venv/lib/python3.12/site-packages/airflow/example_dags/example_params_ui_tutorial.py
[2025-07-16T18:02:41.605+0000] {processor.py:840} INFO - DAG(s) 'example_params_ui_tutorial' retrieved from /mnt/c/Users/Shivam Gupta/OneDrive/Documents/Shivam_Developement/data_engineering/data_engineering_project/batch-etl-pyspark/.venv/lib/python3.12/site-packages/airflow/example_dags/example_params_ui_tutorial.py
[2025-07-16T18:02:41.723+0000] {logging_mixin.py:188} INFO - [2025-07-16T18:02:41.722+0000] {dag.py:3096} INFO - Sync 1 DAGs
[2025-07-16T18:02:41.742+0000] {logging_mixin.py:188} INFO - [2025-07-16T18:02:41.739+0000] {dag.py:3954} INFO - Setting next_dagrun for example_params_ui_tutorial to None, run_after=None
[2025-07-16T18:02:41.882+0000] {processor.py:183} INFO - Processing /mnt/c/Users/Shivam Gupta/OneDrive/Documents/Shivam_Developement/data_engineering/data_engineering_project/batch-etl-pyspark/.venv/lib/python3.12/site-packages/airflow/example_dags/example_params_ui_tutorial.py took 0.432 seconds
[2025-07-16T18:04:02.913+0000] {processor.py:161} INFO - Started process (PID=6811) to work on /mnt/c/Users/Shivam Gupta/OneDrive/Documents/Shivam_Developement/data_engineering/data_engineering_project/batch-etl-pyspark/.venv/lib/python3.12/site-packages/airflow/example_dags/example_params_ui_tutorial.py
[2025-07-16T18:04:02.916+0000] {processor.py:830} INFO - Processing file /mnt/c/Users/Shivam Gupta/OneDrive/Documents/Shivam_Developement/data_engineering/data_engineering_project/batch-etl-pyspark/.venv/lib/python3.12/site-packages/airflow/example_dags/example_params_ui_tutorial.py for tasks to queue
[2025-07-16T18:04:02.922+0000] {logging_mixin.py:188} INFO - [2025-07-16T18:04:02.919+0000] {dagbag.py:545} INFO - Filling up the DagBag from /mnt/c/Users/Shivam Gupta/OneDrive/Documents/Shivam_Developement/data_engineering/data_engineering_project/batch-etl-pyspark/.venv/lib/python3.12/site-packages/airflow/example_dags/example_params_ui_tutorial.py
[2025-07-16T18:04:02.971+0000] {processor.py:840} INFO - DAG(s) 'example_params_ui_tutorial' retrieved from /mnt/c/Users/Shivam Gupta/OneDrive/Documents/Shivam_Developement/data_engineering/data_engineering_project/batch-etl-pyspark/.venv/lib/python3.12/site-packages/airflow/example_dags/example_params_ui_tutorial.py
[2025-07-16T18:04:03.033+0000] {logging_mixin.py:188} INFO - [2025-07-16T18:04:03.031+0000] {dag.py:3096} INFO - Sync 1 DAGs
[2025-07-16T18:04:03.048+0000] {logging_mixin.py:188} INFO - [2025-07-16T18:04:03.046+0000] {dag.py:3954} INFO - Setting next_dagrun for example_params_ui_tutorial to None, run_after=None
[2025-07-16T18:04:03.141+0000] {processor.py:183} INFO - Processing /mnt/c/Users/Shivam Gupta/OneDrive/Documents/Shivam_Developement/data_engineering/data_engineering_project/batch-etl-pyspark/.venv/lib/python3.12/site-packages/airflow/example_dags/example_params_ui_tutorial.py took 0.242 seconds
[2025-07-16T18:38:33.294+0000] {processor.py:161} INFO - Started process (PID=8691) to work on /mnt/c/Users/Shivam Gupta/OneDrive/Documents/Shivam_Developement/data_engineering/data_engineering_project/batch-etl-pyspark/.venv/lib/python3.12/site-packages/airflow/example_dags/example_params_ui_tutorial.py
[2025-07-16T18:38:33.297+0000] {processor.py:830} INFO - Processing file /mnt/c/Users/Shivam Gupta/OneDrive/Documents/Shivam_Developement/data_engineering/data_engineering_project/batch-etl-pyspark/.venv/lib/python3.12/site-packages/airflow/example_dags/example_params_ui_tutorial.py for tasks to queue
[2025-07-16T18:38:33.300+0000] {logging_mixin.py:188} INFO - [2025-07-16T18:38:33.299+0000] {dagbag.py:545} INFO - Filling up the DagBag from /mnt/c/Users/Shivam Gupta/OneDrive/Documents/Shivam_Developement/data_engineering/data_engineering_project/batch-etl-pyspark/.venv/lib/python3.12/site-packages/airflow/example_dags/example_params_ui_tutorial.py
[2025-07-16T18:38:33.331+0000] {processor.py:840} INFO - DAG(s) 'example_params_ui_tutorial' retrieved from /mnt/c/Users/Shivam Gupta/OneDrive/Documents/Shivam_Developement/data_engineering/data_engineering_project/batch-etl-pyspark/.venv/lib/python3.12/site-packages/airflow/example_dags/example_params_ui_tutorial.py
[2025-07-16T18:38:33.386+0000] {logging_mixin.py:188} INFO - [2025-07-16T18:38:33.385+0000] {dag.py:3096} INFO - Sync 1 DAGs
[2025-07-16T18:38:33.399+0000] {logging_mixin.py:188} INFO - [2025-07-16T18:38:33.399+0000] {dag.py:3954} INFO - Setting next_dagrun for example_params_ui_tutorial to None, run_after=None
[2025-07-16T18:38:33.456+0000] {processor.py:183} INFO - Processing /mnt/c/Users/Shivam Gupta/OneDrive/Documents/Shivam_Developement/data_engineering/data_engineering_project/batch-etl-pyspark/.venv/lib/python3.12/site-packages/airflow/example_dags/example_params_ui_tutorial.py took 0.172 seconds
[2025-07-16T18:52:39.569+0000] {processor.py:161} INFO - Started process (PID=9391) to work on /mnt/c/Users/Shivam Gupta/OneDrive/Documents/Shivam_Developement/data_engineering/data_engineering_project/batch-etl-pyspark/.venv/lib/python3.12/site-packages/airflow/example_dags/example_params_ui_tutorial.py
[2025-07-16T18:52:39.571+0000] {processor.py:830} INFO - Processing file /mnt/c/Users/Shivam Gupta/OneDrive/Documents/Shivam_Developement/data_engineering/data_engineering_project/batch-etl-pyspark/.venv/lib/python3.12/site-packages/airflow/example_dags/example_params_ui_tutorial.py for tasks to queue
[2025-07-16T18:52:39.573+0000] {logging_mixin.py:188} INFO - [2025-07-16T18:52:39.572+0000] {dagbag.py:545} INFO - Filling up the DagBag from /mnt/c/Users/Shivam Gupta/OneDrive/Documents/Shivam_Developement/data_engineering/data_engineering_project/batch-etl-pyspark/.venv/lib/python3.12/site-packages/airflow/example_dags/example_params_ui_tutorial.py
[2025-07-16T18:52:39.601+0000] {processor.py:840} INFO - DAG(s) 'example_params_ui_tutorial' retrieved from /mnt/c/Users/Shivam Gupta/OneDrive/Documents/Shivam_Developement/data_engineering/data_engineering_project/batch-etl-pyspark/.venv/lib/python3.12/site-packages/airflow/example_dags/example_params_ui_tutorial.py
[2025-07-16T18:52:39.649+0000] {logging_mixin.py:188} INFO - [2025-07-16T18:52:39.649+0000] {dag.py:3096} INFO - Sync 1 DAGs
[2025-07-16T18:52:39.660+0000] {logging_mixin.py:188} INFO - [2025-07-16T18:52:39.659+0000] {dag.py:3954} INFO - Setting next_dagrun for example_params_ui_tutorial to None, run_after=None
[2025-07-16T18:52:39.714+0000] {processor.py:183} INFO - Processing /mnt/c/Users/Shivam Gupta/OneDrive/Documents/Shivam_Developement/data_engineering/data_engineering_project/batch-etl-pyspark/.venv/lib/python3.12/site-packages/airflow/example_dags/example_params_ui_tutorial.py took 0.155 seconds
[2025-07-16T18:53:52.832+0000] {processor.py:161} INFO - Started process (PID=9458) to work on /mnt/c/Users/Shivam Gupta/OneDrive/Documents/Shivam_Developement/data_engineering/data_engineering_project/batch-etl-pyspark/.venv/lib/python3.12/site-packages/airflow/example_dags/example_params_ui_tutorial.py
[2025-07-16T18:53:52.833+0000] {processor.py:830} INFO - Processing file /mnt/c/Users/Shivam Gupta/OneDrive/Documents/Shivam_Developement/data_engineering/data_engineering_project/batch-etl-pyspark/.venv/lib/python3.12/site-packages/airflow/example_dags/example_params_ui_tutorial.py for tasks to queue
[2025-07-16T18:53:52.836+0000] {logging_mixin.py:188} INFO - [2025-07-16T18:53:52.835+0000] {dagbag.py:545} INFO - Filling up the DagBag from /mnt/c/Users/Shivam Gupta/OneDrive/Documents/Shivam_Developement/data_engineering/data_engineering_project/batch-etl-pyspark/.venv/lib/python3.12/site-packages/airflow/example_dags/example_params_ui_tutorial.py
[2025-07-16T18:53:52.865+0000] {processor.py:840} INFO - DAG(s) 'example_params_ui_tutorial' retrieved from /mnt/c/Users/Shivam Gupta/OneDrive/Documents/Shivam_Developement/data_engineering/data_engineering_project/batch-etl-pyspark/.venv/lib/python3.12/site-packages/airflow/example_dags/example_params_ui_tutorial.py
[2025-07-16T18:53:52.909+0000] {logging_mixin.py:188} INFO - [2025-07-16T18:53:52.908+0000] {dag.py:3096} INFO - Sync 1 DAGs
[2025-07-16T18:53:52.922+0000] {logging_mixin.py:188} INFO - [2025-07-16T18:53:52.921+0000] {dag.py:3954} INFO - Setting next_dagrun for example_params_ui_tutorial to None, run_after=None
[2025-07-16T18:53:53.011+0000] {processor.py:183} INFO - Processing /mnt/c/Users/Shivam Gupta/OneDrive/Documents/Shivam_Developement/data_engineering/data_engineering_project/batch-etl-pyspark/.venv/lib/python3.12/site-packages/airflow/example_dags/example_params_ui_tutorial.py took 0.190 seconds
[2025-07-16T18:55:15.792+0000] {processor.py:161} INFO - Started process (PID=9660) to work on /mnt/c/Users/Shivam Gupta/OneDrive/Documents/Shivam_Developement/data_engineering/data_engineering_project/batch-etl-pyspark/.venv/lib/python3.12/site-packages/airflow/example_dags/example_params_ui_tutorial.py
[2025-07-16T18:55:15.794+0000] {processor.py:830} INFO - Processing file /mnt/c/Users/Shivam Gupta/OneDrive/Documents/Shivam_Developement/data_engineering/data_engineering_project/batch-etl-pyspark/.venv/lib/python3.12/site-packages/airflow/example_dags/example_params_ui_tutorial.py for tasks to queue
[2025-07-16T18:55:15.797+0000] {logging_mixin.py:188} INFO - [2025-07-16T18:55:15.796+0000] {dagbag.py:545} INFO - Filling up the DagBag from /mnt/c/Users/Shivam Gupta/OneDrive/Documents/Shivam_Developement/data_engineering/data_engineering_project/batch-etl-pyspark/.venv/lib/python3.12/site-packages/airflow/example_dags/example_params_ui_tutorial.py
[2025-07-16T18:55:15.852+0000] {processor.py:840} INFO - DAG(s) 'example_params_ui_tutorial' retrieved from /mnt/c/Users/Shivam Gupta/OneDrive/Documents/Shivam_Developement/data_engineering/data_engineering_project/batch-etl-pyspark/.venv/lib/python3.12/site-packages/airflow/example_dags/example_params_ui_tutorial.py
[2025-07-16T18:55:15.903+0000] {logging_mixin.py:188} INFO - [2025-07-16T18:55:15.902+0000] {dag.py:3096} INFO - Sync 1 DAGs
[2025-07-16T18:55:15.915+0000] {logging_mixin.py:188} INFO - [2025-07-16T18:55:15.914+0000] {dag.py:3954} INFO - Setting next_dagrun for example_params_ui_tutorial to None, run_after=None
[2025-07-16T18:55:15.970+0000] {processor.py:183} INFO - Processing /mnt/c/Users/Shivam Gupta/OneDrive/Documents/Shivam_Developement/data_engineering/data_engineering_project/batch-etl-pyspark/.venv/lib/python3.12/site-packages/airflow/example_dags/example_params_ui_tutorial.py took 0.191 seconds
[2025-07-16T18:56:31.226+0000] {processor.py:161} INFO - Started process (PID=9862) to work on /mnt/c/Users/Shivam Gupta/OneDrive/Documents/Shivam_Developement/data_engineering/data_engineering_project/batch-etl-pyspark/.venv/lib/python3.12/site-packages/airflow/example_dags/example_params_ui_tutorial.py
[2025-07-16T18:56:31.228+0000] {processor.py:830} INFO - Processing file /mnt/c/Users/Shivam Gupta/OneDrive/Documents/Shivam_Developement/data_engineering/data_engineering_project/batch-etl-pyspark/.venv/lib/python3.12/site-packages/airflow/example_dags/example_params_ui_tutorial.py for tasks to queue
[2025-07-16T18:56:31.230+0000] {logging_mixin.py:188} INFO - [2025-07-16T18:56:31.229+0000] {dagbag.py:545} INFO - Filling up the DagBag from /mnt/c/Users/Shivam Gupta/OneDrive/Documents/Shivam_Developement/data_engineering/data_engineering_project/batch-etl-pyspark/.venv/lib/python3.12/site-packages/airflow/example_dags/example_params_ui_tutorial.py
[2025-07-16T18:56:31.257+0000] {processor.py:840} INFO - DAG(s) 'example_params_ui_tutorial' retrieved from /mnt/c/Users/Shivam Gupta/OneDrive/Documents/Shivam_Developement/data_engineering/data_engineering_project/batch-etl-pyspark/.venv/lib/python3.12/site-packages/airflow/example_dags/example_params_ui_tutorial.py
[2025-07-16T18:56:31.300+0000] {logging_mixin.py:188} INFO - [2025-07-16T18:56:31.298+0000] {dag.py:3096} INFO - Sync 1 DAGs
[2025-07-16T18:56:31.311+0000] {logging_mixin.py:188} INFO - [2025-07-16T18:56:31.310+0000] {dag.py:3954} INFO - Setting next_dagrun for example_params_ui_tutorial to None, run_after=None
[2025-07-16T18:56:31.375+0000] {processor.py:183} INFO - Processing /mnt/c/Users/Shivam Gupta/OneDrive/Documents/Shivam_Developement/data_engineering/data_engineering_project/batch-etl-pyspark/.venv/lib/python3.12/site-packages/airflow/example_dags/example_params_ui_tutorial.py took 0.161 seconds
[2025-07-16T18:57:48.594+0000] {processor.py:161} INFO - Started process (PID=10000) to work on /mnt/c/Users/Shivam Gupta/OneDrive/Documents/Shivam_Developement/data_engineering/data_engineering_project/batch-etl-pyspark/.venv/lib/python3.12/site-packages/airflow/example_dags/example_params_ui_tutorial.py
[2025-07-16T18:57:48.596+0000] {processor.py:830} INFO - Processing file /mnt/c/Users/Shivam Gupta/OneDrive/Documents/Shivam_Developement/data_engineering/data_engineering_project/batch-etl-pyspark/.venv/lib/python3.12/site-packages/airflow/example_dags/example_params_ui_tutorial.py for tasks to queue
[2025-07-16T18:57:48.598+0000] {logging_mixin.py:188} INFO - [2025-07-16T18:57:48.598+0000] {dagbag.py:545} INFO - Filling up the DagBag from /mnt/c/Users/Shivam Gupta/OneDrive/Documents/Shivam_Developement/data_engineering/data_engineering_project/batch-etl-pyspark/.venv/lib/python3.12/site-packages/airflow/example_dags/example_params_ui_tutorial.py
[2025-07-16T18:57:48.625+0000] {processor.py:840} INFO - DAG(s) 'example_params_ui_tutorial' retrieved from /mnt/c/Users/Shivam Gupta/OneDrive/Documents/Shivam_Developement/data_engineering/data_engineering_project/batch-etl-pyspark/.venv/lib/python3.12/site-packages/airflow/example_dags/example_params_ui_tutorial.py
[2025-07-16T18:57:48.669+0000] {logging_mixin.py:188} INFO - [2025-07-16T18:57:48.668+0000] {dag.py:3096} INFO - Sync 1 DAGs
[2025-07-16T18:57:48.679+0000] {logging_mixin.py:188} INFO - [2025-07-16T18:57:48.678+0000] {dag.py:3954} INFO - Setting next_dagrun for example_params_ui_tutorial to None, run_after=None
[2025-07-16T18:57:48.744+0000] {processor.py:183} INFO - Processing /mnt/c/Users/Shivam Gupta/OneDrive/Documents/Shivam_Developement/data_engineering/data_engineering_project/batch-etl-pyspark/.venv/lib/python3.12/site-packages/airflow/example_dags/example_params_ui_tutorial.py took 0.160 seconds
[2025-07-16T18:59:11.167+0000] {processor.py:161} INFO - Started process (PID=10143) to work on /mnt/c/Users/Shivam Gupta/OneDrive/Documents/Shivam_Developement/data_engineering/data_engineering_project/batch-etl-pyspark/.venv/lib/python3.12/site-packages/airflow/example_dags/example_params_ui_tutorial.py
[2025-07-16T18:59:11.170+0000] {processor.py:830} INFO - Processing file /mnt/c/Users/Shivam Gupta/OneDrive/Documents/Shivam_Developement/data_engineering/data_engineering_project/batch-etl-pyspark/.venv/lib/python3.12/site-packages/airflow/example_dags/example_params_ui_tutorial.py for tasks to queue
[2025-07-16T18:59:11.173+0000] {logging_mixin.py:188} INFO - [2025-07-16T18:59:11.171+0000] {dagbag.py:545} INFO - Filling up the DagBag from /mnt/c/Users/Shivam Gupta/OneDrive/Documents/Shivam_Developement/data_engineering/data_engineering_project/batch-etl-pyspark/.venv/lib/python3.12/site-packages/airflow/example_dags/example_params_ui_tutorial.py
[2025-07-16T18:59:11.204+0000] {processor.py:840} INFO - DAG(s) 'example_params_ui_tutorial' retrieved from /mnt/c/Users/Shivam Gupta/OneDrive/Documents/Shivam_Developement/data_engineering/data_engineering_project/batch-etl-pyspark/.venv/lib/python3.12/site-packages/airflow/example_dags/example_params_ui_tutorial.py
[2025-07-16T18:59:11.266+0000] {logging_mixin.py:188} INFO - [2025-07-16T18:59:11.264+0000] {dag.py:3096} INFO - Sync 1 DAGs
[2025-07-16T18:59:11.281+0000] {logging_mixin.py:188} INFO - [2025-07-16T18:59:11.279+0000] {dag.py:3954} INFO - Setting next_dagrun for example_params_ui_tutorial to None, run_after=None
[2025-07-16T18:59:11.367+0000] {processor.py:183} INFO - Processing /mnt/c/Users/Shivam Gupta/OneDrive/Documents/Shivam_Developement/data_engineering/data_engineering_project/batch-etl-pyspark/.venv/lib/python3.12/site-packages/airflow/example_dags/example_params_ui_tutorial.py took 0.211 seconds
[2025-07-16T19:00:40.120+0000] {processor.py:161} INFO - Started process (PID=10347) to work on /mnt/c/Users/Shivam Gupta/OneDrive/Documents/Shivam_Developement/data_engineering/data_engineering_project/batch-etl-pyspark/.venv/lib/python3.12/site-packages/airflow/example_dags/example_params_ui_tutorial.py
[2025-07-16T19:00:40.121+0000] {processor.py:830} INFO - Processing file /mnt/c/Users/Shivam Gupta/OneDrive/Documents/Shivam_Developement/data_engineering/data_engineering_project/batch-etl-pyspark/.venv/lib/python3.12/site-packages/airflow/example_dags/example_params_ui_tutorial.py for tasks to queue
[2025-07-16T19:00:40.124+0000] {logging_mixin.py:188} INFO - [2025-07-16T19:00:40.123+0000] {dagbag.py:545} INFO - Filling up the DagBag from /mnt/c/Users/Shivam Gupta/OneDrive/Documents/Shivam_Developement/data_engineering/data_engineering_project/batch-etl-pyspark/.venv/lib/python3.12/site-packages/airflow/example_dags/example_params_ui_tutorial.py
[2025-07-16T19:00:40.157+0000] {processor.py:840} INFO - DAG(s) 'example_params_ui_tutorial' retrieved from /mnt/c/Users/Shivam Gupta/OneDrive/Documents/Shivam_Developement/data_engineering/data_engineering_project/batch-etl-pyspark/.venv/lib/python3.12/site-packages/airflow/example_dags/example_params_ui_tutorial.py
[2025-07-16T19:00:40.203+0000] {logging_mixin.py:188} INFO - [2025-07-16T19:00:40.202+0000] {dag.py:3096} INFO - Sync 1 DAGs
[2025-07-16T19:00:40.219+0000] {logging_mixin.py:188} INFO - [2025-07-16T19:00:40.218+0000] {dag.py:3954} INFO - Setting next_dagrun for example_params_ui_tutorial to None, run_after=None
[2025-07-16T19:00:40.297+0000] {processor.py:183} INFO - Processing /mnt/c/Users/Shivam Gupta/OneDrive/Documents/Shivam_Developement/data_engineering/data_engineering_project/batch-etl-pyspark/.venv/lib/python3.12/site-packages/airflow/example_dags/example_params_ui_tutorial.py took 0.187 seconds
[2025-07-16T19:02:11.747+0000] {processor.py:161} INFO - Started process (PID=10560) to work on /mnt/c/Users/Shivam Gupta/OneDrive/Documents/Shivam_Developement/data_engineering/data_engineering_project/batch-etl-pyspark/.venv/lib/python3.12/site-packages/airflow/example_dags/example_params_ui_tutorial.py
[2025-07-16T19:02:11.749+0000] {processor.py:830} INFO - Processing file /mnt/c/Users/Shivam Gupta/OneDrive/Documents/Shivam_Developement/data_engineering/data_engineering_project/batch-etl-pyspark/.venv/lib/python3.12/site-packages/airflow/example_dags/example_params_ui_tutorial.py for tasks to queue
[2025-07-16T19:02:11.756+0000] {logging_mixin.py:188} INFO - [2025-07-16T19:02:11.752+0000] {dagbag.py:545} INFO - Filling up the DagBag from /mnt/c/Users/Shivam Gupta/OneDrive/Documents/Shivam_Developement/data_engineering/data_engineering_project/batch-etl-pyspark/.venv/lib/python3.12/site-packages/airflow/example_dags/example_params_ui_tutorial.py
[2025-07-16T19:02:11.802+0000] {processor.py:840} INFO - DAG(s) 'example_params_ui_tutorial' retrieved from /mnt/c/Users/Shivam Gupta/OneDrive/Documents/Shivam_Developement/data_engineering/data_engineering_project/batch-etl-pyspark/.venv/lib/python3.12/site-packages/airflow/example_dags/example_params_ui_tutorial.py
[2025-07-16T19:02:11.857+0000] {logging_mixin.py:188} INFO - [2025-07-16T19:02:11.856+0000] {dag.py:3096} INFO - Sync 1 DAGs
[2025-07-16T19:02:11.871+0000] {logging_mixin.py:188} INFO - [2025-07-16T19:02:11.870+0000] {dag.py:3954} INFO - Setting next_dagrun for example_params_ui_tutorial to None, run_after=None
[2025-07-16T19:02:11.945+0000] {processor.py:183} INFO - Processing /mnt/c/Users/Shivam Gupta/OneDrive/Documents/Shivam_Developement/data_engineering/data_engineering_project/batch-etl-pyspark/.venv/lib/python3.12/site-packages/airflow/example_dags/example_params_ui_tutorial.py took 0.214 seconds
[2025-07-16T19:03:43.643+0000] {processor.py:161} INFO - Started process (PID=10721) to work on /mnt/c/Users/Shivam Gupta/OneDrive/Documents/Shivam_Developement/data_engineering/data_engineering_project/batch-etl-pyspark/.venv/lib/python3.12/site-packages/airflow/example_dags/example_params_ui_tutorial.py
[2025-07-16T19:03:43.645+0000] {processor.py:830} INFO - Processing file /mnt/c/Users/Shivam Gupta/OneDrive/Documents/Shivam_Developement/data_engineering/data_engineering_project/batch-etl-pyspark/.venv/lib/python3.12/site-packages/airflow/example_dags/example_params_ui_tutorial.py for tasks to queue
[2025-07-16T19:03:43.648+0000] {logging_mixin.py:188} INFO - [2025-07-16T19:03:43.647+0000] {dagbag.py:545} INFO - Filling up the DagBag from /mnt/c/Users/Shivam Gupta/OneDrive/Documents/Shivam_Developement/data_engineering/data_engineering_project/batch-etl-pyspark/.venv/lib/python3.12/site-packages/airflow/example_dags/example_params_ui_tutorial.py
[2025-07-16T19:03:43.697+0000] {processor.py:840} INFO - DAG(s) 'example_params_ui_tutorial' retrieved from /mnt/c/Users/Shivam Gupta/OneDrive/Documents/Shivam_Developement/data_engineering/data_engineering_project/batch-etl-pyspark/.venv/lib/python3.12/site-packages/airflow/example_dags/example_params_ui_tutorial.py
[2025-07-16T19:03:43.756+0000] {logging_mixin.py:188} INFO - [2025-07-16T19:03:43.754+0000] {dag.py:3096} INFO - Sync 1 DAGs
[2025-07-16T19:03:43.777+0000] {logging_mixin.py:188} INFO - [2025-07-16T19:03:43.774+0000] {dag.py:3954} INFO - Setting next_dagrun for example_params_ui_tutorial to None, run_after=None
[2025-07-16T19:03:43.881+0000] {processor.py:183} INFO - Processing /mnt/c/Users/Shivam Gupta/OneDrive/Documents/Shivam_Developement/data_engineering/data_engineering_project/batch-etl-pyspark/.venv/lib/python3.12/site-packages/airflow/example_dags/example_params_ui_tutorial.py took 0.251 seconds
[2025-07-16T19:05:10.709+0000] {processor.py:161} INFO - Started process (PID=10862) to work on /mnt/c/Users/Shivam Gupta/OneDrive/Documents/Shivam_Developement/data_engineering/data_engineering_project/batch-etl-pyspark/.venv/lib/python3.12/site-packages/airflow/example_dags/example_params_ui_tutorial.py
[2025-07-16T19:05:10.715+0000] {processor.py:830} INFO - Processing file /mnt/c/Users/Shivam Gupta/OneDrive/Documents/Shivam_Developement/data_engineering/data_engineering_project/batch-etl-pyspark/.venv/lib/python3.12/site-packages/airflow/example_dags/example_params_ui_tutorial.py for tasks to queue
[2025-07-16T19:05:10.720+0000] {logging_mixin.py:188} INFO - [2025-07-16T19:05:10.717+0000] {dagbag.py:545} INFO - Filling up the DagBag from /mnt/c/Users/Shivam Gupta/OneDrive/Documents/Shivam_Developement/data_engineering/data_engineering_project/batch-etl-pyspark/.venv/lib/python3.12/site-packages/airflow/example_dags/example_params_ui_tutorial.py
[2025-07-16T19:05:10.771+0000] {processor.py:840} INFO - DAG(s) 'example_params_ui_tutorial' retrieved from /mnt/c/Users/Shivam Gupta/OneDrive/Documents/Shivam_Developement/data_engineering/data_engineering_project/batch-etl-pyspark/.venv/lib/python3.12/site-packages/airflow/example_dags/example_params_ui_tutorial.py
[2025-07-16T19:05:10.844+0000] {logging_mixin.py:188} INFO - [2025-07-16T19:05:10.843+0000] {dag.py:3096} INFO - Sync 1 DAGs
[2025-07-16T19:05:10.864+0000] {logging_mixin.py:188} INFO - [2025-07-16T19:05:10.863+0000] {dag.py:3954} INFO - Setting next_dagrun for example_params_ui_tutorial to None, run_after=None
[2025-07-16T19:05:10.967+0000] {processor.py:183} INFO - Processing /mnt/c/Users/Shivam Gupta/OneDrive/Documents/Shivam_Developement/data_engineering/data_engineering_project/batch-etl-pyspark/.venv/lib/python3.12/site-packages/airflow/example_dags/example_params_ui_tutorial.py took 0.295 seconds
[2025-07-16T19:06:34.055+0000] {processor.py:161} INFO - Started process (PID=11036) to work on /mnt/c/Users/Shivam Gupta/OneDrive/Documents/Shivam_Developement/data_engineering/data_engineering_project/batch-etl-pyspark/.venv/lib/python3.12/site-packages/airflow/example_dags/example_params_ui_tutorial.py
[2025-07-16T19:06:34.057+0000] {processor.py:830} INFO - Processing file /mnt/c/Users/Shivam Gupta/OneDrive/Documents/Shivam_Developement/data_engineering/data_engineering_project/batch-etl-pyspark/.venv/lib/python3.12/site-packages/airflow/example_dags/example_params_ui_tutorial.py for tasks to queue
[2025-07-16T19:06:34.061+0000] {logging_mixin.py:188} INFO - [2025-07-16T19:06:34.060+0000] {dagbag.py:545} INFO - Filling up the DagBag from /mnt/c/Users/Shivam Gupta/OneDrive/Documents/Shivam_Developement/data_engineering/data_engineering_project/batch-etl-pyspark/.venv/lib/python3.12/site-packages/airflow/example_dags/example_params_ui_tutorial.py
[2025-07-16T19:06:34.105+0000] {processor.py:840} INFO - DAG(s) 'example_params_ui_tutorial' retrieved from /mnt/c/Users/Shivam Gupta/OneDrive/Documents/Shivam_Developement/data_engineering/data_engineering_project/batch-etl-pyspark/.venv/lib/python3.12/site-packages/airflow/example_dags/example_params_ui_tutorial.py
[2025-07-16T19:06:34.165+0000] {logging_mixin.py:188} INFO - [2025-07-16T19:06:34.164+0000] {dag.py:3096} INFO - Sync 1 DAGs
[2025-07-16T19:06:34.185+0000] {logging_mixin.py:188} INFO - [2025-07-16T19:06:34.183+0000] {dag.py:3954} INFO - Setting next_dagrun for example_params_ui_tutorial to None, run_after=None
[2025-07-16T19:06:34.289+0000] {processor.py:183} INFO - Processing /mnt/c/Users/Shivam Gupta/OneDrive/Documents/Shivam_Developement/data_engineering/data_engineering_project/batch-etl-pyspark/.venv/lib/python3.12/site-packages/airflow/example_dags/example_params_ui_tutorial.py took 0.251 seconds
[2025-07-16T19:08:04.499+0000] {processor.py:161} INFO - Started process (PID=11210) to work on /mnt/c/Users/Shivam Gupta/OneDrive/Documents/Shivam_Developement/data_engineering/data_engineering_project/batch-etl-pyspark/.venv/lib/python3.12/site-packages/airflow/example_dags/example_params_ui_tutorial.py
[2025-07-16T19:08:04.501+0000] {processor.py:830} INFO - Processing file /mnt/c/Users/Shivam Gupta/OneDrive/Documents/Shivam_Developement/data_engineering/data_engineering_project/batch-etl-pyspark/.venv/lib/python3.12/site-packages/airflow/example_dags/example_params_ui_tutorial.py for tasks to queue
[2025-07-16T19:08:04.505+0000] {logging_mixin.py:188} INFO - [2025-07-16T19:08:04.504+0000] {dagbag.py:545} INFO - Filling up the DagBag from /mnt/c/Users/Shivam Gupta/OneDrive/Documents/Shivam_Developement/data_engineering/data_engineering_project/batch-etl-pyspark/.venv/lib/python3.12/site-packages/airflow/example_dags/example_params_ui_tutorial.py
[2025-07-16T19:08:04.553+0000] {processor.py:840} INFO - DAG(s) 'example_params_ui_tutorial' retrieved from /mnt/c/Users/Shivam Gupta/OneDrive/Documents/Shivam_Developement/data_engineering/data_engineering_project/batch-etl-pyspark/.venv/lib/python3.12/site-packages/airflow/example_dags/example_params_ui_tutorial.py
[2025-07-16T19:08:04.611+0000] {logging_mixin.py:188} INFO - [2025-07-16T19:08:04.610+0000] {dag.py:3096} INFO - Sync 1 DAGs
[2025-07-16T19:08:04.626+0000] {logging_mixin.py:188} INFO - [2025-07-16T19:08:04.624+0000] {dag.py:3954} INFO - Setting next_dagrun for example_params_ui_tutorial to None, run_after=None
[2025-07-16T19:08:04.710+0000] {processor.py:183} INFO - Processing /mnt/c/Users/Shivam Gupta/OneDrive/Documents/Shivam_Developement/data_engineering/data_engineering_project/batch-etl-pyspark/.venv/lib/python3.12/site-packages/airflow/example_dags/example_params_ui_tutorial.py took 0.230 seconds
[2025-07-16T19:09:36.755+0000] {processor.py:161} INFO - Started process (PID=11349) to work on /mnt/c/Users/Shivam Gupta/OneDrive/Documents/Shivam_Developement/data_engineering/data_engineering_project/batch-etl-pyspark/.venv/lib/python3.12/site-packages/airflow/example_dags/example_params_ui_tutorial.py
[2025-07-16T19:09:36.757+0000] {processor.py:830} INFO - Processing file /mnt/c/Users/Shivam Gupta/OneDrive/Documents/Shivam_Developement/data_engineering/data_engineering_project/batch-etl-pyspark/.venv/lib/python3.12/site-packages/airflow/example_dags/example_params_ui_tutorial.py for tasks to queue
[2025-07-16T19:09:36.762+0000] {logging_mixin.py:188} INFO - [2025-07-16T19:09:36.761+0000] {dagbag.py:545} INFO - Filling up the DagBag from /mnt/c/Users/Shivam Gupta/OneDrive/Documents/Shivam_Developement/data_engineering/data_engineering_project/batch-etl-pyspark/.venv/lib/python3.12/site-packages/airflow/example_dags/example_params_ui_tutorial.py
[2025-07-16T19:09:36.806+0000] {processor.py:840} INFO - DAG(s) 'example_params_ui_tutorial' retrieved from /mnt/c/Users/Shivam Gupta/OneDrive/Documents/Shivam_Developement/data_engineering/data_engineering_project/batch-etl-pyspark/.venv/lib/python3.12/site-packages/airflow/example_dags/example_params_ui_tutorial.py
[2025-07-16T19:09:36.859+0000] {logging_mixin.py:188} INFO - [2025-07-16T19:09:36.858+0000] {dag.py:3096} INFO - Sync 1 DAGs
[2025-07-16T19:09:36.876+0000] {logging_mixin.py:188} INFO - [2025-07-16T19:09:36.875+0000] {dag.py:3954} INFO - Setting next_dagrun for example_params_ui_tutorial to None, run_after=None
[2025-07-16T19:09:36.963+0000] {processor.py:183} INFO - Processing /mnt/c/Users/Shivam Gupta/OneDrive/Documents/Shivam_Developement/data_engineering/data_engineering_project/batch-etl-pyspark/.venv/lib/python3.12/site-packages/airflow/example_dags/example_params_ui_tutorial.py took 0.224 seconds
[2025-07-16T19:11:04.952+0000] {processor.py:161} INFO - Started process (PID=11524) to work on /mnt/c/Users/Shivam Gupta/OneDrive/Documents/Shivam_Developement/data_engineering/data_engineering_project/batch-etl-pyspark/.venv/lib/python3.12/site-packages/airflow/example_dags/example_params_ui_tutorial.py
[2025-07-16T19:11:04.955+0000] {processor.py:830} INFO - Processing file /mnt/c/Users/Shivam Gupta/OneDrive/Documents/Shivam_Developement/data_engineering/data_engineering_project/batch-etl-pyspark/.venv/lib/python3.12/site-packages/airflow/example_dags/example_params_ui_tutorial.py for tasks to queue
[2025-07-16T19:11:04.958+0000] {logging_mixin.py:188} INFO - [2025-07-16T19:11:04.957+0000] {dagbag.py:545} INFO - Filling up the DagBag from /mnt/c/Users/Shivam Gupta/OneDrive/Documents/Shivam_Developement/data_engineering/data_engineering_project/batch-etl-pyspark/.venv/lib/python3.12/site-packages/airflow/example_dags/example_params_ui_tutorial.py
[2025-07-16T19:11:04.992+0000] {processor.py:840} INFO - DAG(s) 'example_params_ui_tutorial' retrieved from /mnt/c/Users/Shivam Gupta/OneDrive/Documents/Shivam_Developement/data_engineering/data_engineering_project/batch-etl-pyspark/.venv/lib/python3.12/site-packages/airflow/example_dags/example_params_ui_tutorial.py
[2025-07-16T19:11:05.043+0000] {logging_mixin.py:188} INFO - [2025-07-16T19:11:05.041+0000] {dag.py:3096} INFO - Sync 1 DAGs
[2025-07-16T19:11:05.059+0000] {logging_mixin.py:188} INFO - [2025-07-16T19:11:05.058+0000] {dag.py:3954} INFO - Setting next_dagrun for example_params_ui_tutorial to None, run_after=None
[2025-07-16T19:11:05.155+0000] {processor.py:183} INFO - Processing /mnt/c/Users/Shivam Gupta/OneDrive/Documents/Shivam_Developement/data_engineering/data_engineering_project/batch-etl-pyspark/.venv/lib/python3.12/site-packages/airflow/example_dags/example_params_ui_tutorial.py took 0.217 seconds
[2025-07-16T19:12:38.229+0000] {processor.py:161} INFO - Started process (PID=11715) to work on /mnt/c/Users/Shivam Gupta/OneDrive/Documents/Shivam_Developement/data_engineering/data_engineering_project/batch-etl-pyspark/.venv/lib/python3.12/site-packages/airflow/example_dags/example_params_ui_tutorial.py
[2025-07-16T19:12:38.232+0000] {processor.py:830} INFO - Processing file /mnt/c/Users/Shivam Gupta/OneDrive/Documents/Shivam_Developement/data_engineering/data_engineering_project/batch-etl-pyspark/.venv/lib/python3.12/site-packages/airflow/example_dags/example_params_ui_tutorial.py for tasks to queue
[2025-07-16T19:12:38.235+0000] {logging_mixin.py:188} INFO - [2025-07-16T19:12:38.234+0000] {dagbag.py:545} INFO - Filling up the DagBag from /mnt/c/Users/Shivam Gupta/OneDrive/Documents/Shivam_Developement/data_engineering/data_engineering_project/batch-etl-pyspark/.venv/lib/python3.12/site-packages/airflow/example_dags/example_params_ui_tutorial.py
[2025-07-16T19:12:38.275+0000] {processor.py:840} INFO - DAG(s) 'example_params_ui_tutorial' retrieved from /mnt/c/Users/Shivam Gupta/OneDrive/Documents/Shivam_Developement/data_engineering/data_engineering_project/batch-etl-pyspark/.venv/lib/python3.12/site-packages/airflow/example_dags/example_params_ui_tutorial.py
[2025-07-16T19:12:38.326+0000] {logging_mixin.py:188} INFO - [2025-07-16T19:12:38.325+0000] {dag.py:3096} INFO - Sync 1 DAGs
[2025-07-16T19:12:38.341+0000] {logging_mixin.py:188} INFO - [2025-07-16T19:12:38.340+0000] {dag.py:3954} INFO - Setting next_dagrun for example_params_ui_tutorial to None, run_after=None
[2025-07-16T19:12:38.415+0000] {processor.py:183} INFO - Processing /mnt/c/Users/Shivam Gupta/OneDrive/Documents/Shivam_Developement/data_engineering/data_engineering_project/batch-etl-pyspark/.venv/lib/python3.12/site-packages/airflow/example_dags/example_params_ui_tutorial.py took 0.199 seconds
[2025-07-16T19:14:02.341+0000] {processor.py:161} INFO - Started process (PID=11875) to work on /mnt/c/Users/Shivam Gupta/OneDrive/Documents/Shivam_Developement/data_engineering/data_engineering_project/batch-etl-pyspark/.venv/lib/python3.12/site-packages/airflow/example_dags/example_params_ui_tutorial.py
[2025-07-16T19:14:02.344+0000] {processor.py:830} INFO - Processing file /mnt/c/Users/Shivam Gupta/OneDrive/Documents/Shivam_Developement/data_engineering/data_engineering_project/batch-etl-pyspark/.venv/lib/python3.12/site-packages/airflow/example_dags/example_params_ui_tutorial.py for tasks to queue
[2025-07-16T19:14:02.354+0000] {logging_mixin.py:188} INFO - [2025-07-16T19:14:02.351+0000] {dagbag.py:545} INFO - Filling up the DagBag from /mnt/c/Users/Shivam Gupta/OneDrive/Documents/Shivam_Developement/data_engineering/data_engineering_project/batch-etl-pyspark/.venv/lib/python3.12/site-packages/airflow/example_dags/example_params_ui_tutorial.py
[2025-07-16T19:14:02.415+0000] {processor.py:840} INFO - DAG(s) 'example_params_ui_tutorial' retrieved from /mnt/c/Users/Shivam Gupta/OneDrive/Documents/Shivam_Developement/data_engineering/data_engineering_project/batch-etl-pyspark/.venv/lib/python3.12/site-packages/airflow/example_dags/example_params_ui_tutorial.py
[2025-07-16T19:14:02.492+0000] {logging_mixin.py:188} INFO - [2025-07-16T19:14:02.490+0000] {dag.py:3096} INFO - Sync 1 DAGs
[2025-07-16T19:14:02.512+0000] {logging_mixin.py:188} INFO - [2025-07-16T19:14:02.510+0000] {dag.py:3954} INFO - Setting next_dagrun for example_params_ui_tutorial to None, run_after=None
[2025-07-16T19:14:02.612+0000] {processor.py:183} INFO - Processing /mnt/c/Users/Shivam Gupta/OneDrive/Documents/Shivam_Developement/data_engineering/data_engineering_project/batch-etl-pyspark/.venv/lib/python3.12/site-packages/airflow/example_dags/example_params_ui_tutorial.py took 0.290 seconds
[2025-07-16T19:15:36.678+0000] {processor.py:161} INFO - Started process (PID=12054) to work on /mnt/c/Users/Shivam Gupta/OneDrive/Documents/Shivam_Developement/data_engineering/data_engineering_project/batch-etl-pyspark/.venv/lib/python3.12/site-packages/airflow/example_dags/example_params_ui_tutorial.py
[2025-07-16T19:15:36.680+0000] {processor.py:830} INFO - Processing file /mnt/c/Users/Shivam Gupta/OneDrive/Documents/Shivam_Developement/data_engineering/data_engineering_project/batch-etl-pyspark/.venv/lib/python3.12/site-packages/airflow/example_dags/example_params_ui_tutorial.py for tasks to queue
[2025-07-16T19:15:36.684+0000] {logging_mixin.py:188} INFO - [2025-07-16T19:15:36.683+0000] {dagbag.py:545} INFO - Filling up the DagBag from /mnt/c/Users/Shivam Gupta/OneDrive/Documents/Shivam_Developement/data_engineering/data_engineering_project/batch-etl-pyspark/.venv/lib/python3.12/site-packages/airflow/example_dags/example_params_ui_tutorial.py
[2025-07-16T19:15:36.728+0000] {processor.py:840} INFO - DAG(s) 'example_params_ui_tutorial' retrieved from /mnt/c/Users/Shivam Gupta/OneDrive/Documents/Shivam_Developement/data_engineering/data_engineering_project/batch-etl-pyspark/.venv/lib/python3.12/site-packages/airflow/example_dags/example_params_ui_tutorial.py
[2025-07-16T19:15:36.781+0000] {logging_mixin.py:188} INFO - [2025-07-16T19:15:36.780+0000] {dag.py:3096} INFO - Sync 1 DAGs
[2025-07-16T19:15:36.797+0000] {logging_mixin.py:188} INFO - [2025-07-16T19:15:36.796+0000] {dag.py:3954} INFO - Setting next_dagrun for example_params_ui_tutorial to None, run_after=None
[2025-07-16T19:15:36.917+0000] {processor.py:183} INFO - Processing /mnt/c/Users/Shivam Gupta/OneDrive/Documents/Shivam_Developement/data_engineering/data_engineering_project/batch-etl-pyspark/.venv/lib/python3.12/site-packages/airflow/example_dags/example_params_ui_tutorial.py took 0.260 seconds
[2025-07-16T19:17:02.036+0000] {processor.py:161} INFO - Started process (PID=12238) to work on /mnt/c/Users/Shivam Gupta/OneDrive/Documents/Shivam_Developement/data_engineering/data_engineering_project/batch-etl-pyspark/.venv/lib/python3.12/site-packages/airflow/example_dags/example_params_ui_tutorial.py
[2025-07-16T19:17:02.039+0000] {processor.py:830} INFO - Processing file /mnt/c/Users/Shivam Gupta/OneDrive/Documents/Shivam_Developement/data_engineering/data_engineering_project/batch-etl-pyspark/.venv/lib/python3.12/site-packages/airflow/example_dags/example_params_ui_tutorial.py for tasks to queue
[2025-07-16T19:17:02.042+0000] {logging_mixin.py:188} INFO - [2025-07-16T19:17:02.041+0000] {dagbag.py:545} INFO - Filling up the DagBag from /mnt/c/Users/Shivam Gupta/OneDrive/Documents/Shivam_Developement/data_engineering/data_engineering_project/batch-etl-pyspark/.venv/lib/python3.12/site-packages/airflow/example_dags/example_params_ui_tutorial.py
[2025-07-16T19:17:02.087+0000] {processor.py:840} INFO - DAG(s) 'example_params_ui_tutorial' retrieved from /mnt/c/Users/Shivam Gupta/OneDrive/Documents/Shivam_Developement/data_engineering/data_engineering_project/batch-etl-pyspark/.venv/lib/python3.12/site-packages/airflow/example_dags/example_params_ui_tutorial.py
[2025-07-16T19:17:02.146+0000] {logging_mixin.py:188} INFO - [2025-07-16T19:17:02.145+0000] {dag.py:3096} INFO - Sync 1 DAGs
[2025-07-16T19:17:02.164+0000] {logging_mixin.py:188} INFO - [2025-07-16T19:17:02.162+0000] {dag.py:3954} INFO - Setting next_dagrun for example_params_ui_tutorial to None, run_after=None
[2025-07-16T19:17:02.255+0000] {processor.py:183} INFO - Processing /mnt/c/Users/Shivam Gupta/OneDrive/Documents/Shivam_Developement/data_engineering/data_engineering_project/batch-etl-pyspark/.venv/lib/python3.12/site-packages/airflow/example_dags/example_params_ui_tutorial.py took 0.234 seconds
[2025-07-16T19:18:31.993+0000] {processor.py:161} INFO - Started process (PID=12383) to work on /mnt/c/Users/Shivam Gupta/OneDrive/Documents/Shivam_Developement/data_engineering/data_engineering_project/batch-etl-pyspark/.venv/lib/python3.12/site-packages/airflow/example_dags/example_params_ui_tutorial.py
[2025-07-16T19:18:31.997+0000] {processor.py:830} INFO - Processing file /mnt/c/Users/Shivam Gupta/OneDrive/Documents/Shivam_Developement/data_engineering/data_engineering_project/batch-etl-pyspark/.venv/lib/python3.12/site-packages/airflow/example_dags/example_params_ui_tutorial.py for tasks to queue
[2025-07-16T19:18:32.002+0000] {logging_mixin.py:188} INFO - [2025-07-16T19:18:32.000+0000] {dagbag.py:545} INFO - Filling up the DagBag from /mnt/c/Users/Shivam Gupta/OneDrive/Documents/Shivam_Developement/data_engineering/data_engineering_project/batch-etl-pyspark/.venv/lib/python3.12/site-packages/airflow/example_dags/example_params_ui_tutorial.py
[2025-07-16T19:18:32.052+0000] {processor.py:840} INFO - DAG(s) 'example_params_ui_tutorial' retrieved from /mnt/c/Users/Shivam Gupta/OneDrive/Documents/Shivam_Developement/data_engineering/data_engineering_project/batch-etl-pyspark/.venv/lib/python3.12/site-packages/airflow/example_dags/example_params_ui_tutorial.py
[2025-07-16T19:18:32.105+0000] {logging_mixin.py:188} INFO - [2025-07-16T19:18:32.104+0000] {dag.py:3096} INFO - Sync 1 DAGs
[2025-07-16T19:18:32.118+0000] {logging_mixin.py:188} INFO - [2025-07-16T19:18:32.117+0000] {dag.py:3954} INFO - Setting next_dagrun for example_params_ui_tutorial to None, run_after=None
[2025-07-16T19:18:32.168+0000] {processor.py:183} INFO - Processing /mnt/c/Users/Shivam Gupta/OneDrive/Documents/Shivam_Developement/data_engineering/data_engineering_project/batch-etl-pyspark/.venv/lib/python3.12/site-packages/airflow/example_dags/example_params_ui_tutorial.py took 0.191 seconds
[2025-07-16T19:19:52.854+0000] {processor.py:161} INFO - Started process (PID=12527) to work on /mnt/c/Users/Shivam Gupta/OneDrive/Documents/Shivam_Developement/data_engineering/data_engineering_project/batch-etl-pyspark/.venv/lib/python3.12/site-packages/airflow/example_dags/example_params_ui_tutorial.py
[2025-07-16T19:19:52.856+0000] {processor.py:830} INFO - Processing file /mnt/c/Users/Shivam Gupta/OneDrive/Documents/Shivam_Developement/data_engineering/data_engineering_project/batch-etl-pyspark/.venv/lib/python3.12/site-packages/airflow/example_dags/example_params_ui_tutorial.py for tasks to queue
[2025-07-16T19:19:52.859+0000] {logging_mixin.py:188} INFO - [2025-07-16T19:19:52.858+0000] {dagbag.py:545} INFO - Filling up the DagBag from /mnt/c/Users/Shivam Gupta/OneDrive/Documents/Shivam_Developement/data_engineering/data_engineering_project/batch-etl-pyspark/.venv/lib/python3.12/site-packages/airflow/example_dags/example_params_ui_tutorial.py
[2025-07-16T19:19:52.883+0000] {processor.py:840} INFO - DAG(s) 'example_params_ui_tutorial' retrieved from /mnt/c/Users/Shivam Gupta/OneDrive/Documents/Shivam_Developement/data_engineering/data_engineering_project/batch-etl-pyspark/.venv/lib/python3.12/site-packages/airflow/example_dags/example_params_ui_tutorial.py
[2025-07-16T19:19:52.922+0000] {logging_mixin.py:188} INFO - [2025-07-16T19:19:52.921+0000] {dag.py:3096} INFO - Sync 1 DAGs
[2025-07-16T19:19:52.934+0000] {logging_mixin.py:188} INFO - [2025-07-16T19:19:52.933+0000] {dag.py:3954} INFO - Setting next_dagrun for example_params_ui_tutorial to None, run_after=None
[2025-07-16T19:19:52.986+0000] {processor.py:183} INFO - Processing /mnt/c/Users/Shivam Gupta/OneDrive/Documents/Shivam_Developement/data_engineering/data_engineering_project/batch-etl-pyspark/.venv/lib/python3.12/site-packages/airflow/example_dags/example_params_ui_tutorial.py took 0.141 seconds
[2025-07-16T19:21:14.215+0000] {processor.py:161} INFO - Started process (PID=12678) to work on /mnt/c/Users/Shivam Gupta/OneDrive/Documents/Shivam_Developement/data_engineering/data_engineering_project/batch-etl-pyspark/.venv/lib/python3.12/site-packages/airflow/example_dags/example_params_ui_tutorial.py
[2025-07-16T19:21:14.217+0000] {processor.py:830} INFO - Processing file /mnt/c/Users/Shivam Gupta/OneDrive/Documents/Shivam_Developement/data_engineering/data_engineering_project/batch-etl-pyspark/.venv/lib/python3.12/site-packages/airflow/example_dags/example_params_ui_tutorial.py for tasks to queue
[2025-07-16T19:21:14.219+0000] {logging_mixin.py:188} INFO - [2025-07-16T19:21:14.218+0000] {dagbag.py:545} INFO - Filling up the DagBag from /mnt/c/Users/Shivam Gupta/OneDrive/Documents/Shivam_Developement/data_engineering/data_engineering_project/batch-etl-pyspark/.venv/lib/python3.12/site-packages/airflow/example_dags/example_params_ui_tutorial.py
[2025-07-16T19:21:14.252+0000] {processor.py:840} INFO - DAG(s) 'example_params_ui_tutorial' retrieved from /mnt/c/Users/Shivam Gupta/OneDrive/Documents/Shivam_Developement/data_engineering/data_engineering_project/batch-etl-pyspark/.venv/lib/python3.12/site-packages/airflow/example_dags/example_params_ui_tutorial.py
[2025-07-16T19:21:14.297+0000] {logging_mixin.py:188} INFO - [2025-07-16T19:21:14.296+0000] {dag.py:3096} INFO - Sync 1 DAGs
[2025-07-16T19:21:14.310+0000] {logging_mixin.py:188} INFO - [2025-07-16T19:21:14.309+0000] {dag.py:3954} INFO - Setting next_dagrun for example_params_ui_tutorial to None, run_after=None
[2025-07-16T19:21:14.412+0000] {processor.py:183} INFO - Processing /mnt/c/Users/Shivam Gupta/OneDrive/Documents/Shivam_Developement/data_engineering/data_engineering_project/batch-etl-pyspark/.venv/lib/python3.12/site-packages/airflow/example_dags/example_params_ui_tutorial.py took 0.208 seconds
[2025-07-16T19:22:47.540+0000] {processor.py:161} INFO - Started process (PID=12861) to work on /mnt/c/Users/Shivam Gupta/OneDrive/Documents/Shivam_Developement/data_engineering/data_engineering_project/batch-etl-pyspark/.venv/lib/python3.12/site-packages/airflow/example_dags/example_params_ui_tutorial.py
[2025-07-16T19:22:47.542+0000] {processor.py:830} INFO - Processing file /mnt/c/Users/Shivam Gupta/OneDrive/Documents/Shivam_Developement/data_engineering/data_engineering_project/batch-etl-pyspark/.venv/lib/python3.12/site-packages/airflow/example_dags/example_params_ui_tutorial.py for tasks to queue
[2025-07-16T19:22:47.546+0000] {logging_mixin.py:188} INFO - [2025-07-16T19:22:47.545+0000] {dagbag.py:545} INFO - Filling up the DagBag from /mnt/c/Users/Shivam Gupta/OneDrive/Documents/Shivam_Developement/data_engineering/data_engineering_project/batch-etl-pyspark/.venv/lib/python3.12/site-packages/airflow/example_dags/example_params_ui_tutorial.py
[2025-07-16T19:22:47.586+0000] {processor.py:840} INFO - DAG(s) 'example_params_ui_tutorial' retrieved from /mnt/c/Users/Shivam Gupta/OneDrive/Documents/Shivam_Developement/data_engineering/data_engineering_project/batch-etl-pyspark/.venv/lib/python3.12/site-packages/airflow/example_dags/example_params_ui_tutorial.py
[2025-07-16T19:22:47.642+0000] {logging_mixin.py:188} INFO - [2025-07-16T19:22:47.640+0000] {dag.py:3096} INFO - Sync 1 DAGs
[2025-07-16T19:22:47.661+0000] {logging_mixin.py:188} INFO - [2025-07-16T19:22:47.659+0000] {dag.py:3954} INFO - Setting next_dagrun for example_params_ui_tutorial to None, run_after=None
[2025-07-16T19:22:47.801+0000] {processor.py:183} INFO - Processing /mnt/c/Users/Shivam Gupta/OneDrive/Documents/Shivam_Developement/data_engineering/data_engineering_project/batch-etl-pyspark/.venv/lib/python3.12/site-packages/airflow/example_dags/example_params_ui_tutorial.py took 0.278 seconds
[2025-07-16T19:24:10.173+0000] {processor.py:161} INFO - Started process (PID=12985) to work on /mnt/c/Users/Shivam Gupta/OneDrive/Documents/Shivam_Developement/data_engineering/data_engineering_project/batch-etl-pyspark/.venv/lib/python3.12/site-packages/airflow/example_dags/example_params_ui_tutorial.py
[2025-07-16T19:24:10.176+0000] {processor.py:830} INFO - Processing file /mnt/c/Users/Shivam Gupta/OneDrive/Documents/Shivam_Developement/data_engineering/data_engineering_project/batch-etl-pyspark/.venv/lib/python3.12/site-packages/airflow/example_dags/example_params_ui_tutorial.py for tasks to queue
[2025-07-16T19:24:10.181+0000] {logging_mixin.py:188} INFO - [2025-07-16T19:24:10.179+0000] {dagbag.py:545} INFO - Filling up the DagBag from /mnt/c/Users/Shivam Gupta/OneDrive/Documents/Shivam_Developement/data_engineering/data_engineering_project/batch-etl-pyspark/.venv/lib/python3.12/site-packages/airflow/example_dags/example_params_ui_tutorial.py
[2025-07-16T19:24:10.234+0000] {processor.py:840} INFO - DAG(s) 'example_params_ui_tutorial' retrieved from /mnt/c/Users/Shivam Gupta/OneDrive/Documents/Shivam_Developement/data_engineering/data_engineering_project/batch-etl-pyspark/.venv/lib/python3.12/site-packages/airflow/example_dags/example_params_ui_tutorial.py
[2025-07-16T19:24:10.305+0000] {logging_mixin.py:188} INFO - [2025-07-16T19:24:10.303+0000] {dag.py:3096} INFO - Sync 1 DAGs
[2025-07-16T19:24:10.325+0000] {logging_mixin.py:188} INFO - [2025-07-16T19:24:10.323+0000] {dag.py:3954} INFO - Setting next_dagrun for example_params_ui_tutorial to None, run_after=None
[2025-07-16T19:24:10.459+0000] {processor.py:183} INFO - Processing /mnt/c/Users/Shivam Gupta/OneDrive/Documents/Shivam_Developement/data_engineering/data_engineering_project/batch-etl-pyspark/.venv/lib/python3.12/site-packages/airflow/example_dags/example_params_ui_tutorial.py took 0.304 seconds
[2025-07-16T19:25:32.928+0000] {processor.py:161} INFO - Started process (PID=13104) to work on /mnt/c/Users/Shivam Gupta/OneDrive/Documents/Shivam_Developement/data_engineering/data_engineering_project/batch-etl-pyspark/.venv/lib/python3.12/site-packages/airflow/example_dags/example_params_ui_tutorial.py
[2025-07-16T19:25:32.931+0000] {processor.py:830} INFO - Processing file /mnt/c/Users/Shivam Gupta/OneDrive/Documents/Shivam_Developement/data_engineering/data_engineering_project/batch-etl-pyspark/.venv/lib/python3.12/site-packages/airflow/example_dags/example_params_ui_tutorial.py for tasks to queue
[2025-07-16T19:25:32.933+0000] {logging_mixin.py:188} INFO - [2025-07-16T19:25:32.932+0000] {dagbag.py:545} INFO - Filling up the DagBag from /mnt/c/Users/Shivam Gupta/OneDrive/Documents/Shivam_Developement/data_engineering/data_engineering_project/batch-etl-pyspark/.venv/lib/python3.12/site-packages/airflow/example_dags/example_params_ui_tutorial.py
[2025-07-16T19:25:32.961+0000] {processor.py:840} INFO - DAG(s) 'example_params_ui_tutorial' retrieved from /mnt/c/Users/Shivam Gupta/OneDrive/Documents/Shivam_Developement/data_engineering/data_engineering_project/batch-etl-pyspark/.venv/lib/python3.12/site-packages/airflow/example_dags/example_params_ui_tutorial.py
[2025-07-16T19:25:33.008+0000] {logging_mixin.py:188} INFO - [2025-07-16T19:25:33.006+0000] {dag.py:3096} INFO - Sync 1 DAGs
[2025-07-16T19:25:33.021+0000] {logging_mixin.py:188} INFO - [2025-07-16T19:25:33.020+0000] {dag.py:3954} INFO - Setting next_dagrun for example_params_ui_tutorial to None, run_after=None
[2025-07-16T19:25:33.125+0000] {processor.py:183} INFO - Processing /mnt/c/Users/Shivam Gupta/OneDrive/Documents/Shivam_Developement/data_engineering/data_engineering_project/batch-etl-pyspark/.venv/lib/python3.12/site-packages/airflow/example_dags/example_params_ui_tutorial.py took 0.204 seconds
[2025-07-16T19:26:53.277+0000] {processor.py:161} INFO - Started process (PID=13195) to work on /mnt/c/Users/Shivam Gupta/OneDrive/Documents/Shivam_Developement/data_engineering/data_engineering_project/batch-etl-pyspark/.venv/lib/python3.12/site-packages/airflow/example_dags/example_params_ui_tutorial.py
[2025-07-16T19:26:53.279+0000] {processor.py:830} INFO - Processing file /mnt/c/Users/Shivam Gupta/OneDrive/Documents/Shivam_Developement/data_engineering/data_engineering_project/batch-etl-pyspark/.venv/lib/python3.12/site-packages/airflow/example_dags/example_params_ui_tutorial.py for tasks to queue
[2025-07-16T19:26:53.282+0000] {logging_mixin.py:188} INFO - [2025-07-16T19:26:53.281+0000] {dagbag.py:545} INFO - Filling up the DagBag from /mnt/c/Users/Shivam Gupta/OneDrive/Documents/Shivam_Developement/data_engineering/data_engineering_project/batch-etl-pyspark/.venv/lib/python3.12/site-packages/airflow/example_dags/example_params_ui_tutorial.py
[2025-07-16T19:26:53.312+0000] {processor.py:840} INFO - DAG(s) 'example_params_ui_tutorial' retrieved from /mnt/c/Users/Shivam Gupta/OneDrive/Documents/Shivam_Developement/data_engineering/data_engineering_project/batch-etl-pyspark/.venv/lib/python3.12/site-packages/airflow/example_dags/example_params_ui_tutorial.py
[2025-07-16T19:26:53.438+0000] {logging_mixin.py:188} INFO - [2025-07-16T19:26:53.437+0000] {dag.py:3096} INFO - Sync 1 DAGs
[2025-07-16T19:26:53.451+0000] {logging_mixin.py:188} INFO - [2025-07-16T19:26:53.450+0000] {dag.py:3954} INFO - Setting next_dagrun for example_params_ui_tutorial to None, run_after=None
[2025-07-16T19:26:53.510+0000] {processor.py:183} INFO - Processing /mnt/c/Users/Shivam Gupta/OneDrive/Documents/Shivam_Developement/data_engineering/data_engineering_project/batch-etl-pyspark/.venv/lib/python3.12/site-packages/airflow/example_dags/example_params_ui_tutorial.py took 0.243 seconds
[2025-07-16T19:28:09.911+0000] {processor.py:161} INFO - Started process (PID=13284) to work on /mnt/c/Users/Shivam Gupta/OneDrive/Documents/Shivam_Developement/data_engineering/data_engineering_project/batch-etl-pyspark/.venv/lib/python3.12/site-packages/airflow/example_dags/example_params_ui_tutorial.py
[2025-07-16T19:28:09.916+0000] {processor.py:830} INFO - Processing file /mnt/c/Users/Shivam Gupta/OneDrive/Documents/Shivam_Developement/data_engineering/data_engineering_project/batch-etl-pyspark/.venv/lib/python3.12/site-packages/airflow/example_dags/example_params_ui_tutorial.py for tasks to queue
[2025-07-16T19:28:09.924+0000] {logging_mixin.py:188} INFO - [2025-07-16T19:28:09.921+0000] {dagbag.py:545} INFO - Filling up the DagBag from /mnt/c/Users/Shivam Gupta/OneDrive/Documents/Shivam_Developement/data_engineering/data_engineering_project/batch-etl-pyspark/.venv/lib/python3.12/site-packages/airflow/example_dags/example_params_ui_tutorial.py
[2025-07-16T19:28:10.010+0000] {processor.py:840} INFO - DAG(s) 'example_params_ui_tutorial' retrieved from /mnt/c/Users/Shivam Gupta/OneDrive/Documents/Shivam_Developement/data_engineering/data_engineering_project/batch-etl-pyspark/.venv/lib/python3.12/site-packages/airflow/example_dags/example_params_ui_tutorial.py
[2025-07-16T19:28:10.066+0000] {logging_mixin.py:188} INFO - [2025-07-16T19:28:10.065+0000] {dag.py:3096} INFO - Sync 1 DAGs
[2025-07-16T19:28:10.084+0000] {logging_mixin.py:188} INFO - [2025-07-16T19:28:10.083+0000] {dag.py:3954} INFO - Setting next_dagrun for example_params_ui_tutorial to None, run_after=None
[2025-07-16T19:28:10.142+0000] {processor.py:183} INFO - Processing /mnt/c/Users/Shivam Gupta/OneDrive/Documents/Shivam_Developement/data_engineering/data_engineering_project/batch-etl-pyspark/.venv/lib/python3.12/site-packages/airflow/example_dags/example_params_ui_tutorial.py took 0.263 seconds
[2025-07-16T19:29:22.980+0000] {processor.py:161} INFO - Started process (PID=13408) to work on /mnt/c/Users/Shivam Gupta/OneDrive/Documents/Shivam_Developement/data_engineering/data_engineering_project/batch-etl-pyspark/.venv/lib/python3.12/site-packages/airflow/example_dags/example_params_ui_tutorial.py
[2025-07-16T19:29:22.981+0000] {processor.py:830} INFO - Processing file /mnt/c/Users/Shivam Gupta/OneDrive/Documents/Shivam_Developement/data_engineering/data_engineering_project/batch-etl-pyspark/.venv/lib/python3.12/site-packages/airflow/example_dags/example_params_ui_tutorial.py for tasks to queue
[2025-07-16T19:29:22.983+0000] {logging_mixin.py:188} INFO - [2025-07-16T19:29:22.983+0000] {dagbag.py:545} INFO - Filling up the DagBag from /mnt/c/Users/Shivam Gupta/OneDrive/Documents/Shivam_Developement/data_engineering/data_engineering_project/batch-etl-pyspark/.venv/lib/python3.12/site-packages/airflow/example_dags/example_params_ui_tutorial.py
[2025-07-16T19:29:23.002+0000] {processor.py:840} INFO - DAG(s) 'example_params_ui_tutorial' retrieved from /mnt/c/Users/Shivam Gupta/OneDrive/Documents/Shivam_Developement/data_engineering/data_engineering_project/batch-etl-pyspark/.venv/lib/python3.12/site-packages/airflow/example_dags/example_params_ui_tutorial.py
[2025-07-16T19:29:23.036+0000] {logging_mixin.py:188} INFO - [2025-07-16T19:29:23.035+0000] {dag.py:3096} INFO - Sync 1 DAGs
[2025-07-16T19:29:23.046+0000] {logging_mixin.py:188} INFO - [2025-07-16T19:29:23.046+0000] {dag.py:3954} INFO - Setting next_dagrun for example_params_ui_tutorial to None, run_after=None
[2025-07-16T19:29:23.102+0000] {processor.py:183} INFO - Processing /mnt/c/Users/Shivam Gupta/OneDrive/Documents/Shivam_Developement/data_engineering/data_engineering_project/batch-etl-pyspark/.venv/lib/python3.12/site-packages/airflow/example_dags/example_params_ui_tutorial.py took 0.129 seconds
[2025-07-16T19:30:38.212+0000] {processor.py:161} INFO - Started process (PID=13495) to work on /mnt/c/Users/Shivam Gupta/OneDrive/Documents/Shivam_Developement/data_engineering/data_engineering_project/batch-etl-pyspark/.venv/lib/python3.12/site-packages/airflow/example_dags/example_params_ui_tutorial.py
[2025-07-16T19:30:38.214+0000] {processor.py:830} INFO - Processing file /mnt/c/Users/Shivam Gupta/OneDrive/Documents/Shivam_Developement/data_engineering/data_engineering_project/batch-etl-pyspark/.venv/lib/python3.12/site-packages/airflow/example_dags/example_params_ui_tutorial.py for tasks to queue
[2025-07-16T19:30:38.216+0000] {logging_mixin.py:188} INFO - [2025-07-16T19:30:38.215+0000] {dagbag.py:545} INFO - Filling up the DagBag from /mnt/c/Users/Shivam Gupta/OneDrive/Documents/Shivam_Developement/data_engineering/data_engineering_project/batch-etl-pyspark/.venv/lib/python3.12/site-packages/airflow/example_dags/example_params_ui_tutorial.py
[2025-07-16T19:30:38.246+0000] {processor.py:840} INFO - DAG(s) 'example_params_ui_tutorial' retrieved from /mnt/c/Users/Shivam Gupta/OneDrive/Documents/Shivam_Developement/data_engineering/data_engineering_project/batch-etl-pyspark/.venv/lib/python3.12/site-packages/airflow/example_dags/example_params_ui_tutorial.py
[2025-07-16T19:30:38.290+0000] {logging_mixin.py:188} INFO - [2025-07-16T19:30:38.290+0000] {dag.py:3096} INFO - Sync 1 DAGs
[2025-07-16T19:30:38.302+0000] {logging_mixin.py:188} INFO - [2025-07-16T19:30:38.301+0000] {dag.py:3954} INFO - Setting next_dagrun for example_params_ui_tutorial to None, run_after=None
[2025-07-16T19:30:38.359+0000] {processor.py:183} INFO - Processing /mnt/c/Users/Shivam Gupta/OneDrive/Documents/Shivam_Developement/data_engineering/data_engineering_project/batch-etl-pyspark/.venv/lib/python3.12/site-packages/airflow/example_dags/example_params_ui_tutorial.py took 0.156 seconds
[2025-07-16T19:31:53.739+0000] {processor.py:161} INFO - Started process (PID=13658) to work on /mnt/c/Users/Shivam Gupta/OneDrive/Documents/Shivam_Developement/data_engineering/data_engineering_project/batch-etl-pyspark/.venv/lib/python3.12/site-packages/airflow/example_dags/example_params_ui_tutorial.py
[2025-07-16T19:31:53.741+0000] {processor.py:830} INFO - Processing file /mnt/c/Users/Shivam Gupta/OneDrive/Documents/Shivam_Developement/data_engineering/data_engineering_project/batch-etl-pyspark/.venv/lib/python3.12/site-packages/airflow/example_dags/example_params_ui_tutorial.py for tasks to queue
[2025-07-16T19:31:53.743+0000] {logging_mixin.py:188} INFO - [2025-07-16T19:31:53.742+0000] {dagbag.py:545} INFO - Filling up the DagBag from /mnt/c/Users/Shivam Gupta/OneDrive/Documents/Shivam_Developement/data_engineering/data_engineering_project/batch-etl-pyspark/.venv/lib/python3.12/site-packages/airflow/example_dags/example_params_ui_tutorial.py
[2025-07-16T19:31:53.770+0000] {processor.py:840} INFO - DAG(s) 'example_params_ui_tutorial' retrieved from /mnt/c/Users/Shivam Gupta/OneDrive/Documents/Shivam_Developement/data_engineering/data_engineering_project/batch-etl-pyspark/.venv/lib/python3.12/site-packages/airflow/example_dags/example_params_ui_tutorial.py
[2025-07-16T19:31:53.808+0000] {logging_mixin.py:188} INFO - [2025-07-16T19:31:53.807+0000] {dag.py:3096} INFO - Sync 1 DAGs
[2025-07-16T19:31:53.819+0000] {logging_mixin.py:188} INFO - [2025-07-16T19:31:53.818+0000] {dag.py:3954} INFO - Setting next_dagrun for example_params_ui_tutorial to None, run_after=None
[2025-07-16T19:31:53.862+0000] {processor.py:183} INFO - Processing /mnt/c/Users/Shivam Gupta/OneDrive/Documents/Shivam_Developement/data_engineering/data_engineering_project/batch-etl-pyspark/.venv/lib/python3.12/site-packages/airflow/example_dags/example_params_ui_tutorial.py took 0.133 seconds
[2025-07-16T19:32:58.887+0000] {processor.py:161} INFO - Started process (PID=13784) to work on /mnt/c/Users/Shivam Gupta/OneDrive/Documents/Shivam_Developement/data_engineering/data_engineering_project/batch-etl-pyspark/.venv/lib/python3.12/site-packages/airflow/example_dags/example_params_ui_tutorial.py
[2025-07-16T19:32:58.889+0000] {processor.py:830} INFO - Processing file /mnt/c/Users/Shivam Gupta/OneDrive/Documents/Shivam_Developement/data_engineering/data_engineering_project/batch-etl-pyspark/.venv/lib/python3.12/site-packages/airflow/example_dags/example_params_ui_tutorial.py for tasks to queue
[2025-07-16T19:32:58.890+0000] {logging_mixin.py:188} INFO - [2025-07-16T19:32:58.890+0000] {dagbag.py:545} INFO - Filling up the DagBag from /mnt/c/Users/Shivam Gupta/OneDrive/Documents/Shivam_Developement/data_engineering/data_engineering_project/batch-etl-pyspark/.venv/lib/python3.12/site-packages/airflow/example_dags/example_params_ui_tutorial.py
[2025-07-16T19:32:58.908+0000] {processor.py:840} INFO - DAG(s) 'example_params_ui_tutorial' retrieved from /mnt/c/Users/Shivam Gupta/OneDrive/Documents/Shivam_Developement/data_engineering/data_engineering_project/batch-etl-pyspark/.venv/lib/python3.12/site-packages/airflow/example_dags/example_params_ui_tutorial.py
[2025-07-16T19:32:58.940+0000] {logging_mixin.py:188} INFO - [2025-07-16T19:32:58.939+0000] {dag.py:3096} INFO - Sync 1 DAGs
[2025-07-16T19:32:58.951+0000] {logging_mixin.py:188} INFO - [2025-07-16T19:32:58.950+0000] {dag.py:3954} INFO - Setting next_dagrun for example_params_ui_tutorial to None, run_after=None
[2025-07-16T19:32:58.995+0000] {processor.py:183} INFO - Processing /mnt/c/Users/Shivam Gupta/OneDrive/Documents/Shivam_Developement/data_engineering/data_engineering_project/batch-etl-pyspark/.venv/lib/python3.12/site-packages/airflow/example_dags/example_params_ui_tutorial.py took 0.114 seconds
[2025-07-16T19:34:14.191+0000] {processor.py:161} INFO - Started process (PID=13922) to work on /mnt/c/Users/Shivam Gupta/OneDrive/Documents/Shivam_Developement/data_engineering/data_engineering_project/batch-etl-pyspark/.venv/lib/python3.12/site-packages/airflow/example_dags/example_params_ui_tutorial.py
[2025-07-16T19:34:14.193+0000] {processor.py:830} INFO - Processing file /mnt/c/Users/Shivam Gupta/OneDrive/Documents/Shivam_Developement/data_engineering/data_engineering_project/batch-etl-pyspark/.venv/lib/python3.12/site-packages/airflow/example_dags/example_params_ui_tutorial.py for tasks to queue
[2025-07-16T19:34:14.196+0000] {logging_mixin.py:188} INFO - [2025-07-16T19:34:14.195+0000] {dagbag.py:545} INFO - Filling up the DagBag from /mnt/c/Users/Shivam Gupta/OneDrive/Documents/Shivam_Developement/data_engineering/data_engineering_project/batch-etl-pyspark/.venv/lib/python3.12/site-packages/airflow/example_dags/example_params_ui_tutorial.py
[2025-07-16T19:34:14.231+0000] {processor.py:840} INFO - DAG(s) 'example_params_ui_tutorial' retrieved from /mnt/c/Users/Shivam Gupta/OneDrive/Documents/Shivam_Developement/data_engineering/data_engineering_project/batch-etl-pyspark/.venv/lib/python3.12/site-packages/airflow/example_dags/example_params_ui_tutorial.py
[2025-07-16T19:34:14.289+0000] {logging_mixin.py:188} INFO - [2025-07-16T19:34:14.288+0000] {dag.py:3096} INFO - Sync 1 DAGs
[2025-07-16T19:34:14.303+0000] {logging_mixin.py:188} INFO - [2025-07-16T19:34:14.302+0000] {dag.py:3954} INFO - Setting next_dagrun for example_params_ui_tutorial to None, run_after=None
[2025-07-16T19:34:14.368+0000] {processor.py:183} INFO - Processing /mnt/c/Users/Shivam Gupta/OneDrive/Documents/Shivam_Developement/data_engineering/data_engineering_project/batch-etl-pyspark/.venv/lib/python3.12/site-packages/airflow/example_dags/example_params_ui_tutorial.py took 0.188 seconds
[2025-07-16T19:35:26.756+0000] {processor.py:161} INFO - Started process (PID=14042) to work on /mnt/c/Users/Shivam Gupta/OneDrive/Documents/Shivam_Developement/data_engineering/data_engineering_project/batch-etl-pyspark/.venv/lib/python3.12/site-packages/airflow/example_dags/example_params_ui_tutorial.py
[2025-07-16T19:35:26.757+0000] {processor.py:830} INFO - Processing file /mnt/c/Users/Shivam Gupta/OneDrive/Documents/Shivam_Developement/data_engineering/data_engineering_project/batch-etl-pyspark/.venv/lib/python3.12/site-packages/airflow/example_dags/example_params_ui_tutorial.py for tasks to queue
[2025-07-16T19:35:26.759+0000] {logging_mixin.py:188} INFO - [2025-07-16T19:35:26.759+0000] {dagbag.py:545} INFO - Filling up the DagBag from /mnt/c/Users/Shivam Gupta/OneDrive/Documents/Shivam_Developement/data_engineering/data_engineering_project/batch-etl-pyspark/.venv/lib/python3.12/site-packages/airflow/example_dags/example_params_ui_tutorial.py
[2025-07-16T19:35:26.782+0000] {processor.py:840} INFO - DAG(s) 'example_params_ui_tutorial' retrieved from /mnt/c/Users/Shivam Gupta/OneDrive/Documents/Shivam_Developement/data_engineering/data_engineering_project/batch-etl-pyspark/.venv/lib/python3.12/site-packages/airflow/example_dags/example_params_ui_tutorial.py
[2025-07-16T19:35:26.819+0000] {logging_mixin.py:188} INFO - [2025-07-16T19:35:26.819+0000] {dag.py:3096} INFO - Sync 1 DAGs
[2025-07-16T19:35:26.831+0000] {logging_mixin.py:188} INFO - [2025-07-16T19:35:26.830+0000] {dag.py:3954} INFO - Setting next_dagrun for example_params_ui_tutorial to None, run_after=None
[2025-07-16T19:35:26.881+0000] {processor.py:183} INFO - Processing /mnt/c/Users/Shivam Gupta/OneDrive/Documents/Shivam_Developement/data_engineering/data_engineering_project/batch-etl-pyspark/.venv/lib/python3.12/site-packages/airflow/example_dags/example_params_ui_tutorial.py took 0.134 seconds
[2025-07-16T19:49:18.461+0000] {processor.py:161} INFO - Started process (PID=15091) to work on /mnt/c/Users/Shivam Gupta/OneDrive/Documents/Shivam_Developement/data_engineering/data_engineering_project/batch-etl-pyspark/.venv/lib/python3.12/site-packages/airflow/example_dags/example_params_ui_tutorial.py
[2025-07-16T19:49:18.466+0000] {processor.py:830} INFO - Processing file /mnt/c/Users/Shivam Gupta/OneDrive/Documents/Shivam_Developement/data_engineering/data_engineering_project/batch-etl-pyspark/.venv/lib/python3.12/site-packages/airflow/example_dags/example_params_ui_tutorial.py for tasks to queue
[2025-07-16T19:49:18.469+0000] {logging_mixin.py:188} INFO - [2025-07-16T19:49:18.468+0000] {dagbag.py:545} INFO - Filling up the DagBag from /mnt/c/Users/Shivam Gupta/OneDrive/Documents/Shivam_Developement/data_engineering/data_engineering_project/batch-etl-pyspark/.venv/lib/python3.12/site-packages/airflow/example_dags/example_params_ui_tutorial.py
[2025-07-16T19:49:18.523+0000] {processor.py:840} INFO - DAG(s) 'example_params_ui_tutorial' retrieved from /mnt/c/Users/Shivam Gupta/OneDrive/Documents/Shivam_Developement/data_engineering/data_engineering_project/batch-etl-pyspark/.venv/lib/python3.12/site-packages/airflow/example_dags/example_params_ui_tutorial.py
[2025-07-16T19:49:18.598+0000] {logging_mixin.py:188} INFO - [2025-07-16T19:49:18.597+0000] {dag.py:3096} INFO - Sync 1 DAGs
[2025-07-16T19:49:18.614+0000] {logging_mixin.py:188} INFO - [2025-07-16T19:49:18.613+0000] {dag.py:3954} INFO - Setting next_dagrun for example_params_ui_tutorial to None, run_after=None
[2025-07-16T19:49:18.689+0000] {processor.py:183} INFO - Processing /mnt/c/Users/Shivam Gupta/OneDrive/Documents/Shivam_Developement/data_engineering/data_engineering_project/batch-etl-pyspark/.venv/lib/python3.12/site-packages/airflow/example_dags/example_params_ui_tutorial.py took 0.242 seconds
[2025-07-16T19:50:46.649+0000] {processor.py:161} INFO - Started process (PID=15213) to work on /mnt/c/Users/Shivam Gupta/OneDrive/Documents/Shivam_Developement/data_engineering/data_engineering_project/batch-etl-pyspark/.venv/lib/python3.12/site-packages/airflow/example_dags/example_params_ui_tutorial.py
[2025-07-16T19:50:46.652+0000] {processor.py:830} INFO - Processing file /mnt/c/Users/Shivam Gupta/OneDrive/Documents/Shivam_Developement/data_engineering/data_engineering_project/batch-etl-pyspark/.venv/lib/python3.12/site-packages/airflow/example_dags/example_params_ui_tutorial.py for tasks to queue
[2025-07-16T19:50:46.657+0000] {logging_mixin.py:188} INFO - [2025-07-16T19:50:46.655+0000] {dagbag.py:545} INFO - Filling up the DagBag from /mnt/c/Users/Shivam Gupta/OneDrive/Documents/Shivam_Developement/data_engineering/data_engineering_project/batch-etl-pyspark/.venv/lib/python3.12/site-packages/airflow/example_dags/example_params_ui_tutorial.py
[2025-07-16T19:50:46.705+0000] {processor.py:840} INFO - DAG(s) 'example_params_ui_tutorial' retrieved from /mnt/c/Users/Shivam Gupta/OneDrive/Documents/Shivam_Developement/data_engineering/data_engineering_project/batch-etl-pyspark/.venv/lib/python3.12/site-packages/airflow/example_dags/example_params_ui_tutorial.py
[2025-07-16T19:50:46.809+0000] {logging_mixin.py:188} INFO - [2025-07-16T19:50:46.807+0000] {dag.py:3096} INFO - Sync 1 DAGs
[2025-07-16T19:50:46.829+0000] {logging_mixin.py:188} INFO - [2025-07-16T19:50:46.828+0000] {dag.py:3954} INFO - Setting next_dagrun for example_params_ui_tutorial to None, run_after=None
[2025-07-16T19:50:46.915+0000] {processor.py:183} INFO - Processing /mnt/c/Users/Shivam Gupta/OneDrive/Documents/Shivam_Developement/data_engineering/data_engineering_project/batch-etl-pyspark/.venv/lib/python3.12/site-packages/airflow/example_dags/example_params_ui_tutorial.py took 0.283 seconds
[2025-07-16T19:52:11.504+0000] {processor.py:161} INFO - Started process (PID=15310) to work on /mnt/c/Users/Shivam Gupta/OneDrive/Documents/Shivam_Developement/data_engineering/data_engineering_project/batch-etl-pyspark/.venv/lib/python3.12/site-packages/airflow/example_dags/example_params_ui_tutorial.py
[2025-07-16T19:52:11.507+0000] {processor.py:830} INFO - Processing file /mnt/c/Users/Shivam Gupta/OneDrive/Documents/Shivam_Developement/data_engineering/data_engineering_project/batch-etl-pyspark/.venv/lib/python3.12/site-packages/airflow/example_dags/example_params_ui_tutorial.py for tasks to queue
[2025-07-16T19:52:11.510+0000] {logging_mixin.py:188} INFO - [2025-07-16T19:52:11.509+0000] {dagbag.py:545} INFO - Filling up the DagBag from /mnt/c/Users/Shivam Gupta/OneDrive/Documents/Shivam_Developement/data_engineering/data_engineering_project/batch-etl-pyspark/.venv/lib/python3.12/site-packages/airflow/example_dags/example_params_ui_tutorial.py
[2025-07-16T19:52:11.555+0000] {processor.py:840} INFO - DAG(s) 'example_params_ui_tutorial' retrieved from /mnt/c/Users/Shivam Gupta/OneDrive/Documents/Shivam_Developement/data_engineering/data_engineering_project/batch-etl-pyspark/.venv/lib/python3.12/site-packages/airflow/example_dags/example_params_ui_tutorial.py
[2025-07-16T19:52:11.612+0000] {logging_mixin.py:188} INFO - [2025-07-16T19:52:11.611+0000] {dag.py:3096} INFO - Sync 1 DAGs
[2025-07-16T19:52:11.630+0000] {logging_mixin.py:188} INFO - [2025-07-16T19:52:11.629+0000] {dag.py:3954} INFO - Setting next_dagrun for example_params_ui_tutorial to None, run_after=None
[2025-07-16T19:52:11.720+0000] {processor.py:183} INFO - Processing /mnt/c/Users/Shivam Gupta/OneDrive/Documents/Shivam_Developement/data_engineering/data_engineering_project/batch-etl-pyspark/.venv/lib/python3.12/site-packages/airflow/example_dags/example_params_ui_tutorial.py took 0.231 seconds
[2025-07-16T19:53:34.150+0000] {processor.py:161} INFO - Started process (PID=15457) to work on /mnt/c/Users/Shivam Gupta/OneDrive/Documents/Shivam_Developement/data_engineering/data_engineering_project/batch-etl-pyspark/.venv/lib/python3.12/site-packages/airflow/example_dags/example_params_ui_tutorial.py
[2025-07-16T19:53:34.153+0000] {processor.py:830} INFO - Processing file /mnt/c/Users/Shivam Gupta/OneDrive/Documents/Shivam_Developement/data_engineering/data_engineering_project/batch-etl-pyspark/.venv/lib/python3.12/site-packages/airflow/example_dags/example_params_ui_tutorial.py for tasks to queue
[2025-07-16T19:53:34.156+0000] {logging_mixin.py:188} INFO - [2025-07-16T19:53:34.155+0000] {dagbag.py:545} INFO - Filling up the DagBag from /mnt/c/Users/Shivam Gupta/OneDrive/Documents/Shivam_Developement/data_engineering/data_engineering_project/batch-etl-pyspark/.venv/lib/python3.12/site-packages/airflow/example_dags/example_params_ui_tutorial.py
[2025-07-16T19:53:34.203+0000] {processor.py:840} INFO - DAG(s) 'example_params_ui_tutorial' retrieved from /mnt/c/Users/Shivam Gupta/OneDrive/Documents/Shivam_Developement/data_engineering/data_engineering_project/batch-etl-pyspark/.venv/lib/python3.12/site-packages/airflow/example_dags/example_params_ui_tutorial.py
[2025-07-16T19:53:34.280+0000] {logging_mixin.py:188} INFO - [2025-07-16T19:53:34.279+0000] {dag.py:3096} INFO - Sync 1 DAGs
[2025-07-16T19:53:34.299+0000] {logging_mixin.py:188} INFO - [2025-07-16T19:53:34.298+0000] {dag.py:3954} INFO - Setting next_dagrun for example_params_ui_tutorial to None, run_after=None
[2025-07-16T19:53:34.392+0000] {processor.py:183} INFO - Processing /mnt/c/Users/Shivam Gupta/OneDrive/Documents/Shivam_Developement/data_engineering/data_engineering_project/batch-etl-pyspark/.venv/lib/python3.12/site-packages/airflow/example_dags/example_params_ui_tutorial.py took 0.256 seconds
