[2025-07-16T17:47:31.442+0000] {processor.py:161} INFO - Started process (PID=5778) to work on /mnt/c/Users/Shivam Gupta/OneDrive/Documents/Shivam_Developement/data_engineering/data_engineering_project/batch-etl-pyspark/.venv/lib/python3.12/site-packages/airflow/example_dags/example_latest_only.py
[2025-07-16T17:47:31.444+0000] {processor.py:830} INFO - Processing file /mnt/c/Users/Shivam Gupta/OneDrive/Documents/Shivam_Developement/data_engineering/data_engineering_project/batch-etl-pyspark/.venv/lib/python3.12/site-packages/airflow/example_dags/example_latest_only.py for tasks to queue
[2025-07-16T17:47:31.448+0000] {logging_mixin.py:188} INFO - [2025-07-16T17:47:31.447+0000] {dagbag.py:545} INFO - Filling up the DagBag from /mnt/c/Users/Shivam Gupta/OneDrive/Documents/Shivam_Developement/data_engineering/data_engineering_project/batch-etl-pyspark/.venv/lib/python3.12/site-packages/airflow/example_dags/example_latest_only.py
[2025-07-16T17:47:31.476+0000] {processor.py:840} INFO - DAG(s) 'latest_only' retrieved from /mnt/c/Users/Shivam Gupta/OneDrive/Documents/Shivam_Developement/data_engineering/data_engineering_project/batch-etl-pyspark/.venv/lib/python3.12/site-packages/airflow/example_dags/example_latest_only.py
[2025-07-16T17:47:32.513+0000] {logging_mixin.py:188} INFO - [2025-07-16T17:47:32.511+0000] {override.py:1930} INFO - Created Permission View: can read on DAG:latest_only
[2025-07-16T17:47:32.544+0000] {logging_mixin.py:188} INFO - [2025-07-16T17:47:32.543+0000] {override.py:1930} INFO - Created Permission View: can edit on DAG:latest_only
[2025-07-16T17:47:32.574+0000] {logging_mixin.py:188} INFO - [2025-07-16T17:47:32.573+0000] {override.py:1930} INFO - Created Permission View: can delete on DAG:latest_only
[2025-07-16T17:47:32.576+0000] {logging_mixin.py:188} INFO - [2025-07-16T17:47:32.575+0000] {dag.py:3096} INFO - Sync 1 DAGs
[2025-07-16T17:47:32.595+0000] {logging_mixin.py:188} INFO - [2025-07-16T17:47:32.594+0000] {dag.py:3118} INFO - Creating ORM DAG for latest_only
[2025-07-16T17:47:32.611+0000] {logging_mixin.py:188} INFO - [2025-07-16T17:47:32.610+0000] {dag.py:3954} INFO - Setting next_dagrun for latest_only to 2025-07-16 12:00:00+00:00, run_after=2025-07-16 16:00:00+00:00
[2025-07-16T17:47:32.684+0000] {processor.py:183} INFO - Processing /mnt/c/Users/Shivam Gupta/OneDrive/Documents/Shivam_Developement/data_engineering/data_engineering_project/batch-etl-pyspark/.venv/lib/python3.12/site-packages/airflow/example_dags/example_latest_only.py took 1.258 seconds
[2025-07-16T17:49:07.516+0000] {processor.py:161} INFO - Started process (PID=5848) to work on /mnt/c/Users/Shivam Gupta/OneDrive/Documents/Shivam_Developement/data_engineering/data_engineering_project/batch-etl-pyspark/.venv/lib/python3.12/site-packages/airflow/example_dags/example_latest_only.py
[2025-07-16T17:49:07.518+0000] {processor.py:830} INFO - Processing file /mnt/c/Users/Shivam Gupta/OneDrive/Documents/Shivam_Developement/data_engineering/data_engineering_project/batch-etl-pyspark/.venv/lib/python3.12/site-packages/airflow/example_dags/example_latest_only.py for tasks to queue
[2025-07-16T17:49:07.521+0000] {logging_mixin.py:188} INFO - [2025-07-16T17:49:07.520+0000] {dagbag.py:545} INFO - Filling up the DagBag from /mnt/c/Users/Shivam Gupta/OneDrive/Documents/Shivam_Developement/data_engineering/data_engineering_project/batch-etl-pyspark/.venv/lib/python3.12/site-packages/airflow/example_dags/example_latest_only.py
[2025-07-16T17:49:07.544+0000] {processor.py:840} INFO - DAG(s) 'latest_only' retrieved from /mnt/c/Users/Shivam Gupta/OneDrive/Documents/Shivam_Developement/data_engineering/data_engineering_project/batch-etl-pyspark/.venv/lib/python3.12/site-packages/airflow/example_dags/example_latest_only.py
[2025-07-16T17:49:07.572+0000] {logging_mixin.py:188} INFO - [2025-07-16T17:49:07.571+0000] {dag.py:3096} INFO - Sync 1 DAGs
[2025-07-16T17:49:07.601+0000] {logging_mixin.py:188} INFO - [2025-07-16T17:49:07.600+0000] {dag.py:3954} INFO - Setting next_dagrun for latest_only to 2025-07-16 12:00:00+00:00, run_after=2025-07-16 16:00:00+00:00
[2025-07-16T17:49:07.651+0000] {processor.py:183} INFO - Processing /mnt/c/Users/Shivam Gupta/OneDrive/Documents/Shivam_Developement/data_engineering/data_engineering_project/batch-etl-pyspark/.venv/lib/python3.12/site-packages/airflow/example_dags/example_latest_only.py took 0.153 seconds
[2025-07-16T17:50:40.941+0000] {processor.py:161} INFO - Started process (PID=5941) to work on /mnt/c/Users/Shivam Gupta/OneDrive/Documents/Shivam_Developement/data_engineering/data_engineering_project/batch-etl-pyspark/.venv/lib/python3.12/site-packages/airflow/example_dags/example_latest_only.py
[2025-07-16T17:50:40.943+0000] {processor.py:830} INFO - Processing file /mnt/c/Users/Shivam Gupta/OneDrive/Documents/Shivam_Developement/data_engineering/data_engineering_project/batch-etl-pyspark/.venv/lib/python3.12/site-packages/airflow/example_dags/example_latest_only.py for tasks to queue
[2025-07-16T17:50:40.945+0000] {logging_mixin.py:188} INFO - [2025-07-16T17:50:40.944+0000] {dagbag.py:545} INFO - Filling up the DagBag from /mnt/c/Users/Shivam Gupta/OneDrive/Documents/Shivam_Developement/data_engineering/data_engineering_project/batch-etl-pyspark/.venv/lib/python3.12/site-packages/airflow/example_dags/example_latest_only.py
[2025-07-16T17:50:40.958+0000] {processor.py:840} INFO - DAG(s) 'latest_only' retrieved from /mnt/c/Users/Shivam Gupta/OneDrive/Documents/Shivam_Developement/data_engineering/data_engineering_project/batch-etl-pyspark/.venv/lib/python3.12/site-packages/airflow/example_dags/example_latest_only.py
[2025-07-16T17:50:40.976+0000] {logging_mixin.py:188} INFO - [2025-07-16T17:50:40.976+0000] {dag.py:3096} INFO - Sync 1 DAGs
[2025-07-16T17:50:40.996+0000] {logging_mixin.py:188} INFO - [2025-07-16T17:50:40.995+0000] {dag.py:3954} INFO - Setting next_dagrun for latest_only to 2025-07-16 12:00:00+00:00, run_after=2025-07-16 16:00:00+00:00
[2025-07-16T17:50:41.047+0000] {processor.py:183} INFO - Processing /mnt/c/Users/Shivam Gupta/OneDrive/Documents/Shivam_Developement/data_engineering/data_engineering_project/batch-etl-pyspark/.venv/lib/python3.12/site-packages/airflow/example_dags/example_latest_only.py took 0.113 seconds
[2025-07-16T17:51:58.570+0000] {processor.py:161} INFO - Started process (PID=6030) to work on /mnt/c/Users/Shivam Gupta/OneDrive/Documents/Shivam_Developement/data_engineering/data_engineering_project/batch-etl-pyspark/.venv/lib/python3.12/site-packages/airflow/example_dags/example_latest_only.py
[2025-07-16T17:51:58.571+0000] {processor.py:830} INFO - Processing file /mnt/c/Users/Shivam Gupta/OneDrive/Documents/Shivam_Developement/data_engineering/data_engineering_project/batch-etl-pyspark/.venv/lib/python3.12/site-packages/airflow/example_dags/example_latest_only.py for tasks to queue
[2025-07-16T17:51:58.574+0000] {logging_mixin.py:188} INFO - [2025-07-16T17:51:58.573+0000] {dagbag.py:545} INFO - Filling up the DagBag from /mnt/c/Users/Shivam Gupta/OneDrive/Documents/Shivam_Developement/data_engineering/data_engineering_project/batch-etl-pyspark/.venv/lib/python3.12/site-packages/airflow/example_dags/example_latest_only.py
[2025-07-16T17:51:58.589+0000] {processor.py:840} INFO - DAG(s) 'latest_only' retrieved from /mnt/c/Users/Shivam Gupta/OneDrive/Documents/Shivam_Developement/data_engineering/data_engineering_project/batch-etl-pyspark/.venv/lib/python3.12/site-packages/airflow/example_dags/example_latest_only.py
[2025-07-16T17:51:58.618+0000] {logging_mixin.py:188} INFO - [2025-07-16T17:51:58.616+0000] {dag.py:3096} INFO - Sync 1 DAGs
[2025-07-16T17:51:58.681+0000] {logging_mixin.py:188} INFO - [2025-07-16T17:51:58.678+0000] {dag.py:3954} INFO - Setting next_dagrun for latest_only to 2025-07-16 12:00:00+00:00, run_after=2025-07-16 16:00:00+00:00
[2025-07-16T17:51:58.798+0000] {processor.py:183} INFO - Processing /mnt/c/Users/Shivam Gupta/OneDrive/Documents/Shivam_Developement/data_engineering/data_engineering_project/batch-etl-pyspark/.venv/lib/python3.12/site-packages/airflow/example_dags/example_latest_only.py took 0.236 seconds
[2025-07-16T17:53:16.134+0000] {processor.py:161} INFO - Started process (PID=6100) to work on /mnt/c/Users/Shivam Gupta/OneDrive/Documents/Shivam_Developement/data_engineering/data_engineering_project/batch-etl-pyspark/.venv/lib/python3.12/site-packages/airflow/example_dags/example_latest_only.py
[2025-07-16T17:53:16.135+0000] {processor.py:830} INFO - Processing file /mnt/c/Users/Shivam Gupta/OneDrive/Documents/Shivam_Developement/data_engineering/data_engineering_project/batch-etl-pyspark/.venv/lib/python3.12/site-packages/airflow/example_dags/example_latest_only.py for tasks to queue
[2025-07-16T17:53:16.138+0000] {logging_mixin.py:188} INFO - [2025-07-16T17:53:16.137+0000] {dagbag.py:545} INFO - Filling up the DagBag from /mnt/c/Users/Shivam Gupta/OneDrive/Documents/Shivam_Developement/data_engineering/data_engineering_project/batch-etl-pyspark/.venv/lib/python3.12/site-packages/airflow/example_dags/example_latest_only.py
[2025-07-16T17:53:16.161+0000] {processor.py:840} INFO - DAG(s) 'latest_only' retrieved from /mnt/c/Users/Shivam Gupta/OneDrive/Documents/Shivam_Developement/data_engineering/data_engineering_project/batch-etl-pyspark/.venv/lib/python3.12/site-packages/airflow/example_dags/example_latest_only.py
[2025-07-16T17:53:16.198+0000] {logging_mixin.py:188} INFO - [2025-07-16T17:53:16.197+0000] {dag.py:3096} INFO - Sync 1 DAGs
[2025-07-16T17:53:16.232+0000] {logging_mixin.py:188} INFO - [2025-07-16T17:53:16.231+0000] {dag.py:3954} INFO - Setting next_dagrun for latest_only to 2025-07-16 12:00:00+00:00, run_after=2025-07-16 16:00:00+00:00
[2025-07-16T17:53:16.286+0000] {processor.py:183} INFO - Processing /mnt/c/Users/Shivam Gupta/OneDrive/Documents/Shivam_Developement/data_engineering/data_engineering_project/batch-etl-pyspark/.venv/lib/python3.12/site-packages/airflow/example_dags/example_latest_only.py took 0.167 seconds
[2025-07-16T17:54:49.571+0000] {processor.py:161} INFO - Started process (PID=6189) to work on /mnt/c/Users/Shivam Gupta/OneDrive/Documents/Shivam_Developement/data_engineering/data_engineering_project/batch-etl-pyspark/.venv/lib/python3.12/site-packages/airflow/example_dags/example_latest_only.py
[2025-07-16T17:54:49.573+0000] {processor.py:830} INFO - Processing file /mnt/c/Users/Shivam Gupta/OneDrive/Documents/Shivam_Developement/data_engineering/data_engineering_project/batch-etl-pyspark/.venv/lib/python3.12/site-packages/airflow/example_dags/example_latest_only.py for tasks to queue
[2025-07-16T17:54:49.576+0000] {logging_mixin.py:188} INFO - [2025-07-16T17:54:49.575+0000] {dagbag.py:545} INFO - Filling up the DagBag from /mnt/c/Users/Shivam Gupta/OneDrive/Documents/Shivam_Developement/data_engineering/data_engineering_project/batch-etl-pyspark/.venv/lib/python3.12/site-packages/airflow/example_dags/example_latest_only.py
[2025-07-16T17:54:49.593+0000] {processor.py:840} INFO - DAG(s) 'latest_only' retrieved from /mnt/c/Users/Shivam Gupta/OneDrive/Documents/Shivam_Developement/data_engineering/data_engineering_project/batch-etl-pyspark/.venv/lib/python3.12/site-packages/airflow/example_dags/example_latest_only.py
[2025-07-16T17:54:49.622+0000] {logging_mixin.py:188} INFO - [2025-07-16T17:54:49.621+0000] {dag.py:3096} INFO - Sync 1 DAGs
[2025-07-16T17:54:49.650+0000] {logging_mixin.py:188} INFO - [2025-07-16T17:54:49.650+0000] {dag.py:3954} INFO - Setting next_dagrun for latest_only to 2025-07-16 12:00:00+00:00, run_after=2025-07-16 16:00:00+00:00
[2025-07-16T17:54:49.706+0000] {processor.py:183} INFO - Processing /mnt/c/Users/Shivam Gupta/OneDrive/Documents/Shivam_Developement/data_engineering/data_engineering_project/batch-etl-pyspark/.venv/lib/python3.12/site-packages/airflow/example_dags/example_latest_only.py took 0.146 seconds
[2025-07-16T17:56:19.825+0000] {processor.py:161} INFO - Started process (PID=6277) to work on /mnt/c/Users/Shivam Gupta/OneDrive/Documents/Shivam_Developement/data_engineering/data_engineering_project/batch-etl-pyspark/.venv/lib/python3.12/site-packages/airflow/example_dags/example_latest_only.py
[2025-07-16T17:56:19.827+0000] {processor.py:830} INFO - Processing file /mnt/c/Users/Shivam Gupta/OneDrive/Documents/Shivam_Developement/data_engineering/data_engineering_project/batch-etl-pyspark/.venv/lib/python3.12/site-packages/airflow/example_dags/example_latest_only.py for tasks to queue
[2025-07-16T17:56:19.829+0000] {logging_mixin.py:188} INFO - [2025-07-16T17:56:19.828+0000] {dagbag.py:545} INFO - Filling up the DagBag from /mnt/c/Users/Shivam Gupta/OneDrive/Documents/Shivam_Developement/data_engineering/data_engineering_project/batch-etl-pyspark/.venv/lib/python3.12/site-packages/airflow/example_dags/example_latest_only.py
[2025-07-16T17:56:19.843+0000] {processor.py:840} INFO - DAG(s) 'latest_only' retrieved from /mnt/c/Users/Shivam Gupta/OneDrive/Documents/Shivam_Developement/data_engineering/data_engineering_project/batch-etl-pyspark/.venv/lib/python3.12/site-packages/airflow/example_dags/example_latest_only.py
[2025-07-16T17:56:19.866+0000] {logging_mixin.py:188} INFO - [2025-07-16T17:56:19.866+0000] {dag.py:3096} INFO - Sync 1 DAGs
[2025-07-16T17:56:19.889+0000] {logging_mixin.py:188} INFO - [2025-07-16T17:56:19.888+0000] {dag.py:3954} INFO - Setting next_dagrun for latest_only to 2025-07-16 12:00:00+00:00, run_after=2025-07-16 16:00:00+00:00
[2025-07-16T17:56:19.936+0000] {processor.py:183} INFO - Processing /mnt/c/Users/Shivam Gupta/OneDrive/Documents/Shivam_Developement/data_engineering/data_engineering_project/batch-etl-pyspark/.venv/lib/python3.12/site-packages/airflow/example_dags/example_latest_only.py took 0.119 seconds
[2025-07-16T18:02:48.485+0000] {processor.py:161} INFO - Started process (PID=6749) to work on /mnt/c/Users/Shivam Gupta/OneDrive/Documents/Shivam_Developement/data_engineering/data_engineering_project/batch-etl-pyspark/.venv/lib/python3.12/site-packages/airflow/example_dags/example_latest_only.py
[2025-07-16T18:02:48.487+0000] {processor.py:830} INFO - Processing file /mnt/c/Users/Shivam Gupta/OneDrive/Documents/Shivam_Developement/data_engineering/data_engineering_project/batch-etl-pyspark/.venv/lib/python3.12/site-packages/airflow/example_dags/example_latest_only.py for tasks to queue
[2025-07-16T18:02:48.491+0000] {logging_mixin.py:188} INFO - [2025-07-16T18:02:48.489+0000] {dagbag.py:545} INFO - Filling up the DagBag from /mnt/c/Users/Shivam Gupta/OneDrive/Documents/Shivam_Developement/data_engineering/data_engineering_project/batch-etl-pyspark/.venv/lib/python3.12/site-packages/airflow/example_dags/example_latest_only.py
[2025-07-16T18:02:48.529+0000] {processor.py:840} INFO - DAG(s) 'latest_only' retrieved from /mnt/c/Users/Shivam Gupta/OneDrive/Documents/Shivam_Developement/data_engineering/data_engineering_project/batch-etl-pyspark/.venv/lib/python3.12/site-packages/airflow/example_dags/example_latest_only.py
[2025-07-16T18:02:48.585+0000] {logging_mixin.py:188} INFO - [2025-07-16T18:02:48.584+0000] {dag.py:3096} INFO - Sync 1 DAGs
[2025-07-16T18:02:48.618+0000] {logging_mixin.py:188} INFO - [2025-07-16T18:02:48.617+0000] {dag.py:3954} INFO - Setting next_dagrun for latest_only to 2025-07-16 12:00:00+00:00, run_after=2025-07-16 16:00:00+00:00
[2025-07-16T18:02:48.709+0000] {processor.py:183} INFO - Processing /mnt/c/Users/Shivam Gupta/OneDrive/Documents/Shivam_Developement/data_engineering/data_engineering_project/batch-etl-pyspark/.venv/lib/python3.12/site-packages/airflow/example_dags/example_latest_only.py took 0.243 seconds
[2025-07-16T18:38:38.579+0000] {processor.py:161} INFO - Started process (PID=8696) to work on /mnt/c/Users/Shivam Gupta/OneDrive/Documents/Shivam_Developement/data_engineering/data_engineering_project/batch-etl-pyspark/.venv/lib/python3.12/site-packages/airflow/example_dags/example_latest_only.py
[2025-07-16T18:38:38.581+0000] {processor.py:830} INFO - Processing file /mnt/c/Users/Shivam Gupta/OneDrive/Documents/Shivam_Developement/data_engineering/data_engineering_project/batch-etl-pyspark/.venv/lib/python3.12/site-packages/airflow/example_dags/example_latest_only.py for tasks to queue
[2025-07-16T18:38:38.583+0000] {logging_mixin.py:188} INFO - [2025-07-16T18:38:38.582+0000] {dagbag.py:545} INFO - Filling up the DagBag from /mnt/c/Users/Shivam Gupta/OneDrive/Documents/Shivam_Developement/data_engineering/data_engineering_project/batch-etl-pyspark/.venv/lib/python3.12/site-packages/airflow/example_dags/example_latest_only.py
[2025-07-16T18:38:38.596+0000] {processor.py:840} INFO - DAG(s) 'latest_only' retrieved from /mnt/c/Users/Shivam Gupta/OneDrive/Documents/Shivam_Developement/data_engineering/data_engineering_project/batch-etl-pyspark/.venv/lib/python3.12/site-packages/airflow/example_dags/example_latest_only.py
[2025-07-16T18:38:38.620+0000] {logging_mixin.py:188} INFO - [2025-07-16T18:38:38.619+0000] {dag.py:3096} INFO - Sync 1 DAGs
[2025-07-16T18:38:38.638+0000] {logging_mixin.py:188} INFO - [2025-07-16T18:38:38.637+0000] {dag.py:3954} INFO - Setting next_dagrun for latest_only to 2025-07-16 12:00:00+00:00, run_after=2025-07-16 16:00:00+00:00
[2025-07-16T18:38:38.712+0000] {processor.py:183} INFO - Processing /mnt/c/Users/Shivam Gupta/OneDrive/Documents/Shivam_Developement/data_engineering/data_engineering_project/batch-etl-pyspark/.venv/lib/python3.12/site-packages/airflow/example_dags/example_latest_only.py took 0.143 seconds
[2025-07-16T18:52:46.179+0000] {processor.py:161} INFO - Started process (PID=9396) to work on /mnt/c/Users/Shivam Gupta/OneDrive/Documents/Shivam_Developement/data_engineering/data_engineering_project/batch-etl-pyspark/.venv/lib/python3.12/site-packages/airflow/example_dags/example_latest_only.py
[2025-07-16T18:52:46.182+0000] {processor.py:830} INFO - Processing file /mnt/c/Users/Shivam Gupta/OneDrive/Documents/Shivam_Developement/data_engineering/data_engineering_project/batch-etl-pyspark/.venv/lib/python3.12/site-packages/airflow/example_dags/example_latest_only.py for tasks to queue
[2025-07-16T18:52:46.186+0000] {logging_mixin.py:188} INFO - [2025-07-16T18:52:46.184+0000] {dagbag.py:545} INFO - Filling up the DagBag from /mnt/c/Users/Shivam Gupta/OneDrive/Documents/Shivam_Developement/data_engineering/data_engineering_project/batch-etl-pyspark/.venv/lib/python3.12/site-packages/airflow/example_dags/example_latest_only.py
[2025-07-16T18:52:46.213+0000] {processor.py:840} INFO - DAG(s) 'latest_only' retrieved from /mnt/c/Users/Shivam Gupta/OneDrive/Documents/Shivam_Developement/data_engineering/data_engineering_project/batch-etl-pyspark/.venv/lib/python3.12/site-packages/airflow/example_dags/example_latest_only.py
[2025-07-16T18:52:46.291+0000] {logging_mixin.py:188} INFO - [2025-07-16T18:52:46.289+0000] {dag.py:3096} INFO - Sync 1 DAGs
[2025-07-16T18:52:46.344+0000] {logging_mixin.py:188} INFO - [2025-07-16T18:52:46.343+0000] {dag.py:3954} INFO - Setting next_dagrun for latest_only to 2025-07-16 12:00:00+00:00, run_after=2025-07-16 16:00:00+00:00
[2025-07-16T18:52:46.455+0000] {processor.py:183} INFO - Processing /mnt/c/Users/Shivam Gupta/OneDrive/Documents/Shivam_Developement/data_engineering/data_engineering_project/batch-etl-pyspark/.venv/lib/python3.12/site-packages/airflow/example_dags/example_latest_only.py took 0.291 seconds
[2025-07-16T18:54:12.368+0000] {processor.py:161} INFO - Started process (PID=9485) to work on /mnt/c/Users/Shivam Gupta/OneDrive/Documents/Shivam_Developement/data_engineering/data_engineering_project/batch-etl-pyspark/.venv/lib/python3.12/site-packages/airflow/example_dags/example_latest_only.py
[2025-07-16T18:54:12.371+0000] {processor.py:830} INFO - Processing file /mnt/c/Users/Shivam Gupta/OneDrive/Documents/Shivam_Developement/data_engineering/data_engineering_project/batch-etl-pyspark/.venv/lib/python3.12/site-packages/airflow/example_dags/example_latest_only.py for tasks to queue
[2025-07-16T18:54:12.375+0000] {logging_mixin.py:188} INFO - [2025-07-16T18:54:12.374+0000] {dagbag.py:545} INFO - Filling up the DagBag from /mnt/c/Users/Shivam Gupta/OneDrive/Documents/Shivam_Developement/data_engineering/data_engineering_project/batch-etl-pyspark/.venv/lib/python3.12/site-packages/airflow/example_dags/example_latest_only.py
[2025-07-16T18:54:12.406+0000] {processor.py:840} INFO - DAG(s) 'latest_only' retrieved from /mnt/c/Users/Shivam Gupta/OneDrive/Documents/Shivam_Developement/data_engineering/data_engineering_project/batch-etl-pyspark/.venv/lib/python3.12/site-packages/airflow/example_dags/example_latest_only.py
[2025-07-16T18:54:12.442+0000] {logging_mixin.py:188} INFO - [2025-07-16T18:54:12.440+0000] {dag.py:3096} INFO - Sync 1 DAGs
[2025-07-16T18:54:12.478+0000] {logging_mixin.py:188} INFO - [2025-07-16T18:54:12.477+0000] {dag.py:3954} INFO - Setting next_dagrun for latest_only to 2025-07-16 12:00:00+00:00, run_after=2025-07-16 16:00:00+00:00
[2025-07-16T18:54:12.563+0000] {processor.py:183} INFO - Processing /mnt/c/Users/Shivam Gupta/OneDrive/Documents/Shivam_Developement/data_engineering/data_engineering_project/batch-etl-pyspark/.venv/lib/python3.12/site-packages/airflow/example_dags/example_latest_only.py took 0.208 seconds
[2025-07-16T18:55:33.621+0000] {processor.py:161} INFO - Started process (PID=9732) to work on /mnt/c/Users/Shivam Gupta/OneDrive/Documents/Shivam_Developement/data_engineering/data_engineering_project/batch-etl-pyspark/.venv/lib/python3.12/site-packages/airflow/example_dags/example_latest_only.py
[2025-07-16T18:55:33.623+0000] {processor.py:830} INFO - Processing file /mnt/c/Users/Shivam Gupta/OneDrive/Documents/Shivam_Developement/data_engineering/data_engineering_project/batch-etl-pyspark/.venv/lib/python3.12/site-packages/airflow/example_dags/example_latest_only.py for tasks to queue
[2025-07-16T18:55:33.627+0000] {logging_mixin.py:188} INFO - [2025-07-16T18:55:33.626+0000] {dagbag.py:545} INFO - Filling up the DagBag from /mnt/c/Users/Shivam Gupta/OneDrive/Documents/Shivam_Developement/data_engineering/data_engineering_project/batch-etl-pyspark/.venv/lib/python3.12/site-packages/airflow/example_dags/example_latest_only.py
[2025-07-16T18:55:33.641+0000] {processor.py:840} INFO - DAG(s) 'latest_only' retrieved from /mnt/c/Users/Shivam Gupta/OneDrive/Documents/Shivam_Developement/data_engineering/data_engineering_project/batch-etl-pyspark/.venv/lib/python3.12/site-packages/airflow/example_dags/example_latest_only.py
[2025-07-16T18:55:33.674+0000] {logging_mixin.py:188} INFO - [2025-07-16T18:55:33.673+0000] {dag.py:3096} INFO - Sync 1 DAGs
[2025-07-16T18:55:33.697+0000] {logging_mixin.py:188} INFO - [2025-07-16T18:55:33.696+0000] {dag.py:3954} INFO - Setting next_dagrun for latest_only to 2025-07-16 12:00:00+00:00, run_after=2025-07-16 16:00:00+00:00
[2025-07-16T18:55:33.749+0000] {processor.py:183} INFO - Processing /mnt/c/Users/Shivam Gupta/OneDrive/Documents/Shivam_Developement/data_engineering/data_engineering_project/batch-etl-pyspark/.venv/lib/python3.12/site-packages/airflow/example_dags/example_latest_only.py took 0.143 seconds
[2025-07-16T18:56:48.600+0000] {processor.py:161} INFO - Started process (PID=9891) to work on /mnt/c/Users/Shivam Gupta/OneDrive/Documents/Shivam_Developement/data_engineering/data_engineering_project/batch-etl-pyspark/.venv/lib/python3.12/site-packages/airflow/example_dags/example_latest_only.py
[2025-07-16T18:56:48.605+0000] {processor.py:830} INFO - Processing file /mnt/c/Users/Shivam Gupta/OneDrive/Documents/Shivam_Developement/data_engineering/data_engineering_project/batch-etl-pyspark/.venv/lib/python3.12/site-packages/airflow/example_dags/example_latest_only.py for tasks to queue
[2025-07-16T18:56:48.608+0000] {logging_mixin.py:188} INFO - [2025-07-16T18:56:48.608+0000] {dagbag.py:545} INFO - Filling up the DagBag from /mnt/c/Users/Shivam Gupta/OneDrive/Documents/Shivam_Developement/data_engineering/data_engineering_project/batch-etl-pyspark/.venv/lib/python3.12/site-packages/airflow/example_dags/example_latest_only.py
[2025-07-16T18:56:48.630+0000] {processor.py:840} INFO - DAG(s) 'latest_only' retrieved from /mnt/c/Users/Shivam Gupta/OneDrive/Documents/Shivam_Developement/data_engineering/data_engineering_project/batch-etl-pyspark/.venv/lib/python3.12/site-packages/airflow/example_dags/example_latest_only.py
[2025-07-16T18:56:48.656+0000] {logging_mixin.py:188} INFO - [2025-07-16T18:56:48.655+0000] {dag.py:3096} INFO - Sync 1 DAGs
[2025-07-16T18:56:48.680+0000] {logging_mixin.py:188} INFO - [2025-07-16T18:56:48.679+0000] {dag.py:3954} INFO - Setting next_dagrun for latest_only to 2025-07-16 12:00:00+00:00, run_after=2025-07-16 16:00:00+00:00
[2025-07-16T18:56:48.793+0000] {processor.py:183} INFO - Processing /mnt/c/Users/Shivam Gupta/OneDrive/Documents/Shivam_Developement/data_engineering/data_engineering_project/batch-etl-pyspark/.venv/lib/python3.12/site-packages/airflow/example_dags/example_latest_only.py took 0.203 seconds
[2025-07-16T18:58:10.523+0000] {processor.py:161} INFO - Started process (PID=10046) to work on /mnt/c/Users/Shivam Gupta/OneDrive/Documents/Shivam_Developement/data_engineering/data_engineering_project/batch-etl-pyspark/.venv/lib/python3.12/site-packages/airflow/example_dags/example_latest_only.py
[2025-07-16T18:58:10.526+0000] {processor.py:830} INFO - Processing file /mnt/c/Users/Shivam Gupta/OneDrive/Documents/Shivam_Developement/data_engineering/data_engineering_project/batch-etl-pyspark/.venv/lib/python3.12/site-packages/airflow/example_dags/example_latest_only.py for tasks to queue
[2025-07-16T18:58:10.530+0000] {logging_mixin.py:188} INFO - [2025-07-16T18:58:10.529+0000] {dagbag.py:545} INFO - Filling up the DagBag from /mnt/c/Users/Shivam Gupta/OneDrive/Documents/Shivam_Developement/data_engineering/data_engineering_project/batch-etl-pyspark/.venv/lib/python3.12/site-packages/airflow/example_dags/example_latest_only.py
[2025-07-16T18:58:10.561+0000] {processor.py:840} INFO - DAG(s) 'latest_only' retrieved from /mnt/c/Users/Shivam Gupta/OneDrive/Documents/Shivam_Developement/data_engineering/data_engineering_project/batch-etl-pyspark/.venv/lib/python3.12/site-packages/airflow/example_dags/example_latest_only.py
[2025-07-16T18:58:10.597+0000] {logging_mixin.py:188} INFO - [2025-07-16T18:58:10.595+0000] {dag.py:3096} INFO - Sync 1 DAGs
[2025-07-16T18:58:10.635+0000] {logging_mixin.py:188} INFO - [2025-07-16T18:58:10.633+0000] {dag.py:3954} INFO - Setting next_dagrun for latest_only to 2025-07-16 12:00:00+00:00, run_after=2025-07-16 16:00:00+00:00
[2025-07-16T18:58:10.714+0000] {processor.py:183} INFO - Processing /mnt/c/Users/Shivam Gupta/OneDrive/Documents/Shivam_Developement/data_engineering/data_engineering_project/batch-etl-pyspark/.venv/lib/python3.12/site-packages/airflow/example_dags/example_latest_only.py took 0.206 seconds
[2025-07-16T18:59:33.597+0000] {processor.py:161} INFO - Started process (PID=10210) to work on /mnt/c/Users/Shivam Gupta/OneDrive/Documents/Shivam_Developement/data_engineering/data_engineering_project/batch-etl-pyspark/.venv/lib/python3.12/site-packages/airflow/example_dags/example_latest_only.py
[2025-07-16T18:59:33.600+0000] {processor.py:830} INFO - Processing file /mnt/c/Users/Shivam Gupta/OneDrive/Documents/Shivam_Developement/data_engineering/data_engineering_project/batch-etl-pyspark/.venv/lib/python3.12/site-packages/airflow/example_dags/example_latest_only.py for tasks to queue
[2025-07-16T18:59:33.603+0000] {logging_mixin.py:188} INFO - [2025-07-16T18:59:33.602+0000] {dagbag.py:545} INFO - Filling up the DagBag from /mnt/c/Users/Shivam Gupta/OneDrive/Documents/Shivam_Developement/data_engineering/data_engineering_project/batch-etl-pyspark/.venv/lib/python3.12/site-packages/airflow/example_dags/example_latest_only.py
[2025-07-16T18:59:33.620+0000] {processor.py:840} INFO - DAG(s) 'latest_only' retrieved from /mnt/c/Users/Shivam Gupta/OneDrive/Documents/Shivam_Developement/data_engineering/data_engineering_project/batch-etl-pyspark/.venv/lib/python3.12/site-packages/airflow/example_dags/example_latest_only.py
[2025-07-16T18:59:33.647+0000] {logging_mixin.py:188} INFO - [2025-07-16T18:59:33.646+0000] {dag.py:3096} INFO - Sync 1 DAGs
[2025-07-16T18:59:33.677+0000] {logging_mixin.py:188} INFO - [2025-07-16T18:59:33.676+0000] {dag.py:3954} INFO - Setting next_dagrun for latest_only to 2025-07-16 12:00:00+00:00, run_after=2025-07-16 16:00:00+00:00
[2025-07-16T18:59:33.753+0000] {processor.py:183} INFO - Processing /mnt/c/Users/Shivam Gupta/OneDrive/Documents/Shivam_Developement/data_engineering/data_engineering_project/batch-etl-pyspark/.venv/lib/python3.12/site-packages/airflow/example_dags/example_latest_only.py took 0.167 seconds
[2025-07-16T19:01:04.224+0000] {processor.py:161} INFO - Started process (PID=10411) to work on /mnt/c/Users/Shivam Gupta/OneDrive/Documents/Shivam_Developement/data_engineering/data_engineering_project/batch-etl-pyspark/.venv/lib/python3.12/site-packages/airflow/example_dags/example_latest_only.py
[2025-07-16T19:01:04.226+0000] {processor.py:830} INFO - Processing file /mnt/c/Users/Shivam Gupta/OneDrive/Documents/Shivam_Developement/data_engineering/data_engineering_project/batch-etl-pyspark/.venv/lib/python3.12/site-packages/airflow/example_dags/example_latest_only.py for tasks to queue
[2025-07-16T19:01:04.229+0000] {logging_mixin.py:188} INFO - [2025-07-16T19:01:04.228+0000] {dagbag.py:545} INFO - Filling up the DagBag from /mnt/c/Users/Shivam Gupta/OneDrive/Documents/Shivam_Developement/data_engineering/data_engineering_project/batch-etl-pyspark/.venv/lib/python3.12/site-packages/airflow/example_dags/example_latest_only.py
[2025-07-16T19:01:04.245+0000] {processor.py:840} INFO - DAG(s) 'latest_only' retrieved from /mnt/c/Users/Shivam Gupta/OneDrive/Documents/Shivam_Developement/data_engineering/data_engineering_project/batch-etl-pyspark/.venv/lib/python3.12/site-packages/airflow/example_dags/example_latest_only.py
[2025-07-16T19:01:04.277+0000] {logging_mixin.py:188} INFO - [2025-07-16T19:01:04.276+0000] {dag.py:3096} INFO - Sync 1 DAGs
[2025-07-16T19:01:04.302+0000] {logging_mixin.py:188} INFO - [2025-07-16T19:01:04.301+0000] {dag.py:3954} INFO - Setting next_dagrun for latest_only to 2025-07-16 12:00:00+00:00, run_after=2025-07-16 16:00:00+00:00
[2025-07-16T19:01:04.380+0000] {processor.py:183} INFO - Processing /mnt/c/Users/Shivam Gupta/OneDrive/Documents/Shivam_Developement/data_engineering/data_engineering_project/batch-etl-pyspark/.venv/lib/python3.12/site-packages/airflow/example_dags/example_latest_only.py took 0.165 seconds
[2025-07-16T19:02:35.258+0000] {processor.py:161} INFO - Started process (PID=10602) to work on /mnt/c/Users/Shivam Gupta/OneDrive/Documents/Shivam_Developement/data_engineering/data_engineering_project/batch-etl-pyspark/.venv/lib/python3.12/site-packages/airflow/example_dags/example_latest_only.py
[2025-07-16T19:02:35.261+0000] {processor.py:830} INFO - Processing file /mnt/c/Users/Shivam Gupta/OneDrive/Documents/Shivam_Developement/data_engineering/data_engineering_project/batch-etl-pyspark/.venv/lib/python3.12/site-packages/airflow/example_dags/example_latest_only.py for tasks to queue
[2025-07-16T19:02:35.264+0000] {logging_mixin.py:188} INFO - [2025-07-16T19:02:35.263+0000] {dagbag.py:545} INFO - Filling up the DagBag from /mnt/c/Users/Shivam Gupta/OneDrive/Documents/Shivam_Developement/data_engineering/data_engineering_project/batch-etl-pyspark/.venv/lib/python3.12/site-packages/airflow/example_dags/example_latest_only.py
[2025-07-16T19:02:35.294+0000] {processor.py:840} INFO - DAG(s) 'latest_only' retrieved from /mnt/c/Users/Shivam Gupta/OneDrive/Documents/Shivam_Developement/data_engineering/data_engineering_project/batch-etl-pyspark/.venv/lib/python3.12/site-packages/airflow/example_dags/example_latest_only.py
[2025-07-16T19:02:35.332+0000] {logging_mixin.py:188} INFO - [2025-07-16T19:02:35.331+0000] {dag.py:3096} INFO - Sync 1 DAGs
[2025-07-16T19:02:35.369+0000] {logging_mixin.py:188} INFO - [2025-07-16T19:02:35.368+0000] {dag.py:3954} INFO - Setting next_dagrun for latest_only to 2025-07-16 12:00:00+00:00, run_after=2025-07-16 16:00:00+00:00
[2025-07-16T19:02:35.448+0000] {processor.py:183} INFO - Processing /mnt/c/Users/Shivam Gupta/OneDrive/Documents/Shivam_Developement/data_engineering/data_engineering_project/batch-etl-pyspark/.venv/lib/python3.12/site-packages/airflow/example_dags/example_latest_only.py took 0.204 seconds
[2025-07-16T19:04:05.804+0000] {processor.py:161} INFO - Started process (PID=10757) to work on /mnt/c/Users/Shivam Gupta/OneDrive/Documents/Shivam_Developement/data_engineering/data_engineering_project/batch-etl-pyspark/.venv/lib/python3.12/site-packages/airflow/example_dags/example_latest_only.py
[2025-07-16T19:04:05.807+0000] {processor.py:830} INFO - Processing file /mnt/c/Users/Shivam Gupta/OneDrive/Documents/Shivam_Developement/data_engineering/data_engineering_project/batch-etl-pyspark/.venv/lib/python3.12/site-packages/airflow/example_dags/example_latest_only.py for tasks to queue
[2025-07-16T19:04:05.813+0000] {logging_mixin.py:188} INFO - [2025-07-16T19:04:05.811+0000] {dagbag.py:545} INFO - Filling up the DagBag from /mnt/c/Users/Shivam Gupta/OneDrive/Documents/Shivam_Developement/data_engineering/data_engineering_project/batch-etl-pyspark/.venv/lib/python3.12/site-packages/airflow/example_dags/example_latest_only.py
[2025-07-16T19:04:05.840+0000] {processor.py:840} INFO - DAG(s) 'latest_only' retrieved from /mnt/c/Users/Shivam Gupta/OneDrive/Documents/Shivam_Developement/data_engineering/data_engineering_project/batch-etl-pyspark/.venv/lib/python3.12/site-packages/airflow/example_dags/example_latest_only.py
[2025-07-16T19:04:05.876+0000] {logging_mixin.py:188} INFO - [2025-07-16T19:04:05.875+0000] {dag.py:3096} INFO - Sync 1 DAGs
[2025-07-16T19:04:05.920+0000] {logging_mixin.py:188} INFO - [2025-07-16T19:04:05.919+0000] {dag.py:3954} INFO - Setting next_dagrun for latest_only to 2025-07-16 12:00:00+00:00, run_after=2025-07-16 16:00:00+00:00
[2025-07-16T19:04:06.010+0000] {processor.py:183} INFO - Processing /mnt/c/Users/Shivam Gupta/OneDrive/Documents/Shivam_Developement/data_engineering/data_engineering_project/batch-etl-pyspark/.venv/lib/python3.12/site-packages/airflow/example_dags/example_latest_only.py took 0.219 seconds
[2025-07-16T19:05:28.979+0000] {processor.py:161} INFO - Started process (PID=10914) to work on /mnt/c/Users/Shivam Gupta/OneDrive/Documents/Shivam_Developement/data_engineering/data_engineering_project/batch-etl-pyspark/.venv/lib/python3.12/site-packages/airflow/example_dags/example_latest_only.py
[2025-07-16T19:05:28.984+0000] {processor.py:830} INFO - Processing file /mnt/c/Users/Shivam Gupta/OneDrive/Documents/Shivam_Developement/data_engineering/data_engineering_project/batch-etl-pyspark/.venv/lib/python3.12/site-packages/airflow/example_dags/example_latest_only.py for tasks to queue
[2025-07-16T19:05:28.989+0000] {logging_mixin.py:188} INFO - [2025-07-16T19:05:28.987+0000] {dagbag.py:545} INFO - Filling up the DagBag from /mnt/c/Users/Shivam Gupta/OneDrive/Documents/Shivam_Developement/data_engineering/data_engineering_project/batch-etl-pyspark/.venv/lib/python3.12/site-packages/airflow/example_dags/example_latest_only.py
[2025-07-16T19:05:29.018+0000] {processor.py:840} INFO - DAG(s) 'latest_only' retrieved from /mnt/c/Users/Shivam Gupta/OneDrive/Documents/Shivam_Developement/data_engineering/data_engineering_project/batch-etl-pyspark/.venv/lib/python3.12/site-packages/airflow/example_dags/example_latest_only.py
[2025-07-16T19:05:29.099+0000] {logging_mixin.py:188} INFO - [2025-07-16T19:05:29.098+0000] {dag.py:3096} INFO - Sync 1 DAGs
[2025-07-16T19:05:29.141+0000] {logging_mixin.py:188} INFO - [2025-07-16T19:05:29.140+0000] {dag.py:3954} INFO - Setting next_dagrun for latest_only to 2025-07-16 12:00:00+00:00, run_after=2025-07-16 16:00:00+00:00
[2025-07-16T19:05:29.318+0000] {processor.py:183} INFO - Processing /mnt/c/Users/Shivam Gupta/OneDrive/Documents/Shivam_Developement/data_engineering/data_engineering_project/batch-etl-pyspark/.venv/lib/python3.12/site-packages/airflow/example_dags/example_latest_only.py took 0.354 seconds
[2025-07-16T19:06:59.156+0000] {processor.py:161} INFO - Started process (PID=11088) to work on /mnt/c/Users/Shivam Gupta/OneDrive/Documents/Shivam_Developement/data_engineering/data_engineering_project/batch-etl-pyspark/.venv/lib/python3.12/site-packages/airflow/example_dags/example_latest_only.py
[2025-07-16T19:06:59.168+0000] {processor.py:830} INFO - Processing file /mnt/c/Users/Shivam Gupta/OneDrive/Documents/Shivam_Developement/data_engineering/data_engineering_project/batch-etl-pyspark/.venv/lib/python3.12/site-packages/airflow/example_dags/example_latest_only.py for tasks to queue
[2025-07-16T19:06:59.172+0000] {logging_mixin.py:188} INFO - [2025-07-16T19:06:59.171+0000] {dagbag.py:545} INFO - Filling up the DagBag from /mnt/c/Users/Shivam Gupta/OneDrive/Documents/Shivam_Developement/data_engineering/data_engineering_project/batch-etl-pyspark/.venv/lib/python3.12/site-packages/airflow/example_dags/example_latest_only.py
[2025-07-16T19:06:59.199+0000] {processor.py:840} INFO - DAG(s) 'latest_only' retrieved from /mnt/c/Users/Shivam Gupta/OneDrive/Documents/Shivam_Developement/data_engineering/data_engineering_project/batch-etl-pyspark/.venv/lib/python3.12/site-packages/airflow/example_dags/example_latest_only.py
[2025-07-16T19:06:59.234+0000] {logging_mixin.py:188} INFO - [2025-07-16T19:06:59.233+0000] {dag.py:3096} INFO - Sync 1 DAGs
[2025-07-16T19:06:59.265+0000] {logging_mixin.py:188} INFO - [2025-07-16T19:06:59.263+0000] {dag.py:3954} INFO - Setting next_dagrun for latest_only to 2025-07-16 12:00:00+00:00, run_after=2025-07-16 16:00:00+00:00
[2025-07-16T19:06:59.357+0000] {processor.py:183} INFO - Processing /mnt/c/Users/Shivam Gupta/OneDrive/Documents/Shivam_Developement/data_engineering/data_engineering_project/batch-etl-pyspark/.venv/lib/python3.12/site-packages/airflow/example_dags/example_latest_only.py took 0.216 seconds
[2025-07-16T19:08:30.587+0000] {processor.py:161} INFO - Started process (PID=11238) to work on /mnt/c/Users/Shivam Gupta/OneDrive/Documents/Shivam_Developement/data_engineering/data_engineering_project/batch-etl-pyspark/.venv/lib/python3.12/site-packages/airflow/example_dags/example_latest_only.py
[2025-07-16T19:08:30.589+0000] {processor.py:830} INFO - Processing file /mnt/c/Users/Shivam Gupta/OneDrive/Documents/Shivam_Developement/data_engineering/data_engineering_project/batch-etl-pyspark/.venv/lib/python3.12/site-packages/airflow/example_dags/example_latest_only.py for tasks to queue
[2025-07-16T19:08:30.592+0000] {logging_mixin.py:188} INFO - [2025-07-16T19:08:30.591+0000] {dagbag.py:545} INFO - Filling up the DagBag from /mnt/c/Users/Shivam Gupta/OneDrive/Documents/Shivam_Developement/data_engineering/data_engineering_project/batch-etl-pyspark/.venv/lib/python3.12/site-packages/airflow/example_dags/example_latest_only.py
[2025-07-16T19:08:30.623+0000] {processor.py:840} INFO - DAG(s) 'latest_only' retrieved from /mnt/c/Users/Shivam Gupta/OneDrive/Documents/Shivam_Developement/data_engineering/data_engineering_project/batch-etl-pyspark/.venv/lib/python3.12/site-packages/airflow/example_dags/example_latest_only.py
[2025-07-16T19:08:30.656+0000] {logging_mixin.py:188} INFO - [2025-07-16T19:08:30.655+0000] {dag.py:3096} INFO - Sync 1 DAGs
[2025-07-16T19:08:30.703+0000] {logging_mixin.py:188} INFO - [2025-07-16T19:08:30.702+0000] {dag.py:3954} INFO - Setting next_dagrun for latest_only to 2025-07-16 12:00:00+00:00, run_after=2025-07-16 16:00:00+00:00
[2025-07-16T19:08:30.787+0000] {processor.py:183} INFO - Processing /mnt/c/Users/Shivam Gupta/OneDrive/Documents/Shivam_Developement/data_engineering/data_engineering_project/batch-etl-pyspark/.venv/lib/python3.12/site-packages/airflow/example_dags/example_latest_only.py took 0.216 seconds
[2025-07-16T19:09:57.750+0000] {processor.py:161} INFO - Started process (PID=11396) to work on /mnt/c/Users/Shivam Gupta/OneDrive/Documents/Shivam_Developement/data_engineering/data_engineering_project/batch-etl-pyspark/.venv/lib/python3.12/site-packages/airflow/example_dags/example_latest_only.py
[2025-07-16T19:09:57.752+0000] {processor.py:830} INFO - Processing file /mnt/c/Users/Shivam Gupta/OneDrive/Documents/Shivam_Developement/data_engineering/data_engineering_project/batch-etl-pyspark/.venv/lib/python3.12/site-packages/airflow/example_dags/example_latest_only.py for tasks to queue
[2025-07-16T19:09:57.756+0000] {logging_mixin.py:188} INFO - [2025-07-16T19:09:57.754+0000] {dagbag.py:545} INFO - Filling up the DagBag from /mnt/c/Users/Shivam Gupta/OneDrive/Documents/Shivam_Developement/data_engineering/data_engineering_project/batch-etl-pyspark/.venv/lib/python3.12/site-packages/airflow/example_dags/example_latest_only.py
[2025-07-16T19:09:57.783+0000] {processor.py:840} INFO - DAG(s) 'latest_only' retrieved from /mnt/c/Users/Shivam Gupta/OneDrive/Documents/Shivam_Developement/data_engineering/data_engineering_project/batch-etl-pyspark/.venv/lib/python3.12/site-packages/airflow/example_dags/example_latest_only.py
[2025-07-16T19:09:57.818+0000] {logging_mixin.py:188} INFO - [2025-07-16T19:09:57.817+0000] {dag.py:3096} INFO - Sync 1 DAGs
[2025-07-16T19:09:57.852+0000] {logging_mixin.py:188} INFO - [2025-07-16T19:09:57.850+0000] {dag.py:3954} INFO - Setting next_dagrun for latest_only to 2025-07-16 12:00:00+00:00, run_after=2025-07-16 16:00:00+00:00
[2025-07-16T19:09:57.925+0000] {processor.py:183} INFO - Processing /mnt/c/Users/Shivam Gupta/OneDrive/Documents/Shivam_Developement/data_engineering/data_engineering_project/batch-etl-pyspark/.venv/lib/python3.12/site-packages/airflow/example_dags/example_latest_only.py took 0.189 seconds
[2025-07-16T19:11:32.448+0000] {processor.py:161} INFO - Started process (PID=11585) to work on /mnt/c/Users/Shivam Gupta/OneDrive/Documents/Shivam_Developement/data_engineering/data_engineering_project/batch-etl-pyspark/.venv/lib/python3.12/site-packages/airflow/example_dags/example_latest_only.py
[2025-07-16T19:11:32.453+0000] {processor.py:830} INFO - Processing file /mnt/c/Users/Shivam Gupta/OneDrive/Documents/Shivam_Developement/data_engineering/data_engineering_project/batch-etl-pyspark/.venv/lib/python3.12/site-packages/airflow/example_dags/example_latest_only.py for tasks to queue
[2025-07-16T19:11:32.457+0000] {logging_mixin.py:188} INFO - [2025-07-16T19:11:32.456+0000] {dagbag.py:545} INFO - Filling up the DagBag from /mnt/c/Users/Shivam Gupta/OneDrive/Documents/Shivam_Developement/data_engineering/data_engineering_project/batch-etl-pyspark/.venv/lib/python3.12/site-packages/airflow/example_dags/example_latest_only.py
[2025-07-16T19:11:32.491+0000] {processor.py:840} INFO - DAG(s) 'latest_only' retrieved from /mnt/c/Users/Shivam Gupta/OneDrive/Documents/Shivam_Developement/data_engineering/data_engineering_project/batch-etl-pyspark/.venv/lib/python3.12/site-packages/airflow/example_dags/example_latest_only.py
[2025-07-16T19:11:32.580+0000] {logging_mixin.py:188} INFO - [2025-07-16T19:11:32.579+0000] {dag.py:3096} INFO - Sync 1 DAGs
[2025-07-16T19:11:32.617+0000] {logging_mixin.py:188} INFO - [2025-07-16T19:11:32.616+0000] {dag.py:3954} INFO - Setting next_dagrun for latest_only to 2025-07-16 12:00:00+00:00, run_after=2025-07-16 16:00:00+00:00
[2025-07-16T19:11:32.762+0000] {processor.py:183} INFO - Processing /mnt/c/Users/Shivam Gupta/OneDrive/Documents/Shivam_Developement/data_engineering/data_engineering_project/batch-etl-pyspark/.venv/lib/python3.12/site-packages/airflow/example_dags/example_latest_only.py took 0.329 seconds
[2025-07-16T19:12:59.650+0000] {processor.py:161} INFO - Started process (PID=11757) to work on /mnt/c/Users/Shivam Gupta/OneDrive/Documents/Shivam_Developement/data_engineering/data_engineering_project/batch-etl-pyspark/.venv/lib/python3.12/site-packages/airflow/example_dags/example_latest_only.py
[2025-07-16T19:12:59.652+0000] {processor.py:830} INFO - Processing file /mnt/c/Users/Shivam Gupta/OneDrive/Documents/Shivam_Developement/data_engineering/data_engineering_project/batch-etl-pyspark/.venv/lib/python3.12/site-packages/airflow/example_dags/example_latest_only.py for tasks to queue
[2025-07-16T19:12:59.656+0000] {logging_mixin.py:188} INFO - [2025-07-16T19:12:59.654+0000] {dagbag.py:545} INFO - Filling up the DagBag from /mnt/c/Users/Shivam Gupta/OneDrive/Documents/Shivam_Developement/data_engineering/data_engineering_project/batch-etl-pyspark/.venv/lib/python3.12/site-packages/airflow/example_dags/example_latest_only.py
[2025-07-16T19:12:59.683+0000] {processor.py:840} INFO - DAG(s) 'latest_only' retrieved from /mnt/c/Users/Shivam Gupta/OneDrive/Documents/Shivam_Developement/data_engineering/data_engineering_project/batch-etl-pyspark/.venv/lib/python3.12/site-packages/airflow/example_dags/example_latest_only.py
[2025-07-16T19:12:59.724+0000] {logging_mixin.py:188} INFO - [2025-07-16T19:12:59.723+0000] {dag.py:3096} INFO - Sync 1 DAGs
[2025-07-16T19:12:59.757+0000] {logging_mixin.py:188} INFO - [2025-07-16T19:12:59.756+0000] {dag.py:3954} INFO - Setting next_dagrun for latest_only to 2025-07-16 12:00:00+00:00, run_after=2025-07-16 16:00:00+00:00
[2025-07-16T19:12:59.821+0000] {processor.py:183} INFO - Processing /mnt/c/Users/Shivam Gupta/OneDrive/Documents/Shivam_Developement/data_engineering/data_engineering_project/batch-etl-pyspark/.venv/lib/python3.12/site-packages/airflow/example_dags/example_latest_only.py took 0.186 seconds
[2025-07-16T19:14:27.304+0000] {processor.py:161} INFO - Started process (PID=11921) to work on /mnt/c/Users/Shivam Gupta/OneDrive/Documents/Shivam_Developement/data_engineering/data_engineering_project/batch-etl-pyspark/.venv/lib/python3.12/site-packages/airflow/example_dags/example_latest_only.py
[2025-07-16T19:14:27.308+0000] {processor.py:830} INFO - Processing file /mnt/c/Users/Shivam Gupta/OneDrive/Documents/Shivam_Developement/data_engineering/data_engineering_project/batch-etl-pyspark/.venv/lib/python3.12/site-packages/airflow/example_dags/example_latest_only.py for tasks to queue
[2025-07-16T19:14:27.311+0000] {logging_mixin.py:188} INFO - [2025-07-16T19:14:27.310+0000] {dagbag.py:545} INFO - Filling up the DagBag from /mnt/c/Users/Shivam Gupta/OneDrive/Documents/Shivam_Developement/data_engineering/data_engineering_project/batch-etl-pyspark/.venv/lib/python3.12/site-packages/airflow/example_dags/example_latest_only.py
[2025-07-16T19:14:27.332+0000] {processor.py:840} INFO - DAG(s) 'latest_only' retrieved from /mnt/c/Users/Shivam Gupta/OneDrive/Documents/Shivam_Developement/data_engineering/data_engineering_project/batch-etl-pyspark/.venv/lib/python3.12/site-packages/airflow/example_dags/example_latest_only.py
[2025-07-16T19:14:27.364+0000] {logging_mixin.py:188} INFO - [2025-07-16T19:14:27.363+0000] {dag.py:3096} INFO - Sync 1 DAGs
[2025-07-16T19:14:27.393+0000] {logging_mixin.py:188} INFO - [2025-07-16T19:14:27.392+0000] {dag.py:3954} INFO - Setting next_dagrun for latest_only to 2025-07-16 12:00:00+00:00, run_after=2025-07-16 16:00:00+00:00
[2025-07-16T19:14:27.485+0000] {processor.py:183} INFO - Processing /mnt/c/Users/Shivam Gupta/OneDrive/Documents/Shivam_Developement/data_engineering/data_engineering_project/batch-etl-pyspark/.venv/lib/python3.12/site-packages/airflow/example_dags/example_latest_only.py took 0.194 seconds
[2025-07-16T19:16:00.334+0000] {processor.py:161} INFO - Started process (PID=12111) to work on /mnt/c/Users/Shivam Gupta/OneDrive/Documents/Shivam_Developement/data_engineering/data_engineering_project/batch-etl-pyspark/.venv/lib/python3.12/site-packages/airflow/example_dags/example_latest_only.py
[2025-07-16T19:16:00.336+0000] {processor.py:830} INFO - Processing file /mnt/c/Users/Shivam Gupta/OneDrive/Documents/Shivam_Developement/data_engineering/data_engineering_project/batch-etl-pyspark/.venv/lib/python3.12/site-packages/airflow/example_dags/example_latest_only.py for tasks to queue
[2025-07-16T19:16:00.339+0000] {logging_mixin.py:188} INFO - [2025-07-16T19:16:00.338+0000] {dagbag.py:545} INFO - Filling up the DagBag from /mnt/c/Users/Shivam Gupta/OneDrive/Documents/Shivam_Developement/data_engineering/data_engineering_project/batch-etl-pyspark/.venv/lib/python3.12/site-packages/airflow/example_dags/example_latest_only.py
[2025-07-16T19:16:00.367+0000] {processor.py:840} INFO - DAG(s) 'latest_only' retrieved from /mnt/c/Users/Shivam Gupta/OneDrive/Documents/Shivam_Developement/data_engineering/data_engineering_project/batch-etl-pyspark/.venv/lib/python3.12/site-packages/airflow/example_dags/example_latest_only.py
[2025-07-16T19:16:00.400+0000] {logging_mixin.py:188} INFO - [2025-07-16T19:16:00.399+0000] {dag.py:3096} INFO - Sync 1 DAGs
[2025-07-16T19:16:00.430+0000] {logging_mixin.py:188} INFO - [2025-07-16T19:16:00.429+0000] {dag.py:3954} INFO - Setting next_dagrun for latest_only to 2025-07-16 12:00:00+00:00, run_after=2025-07-16 16:00:00+00:00
[2025-07-16T19:16:00.524+0000] {processor.py:183} INFO - Processing /mnt/c/Users/Shivam Gupta/OneDrive/Documents/Shivam_Developement/data_engineering/data_engineering_project/batch-etl-pyspark/.venv/lib/python3.12/site-packages/airflow/example_dags/example_latest_only.py took 0.204 seconds
[2025-07-16T19:17:28.611+0000] {processor.py:161} INFO - Started process (PID=12277) to work on /mnt/c/Users/Shivam Gupta/OneDrive/Documents/Shivam_Developement/data_engineering/data_engineering_project/batch-etl-pyspark/.venv/lib/python3.12/site-packages/airflow/example_dags/example_latest_only.py
[2025-07-16T19:17:28.625+0000] {processor.py:830} INFO - Processing file /mnt/c/Users/Shivam Gupta/OneDrive/Documents/Shivam_Developement/data_engineering/data_engineering_project/batch-etl-pyspark/.venv/lib/python3.12/site-packages/airflow/example_dags/example_latest_only.py for tasks to queue
[2025-07-16T19:17:28.631+0000] {logging_mixin.py:188} INFO - [2025-07-16T19:17:28.629+0000] {dagbag.py:545} INFO - Filling up the DagBag from /mnt/c/Users/Shivam Gupta/OneDrive/Documents/Shivam_Developement/data_engineering/data_engineering_project/batch-etl-pyspark/.venv/lib/python3.12/site-packages/airflow/example_dags/example_latest_only.py
[2025-07-16T19:17:28.668+0000] {processor.py:840} INFO - DAG(s) 'latest_only' retrieved from /mnt/c/Users/Shivam Gupta/OneDrive/Documents/Shivam_Developement/data_engineering/data_engineering_project/batch-etl-pyspark/.venv/lib/python3.12/site-packages/airflow/example_dags/example_latest_only.py
[2025-07-16T19:17:28.707+0000] {logging_mixin.py:188} INFO - [2025-07-16T19:17:28.705+0000] {dag.py:3096} INFO - Sync 1 DAGs
[2025-07-16T19:17:28.746+0000] {logging_mixin.py:188} INFO - [2025-07-16T19:17:28.743+0000] {dag.py:3954} INFO - Setting next_dagrun for latest_only to 2025-07-16 12:00:00+00:00, run_after=2025-07-16 16:00:00+00:00
[2025-07-16T19:17:28.849+0000] {processor.py:183} INFO - Processing /mnt/c/Users/Shivam Gupta/OneDrive/Documents/Shivam_Developement/data_engineering/data_engineering_project/batch-etl-pyspark/.venv/lib/python3.12/site-packages/airflow/example_dags/example_latest_only.py took 0.254 seconds
[2025-07-16T19:18:50.662+0000] {processor.py:161} INFO - Started process (PID=12427) to work on /mnt/c/Users/Shivam Gupta/OneDrive/Documents/Shivam_Developement/data_engineering/data_engineering_project/batch-etl-pyspark/.venv/lib/python3.12/site-packages/airflow/example_dags/example_latest_only.py
[2025-07-16T19:18:50.665+0000] {processor.py:830} INFO - Processing file /mnt/c/Users/Shivam Gupta/OneDrive/Documents/Shivam_Developement/data_engineering/data_engineering_project/batch-etl-pyspark/.venv/lib/python3.12/site-packages/airflow/example_dags/example_latest_only.py for tasks to queue
[2025-07-16T19:18:50.670+0000] {logging_mixin.py:188} INFO - [2025-07-16T19:18:50.668+0000] {dagbag.py:545} INFO - Filling up the DagBag from /mnt/c/Users/Shivam Gupta/OneDrive/Documents/Shivam_Developement/data_engineering/data_engineering_project/batch-etl-pyspark/.venv/lib/python3.12/site-packages/airflow/example_dags/example_latest_only.py
[2025-07-16T19:18:50.704+0000] {processor.py:840} INFO - DAG(s) 'latest_only' retrieved from /mnt/c/Users/Shivam Gupta/OneDrive/Documents/Shivam_Developement/data_engineering/data_engineering_project/batch-etl-pyspark/.venv/lib/python3.12/site-packages/airflow/example_dags/example_latest_only.py
[2025-07-16T19:18:50.740+0000] {logging_mixin.py:188} INFO - [2025-07-16T19:18:50.739+0000] {dag.py:3096} INFO - Sync 1 DAGs
[2025-07-16T19:18:50.788+0000] {logging_mixin.py:188} INFO - [2025-07-16T19:18:50.787+0000] {dag.py:3954} INFO - Setting next_dagrun for latest_only to 2025-07-16 12:00:00+00:00, run_after=2025-07-16 16:00:00+00:00
[2025-07-16T19:18:50.897+0000] {processor.py:183} INFO - Processing /mnt/c/Users/Shivam Gupta/OneDrive/Documents/Shivam_Developement/data_engineering/data_engineering_project/batch-etl-pyspark/.venv/lib/python3.12/site-packages/airflow/example_dags/example_latest_only.py took 0.253 seconds
[2025-07-16T19:20:13.248+0000] {processor.py:161} INFO - Started process (PID=12573) to work on /mnt/c/Users/Shivam Gupta/OneDrive/Documents/Shivam_Developement/data_engineering/data_engineering_project/batch-etl-pyspark/.venv/lib/python3.12/site-packages/airflow/example_dags/example_latest_only.py
[2025-07-16T19:20:13.250+0000] {processor.py:830} INFO - Processing file /mnt/c/Users/Shivam Gupta/OneDrive/Documents/Shivam_Developement/data_engineering/data_engineering_project/batch-etl-pyspark/.venv/lib/python3.12/site-packages/airflow/example_dags/example_latest_only.py for tasks to queue
[2025-07-16T19:20:13.255+0000] {logging_mixin.py:188} INFO - [2025-07-16T19:20:13.253+0000] {dagbag.py:545} INFO - Filling up the DagBag from /mnt/c/Users/Shivam Gupta/OneDrive/Documents/Shivam_Developement/data_engineering/data_engineering_project/batch-etl-pyspark/.venv/lib/python3.12/site-packages/airflow/example_dags/example_latest_only.py
[2025-07-16T19:20:13.288+0000] {processor.py:840} INFO - DAG(s) 'latest_only' retrieved from /mnt/c/Users/Shivam Gupta/OneDrive/Documents/Shivam_Developement/data_engineering/data_engineering_project/batch-etl-pyspark/.venv/lib/python3.12/site-packages/airflow/example_dags/example_latest_only.py
[2025-07-16T19:20:13.321+0000] {logging_mixin.py:188} INFO - [2025-07-16T19:20:13.320+0000] {dag.py:3096} INFO - Sync 1 DAGs
[2025-07-16T19:20:13.357+0000] {logging_mixin.py:188} INFO - [2025-07-16T19:20:13.356+0000] {dag.py:3954} INFO - Setting next_dagrun for latest_only to 2025-07-16 12:00:00+00:00, run_after=2025-07-16 16:00:00+00:00
[2025-07-16T19:20:13.453+0000] {processor.py:183} INFO - Processing /mnt/c/Users/Shivam Gupta/OneDrive/Documents/Shivam_Developement/data_engineering/data_engineering_project/batch-etl-pyspark/.venv/lib/python3.12/site-packages/airflow/example_dags/example_latest_only.py took 0.220 seconds
[2025-07-16T19:21:39.146+0000] {processor.py:161} INFO - Started process (PID=12741) to work on /mnt/c/Users/Shivam Gupta/OneDrive/Documents/Shivam_Developement/data_engineering/data_engineering_project/batch-etl-pyspark/.venv/lib/python3.12/site-packages/airflow/example_dags/example_latest_only.py
[2025-07-16T19:21:39.149+0000] {processor.py:830} INFO - Processing file /mnt/c/Users/Shivam Gupta/OneDrive/Documents/Shivam_Developement/data_engineering/data_engineering_project/batch-etl-pyspark/.venv/lib/python3.12/site-packages/airflow/example_dags/example_latest_only.py for tasks to queue
[2025-07-16T19:21:39.154+0000] {logging_mixin.py:188} INFO - [2025-07-16T19:21:39.152+0000] {dagbag.py:545} INFO - Filling up the DagBag from /mnt/c/Users/Shivam Gupta/OneDrive/Documents/Shivam_Developement/data_engineering/data_engineering_project/batch-etl-pyspark/.venv/lib/python3.12/site-packages/airflow/example_dags/example_latest_only.py
[2025-07-16T19:21:39.190+0000] {processor.py:840} INFO - DAG(s) 'latest_only' retrieved from /mnt/c/Users/Shivam Gupta/OneDrive/Documents/Shivam_Developement/data_engineering/data_engineering_project/batch-etl-pyspark/.venv/lib/python3.12/site-packages/airflow/example_dags/example_latest_only.py
[2025-07-16T19:21:39.235+0000] {logging_mixin.py:188} INFO - [2025-07-16T19:21:39.233+0000] {dag.py:3096} INFO - Sync 1 DAGs
[2025-07-16T19:21:39.293+0000] {logging_mixin.py:188} INFO - [2025-07-16T19:21:39.293+0000] {dag.py:3954} INFO - Setting next_dagrun for latest_only to 2025-07-16 12:00:00+00:00, run_after=2025-07-16 16:00:00+00:00
[2025-07-16T19:21:39.398+0000] {processor.py:183} INFO - Processing /mnt/c/Users/Shivam Gupta/OneDrive/Documents/Shivam_Developement/data_engineering/data_engineering_project/batch-etl-pyspark/.venv/lib/python3.12/site-packages/airflow/example_dags/example_latest_only.py took 0.270 seconds
[2025-07-16T19:23:05.633+0000] {processor.py:161} INFO - Started process (PID=12906) to work on /mnt/c/Users/Shivam Gupta/OneDrive/Documents/Shivam_Developement/data_engineering/data_engineering_project/batch-etl-pyspark/.venv/lib/python3.12/site-packages/airflow/example_dags/example_latest_only.py
[2025-07-16T19:23:05.636+0000] {processor.py:830} INFO - Processing file /mnt/c/Users/Shivam Gupta/OneDrive/Documents/Shivam_Developement/data_engineering/data_engineering_project/batch-etl-pyspark/.venv/lib/python3.12/site-packages/airflow/example_dags/example_latest_only.py for tasks to queue
[2025-07-16T19:23:05.639+0000] {logging_mixin.py:188} INFO - [2025-07-16T19:23:05.638+0000] {dagbag.py:545} INFO - Filling up the DagBag from /mnt/c/Users/Shivam Gupta/OneDrive/Documents/Shivam_Developement/data_engineering/data_engineering_project/batch-etl-pyspark/.venv/lib/python3.12/site-packages/airflow/example_dags/example_latest_only.py
[2025-07-16T19:23:05.668+0000] {processor.py:840} INFO - DAG(s) 'latest_only' retrieved from /mnt/c/Users/Shivam Gupta/OneDrive/Documents/Shivam_Developement/data_engineering/data_engineering_project/batch-etl-pyspark/.venv/lib/python3.12/site-packages/airflow/example_dags/example_latest_only.py
[2025-07-16T19:23:05.700+0000] {logging_mixin.py:188} INFO - [2025-07-16T19:23:05.699+0000] {dag.py:3096} INFO - Sync 1 DAGs
[2025-07-16T19:23:05.732+0000] {logging_mixin.py:188} INFO - [2025-07-16T19:23:05.732+0000] {dag.py:3954} INFO - Setting next_dagrun for latest_only to 2025-07-16 12:00:00+00:00, run_after=2025-07-16 16:00:00+00:00
[2025-07-16T19:23:05.813+0000] {processor.py:183} INFO - Processing /mnt/c/Users/Shivam Gupta/OneDrive/Documents/Shivam_Developement/data_engineering/data_engineering_project/batch-etl-pyspark/.venv/lib/python3.12/site-packages/airflow/example_dags/example_latest_only.py took 0.196 seconds
[2025-07-16T19:24:27.912+0000] {processor.py:161} INFO - Started process (PID=13013) to work on /mnt/c/Users/Shivam Gupta/OneDrive/Documents/Shivam_Developement/data_engineering/data_engineering_project/batch-etl-pyspark/.venv/lib/python3.12/site-packages/airflow/example_dags/example_latest_only.py
[2025-07-16T19:24:27.914+0000] {processor.py:830} INFO - Processing file /mnt/c/Users/Shivam Gupta/OneDrive/Documents/Shivam_Developement/data_engineering/data_engineering_project/batch-etl-pyspark/.venv/lib/python3.12/site-packages/airflow/example_dags/example_latest_only.py for tasks to queue
[2025-07-16T19:24:27.917+0000] {logging_mixin.py:188} INFO - [2025-07-16T19:24:27.916+0000] {dagbag.py:545} INFO - Filling up the DagBag from /mnt/c/Users/Shivam Gupta/OneDrive/Documents/Shivam_Developement/data_engineering/data_engineering_project/batch-etl-pyspark/.venv/lib/python3.12/site-packages/airflow/example_dags/example_latest_only.py
[2025-07-16T19:24:27.939+0000] {processor.py:840} INFO - DAG(s) 'latest_only' retrieved from /mnt/c/Users/Shivam Gupta/OneDrive/Documents/Shivam_Developement/data_engineering/data_engineering_project/batch-etl-pyspark/.venv/lib/python3.12/site-packages/airflow/example_dags/example_latest_only.py
[2025-07-16T19:24:27.976+0000] {logging_mixin.py:188} INFO - [2025-07-16T19:24:27.975+0000] {dag.py:3096} INFO - Sync 1 DAGs
[2025-07-16T19:24:28.025+0000] {logging_mixin.py:188} INFO - [2025-07-16T19:24:28.023+0000] {dag.py:3954} INFO - Setting next_dagrun for latest_only to 2025-07-16 12:00:00+00:00, run_after=2025-07-16 16:00:00+00:00
[2025-07-16T19:24:28.258+0000] {processor.py:183} INFO - Processing /mnt/c/Users/Shivam Gupta/OneDrive/Documents/Shivam_Developement/data_engineering/data_engineering_project/batch-etl-pyspark/.venv/lib/python3.12/site-packages/airflow/example_dags/example_latest_only.py took 0.357 seconds
[2025-07-16T19:25:51.205+0000] {processor.py:161} INFO - Started process (PID=13134) to work on /mnt/c/Users/Shivam Gupta/OneDrive/Documents/Shivam_Developement/data_engineering/data_engineering_project/batch-etl-pyspark/.venv/lib/python3.12/site-packages/airflow/example_dags/example_latest_only.py
[2025-07-16T19:25:51.206+0000] {processor.py:830} INFO - Processing file /mnt/c/Users/Shivam Gupta/OneDrive/Documents/Shivam_Developement/data_engineering/data_engineering_project/batch-etl-pyspark/.venv/lib/python3.12/site-packages/airflow/example_dags/example_latest_only.py for tasks to queue
[2025-07-16T19:25:51.209+0000] {logging_mixin.py:188} INFO - [2025-07-16T19:25:51.208+0000] {dagbag.py:545} INFO - Filling up the DagBag from /mnt/c/Users/Shivam Gupta/OneDrive/Documents/Shivam_Developement/data_engineering/data_engineering_project/batch-etl-pyspark/.venv/lib/python3.12/site-packages/airflow/example_dags/example_latest_only.py
[2025-07-16T19:25:51.230+0000] {processor.py:840} INFO - DAG(s) 'latest_only' retrieved from /mnt/c/Users/Shivam Gupta/OneDrive/Documents/Shivam_Developement/data_engineering/data_engineering_project/batch-etl-pyspark/.venv/lib/python3.12/site-packages/airflow/example_dags/example_latest_only.py
[2025-07-16T19:25:51.257+0000] {logging_mixin.py:188} INFO - [2025-07-16T19:25:51.256+0000] {dag.py:3096} INFO - Sync 1 DAGs
[2025-07-16T19:25:51.292+0000] {logging_mixin.py:188} INFO - [2025-07-16T19:25:51.292+0000] {dag.py:3954} INFO - Setting next_dagrun for latest_only to 2025-07-16 12:00:00+00:00, run_after=2025-07-16 16:00:00+00:00
[2025-07-16T19:25:51.366+0000] {processor.py:183} INFO - Processing /mnt/c/Users/Shivam Gupta/OneDrive/Documents/Shivam_Developement/data_engineering/data_engineering_project/batch-etl-pyspark/.venv/lib/python3.12/site-packages/airflow/example_dags/example_latest_only.py took 0.173 seconds
[2025-07-16T19:27:12.832+0000] {processor.py:161} INFO - Started process (PID=13225) to work on /mnt/c/Users/Shivam Gupta/OneDrive/Documents/Shivam_Developement/data_engineering/data_engineering_project/batch-etl-pyspark/.venv/lib/python3.12/site-packages/airflow/example_dags/example_latest_only.py
[2025-07-16T19:27:12.834+0000] {processor.py:830} INFO - Processing file /mnt/c/Users/Shivam Gupta/OneDrive/Documents/Shivam_Developement/data_engineering/data_engineering_project/batch-etl-pyspark/.venv/lib/python3.12/site-packages/airflow/example_dags/example_latest_only.py for tasks to queue
[2025-07-16T19:27:12.837+0000] {logging_mixin.py:188} INFO - [2025-07-16T19:27:12.836+0000] {dagbag.py:545} INFO - Filling up the DagBag from /mnt/c/Users/Shivam Gupta/OneDrive/Documents/Shivam_Developement/data_engineering/data_engineering_project/batch-etl-pyspark/.venv/lib/python3.12/site-packages/airflow/example_dags/example_latest_only.py
[2025-07-16T19:27:12.853+0000] {processor.py:840} INFO - DAG(s) 'latest_only' retrieved from /mnt/c/Users/Shivam Gupta/OneDrive/Documents/Shivam_Developement/data_engineering/data_engineering_project/batch-etl-pyspark/.venv/lib/python3.12/site-packages/airflow/example_dags/example_latest_only.py
[2025-07-16T19:27:12.952+0000] {logging_mixin.py:188} INFO - [2025-07-16T19:27:12.951+0000] {dag.py:3096} INFO - Sync 1 DAGs
[2025-07-16T19:27:12.974+0000] {logging_mixin.py:188} INFO - [2025-07-16T19:27:12.974+0000] {dag.py:3954} INFO - Setting next_dagrun for latest_only to 2025-07-16 12:00:00+00:00, run_after=2025-07-16 16:00:00+00:00
[2025-07-16T19:27:13.024+0000] {processor.py:183} INFO - Processing /mnt/c/Users/Shivam Gupta/OneDrive/Documents/Shivam_Developement/data_engineering/data_engineering_project/batch-etl-pyspark/.venv/lib/python3.12/site-packages/airflow/example_dags/example_latest_only.py took 0.202 seconds
[2025-07-16T19:28:28.303+0000] {processor.py:161} INFO - Started process (PID=13311) to work on /mnt/c/Users/Shivam Gupta/OneDrive/Documents/Shivam_Developement/data_engineering/data_engineering_project/batch-etl-pyspark/.venv/lib/python3.12/site-packages/airflow/example_dags/example_latest_only.py
[2025-07-16T19:28:28.305+0000] {processor.py:830} INFO - Processing file /mnt/c/Users/Shivam Gupta/OneDrive/Documents/Shivam_Developement/data_engineering/data_engineering_project/batch-etl-pyspark/.venv/lib/python3.12/site-packages/airflow/example_dags/example_latest_only.py for tasks to queue
[2025-07-16T19:28:28.308+0000] {logging_mixin.py:188} INFO - [2025-07-16T19:28:28.307+0000] {dagbag.py:545} INFO - Filling up the DagBag from /mnt/c/Users/Shivam Gupta/OneDrive/Documents/Shivam_Developement/data_engineering/data_engineering_project/batch-etl-pyspark/.venv/lib/python3.12/site-packages/airflow/example_dags/example_latest_only.py
[2025-07-16T19:28:28.326+0000] {processor.py:840} INFO - DAG(s) 'latest_only' retrieved from /mnt/c/Users/Shivam Gupta/OneDrive/Documents/Shivam_Developement/data_engineering/data_engineering_project/batch-etl-pyspark/.venv/lib/python3.12/site-packages/airflow/example_dags/example_latest_only.py
[2025-07-16T19:28:28.352+0000] {logging_mixin.py:188} INFO - [2025-07-16T19:28:28.351+0000] {dag.py:3096} INFO - Sync 1 DAGs
[2025-07-16T19:28:28.386+0000] {logging_mixin.py:188} INFO - [2025-07-16T19:28:28.385+0000] {dag.py:3954} INFO - Setting next_dagrun for latest_only to 2025-07-16 12:00:00+00:00, run_after=2025-07-16 16:00:00+00:00
[2025-07-16T19:28:28.464+0000] {processor.py:183} INFO - Processing /mnt/c/Users/Shivam Gupta/OneDrive/Documents/Shivam_Developement/data_engineering/data_engineering_project/batch-etl-pyspark/.venv/lib/python3.12/site-packages/airflow/example_dags/example_latest_only.py took 0.172 seconds
[2025-07-16T19:29:37.943+0000] {processor.py:161} INFO - Started process (PID=13435) to work on /mnt/c/Users/Shivam Gupta/OneDrive/Documents/Shivam_Developement/data_engineering/data_engineering_project/batch-etl-pyspark/.venv/lib/python3.12/site-packages/airflow/example_dags/example_latest_only.py
[2025-07-16T19:29:37.947+0000] {processor.py:830} INFO - Processing file /mnt/c/Users/Shivam Gupta/OneDrive/Documents/Shivam_Developement/data_engineering/data_engineering_project/batch-etl-pyspark/.venv/lib/python3.12/site-packages/airflow/example_dags/example_latest_only.py for tasks to queue
[2025-07-16T19:29:37.954+0000] {logging_mixin.py:188} INFO - [2025-07-16T19:29:37.951+0000] {dagbag.py:545} INFO - Filling up the DagBag from /mnt/c/Users/Shivam Gupta/OneDrive/Documents/Shivam_Developement/data_engineering/data_engineering_project/batch-etl-pyspark/.venv/lib/python3.12/site-packages/airflow/example_dags/example_latest_only.py
[2025-07-16T19:29:37.999+0000] {processor.py:840} INFO - DAG(s) 'latest_only' retrieved from /mnt/c/Users/Shivam Gupta/OneDrive/Documents/Shivam_Developement/data_engineering/data_engineering_project/batch-etl-pyspark/.venv/lib/python3.12/site-packages/airflow/example_dags/example_latest_only.py
[2025-07-16T19:29:38.041+0000] {logging_mixin.py:188} INFO - [2025-07-16T19:29:38.040+0000] {dag.py:3096} INFO - Sync 1 DAGs
[2025-07-16T19:29:38.084+0000] {logging_mixin.py:188} INFO - [2025-07-16T19:29:38.082+0000] {dag.py:3954} INFO - Setting next_dagrun for latest_only to 2025-07-16 12:00:00+00:00, run_after=2025-07-16 16:00:00+00:00
[2025-07-16T19:29:38.190+0000] {processor.py:183} INFO - Processing /mnt/c/Users/Shivam Gupta/OneDrive/Documents/Shivam_Developement/data_engineering/data_engineering_project/batch-etl-pyspark/.venv/lib/python3.12/site-packages/airflow/example_dags/example_latest_only.py took 0.273 seconds
[2025-07-16T19:30:56.978+0000] {processor.py:161} INFO - Started process (PID=13536) to work on /mnt/c/Users/Shivam Gupta/OneDrive/Documents/Shivam_Developement/data_engineering/data_engineering_project/batch-etl-pyspark/.venv/lib/python3.12/site-packages/airflow/example_dags/example_latest_only.py
[2025-07-16T19:30:56.980+0000] {processor.py:830} INFO - Processing file /mnt/c/Users/Shivam Gupta/OneDrive/Documents/Shivam_Developement/data_engineering/data_engineering_project/batch-etl-pyspark/.venv/lib/python3.12/site-packages/airflow/example_dags/example_latest_only.py for tasks to queue
[2025-07-16T19:30:56.984+0000] {logging_mixin.py:188} INFO - [2025-07-16T19:30:56.982+0000] {dagbag.py:545} INFO - Filling up the DagBag from /mnt/c/Users/Shivam Gupta/OneDrive/Documents/Shivam_Developement/data_engineering/data_engineering_project/batch-etl-pyspark/.venv/lib/python3.12/site-packages/airflow/example_dags/example_latest_only.py
[2025-07-16T19:30:57.004+0000] {processor.py:840} INFO - DAG(s) 'latest_only' retrieved from /mnt/c/Users/Shivam Gupta/OneDrive/Documents/Shivam_Developement/data_engineering/data_engineering_project/batch-etl-pyspark/.venv/lib/python3.12/site-packages/airflow/example_dags/example_latest_only.py
[2025-07-16T19:30:57.031+0000] {logging_mixin.py:188} INFO - [2025-07-16T19:30:57.030+0000] {dag.py:3096} INFO - Sync 1 DAGs
[2025-07-16T19:30:57.068+0000] {logging_mixin.py:188} INFO - [2025-07-16T19:30:57.067+0000] {dag.py:3954} INFO - Setting next_dagrun for latest_only to 2025-07-16 12:00:00+00:00, run_after=2025-07-16 16:00:00+00:00
[2025-07-16T19:30:57.128+0000] {processor.py:183} INFO - Processing /mnt/c/Users/Shivam Gupta/OneDrive/Documents/Shivam_Developement/data_engineering/data_engineering_project/batch-etl-pyspark/.venv/lib/python3.12/site-packages/airflow/example_dags/example_latest_only.py took 0.162 seconds
[2025-07-16T19:32:09.110+0000] {processor.py:161} INFO - Started process (PID=13695) to work on /mnt/c/Users/Shivam Gupta/OneDrive/Documents/Shivam_Developement/data_engineering/data_engineering_project/batch-etl-pyspark/.venv/lib/python3.12/site-packages/airflow/example_dags/example_latest_only.py
[2025-07-16T19:32:09.113+0000] {processor.py:830} INFO - Processing file /mnt/c/Users/Shivam Gupta/OneDrive/Documents/Shivam_Developement/data_engineering/data_engineering_project/batch-etl-pyspark/.venv/lib/python3.12/site-packages/airflow/example_dags/example_latest_only.py for tasks to queue
[2025-07-16T19:32:09.121+0000] {logging_mixin.py:188} INFO - [2025-07-16T19:32:09.118+0000] {dagbag.py:545} INFO - Filling up the DagBag from /mnt/c/Users/Shivam Gupta/OneDrive/Documents/Shivam_Developement/data_engineering/data_engineering_project/batch-etl-pyspark/.venv/lib/python3.12/site-packages/airflow/example_dags/example_latest_only.py
[2025-07-16T19:32:09.156+0000] {processor.py:840} INFO - DAG(s) 'latest_only' retrieved from /mnt/c/Users/Shivam Gupta/OneDrive/Documents/Shivam_Developement/data_engineering/data_engineering_project/batch-etl-pyspark/.venv/lib/python3.12/site-packages/airflow/example_dags/example_latest_only.py
[2025-07-16T19:32:09.198+0000] {logging_mixin.py:188} INFO - [2025-07-16T19:32:09.197+0000] {dag.py:3096} INFO - Sync 1 DAGs
[2025-07-16T19:32:09.241+0000] {logging_mixin.py:188} INFO - [2025-07-16T19:32:09.240+0000] {dag.py:3954} INFO - Setting next_dagrun for latest_only to 2025-07-16 12:00:00+00:00, run_after=2025-07-16 16:00:00+00:00
[2025-07-16T19:32:09.319+0000] {processor.py:183} INFO - Processing /mnt/c/Users/Shivam Gupta/OneDrive/Documents/Shivam_Developement/data_engineering/data_engineering_project/batch-etl-pyspark/.venv/lib/python3.12/site-packages/airflow/example_dags/example_latest_only.py took 0.232 seconds
[2025-07-16T19:33:13.337+0000] {processor.py:161} INFO - Started process (PID=13811) to work on /mnt/c/Users/Shivam Gupta/OneDrive/Documents/Shivam_Developement/data_engineering/data_engineering_project/batch-etl-pyspark/.venv/lib/python3.12/site-packages/airflow/example_dags/example_latest_only.py
[2025-07-16T19:33:13.338+0000] {processor.py:830} INFO - Processing file /mnt/c/Users/Shivam Gupta/OneDrive/Documents/Shivam_Developement/data_engineering/data_engineering_project/batch-etl-pyspark/.venv/lib/python3.12/site-packages/airflow/example_dags/example_latest_only.py for tasks to queue
[2025-07-16T19:33:13.340+0000] {logging_mixin.py:188} INFO - [2025-07-16T19:33:13.339+0000] {dagbag.py:545} INFO - Filling up the DagBag from /mnt/c/Users/Shivam Gupta/OneDrive/Documents/Shivam_Developement/data_engineering/data_engineering_project/batch-etl-pyspark/.venv/lib/python3.12/site-packages/airflow/example_dags/example_latest_only.py
[2025-07-16T19:33:13.353+0000] {processor.py:840} INFO - DAG(s) 'latest_only' retrieved from /mnt/c/Users/Shivam Gupta/OneDrive/Documents/Shivam_Developement/data_engineering/data_engineering_project/batch-etl-pyspark/.venv/lib/python3.12/site-packages/airflow/example_dags/example_latest_only.py
[2025-07-16T19:33:13.374+0000] {logging_mixin.py:188} INFO - [2025-07-16T19:33:13.374+0000] {dag.py:3096} INFO - Sync 1 DAGs
[2025-07-16T19:33:13.395+0000] {logging_mixin.py:188} INFO - [2025-07-16T19:33:13.394+0000] {dag.py:3954} INFO - Setting next_dagrun for latest_only to 2025-07-16 12:00:00+00:00, run_after=2025-07-16 16:00:00+00:00
[2025-07-16T19:33:13.467+0000] {processor.py:183} INFO - Processing /mnt/c/Users/Shivam Gupta/OneDrive/Documents/Shivam_Developement/data_engineering/data_engineering_project/batch-etl-pyspark/.venv/lib/python3.12/site-packages/airflow/example_dags/example_latest_only.py took 0.138 seconds
[2025-07-16T19:34:27.371+0000] {processor.py:161} INFO - Started process (PID=13949) to work on /mnt/c/Users/Shivam Gupta/OneDrive/Documents/Shivam_Developement/data_engineering/data_engineering_project/batch-etl-pyspark/.venv/lib/python3.12/site-packages/airflow/example_dags/example_latest_only.py
[2025-07-16T19:34:27.373+0000] {processor.py:830} INFO - Processing file /mnt/c/Users/Shivam Gupta/OneDrive/Documents/Shivam_Developement/data_engineering/data_engineering_project/batch-etl-pyspark/.venv/lib/python3.12/site-packages/airflow/example_dags/example_latest_only.py for tasks to queue
[2025-07-16T19:34:27.377+0000] {logging_mixin.py:188} INFO - [2025-07-16T19:34:27.375+0000] {dagbag.py:545} INFO - Filling up the DagBag from /mnt/c/Users/Shivam Gupta/OneDrive/Documents/Shivam_Developement/data_engineering/data_engineering_project/batch-etl-pyspark/.venv/lib/python3.12/site-packages/airflow/example_dags/example_latest_only.py
[2025-07-16T19:34:27.396+0000] {processor.py:840} INFO - DAG(s) 'latest_only' retrieved from /mnt/c/Users/Shivam Gupta/OneDrive/Documents/Shivam_Developement/data_engineering/data_engineering_project/batch-etl-pyspark/.venv/lib/python3.12/site-packages/airflow/example_dags/example_latest_only.py
[2025-07-16T19:34:27.428+0000] {logging_mixin.py:188} INFO - [2025-07-16T19:34:27.427+0000] {dag.py:3096} INFO - Sync 1 DAGs
[2025-07-16T19:34:27.456+0000] {logging_mixin.py:188} INFO - [2025-07-16T19:34:27.455+0000] {dag.py:3954} INFO - Setting next_dagrun for latest_only to 2025-07-16 12:00:00+00:00, run_after=2025-07-16 16:00:00+00:00
[2025-07-16T19:34:27.542+0000] {processor.py:183} INFO - Processing /mnt/c/Users/Shivam Gupta/OneDrive/Documents/Shivam_Developement/data_engineering/data_engineering_project/batch-etl-pyspark/.venv/lib/python3.12/site-packages/airflow/example_dags/example_latest_only.py took 0.182 seconds
[2025-07-16T19:35:41.791+0000] {processor.py:161} INFO - Started process (PID=14087) to work on /mnt/c/Users/Shivam Gupta/OneDrive/Documents/Shivam_Developement/data_engineering/data_engineering_project/batch-etl-pyspark/.venv/lib/python3.12/site-packages/airflow/example_dags/example_latest_only.py
[2025-07-16T19:35:41.793+0000] {processor.py:830} INFO - Processing file /mnt/c/Users/Shivam Gupta/OneDrive/Documents/Shivam_Developement/data_engineering/data_engineering_project/batch-etl-pyspark/.venv/lib/python3.12/site-packages/airflow/example_dags/example_latest_only.py for tasks to queue
[2025-07-16T19:35:41.795+0000] {logging_mixin.py:188} INFO - [2025-07-16T19:35:41.795+0000] {dagbag.py:545} INFO - Filling up the DagBag from /mnt/c/Users/Shivam Gupta/OneDrive/Documents/Shivam_Developement/data_engineering/data_engineering_project/batch-etl-pyspark/.venv/lib/python3.12/site-packages/airflow/example_dags/example_latest_only.py
[2025-07-16T19:35:41.810+0000] {processor.py:840} INFO - DAG(s) 'latest_only' retrieved from /mnt/c/Users/Shivam Gupta/OneDrive/Documents/Shivam_Developement/data_engineering/data_engineering_project/batch-etl-pyspark/.venv/lib/python3.12/site-packages/airflow/example_dags/example_latest_only.py
[2025-07-16T19:35:41.831+0000] {logging_mixin.py:188} INFO - [2025-07-16T19:35:41.830+0000] {dag.py:3096} INFO - Sync 1 DAGs
[2025-07-16T19:35:41.853+0000] {logging_mixin.py:188} INFO - [2025-07-16T19:35:41.852+0000] {dag.py:3954} INFO - Setting next_dagrun for latest_only to 2025-07-16 12:00:00+00:00, run_after=2025-07-16 16:00:00+00:00
[2025-07-16T19:35:41.908+0000] {processor.py:183} INFO - Processing /mnt/c/Users/Shivam Gupta/OneDrive/Documents/Shivam_Developement/data_engineering/data_engineering_project/batch-etl-pyspark/.venv/lib/python3.12/site-packages/airflow/example_dags/example_latest_only.py took 0.126 seconds
[2025-07-16T19:49:25.298+0000] {processor.py:161} INFO - Started process (PID=15104) to work on /mnt/c/Users/Shivam Gupta/OneDrive/Documents/Shivam_Developement/data_engineering/data_engineering_project/batch-etl-pyspark/.venv/lib/python3.12/site-packages/airflow/example_dags/example_latest_only.py
[2025-07-16T19:49:25.301+0000] {processor.py:830} INFO - Processing file /mnt/c/Users/Shivam Gupta/OneDrive/Documents/Shivam_Developement/data_engineering/data_engineering_project/batch-etl-pyspark/.venv/lib/python3.12/site-packages/airflow/example_dags/example_latest_only.py for tasks to queue
[2025-07-16T19:49:25.307+0000] {logging_mixin.py:188} INFO - [2025-07-16T19:49:25.305+0000] {dagbag.py:545} INFO - Filling up the DagBag from /mnt/c/Users/Shivam Gupta/OneDrive/Documents/Shivam_Developement/data_engineering/data_engineering_project/batch-etl-pyspark/.venv/lib/python3.12/site-packages/airflow/example_dags/example_latest_only.py
[2025-07-16T19:49:25.348+0000] {processor.py:840} INFO - DAG(s) 'latest_only' retrieved from /mnt/c/Users/Shivam Gupta/OneDrive/Documents/Shivam_Developement/data_engineering/data_engineering_project/batch-etl-pyspark/.venv/lib/python3.12/site-packages/airflow/example_dags/example_latest_only.py
[2025-07-16T19:49:25.413+0000] {logging_mixin.py:188} INFO - [2025-07-16T19:49:25.411+0000] {dag.py:3096} INFO - Sync 1 DAGs
[2025-07-16T19:49:25.459+0000] {logging_mixin.py:188} INFO - [2025-07-16T19:49:25.458+0000] {dag.py:3954} INFO - Setting next_dagrun for latest_only to 2025-07-16 12:00:00+00:00, run_after=2025-07-16 16:00:00+00:00
[2025-07-16T19:49:25.520+0000] {processor.py:183} INFO - Processing /mnt/c/Users/Shivam Gupta/OneDrive/Documents/Shivam_Developement/data_engineering/data_engineering_project/batch-etl-pyspark/.venv/lib/python3.12/site-packages/airflow/example_dags/example_latest_only.py took 0.242 seconds
[2025-07-16T19:50:52.321+0000] {processor.py:161} INFO - Started process (PID=15218) to work on /mnt/c/Users/Shivam Gupta/OneDrive/Documents/Shivam_Developement/data_engineering/data_engineering_project/batch-etl-pyspark/.venv/lib/python3.12/site-packages/airflow/example_dags/example_latest_only.py
[2025-07-16T19:50:52.324+0000] {processor.py:830} INFO - Processing file /mnt/c/Users/Shivam Gupta/OneDrive/Documents/Shivam_Developement/data_engineering/data_engineering_project/batch-etl-pyspark/.venv/lib/python3.12/site-packages/airflow/example_dags/example_latest_only.py for tasks to queue
[2025-07-16T19:50:52.328+0000] {logging_mixin.py:188} INFO - [2025-07-16T19:50:52.326+0000] {dagbag.py:545} INFO - Filling up the DagBag from /mnt/c/Users/Shivam Gupta/OneDrive/Documents/Shivam_Developement/data_engineering/data_engineering_project/batch-etl-pyspark/.venv/lib/python3.12/site-packages/airflow/example_dags/example_latest_only.py
[2025-07-16T19:50:52.353+0000] {processor.py:840} INFO - DAG(s) 'latest_only' retrieved from /mnt/c/Users/Shivam Gupta/OneDrive/Documents/Shivam_Developement/data_engineering/data_engineering_project/batch-etl-pyspark/.venv/lib/python3.12/site-packages/airflow/example_dags/example_latest_only.py
[2025-07-16T19:50:52.391+0000] {logging_mixin.py:188} INFO - [2025-07-16T19:50:52.389+0000] {dag.py:3096} INFO - Sync 1 DAGs
[2025-07-16T19:50:52.425+0000] {logging_mixin.py:188} INFO - [2025-07-16T19:50:52.423+0000] {dag.py:3954} INFO - Setting next_dagrun for latest_only to 2025-07-16 12:00:00+00:00, run_after=2025-07-16 16:00:00+00:00
[2025-07-16T19:50:52.514+0000] {processor.py:183} INFO - Processing /mnt/c/Users/Shivam Gupta/OneDrive/Documents/Shivam_Developement/data_engineering/data_engineering_project/batch-etl-pyspark/.venv/lib/python3.12/site-packages/airflow/example_dags/example_latest_only.py took 0.208 seconds
[2025-07-16T19:52:17.388+0000] {processor.py:161} INFO - Started process (PID=15315) to work on /mnt/c/Users/Shivam Gupta/OneDrive/Documents/Shivam_Developement/data_engineering/data_engineering_project/batch-etl-pyspark/.venv/lib/python3.12/site-packages/airflow/example_dags/example_latest_only.py
[2025-07-16T19:52:17.391+0000] {processor.py:830} INFO - Processing file /mnt/c/Users/Shivam Gupta/OneDrive/Documents/Shivam_Developement/data_engineering/data_engineering_project/batch-etl-pyspark/.venv/lib/python3.12/site-packages/airflow/example_dags/example_latest_only.py for tasks to queue
[2025-07-16T19:52:17.395+0000] {logging_mixin.py:188} INFO - [2025-07-16T19:52:17.393+0000] {dagbag.py:545} INFO - Filling up the DagBag from /mnt/c/Users/Shivam Gupta/OneDrive/Documents/Shivam_Developement/data_engineering/data_engineering_project/batch-etl-pyspark/.venv/lib/python3.12/site-packages/airflow/example_dags/example_latest_only.py
[2025-07-16T19:52:17.439+0000] {processor.py:840} INFO - DAG(s) 'latest_only' retrieved from /mnt/c/Users/Shivam Gupta/OneDrive/Documents/Shivam_Developement/data_engineering/data_engineering_project/batch-etl-pyspark/.venv/lib/python3.12/site-packages/airflow/example_dags/example_latest_only.py
[2025-07-16T19:52:17.479+0000] {logging_mixin.py:188} INFO - [2025-07-16T19:52:17.478+0000] {dag.py:3096} INFO - Sync 1 DAGs
[2025-07-16T19:52:17.519+0000] {logging_mixin.py:188} INFO - [2025-07-16T19:52:17.517+0000] {dag.py:3954} INFO - Setting next_dagrun for latest_only to 2025-07-16 12:00:00+00:00, run_after=2025-07-16 16:00:00+00:00
[2025-07-16T19:52:17.617+0000] {processor.py:183} INFO - Processing /mnt/c/Users/Shivam Gupta/OneDrive/Documents/Shivam_Developement/data_engineering/data_engineering_project/batch-etl-pyspark/.venv/lib/python3.12/site-packages/airflow/example_dags/example_latest_only.py took 0.246 seconds
