[2025-07-16T17:48:06.131+0000] {processor.py:161} INFO - Started process (PID=5793) to work on /mnt/c/Users/Shivam Gupta/OneDrive/Documents/Shivam_Developement/data_engineering/data_engineering_project/batch-etl-pyspark/.venv/lib/python3.12/site-packages/airflow/example_dags/example_bash_operator.py
[2025-07-16T17:48:06.133+0000] {processor.py:830} INFO - Processing file /mnt/c/Users/Shivam Gupta/OneDrive/Documents/Shivam_Developement/data_engineering/data_engineering_project/batch-etl-pyspark/.venv/lib/python3.12/site-packages/airflow/example_dags/example_bash_operator.py for tasks to queue
[2025-07-16T17:48:06.138+0000] {logging_mixin.py:188} INFO - [2025-07-16T17:48:06.136+0000] {dagbag.py:545} INFO - Filling up the DagBag from /mnt/c/Users/Shivam Gupta/OneDrive/Documents/Shivam_Developement/data_engineering/data_engineering_project/batch-etl-pyspark/.venv/lib/python3.12/site-packages/airflow/example_dags/example_bash_operator.py
[2025-07-16T17:48:06.181+0000] {processor.py:840} INFO - DAG(s) 'example_bash_operator' retrieved from /mnt/c/Users/Shivam Gupta/OneDrive/Documents/Shivam_Developement/data_engineering/data_engineering_project/batch-etl-pyspark/.venv/lib/python3.12/site-packages/airflow/example_dags/example_bash_operator.py
[2025-07-16T17:48:07.808+0000] {logging_mixin.py:188} INFO - [2025-07-16T17:48:07.805+0000] {override.py:1930} INFO - Created Permission View: can read on DAG:example_bash_operator
[2025-07-16T17:48:07.858+0000] {logging_mixin.py:188} INFO - [2025-07-16T17:48:07.857+0000] {override.py:1930} INFO - Created Permission View: can edit on DAG:example_bash_operator
[2025-07-16T17:48:07.919+0000] {logging_mixin.py:188} INFO - [2025-07-16T17:48:07.917+0000] {override.py:1930} INFO - Created Permission View: can delete on DAG:example_bash_operator
[2025-07-16T17:48:07.925+0000] {logging_mixin.py:188} INFO - [2025-07-16T17:48:07.923+0000] {dag.py:3096} INFO - Sync 1 DAGs
[2025-07-16T17:48:07.969+0000] {logging_mixin.py:188} INFO - [2025-07-16T17:48:07.966+0000] {dag.py:3118} INFO - Creating ORM DAG for example_bash_operator
[2025-07-16T17:48:07.986+0000] {logging_mixin.py:188} INFO - [2025-07-16T17:48:07.983+0000] {dag.py:3954} INFO - Setting next_dagrun for example_bash_operator to 2025-07-15 00:00:00+00:00, run_after=2025-07-16 00:00:00+00:00
[2025-07-16T17:48:08.080+0000] {processor.py:183} INFO - Processing /mnt/c/Users/Shivam Gupta/OneDrive/Documents/Shivam_Developement/data_engineering/data_engineering_project/batch-etl-pyspark/.venv/lib/python3.12/site-packages/airflow/example_dags/example_bash_operator.py took 1.966 seconds
[2025-07-16T17:49:57.427+0000] {processor.py:161} INFO - Started process (PID=5899) to work on /mnt/c/Users/Shivam Gupta/OneDrive/Documents/Shivam_Developement/data_engineering/data_engineering_project/batch-etl-pyspark/.venv/lib/python3.12/site-packages/airflow/example_dags/example_bash_operator.py
[2025-07-16T17:49:57.431+0000] {processor.py:830} INFO - Processing file /mnt/c/Users/Shivam Gupta/OneDrive/Documents/Shivam_Developement/data_engineering/data_engineering_project/batch-etl-pyspark/.venv/lib/python3.12/site-packages/airflow/example_dags/example_bash_operator.py for tasks to queue
[2025-07-16T17:49:57.435+0000] {logging_mixin.py:188} INFO - [2025-07-16T17:49:57.434+0000] {dagbag.py:545} INFO - Filling up the DagBag from /mnt/c/Users/Shivam Gupta/OneDrive/Documents/Shivam_Developement/data_engineering/data_engineering_project/batch-etl-pyspark/.venv/lib/python3.12/site-packages/airflow/example_dags/example_bash_operator.py
[2025-07-16T17:49:57.477+0000] {processor.py:840} INFO - DAG(s) 'example_bash_operator' retrieved from /mnt/c/Users/Shivam Gupta/OneDrive/Documents/Shivam_Developement/data_engineering/data_engineering_project/batch-etl-pyspark/.venv/lib/python3.12/site-packages/airflow/example_dags/example_bash_operator.py
[2025-07-16T17:49:57.517+0000] {logging_mixin.py:188} INFO - [2025-07-16T17:49:57.516+0000] {dag.py:3096} INFO - Sync 1 DAGs
[2025-07-16T17:49:57.543+0000] {logging_mixin.py:188} INFO - [2025-07-16T17:49:57.542+0000] {dag.py:3954} INFO - Setting next_dagrun for example_bash_operator to 2025-07-15 00:00:00+00:00, run_after=2025-07-16 00:00:00+00:00
[2025-07-16T17:49:57.615+0000] {processor.py:183} INFO - Processing /mnt/c/Users/Shivam Gupta/OneDrive/Documents/Shivam_Developement/data_engineering/data_engineering_project/batch-etl-pyspark/.venv/lib/python3.12/site-packages/airflow/example_dags/example_bash_operator.py took 0.204 seconds
[2025-07-16T17:51:27.893+0000] {processor.py:161} INFO - Started process (PID=5989) to work on /mnt/c/Users/Shivam Gupta/OneDrive/Documents/Shivam_Developement/data_engineering/data_engineering_project/batch-etl-pyspark/.venv/lib/python3.12/site-packages/airflow/example_dags/example_bash_operator.py
[2025-07-16T17:51:27.895+0000] {processor.py:830} INFO - Processing file /mnt/c/Users/Shivam Gupta/OneDrive/Documents/Shivam_Developement/data_engineering/data_engineering_project/batch-etl-pyspark/.venv/lib/python3.12/site-packages/airflow/example_dags/example_bash_operator.py for tasks to queue
[2025-07-16T17:51:27.897+0000] {logging_mixin.py:188} INFO - [2025-07-16T17:51:27.897+0000] {dagbag.py:545} INFO - Filling up the DagBag from /mnt/c/Users/Shivam Gupta/OneDrive/Documents/Shivam_Developement/data_engineering/data_engineering_project/batch-etl-pyspark/.venv/lib/python3.12/site-packages/airflow/example_dags/example_bash_operator.py
[2025-07-16T17:51:27.919+0000] {processor.py:840} INFO - DAG(s) 'example_bash_operator' retrieved from /mnt/c/Users/Shivam Gupta/OneDrive/Documents/Shivam_Developement/data_engineering/data_engineering_project/batch-etl-pyspark/.venv/lib/python3.12/site-packages/airflow/example_dags/example_bash_operator.py
[2025-07-16T17:51:27.943+0000] {logging_mixin.py:188} INFO - [2025-07-16T17:51:27.943+0000] {dag.py:3096} INFO - Sync 1 DAGs
[2025-07-16T17:51:27.962+0000] {logging_mixin.py:188} INFO - [2025-07-16T17:51:27.961+0000] {dag.py:3954} INFO - Setting next_dagrun for example_bash_operator to 2025-07-15 00:00:00+00:00, run_after=2025-07-16 00:00:00+00:00
[2025-07-16T17:51:28.010+0000] {processor.py:183} INFO - Processing /mnt/c/Users/Shivam Gupta/OneDrive/Documents/Shivam_Developement/data_engineering/data_engineering_project/batch-etl-pyspark/.venv/lib/python3.12/site-packages/airflow/example_dags/example_bash_operator.py took 0.126 seconds
[2025-07-16T17:52:36.270+0000] {processor.py:161} INFO - Started process (PID=6058) to work on /mnt/c/Users/Shivam Gupta/OneDrive/Documents/Shivam_Developement/data_engineering/data_engineering_project/batch-etl-pyspark/.venv/lib/python3.12/site-packages/airflow/example_dags/example_bash_operator.py
[2025-07-16T17:52:36.272+0000] {processor.py:830} INFO - Processing file /mnt/c/Users/Shivam Gupta/OneDrive/Documents/Shivam_Developement/data_engineering/data_engineering_project/batch-etl-pyspark/.venv/lib/python3.12/site-packages/airflow/example_dags/example_bash_operator.py for tasks to queue
[2025-07-16T17:52:36.274+0000] {logging_mixin.py:188} INFO - [2025-07-16T17:52:36.274+0000] {dagbag.py:545} INFO - Filling up the DagBag from /mnt/c/Users/Shivam Gupta/OneDrive/Documents/Shivam_Developement/data_engineering/data_engineering_project/batch-etl-pyspark/.venv/lib/python3.12/site-packages/airflow/example_dags/example_bash_operator.py
[2025-07-16T17:52:36.301+0000] {processor.py:840} INFO - DAG(s) 'example_bash_operator' retrieved from /mnt/c/Users/Shivam Gupta/OneDrive/Documents/Shivam_Developement/data_engineering/data_engineering_project/batch-etl-pyspark/.venv/lib/python3.12/site-packages/airflow/example_dags/example_bash_operator.py
[2025-07-16T17:52:36.331+0000] {logging_mixin.py:188} INFO - [2025-07-16T17:52:36.330+0000] {dag.py:3096} INFO - Sync 1 DAGs
[2025-07-16T17:52:36.353+0000] {logging_mixin.py:188} INFO - [2025-07-16T17:52:36.352+0000] {dag.py:3954} INFO - Setting next_dagrun for example_bash_operator to 2025-07-15 00:00:00+00:00, run_after=2025-07-16 00:00:00+00:00
[2025-07-16T17:52:36.421+0000] {processor.py:183} INFO - Processing /mnt/c/Users/Shivam Gupta/OneDrive/Documents/Shivam_Developement/data_engineering/data_engineering_project/batch-etl-pyspark/.venv/lib/python3.12/site-packages/airflow/example_dags/example_bash_operator.py took 0.160 seconds
[2025-07-16T17:54:05.884+0000] {processor.py:161} INFO - Started process (PID=6145) to work on /mnt/c/Users/Shivam Gupta/OneDrive/Documents/Shivam_Developement/data_engineering/data_engineering_project/batch-etl-pyspark/.venv/lib/python3.12/site-packages/airflow/example_dags/example_bash_operator.py
[2025-07-16T17:54:05.886+0000] {processor.py:830} INFO - Processing file /mnt/c/Users/Shivam Gupta/OneDrive/Documents/Shivam_Developement/data_engineering/data_engineering_project/batch-etl-pyspark/.venv/lib/python3.12/site-packages/airflow/example_dags/example_bash_operator.py for tasks to queue
[2025-07-16T17:54:05.888+0000] {logging_mixin.py:188} INFO - [2025-07-16T17:54:05.887+0000] {dagbag.py:545} INFO - Filling up the DagBag from /mnt/c/Users/Shivam Gupta/OneDrive/Documents/Shivam_Developement/data_engineering/data_engineering_project/batch-etl-pyspark/.venv/lib/python3.12/site-packages/airflow/example_dags/example_bash_operator.py
[2025-07-16T17:54:05.906+0000] {processor.py:840} INFO - DAG(s) 'example_bash_operator' retrieved from /mnt/c/Users/Shivam Gupta/OneDrive/Documents/Shivam_Developement/data_engineering/data_engineering_project/batch-etl-pyspark/.venv/lib/python3.12/site-packages/airflow/example_dags/example_bash_operator.py
[2025-07-16T17:54:05.932+0000] {logging_mixin.py:188} INFO - [2025-07-16T17:54:05.931+0000] {dag.py:3096} INFO - Sync 1 DAGs
[2025-07-16T17:54:05.952+0000] {logging_mixin.py:188} INFO - [2025-07-16T17:54:05.951+0000] {dag.py:3954} INFO - Setting next_dagrun for example_bash_operator to 2025-07-15 00:00:00+00:00, run_after=2025-07-16 00:00:00+00:00
[2025-07-16T17:54:06.004+0000] {processor.py:183} INFO - Processing /mnt/c/Users/Shivam Gupta/OneDrive/Documents/Shivam_Developement/data_engineering/data_engineering_project/batch-etl-pyspark/.venv/lib/python3.12/site-packages/airflow/example_dags/example_bash_operator.py took 0.129 seconds
[2025-07-16T17:55:36.541+0000] {processor.py:161} INFO - Started process (PID=6234) to work on /mnt/c/Users/Shivam Gupta/OneDrive/Documents/Shivam_Developement/data_engineering/data_engineering_project/batch-etl-pyspark/.venv/lib/python3.12/site-packages/airflow/example_dags/example_bash_operator.py
[2025-07-16T17:55:36.543+0000] {processor.py:830} INFO - Processing file /mnt/c/Users/Shivam Gupta/OneDrive/Documents/Shivam_Developement/data_engineering/data_engineering_project/batch-etl-pyspark/.venv/lib/python3.12/site-packages/airflow/example_dags/example_bash_operator.py for tasks to queue
[2025-07-16T17:55:36.546+0000] {logging_mixin.py:188} INFO - [2025-07-16T17:55:36.545+0000] {dagbag.py:545} INFO - Filling up the DagBag from /mnt/c/Users/Shivam Gupta/OneDrive/Documents/Shivam_Developement/data_engineering/data_engineering_project/batch-etl-pyspark/.venv/lib/python3.12/site-packages/airflow/example_dags/example_bash_operator.py
[2025-07-16T17:55:36.574+0000] {processor.py:840} INFO - DAG(s) 'example_bash_operator' retrieved from /mnt/c/Users/Shivam Gupta/OneDrive/Documents/Shivam_Developement/data_engineering/data_engineering_project/batch-etl-pyspark/.venv/lib/python3.12/site-packages/airflow/example_dags/example_bash_operator.py
[2025-07-16T17:55:36.613+0000] {logging_mixin.py:188} INFO - [2025-07-16T17:55:36.611+0000] {dag.py:3096} INFO - Sync 1 DAGs
[2025-07-16T17:55:36.654+0000] {logging_mixin.py:188} INFO - [2025-07-16T17:55:36.651+0000] {dag.py:3954} INFO - Setting next_dagrun for example_bash_operator to 2025-07-15 00:00:00+00:00, run_after=2025-07-16 00:00:00+00:00
[2025-07-16T17:55:36.729+0000] {processor.py:183} INFO - Processing /mnt/c/Users/Shivam Gupta/OneDrive/Documents/Shivam_Developement/data_engineering/data_engineering_project/batch-etl-pyspark/.venv/lib/python3.12/site-packages/airflow/example_dags/example_bash_operator.py took 0.198 seconds
[2025-07-16T18:03:09.797+0000] {processor.py:161} INFO - Started process (PID=6764) to work on /mnt/c/Users/Shivam Gupta/OneDrive/Documents/Shivam_Developement/data_engineering/data_engineering_project/batch-etl-pyspark/.venv/lib/python3.12/site-packages/airflow/example_dags/example_bash_operator.py
[2025-07-16T18:03:09.801+0000] {processor.py:830} INFO - Processing file /mnt/c/Users/Shivam Gupta/OneDrive/Documents/Shivam_Developement/data_engineering/data_engineering_project/batch-etl-pyspark/.venv/lib/python3.12/site-packages/airflow/example_dags/example_bash_operator.py for tasks to queue
[2025-07-16T18:03:09.806+0000] {logging_mixin.py:188} INFO - [2025-07-16T18:03:09.804+0000] {dagbag.py:545} INFO - Filling up the DagBag from /mnt/c/Users/Shivam Gupta/OneDrive/Documents/Shivam_Developement/data_engineering/data_engineering_project/batch-etl-pyspark/.venv/lib/python3.12/site-packages/airflow/example_dags/example_bash_operator.py
[2025-07-16T18:03:09.847+0000] {processor.py:840} INFO - DAG(s) 'example_bash_operator' retrieved from /mnt/c/Users/Shivam Gupta/OneDrive/Documents/Shivam_Developement/data_engineering/data_engineering_project/batch-etl-pyspark/.venv/lib/python3.12/site-packages/airflow/example_dags/example_bash_operator.py
[2025-07-16T18:03:09.900+0000] {logging_mixin.py:188} INFO - [2025-07-16T18:03:09.897+0000] {dag.py:3096} INFO - Sync 1 DAGs
[2025-07-16T18:03:09.934+0000] {logging_mixin.py:188} INFO - [2025-07-16T18:03:09.932+0000] {dag.py:3954} INFO - Setting next_dagrun for example_bash_operator to 2025-07-15 00:00:00+00:00, run_after=2025-07-16 00:00:00+00:00
[2025-07-16T18:03:10.036+0000] {processor.py:183} INFO - Processing /mnt/c/Users/Shivam Gupta/OneDrive/Documents/Shivam_Developement/data_engineering/data_engineering_project/batch-etl-pyspark/.venv/lib/python3.12/site-packages/airflow/example_dags/example_bash_operator.py took 0.253 seconds
[2025-07-16T18:38:57.654+0000] {processor.py:161} INFO - Started process (PID=8711) to work on /mnt/c/Users/Shivam Gupta/OneDrive/Documents/Shivam_Developement/data_engineering/data_engineering_project/batch-etl-pyspark/.venv/lib/python3.12/site-packages/airflow/example_dags/example_bash_operator.py
[2025-07-16T18:38:57.656+0000] {processor.py:830} INFO - Processing file /mnt/c/Users/Shivam Gupta/OneDrive/Documents/Shivam_Developement/data_engineering/data_engineering_project/batch-etl-pyspark/.venv/lib/python3.12/site-packages/airflow/example_dags/example_bash_operator.py for tasks to queue
[2025-07-16T18:38:57.658+0000] {logging_mixin.py:188} INFO - [2025-07-16T18:38:57.657+0000] {dagbag.py:545} INFO - Filling up the DagBag from /mnt/c/Users/Shivam Gupta/OneDrive/Documents/Shivam_Developement/data_engineering/data_engineering_project/batch-etl-pyspark/.venv/lib/python3.12/site-packages/airflow/example_dags/example_bash_operator.py
[2025-07-16T18:38:57.684+0000] {processor.py:840} INFO - DAG(s) 'example_bash_operator' retrieved from /mnt/c/Users/Shivam Gupta/OneDrive/Documents/Shivam_Developement/data_engineering/data_engineering_project/batch-etl-pyspark/.venv/lib/python3.12/site-packages/airflow/example_dags/example_bash_operator.py
[2025-07-16T18:38:57.718+0000] {logging_mixin.py:188} INFO - [2025-07-16T18:38:57.716+0000] {dag.py:3096} INFO - Sync 1 DAGs
[2025-07-16T18:38:57.741+0000] {logging_mixin.py:188} INFO - [2025-07-16T18:38:57.740+0000] {dag.py:3954} INFO - Setting next_dagrun for example_bash_operator to 2025-07-15 00:00:00+00:00, run_after=2025-07-16 00:00:00+00:00
[2025-07-16T18:38:57.817+0000] {processor.py:183} INFO - Processing /mnt/c/Users/Shivam Gupta/OneDrive/Documents/Shivam_Developement/data_engineering/data_engineering_project/batch-etl-pyspark/.venv/lib/python3.12/site-packages/airflow/example_dags/example_bash_operator.py took 0.173 seconds
[2025-07-16T18:53:05.440+0000] {processor.py:161} INFO - Started process (PID=9411) to work on /mnt/c/Users/Shivam Gupta/OneDrive/Documents/Shivam_Developement/data_engineering/data_engineering_project/batch-etl-pyspark/.venv/lib/python3.12/site-packages/airflow/example_dags/example_bash_operator.py
[2025-07-16T18:53:05.443+0000] {processor.py:830} INFO - Processing file /mnt/c/Users/Shivam Gupta/OneDrive/Documents/Shivam_Developement/data_engineering/data_engineering_project/batch-etl-pyspark/.venv/lib/python3.12/site-packages/airflow/example_dags/example_bash_operator.py for tasks to queue
[2025-07-16T18:53:05.445+0000] {logging_mixin.py:188} INFO - [2025-07-16T18:53:05.444+0000] {dagbag.py:545} INFO - Filling up the DagBag from /mnt/c/Users/Shivam Gupta/OneDrive/Documents/Shivam_Developement/data_engineering/data_engineering_project/batch-etl-pyspark/.venv/lib/python3.12/site-packages/airflow/example_dags/example_bash_operator.py
[2025-07-16T18:53:05.479+0000] {processor.py:840} INFO - DAG(s) 'example_bash_operator' retrieved from /mnt/c/Users/Shivam Gupta/OneDrive/Documents/Shivam_Developement/data_engineering/data_engineering_project/batch-etl-pyspark/.venv/lib/python3.12/site-packages/airflow/example_dags/example_bash_operator.py
[2025-07-16T18:53:05.543+0000] {logging_mixin.py:188} INFO - [2025-07-16T18:53:05.538+0000] {dag.py:3096} INFO - Sync 1 DAGs
[2025-07-16T18:53:05.600+0000] {logging_mixin.py:188} INFO - [2025-07-16T18:53:05.598+0000] {dag.py:3954} INFO - Setting next_dagrun for example_bash_operator to 2025-07-15 00:00:00+00:00, run_after=2025-07-16 00:00:00+00:00
[2025-07-16T18:53:06.119+0000] {processor.py:183} INFO - Processing /mnt/c/Users/Shivam Gupta/OneDrive/Documents/Shivam_Developement/data_engineering/data_engineering_project/batch-etl-pyspark/.venv/lib/python3.12/site-packages/airflow/example_dags/example_bash_operator.py took 0.695 seconds
[2025-07-16T18:54:31.758+0000] {processor.py:161} INFO - Started process (PID=9531) to work on /mnt/c/Users/Shivam Gupta/OneDrive/Documents/Shivam_Developement/data_engineering/data_engineering_project/batch-etl-pyspark/.venv/lib/python3.12/site-packages/airflow/example_dags/example_bash_operator.py
[2025-07-16T18:54:31.760+0000] {processor.py:830} INFO - Processing file /mnt/c/Users/Shivam Gupta/OneDrive/Documents/Shivam_Developement/data_engineering/data_engineering_project/batch-etl-pyspark/.venv/lib/python3.12/site-packages/airflow/example_dags/example_bash_operator.py for tasks to queue
[2025-07-16T18:54:31.763+0000] {logging_mixin.py:188} INFO - [2025-07-16T18:54:31.762+0000] {dagbag.py:545} INFO - Filling up the DagBag from /mnt/c/Users/Shivam Gupta/OneDrive/Documents/Shivam_Developement/data_engineering/data_engineering_project/batch-etl-pyspark/.venv/lib/python3.12/site-packages/airflow/example_dags/example_bash_operator.py
[2025-07-16T18:54:31.788+0000] {processor.py:840} INFO - DAG(s) 'example_bash_operator' retrieved from /mnt/c/Users/Shivam Gupta/OneDrive/Documents/Shivam_Developement/data_engineering/data_engineering_project/batch-etl-pyspark/.venv/lib/python3.12/site-packages/airflow/example_dags/example_bash_operator.py
[2025-07-16T18:54:31.819+0000] {logging_mixin.py:188} INFO - [2025-07-16T18:54:31.818+0000] {dag.py:3096} INFO - Sync 1 DAGs
[2025-07-16T18:54:31.841+0000] {logging_mixin.py:188} INFO - [2025-07-16T18:54:31.840+0000] {dag.py:3954} INFO - Setting next_dagrun for example_bash_operator to 2025-07-15 00:00:00+00:00, run_after=2025-07-16 00:00:00+00:00
[2025-07-16T18:54:31.913+0000] {processor.py:183} INFO - Processing /mnt/c/Users/Shivam Gupta/OneDrive/Documents/Shivam_Developement/data_engineering/data_engineering_project/batch-etl-pyspark/.venv/lib/python3.12/site-packages/airflow/example_dags/example_bash_operator.py took 0.164 seconds
[2025-07-16T18:55:53.202+0000] {processor.py:161} INFO - Started process (PID=9771) to work on /mnt/c/Users/Shivam Gupta/OneDrive/Documents/Shivam_Developement/data_engineering/data_engineering_project/batch-etl-pyspark/.venv/lib/python3.12/site-packages/airflow/example_dags/example_bash_operator.py
[2025-07-16T18:55:53.204+0000] {processor.py:830} INFO - Processing file /mnt/c/Users/Shivam Gupta/OneDrive/Documents/Shivam_Developement/data_engineering/data_engineering_project/batch-etl-pyspark/.venv/lib/python3.12/site-packages/airflow/example_dags/example_bash_operator.py for tasks to queue
[2025-07-16T18:55:53.207+0000] {logging_mixin.py:188} INFO - [2025-07-16T18:55:53.206+0000] {dagbag.py:545} INFO - Filling up the DagBag from /mnt/c/Users/Shivam Gupta/OneDrive/Documents/Shivam_Developement/data_engineering/data_engineering_project/batch-etl-pyspark/.venv/lib/python3.12/site-packages/airflow/example_dags/example_bash_operator.py
[2025-07-16T18:55:53.233+0000] {processor.py:840} INFO - DAG(s) 'example_bash_operator' retrieved from /mnt/c/Users/Shivam Gupta/OneDrive/Documents/Shivam_Developement/data_engineering/data_engineering_project/batch-etl-pyspark/.venv/lib/python3.12/site-packages/airflow/example_dags/example_bash_operator.py
[2025-07-16T18:55:53.262+0000] {logging_mixin.py:188} INFO - [2025-07-16T18:55:53.261+0000] {dag.py:3096} INFO - Sync 1 DAGs
[2025-07-16T18:55:53.282+0000] {logging_mixin.py:188} INFO - [2025-07-16T18:55:53.281+0000] {dag.py:3954} INFO - Setting next_dagrun for example_bash_operator to 2025-07-15 00:00:00+00:00, run_after=2025-07-16 00:00:00+00:00
[2025-07-16T18:55:53.330+0000] {processor.py:183} INFO - Processing /mnt/c/Users/Shivam Gupta/OneDrive/Documents/Shivam_Developement/data_engineering/data_engineering_project/batch-etl-pyspark/.venv/lib/python3.12/site-packages/airflow/example_dags/example_bash_operator.py took 0.137 seconds
[2025-07-16T18:57:08.077+0000] {processor.py:161} INFO - Started process (PID=9921) to work on /mnt/c/Users/Shivam Gupta/OneDrive/Documents/Shivam_Developement/data_engineering/data_engineering_project/batch-etl-pyspark/.venv/lib/python3.12/site-packages/airflow/example_dags/example_bash_operator.py
[2025-07-16T18:57:08.079+0000] {processor.py:830} INFO - Processing file /mnt/c/Users/Shivam Gupta/OneDrive/Documents/Shivam_Developement/data_engineering/data_engineering_project/batch-etl-pyspark/.venv/lib/python3.12/site-packages/airflow/example_dags/example_bash_operator.py for tasks to queue
[2025-07-16T18:57:08.083+0000] {logging_mixin.py:188} INFO - [2025-07-16T18:57:08.081+0000] {dagbag.py:545} INFO - Filling up the DagBag from /mnt/c/Users/Shivam Gupta/OneDrive/Documents/Shivam_Developement/data_engineering/data_engineering_project/batch-etl-pyspark/.venv/lib/python3.12/site-packages/airflow/example_dags/example_bash_operator.py
[2025-07-16T18:57:08.107+0000] {processor.py:840} INFO - DAG(s) 'example_bash_operator' retrieved from /mnt/c/Users/Shivam Gupta/OneDrive/Documents/Shivam_Developement/data_engineering/data_engineering_project/batch-etl-pyspark/.venv/lib/python3.12/site-packages/airflow/example_dags/example_bash_operator.py
[2025-07-16T18:57:08.136+0000] {logging_mixin.py:188} INFO - [2025-07-16T18:57:08.135+0000] {dag.py:3096} INFO - Sync 1 DAGs
[2025-07-16T18:57:08.156+0000] {logging_mixin.py:188} INFO - [2025-07-16T18:57:08.155+0000] {dag.py:3954} INFO - Setting next_dagrun for example_bash_operator to 2025-07-15 00:00:00+00:00, run_after=2025-07-16 00:00:00+00:00
[2025-07-16T18:57:08.235+0000] {processor.py:183} INFO - Processing /mnt/c/Users/Shivam Gupta/OneDrive/Documents/Shivam_Developement/data_engineering/data_engineering_project/batch-etl-pyspark/.venv/lib/python3.12/site-packages/airflow/example_dags/example_bash_operator.py took 0.168 seconds
[2025-07-16T18:58:30.191+0000] {processor.py:161} INFO - Started process (PID=10073) to work on /mnt/c/Users/Shivam Gupta/OneDrive/Documents/Shivam_Developement/data_engineering/data_engineering_project/batch-etl-pyspark/.venv/lib/python3.12/site-packages/airflow/example_dags/example_bash_operator.py
[2025-07-16T18:58:30.193+0000] {processor.py:830} INFO - Processing file /mnt/c/Users/Shivam Gupta/OneDrive/Documents/Shivam_Developement/data_engineering/data_engineering_project/batch-etl-pyspark/.venv/lib/python3.12/site-packages/airflow/example_dags/example_bash_operator.py for tasks to queue
[2025-07-16T18:58:30.196+0000] {logging_mixin.py:188} INFO - [2025-07-16T18:58:30.195+0000] {dagbag.py:545} INFO - Filling up the DagBag from /mnt/c/Users/Shivam Gupta/OneDrive/Documents/Shivam_Developement/data_engineering/data_engineering_project/batch-etl-pyspark/.venv/lib/python3.12/site-packages/airflow/example_dags/example_bash_operator.py
[2025-07-16T18:58:30.228+0000] {processor.py:840} INFO - DAG(s) 'example_bash_operator' retrieved from /mnt/c/Users/Shivam Gupta/OneDrive/Documents/Shivam_Developement/data_engineering/data_engineering_project/batch-etl-pyspark/.venv/lib/python3.12/site-packages/airflow/example_dags/example_bash_operator.py
[2025-07-16T18:58:30.263+0000] {logging_mixin.py:188} INFO - [2025-07-16T18:58:30.262+0000] {dag.py:3096} INFO - Sync 1 DAGs
[2025-07-16T18:58:30.286+0000] {logging_mixin.py:188} INFO - [2025-07-16T18:58:30.285+0000] {dag.py:3954} INFO - Setting next_dagrun for example_bash_operator to 2025-07-15 00:00:00+00:00, run_after=2025-07-16 00:00:00+00:00
[2025-07-16T18:58:30.352+0000] {processor.py:183} INFO - Processing /mnt/c/Users/Shivam Gupta/OneDrive/Documents/Shivam_Developement/data_engineering/data_engineering_project/batch-etl-pyspark/.venv/lib/python3.12/site-packages/airflow/example_dags/example_bash_operator.py took 0.173 seconds
[2025-07-16T18:59:55.530+0000] {processor.py:161} INFO - Started process (PID=10248) to work on /mnt/c/Users/Shivam Gupta/OneDrive/Documents/Shivam_Developement/data_engineering/data_engineering_project/batch-etl-pyspark/.venv/lib/python3.12/site-packages/airflow/example_dags/example_bash_operator.py
[2025-07-16T18:59:55.531+0000] {processor.py:830} INFO - Processing file /mnt/c/Users/Shivam Gupta/OneDrive/Documents/Shivam_Developement/data_engineering/data_engineering_project/batch-etl-pyspark/.venv/lib/python3.12/site-packages/airflow/example_dags/example_bash_operator.py for tasks to queue
[2025-07-16T18:59:55.534+0000] {logging_mixin.py:188} INFO - [2025-07-16T18:59:55.533+0000] {dagbag.py:545} INFO - Filling up the DagBag from /mnt/c/Users/Shivam Gupta/OneDrive/Documents/Shivam_Developement/data_engineering/data_engineering_project/batch-etl-pyspark/.venv/lib/python3.12/site-packages/airflow/example_dags/example_bash_operator.py
[2025-07-16T18:59:55.570+0000] {processor.py:840} INFO - DAG(s) 'example_bash_operator' retrieved from /mnt/c/Users/Shivam Gupta/OneDrive/Documents/Shivam_Developement/data_engineering/data_engineering_project/batch-etl-pyspark/.venv/lib/python3.12/site-packages/airflow/example_dags/example_bash_operator.py
[2025-07-16T18:59:55.611+0000] {logging_mixin.py:188} INFO - [2025-07-16T18:59:55.609+0000] {dag.py:3096} INFO - Sync 1 DAGs
[2025-07-16T18:59:55.639+0000] {logging_mixin.py:188} INFO - [2025-07-16T18:59:55.638+0000] {dag.py:3954} INFO - Setting next_dagrun for example_bash_operator to 2025-07-15 00:00:00+00:00, run_after=2025-07-16 00:00:00+00:00
[2025-07-16T18:59:55.699+0000] {processor.py:183} INFO - Processing /mnt/c/Users/Shivam Gupta/OneDrive/Documents/Shivam_Developement/data_engineering/data_engineering_project/batch-etl-pyspark/.venv/lib/python3.12/site-packages/airflow/example_dags/example_bash_operator.py took 0.178 seconds
[2025-07-16T19:01:23.335+0000] {processor.py:161} INFO - Started process (PID=10443) to work on /mnt/c/Users/Shivam Gupta/OneDrive/Documents/Shivam_Developement/data_engineering/data_engineering_project/batch-etl-pyspark/.venv/lib/python3.12/site-packages/airflow/example_dags/example_bash_operator.py
[2025-07-16T19:01:23.338+0000] {processor.py:830} INFO - Processing file /mnt/c/Users/Shivam Gupta/OneDrive/Documents/Shivam_Developement/data_engineering/data_engineering_project/batch-etl-pyspark/.venv/lib/python3.12/site-packages/airflow/example_dags/example_bash_operator.py for tasks to queue
[2025-07-16T19:01:23.342+0000] {logging_mixin.py:188} INFO - [2025-07-16T19:01:23.340+0000] {dagbag.py:545} INFO - Filling up the DagBag from /mnt/c/Users/Shivam Gupta/OneDrive/Documents/Shivam_Developement/data_engineering/data_engineering_project/batch-etl-pyspark/.venv/lib/python3.12/site-packages/airflow/example_dags/example_bash_operator.py
[2025-07-16T19:01:23.405+0000] {processor.py:840} INFO - DAG(s) 'example_bash_operator' retrieved from /mnt/c/Users/Shivam Gupta/OneDrive/Documents/Shivam_Developement/data_engineering/data_engineering_project/batch-etl-pyspark/.venv/lib/python3.12/site-packages/airflow/example_dags/example_bash_operator.py
[2025-07-16T19:01:23.475+0000] {logging_mixin.py:188} INFO - [2025-07-16T19:01:23.472+0000] {dag.py:3096} INFO - Sync 1 DAGs
[2025-07-16T19:01:23.513+0000] {logging_mixin.py:188} INFO - [2025-07-16T19:01:23.511+0000] {dag.py:3954} INFO - Setting next_dagrun for example_bash_operator to 2025-07-15 00:00:00+00:00, run_after=2025-07-16 00:00:00+00:00
[2025-07-16T19:01:23.642+0000] {processor.py:183} INFO - Processing /mnt/c/Users/Shivam Gupta/OneDrive/Documents/Shivam_Developement/data_engineering/data_engineering_project/batch-etl-pyspark/.venv/lib/python3.12/site-packages/airflow/example_dags/example_bash_operator.py took 0.321 seconds
[2025-07-16T19:02:56.667+0000] {processor.py:161} INFO - Started process (PID=10638) to work on /mnt/c/Users/Shivam Gupta/OneDrive/Documents/Shivam_Developement/data_engineering/data_engineering_project/batch-etl-pyspark/.venv/lib/python3.12/site-packages/airflow/example_dags/example_bash_operator.py
[2025-07-16T19:02:56.671+0000] {processor.py:830} INFO - Processing file /mnt/c/Users/Shivam Gupta/OneDrive/Documents/Shivam_Developement/data_engineering/data_engineering_project/batch-etl-pyspark/.venv/lib/python3.12/site-packages/airflow/example_dags/example_bash_operator.py for tasks to queue
[2025-07-16T19:02:56.676+0000] {logging_mixin.py:188} INFO - [2025-07-16T19:02:56.674+0000] {dagbag.py:545} INFO - Filling up the DagBag from /mnt/c/Users/Shivam Gupta/OneDrive/Documents/Shivam_Developement/data_engineering/data_engineering_project/batch-etl-pyspark/.venv/lib/python3.12/site-packages/airflow/example_dags/example_bash_operator.py
[2025-07-16T19:02:56.720+0000] {processor.py:840} INFO - DAG(s) 'example_bash_operator' retrieved from /mnt/c/Users/Shivam Gupta/OneDrive/Documents/Shivam_Developement/data_engineering/data_engineering_project/batch-etl-pyspark/.venv/lib/python3.12/site-packages/airflow/example_dags/example_bash_operator.py
[2025-07-16T19:02:56.765+0000] {logging_mixin.py:188} INFO - [2025-07-16T19:02:56.764+0000] {dag.py:3096} INFO - Sync 1 DAGs
[2025-07-16T19:02:56.797+0000] {logging_mixin.py:188} INFO - [2025-07-16T19:02:56.796+0000] {dag.py:3954} INFO - Setting next_dagrun for example_bash_operator to 2025-07-15 00:00:00+00:00, run_after=2025-07-16 00:00:00+00:00
[2025-07-16T19:02:56.909+0000] {processor.py:183} INFO - Processing /mnt/c/Users/Shivam Gupta/OneDrive/Documents/Shivam_Developement/data_engineering/data_engineering_project/batch-etl-pyspark/.venv/lib/python3.12/site-packages/airflow/example_dags/example_bash_operator.py took 0.261 seconds
[2025-07-16T19:04:27.518+0000] {processor.py:161} INFO - Started process (PID=10797) to work on /mnt/c/Users/Shivam Gupta/OneDrive/Documents/Shivam_Developement/data_engineering/data_engineering_project/batch-etl-pyspark/.venv/lib/python3.12/site-packages/airflow/example_dags/example_bash_operator.py
[2025-07-16T19:04:27.522+0000] {processor.py:830} INFO - Processing file /mnt/c/Users/Shivam Gupta/OneDrive/Documents/Shivam_Developement/data_engineering/data_engineering_project/batch-etl-pyspark/.venv/lib/python3.12/site-packages/airflow/example_dags/example_bash_operator.py for tasks to queue
[2025-07-16T19:04:27.531+0000] {logging_mixin.py:188} INFO - [2025-07-16T19:04:27.528+0000] {dagbag.py:545} INFO - Filling up the DagBag from /mnt/c/Users/Shivam Gupta/OneDrive/Documents/Shivam_Developement/data_engineering/data_engineering_project/batch-etl-pyspark/.venv/lib/python3.12/site-packages/airflow/example_dags/example_bash_operator.py
[2025-07-16T19:04:27.590+0000] {processor.py:840} INFO - DAG(s) 'example_bash_operator' retrieved from /mnt/c/Users/Shivam Gupta/OneDrive/Documents/Shivam_Developement/data_engineering/data_engineering_project/batch-etl-pyspark/.venv/lib/python3.12/site-packages/airflow/example_dags/example_bash_operator.py
[2025-07-16T19:04:27.647+0000] {logging_mixin.py:188} INFO - [2025-07-16T19:04:27.646+0000] {dag.py:3096} INFO - Sync 1 DAGs
[2025-07-16T19:04:27.690+0000] {logging_mixin.py:188} INFO - [2025-07-16T19:04:27.687+0000] {dag.py:3954} INFO - Setting next_dagrun for example_bash_operator to 2025-07-15 00:00:00+00:00, run_after=2025-07-16 00:00:00+00:00
[2025-07-16T19:04:27.799+0000] {processor.py:183} INFO - Processing /mnt/c/Users/Shivam Gupta/OneDrive/Documents/Shivam_Developement/data_engineering/data_engineering_project/batch-etl-pyspark/.venv/lib/python3.12/site-packages/airflow/example_dags/example_bash_operator.py took 0.313 seconds
[2025-07-16T19:05:51.330+0000] {processor.py:161} INFO - Started process (PID=10955) to work on /mnt/c/Users/Shivam Gupta/OneDrive/Documents/Shivam_Developement/data_engineering/data_engineering_project/batch-etl-pyspark/.venv/lib/python3.12/site-packages/airflow/example_dags/example_bash_operator.py
[2025-07-16T19:05:51.333+0000] {processor.py:830} INFO - Processing file /mnt/c/Users/Shivam Gupta/OneDrive/Documents/Shivam_Developement/data_engineering/data_engineering_project/batch-etl-pyspark/.venv/lib/python3.12/site-packages/airflow/example_dags/example_bash_operator.py for tasks to queue
[2025-07-16T19:05:51.338+0000] {logging_mixin.py:188} INFO - [2025-07-16T19:05:51.336+0000] {dagbag.py:545} INFO - Filling up the DagBag from /mnt/c/Users/Shivam Gupta/OneDrive/Documents/Shivam_Developement/data_engineering/data_engineering_project/batch-etl-pyspark/.venv/lib/python3.12/site-packages/airflow/example_dags/example_bash_operator.py
[2025-07-16T19:05:51.381+0000] {processor.py:840} INFO - DAG(s) 'example_bash_operator' retrieved from /mnt/c/Users/Shivam Gupta/OneDrive/Documents/Shivam_Developement/data_engineering/data_engineering_project/batch-etl-pyspark/.venv/lib/python3.12/site-packages/airflow/example_dags/example_bash_operator.py
[2025-07-16T19:05:51.425+0000] {logging_mixin.py:188} INFO - [2025-07-16T19:05:51.424+0000] {dag.py:3096} INFO - Sync 1 DAGs
[2025-07-16T19:05:51.462+0000] {logging_mixin.py:188} INFO - [2025-07-16T19:05:51.461+0000] {dag.py:3954} INFO - Setting next_dagrun for example_bash_operator to 2025-07-15 00:00:00+00:00, run_after=2025-07-16 00:00:00+00:00
[2025-07-16T19:05:51.550+0000] {processor.py:183} INFO - Processing /mnt/c/Users/Shivam Gupta/OneDrive/Documents/Shivam_Developement/data_engineering/data_engineering_project/batch-etl-pyspark/.venv/lib/python3.12/site-packages/airflow/example_dags/example_bash_operator.py took 0.235 seconds
[2025-07-16T19:07:18.365+0000] {processor.py:161} INFO - Started process (PID=11122) to work on /mnt/c/Users/Shivam Gupta/OneDrive/Documents/Shivam_Developement/data_engineering/data_engineering_project/batch-etl-pyspark/.venv/lib/python3.12/site-packages/airflow/example_dags/example_bash_operator.py
[2025-07-16T19:07:18.368+0000] {processor.py:830} INFO - Processing file /mnt/c/Users/Shivam Gupta/OneDrive/Documents/Shivam_Developement/data_engineering/data_engineering_project/batch-etl-pyspark/.venv/lib/python3.12/site-packages/airflow/example_dags/example_bash_operator.py for tasks to queue
[2025-07-16T19:07:18.373+0000] {logging_mixin.py:188} INFO - [2025-07-16T19:07:18.371+0000] {dagbag.py:545} INFO - Filling up the DagBag from /mnt/c/Users/Shivam Gupta/OneDrive/Documents/Shivam_Developement/data_engineering/data_engineering_project/batch-etl-pyspark/.venv/lib/python3.12/site-packages/airflow/example_dags/example_bash_operator.py
[2025-07-16T19:07:18.418+0000] {processor.py:840} INFO - DAG(s) 'example_bash_operator' retrieved from /mnt/c/Users/Shivam Gupta/OneDrive/Documents/Shivam_Developement/data_engineering/data_engineering_project/batch-etl-pyspark/.venv/lib/python3.12/site-packages/airflow/example_dags/example_bash_operator.py
[2025-07-16T19:07:18.457+0000] {logging_mixin.py:188} INFO - [2025-07-16T19:07:18.456+0000] {dag.py:3096} INFO - Sync 1 DAGs
[2025-07-16T19:07:18.482+0000] {logging_mixin.py:188} INFO - [2025-07-16T19:07:18.481+0000] {dag.py:3954} INFO - Setting next_dagrun for example_bash_operator to 2025-07-15 00:00:00+00:00, run_after=2025-07-16 00:00:00+00:00
[2025-07-16T19:07:18.561+0000] {processor.py:183} INFO - Processing /mnt/c/Users/Shivam Gupta/OneDrive/Documents/Shivam_Developement/data_engineering/data_engineering_project/batch-etl-pyspark/.venv/lib/python3.12/site-packages/airflow/example_dags/example_bash_operator.py took 0.212 seconds
[2025-07-16T19:08:51.222+0000] {processor.py:161} INFO - Started process (PID=11271) to work on /mnt/c/Users/Shivam Gupta/OneDrive/Documents/Shivam_Developement/data_engineering/data_engineering_project/batch-etl-pyspark/.venv/lib/python3.12/site-packages/airflow/example_dags/example_bash_operator.py
[2025-07-16T19:08:51.226+0000] {processor.py:830} INFO - Processing file /mnt/c/Users/Shivam Gupta/OneDrive/Documents/Shivam_Developement/data_engineering/data_engineering_project/batch-etl-pyspark/.venv/lib/python3.12/site-packages/airflow/example_dags/example_bash_operator.py for tasks to queue
[2025-07-16T19:08:51.228+0000] {logging_mixin.py:188} INFO - [2025-07-16T19:08:51.227+0000] {dagbag.py:545} INFO - Filling up the DagBag from /mnt/c/Users/Shivam Gupta/OneDrive/Documents/Shivam_Developement/data_engineering/data_engineering_project/batch-etl-pyspark/.venv/lib/python3.12/site-packages/airflow/example_dags/example_bash_operator.py
[2025-07-16T19:08:51.254+0000] {processor.py:840} INFO - DAG(s) 'example_bash_operator' retrieved from /mnt/c/Users/Shivam Gupta/OneDrive/Documents/Shivam_Developement/data_engineering/data_engineering_project/batch-etl-pyspark/.venv/lib/python3.12/site-packages/airflow/example_dags/example_bash_operator.py
[2025-07-16T19:08:51.290+0000] {logging_mixin.py:188} INFO - [2025-07-16T19:08:51.289+0000] {dag.py:3096} INFO - Sync 1 DAGs
[2025-07-16T19:08:51.316+0000] {logging_mixin.py:188} INFO - [2025-07-16T19:08:51.315+0000] {dag.py:3954} INFO - Setting next_dagrun for example_bash_operator to 2025-07-15 00:00:00+00:00, run_after=2025-07-16 00:00:00+00:00
[2025-07-16T19:08:51.403+0000] {processor.py:183} INFO - Processing /mnt/c/Users/Shivam Gupta/OneDrive/Documents/Shivam_Developement/data_engineering/data_engineering_project/batch-etl-pyspark/.venv/lib/python3.12/site-packages/airflow/example_dags/example_bash_operator.py took 0.190 seconds
[2025-07-16T19:10:19.440+0000] {processor.py:161} INFO - Started process (PID=11441) to work on /mnt/c/Users/Shivam Gupta/OneDrive/Documents/Shivam_Developement/data_engineering/data_engineering_project/batch-etl-pyspark/.venv/lib/python3.12/site-packages/airflow/example_dags/example_bash_operator.py
[2025-07-16T19:10:19.442+0000] {processor.py:830} INFO - Processing file /mnt/c/Users/Shivam Gupta/OneDrive/Documents/Shivam_Developement/data_engineering/data_engineering_project/batch-etl-pyspark/.venv/lib/python3.12/site-packages/airflow/example_dags/example_bash_operator.py for tasks to queue
[2025-07-16T19:10:19.444+0000] {logging_mixin.py:188} INFO - [2025-07-16T19:10:19.443+0000] {dagbag.py:545} INFO - Filling up the DagBag from /mnt/c/Users/Shivam Gupta/OneDrive/Documents/Shivam_Developement/data_engineering/data_engineering_project/batch-etl-pyspark/.venv/lib/python3.12/site-packages/airflow/example_dags/example_bash_operator.py
[2025-07-16T19:10:19.472+0000] {processor.py:840} INFO - DAG(s) 'example_bash_operator' retrieved from /mnt/c/Users/Shivam Gupta/OneDrive/Documents/Shivam_Developement/data_engineering/data_engineering_project/batch-etl-pyspark/.venv/lib/python3.12/site-packages/airflow/example_dags/example_bash_operator.py
[2025-07-16T19:10:19.499+0000] {logging_mixin.py:188} INFO - [2025-07-16T19:10:19.499+0000] {dag.py:3096} INFO - Sync 1 DAGs
[2025-07-16T19:10:19.518+0000] {logging_mixin.py:188} INFO - [2025-07-16T19:10:19.517+0000] {dag.py:3954} INFO - Setting next_dagrun for example_bash_operator to 2025-07-15 00:00:00+00:00, run_after=2025-07-16 00:00:00+00:00
[2025-07-16T19:10:19.580+0000] {processor.py:183} INFO - Processing /mnt/c/Users/Shivam Gupta/OneDrive/Documents/Shivam_Developement/data_engineering/data_engineering_project/batch-etl-pyspark/.venv/lib/python3.12/site-packages/airflow/example_dags/example_bash_operator.py took 0.150 seconds
[2025-07-16T19:11:55.071+0000] {processor.py:161} INFO - Started process (PID=11614) to work on /mnt/c/Users/Shivam Gupta/OneDrive/Documents/Shivam_Developement/data_engineering/data_engineering_project/batch-etl-pyspark/.venv/lib/python3.12/site-packages/airflow/example_dags/example_bash_operator.py
[2025-07-16T19:11:55.073+0000] {processor.py:830} INFO - Processing file /mnt/c/Users/Shivam Gupta/OneDrive/Documents/Shivam_Developement/data_engineering/data_engineering_project/batch-etl-pyspark/.venv/lib/python3.12/site-packages/airflow/example_dags/example_bash_operator.py for tasks to queue
[2025-07-16T19:11:55.077+0000] {logging_mixin.py:188} INFO - [2025-07-16T19:11:55.075+0000] {dagbag.py:545} INFO - Filling up the DagBag from /mnt/c/Users/Shivam Gupta/OneDrive/Documents/Shivam_Developement/data_engineering/data_engineering_project/batch-etl-pyspark/.venv/lib/python3.12/site-packages/airflow/example_dags/example_bash_operator.py
[2025-07-16T19:11:55.118+0000] {processor.py:840} INFO - DAG(s) 'example_bash_operator' retrieved from /mnt/c/Users/Shivam Gupta/OneDrive/Documents/Shivam_Developement/data_engineering/data_engineering_project/batch-etl-pyspark/.venv/lib/python3.12/site-packages/airflow/example_dags/example_bash_operator.py
[2025-07-16T19:11:55.158+0000] {logging_mixin.py:188} INFO - [2025-07-16T19:11:55.157+0000] {dag.py:3096} INFO - Sync 1 DAGs
[2025-07-16T19:11:55.188+0000] {logging_mixin.py:188} INFO - [2025-07-16T19:11:55.187+0000] {dag.py:3954} INFO - Setting next_dagrun for example_bash_operator to 2025-07-15 00:00:00+00:00, run_after=2025-07-16 00:00:00+00:00
[2025-07-16T19:11:55.275+0000] {processor.py:183} INFO - Processing /mnt/c/Users/Shivam Gupta/OneDrive/Documents/Shivam_Developement/data_engineering/data_engineering_project/batch-etl-pyspark/.venv/lib/python3.12/site-packages/airflow/example_dags/example_bash_operator.py took 0.221 seconds
[2025-07-16T19:13:21.981+0000] {processor.py:161} INFO - Started process (PID=11782) to work on /mnt/c/Users/Shivam Gupta/OneDrive/Documents/Shivam_Developement/data_engineering/data_engineering_project/batch-etl-pyspark/.venv/lib/python3.12/site-packages/airflow/example_dags/example_bash_operator.py
[2025-07-16T19:13:21.983+0000] {processor.py:830} INFO - Processing file /mnt/c/Users/Shivam Gupta/OneDrive/Documents/Shivam_Developement/data_engineering/data_engineering_project/batch-etl-pyspark/.venv/lib/python3.12/site-packages/airflow/example_dags/example_bash_operator.py for tasks to queue
[2025-07-16T19:13:21.985+0000] {logging_mixin.py:188} INFO - [2025-07-16T19:13:21.985+0000] {dagbag.py:545} INFO - Filling up the DagBag from /mnt/c/Users/Shivam Gupta/OneDrive/Documents/Shivam_Developement/data_engineering/data_engineering_project/batch-etl-pyspark/.venv/lib/python3.12/site-packages/airflow/example_dags/example_bash_operator.py
[2025-07-16T19:13:22.003+0000] {processor.py:840} INFO - DAG(s) 'example_bash_operator' retrieved from /mnt/c/Users/Shivam Gupta/OneDrive/Documents/Shivam_Developement/data_engineering/data_engineering_project/batch-etl-pyspark/.venv/lib/python3.12/site-packages/airflow/example_dags/example_bash_operator.py
[2025-07-16T19:13:22.028+0000] {logging_mixin.py:188} INFO - [2025-07-16T19:13:22.027+0000] {dag.py:3096} INFO - Sync 1 DAGs
[2025-07-16T19:13:22.049+0000] {logging_mixin.py:188} INFO - [2025-07-16T19:13:22.048+0000] {dag.py:3954} INFO - Setting next_dagrun for example_bash_operator to 2025-07-15 00:00:00+00:00, run_after=2025-07-16 00:00:00+00:00
[2025-07-16T19:13:22.103+0000] {processor.py:183} INFO - Processing /mnt/c/Users/Shivam Gupta/OneDrive/Documents/Shivam_Developement/data_engineering/data_engineering_project/batch-etl-pyspark/.venv/lib/python3.12/site-packages/airflow/example_dags/example_bash_operator.py took 0.133 seconds
[2025-07-16T19:14:48.549+0000] {processor.py:161} INFO - Started process (PID=11958) to work on /mnt/c/Users/Shivam Gupta/OneDrive/Documents/Shivam_Developement/data_engineering/data_engineering_project/batch-etl-pyspark/.venv/lib/python3.12/site-packages/airflow/example_dags/example_bash_operator.py
[2025-07-16T19:14:48.552+0000] {processor.py:830} INFO - Processing file /mnt/c/Users/Shivam Gupta/OneDrive/Documents/Shivam_Developement/data_engineering/data_engineering_project/batch-etl-pyspark/.venv/lib/python3.12/site-packages/airflow/example_dags/example_bash_operator.py for tasks to queue
[2025-07-16T19:14:48.556+0000] {logging_mixin.py:188} INFO - [2025-07-16T19:14:48.554+0000] {dagbag.py:545} INFO - Filling up the DagBag from /mnt/c/Users/Shivam Gupta/OneDrive/Documents/Shivam_Developement/data_engineering/data_engineering_project/batch-etl-pyspark/.venv/lib/python3.12/site-packages/airflow/example_dags/example_bash_operator.py
[2025-07-16T19:14:48.595+0000] {processor.py:840} INFO - DAG(s) 'example_bash_operator' retrieved from /mnt/c/Users/Shivam Gupta/OneDrive/Documents/Shivam_Developement/data_engineering/data_engineering_project/batch-etl-pyspark/.venv/lib/python3.12/site-packages/airflow/example_dags/example_bash_operator.py
[2025-07-16T19:14:48.646+0000] {logging_mixin.py:188} INFO - [2025-07-16T19:14:48.645+0000] {dag.py:3096} INFO - Sync 1 DAGs
[2025-07-16T19:14:48.682+0000] {logging_mixin.py:188} INFO - [2025-07-16T19:14:48.680+0000] {dag.py:3954} INFO - Setting next_dagrun for example_bash_operator to 2025-07-15 00:00:00+00:00, run_after=2025-07-16 00:00:00+00:00
[2025-07-16T19:14:48.769+0000] {processor.py:183} INFO - Processing /mnt/c/Users/Shivam Gupta/OneDrive/Documents/Shivam_Developement/data_engineering/data_engineering_project/batch-etl-pyspark/.venv/lib/python3.12/site-packages/airflow/example_dags/example_bash_operator.py took 0.233 seconds
[2025-07-16T19:16:19.229+0000] {processor.py:161} INFO - Started process (PID=12149) to work on /mnt/c/Users/Shivam Gupta/OneDrive/Documents/Shivam_Developement/data_engineering/data_engineering_project/batch-etl-pyspark/.venv/lib/python3.12/site-packages/airflow/example_dags/example_bash_operator.py
[2025-07-16T19:16:19.231+0000] {processor.py:830} INFO - Processing file /mnt/c/Users/Shivam Gupta/OneDrive/Documents/Shivam_Developement/data_engineering/data_engineering_project/batch-etl-pyspark/.venv/lib/python3.12/site-packages/airflow/example_dags/example_bash_operator.py for tasks to queue
[2025-07-16T19:16:19.234+0000] {logging_mixin.py:188} INFO - [2025-07-16T19:16:19.233+0000] {dagbag.py:545} INFO - Filling up the DagBag from /mnt/c/Users/Shivam Gupta/OneDrive/Documents/Shivam_Developement/data_engineering/data_engineering_project/batch-etl-pyspark/.venv/lib/python3.12/site-packages/airflow/example_dags/example_bash_operator.py
[2025-07-16T19:16:19.278+0000] {processor.py:840} INFO - DAG(s) 'example_bash_operator' retrieved from /mnt/c/Users/Shivam Gupta/OneDrive/Documents/Shivam_Developement/data_engineering/data_engineering_project/batch-etl-pyspark/.venv/lib/python3.12/site-packages/airflow/example_dags/example_bash_operator.py
[2025-07-16T19:16:19.329+0000] {logging_mixin.py:188} INFO - [2025-07-16T19:16:19.328+0000] {dag.py:3096} INFO - Sync 1 DAGs
[2025-07-16T19:16:19.356+0000] {logging_mixin.py:188} INFO - [2025-07-16T19:16:19.355+0000] {dag.py:3954} INFO - Setting next_dagrun for example_bash_operator to 2025-07-15 00:00:00+00:00, run_after=2025-07-16 00:00:00+00:00
[2025-07-16T19:16:19.446+0000] {processor.py:183} INFO - Processing /mnt/c/Users/Shivam Gupta/OneDrive/Documents/Shivam_Developement/data_engineering/data_engineering_project/batch-etl-pyspark/.venv/lib/python3.12/site-packages/airflow/example_dags/example_bash_operator.py took 0.230 seconds
[2025-07-16T19:17:48.705+0000] {processor.py:161} INFO - Started process (PID=12317) to work on /mnt/c/Users/Shivam Gupta/OneDrive/Documents/Shivam_Developement/data_engineering/data_engineering_project/batch-etl-pyspark/.venv/lib/python3.12/site-packages/airflow/example_dags/example_bash_operator.py
[2025-07-16T19:17:48.708+0000] {processor.py:830} INFO - Processing file /mnt/c/Users/Shivam Gupta/OneDrive/Documents/Shivam_Developement/data_engineering/data_engineering_project/batch-etl-pyspark/.venv/lib/python3.12/site-packages/airflow/example_dags/example_bash_operator.py for tasks to queue
[2025-07-16T19:17:48.712+0000] {logging_mixin.py:188} INFO - [2025-07-16T19:17:48.710+0000] {dagbag.py:545} INFO - Filling up the DagBag from /mnt/c/Users/Shivam Gupta/OneDrive/Documents/Shivam_Developement/data_engineering/data_engineering_project/batch-etl-pyspark/.venv/lib/python3.12/site-packages/airflow/example_dags/example_bash_operator.py
[2025-07-16T19:17:48.767+0000] {processor.py:840} INFO - DAG(s) 'example_bash_operator' retrieved from /mnt/c/Users/Shivam Gupta/OneDrive/Documents/Shivam_Developement/data_engineering/data_engineering_project/batch-etl-pyspark/.venv/lib/python3.12/site-packages/airflow/example_dags/example_bash_operator.py
[2025-07-16T19:17:48.812+0000] {logging_mixin.py:188} INFO - [2025-07-16T19:17:48.811+0000] {dag.py:3096} INFO - Sync 1 DAGs
[2025-07-16T19:17:48.842+0000] {logging_mixin.py:188} INFO - [2025-07-16T19:17:48.841+0000] {dag.py:3954} INFO - Setting next_dagrun for example_bash_operator to 2025-07-15 00:00:00+00:00, run_after=2025-07-16 00:00:00+00:00
[2025-07-16T19:17:48.932+0000] {processor.py:183} INFO - Processing /mnt/c/Users/Shivam Gupta/OneDrive/Documents/Shivam_Developement/data_engineering/data_engineering_project/batch-etl-pyspark/.venv/lib/python3.12/site-packages/airflow/example_dags/example_bash_operator.py took 0.247 seconds
[2025-07-16T19:19:10.204+0000] {processor.py:161} INFO - Started process (PID=12443) to work on /mnt/c/Users/Shivam Gupta/OneDrive/Documents/Shivam_Developement/data_engineering/data_engineering_project/batch-etl-pyspark/.venv/lib/python3.12/site-packages/airflow/example_dags/example_bash_operator.py
[2025-07-16T19:19:10.207+0000] {processor.py:830} INFO - Processing file /mnt/c/Users/Shivam Gupta/OneDrive/Documents/Shivam_Developement/data_engineering/data_engineering_project/batch-etl-pyspark/.venv/lib/python3.12/site-packages/airflow/example_dags/example_bash_operator.py for tasks to queue
[2025-07-16T19:19:10.212+0000] {logging_mixin.py:188} INFO - [2025-07-16T19:19:10.210+0000] {dagbag.py:545} INFO - Filling up the DagBag from /mnt/c/Users/Shivam Gupta/OneDrive/Documents/Shivam_Developement/data_engineering/data_engineering_project/batch-etl-pyspark/.venv/lib/python3.12/site-packages/airflow/example_dags/example_bash_operator.py
[2025-07-16T19:19:10.266+0000] {processor.py:840} INFO - DAG(s) 'example_bash_operator' retrieved from /mnt/c/Users/Shivam Gupta/OneDrive/Documents/Shivam_Developement/data_engineering/data_engineering_project/batch-etl-pyspark/.venv/lib/python3.12/site-packages/airflow/example_dags/example_bash_operator.py
[2025-07-16T19:19:10.316+0000] {logging_mixin.py:188} INFO - [2025-07-16T19:19:10.315+0000] {dag.py:3096} INFO - Sync 1 DAGs
[2025-07-16T19:19:10.358+0000] {logging_mixin.py:188} INFO - [2025-07-16T19:19:10.356+0000] {dag.py:3954} INFO - Setting next_dagrun for example_bash_operator to 2025-07-15 00:00:00+00:00, run_after=2025-07-16 00:00:00+00:00
[2025-07-16T19:19:10.455+0000] {processor.py:183} INFO - Processing /mnt/c/Users/Shivam Gupta/OneDrive/Documents/Shivam_Developement/data_engineering/data_engineering_project/batch-etl-pyspark/.venv/lib/python3.12/site-packages/airflow/example_dags/example_bash_operator.py took 0.270 seconds
[2025-07-16T19:20:32.831+0000] {processor.py:161} INFO - Started process (PID=12605) to work on /mnt/c/Users/Shivam Gupta/OneDrive/Documents/Shivam_Developement/data_engineering/data_engineering_project/batch-etl-pyspark/.venv/lib/python3.12/site-packages/airflow/example_dags/example_bash_operator.py
[2025-07-16T19:20:32.833+0000] {processor.py:830} INFO - Processing file /mnt/c/Users/Shivam Gupta/OneDrive/Documents/Shivam_Developement/data_engineering/data_engineering_project/batch-etl-pyspark/.venv/lib/python3.12/site-packages/airflow/example_dags/example_bash_operator.py for tasks to queue
[2025-07-16T19:20:32.837+0000] {logging_mixin.py:188} INFO - [2025-07-16T19:20:32.835+0000] {dagbag.py:545} INFO - Filling up the DagBag from /mnt/c/Users/Shivam Gupta/OneDrive/Documents/Shivam_Developement/data_engineering/data_engineering_project/batch-etl-pyspark/.venv/lib/python3.12/site-packages/airflow/example_dags/example_bash_operator.py
[2025-07-16T19:20:32.875+0000] {processor.py:840} INFO - DAG(s) 'example_bash_operator' retrieved from /mnt/c/Users/Shivam Gupta/OneDrive/Documents/Shivam_Developement/data_engineering/data_engineering_project/batch-etl-pyspark/.venv/lib/python3.12/site-packages/airflow/example_dags/example_bash_operator.py
[2025-07-16T19:20:32.918+0000] {logging_mixin.py:188} INFO - [2025-07-16T19:20:32.917+0000] {dag.py:3096} INFO - Sync 1 DAGs
[2025-07-16T19:20:32.948+0000] {logging_mixin.py:188} INFO - [2025-07-16T19:20:32.947+0000] {dag.py:3954} INFO - Setting next_dagrun for example_bash_operator to 2025-07-15 00:00:00+00:00, run_after=2025-07-16 00:00:00+00:00
[2025-07-16T19:20:33.140+0000] {processor.py:183} INFO - Processing /mnt/c/Users/Shivam Gupta/OneDrive/Documents/Shivam_Developement/data_engineering/data_engineering_project/batch-etl-pyspark/.venv/lib/python3.12/site-packages/airflow/example_dags/example_bash_operator.py took 0.320 seconds
[2025-07-16T19:22:00.533+0000] {processor.py:161} INFO - Started process (PID=12791) to work on /mnt/c/Users/Shivam Gupta/OneDrive/Documents/Shivam_Developement/data_engineering/data_engineering_project/batch-etl-pyspark/.venv/lib/python3.12/site-packages/airflow/example_dags/example_bash_operator.py
[2025-07-16T19:22:00.537+0000] {processor.py:830} INFO - Processing file /mnt/c/Users/Shivam Gupta/OneDrive/Documents/Shivam_Developement/data_engineering/data_engineering_project/batch-etl-pyspark/.venv/lib/python3.12/site-packages/airflow/example_dags/example_bash_operator.py for tasks to queue
[2025-07-16T19:22:00.542+0000] {logging_mixin.py:188} INFO - [2025-07-16T19:22:00.541+0000] {dagbag.py:545} INFO - Filling up the DagBag from /mnt/c/Users/Shivam Gupta/OneDrive/Documents/Shivam_Developement/data_engineering/data_engineering_project/batch-etl-pyspark/.venv/lib/python3.12/site-packages/airflow/example_dags/example_bash_operator.py
[2025-07-16T19:22:00.592+0000] {processor.py:840} INFO - DAG(s) 'example_bash_operator' retrieved from /mnt/c/Users/Shivam Gupta/OneDrive/Documents/Shivam_Developement/data_engineering/data_engineering_project/batch-etl-pyspark/.venv/lib/python3.12/site-packages/airflow/example_dags/example_bash_operator.py
[2025-07-16T19:22:00.645+0000] {logging_mixin.py:188} INFO - [2025-07-16T19:22:00.644+0000] {dag.py:3096} INFO - Sync 1 DAGs
[2025-07-16T19:22:00.682+0000] {logging_mixin.py:188} INFO - [2025-07-16T19:22:00.681+0000] {dag.py:3954} INFO - Setting next_dagrun for example_bash_operator to 2025-07-15 00:00:00+00:00, run_after=2025-07-16 00:00:00+00:00
[2025-07-16T19:22:00.791+0000] {processor.py:183} INFO - Processing /mnt/c/Users/Shivam Gupta/OneDrive/Documents/Shivam_Developement/data_engineering/data_engineering_project/batch-etl-pyspark/.venv/lib/python3.12/site-packages/airflow/example_dags/example_bash_operator.py took 0.277 seconds
[2025-07-16T19:23:26.390+0000] {processor.py:161} INFO - Started process (PID=12938) to work on /mnt/c/Users/Shivam Gupta/OneDrive/Documents/Shivam_Developement/data_engineering/data_engineering_project/batch-etl-pyspark/.venv/lib/python3.12/site-packages/airflow/example_dags/example_bash_operator.py
[2025-07-16T19:23:26.393+0000] {processor.py:830} INFO - Processing file /mnt/c/Users/Shivam Gupta/OneDrive/Documents/Shivam_Developement/data_engineering/data_engineering_project/batch-etl-pyspark/.venv/lib/python3.12/site-packages/airflow/example_dags/example_bash_operator.py for tasks to queue
[2025-07-16T19:23:26.396+0000] {logging_mixin.py:188} INFO - [2025-07-16T19:23:26.395+0000] {dagbag.py:545} INFO - Filling up the DagBag from /mnt/c/Users/Shivam Gupta/OneDrive/Documents/Shivam_Developement/data_engineering/data_engineering_project/batch-etl-pyspark/.venv/lib/python3.12/site-packages/airflow/example_dags/example_bash_operator.py
[2025-07-16T19:23:26.443+0000] {processor.py:840} INFO - DAG(s) 'example_bash_operator' retrieved from /mnt/c/Users/Shivam Gupta/OneDrive/Documents/Shivam_Developement/data_engineering/data_engineering_project/batch-etl-pyspark/.venv/lib/python3.12/site-packages/airflow/example_dags/example_bash_operator.py
[2025-07-16T19:23:26.490+0000] {logging_mixin.py:188} INFO - [2025-07-16T19:23:26.489+0000] {dag.py:3096} INFO - Sync 1 DAGs
[2025-07-16T19:23:26.522+0000] {logging_mixin.py:188} INFO - [2025-07-16T19:23:26.520+0000] {dag.py:3954} INFO - Setting next_dagrun for example_bash_operator to 2025-07-15 00:00:00+00:00, run_after=2025-07-16 00:00:00+00:00
[2025-07-16T19:23:26.603+0000] {processor.py:183} INFO - Processing /mnt/c/Users/Shivam Gupta/OneDrive/Documents/Shivam_Developement/data_engineering/data_engineering_project/batch-etl-pyspark/.venv/lib/python3.12/site-packages/airflow/example_dags/example_bash_operator.py took 0.229 seconds
[2025-07-16T19:24:49.906+0000] {processor.py:161} INFO - Started process (PID=13028) to work on /mnt/c/Users/Shivam Gupta/OneDrive/Documents/Shivam_Developement/data_engineering/data_engineering_project/batch-etl-pyspark/.venv/lib/python3.12/site-packages/airflow/example_dags/example_bash_operator.py
[2025-07-16T19:24:49.908+0000] {processor.py:830} INFO - Processing file /mnt/c/Users/Shivam Gupta/OneDrive/Documents/Shivam_Developement/data_engineering/data_engineering_project/batch-etl-pyspark/.venv/lib/python3.12/site-packages/airflow/example_dags/example_bash_operator.py for tasks to queue
[2025-07-16T19:24:49.911+0000] {logging_mixin.py:188} INFO - [2025-07-16T19:24:49.910+0000] {dagbag.py:545} INFO - Filling up the DagBag from /mnt/c/Users/Shivam Gupta/OneDrive/Documents/Shivam_Developement/data_engineering/data_engineering_project/batch-etl-pyspark/.venv/lib/python3.12/site-packages/airflow/example_dags/example_bash_operator.py
[2025-07-16T19:24:49.940+0000] {processor.py:840} INFO - DAG(s) 'example_bash_operator' retrieved from /mnt/c/Users/Shivam Gupta/OneDrive/Documents/Shivam_Developement/data_engineering/data_engineering_project/batch-etl-pyspark/.venv/lib/python3.12/site-packages/airflow/example_dags/example_bash_operator.py
[2025-07-16T19:24:49.970+0000] {logging_mixin.py:188} INFO - [2025-07-16T19:24:49.969+0000] {dag.py:3096} INFO - Sync 1 DAGs
[2025-07-16T19:24:50.076+0000] {logging_mixin.py:188} INFO - [2025-07-16T19:24:50.075+0000] {dag.py:3954} INFO - Setting next_dagrun for example_bash_operator to 2025-07-15 00:00:00+00:00, run_after=2025-07-16 00:00:00+00:00
[2025-07-16T19:24:50.132+0000] {processor.py:183} INFO - Processing /mnt/c/Users/Shivam Gupta/OneDrive/Documents/Shivam_Developement/data_engineering/data_engineering_project/batch-etl-pyspark/.venv/lib/python3.12/site-packages/airflow/example_dags/example_bash_operator.py took 0.239 seconds
[2025-07-16T19:26:12.001+0000] {processor.py:161} INFO - Started process (PID=13149) to work on /mnt/c/Users/Shivam Gupta/OneDrive/Documents/Shivam_Developement/data_engineering/data_engineering_project/batch-etl-pyspark/.venv/lib/python3.12/site-packages/airflow/example_dags/example_bash_operator.py
[2025-07-16T19:26:12.002+0000] {processor.py:830} INFO - Processing file /mnt/c/Users/Shivam Gupta/OneDrive/Documents/Shivam_Developement/data_engineering/data_engineering_project/batch-etl-pyspark/.venv/lib/python3.12/site-packages/airflow/example_dags/example_bash_operator.py for tasks to queue
[2025-07-16T19:26:12.004+0000] {logging_mixin.py:188} INFO - [2025-07-16T19:26:12.003+0000] {dagbag.py:545} INFO - Filling up the DagBag from /mnt/c/Users/Shivam Gupta/OneDrive/Documents/Shivam_Developement/data_engineering/data_engineering_project/batch-etl-pyspark/.venv/lib/python3.12/site-packages/airflow/example_dags/example_bash_operator.py
[2025-07-16T19:26:12.021+0000] {processor.py:840} INFO - DAG(s) 'example_bash_operator' retrieved from /mnt/c/Users/Shivam Gupta/OneDrive/Documents/Shivam_Developement/data_engineering/data_engineering_project/batch-etl-pyspark/.venv/lib/python3.12/site-packages/airflow/example_dags/example_bash_operator.py
[2025-07-16T19:26:12.043+0000] {logging_mixin.py:188} INFO - [2025-07-16T19:26:12.042+0000] {dag.py:3096} INFO - Sync 1 DAGs
[2025-07-16T19:26:12.059+0000] {logging_mixin.py:188} INFO - [2025-07-16T19:26:12.059+0000] {dag.py:3954} INFO - Setting next_dagrun for example_bash_operator to 2025-07-15 00:00:00+00:00, run_after=2025-07-16 00:00:00+00:00
[2025-07-16T19:26:12.158+0000] {processor.py:183} INFO - Processing /mnt/c/Users/Shivam Gupta/OneDrive/Documents/Shivam_Developement/data_engineering/data_engineering_project/batch-etl-pyspark/.venv/lib/python3.12/site-packages/airflow/example_dags/example_bash_operator.py took 0.164 seconds
[2025-07-16T19:27:32.254+0000] {processor.py:161} INFO - Started process (PID=13240) to work on /mnt/c/Users/Shivam Gupta/OneDrive/Documents/Shivam_Developement/data_engineering/data_engineering_project/batch-etl-pyspark/.venv/lib/python3.12/site-packages/airflow/example_dags/example_bash_operator.py
[2025-07-16T19:27:32.260+0000] {processor.py:830} INFO - Processing file /mnt/c/Users/Shivam Gupta/OneDrive/Documents/Shivam_Developement/data_engineering/data_engineering_project/batch-etl-pyspark/.venv/lib/python3.12/site-packages/airflow/example_dags/example_bash_operator.py for tasks to queue
[2025-07-16T19:27:32.263+0000] {logging_mixin.py:188} INFO - [2025-07-16T19:27:32.262+0000] {dagbag.py:545} INFO - Filling up the DagBag from /mnt/c/Users/Shivam Gupta/OneDrive/Documents/Shivam_Developement/data_engineering/data_engineering_project/batch-etl-pyspark/.venv/lib/python3.12/site-packages/airflow/example_dags/example_bash_operator.py
[2025-07-16T19:27:32.291+0000] {processor.py:840} INFO - DAG(s) 'example_bash_operator' retrieved from /mnt/c/Users/Shivam Gupta/OneDrive/Documents/Shivam_Developement/data_engineering/data_engineering_project/batch-etl-pyspark/.venv/lib/python3.12/site-packages/airflow/example_dags/example_bash_operator.py
[2025-07-16T19:27:32.324+0000] {logging_mixin.py:188} INFO - [2025-07-16T19:27:32.323+0000] {dag.py:3096} INFO - Sync 1 DAGs
[2025-07-16T19:27:32.346+0000] {logging_mixin.py:188} INFO - [2025-07-16T19:27:32.346+0000] {dag.py:3954} INFO - Setting next_dagrun for example_bash_operator to 2025-07-15 00:00:00+00:00, run_after=2025-07-16 00:00:00+00:00
[2025-07-16T19:27:32.404+0000] {processor.py:183} INFO - Processing /mnt/c/Users/Shivam Gupta/OneDrive/Documents/Shivam_Developement/data_engineering/data_engineering_project/batch-etl-pyspark/.venv/lib/python3.12/site-packages/airflow/example_dags/example_bash_operator.py took 0.162 seconds
[2025-07-16T19:28:45.904+0000] {processor.py:161} INFO - Started process (PID=13342) to work on /mnt/c/Users/Shivam Gupta/OneDrive/Documents/Shivam_Developement/data_engineering/data_engineering_project/batch-etl-pyspark/.venv/lib/python3.12/site-packages/airflow/example_dags/example_bash_operator.py
[2025-07-16T19:28:45.906+0000] {processor.py:830} INFO - Processing file /mnt/c/Users/Shivam Gupta/OneDrive/Documents/Shivam_Developement/data_engineering/data_engineering_project/batch-etl-pyspark/.venv/lib/python3.12/site-packages/airflow/example_dags/example_bash_operator.py for tasks to queue
[2025-07-16T19:28:45.909+0000] {logging_mixin.py:188} INFO - [2025-07-16T19:28:45.908+0000] {dagbag.py:545} INFO - Filling up the DagBag from /mnt/c/Users/Shivam Gupta/OneDrive/Documents/Shivam_Developement/data_engineering/data_engineering_project/batch-etl-pyspark/.venv/lib/python3.12/site-packages/airflow/example_dags/example_bash_operator.py
[2025-07-16T19:28:45.943+0000] {processor.py:840} INFO - DAG(s) 'example_bash_operator' retrieved from /mnt/c/Users/Shivam Gupta/OneDrive/Documents/Shivam_Developement/data_engineering/data_engineering_project/batch-etl-pyspark/.venv/lib/python3.12/site-packages/airflow/example_dags/example_bash_operator.py
[2025-07-16T19:28:45.994+0000] {logging_mixin.py:188} INFO - [2025-07-16T19:28:45.992+0000] {dag.py:3096} INFO - Sync 1 DAGs
[2025-07-16T19:28:46.027+0000] {logging_mixin.py:188} INFO - [2025-07-16T19:28:46.025+0000] {dag.py:3954} INFO - Setting next_dagrun for example_bash_operator to 2025-07-15 00:00:00+00:00, run_after=2025-07-16 00:00:00+00:00
[2025-07-16T19:28:46.115+0000] {processor.py:183} INFO - Processing /mnt/c/Users/Shivam Gupta/OneDrive/Documents/Shivam_Developement/data_engineering/data_engineering_project/batch-etl-pyspark/.venv/lib/python3.12/site-packages/airflow/example_dags/example_bash_operator.py took 0.222 seconds
[2025-07-16T19:29:58.514+0000] {processor.py:161} INFO - Started process (PID=13450) to work on /mnt/c/Users/Shivam Gupta/OneDrive/Documents/Shivam_Developement/data_engineering/data_engineering_project/batch-etl-pyspark/.venv/lib/python3.12/site-packages/airflow/example_dags/example_bash_operator.py
[2025-07-16T19:29:58.517+0000] {processor.py:830} INFO - Processing file /mnt/c/Users/Shivam Gupta/OneDrive/Documents/Shivam_Developement/data_engineering/data_engineering_project/batch-etl-pyspark/.venv/lib/python3.12/site-packages/airflow/example_dags/example_bash_operator.py for tasks to queue
[2025-07-16T19:29:58.520+0000] {logging_mixin.py:188} INFO - [2025-07-16T19:29:58.519+0000] {dagbag.py:545} INFO - Filling up the DagBag from /mnt/c/Users/Shivam Gupta/OneDrive/Documents/Shivam_Developement/data_engineering/data_engineering_project/batch-etl-pyspark/.venv/lib/python3.12/site-packages/airflow/example_dags/example_bash_operator.py
[2025-07-16T19:29:58.563+0000] {processor.py:840} INFO - DAG(s) 'example_bash_operator' retrieved from /mnt/c/Users/Shivam Gupta/OneDrive/Documents/Shivam_Developement/data_engineering/data_engineering_project/batch-etl-pyspark/.venv/lib/python3.12/site-packages/airflow/example_dags/example_bash_operator.py
[2025-07-16T19:29:58.614+0000] {logging_mixin.py:188} INFO - [2025-07-16T19:29:58.613+0000] {dag.py:3096} INFO - Sync 1 DAGs
[2025-07-16T19:29:58.646+0000] {logging_mixin.py:188} INFO - [2025-07-16T19:29:58.645+0000] {dag.py:3954} INFO - Setting next_dagrun for example_bash_operator to 2025-07-15 00:00:00+00:00, run_after=2025-07-16 00:00:00+00:00
[2025-07-16T19:29:58.738+0000] {processor.py:183} INFO - Processing /mnt/c/Users/Shivam Gupta/OneDrive/Documents/Shivam_Developement/data_engineering/data_engineering_project/batch-etl-pyspark/.venv/lib/python3.12/site-packages/airflow/example_dags/example_bash_operator.py took 0.239 seconds
[2025-07-16T19:31:16.867+0000] {processor.py:161} INFO - Started process (PID=13589) to work on /mnt/c/Users/Shivam Gupta/OneDrive/Documents/Shivam_Developement/data_engineering/data_engineering_project/batch-etl-pyspark/.venv/lib/python3.12/site-packages/airflow/example_dags/example_bash_operator.py
[2025-07-16T19:31:16.869+0000] {processor.py:830} INFO - Processing file /mnt/c/Users/Shivam Gupta/OneDrive/Documents/Shivam_Developement/data_engineering/data_engineering_project/batch-etl-pyspark/.venv/lib/python3.12/site-packages/airflow/example_dags/example_bash_operator.py for tasks to queue
[2025-07-16T19:31:16.873+0000] {logging_mixin.py:188} INFO - [2025-07-16T19:31:16.872+0000] {dagbag.py:545} INFO - Filling up the DagBag from /mnt/c/Users/Shivam Gupta/OneDrive/Documents/Shivam_Developement/data_engineering/data_engineering_project/batch-etl-pyspark/.venv/lib/python3.12/site-packages/airflow/example_dags/example_bash_operator.py
[2025-07-16T19:31:16.921+0000] {processor.py:840} INFO - DAG(s) 'example_bash_operator' retrieved from /mnt/c/Users/Shivam Gupta/OneDrive/Documents/Shivam_Developement/data_engineering/data_engineering_project/batch-etl-pyspark/.venv/lib/python3.12/site-packages/airflow/example_dags/example_bash_operator.py
[2025-07-16T19:31:16.977+0000] {logging_mixin.py:188} INFO - [2025-07-16T19:31:16.976+0000] {dag.py:3096} INFO - Sync 1 DAGs
[2025-07-16T19:31:17.012+0000] {logging_mixin.py:188} INFO - [2025-07-16T19:31:17.010+0000] {dag.py:3954} INFO - Setting next_dagrun for example_bash_operator to 2025-07-15 00:00:00+00:00, run_after=2025-07-16 00:00:00+00:00
[2025-07-16T19:31:17.103+0000] {processor.py:183} INFO - Processing /mnt/c/Users/Shivam Gupta/OneDrive/Documents/Shivam_Developement/data_engineering/data_engineering_project/batch-etl-pyspark/.venv/lib/python3.12/site-packages/airflow/example_dags/example_bash_operator.py took 0.251 seconds
[2025-07-16T19:32:25.951+0000] {processor.py:161} INFO - Started process (PID=13723) to work on /mnt/c/Users/Shivam Gupta/OneDrive/Documents/Shivam_Developement/data_engineering/data_engineering_project/batch-etl-pyspark/.venv/lib/python3.12/site-packages/airflow/example_dags/example_bash_operator.py
[2025-07-16T19:32:25.952+0000] {processor.py:830} INFO - Processing file /mnt/c/Users/Shivam Gupta/OneDrive/Documents/Shivam_Developement/data_engineering/data_engineering_project/batch-etl-pyspark/.venv/lib/python3.12/site-packages/airflow/example_dags/example_bash_operator.py for tasks to queue
[2025-07-16T19:32:25.954+0000] {logging_mixin.py:188} INFO - [2025-07-16T19:32:25.954+0000] {dagbag.py:545} INFO - Filling up the DagBag from /mnt/c/Users/Shivam Gupta/OneDrive/Documents/Shivam_Developement/data_engineering/data_engineering_project/batch-etl-pyspark/.venv/lib/python3.12/site-packages/airflow/example_dags/example_bash_operator.py
[2025-07-16T19:32:25.974+0000] {processor.py:840} INFO - DAG(s) 'example_bash_operator' retrieved from /mnt/c/Users/Shivam Gupta/OneDrive/Documents/Shivam_Developement/data_engineering/data_engineering_project/batch-etl-pyspark/.venv/lib/python3.12/site-packages/airflow/example_dags/example_bash_operator.py
[2025-07-16T19:32:26.002+0000] {logging_mixin.py:188} INFO - [2025-07-16T19:32:26.000+0000] {dag.py:3096} INFO - Sync 1 DAGs
[2025-07-16T19:32:26.023+0000] {logging_mixin.py:188} INFO - [2025-07-16T19:32:26.022+0000] {dag.py:3954} INFO - Setting next_dagrun for example_bash_operator to 2025-07-15 00:00:00+00:00, run_after=2025-07-16 00:00:00+00:00
[2025-07-16T19:32:26.089+0000] {processor.py:183} INFO - Processing /mnt/c/Users/Shivam Gupta/OneDrive/Documents/Shivam_Developement/data_engineering/data_engineering_project/batch-etl-pyspark/.venv/lib/python3.12/site-packages/airflow/example_dags/example_bash_operator.py took 0.147 seconds
[2025-07-16T19:33:34.343+0000] {processor.py:161} INFO - Started process (PID=13859) to work on /mnt/c/Users/Shivam Gupta/OneDrive/Documents/Shivam_Developement/data_engineering/data_engineering_project/batch-etl-pyspark/.venv/lib/python3.12/site-packages/airflow/example_dags/example_bash_operator.py
[2025-07-16T19:33:34.345+0000] {processor.py:830} INFO - Processing file /mnt/c/Users/Shivam Gupta/OneDrive/Documents/Shivam_Developement/data_engineering/data_engineering_project/batch-etl-pyspark/.venv/lib/python3.12/site-packages/airflow/example_dags/example_bash_operator.py for tasks to queue
[2025-07-16T19:33:34.348+0000] {logging_mixin.py:188} INFO - [2025-07-16T19:33:34.347+0000] {dagbag.py:545} INFO - Filling up the DagBag from /mnt/c/Users/Shivam Gupta/OneDrive/Documents/Shivam_Developement/data_engineering/data_engineering_project/batch-etl-pyspark/.venv/lib/python3.12/site-packages/airflow/example_dags/example_bash_operator.py
[2025-07-16T19:33:34.377+0000] {processor.py:840} INFO - DAG(s) 'example_bash_operator' retrieved from /mnt/c/Users/Shivam Gupta/OneDrive/Documents/Shivam_Developement/data_engineering/data_engineering_project/batch-etl-pyspark/.venv/lib/python3.12/site-packages/airflow/example_dags/example_bash_operator.py
[2025-07-16T19:33:34.411+0000] {logging_mixin.py:188} INFO - [2025-07-16T19:33:34.410+0000] {dag.py:3096} INFO - Sync 1 DAGs
[2025-07-16T19:33:34.437+0000] {logging_mixin.py:188} INFO - [2025-07-16T19:33:34.436+0000] {dag.py:3954} INFO - Setting next_dagrun for example_bash_operator to 2025-07-15 00:00:00+00:00, run_after=2025-07-16 00:00:00+00:00
[2025-07-16T19:33:34.495+0000] {processor.py:183} INFO - Processing /mnt/c/Users/Shivam Gupta/OneDrive/Documents/Shivam_Developement/data_engineering/data_engineering_project/batch-etl-pyspark/.venv/lib/python3.12/site-packages/airflow/example_dags/example_bash_operator.py took 0.165 seconds
[2025-07-16T19:34:47.866+0000] {processor.py:161} INFO - Started process (PID=13964) to work on /mnt/c/Users/Shivam Gupta/OneDrive/Documents/Shivam_Developement/data_engineering/data_engineering_project/batch-etl-pyspark/.venv/lib/python3.12/site-packages/airflow/example_dags/example_bash_operator.py
[2025-07-16T19:34:47.868+0000] {processor.py:830} INFO - Processing file /mnt/c/Users/Shivam Gupta/OneDrive/Documents/Shivam_Developement/data_engineering/data_engineering_project/batch-etl-pyspark/.venv/lib/python3.12/site-packages/airflow/example_dags/example_bash_operator.py for tasks to queue
[2025-07-16T19:34:47.870+0000] {logging_mixin.py:188} INFO - [2025-07-16T19:34:47.869+0000] {dagbag.py:545} INFO - Filling up the DagBag from /mnt/c/Users/Shivam Gupta/OneDrive/Documents/Shivam_Developement/data_engineering/data_engineering_project/batch-etl-pyspark/.venv/lib/python3.12/site-packages/airflow/example_dags/example_bash_operator.py
[2025-07-16T19:34:47.895+0000] {processor.py:840} INFO - DAG(s) 'example_bash_operator' retrieved from /mnt/c/Users/Shivam Gupta/OneDrive/Documents/Shivam_Developement/data_engineering/data_engineering_project/batch-etl-pyspark/.venv/lib/python3.12/site-packages/airflow/example_dags/example_bash_operator.py
[2025-07-16T19:34:47.928+0000] {logging_mixin.py:188} INFO - [2025-07-16T19:34:47.927+0000] {dag.py:3096} INFO - Sync 1 DAGs
[2025-07-16T19:34:47.958+0000] {logging_mixin.py:188} INFO - [2025-07-16T19:34:47.957+0000] {dag.py:3954} INFO - Setting next_dagrun for example_bash_operator to 2025-07-15 00:00:00+00:00, run_after=2025-07-16 00:00:00+00:00
[2025-07-16T19:34:48.024+0000] {processor.py:183} INFO - Processing /mnt/c/Users/Shivam Gupta/OneDrive/Documents/Shivam_Developement/data_engineering/data_engineering_project/batch-etl-pyspark/.venv/lib/python3.12/site-packages/airflow/example_dags/example_bash_operator.py took 0.168 seconds
[2025-07-16T19:36:01.902+0000] {processor.py:161} INFO - Started process (PID=14127) to work on /mnt/c/Users/Shivam Gupta/OneDrive/Documents/Shivam_Developement/data_engineering/data_engineering_project/batch-etl-pyspark/.venv/lib/python3.12/site-packages/airflow/example_dags/example_bash_operator.py
[2025-07-16T19:36:01.904+0000] {processor.py:830} INFO - Processing file /mnt/c/Users/Shivam Gupta/OneDrive/Documents/Shivam_Developement/data_engineering/data_engineering_project/batch-etl-pyspark/.venv/lib/python3.12/site-packages/airflow/example_dags/example_bash_operator.py for tasks to queue
[2025-07-16T19:36:01.906+0000] {logging_mixin.py:188} INFO - [2025-07-16T19:36:01.906+0000] {dagbag.py:545} INFO - Filling up the DagBag from /mnt/c/Users/Shivam Gupta/OneDrive/Documents/Shivam_Developement/data_engineering/data_engineering_project/batch-etl-pyspark/.venv/lib/python3.12/site-packages/airflow/example_dags/example_bash_operator.py
[2025-07-16T19:36:01.929+0000] {processor.py:840} INFO - DAG(s) 'example_bash_operator' retrieved from /mnt/c/Users/Shivam Gupta/OneDrive/Documents/Shivam_Developement/data_engineering/data_engineering_project/batch-etl-pyspark/.venv/lib/python3.12/site-packages/airflow/example_dags/example_bash_operator.py
[2025-07-16T19:36:01.955+0000] {logging_mixin.py:188} INFO - [2025-07-16T19:36:01.954+0000] {dag.py:3096} INFO - Sync 1 DAGs
[2025-07-16T19:36:01.976+0000] {logging_mixin.py:188} INFO - [2025-07-16T19:36:01.976+0000] {dag.py:3954} INFO - Setting next_dagrun for example_bash_operator to 2025-07-15 00:00:00+00:00, run_after=2025-07-16 00:00:00+00:00
[2025-07-16T19:36:02.043+0000] {processor.py:183} INFO - Processing /mnt/c/Users/Shivam Gupta/OneDrive/Documents/Shivam_Developement/data_engineering/data_engineering_project/batch-etl-pyspark/.venv/lib/python3.12/site-packages/airflow/example_dags/example_bash_operator.py took 0.152 seconds
[2025-07-16T19:49:44.588+0000] {processor.py:161} INFO - Started process (PID=15130) to work on /mnt/c/Users/Shivam Gupta/OneDrive/Documents/Shivam_Developement/data_engineering/data_engineering_project/batch-etl-pyspark/.venv/lib/python3.12/site-packages/airflow/example_dags/example_bash_operator.py
[2025-07-16T19:49:44.590+0000] {processor.py:830} INFO - Processing file /mnt/c/Users/Shivam Gupta/OneDrive/Documents/Shivam_Developement/data_engineering/data_engineering_project/batch-etl-pyspark/.venv/lib/python3.12/site-packages/airflow/example_dags/example_bash_operator.py for tasks to queue
[2025-07-16T19:49:44.594+0000] {logging_mixin.py:188} INFO - [2025-07-16T19:49:44.593+0000] {dagbag.py:545} INFO - Filling up the DagBag from /mnt/c/Users/Shivam Gupta/OneDrive/Documents/Shivam_Developement/data_engineering/data_engineering_project/batch-etl-pyspark/.venv/lib/python3.12/site-packages/airflow/example_dags/example_bash_operator.py
[2025-07-16T19:49:44.636+0000] {processor.py:840} INFO - DAG(s) 'example_bash_operator' retrieved from /mnt/c/Users/Shivam Gupta/OneDrive/Documents/Shivam_Developement/data_engineering/data_engineering_project/batch-etl-pyspark/.venv/lib/python3.12/site-packages/airflow/example_dags/example_bash_operator.py
[2025-07-16T19:49:44.685+0000] {logging_mixin.py:188} INFO - [2025-07-16T19:49:44.684+0000] {dag.py:3096} INFO - Sync 1 DAGs
[2025-07-16T19:49:44.724+0000] {logging_mixin.py:188} INFO - [2025-07-16T19:49:44.721+0000] {dag.py:3954} INFO - Setting next_dagrun for example_bash_operator to 2025-07-15 00:00:00+00:00, run_after=2025-07-16 00:00:00+00:00
[2025-07-16T19:49:44.824+0000] {processor.py:183} INFO - Processing /mnt/c/Users/Shivam Gupta/OneDrive/Documents/Shivam_Developement/data_engineering/data_engineering_project/batch-etl-pyspark/.venv/lib/python3.12/site-packages/airflow/example_dags/example_bash_operator.py took 0.251 seconds
[2025-07-16T19:51:13.198+0000] {processor.py:161} INFO - Started process (PID=15233) to work on /mnt/c/Users/Shivam Gupta/OneDrive/Documents/Shivam_Developement/data_engineering/data_engineering_project/batch-etl-pyspark/.venv/lib/python3.12/site-packages/airflow/example_dags/example_bash_operator.py
[2025-07-16T19:51:13.201+0000] {processor.py:830} INFO - Processing file /mnt/c/Users/Shivam Gupta/OneDrive/Documents/Shivam_Developement/data_engineering/data_engineering_project/batch-etl-pyspark/.venv/lib/python3.12/site-packages/airflow/example_dags/example_bash_operator.py for tasks to queue
[2025-07-16T19:51:13.205+0000] {logging_mixin.py:188} INFO - [2025-07-16T19:51:13.203+0000] {dagbag.py:545} INFO - Filling up the DagBag from /mnt/c/Users/Shivam Gupta/OneDrive/Documents/Shivam_Developement/data_engineering/data_engineering_project/batch-etl-pyspark/.venv/lib/python3.12/site-packages/airflow/example_dags/example_bash_operator.py
[2025-07-16T19:51:13.255+0000] {processor.py:840} INFO - DAG(s) 'example_bash_operator' retrieved from /mnt/c/Users/Shivam Gupta/OneDrive/Documents/Shivam_Developement/data_engineering/data_engineering_project/batch-etl-pyspark/.venv/lib/python3.12/site-packages/airflow/example_dags/example_bash_operator.py
[2025-07-16T19:51:13.297+0000] {logging_mixin.py:188} INFO - [2025-07-16T19:51:13.296+0000] {dag.py:3096} INFO - Sync 1 DAGs
[2025-07-16T19:51:13.337+0000] {logging_mixin.py:188} INFO - [2025-07-16T19:51:13.335+0000] {dag.py:3954} INFO - Setting next_dagrun for example_bash_operator to 2025-07-15 00:00:00+00:00, run_after=2025-07-16 00:00:00+00:00
[2025-07-16T19:51:13.445+0000] {processor.py:183} INFO - Processing /mnt/c/Users/Shivam Gupta/OneDrive/Documents/Shivam_Developement/data_engineering/data_engineering_project/batch-etl-pyspark/.venv/lib/python3.12/site-packages/airflow/example_dags/example_bash_operator.py took 0.260 seconds
[2025-07-16T19:52:40.613+0000] {processor.py:161} INFO - Started process (PID=15355) to work on /mnt/c/Users/Shivam Gupta/OneDrive/Documents/Shivam_Developement/data_engineering/data_engineering_project/batch-etl-pyspark/.venv/lib/python3.12/site-packages/airflow/example_dags/example_bash_operator.py
[2025-07-16T19:52:40.616+0000] {processor.py:830} INFO - Processing file /mnt/c/Users/Shivam Gupta/OneDrive/Documents/Shivam_Developement/data_engineering/data_engineering_project/batch-etl-pyspark/.venv/lib/python3.12/site-packages/airflow/example_dags/example_bash_operator.py for tasks to queue
[2025-07-16T19:52:40.620+0000] {logging_mixin.py:188} INFO - [2025-07-16T19:52:40.619+0000] {dagbag.py:545} INFO - Filling up the DagBag from /mnt/c/Users/Shivam Gupta/OneDrive/Documents/Shivam_Developement/data_engineering/data_engineering_project/batch-etl-pyspark/.venv/lib/python3.12/site-packages/airflow/example_dags/example_bash_operator.py
[2025-07-16T19:52:40.662+0000] {processor.py:840} INFO - DAG(s) 'example_bash_operator' retrieved from /mnt/c/Users/Shivam Gupta/OneDrive/Documents/Shivam_Developement/data_engineering/data_engineering_project/batch-etl-pyspark/.venv/lib/python3.12/site-packages/airflow/example_dags/example_bash_operator.py
[2025-07-16T19:52:40.704+0000] {logging_mixin.py:188} INFO - [2025-07-16T19:52:40.703+0000] {dag.py:3096} INFO - Sync 1 DAGs
[2025-07-16T19:52:40.731+0000] {logging_mixin.py:188} INFO - [2025-07-16T19:52:40.729+0000] {dag.py:3954} INFO - Setting next_dagrun for example_bash_operator to 2025-07-15 00:00:00+00:00, run_after=2025-07-16 00:00:00+00:00
[2025-07-16T19:52:40.820+0000] {processor.py:183} INFO - Processing /mnt/c/Users/Shivam Gupta/OneDrive/Documents/Shivam_Developement/data_engineering/data_engineering_project/batch-etl-pyspark/.venv/lib/python3.12/site-packages/airflow/example_dags/example_bash_operator.py took 0.222 seconds
