[2025-07-16T17:46:38.492+0000] {processor.py:161} INFO - Started process (PID=5746) to work on /mnt/c/Users/Shivam Gupta/OneDrive/Documents/Shivam_Developement/data_engineering/data_engineering_project/batch-etl-pyspark/.venv/lib/python3.12/site-packages/airflow/example_dags/example_trigger_target_dag.py
[2025-07-16T17:46:38.493+0000] {processor.py:830} INFO - Processing file /mnt/c/Users/Shivam Gupta/OneDrive/Documents/Shivam_Developement/data_engineering/data_engineering_project/batch-etl-pyspark/.venv/lib/python3.12/site-packages/airflow/example_dags/example_trigger_target_dag.py for tasks to queue
[2025-07-16T17:46:38.495+0000] {logging_mixin.py:188} INFO - [2025-07-16T17:46:38.494+0000] {dagbag.py:545} INFO - Filling up the DagBag from /mnt/c/Users/Shivam Gupta/OneDrive/Documents/Shivam_Developement/data_engineering/data_engineering_project/batch-etl-pyspark/.venv/lib/python3.12/site-packages/airflow/example_dags/example_trigger_target_dag.py
[2025-07-16T17:46:38.547+0000] {processor.py:840} INFO - DAG(s) 'example_trigger_target_dag' retrieved from /mnt/c/Users/Shivam Gupta/OneDrive/Documents/Shivam_Developement/data_engineering/data_engineering_project/batch-etl-pyspark/.venv/lib/python3.12/site-packages/airflow/example_dags/example_trigger_target_dag.py
[2025-07-16T17:46:39.271+0000] {logging_mixin.py:188} INFO - [2025-07-16T17:46:39.267+0000] {override.py:1930} INFO - Created Permission View: can read on DAG:example_trigger_target_dag
[2025-07-16T17:46:39.309+0000] {logging_mixin.py:188} INFO - [2025-07-16T17:46:39.308+0000] {override.py:1930} INFO - Created Permission View: can edit on DAG:example_trigger_target_dag
[2025-07-16T17:46:39.336+0000] {logging_mixin.py:188} INFO - [2025-07-16T17:46:39.335+0000] {override.py:1930} INFO - Created Permission View: can delete on DAG:example_trigger_target_dag
[2025-07-16T17:46:39.337+0000] {logging_mixin.py:188} INFO - [2025-07-16T17:46:39.337+0000] {dag.py:3096} INFO - Sync 1 DAGs
[2025-07-16T17:46:39.352+0000] {logging_mixin.py:188} INFO - [2025-07-16T17:46:39.351+0000] {dag.py:3118} INFO - Creating ORM DAG for example_trigger_target_dag
[2025-07-16T17:46:39.354+0000] {logging_mixin.py:188} INFO - [2025-07-16T17:46:39.353+0000] {dag.py:3954} INFO - Setting next_dagrun for example_trigger_target_dag to None, run_after=None
[2025-07-16T17:46:39.406+0000] {processor.py:183} INFO - Processing /mnt/c/Users/Shivam Gupta/OneDrive/Documents/Shivam_Developement/data_engineering/data_engineering_project/batch-etl-pyspark/.venv/lib/python3.12/site-packages/airflow/example_dags/example_trigger_target_dag.py took 0.924 seconds
[2025-07-16T17:48:38.178+0000] {processor.py:161} INFO - Started process (PID=5823) to work on /mnt/c/Users/Shivam Gupta/OneDrive/Documents/Shivam_Developement/data_engineering/data_engineering_project/batch-etl-pyspark/.venv/lib/python3.12/site-packages/airflow/example_dags/example_trigger_target_dag.py
[2025-07-16T17:48:38.179+0000] {processor.py:830} INFO - Processing file /mnt/c/Users/Shivam Gupta/OneDrive/Documents/Shivam_Developement/data_engineering/data_engineering_project/batch-etl-pyspark/.venv/lib/python3.12/site-packages/airflow/example_dags/example_trigger_target_dag.py for tasks to queue
[2025-07-16T17:48:38.182+0000] {logging_mixin.py:188} INFO - [2025-07-16T17:48:38.181+0000] {dagbag.py:545} INFO - Filling up the DagBag from /mnt/c/Users/Shivam Gupta/OneDrive/Documents/Shivam_Developement/data_engineering/data_engineering_project/batch-etl-pyspark/.venv/lib/python3.12/site-packages/airflow/example_dags/example_trigger_target_dag.py
[2025-07-16T17:48:38.196+0000] {processor.py:840} INFO - DAG(s) 'example_trigger_target_dag' retrieved from /mnt/c/Users/Shivam Gupta/OneDrive/Documents/Shivam_Developement/data_engineering/data_engineering_project/batch-etl-pyspark/.venv/lib/python3.12/site-packages/airflow/example_dags/example_trigger_target_dag.py
[2025-07-16T17:48:38.216+0000] {logging_mixin.py:188} INFO - [2025-07-16T17:48:38.216+0000] {dag.py:3096} INFO - Sync 1 DAGs
[2025-07-16T17:48:38.227+0000] {logging_mixin.py:188} INFO - [2025-07-16T17:48:38.226+0000] {dag.py:3954} INFO - Setting next_dagrun for example_trigger_target_dag to None, run_after=None
[2025-07-16T17:48:38.305+0000] {processor.py:183} INFO - Processing /mnt/c/Users/Shivam Gupta/OneDrive/Documents/Shivam_Developement/data_engineering/data_engineering_project/batch-etl-pyspark/.venv/lib/python3.12/site-packages/airflow/example_dags/example_trigger_target_dag.py took 0.135 seconds
[2025-07-16T17:49:37.276+0000] {processor.py:161} INFO - Started process (PID=5884) to work on /mnt/c/Users/Shivam Gupta/OneDrive/Documents/Shivam_Developement/data_engineering/data_engineering_project/batch-etl-pyspark/.venv/lib/python3.12/site-packages/airflow/example_dags/example_trigger_target_dag.py
[2025-07-16T17:49:37.278+0000] {processor.py:830} INFO - Processing file /mnt/c/Users/Shivam Gupta/OneDrive/Documents/Shivam_Developement/data_engineering/data_engineering_project/batch-etl-pyspark/.venv/lib/python3.12/site-packages/airflow/example_dags/example_trigger_target_dag.py for tasks to queue
[2025-07-16T17:49:37.281+0000] {logging_mixin.py:188} INFO - [2025-07-16T17:49:37.280+0000] {dagbag.py:545} INFO - Filling up the DagBag from /mnt/c/Users/Shivam Gupta/OneDrive/Documents/Shivam_Developement/data_engineering/data_engineering_project/batch-etl-pyspark/.venv/lib/python3.12/site-packages/airflow/example_dags/example_trigger_target_dag.py
[2025-07-16T17:49:37.301+0000] {processor.py:840} INFO - DAG(s) 'example_trigger_target_dag' retrieved from /mnt/c/Users/Shivam Gupta/OneDrive/Documents/Shivam_Developement/data_engineering/data_engineering_project/batch-etl-pyspark/.venv/lib/python3.12/site-packages/airflow/example_dags/example_trigger_target_dag.py
[2025-07-16T17:49:37.326+0000] {logging_mixin.py:188} INFO - [2025-07-16T17:49:37.325+0000] {dag.py:3096} INFO - Sync 1 DAGs
[2025-07-16T17:49:37.337+0000] {logging_mixin.py:188} INFO - [2025-07-16T17:49:37.337+0000] {dag.py:3954} INFO - Setting next_dagrun for example_trigger_target_dag to None, run_after=None
[2025-07-16T17:49:37.391+0000] {processor.py:183} INFO - Processing /mnt/c/Users/Shivam Gupta/OneDrive/Documents/Shivam_Developement/data_engineering/data_engineering_project/batch-etl-pyspark/.venv/lib/python3.12/site-packages/airflow/example_dags/example_trigger_target_dag.py took 0.126 seconds
[2025-07-16T17:51:08.420+0000] {processor.py:161} INFO - Started process (PID=5974) to work on /mnt/c/Users/Shivam Gupta/OneDrive/Documents/Shivam_Developement/data_engineering/data_engineering_project/batch-etl-pyspark/.venv/lib/python3.12/site-packages/airflow/example_dags/example_trigger_target_dag.py
[2025-07-16T17:51:08.422+0000] {processor.py:830} INFO - Processing file /mnt/c/Users/Shivam Gupta/OneDrive/Documents/Shivam_Developement/data_engineering/data_engineering_project/batch-etl-pyspark/.venv/lib/python3.12/site-packages/airflow/example_dags/example_trigger_target_dag.py for tasks to queue
[2025-07-16T17:51:08.424+0000] {logging_mixin.py:188} INFO - [2025-07-16T17:51:08.423+0000] {dagbag.py:545} INFO - Filling up the DagBag from /mnt/c/Users/Shivam Gupta/OneDrive/Documents/Shivam_Developement/data_engineering/data_engineering_project/batch-etl-pyspark/.venv/lib/python3.12/site-packages/airflow/example_dags/example_trigger_target_dag.py
[2025-07-16T17:51:08.439+0000] {processor.py:840} INFO - DAG(s) 'example_trigger_target_dag' retrieved from /mnt/c/Users/Shivam Gupta/OneDrive/Documents/Shivam_Developement/data_engineering/data_engineering_project/batch-etl-pyspark/.venv/lib/python3.12/site-packages/airflow/example_dags/example_trigger_target_dag.py
[2025-07-16T17:51:08.459+0000] {logging_mixin.py:188} INFO - [2025-07-16T17:51:08.458+0000] {dag.py:3096} INFO - Sync 1 DAGs
[2025-07-16T17:51:08.471+0000] {logging_mixin.py:188} INFO - [2025-07-16T17:51:08.471+0000] {dag.py:3954} INFO - Setting next_dagrun for example_trigger_target_dag to None, run_after=None
[2025-07-16T17:51:08.528+0000] {processor.py:183} INFO - Processing /mnt/c/Users/Shivam Gupta/OneDrive/Documents/Shivam_Developement/data_engineering/data_engineering_project/batch-etl-pyspark/.venv/lib/python3.12/site-packages/airflow/example_dags/example_trigger_target_dag.py took 0.116 seconds
[2025-07-16T17:52:15.109+0000] {processor.py:161} INFO - Started process (PID=6043) to work on /mnt/c/Users/Shivam Gupta/OneDrive/Documents/Shivam_Developement/data_engineering/data_engineering_project/batch-etl-pyspark/.venv/lib/python3.12/site-packages/airflow/example_dags/example_trigger_target_dag.py
[2025-07-16T17:52:15.110+0000] {processor.py:830} INFO - Processing file /mnt/c/Users/Shivam Gupta/OneDrive/Documents/Shivam_Developement/data_engineering/data_engineering_project/batch-etl-pyspark/.venv/lib/python3.12/site-packages/airflow/example_dags/example_trigger_target_dag.py for tasks to queue
[2025-07-16T17:52:15.113+0000] {logging_mixin.py:188} INFO - [2025-07-16T17:52:15.112+0000] {dagbag.py:545} INFO - Filling up the DagBag from /mnt/c/Users/Shivam Gupta/OneDrive/Documents/Shivam_Developement/data_engineering/data_engineering_project/batch-etl-pyspark/.venv/lib/python3.12/site-packages/airflow/example_dags/example_trigger_target_dag.py
[2025-07-16T17:52:15.132+0000] {processor.py:840} INFO - DAG(s) 'example_trigger_target_dag' retrieved from /mnt/c/Users/Shivam Gupta/OneDrive/Documents/Shivam_Developement/data_engineering/data_engineering_project/batch-etl-pyspark/.venv/lib/python3.12/site-packages/airflow/example_dags/example_trigger_target_dag.py
[2025-07-16T17:52:15.154+0000] {logging_mixin.py:188} INFO - [2025-07-16T17:52:15.153+0000] {dag.py:3096} INFO - Sync 1 DAGs
[2025-07-16T17:52:15.165+0000] {logging_mixin.py:188} INFO - [2025-07-16T17:52:15.164+0000] {dag.py:3954} INFO - Setting next_dagrun for example_trigger_target_dag to None, run_after=None
[2025-07-16T17:52:15.248+0000] {processor.py:183} INFO - Processing /mnt/c/Users/Shivam Gupta/OneDrive/Documents/Shivam_Developement/data_engineering/data_engineering_project/batch-etl-pyspark/.venv/lib/python3.12/site-packages/airflow/example_dags/example_trigger_target_dag.py took 0.149 seconds
[2025-07-16T17:53:43.389+0000] {processor.py:161} INFO - Started process (PID=6130) to work on /mnt/c/Users/Shivam Gupta/OneDrive/Documents/Shivam_Developement/data_engineering/data_engineering_project/batch-etl-pyspark/.venv/lib/python3.12/site-packages/airflow/example_dags/example_trigger_target_dag.py
[2025-07-16T17:53:43.391+0000] {processor.py:830} INFO - Processing file /mnt/c/Users/Shivam Gupta/OneDrive/Documents/Shivam_Developement/data_engineering/data_engineering_project/batch-etl-pyspark/.venv/lib/python3.12/site-packages/airflow/example_dags/example_trigger_target_dag.py for tasks to queue
[2025-07-16T17:53:43.394+0000] {logging_mixin.py:188} INFO - [2025-07-16T17:53:43.393+0000] {dagbag.py:545} INFO - Filling up the DagBag from /mnt/c/Users/Shivam Gupta/OneDrive/Documents/Shivam_Developement/data_engineering/data_engineering_project/batch-etl-pyspark/.venv/lib/python3.12/site-packages/airflow/example_dags/example_trigger_target_dag.py
[2025-07-16T17:53:43.417+0000] {processor.py:840} INFO - DAG(s) 'example_trigger_target_dag' retrieved from /mnt/c/Users/Shivam Gupta/OneDrive/Documents/Shivam_Developement/data_engineering/data_engineering_project/batch-etl-pyspark/.venv/lib/python3.12/site-packages/airflow/example_dags/example_trigger_target_dag.py
[2025-07-16T17:53:43.453+0000] {logging_mixin.py:188} INFO - [2025-07-16T17:53:43.451+0000] {dag.py:3096} INFO - Sync 1 DAGs
[2025-07-16T17:53:43.469+0000] {logging_mixin.py:188} INFO - [2025-07-16T17:53:43.468+0000] {dag.py:3954} INFO - Setting next_dagrun for example_trigger_target_dag to None, run_after=None
[2025-07-16T17:53:43.572+0000] {processor.py:183} INFO - Processing /mnt/c/Users/Shivam Gupta/OneDrive/Documents/Shivam_Developement/data_engineering/data_engineering_project/batch-etl-pyspark/.venv/lib/python3.12/site-packages/airflow/example_dags/example_trigger_target_dag.py took 0.194 seconds
[2025-07-16T17:55:14.334+0000] {processor.py:161} INFO - Started process (PID=6219) to work on /mnt/c/Users/Shivam Gupta/OneDrive/Documents/Shivam_Developement/data_engineering/data_engineering_project/batch-etl-pyspark/.venv/lib/python3.12/site-packages/airflow/example_dags/example_trigger_target_dag.py
[2025-07-16T17:55:14.338+0000] {processor.py:830} INFO - Processing file /mnt/c/Users/Shivam Gupta/OneDrive/Documents/Shivam_Developement/data_engineering/data_engineering_project/batch-etl-pyspark/.venv/lib/python3.12/site-packages/airflow/example_dags/example_trigger_target_dag.py for tasks to queue
[2025-07-16T17:55:14.344+0000] {logging_mixin.py:188} INFO - [2025-07-16T17:55:14.342+0000] {dagbag.py:545} INFO - Filling up the DagBag from /mnt/c/Users/Shivam Gupta/OneDrive/Documents/Shivam_Developement/data_engineering/data_engineering_project/batch-etl-pyspark/.venv/lib/python3.12/site-packages/airflow/example_dags/example_trigger_target_dag.py
[2025-07-16T17:55:14.379+0000] {processor.py:840} INFO - DAG(s) 'example_trigger_target_dag' retrieved from /mnt/c/Users/Shivam Gupta/OneDrive/Documents/Shivam_Developement/data_engineering/data_engineering_project/batch-etl-pyspark/.venv/lib/python3.12/site-packages/airflow/example_dags/example_trigger_target_dag.py
[2025-07-16T17:55:14.414+0000] {logging_mixin.py:188} INFO - [2025-07-16T17:55:14.413+0000] {dag.py:3096} INFO - Sync 1 DAGs
[2025-07-16T17:55:14.428+0000] {logging_mixin.py:188} INFO - [2025-07-16T17:55:14.427+0000] {dag.py:3954} INFO - Setting next_dagrun for example_trigger_target_dag to None, run_after=None
[2025-07-16T17:55:14.513+0000] {processor.py:183} INFO - Processing /mnt/c/Users/Shivam Gupta/OneDrive/Documents/Shivam_Developement/data_engineering/data_engineering_project/batch-etl-pyspark/.venv/lib/python3.12/site-packages/airflow/example_dags/example_trigger_target_dag.py took 0.196 seconds
[2025-07-16T18:02:17.939+0000] {processor.py:161} INFO - Started process (PID=6727) to work on /mnt/c/Users/Shivam Gupta/OneDrive/Documents/Shivam_Developement/data_engineering/data_engineering_project/batch-etl-pyspark/.venv/lib/python3.12/site-packages/airflow/example_dags/example_trigger_target_dag.py
[2025-07-16T18:02:17.941+0000] {processor.py:830} INFO - Processing file /mnt/c/Users/Shivam Gupta/OneDrive/Documents/Shivam_Developement/data_engineering/data_engineering_project/batch-etl-pyspark/.venv/lib/python3.12/site-packages/airflow/example_dags/example_trigger_target_dag.py for tasks to queue
[2025-07-16T18:02:17.944+0000] {logging_mixin.py:188} INFO - [2025-07-16T18:02:17.943+0000] {dagbag.py:545} INFO - Filling up the DagBag from /mnt/c/Users/Shivam Gupta/OneDrive/Documents/Shivam_Developement/data_engineering/data_engineering_project/batch-etl-pyspark/.venv/lib/python3.12/site-packages/airflow/example_dags/example_trigger_target_dag.py
[2025-07-16T18:02:18.024+0000] {processor.py:840} INFO - DAG(s) 'example_trigger_target_dag' retrieved from /mnt/c/Users/Shivam Gupta/OneDrive/Documents/Shivam_Developement/data_engineering/data_engineering_project/batch-etl-pyspark/.venv/lib/python3.12/site-packages/airflow/example_dags/example_trigger_target_dag.py
[2025-07-16T18:02:18.159+0000] {logging_mixin.py:188} INFO - [2025-07-16T18:02:18.158+0000] {dag.py:3096} INFO - Sync 1 DAGs
[2025-07-16T18:02:18.173+0000] {logging_mixin.py:188} INFO - [2025-07-16T18:02:18.172+0000] {dag.py:3954} INFO - Setting next_dagrun for example_trigger_target_dag to None, run_after=None
[2025-07-16T18:02:18.287+0000] {processor.py:183} INFO - Processing /mnt/c/Users/Shivam Gupta/OneDrive/Documents/Shivam_Developement/data_engineering/data_engineering_project/batch-etl-pyspark/.venv/lib/python3.12/site-packages/airflow/example_dags/example_trigger_target_dag.py took 0.358 seconds
[2025-07-16T18:03:40.942+0000] {processor.py:161} INFO - Started process (PID=6794) to work on /mnt/c/Users/Shivam Gupta/OneDrive/Documents/Shivam_Developement/data_engineering/data_engineering_project/batch-etl-pyspark/.venv/lib/python3.12/site-packages/airflow/example_dags/example_trigger_target_dag.py
[2025-07-16T18:03:40.945+0000] {processor.py:830} INFO - Processing file /mnt/c/Users/Shivam Gupta/OneDrive/Documents/Shivam_Developement/data_engineering/data_engineering_project/batch-etl-pyspark/.venv/lib/python3.12/site-packages/airflow/example_dags/example_trigger_target_dag.py for tasks to queue
[2025-07-16T18:03:40.948+0000] {logging_mixin.py:188} INFO - [2025-07-16T18:03:40.947+0000] {dagbag.py:545} INFO - Filling up the DagBag from /mnt/c/Users/Shivam Gupta/OneDrive/Documents/Shivam_Developement/data_engineering/data_engineering_project/batch-etl-pyspark/.venv/lib/python3.12/site-packages/airflow/example_dags/example_trigger_target_dag.py
[2025-07-16T18:03:40.968+0000] {processor.py:840} INFO - DAG(s) 'example_trigger_target_dag' retrieved from /mnt/c/Users/Shivam Gupta/OneDrive/Documents/Shivam_Developement/data_engineering/data_engineering_project/batch-etl-pyspark/.venv/lib/python3.12/site-packages/airflow/example_dags/example_trigger_target_dag.py
[2025-07-16T18:03:40.987+0000] {logging_mixin.py:188} INFO - [2025-07-16T18:03:40.986+0000] {dag.py:3096} INFO - Sync 1 DAGs
[2025-07-16T18:03:40.999+0000] {logging_mixin.py:188} INFO - [2025-07-16T18:03:40.998+0000] {dag.py:3954} INFO - Setting next_dagrun for example_trigger_target_dag to None, run_after=None
[2025-07-16T18:03:41.068+0000] {processor.py:183} INFO - Processing /mnt/c/Users/Shivam Gupta/OneDrive/Documents/Shivam_Developement/data_engineering/data_engineering_project/batch-etl-pyspark/.venv/lib/python3.12/site-packages/airflow/example_dags/example_trigger_target_dag.py took 0.139 seconds
[2025-07-16T18:38:10.772+0000] {processor.py:161} INFO - Started process (PID=8674) to work on /mnt/c/Users/Shivam Gupta/OneDrive/Documents/Shivam_Developement/data_engineering/data_engineering_project/batch-etl-pyspark/.venv/lib/python3.12/site-packages/airflow/example_dags/example_trigger_target_dag.py
[2025-07-16T18:38:10.774+0000] {processor.py:830} INFO - Processing file /mnt/c/Users/Shivam Gupta/OneDrive/Documents/Shivam_Developement/data_engineering/data_engineering_project/batch-etl-pyspark/.venv/lib/python3.12/site-packages/airflow/example_dags/example_trigger_target_dag.py for tasks to queue
[2025-07-16T18:38:10.776+0000] {logging_mixin.py:188} INFO - [2025-07-16T18:38:10.775+0000] {dagbag.py:545} INFO - Filling up the DagBag from /mnt/c/Users/Shivam Gupta/OneDrive/Documents/Shivam_Developement/data_engineering/data_engineering_project/batch-etl-pyspark/.venv/lib/python3.12/site-packages/airflow/example_dags/example_trigger_target_dag.py
[2025-07-16T18:38:10.832+0000] {processor.py:840} INFO - DAG(s) 'example_trigger_target_dag' retrieved from /mnt/c/Users/Shivam Gupta/OneDrive/Documents/Shivam_Developement/data_engineering/data_engineering_project/batch-etl-pyspark/.venv/lib/python3.12/site-packages/airflow/example_dags/example_trigger_target_dag.py
[2025-07-16T18:38:10.906+0000] {logging_mixin.py:188} INFO - [2025-07-16T18:38:10.906+0000] {dag.py:3096} INFO - Sync 1 DAGs
[2025-07-16T18:38:10.923+0000] {logging_mixin.py:188} INFO - [2025-07-16T18:38:10.922+0000] {dag.py:3954} INFO - Setting next_dagrun for example_trigger_target_dag to None, run_after=None
[2025-07-16T18:38:10.979+0000] {processor.py:183} INFO - Processing /mnt/c/Users/Shivam Gupta/OneDrive/Documents/Shivam_Developement/data_engineering/data_engineering_project/batch-etl-pyspark/.venv/lib/python3.12/site-packages/airflow/example_dags/example_trigger_target_dag.py took 0.214 seconds
[2025-07-16T18:52:17.955+0000] {processor.py:161} INFO - Started process (PID=9374) to work on /mnt/c/Users/Shivam Gupta/OneDrive/Documents/Shivam_Developement/data_engineering/data_engineering_project/batch-etl-pyspark/.venv/lib/python3.12/site-packages/airflow/example_dags/example_trigger_target_dag.py
[2025-07-16T18:52:17.957+0000] {processor.py:830} INFO - Processing file /mnt/c/Users/Shivam Gupta/OneDrive/Documents/Shivam_Developement/data_engineering/data_engineering_project/batch-etl-pyspark/.venv/lib/python3.12/site-packages/airflow/example_dags/example_trigger_target_dag.py for tasks to queue
[2025-07-16T18:52:17.962+0000] {logging_mixin.py:188} INFO - [2025-07-16T18:52:17.960+0000] {dagbag.py:545} INFO - Filling up the DagBag from /mnt/c/Users/Shivam Gupta/OneDrive/Documents/Shivam_Developement/data_engineering/data_engineering_project/batch-etl-pyspark/.venv/lib/python3.12/site-packages/airflow/example_dags/example_trigger_target_dag.py
[2025-07-16T18:52:18.120+0000] {processor.py:840} INFO - DAG(s) 'example_trigger_target_dag' retrieved from /mnt/c/Users/Shivam Gupta/OneDrive/Documents/Shivam_Developement/data_engineering/data_engineering_project/batch-etl-pyspark/.venv/lib/python3.12/site-packages/airflow/example_dags/example_trigger_target_dag.py
[2025-07-16T18:52:18.326+0000] {logging_mixin.py:188} INFO - [2025-07-16T18:52:18.321+0000] {dag.py:3096} INFO - Sync 1 DAGs
[2025-07-16T18:52:18.348+0000] {logging_mixin.py:188} INFO - [2025-07-16T18:52:18.346+0000] {dag.py:3954} INFO - Setting next_dagrun for example_trigger_target_dag to None, run_after=None
[2025-07-16T18:52:18.453+0000] {processor.py:183} INFO - Processing /mnt/c/Users/Shivam Gupta/OneDrive/Documents/Shivam_Developement/data_engineering/data_engineering_project/batch-etl-pyspark/.venv/lib/python3.12/site-packages/airflow/example_dags/example_trigger_target_dag.py took 0.520 seconds
[2025-07-16T18:53:30.537+0000] {processor.py:161} INFO - Started process (PID=9441) to work on /mnt/c/Users/Shivam Gupta/OneDrive/Documents/Shivam_Developement/data_engineering/data_engineering_project/batch-etl-pyspark/.venv/lib/python3.12/site-packages/airflow/example_dags/example_trigger_target_dag.py
[2025-07-16T18:53:30.538+0000] {processor.py:830} INFO - Processing file /mnt/c/Users/Shivam Gupta/OneDrive/Documents/Shivam_Developement/data_engineering/data_engineering_project/batch-etl-pyspark/.venv/lib/python3.12/site-packages/airflow/example_dags/example_trigger_target_dag.py for tasks to queue
[2025-07-16T18:53:30.540+0000] {logging_mixin.py:188} INFO - [2025-07-16T18:53:30.540+0000] {dagbag.py:545} INFO - Filling up the DagBag from /mnt/c/Users/Shivam Gupta/OneDrive/Documents/Shivam_Developement/data_engineering/data_engineering_project/batch-etl-pyspark/.venv/lib/python3.12/site-packages/airflow/example_dags/example_trigger_target_dag.py
[2025-07-16T18:53:30.552+0000] {processor.py:840} INFO - DAG(s) 'example_trigger_target_dag' retrieved from /mnt/c/Users/Shivam Gupta/OneDrive/Documents/Shivam_Developement/data_engineering/data_engineering_project/batch-etl-pyspark/.venv/lib/python3.12/site-packages/airflow/example_dags/example_trigger_target_dag.py
[2025-07-16T18:53:30.569+0000] {logging_mixin.py:188} INFO - [2025-07-16T18:53:30.569+0000] {dag.py:3096} INFO - Sync 1 DAGs
[2025-07-16T18:53:30.578+0000] {logging_mixin.py:188} INFO - [2025-07-16T18:53:30.577+0000] {dag.py:3954} INFO - Setting next_dagrun for example_trigger_target_dag to None, run_after=None
[2025-07-16T18:53:30.635+0000] {processor.py:183} INFO - Processing /mnt/c/Users/Shivam Gupta/OneDrive/Documents/Shivam_Developement/data_engineering/data_engineering_project/batch-etl-pyspark/.venv/lib/python3.12/site-packages/airflow/example_dags/example_trigger_target_dag.py took 0.105 seconds
[2025-07-16T18:54:54.024+0000] {processor.py:161} INFO - Started process (PID=9583) to work on /mnt/c/Users/Shivam Gupta/OneDrive/Documents/Shivam_Developement/data_engineering/data_engineering_project/batch-etl-pyspark/.venv/lib/python3.12/site-packages/airflow/example_dags/example_trigger_target_dag.py
[2025-07-16T18:54:54.025+0000] {processor.py:830} INFO - Processing file /mnt/c/Users/Shivam Gupta/OneDrive/Documents/Shivam_Developement/data_engineering/data_engineering_project/batch-etl-pyspark/.venv/lib/python3.12/site-packages/airflow/example_dags/example_trigger_target_dag.py for tasks to queue
[2025-07-16T18:54:54.028+0000] {logging_mixin.py:188} INFO - [2025-07-16T18:54:54.027+0000] {dagbag.py:545} INFO - Filling up the DagBag from /mnt/c/Users/Shivam Gupta/OneDrive/Documents/Shivam_Developement/data_engineering/data_engineering_project/batch-etl-pyspark/.venv/lib/python3.12/site-packages/airflow/example_dags/example_trigger_target_dag.py
[2025-07-16T18:54:54.043+0000] {processor.py:840} INFO - DAG(s) 'example_trigger_target_dag' retrieved from /mnt/c/Users/Shivam Gupta/OneDrive/Documents/Shivam_Developement/data_engineering/data_engineering_project/batch-etl-pyspark/.venv/lib/python3.12/site-packages/airflow/example_dags/example_trigger_target_dag.py
[2025-07-16T18:54:54.063+0000] {logging_mixin.py:188} INFO - [2025-07-16T18:54:54.063+0000] {dag.py:3096} INFO - Sync 1 DAGs
[2025-07-16T18:54:54.074+0000] {logging_mixin.py:188} INFO - [2025-07-16T18:54:54.073+0000] {dag.py:3954} INFO - Setting next_dagrun for example_trigger_target_dag to None, run_after=None
[2025-07-16T18:54:54.129+0000] {processor.py:183} INFO - Processing /mnt/c/Users/Shivam Gupta/OneDrive/Documents/Shivam_Developement/data_engineering/data_engineering_project/batch-etl-pyspark/.venv/lib/python3.12/site-packages/airflow/example_dags/example_trigger_target_dag.py took 0.114 seconds
[2025-07-16T18:56:10.931+0000] {processor.py:161} INFO - Started process (PID=9822) to work on /mnt/c/Users/Shivam Gupta/OneDrive/Documents/Shivam_Developement/data_engineering/data_engineering_project/batch-etl-pyspark/.venv/lib/python3.12/site-packages/airflow/example_dags/example_trigger_target_dag.py
[2025-07-16T18:56:10.932+0000] {processor.py:830} INFO - Processing file /mnt/c/Users/Shivam Gupta/OneDrive/Documents/Shivam_Developement/data_engineering/data_engineering_project/batch-etl-pyspark/.venv/lib/python3.12/site-packages/airflow/example_dags/example_trigger_target_dag.py for tasks to queue
[2025-07-16T18:56:10.934+0000] {logging_mixin.py:188} INFO - [2025-07-16T18:56:10.934+0000] {dagbag.py:545} INFO - Filling up the DagBag from /mnt/c/Users/Shivam Gupta/OneDrive/Documents/Shivam_Developement/data_engineering/data_engineering_project/batch-etl-pyspark/.venv/lib/python3.12/site-packages/airflow/example_dags/example_trigger_target_dag.py
[2025-07-16T18:56:10.950+0000] {processor.py:840} INFO - DAG(s) 'example_trigger_target_dag' retrieved from /mnt/c/Users/Shivam Gupta/OneDrive/Documents/Shivam_Developement/data_engineering/data_engineering_project/batch-etl-pyspark/.venv/lib/python3.12/site-packages/airflow/example_dags/example_trigger_target_dag.py
[2025-07-16T18:56:10.970+0000] {logging_mixin.py:188} INFO - [2025-07-16T18:56:10.969+0000] {dag.py:3096} INFO - Sync 1 DAGs
[2025-07-16T18:56:10.980+0000] {logging_mixin.py:188} INFO - [2025-07-16T18:56:10.979+0000] {dag.py:3954} INFO - Setting next_dagrun for example_trigger_target_dag to None, run_after=None
[2025-07-16T18:56:11.033+0000] {processor.py:183} INFO - Processing /mnt/c/Users/Shivam Gupta/OneDrive/Documents/Shivam_Developement/data_engineering/data_engineering_project/batch-etl-pyspark/.venv/lib/python3.12/site-packages/airflow/example_dags/example_trigger_target_dag.py took 0.110 seconds
[2025-07-16T18:57:27.050+0000] {processor.py:161} INFO - Started process (PID=9973) to work on /mnt/c/Users/Shivam Gupta/OneDrive/Documents/Shivam_Developement/data_engineering/data_engineering_project/batch-etl-pyspark/.venv/lib/python3.12/site-packages/airflow/example_dags/example_trigger_target_dag.py
[2025-07-16T18:57:27.052+0000] {processor.py:830} INFO - Processing file /mnt/c/Users/Shivam Gupta/OneDrive/Documents/Shivam_Developement/data_engineering/data_engineering_project/batch-etl-pyspark/.venv/lib/python3.12/site-packages/airflow/example_dags/example_trigger_target_dag.py for tasks to queue
[2025-07-16T18:57:27.056+0000] {logging_mixin.py:188} INFO - [2025-07-16T18:57:27.055+0000] {dagbag.py:545} INFO - Filling up the DagBag from /mnt/c/Users/Shivam Gupta/OneDrive/Documents/Shivam_Developement/data_engineering/data_engineering_project/batch-etl-pyspark/.venv/lib/python3.12/site-packages/airflow/example_dags/example_trigger_target_dag.py
[2025-07-16T18:57:27.080+0000] {processor.py:840} INFO - DAG(s) 'example_trigger_target_dag' retrieved from /mnt/c/Users/Shivam Gupta/OneDrive/Documents/Shivam_Developement/data_engineering/data_engineering_project/batch-etl-pyspark/.venv/lib/python3.12/site-packages/airflow/example_dags/example_trigger_target_dag.py
[2025-07-16T18:57:27.108+0000] {logging_mixin.py:188} INFO - [2025-07-16T18:57:27.107+0000] {dag.py:3096} INFO - Sync 1 DAGs
[2025-07-16T18:57:27.123+0000] {logging_mixin.py:188} INFO - [2025-07-16T18:57:27.122+0000] {dag.py:3954} INFO - Setting next_dagrun for example_trigger_target_dag to None, run_after=None
[2025-07-16T18:57:27.205+0000] {processor.py:183} INFO - Processing /mnt/c/Users/Shivam Gupta/OneDrive/Documents/Shivam_Developement/data_engineering/data_engineering_project/batch-etl-pyspark/.venv/lib/python3.12/site-packages/airflow/example_dags/example_trigger_target_dag.py took 0.165 seconds
[2025-07-16T18:58:49.186+0000] {processor.py:161} INFO - Started process (PID=10113) to work on /mnt/c/Users/Shivam Gupta/OneDrive/Documents/Shivam_Developement/data_engineering/data_engineering_project/batch-etl-pyspark/.venv/lib/python3.12/site-packages/airflow/example_dags/example_trigger_target_dag.py
[2025-07-16T18:58:49.188+0000] {processor.py:830} INFO - Processing file /mnt/c/Users/Shivam Gupta/OneDrive/Documents/Shivam_Developement/data_engineering/data_engineering_project/batch-etl-pyspark/.venv/lib/python3.12/site-packages/airflow/example_dags/example_trigger_target_dag.py for tasks to queue
[2025-07-16T18:58:49.193+0000] {logging_mixin.py:188} INFO - [2025-07-16T18:58:49.191+0000] {dagbag.py:545} INFO - Filling up the DagBag from /mnt/c/Users/Shivam Gupta/OneDrive/Documents/Shivam_Developement/data_engineering/data_engineering_project/batch-etl-pyspark/.venv/lib/python3.12/site-packages/airflow/example_dags/example_trigger_target_dag.py
[2025-07-16T18:58:49.229+0000] {processor.py:840} INFO - DAG(s) 'example_trigger_target_dag' retrieved from /mnt/c/Users/Shivam Gupta/OneDrive/Documents/Shivam_Developement/data_engineering/data_engineering_project/batch-etl-pyspark/.venv/lib/python3.12/site-packages/airflow/example_dags/example_trigger_target_dag.py
[2025-07-16T18:58:49.273+0000] {logging_mixin.py:188} INFO - [2025-07-16T18:58:49.272+0000] {dag.py:3096} INFO - Sync 1 DAGs
[2025-07-16T18:58:49.291+0000] {logging_mixin.py:188} INFO - [2025-07-16T18:58:49.289+0000] {dag.py:3954} INFO - Setting next_dagrun for example_trigger_target_dag to None, run_after=None
[2025-07-16T18:58:49.408+0000] {processor.py:183} INFO - Processing /mnt/c/Users/Shivam Gupta/OneDrive/Documents/Shivam_Developement/data_engineering/data_engineering_project/batch-etl-pyspark/.venv/lib/python3.12/site-packages/airflow/example_dags/example_trigger_target_dag.py took 0.239 seconds
[2025-07-16T19:00:19.243+0000] {processor.py:161} INFO - Started process (PID=10311) to work on /mnt/c/Users/Shivam Gupta/OneDrive/Documents/Shivam_Developement/data_engineering/data_engineering_project/batch-etl-pyspark/.venv/lib/python3.12/site-packages/airflow/example_dags/example_trigger_target_dag.py
[2025-07-16T19:00:19.246+0000] {processor.py:830} INFO - Processing file /mnt/c/Users/Shivam Gupta/OneDrive/Documents/Shivam_Developement/data_engineering/data_engineering_project/batch-etl-pyspark/.venv/lib/python3.12/site-packages/airflow/example_dags/example_trigger_target_dag.py for tasks to queue
[2025-07-16T19:00:19.250+0000] {logging_mixin.py:188} INFO - [2025-07-16T19:00:19.248+0000] {dagbag.py:545} INFO - Filling up the DagBag from /mnt/c/Users/Shivam Gupta/OneDrive/Documents/Shivam_Developement/data_engineering/data_engineering_project/batch-etl-pyspark/.venv/lib/python3.12/site-packages/airflow/example_dags/example_trigger_target_dag.py
[2025-07-16T19:00:19.285+0000] {processor.py:840} INFO - DAG(s) 'example_trigger_target_dag' retrieved from /mnt/c/Users/Shivam Gupta/OneDrive/Documents/Shivam_Developement/data_engineering/data_engineering_project/batch-etl-pyspark/.venv/lib/python3.12/site-packages/airflow/example_dags/example_trigger_target_dag.py
[2025-07-16T19:00:19.325+0000] {logging_mixin.py:188} INFO - [2025-07-16T19:00:19.324+0000] {dag.py:3096} INFO - Sync 1 DAGs
[2025-07-16T19:00:19.341+0000] {logging_mixin.py:188} INFO - [2025-07-16T19:00:19.340+0000] {dag.py:3954} INFO - Setting next_dagrun for example_trigger_target_dag to None, run_after=None
[2025-07-16T19:00:19.436+0000] {processor.py:183} INFO - Processing /mnt/c/Users/Shivam Gupta/OneDrive/Documents/Shivam_Developement/data_engineering/data_engineering_project/batch-etl-pyspark/.venv/lib/python3.12/site-packages/airflow/example_dags/example_trigger_target_dag.py took 0.211 seconds
[2025-07-16T19:01:48.576+0000] {processor.py:161} INFO - Started process (PID=10504) to work on /mnt/c/Users/Shivam Gupta/OneDrive/Documents/Shivam_Developement/data_engineering/data_engineering_project/batch-etl-pyspark/.venv/lib/python3.12/site-packages/airflow/example_dags/example_trigger_target_dag.py
[2025-07-16T19:01:48.579+0000] {processor.py:830} INFO - Processing file /mnt/c/Users/Shivam Gupta/OneDrive/Documents/Shivam_Developement/data_engineering/data_engineering_project/batch-etl-pyspark/.venv/lib/python3.12/site-packages/airflow/example_dags/example_trigger_target_dag.py for tasks to queue
[2025-07-16T19:01:48.582+0000] {logging_mixin.py:188} INFO - [2025-07-16T19:01:48.581+0000] {dagbag.py:545} INFO - Filling up the DagBag from /mnt/c/Users/Shivam Gupta/OneDrive/Documents/Shivam_Developement/data_engineering/data_engineering_project/batch-etl-pyspark/.venv/lib/python3.12/site-packages/airflow/example_dags/example_trigger_target_dag.py
[2025-07-16T19:01:48.611+0000] {processor.py:840} INFO - DAG(s) 'example_trigger_target_dag' retrieved from /mnt/c/Users/Shivam Gupta/OneDrive/Documents/Shivam_Developement/data_engineering/data_engineering_project/batch-etl-pyspark/.venv/lib/python3.12/site-packages/airflow/example_dags/example_trigger_target_dag.py
[2025-07-16T19:01:48.645+0000] {logging_mixin.py:188} INFO - [2025-07-16T19:01:48.643+0000] {dag.py:3096} INFO - Sync 1 DAGs
[2025-07-16T19:01:48.663+0000] {logging_mixin.py:188} INFO - [2025-07-16T19:01:48.661+0000] {dag.py:3954} INFO - Setting next_dagrun for example_trigger_target_dag to None, run_after=None
[2025-07-16T19:01:48.748+0000] {processor.py:183} INFO - Processing /mnt/c/Users/Shivam Gupta/OneDrive/Documents/Shivam_Developement/data_engineering/data_engineering_project/batch-etl-pyspark/.venv/lib/python3.12/site-packages/airflow/example_dags/example_trigger_target_dag.py took 0.186 seconds
[2025-07-16T19:03:22.034+0000] {processor.py:161} INFO - Started process (PID=10683) to work on /mnt/c/Users/Shivam Gupta/OneDrive/Documents/Shivam_Developement/data_engineering/data_engineering_project/batch-etl-pyspark/.venv/lib/python3.12/site-packages/airflow/example_dags/example_trigger_target_dag.py
[2025-07-16T19:03:22.036+0000] {processor.py:830} INFO - Processing file /mnt/c/Users/Shivam Gupta/OneDrive/Documents/Shivam_Developement/data_engineering/data_engineering_project/batch-etl-pyspark/.venv/lib/python3.12/site-packages/airflow/example_dags/example_trigger_target_dag.py for tasks to queue
[2025-07-16T19:03:22.038+0000] {logging_mixin.py:188} INFO - [2025-07-16T19:03:22.037+0000] {dagbag.py:545} INFO - Filling up the DagBag from /mnt/c/Users/Shivam Gupta/OneDrive/Documents/Shivam_Developement/data_engineering/data_engineering_project/batch-etl-pyspark/.venv/lib/python3.12/site-packages/airflow/example_dags/example_trigger_target_dag.py
[2025-07-16T19:03:22.056+0000] {processor.py:840} INFO - DAG(s) 'example_trigger_target_dag' retrieved from /mnt/c/Users/Shivam Gupta/OneDrive/Documents/Shivam_Developement/data_engineering/data_engineering_project/batch-etl-pyspark/.venv/lib/python3.12/site-packages/airflow/example_dags/example_trigger_target_dag.py
[2025-07-16T19:03:22.080+0000] {logging_mixin.py:188} INFO - [2025-07-16T19:03:22.079+0000] {dag.py:3096} INFO - Sync 1 DAGs
[2025-07-16T19:03:22.095+0000] {logging_mixin.py:188} INFO - [2025-07-16T19:03:22.094+0000] {dag.py:3954} INFO - Setting next_dagrun for example_trigger_target_dag to None, run_after=None
[2025-07-16T19:03:22.184+0000] {processor.py:183} INFO - Processing /mnt/c/Users/Shivam Gupta/OneDrive/Documents/Shivam_Developement/data_engineering/data_engineering_project/batch-etl-pyspark/.venv/lib/python3.12/site-packages/airflow/example_dags/example_trigger_target_dag.py took 0.160 seconds
[2025-07-16T19:04:49.869+0000] {processor.py:161} INFO - Started process (PID=10841) to work on /mnt/c/Users/Shivam Gupta/OneDrive/Documents/Shivam_Developement/data_engineering/data_engineering_project/batch-etl-pyspark/.venv/lib/python3.12/site-packages/airflow/example_dags/example_trigger_target_dag.py
[2025-07-16T19:04:49.883+0000] {processor.py:830} INFO - Processing file /mnt/c/Users/Shivam Gupta/OneDrive/Documents/Shivam_Developement/data_engineering/data_engineering_project/batch-etl-pyspark/.venv/lib/python3.12/site-packages/airflow/example_dags/example_trigger_target_dag.py for tasks to queue
[2025-07-16T19:04:49.889+0000] {logging_mixin.py:188} INFO - [2025-07-16T19:04:49.886+0000] {dagbag.py:545} INFO - Filling up the DagBag from /mnt/c/Users/Shivam Gupta/OneDrive/Documents/Shivam_Developement/data_engineering/data_engineering_project/batch-etl-pyspark/.venv/lib/python3.12/site-packages/airflow/example_dags/example_trigger_target_dag.py
[2025-07-16T19:04:49.917+0000] {processor.py:840} INFO - DAG(s) 'example_trigger_target_dag' retrieved from /mnt/c/Users/Shivam Gupta/OneDrive/Documents/Shivam_Developement/data_engineering/data_engineering_project/batch-etl-pyspark/.venv/lib/python3.12/site-packages/airflow/example_dags/example_trigger_target_dag.py
[2025-07-16T19:04:49.952+0000] {logging_mixin.py:188} INFO - [2025-07-16T19:04:49.951+0000] {dag.py:3096} INFO - Sync 1 DAGs
[2025-07-16T19:04:49.966+0000] {logging_mixin.py:188} INFO - [2025-07-16T19:04:49.965+0000] {dag.py:3954} INFO - Setting next_dagrun for example_trigger_target_dag to None, run_after=None
[2025-07-16T19:04:50.033+0000] {processor.py:183} INFO - Processing /mnt/c/Users/Shivam Gupta/OneDrive/Documents/Shivam_Developement/data_engineering/data_engineering_project/batch-etl-pyspark/.venv/lib/python3.12/site-packages/airflow/example_dags/example_trigger_target_dag.py took 0.174 seconds
[2025-07-16T19:06:12.107+0000] {processor.py:161} INFO - Started process (PID=10992) to work on /mnt/c/Users/Shivam Gupta/OneDrive/Documents/Shivam_Developement/data_engineering/data_engineering_project/batch-etl-pyspark/.venv/lib/python3.12/site-packages/airflow/example_dags/example_trigger_target_dag.py
[2025-07-16T19:06:12.109+0000] {processor.py:830} INFO - Processing file /mnt/c/Users/Shivam Gupta/OneDrive/Documents/Shivam_Developement/data_engineering/data_engineering_project/batch-etl-pyspark/.venv/lib/python3.12/site-packages/airflow/example_dags/example_trigger_target_dag.py for tasks to queue
[2025-07-16T19:06:12.111+0000] {logging_mixin.py:188} INFO - [2025-07-16T19:06:12.111+0000] {dagbag.py:545} INFO - Filling up the DagBag from /mnt/c/Users/Shivam Gupta/OneDrive/Documents/Shivam_Developement/data_engineering/data_engineering_project/batch-etl-pyspark/.venv/lib/python3.12/site-packages/airflow/example_dags/example_trigger_target_dag.py
[2025-07-16T19:06:12.127+0000] {processor.py:840} INFO - DAG(s) 'example_trigger_target_dag' retrieved from /mnt/c/Users/Shivam Gupta/OneDrive/Documents/Shivam_Developement/data_engineering/data_engineering_project/batch-etl-pyspark/.venv/lib/python3.12/site-packages/airflow/example_dags/example_trigger_target_dag.py
[2025-07-16T19:06:12.177+0000] {logging_mixin.py:188} INFO - [2025-07-16T19:06:12.174+0000] {dag.py:3096} INFO - Sync 1 DAGs
[2025-07-16T19:06:12.197+0000] {logging_mixin.py:188} INFO - [2025-07-16T19:06:12.195+0000] {dag.py:3954} INFO - Setting next_dagrun for example_trigger_target_dag to None, run_after=None
[2025-07-16T19:06:12.313+0000] {processor.py:183} INFO - Processing /mnt/c/Users/Shivam Gupta/OneDrive/Documents/Shivam_Developement/data_engineering/data_engineering_project/batch-etl-pyspark/.venv/lib/python3.12/site-packages/airflow/example_dags/example_trigger_target_dag.py took 0.214 seconds
[2025-07-16T19:07:42.971+0000] {processor.py:161} INFO - Started process (PID=11174) to work on /mnt/c/Users/Shivam Gupta/OneDrive/Documents/Shivam_Developement/data_engineering/data_engineering_project/batch-etl-pyspark/.venv/lib/python3.12/site-packages/airflow/example_dags/example_trigger_target_dag.py
[2025-07-16T19:07:42.974+0000] {processor.py:830} INFO - Processing file /mnt/c/Users/Shivam Gupta/OneDrive/Documents/Shivam_Developement/data_engineering/data_engineering_project/batch-etl-pyspark/.venv/lib/python3.12/site-packages/airflow/example_dags/example_trigger_target_dag.py for tasks to queue
[2025-07-16T19:07:42.978+0000] {logging_mixin.py:188} INFO - [2025-07-16T19:07:42.977+0000] {dagbag.py:545} INFO - Filling up the DagBag from /mnt/c/Users/Shivam Gupta/OneDrive/Documents/Shivam_Developement/data_engineering/data_engineering_project/batch-etl-pyspark/.venv/lib/python3.12/site-packages/airflow/example_dags/example_trigger_target_dag.py
[2025-07-16T19:07:43.014+0000] {processor.py:840} INFO - DAG(s) 'example_trigger_target_dag' retrieved from /mnt/c/Users/Shivam Gupta/OneDrive/Documents/Shivam_Developement/data_engineering/data_engineering_project/batch-etl-pyspark/.venv/lib/python3.12/site-packages/airflow/example_dags/example_trigger_target_dag.py
[2025-07-16T19:07:43.046+0000] {logging_mixin.py:188} INFO - [2025-07-16T19:07:43.045+0000] {dag.py:3096} INFO - Sync 1 DAGs
[2025-07-16T19:07:43.072+0000] {logging_mixin.py:188} INFO - [2025-07-16T19:07:43.067+0000] {dag.py:3954} INFO - Setting next_dagrun for example_trigger_target_dag to None, run_after=None
[2025-07-16T19:07:43.136+0000] {processor.py:183} INFO - Processing /mnt/c/Users/Shivam Gupta/OneDrive/Documents/Shivam_Developement/data_engineering/data_engineering_project/batch-etl-pyspark/.venv/lib/python3.12/site-packages/airflow/example_dags/example_trigger_target_dag.py took 0.177 seconds
[2025-07-16T19:09:15.589+0000] {processor.py:161} INFO - Started process (PID=11323) to work on /mnt/c/Users/Shivam Gupta/OneDrive/Documents/Shivam_Developement/data_engineering/data_engineering_project/batch-etl-pyspark/.venv/lib/python3.12/site-packages/airflow/example_dags/example_trigger_target_dag.py
[2025-07-16T19:09:15.591+0000] {processor.py:830} INFO - Processing file /mnt/c/Users/Shivam Gupta/OneDrive/Documents/Shivam_Developement/data_engineering/data_engineering_project/batch-etl-pyspark/.venv/lib/python3.12/site-packages/airflow/example_dags/example_trigger_target_dag.py for tasks to queue
[2025-07-16T19:09:15.596+0000] {logging_mixin.py:188} INFO - [2025-07-16T19:09:15.594+0000] {dagbag.py:545} INFO - Filling up the DagBag from /mnt/c/Users/Shivam Gupta/OneDrive/Documents/Shivam_Developement/data_engineering/data_engineering_project/batch-etl-pyspark/.venv/lib/python3.12/site-packages/airflow/example_dags/example_trigger_target_dag.py
[2025-07-16T19:09:15.624+0000] {processor.py:840} INFO - DAG(s) 'example_trigger_target_dag' retrieved from /mnt/c/Users/Shivam Gupta/OneDrive/Documents/Shivam_Developement/data_engineering/data_engineering_project/batch-etl-pyspark/.venv/lib/python3.12/site-packages/airflow/example_dags/example_trigger_target_dag.py
[2025-07-16T19:09:15.656+0000] {logging_mixin.py:188} INFO - [2025-07-16T19:09:15.655+0000] {dag.py:3096} INFO - Sync 1 DAGs
[2025-07-16T19:09:15.671+0000] {logging_mixin.py:188} INFO - [2025-07-16T19:09:15.670+0000] {dag.py:3954} INFO - Setting next_dagrun for example_trigger_target_dag to None, run_after=None
[2025-07-16T19:09:15.757+0000] {processor.py:183} INFO - Processing /mnt/c/Users/Shivam Gupta/OneDrive/Documents/Shivam_Developement/data_engineering/data_engineering_project/batch-etl-pyspark/.venv/lib/python3.12/site-packages/airflow/example_dags/example_trigger_target_dag.py took 0.184 seconds
[2025-07-16T19:10:42.965+0000] {processor.py:161} INFO - Started process (PID=11491) to work on /mnt/c/Users/Shivam Gupta/OneDrive/Documents/Shivam_Developement/data_engineering/data_engineering_project/batch-etl-pyspark/.venv/lib/python3.12/site-packages/airflow/example_dags/example_trigger_target_dag.py
[2025-07-16T19:10:42.966+0000] {processor.py:830} INFO - Processing file /mnt/c/Users/Shivam Gupta/OneDrive/Documents/Shivam_Developement/data_engineering/data_engineering_project/batch-etl-pyspark/.venv/lib/python3.12/site-packages/airflow/example_dags/example_trigger_target_dag.py for tasks to queue
[2025-07-16T19:10:42.969+0000] {logging_mixin.py:188} INFO - [2025-07-16T19:10:42.968+0000] {dagbag.py:545} INFO - Filling up the DagBag from /mnt/c/Users/Shivam Gupta/OneDrive/Documents/Shivam_Developement/data_engineering/data_engineering_project/batch-etl-pyspark/.venv/lib/python3.12/site-packages/airflow/example_dags/example_trigger_target_dag.py
[2025-07-16T19:10:42.989+0000] {processor.py:840} INFO - DAG(s) 'example_trigger_target_dag' retrieved from /mnt/c/Users/Shivam Gupta/OneDrive/Documents/Shivam_Developement/data_engineering/data_engineering_project/batch-etl-pyspark/.venv/lib/python3.12/site-packages/airflow/example_dags/example_trigger_target_dag.py
[2025-07-16T19:10:43.015+0000] {logging_mixin.py:188} INFO - [2025-07-16T19:10:43.014+0000] {dag.py:3096} INFO - Sync 1 DAGs
[2025-07-16T19:10:43.028+0000] {logging_mixin.py:188} INFO - [2025-07-16T19:10:43.027+0000] {dag.py:3954} INFO - Setting next_dagrun for example_trigger_target_dag to None, run_after=None
[2025-07-16T19:10:43.085+0000] {processor.py:183} INFO - Processing /mnt/c/Users/Shivam Gupta/OneDrive/Documents/Shivam_Developement/data_engineering/data_engineering_project/batch-etl-pyspark/.venv/lib/python3.12/site-packages/airflow/example_dags/example_trigger_target_dag.py took 0.131 seconds
[2025-07-16T19:12:14.489+0000] {processor.py:161} INFO - Started process (PID=11673) to work on /mnt/c/Users/Shivam Gupta/OneDrive/Documents/Shivam_Developement/data_engineering/data_engineering_project/batch-etl-pyspark/.venv/lib/python3.12/site-packages/airflow/example_dags/example_trigger_target_dag.py
[2025-07-16T19:12:14.491+0000] {processor.py:830} INFO - Processing file /mnt/c/Users/Shivam Gupta/OneDrive/Documents/Shivam_Developement/data_engineering/data_engineering_project/batch-etl-pyspark/.venv/lib/python3.12/site-packages/airflow/example_dags/example_trigger_target_dag.py for tasks to queue
[2025-07-16T19:12:14.495+0000] {logging_mixin.py:188} INFO - [2025-07-16T19:12:14.494+0000] {dagbag.py:545} INFO - Filling up the DagBag from /mnt/c/Users/Shivam Gupta/OneDrive/Documents/Shivam_Developement/data_engineering/data_engineering_project/batch-etl-pyspark/.venv/lib/python3.12/site-packages/airflow/example_dags/example_trigger_target_dag.py
[2025-07-16T19:12:14.523+0000] {processor.py:840} INFO - DAG(s) 'example_trigger_target_dag' retrieved from /mnt/c/Users/Shivam Gupta/OneDrive/Documents/Shivam_Developement/data_engineering/data_engineering_project/batch-etl-pyspark/.venv/lib/python3.12/site-packages/airflow/example_dags/example_trigger_target_dag.py
[2025-07-16T19:12:14.552+0000] {logging_mixin.py:188} INFO - [2025-07-16T19:12:14.551+0000] {dag.py:3096} INFO - Sync 1 DAGs
[2025-07-16T19:12:14.566+0000] {logging_mixin.py:188} INFO - [2025-07-16T19:12:14.565+0000] {dag.py:3954} INFO - Setting next_dagrun for example_trigger_target_dag to None, run_after=None
[2025-07-16T19:12:14.652+0000] {processor.py:183} INFO - Processing /mnt/c/Users/Shivam Gupta/OneDrive/Documents/Shivam_Developement/data_engineering/data_engineering_project/batch-etl-pyspark/.venv/lib/python3.12/site-packages/airflow/example_dags/example_trigger_target_dag.py took 0.178 seconds
[2025-07-16T19:13:41.758+0000] {processor.py:161} INFO - Started process (PID=11833) to work on /mnt/c/Users/Shivam Gupta/OneDrive/Documents/Shivam_Developement/data_engineering/data_engineering_project/batch-etl-pyspark/.venv/lib/python3.12/site-packages/airflow/example_dags/example_trigger_target_dag.py
[2025-07-16T19:13:41.760+0000] {processor.py:830} INFO - Processing file /mnt/c/Users/Shivam Gupta/OneDrive/Documents/Shivam_Developement/data_engineering/data_engineering_project/batch-etl-pyspark/.venv/lib/python3.12/site-packages/airflow/example_dags/example_trigger_target_dag.py for tasks to queue
[2025-07-16T19:13:41.764+0000] {logging_mixin.py:188} INFO - [2025-07-16T19:13:41.763+0000] {dagbag.py:545} INFO - Filling up the DagBag from /mnt/c/Users/Shivam Gupta/OneDrive/Documents/Shivam_Developement/data_engineering/data_engineering_project/batch-etl-pyspark/.venv/lib/python3.12/site-packages/airflow/example_dags/example_trigger_target_dag.py
[2025-07-16T19:13:41.793+0000] {processor.py:840} INFO - DAG(s) 'example_trigger_target_dag' retrieved from /mnt/c/Users/Shivam Gupta/OneDrive/Documents/Shivam_Developement/data_engineering/data_engineering_project/batch-etl-pyspark/.venv/lib/python3.12/site-packages/airflow/example_dags/example_trigger_target_dag.py
[2025-07-16T19:13:41.819+0000] {logging_mixin.py:188} INFO - [2025-07-16T19:13:41.818+0000] {dag.py:3096} INFO - Sync 1 DAGs
[2025-07-16T19:13:41.831+0000] {logging_mixin.py:188} INFO - [2025-07-16T19:13:41.830+0000] {dag.py:3954} INFO - Setting next_dagrun for example_trigger_target_dag to None, run_after=None
[2025-07-16T19:13:41.889+0000] {processor.py:183} INFO - Processing /mnt/c/Users/Shivam Gupta/OneDrive/Documents/Shivam_Developement/data_engineering/data_engineering_project/batch-etl-pyspark/.venv/lib/python3.12/site-packages/airflow/example_dags/example_trigger_target_dag.py took 0.144 seconds
[2025-07-16T19:15:14.805+0000] {processor.py:161} INFO - Started process (PID=12016) to work on /mnt/c/Users/Shivam Gupta/OneDrive/Documents/Shivam_Developement/data_engineering/data_engineering_project/batch-etl-pyspark/.venv/lib/python3.12/site-packages/airflow/example_dags/example_trigger_target_dag.py
[2025-07-16T19:15:14.808+0000] {processor.py:830} INFO - Processing file /mnt/c/Users/Shivam Gupta/OneDrive/Documents/Shivam_Developement/data_engineering/data_engineering_project/batch-etl-pyspark/.venv/lib/python3.12/site-packages/airflow/example_dags/example_trigger_target_dag.py for tasks to queue
[2025-07-16T19:15:14.813+0000] {logging_mixin.py:188} INFO - [2025-07-16T19:15:14.810+0000] {dagbag.py:545} INFO - Filling up the DagBag from /mnt/c/Users/Shivam Gupta/OneDrive/Documents/Shivam_Developement/data_engineering/data_engineering_project/batch-etl-pyspark/.venv/lib/python3.12/site-packages/airflow/example_dags/example_trigger_target_dag.py
[2025-07-16T19:15:14.845+0000] {processor.py:840} INFO - DAG(s) 'example_trigger_target_dag' retrieved from /mnt/c/Users/Shivam Gupta/OneDrive/Documents/Shivam_Developement/data_engineering/data_engineering_project/batch-etl-pyspark/.venv/lib/python3.12/site-packages/airflow/example_dags/example_trigger_target_dag.py
[2025-07-16T19:15:14.886+0000] {logging_mixin.py:188} INFO - [2025-07-16T19:15:14.885+0000] {dag.py:3096} INFO - Sync 1 DAGs
[2025-07-16T19:15:14.908+0000] {logging_mixin.py:188} INFO - [2025-07-16T19:15:14.906+0000] {dag.py:3954} INFO - Setting next_dagrun for example_trigger_target_dag to None, run_after=None
[2025-07-16T19:15:14.997+0000] {processor.py:183} INFO - Processing /mnt/c/Users/Shivam Gupta/OneDrive/Documents/Shivam_Developement/data_engineering/data_engineering_project/batch-etl-pyspark/.venv/lib/python3.12/site-packages/airflow/example_dags/example_trigger_target_dag.py took 0.207 seconds
[2025-07-16T19:16:38.934+0000] {processor.py:161} INFO - Started process (PID=12189) to work on /mnt/c/Users/Shivam Gupta/OneDrive/Documents/Shivam_Developement/data_engineering/data_engineering_project/batch-etl-pyspark/.venv/lib/python3.12/site-packages/airflow/example_dags/example_trigger_target_dag.py
[2025-07-16T19:16:38.936+0000] {processor.py:830} INFO - Processing file /mnt/c/Users/Shivam Gupta/OneDrive/Documents/Shivam_Developement/data_engineering/data_engineering_project/batch-etl-pyspark/.venv/lib/python3.12/site-packages/airflow/example_dags/example_trigger_target_dag.py for tasks to queue
[2025-07-16T19:16:38.940+0000] {logging_mixin.py:188} INFO - [2025-07-16T19:16:38.939+0000] {dagbag.py:545} INFO - Filling up the DagBag from /mnt/c/Users/Shivam Gupta/OneDrive/Documents/Shivam_Developement/data_engineering/data_engineering_project/batch-etl-pyspark/.venv/lib/python3.12/site-packages/airflow/example_dags/example_trigger_target_dag.py
[2025-07-16T19:16:38.969+0000] {processor.py:840} INFO - DAG(s) 'example_trigger_target_dag' retrieved from /mnt/c/Users/Shivam Gupta/OneDrive/Documents/Shivam_Developement/data_engineering/data_engineering_project/batch-etl-pyspark/.venv/lib/python3.12/site-packages/airflow/example_dags/example_trigger_target_dag.py
[2025-07-16T19:16:39.005+0000] {logging_mixin.py:188} INFO - [2025-07-16T19:16:39.004+0000] {dag.py:3096} INFO - Sync 1 DAGs
[2025-07-16T19:16:39.023+0000] {logging_mixin.py:188} INFO - [2025-07-16T19:16:39.022+0000] {dag.py:3954} INFO - Setting next_dagrun for example_trigger_target_dag to None, run_after=None
[2025-07-16T19:16:39.145+0000] {processor.py:183} INFO - Processing /mnt/c/Users/Shivam Gupta/OneDrive/Documents/Shivam_Developement/data_engineering/data_engineering_project/batch-etl-pyspark/.venv/lib/python3.12/site-packages/airflow/example_dags/example_trigger_target_dag.py took 0.226 seconds
[2025-07-16T19:18:12.396+0000] {processor.py:161} INFO - Started process (PID=12363) to work on /mnt/c/Users/Shivam Gupta/OneDrive/Documents/Shivam_Developement/data_engineering/data_engineering_project/batch-etl-pyspark/.venv/lib/python3.12/site-packages/airflow/example_dags/example_trigger_target_dag.py
[2025-07-16T19:18:12.399+0000] {processor.py:830} INFO - Processing file /mnt/c/Users/Shivam Gupta/OneDrive/Documents/Shivam_Developement/data_engineering/data_engineering_project/batch-etl-pyspark/.venv/lib/python3.12/site-packages/airflow/example_dags/example_trigger_target_dag.py for tasks to queue
[2025-07-16T19:18:12.403+0000] {logging_mixin.py:188} INFO - [2025-07-16T19:18:12.401+0000] {dagbag.py:545} INFO - Filling up the DagBag from /mnt/c/Users/Shivam Gupta/OneDrive/Documents/Shivam_Developement/data_engineering/data_engineering_project/batch-etl-pyspark/.venv/lib/python3.12/site-packages/airflow/example_dags/example_trigger_target_dag.py
[2025-07-16T19:18:12.435+0000] {processor.py:840} INFO - DAG(s) 'example_trigger_target_dag' retrieved from /mnt/c/Users/Shivam Gupta/OneDrive/Documents/Shivam_Developement/data_engineering/data_engineering_project/batch-etl-pyspark/.venv/lib/python3.12/site-packages/airflow/example_dags/example_trigger_target_dag.py
[2025-07-16T19:18:12.469+0000] {logging_mixin.py:188} INFO - [2025-07-16T19:18:12.467+0000] {dag.py:3096} INFO - Sync 1 DAGs
[2025-07-16T19:18:12.484+0000] {logging_mixin.py:188} INFO - [2025-07-16T19:18:12.483+0000] {dag.py:3954} INFO - Setting next_dagrun for example_trigger_target_dag to None, run_after=None
[2025-07-16T19:18:12.571+0000] {processor.py:183} INFO - Processing /mnt/c/Users/Shivam Gupta/OneDrive/Documents/Shivam_Developement/data_engineering/data_engineering_project/batch-etl-pyspark/.venv/lib/python3.12/site-packages/airflow/example_dags/example_trigger_target_dag.py took 0.190 seconds
[2025-07-16T19:19:31.746+0000] {processor.py:161} INFO - Started process (PID=12491) to work on /mnt/c/Users/Shivam Gupta/OneDrive/Documents/Shivam_Developement/data_engineering/data_engineering_project/batch-etl-pyspark/.venv/lib/python3.12/site-packages/airflow/example_dags/example_trigger_target_dag.py
[2025-07-16T19:19:31.748+0000] {processor.py:830} INFO - Processing file /mnt/c/Users/Shivam Gupta/OneDrive/Documents/Shivam_Developement/data_engineering/data_engineering_project/batch-etl-pyspark/.venv/lib/python3.12/site-packages/airflow/example_dags/example_trigger_target_dag.py for tasks to queue
[2025-07-16T19:19:31.751+0000] {logging_mixin.py:188} INFO - [2025-07-16T19:19:31.750+0000] {dagbag.py:545} INFO - Filling up the DagBag from /mnt/c/Users/Shivam Gupta/OneDrive/Documents/Shivam_Developement/data_engineering/data_engineering_project/batch-etl-pyspark/.venv/lib/python3.12/site-packages/airflow/example_dags/example_trigger_target_dag.py
[2025-07-16T19:19:31.779+0000] {processor.py:840} INFO - DAG(s) 'example_trigger_target_dag' retrieved from /mnt/c/Users/Shivam Gupta/OneDrive/Documents/Shivam_Developement/data_engineering/data_engineering_project/batch-etl-pyspark/.venv/lib/python3.12/site-packages/airflow/example_dags/example_trigger_target_dag.py
[2025-07-16T19:19:31.805+0000] {logging_mixin.py:188} INFO - [2025-07-16T19:19:31.804+0000] {dag.py:3096} INFO - Sync 1 DAGs
[2025-07-16T19:19:31.817+0000] {logging_mixin.py:188} INFO - [2025-07-16T19:19:31.817+0000] {dag.py:3954} INFO - Setting next_dagrun for example_trigger_target_dag to None, run_after=None
[2025-07-16T19:19:31.883+0000] {processor.py:183} INFO - Processing /mnt/c/Users/Shivam Gupta/OneDrive/Documents/Shivam_Developement/data_engineering/data_engineering_project/batch-etl-pyspark/.venv/lib/python3.12/site-packages/airflow/example_dags/example_trigger_target_dag.py took 0.151 seconds
[2025-07-16T19:20:51.098+0000] {processor.py:161} INFO - Started process (PID=12636) to work on /mnt/c/Users/Shivam Gupta/OneDrive/Documents/Shivam_Developement/data_engineering/data_engineering_project/batch-etl-pyspark/.venv/lib/python3.12/site-packages/airflow/example_dags/example_trigger_target_dag.py
[2025-07-16T19:20:51.101+0000] {processor.py:830} INFO - Processing file /mnt/c/Users/Shivam Gupta/OneDrive/Documents/Shivam_Developement/data_engineering/data_engineering_project/batch-etl-pyspark/.venv/lib/python3.12/site-packages/airflow/example_dags/example_trigger_target_dag.py for tasks to queue
[2025-07-16T19:20:51.105+0000] {logging_mixin.py:188} INFO - [2025-07-16T19:20:51.103+0000] {dagbag.py:545} INFO - Filling up the DagBag from /mnt/c/Users/Shivam Gupta/OneDrive/Documents/Shivam_Developement/data_engineering/data_engineering_project/batch-etl-pyspark/.venv/lib/python3.12/site-packages/airflow/example_dags/example_trigger_target_dag.py
[2025-07-16T19:20:51.141+0000] {processor.py:840} INFO - DAG(s) 'example_trigger_target_dag' retrieved from /mnt/c/Users/Shivam Gupta/OneDrive/Documents/Shivam_Developement/data_engineering/data_engineering_project/batch-etl-pyspark/.venv/lib/python3.12/site-packages/airflow/example_dags/example_trigger_target_dag.py
[2025-07-16T19:20:51.177+0000] {logging_mixin.py:188} INFO - [2025-07-16T19:20:51.176+0000] {dag.py:3096} INFO - Sync 1 DAGs
[2025-07-16T19:20:51.190+0000] {logging_mixin.py:188} INFO - [2025-07-16T19:20:51.190+0000] {dag.py:3954} INFO - Setting next_dagrun for example_trigger_target_dag to None, run_after=None
[2025-07-16T19:20:51.246+0000] {processor.py:183} INFO - Processing /mnt/c/Users/Shivam Gupta/OneDrive/Documents/Shivam_Developement/data_engineering/data_engineering_project/batch-etl-pyspark/.venv/lib/python3.12/site-packages/airflow/example_dags/example_trigger_target_dag.py took 0.166 seconds
[2025-07-16T19:22:27.245+0000] {processor.py:161} INFO - Started process (PID=12841) to work on /mnt/c/Users/Shivam Gupta/OneDrive/Documents/Shivam_Developement/data_engineering/data_engineering_project/batch-etl-pyspark/.venv/lib/python3.12/site-packages/airflow/example_dags/example_trigger_target_dag.py
[2025-07-16T19:22:27.248+0000] {processor.py:830} INFO - Processing file /mnt/c/Users/Shivam Gupta/OneDrive/Documents/Shivam_Developement/data_engineering/data_engineering_project/batch-etl-pyspark/.venv/lib/python3.12/site-packages/airflow/example_dags/example_trigger_target_dag.py for tasks to queue
[2025-07-16T19:22:27.251+0000] {logging_mixin.py:188} INFO - [2025-07-16T19:22:27.250+0000] {dagbag.py:545} INFO - Filling up the DagBag from /mnt/c/Users/Shivam Gupta/OneDrive/Documents/Shivam_Developement/data_engineering/data_engineering_project/batch-etl-pyspark/.venv/lib/python3.12/site-packages/airflow/example_dags/example_trigger_target_dag.py
[2025-07-16T19:22:27.276+0000] {processor.py:840} INFO - DAG(s) 'example_trigger_target_dag' retrieved from /mnt/c/Users/Shivam Gupta/OneDrive/Documents/Shivam_Developement/data_engineering/data_engineering_project/batch-etl-pyspark/.venv/lib/python3.12/site-packages/airflow/example_dags/example_trigger_target_dag.py
[2025-07-16T19:22:27.314+0000] {logging_mixin.py:188} INFO - [2025-07-16T19:22:27.312+0000] {dag.py:3096} INFO - Sync 1 DAGs
[2025-07-16T19:22:27.330+0000] {logging_mixin.py:188} INFO - [2025-07-16T19:22:27.329+0000] {dag.py:3954} INFO - Setting next_dagrun for example_trigger_target_dag to None, run_after=None
[2025-07-16T19:22:27.419+0000] {processor.py:183} INFO - Processing /mnt/c/Users/Shivam Gupta/OneDrive/Documents/Shivam_Developement/data_engineering/data_engineering_project/batch-etl-pyspark/.venv/lib/python3.12/site-packages/airflow/example_dags/example_trigger_target_dag.py took 0.186 seconds
[2025-07-16T19:23:48.000+0000] {processor.py:161} INFO - Started process (PID=12968) to work on /mnt/c/Users/Shivam Gupta/OneDrive/Documents/Shivam_Developement/data_engineering/data_engineering_project/batch-etl-pyspark/.venv/lib/python3.12/site-packages/airflow/example_dags/example_trigger_target_dag.py
[2025-07-16T19:23:48.002+0000] {processor.py:830} INFO - Processing file /mnt/c/Users/Shivam Gupta/OneDrive/Documents/Shivam_Developement/data_engineering/data_engineering_project/batch-etl-pyspark/.venv/lib/python3.12/site-packages/airflow/example_dags/example_trigger_target_dag.py for tasks to queue
[2025-07-16T19:23:48.007+0000] {logging_mixin.py:188} INFO - [2025-07-16T19:23:48.005+0000] {dagbag.py:545} INFO - Filling up the DagBag from /mnt/c/Users/Shivam Gupta/OneDrive/Documents/Shivam_Developement/data_engineering/data_engineering_project/batch-etl-pyspark/.venv/lib/python3.12/site-packages/airflow/example_dags/example_trigger_target_dag.py
[2025-07-16T19:23:48.041+0000] {processor.py:840} INFO - DAG(s) 'example_trigger_target_dag' retrieved from /mnt/c/Users/Shivam Gupta/OneDrive/Documents/Shivam_Developement/data_engineering/data_engineering_project/batch-etl-pyspark/.venv/lib/python3.12/site-packages/airflow/example_dags/example_trigger_target_dag.py
[2025-07-16T19:23:48.088+0000] {logging_mixin.py:188} INFO - [2025-07-16T19:23:48.086+0000] {dag.py:3096} INFO - Sync 1 DAGs
[2025-07-16T19:23:48.104+0000] {logging_mixin.py:188} INFO - [2025-07-16T19:23:48.103+0000] {dag.py:3954} INFO - Setting next_dagrun for example_trigger_target_dag to None, run_after=None
[2025-07-16T19:23:48.218+0000] {processor.py:183} INFO - Processing /mnt/c/Users/Shivam Gupta/OneDrive/Documents/Shivam_Developement/data_engineering/data_engineering_project/batch-etl-pyspark/.venv/lib/python3.12/site-packages/airflow/example_dags/example_trigger_target_dag.py took 0.239 seconds
[2025-07-16T19:25:10.684+0000] {processor.py:161} INFO - Started process (PID=13071) to work on /mnt/c/Users/Shivam Gupta/OneDrive/Documents/Shivam_Developement/data_engineering/data_engineering_project/batch-etl-pyspark/.venv/lib/python3.12/site-packages/airflow/example_dags/example_trigger_target_dag.py
[2025-07-16T19:25:10.689+0000] {processor.py:830} INFO - Processing file /mnt/c/Users/Shivam Gupta/OneDrive/Documents/Shivam_Developement/data_engineering/data_engineering_project/batch-etl-pyspark/.venv/lib/python3.12/site-packages/airflow/example_dags/example_trigger_target_dag.py for tasks to queue
[2025-07-16T19:25:10.699+0000] {logging_mixin.py:188} INFO - [2025-07-16T19:25:10.695+0000] {dagbag.py:545} INFO - Filling up the DagBag from /mnt/c/Users/Shivam Gupta/OneDrive/Documents/Shivam_Developement/data_engineering/data_engineering_project/batch-etl-pyspark/.venv/lib/python3.12/site-packages/airflow/example_dags/example_trigger_target_dag.py
[2025-07-16T19:25:10.753+0000] {processor.py:840} INFO - DAG(s) 'example_trigger_target_dag' retrieved from /mnt/c/Users/Shivam Gupta/OneDrive/Documents/Shivam_Developement/data_engineering/data_engineering_project/batch-etl-pyspark/.venv/lib/python3.12/site-packages/airflow/example_dags/example_trigger_target_dag.py
[2025-07-16T19:25:10.804+0000] {logging_mixin.py:188} INFO - [2025-07-16T19:25:10.802+0000] {dag.py:3096} INFO - Sync 1 DAGs
[2025-07-16T19:25:10.823+0000] {logging_mixin.py:188} INFO - [2025-07-16T19:25:10.821+0000] {dag.py:3954} INFO - Setting next_dagrun for example_trigger_target_dag to None, run_after=None
[2025-07-16T19:25:10.923+0000] {processor.py:183} INFO - Processing /mnt/c/Users/Shivam Gupta/OneDrive/Documents/Shivam_Developement/data_engineering/data_engineering_project/batch-etl-pyspark/.venv/lib/python3.12/site-packages/airflow/example_dags/example_trigger_target_dag.py took 0.278 seconds
[2025-07-16T19:26:31.790+0000] {processor.py:161} INFO - Started process (PID=13178) to work on /mnt/c/Users/Shivam Gupta/OneDrive/Documents/Shivam_Developement/data_engineering/data_engineering_project/batch-etl-pyspark/.venv/lib/python3.12/site-packages/airflow/example_dags/example_trigger_target_dag.py
[2025-07-16T19:26:31.792+0000] {processor.py:830} INFO - Processing file /mnt/c/Users/Shivam Gupta/OneDrive/Documents/Shivam_Developement/data_engineering/data_engineering_project/batch-etl-pyspark/.venv/lib/python3.12/site-packages/airflow/example_dags/example_trigger_target_dag.py for tasks to queue
[2025-07-16T19:26:31.795+0000] {logging_mixin.py:188} INFO - [2025-07-16T19:26:31.794+0000] {dagbag.py:545} INFO - Filling up the DagBag from /mnt/c/Users/Shivam Gupta/OneDrive/Documents/Shivam_Developement/data_engineering/data_engineering_project/batch-etl-pyspark/.venv/lib/python3.12/site-packages/airflow/example_dags/example_trigger_target_dag.py
[2025-07-16T19:26:31.813+0000] {processor.py:840} INFO - DAG(s) 'example_trigger_target_dag' retrieved from /mnt/c/Users/Shivam Gupta/OneDrive/Documents/Shivam_Developement/data_engineering/data_engineering_project/batch-etl-pyspark/.venv/lib/python3.12/site-packages/airflow/example_dags/example_trigger_target_dag.py
[2025-07-16T19:26:31.837+0000] {logging_mixin.py:188} INFO - [2025-07-16T19:26:31.836+0000] {dag.py:3096} INFO - Sync 1 DAGs
[2025-07-16T19:26:31.851+0000] {logging_mixin.py:188} INFO - [2025-07-16T19:26:31.849+0000] {dag.py:3954} INFO - Setting next_dagrun for example_trigger_target_dag to None, run_after=None
[2025-07-16T19:26:31.994+0000] {processor.py:183} INFO - Processing /mnt/c/Users/Shivam Gupta/OneDrive/Documents/Shivam_Developement/data_engineering/data_engineering_project/batch-etl-pyspark/.venv/lib/python3.12/site-packages/airflow/example_dags/example_trigger_target_dag.py took 0.214 seconds
[2025-07-16T19:27:47.851+0000] {processor.py:161} INFO - Started process (PID=13267) to work on /mnt/c/Users/Shivam Gupta/OneDrive/Documents/Shivam_Developement/data_engineering/data_engineering_project/batch-etl-pyspark/.venv/lib/python3.12/site-packages/airflow/example_dags/example_trigger_target_dag.py
[2025-07-16T19:27:47.852+0000] {processor.py:830} INFO - Processing file /mnt/c/Users/Shivam Gupta/OneDrive/Documents/Shivam_Developement/data_engineering/data_engineering_project/batch-etl-pyspark/.venv/lib/python3.12/site-packages/airflow/example_dags/example_trigger_target_dag.py for tasks to queue
[2025-07-16T19:27:47.855+0000] {logging_mixin.py:188} INFO - [2025-07-16T19:27:47.854+0000] {dagbag.py:545} INFO - Filling up the DagBag from /mnt/c/Users/Shivam Gupta/OneDrive/Documents/Shivam_Developement/data_engineering/data_engineering_project/batch-etl-pyspark/.venv/lib/python3.12/site-packages/airflow/example_dags/example_trigger_target_dag.py
[2025-07-16T19:27:47.870+0000] {processor.py:840} INFO - DAG(s) 'example_trigger_target_dag' retrieved from /mnt/c/Users/Shivam Gupta/OneDrive/Documents/Shivam_Developement/data_engineering/data_engineering_project/batch-etl-pyspark/.venv/lib/python3.12/site-packages/airflow/example_dags/example_trigger_target_dag.py
[2025-07-16T19:27:47.893+0000] {logging_mixin.py:188} INFO - [2025-07-16T19:27:47.892+0000] {dag.py:3096} INFO - Sync 1 DAGs
[2025-07-16T19:27:47.908+0000] {logging_mixin.py:188} INFO - [2025-07-16T19:27:47.907+0000] {dag.py:3954} INFO - Setting next_dagrun for example_trigger_target_dag to None, run_after=None
[2025-07-16T19:27:48.007+0000] {processor.py:183} INFO - Processing /mnt/c/Users/Shivam Gupta/OneDrive/Documents/Shivam_Developement/data_engineering/data_engineering_project/batch-etl-pyspark/.venv/lib/python3.12/site-packages/airflow/example_dags/example_trigger_target_dag.py took 0.168 seconds
[2025-07-16T19:29:01.972+0000] {processor.py:161} INFO - Started process (PID=13374) to work on /mnt/c/Users/Shivam Gupta/OneDrive/Documents/Shivam_Developement/data_engineering/data_engineering_project/batch-etl-pyspark/.venv/lib/python3.12/site-packages/airflow/example_dags/example_trigger_target_dag.py
[2025-07-16T19:29:01.974+0000] {processor.py:830} INFO - Processing file /mnt/c/Users/Shivam Gupta/OneDrive/Documents/Shivam_Developement/data_engineering/data_engineering_project/batch-etl-pyspark/.venv/lib/python3.12/site-packages/airflow/example_dags/example_trigger_target_dag.py for tasks to queue
[2025-07-16T19:29:01.976+0000] {logging_mixin.py:188} INFO - [2025-07-16T19:29:01.976+0000] {dagbag.py:545} INFO - Filling up the DagBag from /mnt/c/Users/Shivam Gupta/OneDrive/Documents/Shivam_Developement/data_engineering/data_engineering_project/batch-etl-pyspark/.venv/lib/python3.12/site-packages/airflow/example_dags/example_trigger_target_dag.py
[2025-07-16T19:29:02.000+0000] {processor.py:840} INFO - DAG(s) 'example_trigger_target_dag' retrieved from /mnt/c/Users/Shivam Gupta/OneDrive/Documents/Shivam_Developement/data_engineering/data_engineering_project/batch-etl-pyspark/.venv/lib/python3.12/site-packages/airflow/example_dags/example_trigger_target_dag.py
[2025-07-16T19:29:02.029+0000] {logging_mixin.py:188} INFO - [2025-07-16T19:29:02.028+0000] {dag.py:3096} INFO - Sync 1 DAGs
[2025-07-16T19:29:02.040+0000] {logging_mixin.py:188} INFO - [2025-07-16T19:29:02.039+0000] {dag.py:3954} INFO - Setting next_dagrun for example_trigger_target_dag to None, run_after=None
[2025-07-16T19:29:02.097+0000] {processor.py:183} INFO - Processing /mnt/c/Users/Shivam Gupta/OneDrive/Documents/Shivam_Developement/data_engineering/data_engineering_project/batch-etl-pyspark/.venv/lib/python3.12/site-packages/airflow/example_dags/example_trigger_target_dag.py took 0.136 seconds
[2025-07-16T19:30:16.762+0000] {processor.py:161} INFO - Started process (PID=13478) to work on /mnt/c/Users/Shivam Gupta/OneDrive/Documents/Shivam_Developement/data_engineering/data_engineering_project/batch-etl-pyspark/.venv/lib/python3.12/site-packages/airflow/example_dags/example_trigger_target_dag.py
[2025-07-16T19:30:16.763+0000] {processor.py:830} INFO - Processing file /mnt/c/Users/Shivam Gupta/OneDrive/Documents/Shivam_Developement/data_engineering/data_engineering_project/batch-etl-pyspark/.venv/lib/python3.12/site-packages/airflow/example_dags/example_trigger_target_dag.py for tasks to queue
[2025-07-16T19:30:16.766+0000] {logging_mixin.py:188} INFO - [2025-07-16T19:30:16.765+0000] {dagbag.py:545} INFO - Filling up the DagBag from /mnt/c/Users/Shivam Gupta/OneDrive/Documents/Shivam_Developement/data_engineering/data_engineering_project/batch-etl-pyspark/.venv/lib/python3.12/site-packages/airflow/example_dags/example_trigger_target_dag.py
[2025-07-16T19:30:16.779+0000] {processor.py:840} INFO - DAG(s) 'example_trigger_target_dag' retrieved from /mnt/c/Users/Shivam Gupta/OneDrive/Documents/Shivam_Developement/data_engineering/data_engineering_project/batch-etl-pyspark/.venv/lib/python3.12/site-packages/airflow/example_dags/example_trigger_target_dag.py
[2025-07-16T19:30:16.797+0000] {logging_mixin.py:188} INFO - [2025-07-16T19:30:16.797+0000] {dag.py:3096} INFO - Sync 1 DAGs
[2025-07-16T19:30:16.807+0000] {logging_mixin.py:188} INFO - [2025-07-16T19:30:16.807+0000] {dag.py:3954} INFO - Setting next_dagrun for example_trigger_target_dag to None, run_after=None
[2025-07-16T19:30:16.868+0000] {processor.py:183} INFO - Processing /mnt/c/Users/Shivam Gupta/OneDrive/Documents/Shivam_Developement/data_engineering/data_engineering_project/batch-etl-pyspark/.venv/lib/python3.12/site-packages/airflow/example_dags/example_trigger_target_dag.py took 0.113 seconds
[2025-07-16T19:31:34.013+0000] {processor.py:161} INFO - Started process (PID=13621) to work on /mnt/c/Users/Shivam Gupta/OneDrive/Documents/Shivam_Developement/data_engineering/data_engineering_project/batch-etl-pyspark/.venv/lib/python3.12/site-packages/airflow/example_dags/example_trigger_target_dag.py
[2025-07-16T19:31:34.015+0000] {processor.py:830} INFO - Processing file /mnt/c/Users/Shivam Gupta/OneDrive/Documents/Shivam_Developement/data_engineering/data_engineering_project/batch-etl-pyspark/.venv/lib/python3.12/site-packages/airflow/example_dags/example_trigger_target_dag.py for tasks to queue
[2025-07-16T19:31:34.018+0000] {logging_mixin.py:188} INFO - [2025-07-16T19:31:34.017+0000] {dagbag.py:545} INFO - Filling up the DagBag from /mnt/c/Users/Shivam Gupta/OneDrive/Documents/Shivam_Developement/data_engineering/data_engineering_project/batch-etl-pyspark/.venv/lib/python3.12/site-packages/airflow/example_dags/example_trigger_target_dag.py
[2025-07-16T19:31:34.038+0000] {processor.py:840} INFO - DAG(s) 'example_trigger_target_dag' retrieved from /mnt/c/Users/Shivam Gupta/OneDrive/Documents/Shivam_Developement/data_engineering/data_engineering_project/batch-etl-pyspark/.venv/lib/python3.12/site-packages/airflow/example_dags/example_trigger_target_dag.py
[2025-07-16T19:31:34.064+0000] {logging_mixin.py:188} INFO - [2025-07-16T19:31:34.063+0000] {dag.py:3096} INFO - Sync 1 DAGs
[2025-07-16T19:31:34.082+0000] {logging_mixin.py:188} INFO - [2025-07-16T19:31:34.081+0000] {dag.py:3954} INFO - Setting next_dagrun for example_trigger_target_dag to None, run_after=None
[2025-07-16T19:31:34.143+0000] {processor.py:183} INFO - Processing /mnt/c/Users/Shivam Gupta/OneDrive/Documents/Shivam_Developement/data_engineering/data_engineering_project/batch-etl-pyspark/.venv/lib/python3.12/site-packages/airflow/example_dags/example_trigger_target_dag.py took 0.141 seconds
[2025-07-16T19:32:38.308+0000] {processor.py:161} INFO - Started process (PID=13744) to work on /mnt/c/Users/Shivam Gupta/OneDrive/Documents/Shivam_Developement/data_engineering/data_engineering_project/batch-etl-pyspark/.venv/lib/python3.12/site-packages/airflow/example_dags/example_trigger_target_dag.py
[2025-07-16T19:32:38.310+0000] {processor.py:830} INFO - Processing file /mnt/c/Users/Shivam Gupta/OneDrive/Documents/Shivam_Developement/data_engineering/data_engineering_project/batch-etl-pyspark/.venv/lib/python3.12/site-packages/airflow/example_dags/example_trigger_target_dag.py for tasks to queue
[2025-07-16T19:32:38.312+0000] {logging_mixin.py:188} INFO - [2025-07-16T19:32:38.311+0000] {dagbag.py:545} INFO - Filling up the DagBag from /mnt/c/Users/Shivam Gupta/OneDrive/Documents/Shivam_Developement/data_engineering/data_engineering_project/batch-etl-pyspark/.venv/lib/python3.12/site-packages/airflow/example_dags/example_trigger_target_dag.py
[2025-07-16T19:32:38.338+0000] {processor.py:840} INFO - DAG(s) 'example_trigger_target_dag' retrieved from /mnt/c/Users/Shivam Gupta/OneDrive/Documents/Shivam_Developement/data_engineering/data_engineering_project/batch-etl-pyspark/.venv/lib/python3.12/site-packages/airflow/example_dags/example_trigger_target_dag.py
[2025-07-16T19:32:38.360+0000] {logging_mixin.py:188} INFO - [2025-07-16T19:32:38.360+0000] {dag.py:3096} INFO - Sync 1 DAGs
[2025-07-16T19:32:38.373+0000] {logging_mixin.py:188} INFO - [2025-07-16T19:32:38.372+0000] {dag.py:3954} INFO - Setting next_dagrun for example_trigger_target_dag to None, run_after=None
[2025-07-16T19:32:38.438+0000] {processor.py:183} INFO - Processing /mnt/c/Users/Shivam Gupta/OneDrive/Documents/Shivam_Developement/data_engineering/data_engineering_project/batch-etl-pyspark/.venv/lib/python3.12/site-packages/airflow/example_dags/example_trigger_target_dag.py took 0.138 seconds
[2025-07-16T19:33:54.019+0000] {processor.py:161} INFO - Started process (PID=13905) to work on /mnt/c/Users/Shivam Gupta/OneDrive/Documents/Shivam_Developement/data_engineering/data_engineering_project/batch-etl-pyspark/.venv/lib/python3.12/site-packages/airflow/example_dags/example_trigger_target_dag.py
[2025-07-16T19:33:54.021+0000] {processor.py:830} INFO - Processing file /mnt/c/Users/Shivam Gupta/OneDrive/Documents/Shivam_Developement/data_engineering/data_engineering_project/batch-etl-pyspark/.venv/lib/python3.12/site-packages/airflow/example_dags/example_trigger_target_dag.py for tasks to queue
[2025-07-16T19:33:54.023+0000] {logging_mixin.py:188} INFO - [2025-07-16T19:33:54.022+0000] {dagbag.py:545} INFO - Filling up the DagBag from /mnt/c/Users/Shivam Gupta/OneDrive/Documents/Shivam_Developement/data_engineering/data_engineering_project/batch-etl-pyspark/.venv/lib/python3.12/site-packages/airflow/example_dags/example_trigger_target_dag.py
[2025-07-16T19:33:54.036+0000] {processor.py:840} INFO - DAG(s) 'example_trigger_target_dag' retrieved from /mnt/c/Users/Shivam Gupta/OneDrive/Documents/Shivam_Developement/data_engineering/data_engineering_project/batch-etl-pyspark/.venv/lib/python3.12/site-packages/airflow/example_dags/example_trigger_target_dag.py
[2025-07-16T19:33:54.054+0000] {logging_mixin.py:188} INFO - [2025-07-16T19:33:54.054+0000] {dag.py:3096} INFO - Sync 1 DAGs
[2025-07-16T19:33:54.068+0000] {logging_mixin.py:188} INFO - [2025-07-16T19:33:54.068+0000] {dag.py:3954} INFO - Setting next_dagrun for example_trigger_target_dag to None, run_after=None
[2025-07-16T19:33:54.123+0000] {processor.py:183} INFO - Processing /mnt/c/Users/Shivam Gupta/OneDrive/Documents/Shivam_Developement/data_engineering/data_engineering_project/batch-etl-pyspark/.venv/lib/python3.12/site-packages/airflow/example_dags/example_trigger_target_dag.py took 0.110 seconds
[2025-07-16T19:35:05.310+0000] {processor.py:161} INFO - Started process (PID=13992) to work on /mnt/c/Users/Shivam Gupta/OneDrive/Documents/Shivam_Developement/data_engineering/data_engineering_project/batch-etl-pyspark/.venv/lib/python3.12/site-packages/airflow/example_dags/example_trigger_target_dag.py
[2025-07-16T19:35:05.311+0000] {processor.py:830} INFO - Processing file /mnt/c/Users/Shivam Gupta/OneDrive/Documents/Shivam_Developement/data_engineering/data_engineering_project/batch-etl-pyspark/.venv/lib/python3.12/site-packages/airflow/example_dags/example_trigger_target_dag.py for tasks to queue
[2025-07-16T19:35:05.317+0000] {logging_mixin.py:188} INFO - [2025-07-16T19:35:05.316+0000] {dagbag.py:545} INFO - Filling up the DagBag from /mnt/c/Users/Shivam Gupta/OneDrive/Documents/Shivam_Developement/data_engineering/data_engineering_project/batch-etl-pyspark/.venv/lib/python3.12/site-packages/airflow/example_dags/example_trigger_target_dag.py
[2025-07-16T19:35:05.338+0000] {processor.py:840} INFO - DAG(s) 'example_trigger_target_dag' retrieved from /mnt/c/Users/Shivam Gupta/OneDrive/Documents/Shivam_Developement/data_engineering/data_engineering_project/batch-etl-pyspark/.venv/lib/python3.12/site-packages/airflow/example_dags/example_trigger_target_dag.py
[2025-07-16T19:35:05.365+0000] {logging_mixin.py:188} INFO - [2025-07-16T19:35:05.363+0000] {dag.py:3096} INFO - Sync 1 DAGs
[2025-07-16T19:35:05.379+0000] {logging_mixin.py:188} INFO - [2025-07-16T19:35:05.378+0000] {dag.py:3954} INFO - Setting next_dagrun for example_trigger_target_dag to None, run_after=None
[2025-07-16T19:35:05.451+0000] {processor.py:183} INFO - Processing /mnt/c/Users/Shivam Gupta/OneDrive/Documents/Shivam_Developement/data_engineering/data_engineering_project/batch-etl-pyspark/.venv/lib/python3.12/site-packages/airflow/example_dags/example_trigger_target_dag.py took 0.154 seconds
[2025-07-16T19:36:19.556+0000] {processor.py:161} INFO - Started process (PID=14158) to work on /mnt/c/Users/Shivam Gupta/OneDrive/Documents/Shivam_Developement/data_engineering/data_engineering_project/batch-etl-pyspark/.venv/lib/python3.12/site-packages/airflow/example_dags/example_trigger_target_dag.py
[2025-07-16T19:36:19.558+0000] {processor.py:830} INFO - Processing file /mnt/c/Users/Shivam Gupta/OneDrive/Documents/Shivam_Developement/data_engineering/data_engineering_project/batch-etl-pyspark/.venv/lib/python3.12/site-packages/airflow/example_dags/example_trigger_target_dag.py for tasks to queue
[2025-07-16T19:36:19.561+0000] {logging_mixin.py:188} INFO - [2025-07-16T19:36:19.560+0000] {dagbag.py:545} INFO - Filling up the DagBag from /mnt/c/Users/Shivam Gupta/OneDrive/Documents/Shivam_Developement/data_engineering/data_engineering_project/batch-etl-pyspark/.venv/lib/python3.12/site-packages/airflow/example_dags/example_trigger_target_dag.py
[2025-07-16T19:36:19.576+0000] {processor.py:840} INFO - DAG(s) 'example_trigger_target_dag' retrieved from /mnt/c/Users/Shivam Gupta/OneDrive/Documents/Shivam_Developement/data_engineering/data_engineering_project/batch-etl-pyspark/.venv/lib/python3.12/site-packages/airflow/example_dags/example_trigger_target_dag.py
[2025-07-16T19:36:19.600+0000] {logging_mixin.py:188} INFO - [2025-07-16T19:36:19.599+0000] {dag.py:3096} INFO - Sync 1 DAGs
[2025-07-16T19:36:19.612+0000] {logging_mixin.py:188} INFO - [2025-07-16T19:36:19.611+0000] {dag.py:3954} INFO - Setting next_dagrun for example_trigger_target_dag to None, run_after=None
[2025-07-16T19:36:19.668+0000] {processor.py:183} INFO - Processing /mnt/c/Users/Shivam Gupta/OneDrive/Documents/Shivam_Developement/data_engineering/data_engineering_project/batch-etl-pyspark/.venv/lib/python3.12/site-packages/airflow/example_dags/example_trigger_target_dag.py took 0.121 seconds
[2025-07-16T19:48:55.799+0000] {processor.py:161} INFO - Started process (PID=15067) to work on /mnt/c/Users/Shivam Gupta/OneDrive/Documents/Shivam_Developement/data_engineering/data_engineering_project/batch-etl-pyspark/.venv/lib/python3.12/site-packages/airflow/example_dags/example_trigger_target_dag.py
[2025-07-16T19:48:55.803+0000] {processor.py:830} INFO - Processing file /mnt/c/Users/Shivam Gupta/OneDrive/Documents/Shivam_Developement/data_engineering/data_engineering_project/batch-etl-pyspark/.venv/lib/python3.12/site-packages/airflow/example_dags/example_trigger_target_dag.py for tasks to queue
[2025-07-16T19:48:55.808+0000] {logging_mixin.py:188} INFO - [2025-07-16T19:48:55.806+0000] {dagbag.py:545} INFO - Filling up the DagBag from /mnt/c/Users/Shivam Gupta/OneDrive/Documents/Shivam_Developement/data_engineering/data_engineering_project/batch-etl-pyspark/.venv/lib/python3.12/site-packages/airflow/example_dags/example_trigger_target_dag.py
[2025-07-16T19:48:56.011+0000] {processor.py:840} INFO - DAG(s) 'example_trigger_target_dag' retrieved from /mnt/c/Users/Shivam Gupta/OneDrive/Documents/Shivam_Developement/data_engineering/data_engineering_project/batch-etl-pyspark/.venv/lib/python3.12/site-packages/airflow/example_dags/example_trigger_target_dag.py
[2025-07-16T19:48:56.251+0000] {logging_mixin.py:188} INFO - [2025-07-16T19:48:56.249+0000] {dag.py:3096} INFO - Sync 1 DAGs
[2025-07-16T19:48:56.271+0000] {logging_mixin.py:188} INFO - [2025-07-16T19:48:56.269+0000] {dag.py:3954} INFO - Setting next_dagrun for example_trigger_target_dag to None, run_after=None
[2025-07-16T19:48:56.388+0000] {processor.py:183} INFO - Processing /mnt/c/Users/Shivam Gupta/OneDrive/Documents/Shivam_Developement/data_engineering/data_engineering_project/batch-etl-pyspark/.venv/lib/python3.12/site-packages/airflow/example_dags/example_trigger_target_dag.py took 0.610 seconds
[2025-07-16T19:50:12.981+0000] {processor.py:161} INFO - Started process (PID=15174) to work on /mnt/c/Users/Shivam Gupta/OneDrive/Documents/Shivam_Developement/data_engineering/data_engineering_project/batch-etl-pyspark/.venv/lib/python3.12/site-packages/airflow/example_dags/example_trigger_target_dag.py
[2025-07-16T19:50:12.983+0000] {processor.py:830} INFO - Processing file /mnt/c/Users/Shivam Gupta/OneDrive/Documents/Shivam_Developement/data_engineering/data_engineering_project/batch-etl-pyspark/.venv/lib/python3.12/site-packages/airflow/example_dags/example_trigger_target_dag.py for tasks to queue
[2025-07-16T19:50:12.987+0000] {logging_mixin.py:188} INFO - [2025-07-16T19:50:12.985+0000] {dagbag.py:545} INFO - Filling up the DagBag from /mnt/c/Users/Shivam Gupta/OneDrive/Documents/Shivam_Developement/data_engineering/data_engineering_project/batch-etl-pyspark/.venv/lib/python3.12/site-packages/airflow/example_dags/example_trigger_target_dag.py
[2025-07-16T19:50:13.010+0000] {processor.py:840} INFO - DAG(s) 'example_trigger_target_dag' retrieved from /mnt/c/Users/Shivam Gupta/OneDrive/Documents/Shivam_Developement/data_engineering/data_engineering_project/batch-etl-pyspark/.venv/lib/python3.12/site-packages/airflow/example_dags/example_trigger_target_dag.py
[2025-07-16T19:50:13.061+0000] {logging_mixin.py:188} INFO - [2025-07-16T19:50:13.060+0000] {dag.py:3096} INFO - Sync 1 DAGs
[2025-07-16T19:50:13.082+0000] {logging_mixin.py:188} INFO - [2025-07-16T19:50:13.081+0000] {dag.py:3954} INFO - Setting next_dagrun for example_trigger_target_dag to None, run_after=None
[2025-07-16T19:50:13.199+0000] {processor.py:183} INFO - Processing /mnt/c/Users/Shivam Gupta/OneDrive/Documents/Shivam_Developement/data_engineering/data_engineering_project/batch-etl-pyspark/.venv/lib/python3.12/site-packages/airflow/example_dags/example_trigger_target_dag.py took 0.230 seconds
[2025-07-16T19:51:39.179+0000] {processor.py:161} INFO - Started process (PID=15264) to work on /mnt/c/Users/Shivam Gupta/OneDrive/Documents/Shivam_Developement/data_engineering/data_engineering_project/batch-etl-pyspark/.venv/lib/python3.12/site-packages/airflow/example_dags/example_trigger_target_dag.py
[2025-07-16T19:51:39.181+0000] {processor.py:830} INFO - Processing file /mnt/c/Users/Shivam Gupta/OneDrive/Documents/Shivam_Developement/data_engineering/data_engineering_project/batch-etl-pyspark/.venv/lib/python3.12/site-packages/airflow/example_dags/example_trigger_target_dag.py for tasks to queue
[2025-07-16T19:51:39.183+0000] {logging_mixin.py:188} INFO - [2025-07-16T19:51:39.183+0000] {dagbag.py:545} INFO - Filling up the DagBag from /mnt/c/Users/Shivam Gupta/OneDrive/Documents/Shivam_Developement/data_engineering/data_engineering_project/batch-etl-pyspark/.venv/lib/python3.12/site-packages/airflow/example_dags/example_trigger_target_dag.py
[2025-07-16T19:51:39.198+0000] {processor.py:840} INFO - DAG(s) 'example_trigger_target_dag' retrieved from /mnt/c/Users/Shivam Gupta/OneDrive/Documents/Shivam_Developement/data_engineering/data_engineering_project/batch-etl-pyspark/.venv/lib/python3.12/site-packages/airflow/example_dags/example_trigger_target_dag.py
[2025-07-16T19:51:39.219+0000] {logging_mixin.py:188} INFO - [2025-07-16T19:51:39.218+0000] {dag.py:3096} INFO - Sync 1 DAGs
[2025-07-16T19:51:39.230+0000] {logging_mixin.py:188} INFO - [2025-07-16T19:51:39.229+0000] {dag.py:3954} INFO - Setting next_dagrun for example_trigger_target_dag to None, run_after=None
[2025-07-16T19:51:39.281+0000] {processor.py:183} INFO - Processing /mnt/c/Users/Shivam Gupta/OneDrive/Documents/Shivam_Developement/data_engineering/data_engineering_project/batch-etl-pyspark/.venv/lib/python3.12/site-packages/airflow/example_dags/example_trigger_target_dag.py took 0.110 seconds
[2025-07-16T19:53:08.754+0000] {processor.py:161} INFO - Started process (PID=15402) to work on /mnt/c/Users/Shivam Gupta/OneDrive/Documents/Shivam_Developement/data_engineering/data_engineering_project/batch-etl-pyspark/.venv/lib/python3.12/site-packages/airflow/example_dags/example_trigger_target_dag.py
[2025-07-16T19:53:08.757+0000] {processor.py:830} INFO - Processing file /mnt/c/Users/Shivam Gupta/OneDrive/Documents/Shivam_Developement/data_engineering/data_engineering_project/batch-etl-pyspark/.venv/lib/python3.12/site-packages/airflow/example_dags/example_trigger_target_dag.py for tasks to queue
[2025-07-16T19:53:08.760+0000] {logging_mixin.py:188} INFO - [2025-07-16T19:53:08.759+0000] {dagbag.py:545} INFO - Filling up the DagBag from /mnt/c/Users/Shivam Gupta/OneDrive/Documents/Shivam_Developement/data_engineering/data_engineering_project/batch-etl-pyspark/.venv/lib/python3.12/site-packages/airflow/example_dags/example_trigger_target_dag.py
[2025-07-16T19:53:08.802+0000] {processor.py:840} INFO - DAG(s) 'example_trigger_target_dag' retrieved from /mnt/c/Users/Shivam Gupta/OneDrive/Documents/Shivam_Developement/data_engineering/data_engineering_project/batch-etl-pyspark/.venv/lib/python3.12/site-packages/airflow/example_dags/example_trigger_target_dag.py
[2025-07-16T19:53:08.847+0000] {logging_mixin.py:188} INFO - [2025-07-16T19:53:08.845+0000] {dag.py:3096} INFO - Sync 1 DAGs
[2025-07-16T19:53:08.869+0000] {logging_mixin.py:188} INFO - [2025-07-16T19:53:08.867+0000] {dag.py:3954} INFO - Setting next_dagrun for example_trigger_target_dag to None, run_after=None
[2025-07-16T19:53:08.995+0000] {processor.py:183} INFO - Processing /mnt/c/Users/Shivam Gupta/OneDrive/Documents/Shivam_Developement/data_engineering/data_engineering_project/batch-etl-pyspark/.venv/lib/python3.12/site-packages/airflow/example_dags/example_trigger_target_dag.py took 0.258 seconds
