[2025-07-16T17:47:24.661+0000] {processor.py:161} INFO - Started process (PID=5775) to work on /mnt/c/Users/Shivam Gupta/OneDrive/Documents/Shivam_Developement/data_engineering/data_engineering_project/batch-etl-pyspark/.venv/lib/python3.12/site-packages/airflow/example_dags/example_nested_branch_dag.py
[2025-07-16T17:47:24.662+0000] {processor.py:830} INFO - Processing file /mnt/c/Users/Shivam Gupta/OneDrive/Documents/Shivam_Developement/data_engineering/data_engineering_project/batch-etl-pyspark/.venv/lib/python3.12/site-packages/airflow/example_dags/example_nested_branch_dag.py for tasks to queue
[2025-07-16T17:47:24.665+0000] {logging_mixin.py:188} INFO - [2025-07-16T17:47:24.664+0000] {dagbag.py:545} INFO - Filling up the DagBag from /mnt/c/Users/Shivam Gupta/OneDrive/Documents/Shivam_Developement/data_engineering/data_engineering_project/batch-etl-pyspark/.venv/lib/python3.12/site-packages/airflow/example_dags/example_nested_branch_dag.py
[2025-07-16T17:47:24.694+0000] {processor.py:840} INFO - DAG(s) 'example_nested_branch_dag' retrieved from /mnt/c/Users/Shivam Gupta/OneDrive/Documents/Shivam_Developement/data_engineering/data_engineering_project/batch-etl-pyspark/.venv/lib/python3.12/site-packages/airflow/example_dags/example_nested_branch_dag.py
[2025-07-16T17:47:25.656+0000] {logging_mixin.py:188} INFO - [2025-07-16T17:47:25.653+0000] {override.py:1930} INFO - Created Permission View: can read on DAG:example_nested_branch_dag
[2025-07-16T17:47:25.720+0000] {logging_mixin.py:188} INFO - [2025-07-16T17:47:25.715+0000] {override.py:1930} INFO - Created Permission View: can edit on DAG:example_nested_branch_dag
[2025-07-16T17:47:25.782+0000] {logging_mixin.py:188} INFO - [2025-07-16T17:47:25.778+0000] {override.py:1930} INFO - Created Permission View: can delete on DAG:example_nested_branch_dag
[2025-07-16T17:47:25.789+0000] {logging_mixin.py:188} INFO - [2025-07-16T17:47:25.785+0000] {dag.py:3096} INFO - Sync 1 DAGs
[2025-07-16T17:47:25.817+0000] {logging_mixin.py:188} INFO - [2025-07-16T17:47:25.815+0000] {dag.py:3118} INFO - Creating ORM DAG for example_nested_branch_dag
[2025-07-16T17:47:25.836+0000] {logging_mixin.py:188} INFO - [2025-07-16T17:47:25.834+0000] {dag.py:3954} INFO - Setting next_dagrun for example_nested_branch_dag to 2025-07-15 00:00:00+00:00, run_after=2025-07-16 00:00:00+00:00
[2025-07-16T17:47:25.968+0000] {processor.py:183} INFO - Processing /mnt/c/Users/Shivam Gupta/OneDrive/Documents/Shivam_Developement/data_engineering/data_engineering_project/batch-etl-pyspark/.venv/lib/python3.12/site-packages/airflow/example_dags/example_nested_branch_dag.py took 1.318 seconds
[2025-07-16T17:49:03.694+0000] {processor.py:161} INFO - Started process (PID=5845) to work on /mnt/c/Users/Shivam Gupta/OneDrive/Documents/Shivam_Developement/data_engineering/data_engineering_project/batch-etl-pyspark/.venv/lib/python3.12/site-packages/airflow/example_dags/example_nested_branch_dag.py
[2025-07-16T17:49:03.696+0000] {processor.py:830} INFO - Processing file /mnt/c/Users/Shivam Gupta/OneDrive/Documents/Shivam_Developement/data_engineering/data_engineering_project/batch-etl-pyspark/.venv/lib/python3.12/site-packages/airflow/example_dags/example_nested_branch_dag.py for tasks to queue
[2025-07-16T17:49:03.701+0000] {logging_mixin.py:188} INFO - [2025-07-16T17:49:03.699+0000] {dagbag.py:545} INFO - Filling up the DagBag from /mnt/c/Users/Shivam Gupta/OneDrive/Documents/Shivam_Developement/data_engineering/data_engineering_project/batch-etl-pyspark/.venv/lib/python3.12/site-packages/airflow/example_dags/example_nested_branch_dag.py
[2025-07-16T17:49:03.735+0000] {processor.py:840} INFO - DAG(s) 'example_nested_branch_dag' retrieved from /mnt/c/Users/Shivam Gupta/OneDrive/Documents/Shivam_Developement/data_engineering/data_engineering_project/batch-etl-pyspark/.venv/lib/python3.12/site-packages/airflow/example_dags/example_nested_branch_dag.py
[2025-07-16T17:49:03.765+0000] {logging_mixin.py:188} INFO - [2025-07-16T17:49:03.763+0000] {dag.py:3096} INFO - Sync 1 DAGs
[2025-07-16T17:49:03.794+0000] {logging_mixin.py:188} INFO - [2025-07-16T17:49:03.793+0000] {dag.py:3954} INFO - Setting next_dagrun for example_nested_branch_dag to 2025-07-15 00:00:00+00:00, run_after=2025-07-16 00:00:00+00:00
[2025-07-16T17:49:03.876+0000] {processor.py:183} INFO - Processing /mnt/c/Users/Shivam Gupta/OneDrive/Documents/Shivam_Developement/data_engineering/data_engineering_project/batch-etl-pyspark/.venv/lib/python3.12/site-packages/airflow/example_dags/example_nested_branch_dag.py took 0.201 seconds
[2025-07-16T17:50:37.097+0000] {processor.py:161} INFO - Started process (PID=5938) to work on /mnt/c/Users/Shivam Gupta/OneDrive/Documents/Shivam_Developement/data_engineering/data_engineering_project/batch-etl-pyspark/.venv/lib/python3.12/site-packages/airflow/example_dags/example_nested_branch_dag.py
[2025-07-16T17:50:37.099+0000] {processor.py:830} INFO - Processing file /mnt/c/Users/Shivam Gupta/OneDrive/Documents/Shivam_Developement/data_engineering/data_engineering_project/batch-etl-pyspark/.venv/lib/python3.12/site-packages/airflow/example_dags/example_nested_branch_dag.py for tasks to queue
[2025-07-16T17:50:37.101+0000] {logging_mixin.py:188} INFO - [2025-07-16T17:50:37.101+0000] {dagbag.py:545} INFO - Filling up the DagBag from /mnt/c/Users/Shivam Gupta/OneDrive/Documents/Shivam_Developement/data_engineering/data_engineering_project/batch-etl-pyspark/.venv/lib/python3.12/site-packages/airflow/example_dags/example_nested_branch_dag.py
[2025-07-16T17:50:37.133+0000] {processor.py:840} INFO - DAG(s) 'example_nested_branch_dag' retrieved from /mnt/c/Users/Shivam Gupta/OneDrive/Documents/Shivam_Developement/data_engineering/data_engineering_project/batch-etl-pyspark/.venv/lib/python3.12/site-packages/airflow/example_dags/example_nested_branch_dag.py
[2025-07-16T17:50:37.164+0000] {logging_mixin.py:188} INFO - [2025-07-16T17:50:37.163+0000] {dag.py:3096} INFO - Sync 1 DAGs
[2025-07-16T17:50:37.186+0000] {logging_mixin.py:188} INFO - [2025-07-16T17:50:37.185+0000] {dag.py:3954} INFO - Setting next_dagrun for example_nested_branch_dag to 2025-07-15 00:00:00+00:00, run_after=2025-07-16 00:00:00+00:00
[2025-07-16T17:50:37.245+0000] {processor.py:183} INFO - Processing /mnt/c/Users/Shivam Gupta/OneDrive/Documents/Shivam_Developement/data_engineering/data_engineering_project/batch-etl-pyspark/.venv/lib/python3.12/site-packages/airflow/example_dags/example_nested_branch_dag.py took 0.158 seconds
[2025-07-16T17:51:55.744+0000] {processor.py:161} INFO - Started process (PID=6026) to work on /mnt/c/Users/Shivam Gupta/OneDrive/Documents/Shivam_Developement/data_engineering/data_engineering_project/batch-etl-pyspark/.venv/lib/python3.12/site-packages/airflow/example_dags/example_nested_branch_dag.py
[2025-07-16T17:51:55.745+0000] {processor.py:830} INFO - Processing file /mnt/c/Users/Shivam Gupta/OneDrive/Documents/Shivam_Developement/data_engineering/data_engineering_project/batch-etl-pyspark/.venv/lib/python3.12/site-packages/airflow/example_dags/example_nested_branch_dag.py for tasks to queue
[2025-07-16T17:51:55.747+0000] {logging_mixin.py:188} INFO - [2025-07-16T17:51:55.747+0000] {dagbag.py:545} INFO - Filling up the DagBag from /mnt/c/Users/Shivam Gupta/OneDrive/Documents/Shivam_Developement/data_engineering/data_engineering_project/batch-etl-pyspark/.venv/lib/python3.12/site-packages/airflow/example_dags/example_nested_branch_dag.py
[2025-07-16T17:51:55.778+0000] {processor.py:840} INFO - DAG(s) 'example_nested_branch_dag' retrieved from /mnt/c/Users/Shivam Gupta/OneDrive/Documents/Shivam_Developement/data_engineering/data_engineering_project/batch-etl-pyspark/.venv/lib/python3.12/site-packages/airflow/example_dags/example_nested_branch_dag.py
[2025-07-16T17:51:55.808+0000] {logging_mixin.py:188} INFO - [2025-07-16T17:51:55.807+0000] {dag.py:3096} INFO - Sync 1 DAGs
[2025-07-16T17:51:55.835+0000] {logging_mixin.py:188} INFO - [2025-07-16T17:51:55.834+0000] {dag.py:3954} INFO - Setting next_dagrun for example_nested_branch_dag to 2025-07-15 00:00:00+00:00, run_after=2025-07-16 00:00:00+00:00
[2025-07-16T17:51:55.906+0000] {processor.py:183} INFO - Processing /mnt/c/Users/Shivam Gupta/OneDrive/Documents/Shivam_Developement/data_engineering/data_engineering_project/batch-etl-pyspark/.venv/lib/python3.12/site-packages/airflow/example_dags/example_nested_branch_dag.py took 0.173 seconds
[2025-07-16T17:53:12.685+0000] {processor.py:161} INFO - Started process (PID=6097) to work on /mnt/c/Users/Shivam Gupta/OneDrive/Documents/Shivam_Developement/data_engineering/data_engineering_project/batch-etl-pyspark/.venv/lib/python3.12/site-packages/airflow/example_dags/example_nested_branch_dag.py
[2025-07-16T17:53:12.695+0000] {processor.py:830} INFO - Processing file /mnt/c/Users/Shivam Gupta/OneDrive/Documents/Shivam_Developement/data_engineering/data_engineering_project/batch-etl-pyspark/.venv/lib/python3.12/site-packages/airflow/example_dags/example_nested_branch_dag.py for tasks to queue
[2025-07-16T17:53:12.702+0000] {logging_mixin.py:188} INFO - [2025-07-16T17:53:12.699+0000] {dagbag.py:545} INFO - Filling up the DagBag from /mnt/c/Users/Shivam Gupta/OneDrive/Documents/Shivam_Developement/data_engineering/data_engineering_project/batch-etl-pyspark/.venv/lib/python3.12/site-packages/airflow/example_dags/example_nested_branch_dag.py
[2025-07-16T17:53:12.780+0000] {processor.py:840} INFO - DAG(s) 'example_nested_branch_dag' retrieved from /mnt/c/Users/Shivam Gupta/OneDrive/Documents/Shivam_Developement/data_engineering/data_engineering_project/batch-etl-pyspark/.venv/lib/python3.12/site-packages/airflow/example_dags/example_nested_branch_dag.py
[2025-07-16T17:53:12.835+0000] {logging_mixin.py:188} INFO - [2025-07-16T17:53:12.833+0000] {dag.py:3096} INFO - Sync 1 DAGs
[2025-07-16T17:53:12.864+0000] {logging_mixin.py:188} INFO - [2025-07-16T17:53:12.862+0000] {dag.py:3954} INFO - Setting next_dagrun for example_nested_branch_dag to 2025-07-15 00:00:00+00:00, run_after=2025-07-16 00:00:00+00:00
[2025-07-16T17:53:12.931+0000] {processor.py:183} INFO - Processing /mnt/c/Users/Shivam Gupta/OneDrive/Documents/Shivam_Developement/data_engineering/data_engineering_project/batch-etl-pyspark/.venv/lib/python3.12/site-packages/airflow/example_dags/example_nested_branch_dag.py took 0.285 seconds
[2025-07-16T17:54:45.632+0000] {processor.py:161} INFO - Started process (PID=6186) to work on /mnt/c/Users/Shivam Gupta/OneDrive/Documents/Shivam_Developement/data_engineering/data_engineering_project/batch-etl-pyspark/.venv/lib/python3.12/site-packages/airflow/example_dags/example_nested_branch_dag.py
[2025-07-16T17:54:45.633+0000] {processor.py:830} INFO - Processing file /mnt/c/Users/Shivam Gupta/OneDrive/Documents/Shivam_Developement/data_engineering/data_engineering_project/batch-etl-pyspark/.venv/lib/python3.12/site-packages/airflow/example_dags/example_nested_branch_dag.py for tasks to queue
[2025-07-16T17:54:45.635+0000] {logging_mixin.py:188} INFO - [2025-07-16T17:54:45.635+0000] {dagbag.py:545} INFO - Filling up the DagBag from /mnt/c/Users/Shivam Gupta/OneDrive/Documents/Shivam_Developement/data_engineering/data_engineering_project/batch-etl-pyspark/.venv/lib/python3.12/site-packages/airflow/example_dags/example_nested_branch_dag.py
[2025-07-16T17:54:45.655+0000] {processor.py:840} INFO - DAG(s) 'example_nested_branch_dag' retrieved from /mnt/c/Users/Shivam Gupta/OneDrive/Documents/Shivam_Developement/data_engineering/data_engineering_project/batch-etl-pyspark/.venv/lib/python3.12/site-packages/airflow/example_dags/example_nested_branch_dag.py
[2025-07-16T17:54:45.673+0000] {logging_mixin.py:188} INFO - [2025-07-16T17:54:45.672+0000] {dag.py:3096} INFO - Sync 1 DAGs
[2025-07-16T17:54:45.689+0000] {logging_mixin.py:188} INFO - [2025-07-16T17:54:45.688+0000] {dag.py:3954} INFO - Setting next_dagrun for example_nested_branch_dag to 2025-07-15 00:00:00+00:00, run_after=2025-07-16 00:00:00+00:00
[2025-07-16T17:54:45.733+0000] {processor.py:183} INFO - Processing /mnt/c/Users/Shivam Gupta/OneDrive/Documents/Shivam_Developement/data_engineering/data_engineering_project/batch-etl-pyspark/.venv/lib/python3.12/site-packages/airflow/example_dags/example_nested_branch_dag.py took 0.108 seconds
[2025-07-16T17:56:17.208+0000] {processor.py:161} INFO - Started process (PID=6274) to work on /mnt/c/Users/Shivam Gupta/OneDrive/Documents/Shivam_Developement/data_engineering/data_engineering_project/batch-etl-pyspark/.venv/lib/python3.12/site-packages/airflow/example_dags/example_nested_branch_dag.py
[2025-07-16T17:56:17.211+0000] {processor.py:830} INFO - Processing file /mnt/c/Users/Shivam Gupta/OneDrive/Documents/Shivam_Developement/data_engineering/data_engineering_project/batch-etl-pyspark/.venv/lib/python3.12/site-packages/airflow/example_dags/example_nested_branch_dag.py for tasks to queue
[2025-07-16T17:56:17.217+0000] {logging_mixin.py:188} INFO - [2025-07-16T17:56:17.214+0000] {dagbag.py:545} INFO - Filling up the DagBag from /mnt/c/Users/Shivam Gupta/OneDrive/Documents/Shivam_Developement/data_engineering/data_engineering_project/batch-etl-pyspark/.venv/lib/python3.12/site-packages/airflow/example_dags/example_nested_branch_dag.py
[2025-07-16T17:56:17.288+0000] {processor.py:840} INFO - DAG(s) 'example_nested_branch_dag' retrieved from /mnt/c/Users/Shivam Gupta/OneDrive/Documents/Shivam_Developement/data_engineering/data_engineering_project/batch-etl-pyspark/.venv/lib/python3.12/site-packages/airflow/example_dags/example_nested_branch_dag.py
[2025-07-16T17:56:17.336+0000] {logging_mixin.py:188} INFO - [2025-07-16T17:56:17.334+0000] {dag.py:3096} INFO - Sync 1 DAGs
[2025-07-16T17:56:17.372+0000] {logging_mixin.py:188} INFO - [2025-07-16T17:56:17.370+0000] {dag.py:3954} INFO - Setting next_dagrun for example_nested_branch_dag to 2025-07-15 00:00:00+00:00, run_after=2025-07-16 00:00:00+00:00
[2025-07-16T17:56:17.486+0000] {processor.py:183} INFO - Processing /mnt/c/Users/Shivam Gupta/OneDrive/Documents/Shivam_Developement/data_engineering/data_engineering_project/batch-etl-pyspark/.venv/lib/python3.12/site-packages/airflow/example_dags/example_nested_branch_dag.py took 0.298 seconds
[2025-07-16T18:02:44.546+0000] {processor.py:161} INFO - Started process (PID=6746) to work on /mnt/c/Users/Shivam Gupta/OneDrive/Documents/Shivam_Developement/data_engineering/data_engineering_project/batch-etl-pyspark/.venv/lib/python3.12/site-packages/airflow/example_dags/example_nested_branch_dag.py
[2025-07-16T18:02:44.547+0000] {processor.py:830} INFO - Processing file /mnt/c/Users/Shivam Gupta/OneDrive/Documents/Shivam_Developement/data_engineering/data_engineering_project/batch-etl-pyspark/.venv/lib/python3.12/site-packages/airflow/example_dags/example_nested_branch_dag.py for tasks to queue
[2025-07-16T18:02:44.550+0000] {logging_mixin.py:188} INFO - [2025-07-16T18:02:44.549+0000] {dagbag.py:545} INFO - Filling up the DagBag from /mnt/c/Users/Shivam Gupta/OneDrive/Documents/Shivam_Developement/data_engineering/data_engineering_project/batch-etl-pyspark/.venv/lib/python3.12/site-packages/airflow/example_dags/example_nested_branch_dag.py
[2025-07-16T18:02:44.580+0000] {processor.py:840} INFO - DAG(s) 'example_nested_branch_dag' retrieved from /mnt/c/Users/Shivam Gupta/OneDrive/Documents/Shivam_Developement/data_engineering/data_engineering_project/batch-etl-pyspark/.venv/lib/python3.12/site-packages/airflow/example_dags/example_nested_branch_dag.py
[2025-07-16T18:02:44.621+0000] {logging_mixin.py:188} INFO - [2025-07-16T18:02:44.620+0000] {dag.py:3096} INFO - Sync 1 DAGs
[2025-07-16T18:02:44.652+0000] {logging_mixin.py:188} INFO - [2025-07-16T18:02:44.650+0000] {dag.py:3954} INFO - Setting next_dagrun for example_nested_branch_dag to 2025-07-15 00:00:00+00:00, run_after=2025-07-16 00:00:00+00:00
[2025-07-16T18:02:44.742+0000] {processor.py:183} INFO - Processing /mnt/c/Users/Shivam Gupta/OneDrive/Documents/Shivam_Developement/data_engineering/data_engineering_project/batch-etl-pyspark/.venv/lib/python3.12/site-packages/airflow/example_dags/example_nested_branch_dag.py took 0.206 seconds
[2025-07-16T18:38:34.576+0000] {processor.py:161} INFO - Started process (PID=8693) to work on /mnt/c/Users/Shivam Gupta/OneDrive/Documents/Shivam_Developement/data_engineering/data_engineering_project/batch-etl-pyspark/.venv/lib/python3.12/site-packages/airflow/example_dags/example_nested_branch_dag.py
[2025-07-16T18:38:34.578+0000] {processor.py:830} INFO - Processing file /mnt/c/Users/Shivam Gupta/OneDrive/Documents/Shivam_Developement/data_engineering/data_engineering_project/batch-etl-pyspark/.venv/lib/python3.12/site-packages/airflow/example_dags/example_nested_branch_dag.py for tasks to queue
[2025-07-16T18:38:34.581+0000] {logging_mixin.py:188} INFO - [2025-07-16T18:38:34.580+0000] {dagbag.py:545} INFO - Filling up the DagBag from /mnt/c/Users/Shivam Gupta/OneDrive/Documents/Shivam_Developement/data_engineering/data_engineering_project/batch-etl-pyspark/.venv/lib/python3.12/site-packages/airflow/example_dags/example_nested_branch_dag.py
[2025-07-16T18:38:34.610+0000] {processor.py:840} INFO - DAG(s) 'example_nested_branch_dag' retrieved from /mnt/c/Users/Shivam Gupta/OneDrive/Documents/Shivam_Developement/data_engineering/data_engineering_project/batch-etl-pyspark/.venv/lib/python3.12/site-packages/airflow/example_dags/example_nested_branch_dag.py
[2025-07-16T18:38:34.652+0000] {logging_mixin.py:188} INFO - [2025-07-16T18:38:34.651+0000] {dag.py:3096} INFO - Sync 1 DAGs
[2025-07-16T18:38:34.676+0000] {logging_mixin.py:188} INFO - [2025-07-16T18:38:34.675+0000] {dag.py:3954} INFO - Setting next_dagrun for example_nested_branch_dag to 2025-07-15 00:00:00+00:00, run_after=2025-07-16 00:00:00+00:00
[2025-07-16T18:38:34.732+0000] {processor.py:183} INFO - Processing /mnt/c/Users/Shivam Gupta/OneDrive/Documents/Shivam_Developement/data_engineering/data_engineering_project/batch-etl-pyspark/.venv/lib/python3.12/site-packages/airflow/example_dags/example_nested_branch_dag.py took 0.166 seconds
[2025-07-16T18:52:42.238+0000] {processor.py:161} INFO - Started process (PID=9393) to work on /mnt/c/Users/Shivam Gupta/OneDrive/Documents/Shivam_Developement/data_engineering/data_engineering_project/batch-etl-pyspark/.venv/lib/python3.12/site-packages/airflow/example_dags/example_nested_branch_dag.py
[2025-07-16T18:52:42.240+0000] {processor.py:830} INFO - Processing file /mnt/c/Users/Shivam Gupta/OneDrive/Documents/Shivam_Developement/data_engineering/data_engineering_project/batch-etl-pyspark/.venv/lib/python3.12/site-packages/airflow/example_dags/example_nested_branch_dag.py for tasks to queue
[2025-07-16T18:52:42.243+0000] {logging_mixin.py:188} INFO - [2025-07-16T18:52:42.242+0000] {dagbag.py:545} INFO - Filling up the DagBag from /mnt/c/Users/Shivam Gupta/OneDrive/Documents/Shivam_Developement/data_engineering/data_engineering_project/batch-etl-pyspark/.venv/lib/python3.12/site-packages/airflow/example_dags/example_nested_branch_dag.py
[2025-07-16T18:52:42.265+0000] {processor.py:840} INFO - DAG(s) 'example_nested_branch_dag' retrieved from /mnt/c/Users/Shivam Gupta/OneDrive/Documents/Shivam_Developement/data_engineering/data_engineering_project/batch-etl-pyspark/.venv/lib/python3.12/site-packages/airflow/example_dags/example_nested_branch_dag.py
[2025-07-16T18:52:42.307+0000] {logging_mixin.py:188} INFO - [2025-07-16T18:52:42.306+0000] {dag.py:3096} INFO - Sync 1 DAGs
[2025-07-16T18:52:42.328+0000] {logging_mixin.py:188} INFO - [2025-07-16T18:52:42.327+0000] {dag.py:3954} INFO - Setting next_dagrun for example_nested_branch_dag to 2025-07-15 00:00:00+00:00, run_after=2025-07-16 00:00:00+00:00
[2025-07-16T18:52:42.384+0000] {processor.py:183} INFO - Processing /mnt/c/Users/Shivam Gupta/OneDrive/Documents/Shivam_Developement/data_engineering/data_engineering_project/batch-etl-pyspark/.venv/lib/python3.12/site-packages/airflow/example_dags/example_nested_branch_dag.py took 0.154 seconds
[2025-07-16T18:54:08.340+0000] {processor.py:161} INFO - Started process (PID=9482) to work on /mnt/c/Users/Shivam Gupta/OneDrive/Documents/Shivam_Developement/data_engineering/data_engineering_project/batch-etl-pyspark/.venv/lib/python3.12/site-packages/airflow/example_dags/example_nested_branch_dag.py
[2025-07-16T18:54:08.342+0000] {processor.py:830} INFO - Processing file /mnt/c/Users/Shivam Gupta/OneDrive/Documents/Shivam_Developement/data_engineering/data_engineering_project/batch-etl-pyspark/.venv/lib/python3.12/site-packages/airflow/example_dags/example_nested_branch_dag.py for tasks to queue
[2025-07-16T18:54:08.347+0000] {logging_mixin.py:188} INFO - [2025-07-16T18:54:08.345+0000] {dagbag.py:545} INFO - Filling up the DagBag from /mnt/c/Users/Shivam Gupta/OneDrive/Documents/Shivam_Developement/data_engineering/data_engineering_project/batch-etl-pyspark/.venv/lib/python3.12/site-packages/airflow/example_dags/example_nested_branch_dag.py
[2025-07-16T18:54:08.398+0000] {processor.py:840} INFO - DAG(s) 'example_nested_branch_dag' retrieved from /mnt/c/Users/Shivam Gupta/OneDrive/Documents/Shivam_Developement/data_engineering/data_engineering_project/batch-etl-pyspark/.venv/lib/python3.12/site-packages/airflow/example_dags/example_nested_branch_dag.py
[2025-07-16T18:54:08.441+0000] {logging_mixin.py:188} INFO - [2025-07-16T18:54:08.440+0000] {dag.py:3096} INFO - Sync 1 DAGs
[2025-07-16T18:54:08.477+0000] {logging_mixin.py:188} INFO - [2025-07-16T18:54:08.476+0000] {dag.py:3954} INFO - Setting next_dagrun for example_nested_branch_dag to 2025-07-15 00:00:00+00:00, run_after=2025-07-16 00:00:00+00:00
[2025-07-16T18:54:08.536+0000] {processor.py:183} INFO - Processing /mnt/c/Users/Shivam Gupta/OneDrive/Documents/Shivam_Developement/data_engineering/data_engineering_project/batch-etl-pyspark/.venv/lib/python3.12/site-packages/airflow/example_dags/example_nested_branch_dag.py took 0.214 seconds
[2025-07-16T18:55:30.908+0000] {processor.py:161} INFO - Started process (PID=9723) to work on /mnt/c/Users/Shivam Gupta/OneDrive/Documents/Shivam_Developement/data_engineering/data_engineering_project/batch-etl-pyspark/.venv/lib/python3.12/site-packages/airflow/example_dags/example_nested_branch_dag.py
[2025-07-16T18:55:30.909+0000] {processor.py:830} INFO - Processing file /mnt/c/Users/Shivam Gupta/OneDrive/Documents/Shivam_Developement/data_engineering/data_engineering_project/batch-etl-pyspark/.venv/lib/python3.12/site-packages/airflow/example_dags/example_nested_branch_dag.py for tasks to queue
[2025-07-16T18:55:30.912+0000] {logging_mixin.py:188} INFO - [2025-07-16T18:55:30.911+0000] {dagbag.py:545} INFO - Filling up the DagBag from /mnt/c/Users/Shivam Gupta/OneDrive/Documents/Shivam_Developement/data_engineering/data_engineering_project/batch-etl-pyspark/.venv/lib/python3.12/site-packages/airflow/example_dags/example_nested_branch_dag.py
[2025-07-16T18:55:30.943+0000] {processor.py:840} INFO - DAG(s) 'example_nested_branch_dag' retrieved from /mnt/c/Users/Shivam Gupta/OneDrive/Documents/Shivam_Developement/data_engineering/data_engineering_project/batch-etl-pyspark/.venv/lib/python3.12/site-packages/airflow/example_dags/example_nested_branch_dag.py
[2025-07-16T18:55:30.968+0000] {logging_mixin.py:188} INFO - [2025-07-16T18:55:30.968+0000] {dag.py:3096} INFO - Sync 1 DAGs
[2025-07-16T18:55:30.989+0000] {logging_mixin.py:188} INFO - [2025-07-16T18:55:30.988+0000] {dag.py:3954} INFO - Setting next_dagrun for example_nested_branch_dag to 2025-07-15 00:00:00+00:00, run_after=2025-07-16 00:00:00+00:00
[2025-07-16T18:55:31.064+0000] {processor.py:183} INFO - Processing /mnt/c/Users/Shivam Gupta/OneDrive/Documents/Shivam_Developement/data_engineering/data_engineering_project/batch-etl-pyspark/.venv/lib/python3.12/site-packages/airflow/example_dags/example_nested_branch_dag.py took 0.169 seconds
[2025-07-16T18:56:45.243+0000] {processor.py:161} INFO - Started process (PID=9888) to work on /mnt/c/Users/Shivam Gupta/OneDrive/Documents/Shivam_Developement/data_engineering/data_engineering_project/batch-etl-pyspark/.venv/lib/python3.12/site-packages/airflow/example_dags/example_nested_branch_dag.py
[2025-07-16T18:56:45.247+0000] {processor.py:830} INFO - Processing file /mnt/c/Users/Shivam Gupta/OneDrive/Documents/Shivam_Developement/data_engineering/data_engineering_project/batch-etl-pyspark/.venv/lib/python3.12/site-packages/airflow/example_dags/example_nested_branch_dag.py for tasks to queue
[2025-07-16T18:56:45.253+0000] {logging_mixin.py:188} INFO - [2025-07-16T18:56:45.251+0000] {dagbag.py:545} INFO - Filling up the DagBag from /mnt/c/Users/Shivam Gupta/OneDrive/Documents/Shivam_Developement/data_engineering/data_engineering_project/batch-etl-pyspark/.venv/lib/python3.12/site-packages/airflow/example_dags/example_nested_branch_dag.py
[2025-07-16T18:56:45.309+0000] {processor.py:840} INFO - DAG(s) 'example_nested_branch_dag' retrieved from /mnt/c/Users/Shivam Gupta/OneDrive/Documents/Shivam_Developement/data_engineering/data_engineering_project/batch-etl-pyspark/.venv/lib/python3.12/site-packages/airflow/example_dags/example_nested_branch_dag.py
[2025-07-16T18:56:45.333+0000] {logging_mixin.py:188} INFO - [2025-07-16T18:56:45.333+0000] {dag.py:3096} INFO - Sync 1 DAGs
[2025-07-16T18:56:45.354+0000] {logging_mixin.py:188} INFO - [2025-07-16T18:56:45.353+0000] {dag.py:3954} INFO - Setting next_dagrun for example_nested_branch_dag to 2025-07-15 00:00:00+00:00, run_after=2025-07-16 00:00:00+00:00
[2025-07-16T18:56:45.414+0000] {processor.py:183} INFO - Processing /mnt/c/Users/Shivam Gupta/OneDrive/Documents/Shivam_Developement/data_engineering/data_engineering_project/batch-etl-pyspark/.venv/lib/python3.12/site-packages/airflow/example_dags/example_nested_branch_dag.py took 0.193 seconds
[2025-07-16T18:58:07.829+0000] {processor.py:161} INFO - Started process (PID=10040) to work on /mnt/c/Users/Shivam Gupta/OneDrive/Documents/Shivam_Developement/data_engineering/data_engineering_project/batch-etl-pyspark/.venv/lib/python3.12/site-packages/airflow/example_dags/example_nested_branch_dag.py
[2025-07-16T18:58:07.831+0000] {processor.py:830} INFO - Processing file /mnt/c/Users/Shivam Gupta/OneDrive/Documents/Shivam_Developement/data_engineering/data_engineering_project/batch-etl-pyspark/.venv/lib/python3.12/site-packages/airflow/example_dags/example_nested_branch_dag.py for tasks to queue
[2025-07-16T18:58:07.834+0000] {logging_mixin.py:188} INFO - [2025-07-16T18:58:07.834+0000] {dagbag.py:545} INFO - Filling up the DagBag from /mnt/c/Users/Shivam Gupta/OneDrive/Documents/Shivam_Developement/data_engineering/data_engineering_project/batch-etl-pyspark/.venv/lib/python3.12/site-packages/airflow/example_dags/example_nested_branch_dag.py
[2025-07-16T18:58:07.920+0000] {processor.py:840} INFO - DAG(s) 'example_nested_branch_dag' retrieved from /mnt/c/Users/Shivam Gupta/OneDrive/Documents/Shivam_Developement/data_engineering/data_engineering_project/batch-etl-pyspark/.venv/lib/python3.12/site-packages/airflow/example_dags/example_nested_branch_dag.py
[2025-07-16T18:58:07.999+0000] {logging_mixin.py:188} INFO - [2025-07-16T18:58:07.998+0000] {dag.py:3096} INFO - Sync 1 DAGs
[2025-07-16T18:58:08.050+0000] {logging_mixin.py:188} INFO - [2025-07-16T18:58:08.048+0000] {dag.py:3954} INFO - Setting next_dagrun for example_nested_branch_dag to 2025-07-15 00:00:00+00:00, run_after=2025-07-16 00:00:00+00:00
[2025-07-16T18:58:08.160+0000] {processor.py:183} INFO - Processing /mnt/c/Users/Shivam Gupta/OneDrive/Documents/Shivam_Developement/data_engineering/data_engineering_project/batch-etl-pyspark/.venv/lib/python3.12/site-packages/airflow/example_dags/example_nested_branch_dag.py took 0.344 seconds
[2025-07-16T18:59:29.557+0000] {processor.py:161} INFO - Started process (PID=10201) to work on /mnt/c/Users/Shivam Gupta/OneDrive/Documents/Shivam_Developement/data_engineering/data_engineering_project/batch-etl-pyspark/.venv/lib/python3.12/site-packages/airflow/example_dags/example_nested_branch_dag.py
[2025-07-16T18:59:29.559+0000] {processor.py:830} INFO - Processing file /mnt/c/Users/Shivam Gupta/OneDrive/Documents/Shivam_Developement/data_engineering/data_engineering_project/batch-etl-pyspark/.venv/lib/python3.12/site-packages/airflow/example_dags/example_nested_branch_dag.py for tasks to queue
[2025-07-16T18:59:29.561+0000] {logging_mixin.py:188} INFO - [2025-07-16T18:59:29.560+0000] {dagbag.py:545} INFO - Filling up the DagBag from /mnt/c/Users/Shivam Gupta/OneDrive/Documents/Shivam_Developement/data_engineering/data_engineering_project/batch-etl-pyspark/.venv/lib/python3.12/site-packages/airflow/example_dags/example_nested_branch_dag.py
[2025-07-16T18:59:29.595+0000] {processor.py:840} INFO - DAG(s) 'example_nested_branch_dag' retrieved from /mnt/c/Users/Shivam Gupta/OneDrive/Documents/Shivam_Developement/data_engineering/data_engineering_project/batch-etl-pyspark/.venv/lib/python3.12/site-packages/airflow/example_dags/example_nested_branch_dag.py
[2025-07-16T18:59:29.628+0000] {logging_mixin.py:188} INFO - [2025-07-16T18:59:29.627+0000] {dag.py:3096} INFO - Sync 1 DAGs
[2025-07-16T18:59:29.657+0000] {logging_mixin.py:188} INFO - [2025-07-16T18:59:29.656+0000] {dag.py:3954} INFO - Setting next_dagrun for example_nested_branch_dag to 2025-07-15 00:00:00+00:00, run_after=2025-07-16 00:00:00+00:00
[2025-07-16T18:59:29.734+0000] {processor.py:183} INFO - Processing /mnt/c/Users/Shivam Gupta/OneDrive/Documents/Shivam_Developement/data_engineering/data_engineering_project/batch-etl-pyspark/.venv/lib/python3.12/site-packages/airflow/example_dags/example_nested_branch_dag.py took 0.190 seconds
[2025-07-16T19:01:00.274+0000] {processor.py:161} INFO - Started process (PID=10390) to work on /mnt/c/Users/Shivam Gupta/OneDrive/Documents/Shivam_Developement/data_engineering/data_engineering_project/batch-etl-pyspark/.venv/lib/python3.12/site-packages/airflow/example_dags/example_nested_branch_dag.py
[2025-07-16T19:01:00.275+0000] {processor.py:830} INFO - Processing file /mnt/c/Users/Shivam Gupta/OneDrive/Documents/Shivam_Developement/data_engineering/data_engineering_project/batch-etl-pyspark/.venv/lib/python3.12/site-packages/airflow/example_dags/example_nested_branch_dag.py for tasks to queue
[2025-07-16T19:01:00.277+0000] {logging_mixin.py:188} INFO - [2025-07-16T19:01:00.277+0000] {dagbag.py:545} INFO - Filling up the DagBag from /mnt/c/Users/Shivam Gupta/OneDrive/Documents/Shivam_Developement/data_engineering/data_engineering_project/batch-etl-pyspark/.venv/lib/python3.12/site-packages/airflow/example_dags/example_nested_branch_dag.py
[2025-07-16T19:01:00.298+0000] {processor.py:840} INFO - DAG(s) 'example_nested_branch_dag' retrieved from /mnt/c/Users/Shivam Gupta/OneDrive/Documents/Shivam_Developement/data_engineering/data_engineering_project/batch-etl-pyspark/.venv/lib/python3.12/site-packages/airflow/example_dags/example_nested_branch_dag.py
[2025-07-16T19:01:00.320+0000] {logging_mixin.py:188} INFO - [2025-07-16T19:01:00.319+0000] {dag.py:3096} INFO - Sync 1 DAGs
[2025-07-16T19:01:00.340+0000] {logging_mixin.py:188} INFO - [2025-07-16T19:01:00.339+0000] {dag.py:3954} INFO - Setting next_dagrun for example_nested_branch_dag to 2025-07-15 00:00:00+00:00, run_after=2025-07-16 00:00:00+00:00
[2025-07-16T19:01:00.407+0000] {processor.py:183} INFO - Processing /mnt/c/Users/Shivam Gupta/OneDrive/Documents/Shivam_Developement/data_engineering/data_engineering_project/batch-etl-pyspark/.venv/lib/python3.12/site-packages/airflow/example_dags/example_nested_branch_dag.py took 0.141 seconds
[2025-07-16T19:02:31.600+0000] {processor.py:161} INFO - Started process (PID=10598) to work on /mnt/c/Users/Shivam Gupta/OneDrive/Documents/Shivam_Developement/data_engineering/data_engineering_project/batch-etl-pyspark/.venv/lib/python3.12/site-packages/airflow/example_dags/example_nested_branch_dag.py
[2025-07-16T19:02:31.602+0000] {processor.py:830} INFO - Processing file /mnt/c/Users/Shivam Gupta/OneDrive/Documents/Shivam_Developement/data_engineering/data_engineering_project/batch-etl-pyspark/.venv/lib/python3.12/site-packages/airflow/example_dags/example_nested_branch_dag.py for tasks to queue
[2025-07-16T19:02:31.606+0000] {logging_mixin.py:188} INFO - [2025-07-16T19:02:31.604+0000] {dagbag.py:545} INFO - Filling up the DagBag from /mnt/c/Users/Shivam Gupta/OneDrive/Documents/Shivam_Developement/data_engineering/data_engineering_project/batch-etl-pyspark/.venv/lib/python3.12/site-packages/airflow/example_dags/example_nested_branch_dag.py
[2025-07-16T19:02:31.639+0000] {processor.py:840} INFO - DAG(s) 'example_nested_branch_dag' retrieved from /mnt/c/Users/Shivam Gupta/OneDrive/Documents/Shivam_Developement/data_engineering/data_engineering_project/batch-etl-pyspark/.venv/lib/python3.12/site-packages/airflow/example_dags/example_nested_branch_dag.py
[2025-07-16T19:02:31.668+0000] {logging_mixin.py:188} INFO - [2025-07-16T19:02:31.667+0000] {dag.py:3096} INFO - Sync 1 DAGs
[2025-07-16T19:02:31.695+0000] {logging_mixin.py:188} INFO - [2025-07-16T19:02:31.694+0000] {dag.py:3954} INFO - Setting next_dagrun for example_nested_branch_dag to 2025-07-15 00:00:00+00:00, run_after=2025-07-16 00:00:00+00:00
[2025-07-16T19:02:31.780+0000] {processor.py:183} INFO - Processing /mnt/c/Users/Shivam Gupta/OneDrive/Documents/Shivam_Developement/data_engineering/data_engineering_project/batch-etl-pyspark/.venv/lib/python3.12/site-packages/airflow/example_dags/example_nested_branch_dag.py took 0.190 seconds
[2025-07-16T19:04:03.191+0000] {processor.py:161} INFO - Started process (PID=10754) to work on /mnt/c/Users/Shivam Gupta/OneDrive/Documents/Shivam_Developement/data_engineering/data_engineering_project/batch-etl-pyspark/.venv/lib/python3.12/site-packages/airflow/example_dags/example_nested_branch_dag.py
[2025-07-16T19:04:03.193+0000] {processor.py:830} INFO - Processing file /mnt/c/Users/Shivam Gupta/OneDrive/Documents/Shivam_Developement/data_engineering/data_engineering_project/batch-etl-pyspark/.venv/lib/python3.12/site-packages/airflow/example_dags/example_nested_branch_dag.py for tasks to queue
[2025-07-16T19:04:03.195+0000] {logging_mixin.py:188} INFO - [2025-07-16T19:04:03.194+0000] {dagbag.py:545} INFO - Filling up the DagBag from /mnt/c/Users/Shivam Gupta/OneDrive/Documents/Shivam_Developement/data_engineering/data_engineering_project/batch-etl-pyspark/.venv/lib/python3.12/site-packages/airflow/example_dags/example_nested_branch_dag.py
[2025-07-16T19:04:03.226+0000] {processor.py:840} INFO - DAG(s) 'example_nested_branch_dag' retrieved from /mnt/c/Users/Shivam Gupta/OneDrive/Documents/Shivam_Developement/data_engineering/data_engineering_project/batch-etl-pyspark/.venv/lib/python3.12/site-packages/airflow/example_dags/example_nested_branch_dag.py
[2025-07-16T19:04:03.252+0000] {logging_mixin.py:188} INFO - [2025-07-16T19:04:03.251+0000] {dag.py:3096} INFO - Sync 1 DAGs
[2025-07-16T19:04:03.272+0000] {logging_mixin.py:188} INFO - [2025-07-16T19:04:03.271+0000] {dag.py:3954} INFO - Setting next_dagrun for example_nested_branch_dag to 2025-07-15 00:00:00+00:00, run_after=2025-07-16 00:00:00+00:00
[2025-07-16T19:04:03.330+0000] {processor.py:183} INFO - Processing /mnt/c/Users/Shivam Gupta/OneDrive/Documents/Shivam_Developement/data_engineering/data_engineering_project/batch-etl-pyspark/.venv/lib/python3.12/site-packages/airflow/example_dags/example_nested_branch_dag.py took 0.149 seconds
[2025-07-16T19:05:24.717+0000] {processor.py:161} INFO - Started process (PID=10911) to work on /mnt/c/Users/Shivam Gupta/OneDrive/Documents/Shivam_Developement/data_engineering/data_engineering_project/batch-etl-pyspark/.venv/lib/python3.12/site-packages/airflow/example_dags/example_nested_branch_dag.py
[2025-07-16T19:05:24.720+0000] {processor.py:830} INFO - Processing file /mnt/c/Users/Shivam Gupta/OneDrive/Documents/Shivam_Developement/data_engineering/data_engineering_project/batch-etl-pyspark/.venv/lib/python3.12/site-packages/airflow/example_dags/example_nested_branch_dag.py for tasks to queue
[2025-07-16T19:05:24.723+0000] {logging_mixin.py:188} INFO - [2025-07-16T19:05:24.722+0000] {dagbag.py:545} INFO - Filling up the DagBag from /mnt/c/Users/Shivam Gupta/OneDrive/Documents/Shivam_Developement/data_engineering/data_engineering_project/batch-etl-pyspark/.venv/lib/python3.12/site-packages/airflow/example_dags/example_nested_branch_dag.py
[2025-07-16T19:05:24.766+0000] {processor.py:840} INFO - DAG(s) 'example_nested_branch_dag' retrieved from /mnt/c/Users/Shivam Gupta/OneDrive/Documents/Shivam_Developement/data_engineering/data_engineering_project/batch-etl-pyspark/.venv/lib/python3.12/site-packages/airflow/example_dags/example_nested_branch_dag.py
[2025-07-16T19:05:24.803+0000] {logging_mixin.py:188} INFO - [2025-07-16T19:05:24.801+0000] {dag.py:3096} INFO - Sync 1 DAGs
[2025-07-16T19:05:24.835+0000] {logging_mixin.py:188} INFO - [2025-07-16T19:05:24.834+0000] {dag.py:3954} INFO - Setting next_dagrun for example_nested_branch_dag to 2025-07-15 00:00:00+00:00, run_after=2025-07-16 00:00:00+00:00
[2025-07-16T19:05:24.921+0000] {processor.py:183} INFO - Processing /mnt/c/Users/Shivam Gupta/OneDrive/Documents/Shivam_Developement/data_engineering/data_engineering_project/batch-etl-pyspark/.venv/lib/python3.12/site-packages/airflow/example_dags/example_nested_branch_dag.py took 0.220 seconds
[2025-07-16T19:06:54.777+0000] {processor.py:161} INFO - Started process (PID=11068) to work on /mnt/c/Users/Shivam Gupta/OneDrive/Documents/Shivam_Developement/data_engineering/data_engineering_project/batch-etl-pyspark/.venv/lib/python3.12/site-packages/airflow/example_dags/example_nested_branch_dag.py
[2025-07-16T19:06:54.780+0000] {processor.py:830} INFO - Processing file /mnt/c/Users/Shivam Gupta/OneDrive/Documents/Shivam_Developement/data_engineering/data_engineering_project/batch-etl-pyspark/.venv/lib/python3.12/site-packages/airflow/example_dags/example_nested_branch_dag.py for tasks to queue
[2025-07-16T19:06:54.785+0000] {logging_mixin.py:188} INFO - [2025-07-16T19:06:54.783+0000] {dagbag.py:545} INFO - Filling up the DagBag from /mnt/c/Users/Shivam Gupta/OneDrive/Documents/Shivam_Developement/data_engineering/data_engineering_project/batch-etl-pyspark/.venv/lib/python3.12/site-packages/airflow/example_dags/example_nested_branch_dag.py
[2025-07-16T19:06:54.890+0000] {processor.py:840} INFO - DAG(s) 'example_nested_branch_dag' retrieved from /mnt/c/Users/Shivam Gupta/OneDrive/Documents/Shivam_Developement/data_engineering/data_engineering_project/batch-etl-pyspark/.venv/lib/python3.12/site-packages/airflow/example_dags/example_nested_branch_dag.py
[2025-07-16T19:06:54.956+0000] {logging_mixin.py:188} INFO - [2025-07-16T19:06:54.955+0000] {dag.py:3096} INFO - Sync 1 DAGs
[2025-07-16T19:06:54.987+0000] {logging_mixin.py:188} INFO - [2025-07-16T19:06:54.986+0000] {dag.py:3954} INFO - Setting next_dagrun for example_nested_branch_dag to 2025-07-15 00:00:00+00:00, run_after=2025-07-16 00:00:00+00:00
[2025-07-16T19:06:55.068+0000] {processor.py:183} INFO - Processing /mnt/c/Users/Shivam Gupta/OneDrive/Documents/Shivam_Developement/data_engineering/data_engineering_project/batch-etl-pyspark/.venv/lib/python3.12/site-packages/airflow/example_dags/example_nested_branch_dag.py took 0.307 seconds
[2025-07-16T19:08:27.115+0000] {processor.py:161} INFO - Started process (PID=11235) to work on /mnt/c/Users/Shivam Gupta/OneDrive/Documents/Shivam_Developement/data_engineering/data_engineering_project/batch-etl-pyspark/.venv/lib/python3.12/site-packages/airflow/example_dags/example_nested_branch_dag.py
[2025-07-16T19:08:27.118+0000] {processor.py:830} INFO - Processing file /mnt/c/Users/Shivam Gupta/OneDrive/Documents/Shivam_Developement/data_engineering/data_engineering_project/batch-etl-pyspark/.venv/lib/python3.12/site-packages/airflow/example_dags/example_nested_branch_dag.py for tasks to queue
[2025-07-16T19:08:27.123+0000] {logging_mixin.py:188} INFO - [2025-07-16T19:08:27.121+0000] {dagbag.py:545} INFO - Filling up the DagBag from /mnt/c/Users/Shivam Gupta/OneDrive/Documents/Shivam_Developement/data_engineering/data_engineering_project/batch-etl-pyspark/.venv/lib/python3.12/site-packages/airflow/example_dags/example_nested_branch_dag.py
[2025-07-16T19:08:27.182+0000] {processor.py:840} INFO - DAG(s) 'example_nested_branch_dag' retrieved from /mnt/c/Users/Shivam Gupta/OneDrive/Documents/Shivam_Developement/data_engineering/data_engineering_project/batch-etl-pyspark/.venv/lib/python3.12/site-packages/airflow/example_dags/example_nested_branch_dag.py
[2025-07-16T19:08:27.226+0000] {logging_mixin.py:188} INFO - [2025-07-16T19:08:27.225+0000] {dag.py:3096} INFO - Sync 1 DAGs
[2025-07-16T19:08:27.257+0000] {logging_mixin.py:188} INFO - [2025-07-16T19:08:27.256+0000] {dag.py:3954} INFO - Setting next_dagrun for example_nested_branch_dag to 2025-07-15 00:00:00+00:00, run_after=2025-07-16 00:00:00+00:00
[2025-07-16T19:08:27.341+0000] {processor.py:183} INFO - Processing /mnt/c/Users/Shivam Gupta/OneDrive/Documents/Shivam_Developement/data_engineering/data_engineering_project/batch-etl-pyspark/.venv/lib/python3.12/site-packages/airflow/example_dags/example_nested_branch_dag.py took 0.248 seconds
[2025-07-16T19:09:54.039+0000] {processor.py:161} INFO - Started process (PID=11393) to work on /mnt/c/Users/Shivam Gupta/OneDrive/Documents/Shivam_Developement/data_engineering/data_engineering_project/batch-etl-pyspark/.venv/lib/python3.12/site-packages/airflow/example_dags/example_nested_branch_dag.py
[2025-07-16T19:09:54.041+0000] {processor.py:830} INFO - Processing file /mnt/c/Users/Shivam Gupta/OneDrive/Documents/Shivam_Developement/data_engineering/data_engineering_project/batch-etl-pyspark/.venv/lib/python3.12/site-packages/airflow/example_dags/example_nested_branch_dag.py for tasks to queue
[2025-07-16T19:09:54.043+0000] {logging_mixin.py:188} INFO - [2025-07-16T19:09:54.042+0000] {dagbag.py:545} INFO - Filling up the DagBag from /mnt/c/Users/Shivam Gupta/OneDrive/Documents/Shivam_Developement/data_engineering/data_engineering_project/batch-etl-pyspark/.venv/lib/python3.12/site-packages/airflow/example_dags/example_nested_branch_dag.py
[2025-07-16T19:09:54.073+0000] {processor.py:840} INFO - DAG(s) 'example_nested_branch_dag' retrieved from /mnt/c/Users/Shivam Gupta/OneDrive/Documents/Shivam_Developement/data_engineering/data_engineering_project/batch-etl-pyspark/.venv/lib/python3.12/site-packages/airflow/example_dags/example_nested_branch_dag.py
[2025-07-16T19:09:54.099+0000] {logging_mixin.py:188} INFO - [2025-07-16T19:09:54.098+0000] {dag.py:3096} INFO - Sync 1 DAGs
[2025-07-16T19:09:54.119+0000] {logging_mixin.py:188} INFO - [2025-07-16T19:09:54.119+0000] {dag.py:3954} INFO - Setting next_dagrun for example_nested_branch_dag to 2025-07-15 00:00:00+00:00, run_after=2025-07-16 00:00:00+00:00
[2025-07-16T19:09:54.180+0000] {processor.py:183} INFO - Processing /mnt/c/Users/Shivam Gupta/OneDrive/Documents/Shivam_Developement/data_engineering/data_engineering_project/batch-etl-pyspark/.venv/lib/python3.12/site-packages/airflow/example_dags/example_nested_branch_dag.py took 0.151 seconds
[2025-07-16T19:11:29.868+0000] {processor.py:161} INFO - Started process (PID=11581) to work on /mnt/c/Users/Shivam Gupta/OneDrive/Documents/Shivam_Developement/data_engineering/data_engineering_project/batch-etl-pyspark/.venv/lib/python3.12/site-packages/airflow/example_dags/example_nested_branch_dag.py
[2025-07-16T19:11:29.870+0000] {processor.py:830} INFO - Processing file /mnt/c/Users/Shivam Gupta/OneDrive/Documents/Shivam_Developement/data_engineering/data_engineering_project/batch-etl-pyspark/.venv/lib/python3.12/site-packages/airflow/example_dags/example_nested_branch_dag.py for tasks to queue
[2025-07-16T19:11:29.874+0000] {logging_mixin.py:188} INFO - [2025-07-16T19:11:29.872+0000] {dagbag.py:545} INFO - Filling up the DagBag from /mnt/c/Users/Shivam Gupta/OneDrive/Documents/Shivam_Developement/data_engineering/data_engineering_project/batch-etl-pyspark/.venv/lib/python3.12/site-packages/airflow/example_dags/example_nested_branch_dag.py
[2025-07-16T19:11:29.920+0000] {processor.py:840} INFO - DAG(s) 'example_nested_branch_dag' retrieved from /mnt/c/Users/Shivam Gupta/OneDrive/Documents/Shivam_Developement/data_engineering/data_engineering_project/batch-etl-pyspark/.venv/lib/python3.12/site-packages/airflow/example_dags/example_nested_branch_dag.py
[2025-07-16T19:11:29.958+0000] {logging_mixin.py:188} INFO - [2025-07-16T19:11:29.957+0000] {dag.py:3096} INFO - Sync 1 DAGs
[2025-07-16T19:11:30.010+0000] {logging_mixin.py:188} INFO - [2025-07-16T19:11:30.009+0000] {dag.py:3954} INFO - Setting next_dagrun for example_nested_branch_dag to 2025-07-15 00:00:00+00:00, run_after=2025-07-16 00:00:00+00:00
[2025-07-16T19:11:30.108+0000] {processor.py:183} INFO - Processing /mnt/c/Users/Shivam Gupta/OneDrive/Documents/Shivam_Developement/data_engineering/data_engineering_project/batch-etl-pyspark/.venv/lib/python3.12/site-packages/airflow/example_dags/example_nested_branch_dag.py took 0.254 seconds
[2025-07-16T19:12:56.303+0000] {processor.py:161} INFO - Started process (PID=11751) to work on /mnt/c/Users/Shivam Gupta/OneDrive/Documents/Shivam_Developement/data_engineering/data_engineering_project/batch-etl-pyspark/.venv/lib/python3.12/site-packages/airflow/example_dags/example_nested_branch_dag.py
[2025-07-16T19:12:56.304+0000] {processor.py:830} INFO - Processing file /mnt/c/Users/Shivam Gupta/OneDrive/Documents/Shivam_Developement/data_engineering/data_engineering_project/batch-etl-pyspark/.venv/lib/python3.12/site-packages/airflow/example_dags/example_nested_branch_dag.py for tasks to queue
[2025-07-16T19:12:56.308+0000] {logging_mixin.py:188} INFO - [2025-07-16T19:12:56.306+0000] {dagbag.py:545} INFO - Filling up the DagBag from /mnt/c/Users/Shivam Gupta/OneDrive/Documents/Shivam_Developement/data_engineering/data_engineering_project/batch-etl-pyspark/.venv/lib/python3.12/site-packages/airflow/example_dags/example_nested_branch_dag.py
[2025-07-16T19:12:56.337+0000] {processor.py:840} INFO - DAG(s) 'example_nested_branch_dag' retrieved from /mnt/c/Users/Shivam Gupta/OneDrive/Documents/Shivam_Developement/data_engineering/data_engineering_project/batch-etl-pyspark/.venv/lib/python3.12/site-packages/airflow/example_dags/example_nested_branch_dag.py
[2025-07-16T19:12:56.368+0000] {logging_mixin.py:188} INFO - [2025-07-16T19:12:56.367+0000] {dag.py:3096} INFO - Sync 1 DAGs
[2025-07-16T19:12:56.398+0000] {logging_mixin.py:188} INFO - [2025-07-16T19:12:56.397+0000] {dag.py:3954} INFO - Setting next_dagrun for example_nested_branch_dag to 2025-07-15 00:00:00+00:00, run_after=2025-07-16 00:00:00+00:00
[2025-07-16T19:12:56.512+0000] {processor.py:183} INFO - Processing /mnt/c/Users/Shivam Gupta/OneDrive/Documents/Shivam_Developement/data_engineering/data_engineering_project/batch-etl-pyspark/.venv/lib/python3.12/site-packages/airflow/example_dags/example_nested_branch_dag.py took 0.221 seconds
[2025-07-16T19:14:23.774+0000] {processor.py:161} INFO - Started process (PID=11914) to work on /mnt/c/Users/Shivam Gupta/OneDrive/Documents/Shivam_Developement/data_engineering/data_engineering_project/batch-etl-pyspark/.venv/lib/python3.12/site-packages/airflow/example_dags/example_nested_branch_dag.py
[2025-07-16T19:14:23.776+0000] {processor.py:830} INFO - Processing file /mnt/c/Users/Shivam Gupta/OneDrive/Documents/Shivam_Developement/data_engineering/data_engineering_project/batch-etl-pyspark/.venv/lib/python3.12/site-packages/airflow/example_dags/example_nested_branch_dag.py for tasks to queue
[2025-07-16T19:14:23.779+0000] {logging_mixin.py:188} INFO - [2025-07-16T19:14:23.778+0000] {dagbag.py:545} INFO - Filling up the DagBag from /mnt/c/Users/Shivam Gupta/OneDrive/Documents/Shivam_Developement/data_engineering/data_engineering_project/batch-etl-pyspark/.venv/lib/python3.12/site-packages/airflow/example_dags/example_nested_branch_dag.py
[2025-07-16T19:14:23.818+0000] {processor.py:840} INFO - DAG(s) 'example_nested_branch_dag' retrieved from /mnt/c/Users/Shivam Gupta/OneDrive/Documents/Shivam_Developement/data_engineering/data_engineering_project/batch-etl-pyspark/.venv/lib/python3.12/site-packages/airflow/example_dags/example_nested_branch_dag.py
[2025-07-16T19:14:23.851+0000] {logging_mixin.py:188} INFO - [2025-07-16T19:14:23.850+0000] {dag.py:3096} INFO - Sync 1 DAGs
[2025-07-16T19:14:23.873+0000] {logging_mixin.py:188} INFO - [2025-07-16T19:14:23.872+0000] {dag.py:3954} INFO - Setting next_dagrun for example_nested_branch_dag to 2025-07-15 00:00:00+00:00, run_after=2025-07-16 00:00:00+00:00
[2025-07-16T19:14:23.933+0000] {processor.py:183} INFO - Processing /mnt/c/Users/Shivam Gupta/OneDrive/Documents/Shivam_Developement/data_engineering/data_engineering_project/batch-etl-pyspark/.venv/lib/python3.12/site-packages/airflow/example_dags/example_nested_branch_dag.py took 0.174 seconds
[2025-07-16T19:15:56.773+0000] {processor.py:161} INFO - Started process (PID=12106) to work on /mnt/c/Users/Shivam Gupta/OneDrive/Documents/Shivam_Developement/data_engineering/data_engineering_project/batch-etl-pyspark/.venv/lib/python3.12/site-packages/airflow/example_dags/example_nested_branch_dag.py
[2025-07-16T19:15:56.776+0000] {processor.py:830} INFO - Processing file /mnt/c/Users/Shivam Gupta/OneDrive/Documents/Shivam_Developement/data_engineering/data_engineering_project/batch-etl-pyspark/.venv/lib/python3.12/site-packages/airflow/example_dags/example_nested_branch_dag.py for tasks to queue
[2025-07-16T19:15:56.782+0000] {logging_mixin.py:188} INFO - [2025-07-16T19:15:56.780+0000] {dagbag.py:545} INFO - Filling up the DagBag from /mnt/c/Users/Shivam Gupta/OneDrive/Documents/Shivam_Developement/data_engineering/data_engineering_project/batch-etl-pyspark/.venv/lib/python3.12/site-packages/airflow/example_dags/example_nested_branch_dag.py
[2025-07-16T19:15:56.835+0000] {processor.py:840} INFO - DAG(s) 'example_nested_branch_dag' retrieved from /mnt/c/Users/Shivam Gupta/OneDrive/Documents/Shivam_Developement/data_engineering/data_engineering_project/batch-etl-pyspark/.venv/lib/python3.12/site-packages/airflow/example_dags/example_nested_branch_dag.py
[2025-07-16T19:15:56.897+0000] {logging_mixin.py:188} INFO - [2025-07-16T19:15:56.878+0000] {dag.py:3096} INFO - Sync 1 DAGs
[2025-07-16T19:15:56.927+0000] {logging_mixin.py:188} INFO - [2025-07-16T19:15:56.926+0000] {dag.py:3954} INFO - Setting next_dagrun for example_nested_branch_dag to 2025-07-15 00:00:00+00:00, run_after=2025-07-16 00:00:00+00:00
[2025-07-16T19:15:57.008+0000] {processor.py:183} INFO - Processing /mnt/c/Users/Shivam Gupta/OneDrive/Documents/Shivam_Developement/data_engineering/data_engineering_project/batch-etl-pyspark/.venv/lib/python3.12/site-packages/airflow/example_dags/example_nested_branch_dag.py took 0.259 seconds
[2025-07-16T19:17:24.389+0000] {processor.py:161} INFO - Started process (PID=12272) to work on /mnt/c/Users/Shivam Gupta/OneDrive/Documents/Shivam_Developement/data_engineering/data_engineering_project/batch-etl-pyspark/.venv/lib/python3.12/site-packages/airflow/example_dags/example_nested_branch_dag.py
[2025-07-16T19:17:24.391+0000] {processor.py:830} INFO - Processing file /mnt/c/Users/Shivam Gupta/OneDrive/Documents/Shivam_Developement/data_engineering/data_engineering_project/batch-etl-pyspark/.venv/lib/python3.12/site-packages/airflow/example_dags/example_nested_branch_dag.py for tasks to queue
[2025-07-16T19:17:24.395+0000] {logging_mixin.py:188} INFO - [2025-07-16T19:17:24.394+0000] {dagbag.py:545} INFO - Filling up the DagBag from /mnt/c/Users/Shivam Gupta/OneDrive/Documents/Shivam_Developement/data_engineering/data_engineering_project/batch-etl-pyspark/.venv/lib/python3.12/site-packages/airflow/example_dags/example_nested_branch_dag.py
[2025-07-16T19:17:24.436+0000] {processor.py:840} INFO - DAG(s) 'example_nested_branch_dag' retrieved from /mnt/c/Users/Shivam Gupta/OneDrive/Documents/Shivam_Developement/data_engineering/data_engineering_project/batch-etl-pyspark/.venv/lib/python3.12/site-packages/airflow/example_dags/example_nested_branch_dag.py
[2025-07-16T19:17:24.477+0000] {logging_mixin.py:188} INFO - [2025-07-16T19:17:24.475+0000] {dag.py:3096} INFO - Sync 1 DAGs
[2025-07-16T19:17:24.518+0000] {logging_mixin.py:188} INFO - [2025-07-16T19:17:24.516+0000] {dag.py:3954} INFO - Setting next_dagrun for example_nested_branch_dag to 2025-07-15 00:00:00+00:00, run_after=2025-07-16 00:00:00+00:00
[2025-07-16T19:17:24.616+0000] {processor.py:183} INFO - Processing /mnt/c/Users/Shivam Gupta/OneDrive/Documents/Shivam_Developement/data_engineering/data_engineering_project/batch-etl-pyspark/.venv/lib/python3.12/site-packages/airflow/example_dags/example_nested_branch_dag.py took 0.244 seconds
[2025-07-16T19:18:46.679+0000] {processor.py:161} INFO - Started process (PID=12424) to work on /mnt/c/Users/Shivam Gupta/OneDrive/Documents/Shivam_Developement/data_engineering/data_engineering_project/batch-etl-pyspark/.venv/lib/python3.12/site-packages/airflow/example_dags/example_nested_branch_dag.py
[2025-07-16T19:18:46.681+0000] {processor.py:830} INFO - Processing file /mnt/c/Users/Shivam Gupta/OneDrive/Documents/Shivam_Developement/data_engineering/data_engineering_project/batch-etl-pyspark/.venv/lib/python3.12/site-packages/airflow/example_dags/example_nested_branch_dag.py for tasks to queue
[2025-07-16T19:18:46.686+0000] {logging_mixin.py:188} INFO - [2025-07-16T19:18:46.684+0000] {dagbag.py:545} INFO - Filling up the DagBag from /mnt/c/Users/Shivam Gupta/OneDrive/Documents/Shivam_Developement/data_engineering/data_engineering_project/batch-etl-pyspark/.venv/lib/python3.12/site-packages/airflow/example_dags/example_nested_branch_dag.py
[2025-07-16T19:18:46.741+0000] {processor.py:840} INFO - DAG(s) 'example_nested_branch_dag' retrieved from /mnt/c/Users/Shivam Gupta/OneDrive/Documents/Shivam_Developement/data_engineering/data_engineering_project/batch-etl-pyspark/.venv/lib/python3.12/site-packages/airflow/example_dags/example_nested_branch_dag.py
[2025-07-16T19:18:46.777+0000] {logging_mixin.py:188} INFO - [2025-07-16T19:18:46.776+0000] {dag.py:3096} INFO - Sync 1 DAGs
[2025-07-16T19:18:46.807+0000] {logging_mixin.py:188} INFO - [2025-07-16T19:18:46.806+0000] {dag.py:3954} INFO - Setting next_dagrun for example_nested_branch_dag to 2025-07-15 00:00:00+00:00, run_after=2025-07-16 00:00:00+00:00
[2025-07-16T19:18:46.909+0000] {processor.py:183} INFO - Processing /mnt/c/Users/Shivam Gupta/OneDrive/Documents/Shivam_Developement/data_engineering/data_engineering_project/batch-etl-pyspark/.venv/lib/python3.12/site-packages/airflow/example_dags/example_nested_branch_dag.py took 0.244 seconds
[2025-07-16T19:20:09.784+0000] {processor.py:161} INFO - Started process (PID=12568) to work on /mnt/c/Users/Shivam Gupta/OneDrive/Documents/Shivam_Developement/data_engineering/data_engineering_project/batch-etl-pyspark/.venv/lib/python3.12/site-packages/airflow/example_dags/example_nested_branch_dag.py
[2025-07-16T19:20:09.786+0000] {processor.py:830} INFO - Processing file /mnt/c/Users/Shivam Gupta/OneDrive/Documents/Shivam_Developement/data_engineering/data_engineering_project/batch-etl-pyspark/.venv/lib/python3.12/site-packages/airflow/example_dags/example_nested_branch_dag.py for tasks to queue
[2025-07-16T19:20:09.791+0000] {logging_mixin.py:188} INFO - [2025-07-16T19:20:09.789+0000] {dagbag.py:545} INFO - Filling up the DagBag from /mnt/c/Users/Shivam Gupta/OneDrive/Documents/Shivam_Developement/data_engineering/data_engineering_project/batch-etl-pyspark/.venv/lib/python3.12/site-packages/airflow/example_dags/example_nested_branch_dag.py
[2025-07-16T19:20:09.852+0000] {processor.py:840} INFO - DAG(s) 'example_nested_branch_dag' retrieved from /mnt/c/Users/Shivam Gupta/OneDrive/Documents/Shivam_Developement/data_engineering/data_engineering_project/batch-etl-pyspark/.venv/lib/python3.12/site-packages/airflow/example_dags/example_nested_branch_dag.py
[2025-07-16T19:20:09.882+0000] {logging_mixin.py:188} INFO - [2025-07-16T19:20:09.880+0000] {dag.py:3096} INFO - Sync 1 DAGs
[2025-07-16T19:20:09.958+0000] {logging_mixin.py:188} INFO - [2025-07-16T19:20:09.957+0000] {dag.py:3954} INFO - Setting next_dagrun for example_nested_branch_dag to 2025-07-15 00:00:00+00:00, run_after=2025-07-16 00:00:00+00:00
[2025-07-16T19:20:10.045+0000] {processor.py:183} INFO - Processing /mnt/c/Users/Shivam Gupta/OneDrive/Documents/Shivam_Developement/data_engineering/data_engineering_project/batch-etl-pyspark/.venv/lib/python3.12/site-packages/airflow/example_dags/example_nested_branch_dag.py took 0.283 seconds
[2025-07-16T19:21:34.692+0000] {processor.py:161} INFO - Started process (PID=12733) to work on /mnt/c/Users/Shivam Gupta/OneDrive/Documents/Shivam_Developement/data_engineering/data_engineering_project/batch-etl-pyspark/.venv/lib/python3.12/site-packages/airflow/example_dags/example_nested_branch_dag.py
[2025-07-16T19:21:34.694+0000] {processor.py:830} INFO - Processing file /mnt/c/Users/Shivam Gupta/OneDrive/Documents/Shivam_Developement/data_engineering/data_engineering_project/batch-etl-pyspark/.venv/lib/python3.12/site-packages/airflow/example_dags/example_nested_branch_dag.py for tasks to queue
[2025-07-16T19:21:34.697+0000] {logging_mixin.py:188} INFO - [2025-07-16T19:21:34.696+0000] {dagbag.py:545} INFO - Filling up the DagBag from /mnt/c/Users/Shivam Gupta/OneDrive/Documents/Shivam_Developement/data_engineering/data_engineering_project/batch-etl-pyspark/.venv/lib/python3.12/site-packages/airflow/example_dags/example_nested_branch_dag.py
[2025-07-16T19:21:34.722+0000] {processor.py:840} INFO - DAG(s) 'example_nested_branch_dag' retrieved from /mnt/c/Users/Shivam Gupta/OneDrive/Documents/Shivam_Developement/data_engineering/data_engineering_project/batch-etl-pyspark/.venv/lib/python3.12/site-packages/airflow/example_dags/example_nested_branch_dag.py
[2025-07-16T19:21:34.756+0000] {logging_mixin.py:188} INFO - [2025-07-16T19:21:34.755+0000] {dag.py:3096} INFO - Sync 1 DAGs
[2025-07-16T19:21:34.796+0000] {logging_mixin.py:188} INFO - [2025-07-16T19:21:34.795+0000] {dag.py:3954} INFO - Setting next_dagrun for example_nested_branch_dag to 2025-07-15 00:00:00+00:00, run_after=2025-07-16 00:00:00+00:00
[2025-07-16T19:21:34.885+0000] {processor.py:183} INFO - Processing /mnt/c/Users/Shivam Gupta/OneDrive/Documents/Shivam_Developement/data_engineering/data_engineering_project/batch-etl-pyspark/.venv/lib/python3.12/site-packages/airflow/example_dags/example_nested_branch_dag.py took 0.202 seconds
[2025-07-16T19:23:01.045+0000] {processor.py:161} INFO - Started process (PID=12903) to work on /mnt/c/Users/Shivam Gupta/OneDrive/Documents/Shivam_Developement/data_engineering/data_engineering_project/batch-etl-pyspark/.venv/lib/python3.12/site-packages/airflow/example_dags/example_nested_branch_dag.py
[2025-07-16T19:23:01.048+0000] {processor.py:830} INFO - Processing file /mnt/c/Users/Shivam Gupta/OneDrive/Documents/Shivam_Developement/data_engineering/data_engineering_project/batch-etl-pyspark/.venv/lib/python3.12/site-packages/airflow/example_dags/example_nested_branch_dag.py for tasks to queue
[2025-07-16T19:23:01.053+0000] {logging_mixin.py:188} INFO - [2025-07-16T19:23:01.051+0000] {dagbag.py:545} INFO - Filling up the DagBag from /mnt/c/Users/Shivam Gupta/OneDrive/Documents/Shivam_Developement/data_engineering/data_engineering_project/batch-etl-pyspark/.venv/lib/python3.12/site-packages/airflow/example_dags/example_nested_branch_dag.py
[2025-07-16T19:23:01.103+0000] {processor.py:840} INFO - DAG(s) 'example_nested_branch_dag' retrieved from /mnt/c/Users/Shivam Gupta/OneDrive/Documents/Shivam_Developement/data_engineering/data_engineering_project/batch-etl-pyspark/.venv/lib/python3.12/site-packages/airflow/example_dags/example_nested_branch_dag.py
[2025-07-16T19:23:01.153+0000] {logging_mixin.py:188} INFO - [2025-07-16T19:23:01.152+0000] {dag.py:3096} INFO - Sync 1 DAGs
[2025-07-16T19:23:01.198+0000] {logging_mixin.py:188} INFO - [2025-07-16T19:23:01.195+0000] {dag.py:3954} INFO - Setting next_dagrun for example_nested_branch_dag to 2025-07-15 00:00:00+00:00, run_after=2025-07-16 00:00:00+00:00
[2025-07-16T19:23:01.423+0000] {processor.py:183} INFO - Processing /mnt/c/Users/Shivam Gupta/OneDrive/Documents/Shivam_Developement/data_engineering/data_engineering_project/batch-etl-pyspark/.venv/lib/python3.12/site-packages/airflow/example_dags/example_nested_branch_dag.py took 0.396 seconds
[2025-07-16T19:24:23.786+0000] {processor.py:161} INFO - Started process (PID=13010) to work on /mnt/c/Users/Shivam Gupta/OneDrive/Documents/Shivam_Developement/data_engineering/data_engineering_project/batch-etl-pyspark/.venv/lib/python3.12/site-packages/airflow/example_dags/example_nested_branch_dag.py
[2025-07-16T19:24:23.788+0000] {processor.py:830} INFO - Processing file /mnt/c/Users/Shivam Gupta/OneDrive/Documents/Shivam_Developement/data_engineering/data_engineering_project/batch-etl-pyspark/.venv/lib/python3.12/site-packages/airflow/example_dags/example_nested_branch_dag.py for tasks to queue
[2025-07-16T19:24:23.791+0000] {logging_mixin.py:188} INFO - [2025-07-16T19:24:23.790+0000] {dagbag.py:545} INFO - Filling up the DagBag from /mnt/c/Users/Shivam Gupta/OneDrive/Documents/Shivam_Developement/data_engineering/data_engineering_project/batch-etl-pyspark/.venv/lib/python3.12/site-packages/airflow/example_dags/example_nested_branch_dag.py
[2025-07-16T19:24:23.824+0000] {processor.py:840} INFO - DAG(s) 'example_nested_branch_dag' retrieved from /mnt/c/Users/Shivam Gupta/OneDrive/Documents/Shivam_Developement/data_engineering/data_engineering_project/batch-etl-pyspark/.venv/lib/python3.12/site-packages/airflow/example_dags/example_nested_branch_dag.py
[2025-07-16T19:24:23.852+0000] {logging_mixin.py:188} INFO - [2025-07-16T19:24:23.851+0000] {dag.py:3096} INFO - Sync 1 DAGs
[2025-07-16T19:24:23.871+0000] {logging_mixin.py:188} INFO - [2025-07-16T19:24:23.870+0000] {dag.py:3954} INFO - Setting next_dagrun for example_nested_branch_dag to 2025-07-15 00:00:00+00:00, run_after=2025-07-16 00:00:00+00:00
[2025-07-16T19:24:24.003+0000] {processor.py:183} INFO - Processing /mnt/c/Users/Shivam Gupta/OneDrive/Documents/Shivam_Developement/data_engineering/data_engineering_project/batch-etl-pyspark/.venv/lib/python3.12/site-packages/airflow/example_dags/example_nested_branch_dag.py took 0.230 seconds
[2025-07-16T19:25:47.313+0000] {processor.py:161} INFO - Started process (PID=13131) to work on /mnt/c/Users/Shivam Gupta/OneDrive/Documents/Shivam_Developement/data_engineering/data_engineering_project/batch-etl-pyspark/.venv/lib/python3.12/site-packages/airflow/example_dags/example_nested_branch_dag.py
[2025-07-16T19:25:47.315+0000] {processor.py:830} INFO - Processing file /mnt/c/Users/Shivam Gupta/OneDrive/Documents/Shivam_Developement/data_engineering/data_engineering_project/batch-etl-pyspark/.venv/lib/python3.12/site-packages/airflow/example_dags/example_nested_branch_dag.py for tasks to queue
[2025-07-16T19:25:47.317+0000] {logging_mixin.py:188} INFO - [2025-07-16T19:25:47.316+0000] {dagbag.py:545} INFO - Filling up the DagBag from /mnt/c/Users/Shivam Gupta/OneDrive/Documents/Shivam_Developement/data_engineering/data_engineering_project/batch-etl-pyspark/.venv/lib/python3.12/site-packages/airflow/example_dags/example_nested_branch_dag.py
[2025-07-16T19:25:47.346+0000] {processor.py:840} INFO - DAG(s) 'example_nested_branch_dag' retrieved from /mnt/c/Users/Shivam Gupta/OneDrive/Documents/Shivam_Developement/data_engineering/data_engineering_project/batch-etl-pyspark/.venv/lib/python3.12/site-packages/airflow/example_dags/example_nested_branch_dag.py
[2025-07-16T19:25:47.371+0000] {logging_mixin.py:188} INFO - [2025-07-16T19:25:47.371+0000] {dag.py:3096} INFO - Sync 1 DAGs
[2025-07-16T19:25:47.392+0000] {logging_mixin.py:188} INFO - [2025-07-16T19:25:47.391+0000] {dag.py:3954} INFO - Setting next_dagrun for example_nested_branch_dag to 2025-07-15 00:00:00+00:00, run_after=2025-07-16 00:00:00+00:00
[2025-07-16T19:25:47.446+0000] {processor.py:183} INFO - Processing /mnt/c/Users/Shivam Gupta/OneDrive/Documents/Shivam_Developement/data_engineering/data_engineering_project/batch-etl-pyspark/.venv/lib/python3.12/site-packages/airflow/example_dags/example_nested_branch_dag.py took 0.144 seconds
[2025-07-16T19:27:09.307+0000] {processor.py:161} INFO - Started process (PID=13222) to work on /mnt/c/Users/Shivam Gupta/OneDrive/Documents/Shivam_Developement/data_engineering/data_engineering_project/batch-etl-pyspark/.venv/lib/python3.12/site-packages/airflow/example_dags/example_nested_branch_dag.py
[2025-07-16T19:27:09.309+0000] {processor.py:830} INFO - Processing file /mnt/c/Users/Shivam Gupta/OneDrive/Documents/Shivam_Developement/data_engineering/data_engineering_project/batch-etl-pyspark/.venv/lib/python3.12/site-packages/airflow/example_dags/example_nested_branch_dag.py for tasks to queue
[2025-07-16T19:27:09.312+0000] {logging_mixin.py:188} INFO - [2025-07-16T19:27:09.311+0000] {dagbag.py:545} INFO - Filling up the DagBag from /mnt/c/Users/Shivam Gupta/OneDrive/Documents/Shivam_Developement/data_engineering/data_engineering_project/batch-etl-pyspark/.venv/lib/python3.12/site-packages/airflow/example_dags/example_nested_branch_dag.py
[2025-07-16T19:27:09.426+0000] {processor.py:840} INFO - DAG(s) 'example_nested_branch_dag' retrieved from /mnt/c/Users/Shivam Gupta/OneDrive/Documents/Shivam_Developement/data_engineering/data_engineering_project/batch-etl-pyspark/.venv/lib/python3.12/site-packages/airflow/example_dags/example_nested_branch_dag.py
[2025-07-16T19:27:09.479+0000] {logging_mixin.py:188} INFO - [2025-07-16T19:27:09.477+0000] {dag.py:3096} INFO - Sync 1 DAGs
[2025-07-16T19:27:09.509+0000] {logging_mixin.py:188} INFO - [2025-07-16T19:27:09.507+0000] {dag.py:3954} INFO - Setting next_dagrun for example_nested_branch_dag to 2025-07-15 00:00:00+00:00, run_after=2025-07-16 00:00:00+00:00
[2025-07-16T19:27:09.589+0000] {processor.py:183} INFO - Processing /mnt/c/Users/Shivam Gupta/OneDrive/Documents/Shivam_Developement/data_engineering/data_engineering_project/batch-etl-pyspark/.venv/lib/python3.12/site-packages/airflow/example_dags/example_nested_branch_dag.py took 0.293 seconds
[2025-07-16T19:28:24.285+0000] {processor.py:161} INFO - Started process (PID=13308) to work on /mnt/c/Users/Shivam Gupta/OneDrive/Documents/Shivam_Developement/data_engineering/data_engineering_project/batch-etl-pyspark/.venv/lib/python3.12/site-packages/airflow/example_dags/example_nested_branch_dag.py
[2025-07-16T19:28:24.288+0000] {processor.py:830} INFO - Processing file /mnt/c/Users/Shivam Gupta/OneDrive/Documents/Shivam_Developement/data_engineering/data_engineering_project/batch-etl-pyspark/.venv/lib/python3.12/site-packages/airflow/example_dags/example_nested_branch_dag.py for tasks to queue
[2025-07-16T19:28:24.293+0000] {logging_mixin.py:188} INFO - [2025-07-16T19:28:24.292+0000] {dagbag.py:545} INFO - Filling up the DagBag from /mnt/c/Users/Shivam Gupta/OneDrive/Documents/Shivam_Developement/data_engineering/data_engineering_project/batch-etl-pyspark/.venv/lib/python3.12/site-packages/airflow/example_dags/example_nested_branch_dag.py
[2025-07-16T19:28:24.374+0000] {processor.py:840} INFO - DAG(s) 'example_nested_branch_dag' retrieved from /mnt/c/Users/Shivam Gupta/OneDrive/Documents/Shivam_Developement/data_engineering/data_engineering_project/batch-etl-pyspark/.venv/lib/python3.12/site-packages/airflow/example_dags/example_nested_branch_dag.py
[2025-07-16T19:28:24.437+0000] {logging_mixin.py:188} INFO - [2025-07-16T19:28:24.434+0000] {dag.py:3096} INFO - Sync 1 DAGs
[2025-07-16T19:28:24.479+0000] {logging_mixin.py:188} INFO - [2025-07-16T19:28:24.477+0000] {dag.py:3954} INFO - Setting next_dagrun for example_nested_branch_dag to 2025-07-15 00:00:00+00:00, run_after=2025-07-16 00:00:00+00:00
[2025-07-16T19:28:24.575+0000] {processor.py:183} INFO - Processing /mnt/c/Users/Shivam Gupta/OneDrive/Documents/Shivam_Developement/data_engineering/data_engineering_project/batch-etl-pyspark/.venv/lib/python3.12/site-packages/airflow/example_dags/example_nested_branch_dag.py took 0.311 seconds
[2025-07-16T19:29:33.797+0000] {processor.py:161} INFO - Started process (PID=13432) to work on /mnt/c/Users/Shivam Gupta/OneDrive/Documents/Shivam_Developement/data_engineering/data_engineering_project/batch-etl-pyspark/.venv/lib/python3.12/site-packages/airflow/example_dags/example_nested_branch_dag.py
[2025-07-16T19:29:33.798+0000] {processor.py:830} INFO - Processing file /mnt/c/Users/Shivam Gupta/OneDrive/Documents/Shivam_Developement/data_engineering/data_engineering_project/batch-etl-pyspark/.venv/lib/python3.12/site-packages/airflow/example_dags/example_nested_branch_dag.py for tasks to queue
[2025-07-16T19:29:33.801+0000] {logging_mixin.py:188} INFO - [2025-07-16T19:29:33.800+0000] {dagbag.py:545} INFO - Filling up the DagBag from /mnt/c/Users/Shivam Gupta/OneDrive/Documents/Shivam_Developement/data_engineering/data_engineering_project/batch-etl-pyspark/.venv/lib/python3.12/site-packages/airflow/example_dags/example_nested_branch_dag.py
[2025-07-16T19:29:33.827+0000] {processor.py:840} INFO - DAG(s) 'example_nested_branch_dag' retrieved from /mnt/c/Users/Shivam Gupta/OneDrive/Documents/Shivam_Developement/data_engineering/data_engineering_project/batch-etl-pyspark/.venv/lib/python3.12/site-packages/airflow/example_dags/example_nested_branch_dag.py
[2025-07-16T19:29:33.850+0000] {logging_mixin.py:188} INFO - [2025-07-16T19:29:33.849+0000] {dag.py:3096} INFO - Sync 1 DAGs
[2025-07-16T19:29:33.867+0000] {logging_mixin.py:188} INFO - [2025-07-16T19:29:33.866+0000] {dag.py:3954} INFO - Setting next_dagrun for example_nested_branch_dag to 2025-07-15 00:00:00+00:00, run_after=2025-07-16 00:00:00+00:00
[2025-07-16T19:29:33.908+0000] {processor.py:183} INFO - Processing /mnt/c/Users/Shivam Gupta/OneDrive/Documents/Shivam_Developement/data_engineering/data_engineering_project/batch-etl-pyspark/.venv/lib/python3.12/site-packages/airflow/example_dags/example_nested_branch_dag.py took 0.122 seconds
[2025-07-16T19:30:53.376+0000] {processor.py:161} INFO - Started process (PID=13533) to work on /mnt/c/Users/Shivam Gupta/OneDrive/Documents/Shivam_Developement/data_engineering/data_engineering_project/batch-etl-pyspark/.venv/lib/python3.12/site-packages/airflow/example_dags/example_nested_branch_dag.py
[2025-07-16T19:30:53.378+0000] {processor.py:830} INFO - Processing file /mnt/c/Users/Shivam Gupta/OneDrive/Documents/Shivam_Developement/data_engineering/data_engineering_project/batch-etl-pyspark/.venv/lib/python3.12/site-packages/airflow/example_dags/example_nested_branch_dag.py for tasks to queue
[2025-07-16T19:30:53.382+0000] {logging_mixin.py:188} INFO - [2025-07-16T19:30:53.380+0000] {dagbag.py:545} INFO - Filling up the DagBag from /mnt/c/Users/Shivam Gupta/OneDrive/Documents/Shivam_Developement/data_engineering/data_engineering_project/batch-etl-pyspark/.venv/lib/python3.12/site-packages/airflow/example_dags/example_nested_branch_dag.py
[2025-07-16T19:30:53.428+0000] {processor.py:840} INFO - DAG(s) 'example_nested_branch_dag' retrieved from /mnt/c/Users/Shivam Gupta/OneDrive/Documents/Shivam_Developement/data_engineering/data_engineering_project/batch-etl-pyspark/.venv/lib/python3.12/site-packages/airflow/example_dags/example_nested_branch_dag.py
[2025-07-16T19:30:53.461+0000] {logging_mixin.py:188} INFO - [2025-07-16T19:30:53.460+0000] {dag.py:3096} INFO - Sync 1 DAGs
[2025-07-16T19:30:53.484+0000] {logging_mixin.py:188} INFO - [2025-07-16T19:30:53.483+0000] {dag.py:3954} INFO - Setting next_dagrun for example_nested_branch_dag to 2025-07-15 00:00:00+00:00, run_after=2025-07-16 00:00:00+00:00
[2025-07-16T19:30:53.561+0000] {processor.py:183} INFO - Processing /mnt/c/Users/Shivam Gupta/OneDrive/Documents/Shivam_Developement/data_engineering/data_engineering_project/batch-etl-pyspark/.venv/lib/python3.12/site-packages/airflow/example_dags/example_nested_branch_dag.py took 0.199 seconds
[2025-07-16T19:32:05.198+0000] {processor.py:161} INFO - Started process (PID=13692) to work on /mnt/c/Users/Shivam Gupta/OneDrive/Documents/Shivam_Developement/data_engineering/data_engineering_project/batch-etl-pyspark/.venv/lib/python3.12/site-packages/airflow/example_dags/example_nested_branch_dag.py
[2025-07-16T19:32:05.201+0000] {processor.py:830} INFO - Processing file /mnt/c/Users/Shivam Gupta/OneDrive/Documents/Shivam_Developement/data_engineering/data_engineering_project/batch-etl-pyspark/.venv/lib/python3.12/site-packages/airflow/example_dags/example_nested_branch_dag.py for tasks to queue
[2025-07-16T19:32:05.206+0000] {logging_mixin.py:188} INFO - [2025-07-16T19:32:05.204+0000] {dagbag.py:545} INFO - Filling up the DagBag from /mnt/c/Users/Shivam Gupta/OneDrive/Documents/Shivam_Developement/data_engineering/data_engineering_project/batch-etl-pyspark/.venv/lib/python3.12/site-packages/airflow/example_dags/example_nested_branch_dag.py
[2025-07-16T19:32:05.268+0000] {processor.py:840} INFO - DAG(s) 'example_nested_branch_dag' retrieved from /mnt/c/Users/Shivam Gupta/OneDrive/Documents/Shivam_Developement/data_engineering/data_engineering_project/batch-etl-pyspark/.venv/lib/python3.12/site-packages/airflow/example_dags/example_nested_branch_dag.py
[2025-07-16T19:32:05.316+0000] {logging_mixin.py:188} INFO - [2025-07-16T19:32:05.314+0000] {dag.py:3096} INFO - Sync 1 DAGs
[2025-07-16T19:32:05.351+0000] {logging_mixin.py:188} INFO - [2025-07-16T19:32:05.349+0000] {dag.py:3954} INFO - Setting next_dagrun for example_nested_branch_dag to 2025-07-15 00:00:00+00:00, run_after=2025-07-16 00:00:00+00:00
[2025-07-16T19:32:05.448+0000] {processor.py:183} INFO - Processing /mnt/c/Users/Shivam Gupta/OneDrive/Documents/Shivam_Developement/data_engineering/data_engineering_project/batch-etl-pyspark/.venv/lib/python3.12/site-packages/airflow/example_dags/example_nested_branch_dag.py took 0.269 seconds
[2025-07-16T19:33:10.212+0000] {processor.py:161} INFO - Started process (PID=13808) to work on /mnt/c/Users/Shivam Gupta/OneDrive/Documents/Shivam_Developement/data_engineering/data_engineering_project/batch-etl-pyspark/.venv/lib/python3.12/site-packages/airflow/example_dags/example_nested_branch_dag.py
[2025-07-16T19:33:10.215+0000] {processor.py:830} INFO - Processing file /mnt/c/Users/Shivam Gupta/OneDrive/Documents/Shivam_Developement/data_engineering/data_engineering_project/batch-etl-pyspark/.venv/lib/python3.12/site-packages/airflow/example_dags/example_nested_branch_dag.py for tasks to queue
[2025-07-16T19:33:10.220+0000] {logging_mixin.py:188} INFO - [2025-07-16T19:33:10.218+0000] {dagbag.py:545} INFO - Filling up the DagBag from /mnt/c/Users/Shivam Gupta/OneDrive/Documents/Shivam_Developement/data_engineering/data_engineering_project/batch-etl-pyspark/.venv/lib/python3.12/site-packages/airflow/example_dags/example_nested_branch_dag.py
[2025-07-16T19:33:10.279+0000] {processor.py:840} INFO - DAG(s) 'example_nested_branch_dag' retrieved from /mnt/c/Users/Shivam Gupta/OneDrive/Documents/Shivam_Developement/data_engineering/data_engineering_project/batch-etl-pyspark/.venv/lib/python3.12/site-packages/airflow/example_dags/example_nested_branch_dag.py
[2025-07-16T19:33:10.334+0000] {logging_mixin.py:188} INFO - [2025-07-16T19:33:10.331+0000] {dag.py:3096} INFO - Sync 1 DAGs
[2025-07-16T19:33:10.370+0000] {logging_mixin.py:188} INFO - [2025-07-16T19:33:10.369+0000] {dag.py:3954} INFO - Setting next_dagrun for example_nested_branch_dag to 2025-07-15 00:00:00+00:00, run_after=2025-07-16 00:00:00+00:00
[2025-07-16T19:33:10.430+0000] {processor.py:183} INFO - Processing /mnt/c/Users/Shivam Gupta/OneDrive/Documents/Shivam_Developement/data_engineering/data_engineering_project/batch-etl-pyspark/.venv/lib/python3.12/site-packages/airflow/example_dags/example_nested_branch_dag.py took 0.239 seconds
[2025-07-16T19:34:24.858+0000] {processor.py:161} INFO - Started process (PID=13946) to work on /mnt/c/Users/Shivam Gupta/OneDrive/Documents/Shivam_Developement/data_engineering/data_engineering_project/batch-etl-pyspark/.venv/lib/python3.12/site-packages/airflow/example_dags/example_nested_branch_dag.py
[2025-07-16T19:34:24.859+0000] {processor.py:830} INFO - Processing file /mnt/c/Users/Shivam Gupta/OneDrive/Documents/Shivam_Developement/data_engineering/data_engineering_project/batch-etl-pyspark/.venv/lib/python3.12/site-packages/airflow/example_dags/example_nested_branch_dag.py for tasks to queue
[2025-07-16T19:34:24.862+0000] {logging_mixin.py:188} INFO - [2025-07-16T19:34:24.861+0000] {dagbag.py:545} INFO - Filling up the DagBag from /mnt/c/Users/Shivam Gupta/OneDrive/Documents/Shivam_Developement/data_engineering/data_engineering_project/batch-etl-pyspark/.venv/lib/python3.12/site-packages/airflow/example_dags/example_nested_branch_dag.py
[2025-07-16T19:34:24.891+0000] {processor.py:840} INFO - DAG(s) 'example_nested_branch_dag' retrieved from /mnt/c/Users/Shivam Gupta/OneDrive/Documents/Shivam_Developement/data_engineering/data_engineering_project/batch-etl-pyspark/.venv/lib/python3.12/site-packages/airflow/example_dags/example_nested_branch_dag.py
[2025-07-16T19:34:24.916+0000] {logging_mixin.py:188} INFO - [2025-07-16T19:34:24.915+0000] {dag.py:3096} INFO - Sync 1 DAGs
[2025-07-16T19:34:24.936+0000] {logging_mixin.py:188} INFO - [2025-07-16T19:34:24.935+0000] {dag.py:3954} INFO - Setting next_dagrun for example_nested_branch_dag to 2025-07-15 00:00:00+00:00, run_after=2025-07-16 00:00:00+00:00
[2025-07-16T19:34:24.989+0000] {processor.py:183} INFO - Processing /mnt/c/Users/Shivam Gupta/OneDrive/Documents/Shivam_Developement/data_engineering/data_engineering_project/batch-etl-pyspark/.venv/lib/python3.12/site-packages/airflow/example_dags/example_nested_branch_dag.py took 0.141 seconds
[2025-07-16T19:35:37.795+0000] {processor.py:161} INFO - Started process (PID=14084) to work on /mnt/c/Users/Shivam Gupta/OneDrive/Documents/Shivam_Developement/data_engineering/data_engineering_project/batch-etl-pyspark/.venv/lib/python3.12/site-packages/airflow/example_dags/example_nested_branch_dag.py
[2025-07-16T19:35:37.797+0000] {processor.py:830} INFO - Processing file /mnt/c/Users/Shivam Gupta/OneDrive/Documents/Shivam_Developement/data_engineering/data_engineering_project/batch-etl-pyspark/.venv/lib/python3.12/site-packages/airflow/example_dags/example_nested_branch_dag.py for tasks to queue
[2025-07-16T19:35:37.800+0000] {logging_mixin.py:188} INFO - [2025-07-16T19:35:37.799+0000] {dagbag.py:545} INFO - Filling up the DagBag from /mnt/c/Users/Shivam Gupta/OneDrive/Documents/Shivam_Developement/data_engineering/data_engineering_project/batch-etl-pyspark/.venv/lib/python3.12/site-packages/airflow/example_dags/example_nested_branch_dag.py
[2025-07-16T19:35:37.837+0000] {processor.py:840} INFO - DAG(s) 'example_nested_branch_dag' retrieved from /mnt/c/Users/Shivam Gupta/OneDrive/Documents/Shivam_Developement/data_engineering/data_engineering_project/batch-etl-pyspark/.venv/lib/python3.12/site-packages/airflow/example_dags/example_nested_branch_dag.py
[2025-07-16T19:35:37.872+0000] {logging_mixin.py:188} INFO - [2025-07-16T19:35:37.871+0000] {dag.py:3096} INFO - Sync 1 DAGs
[2025-07-16T19:35:37.900+0000] {logging_mixin.py:188} INFO - [2025-07-16T19:35:37.899+0000] {dag.py:3954} INFO - Setting next_dagrun for example_nested_branch_dag to 2025-07-15 00:00:00+00:00, run_after=2025-07-16 00:00:00+00:00
[2025-07-16T19:35:37.985+0000] {processor.py:183} INFO - Processing /mnt/c/Users/Shivam Gupta/OneDrive/Documents/Shivam_Developement/data_engineering/data_engineering_project/batch-etl-pyspark/.venv/lib/python3.12/site-packages/airflow/example_dags/example_nested_branch_dag.py took 0.201 seconds
[2025-07-16T19:49:21.254+0000] {processor.py:161} INFO - Started process (PID=15097) to work on /mnt/c/Users/Shivam Gupta/OneDrive/Documents/Shivam_Developement/data_engineering/data_engineering_project/batch-etl-pyspark/.venv/lib/python3.12/site-packages/airflow/example_dags/example_nested_branch_dag.py
[2025-07-16T19:49:21.257+0000] {processor.py:830} INFO - Processing file /mnt/c/Users/Shivam Gupta/OneDrive/Documents/Shivam_Developement/data_engineering/data_engineering_project/batch-etl-pyspark/.venv/lib/python3.12/site-packages/airflow/example_dags/example_nested_branch_dag.py for tasks to queue
[2025-07-16T19:49:21.262+0000] {logging_mixin.py:188} INFO - [2025-07-16T19:49:21.260+0000] {dagbag.py:545} INFO - Filling up the DagBag from /mnt/c/Users/Shivam Gupta/OneDrive/Documents/Shivam_Developement/data_engineering/data_engineering_project/batch-etl-pyspark/.venv/lib/python3.12/site-packages/airflow/example_dags/example_nested_branch_dag.py
[2025-07-16T19:49:21.316+0000] {processor.py:840} INFO - DAG(s) 'example_nested_branch_dag' retrieved from /mnt/c/Users/Shivam Gupta/OneDrive/Documents/Shivam_Developement/data_engineering/data_engineering_project/batch-etl-pyspark/.venv/lib/python3.12/site-packages/airflow/example_dags/example_nested_branch_dag.py
[2025-07-16T19:49:21.362+0000] {logging_mixin.py:188} INFO - [2025-07-16T19:49:21.360+0000] {dag.py:3096} INFO - Sync 1 DAGs
[2025-07-16T19:49:21.390+0000] {logging_mixin.py:188} INFO - [2025-07-16T19:49:21.389+0000] {dag.py:3954} INFO - Setting next_dagrun for example_nested_branch_dag to 2025-07-15 00:00:00+00:00, run_after=2025-07-16 00:00:00+00:00
[2025-07-16T19:49:21.469+0000] {processor.py:183} INFO - Processing /mnt/c/Users/Shivam Gupta/OneDrive/Documents/Shivam_Developement/data_engineering/data_engineering_project/batch-etl-pyspark/.venv/lib/python3.12/site-packages/airflow/example_dags/example_nested_branch_dag.py took 0.233 seconds
[2025-07-16T19:50:48.813+0000] {processor.py:161} INFO - Started process (PID=15215) to work on /mnt/c/Users/Shivam Gupta/OneDrive/Documents/Shivam_Developement/data_engineering/data_engineering_project/batch-etl-pyspark/.venv/lib/python3.12/site-packages/airflow/example_dags/example_nested_branch_dag.py
[2025-07-16T19:50:48.815+0000] {processor.py:830} INFO - Processing file /mnt/c/Users/Shivam Gupta/OneDrive/Documents/Shivam_Developement/data_engineering/data_engineering_project/batch-etl-pyspark/.venv/lib/python3.12/site-packages/airflow/example_dags/example_nested_branch_dag.py for tasks to queue
[2025-07-16T19:50:48.818+0000] {logging_mixin.py:188} INFO - [2025-07-16T19:50:48.817+0000] {dagbag.py:545} INFO - Filling up the DagBag from /mnt/c/Users/Shivam Gupta/OneDrive/Documents/Shivam_Developement/data_engineering/data_engineering_project/batch-etl-pyspark/.venv/lib/python3.12/site-packages/airflow/example_dags/example_nested_branch_dag.py
[2025-07-16T19:50:48.857+0000] {processor.py:840} INFO - DAG(s) 'example_nested_branch_dag' retrieved from /mnt/c/Users/Shivam Gupta/OneDrive/Documents/Shivam_Developement/data_engineering/data_engineering_project/batch-etl-pyspark/.venv/lib/python3.12/site-packages/airflow/example_dags/example_nested_branch_dag.py
[2025-07-16T19:50:48.912+0000] {logging_mixin.py:188} INFO - [2025-07-16T19:50:48.910+0000] {dag.py:3096} INFO - Sync 1 DAGs
[2025-07-16T19:50:48.951+0000] {logging_mixin.py:188} INFO - [2025-07-16T19:50:48.948+0000] {dag.py:3954} INFO - Setting next_dagrun for example_nested_branch_dag to 2025-07-15 00:00:00+00:00, run_after=2025-07-16 00:00:00+00:00
[2025-07-16T19:50:49.078+0000] {processor.py:183} INFO - Processing /mnt/c/Users/Shivam Gupta/OneDrive/Documents/Shivam_Developement/data_engineering/data_engineering_project/batch-etl-pyspark/.venv/lib/python3.12/site-packages/airflow/example_dags/example_nested_branch_dag.py took 0.275 seconds
[2025-07-16T19:52:13.634+0000] {processor.py:161} INFO - Started process (PID=15312) to work on /mnt/c/Users/Shivam Gupta/OneDrive/Documents/Shivam_Developement/data_engineering/data_engineering_project/batch-etl-pyspark/.venv/lib/python3.12/site-packages/airflow/example_dags/example_nested_branch_dag.py
[2025-07-16T19:52:13.636+0000] {processor.py:830} INFO - Processing file /mnt/c/Users/Shivam Gupta/OneDrive/Documents/Shivam_Developement/data_engineering/data_engineering_project/batch-etl-pyspark/.venv/lib/python3.12/site-packages/airflow/example_dags/example_nested_branch_dag.py for tasks to queue
[2025-07-16T19:52:13.640+0000] {logging_mixin.py:188} INFO - [2025-07-16T19:52:13.639+0000] {dagbag.py:545} INFO - Filling up the DagBag from /mnt/c/Users/Shivam Gupta/OneDrive/Documents/Shivam_Developement/data_engineering/data_engineering_project/batch-etl-pyspark/.venv/lib/python3.12/site-packages/airflow/example_dags/example_nested_branch_dag.py
[2025-07-16T19:52:13.687+0000] {processor.py:840} INFO - DAG(s) 'example_nested_branch_dag' retrieved from /mnt/c/Users/Shivam Gupta/OneDrive/Documents/Shivam_Developement/data_engineering/data_engineering_project/batch-etl-pyspark/.venv/lib/python3.12/site-packages/airflow/example_dags/example_nested_branch_dag.py
[2025-07-16T19:52:13.723+0000] {logging_mixin.py:188} INFO - [2025-07-16T19:52:13.722+0000] {dag.py:3096} INFO - Sync 1 DAGs
[2025-07-16T19:52:13.751+0000] {logging_mixin.py:188} INFO - [2025-07-16T19:52:13.750+0000] {dag.py:3954} INFO - Setting next_dagrun for example_nested_branch_dag to 2025-07-15 00:00:00+00:00, run_after=2025-07-16 00:00:00+00:00
[2025-07-16T19:52:13.851+0000] {processor.py:183} INFO - Processing /mnt/c/Users/Shivam Gupta/OneDrive/Documents/Shivam_Developement/data_engineering/data_engineering_project/batch-etl-pyspark/.venv/lib/python3.12/site-packages/airflow/example_dags/example_nested_branch_dag.py took 0.232 seconds
[2025-07-16T19:53:55.862+0000] {processor.py:161} INFO - Started process (PID=15557) to work on /mnt/c/Users/Shivam Gupta/OneDrive/Documents/Shivam_Developement/data_engineering/data_engineering_project/batch-etl-pyspark/.venv/lib/python3.12/site-packages/airflow/example_dags/example_nested_branch_dag.py
[2025-07-16T19:53:55.864+0000] {processor.py:830} INFO - Processing file /mnt/c/Users/Shivam Gupta/OneDrive/Documents/Shivam_Developement/data_engineering/data_engineering_project/batch-etl-pyspark/.venv/lib/python3.12/site-packages/airflow/example_dags/example_nested_branch_dag.py for tasks to queue
[2025-07-16T19:53:55.869+0000] {logging_mixin.py:188} INFO - [2025-07-16T19:53:55.867+0000] {dagbag.py:545} INFO - Filling up the DagBag from /mnt/c/Users/Shivam Gupta/OneDrive/Documents/Shivam_Developement/data_engineering/data_engineering_project/batch-etl-pyspark/.venv/lib/python3.12/site-packages/airflow/example_dags/example_nested_branch_dag.py
[2025-07-16T19:53:55.917+0000] {processor.py:840} INFO - DAG(s) 'example_nested_branch_dag' retrieved from /mnt/c/Users/Shivam Gupta/OneDrive/Documents/Shivam_Developement/data_engineering/data_engineering_project/batch-etl-pyspark/.venv/lib/python3.12/site-packages/airflow/example_dags/example_nested_branch_dag.py
[2025-07-16T19:53:55.957+0000] {logging_mixin.py:188} INFO - [2025-07-16T19:53:55.955+0000] {dag.py:3096} INFO - Sync 1 DAGs
[2025-07-16T19:53:55.987+0000] {logging_mixin.py:188} INFO - [2025-07-16T19:53:55.986+0000] {dag.py:3954} INFO - Setting next_dagrun for example_nested_branch_dag to 2025-07-15 00:00:00+00:00, run_after=2025-07-16 00:00:00+00:00
[2025-07-16T19:53:56.088+0000] {processor.py:183} INFO - Processing /mnt/c/Users/Shivam Gupta/OneDrive/Documents/Shivam_Developement/data_engineering/data_engineering_project/batch-etl-pyspark/.venv/lib/python3.12/site-packages/airflow/example_dags/example_nested_branch_dag.py took 0.242 seconds
