[2025-07-16T17:46:54.438+0000] {processor.py:161} INFO - Started process (PID=5754) to work on /mnt/c/Users/Shivam Gupta/OneDrive/Documents/Shivam_Developement/data_engineering/data_engineering_project/batch-etl-pyspark/.venv/lib/python3.12/site-packages/airflow/example_dags/example_short_circuit_operator.py
[2025-07-16T17:46:54.440+0000] {processor.py:830} INFO - Processing file /mnt/c/Users/Shivam Gupta/OneDrive/Documents/Shivam_Developement/data_engineering/data_engineering_project/batch-etl-pyspark/.venv/lib/python3.12/site-packages/airflow/example_dags/example_short_circuit_operator.py for tasks to queue
[2025-07-16T17:46:54.442+0000] {logging_mixin.py:188} INFO - [2025-07-16T17:46:54.441+0000] {dagbag.py:545} INFO - Filling up the DagBag from /mnt/c/Users/Shivam Gupta/OneDrive/Documents/Shivam_Developement/data_engineering/data_engineering_project/batch-etl-pyspark/.venv/lib/python3.12/site-packages/airflow/example_dags/example_short_circuit_operator.py
[2025-07-16T17:46:54.456+0000] {processor.py:840} INFO - DAG(s) 'example_short_circuit_operator' retrieved from /mnt/c/Users/Shivam Gupta/OneDrive/Documents/Shivam_Developement/data_engineering/data_engineering_project/batch-etl-pyspark/.venv/lib/python3.12/site-packages/airflow/example_dags/example_short_circuit_operator.py
[2025-07-16T17:46:55.122+0000] {logging_mixin.py:188} INFO - [2025-07-16T17:46:55.120+0000] {override.py:1930} INFO - Created Permission View: can read on DAG:example_short_circuit_operator
[2025-07-16T17:46:55.158+0000] {logging_mixin.py:188} INFO - [2025-07-16T17:46:55.157+0000] {override.py:1930} INFO - Created Permission View: can edit on DAG:example_short_circuit_operator
[2025-07-16T17:46:55.188+0000] {logging_mixin.py:188} INFO - [2025-07-16T17:46:55.187+0000] {override.py:1930} INFO - Created Permission View: can delete on DAG:example_short_circuit_operator
[2025-07-16T17:46:55.190+0000] {logging_mixin.py:188} INFO - [2025-07-16T17:46:55.189+0000] {dag.py:3096} INFO - Sync 1 DAGs
[2025-07-16T17:46:55.206+0000] {logging_mixin.py:188} INFO - [2025-07-16T17:46:55.205+0000] {dag.py:3118} INFO - Creating ORM DAG for example_short_circuit_operator
[2025-07-16T17:46:55.220+0000] {logging_mixin.py:188} INFO - [2025-07-16T17:46:55.219+0000] {dag.py:3954} INFO - Setting next_dagrun for example_short_circuit_operator to 2025-07-15 00:00:00+00:00, run_after=2025-07-16 00:00:00+00:00
[2025-07-16T17:46:55.275+0000] {processor.py:183} INFO - Processing /mnt/c/Users/Shivam Gupta/OneDrive/Documents/Shivam_Developement/data_engineering/data_engineering_project/batch-etl-pyspark/.venv/lib/python3.12/site-packages/airflow/example_dags/example_short_circuit_operator.py took 0.845 seconds
[2025-07-16T17:48:49.239+0000] {processor.py:161} INFO - Started process (PID=5831) to work on /mnt/c/Users/Shivam Gupta/OneDrive/Documents/Shivam_Developement/data_engineering/data_engineering_project/batch-etl-pyspark/.venv/lib/python3.12/site-packages/airflow/example_dags/example_short_circuit_operator.py
[2025-07-16T17:48:49.242+0000] {processor.py:830} INFO - Processing file /mnt/c/Users/Shivam Gupta/OneDrive/Documents/Shivam_Developement/data_engineering/data_engineering_project/batch-etl-pyspark/.venv/lib/python3.12/site-packages/airflow/example_dags/example_short_circuit_operator.py for tasks to queue
[2025-07-16T17:48:49.246+0000] {logging_mixin.py:188} INFO - [2025-07-16T17:48:49.244+0000] {dagbag.py:545} INFO - Filling up the DagBag from /mnt/c/Users/Shivam Gupta/OneDrive/Documents/Shivam_Developement/data_engineering/data_engineering_project/batch-etl-pyspark/.venv/lib/python3.12/site-packages/airflow/example_dags/example_short_circuit_operator.py
[2025-07-16T17:48:49.288+0000] {processor.py:840} INFO - DAG(s) 'example_short_circuit_operator' retrieved from /mnt/c/Users/Shivam Gupta/OneDrive/Documents/Shivam_Developement/data_engineering/data_engineering_project/batch-etl-pyspark/.venv/lib/python3.12/site-packages/airflow/example_dags/example_short_circuit_operator.py
[2025-07-16T17:48:49.338+0000] {logging_mixin.py:188} INFO - [2025-07-16T17:48:49.337+0000] {dag.py:3096} INFO - Sync 1 DAGs
[2025-07-16T17:48:49.377+0000] {logging_mixin.py:188} INFO - [2025-07-16T17:48:49.375+0000] {dag.py:3954} INFO - Setting next_dagrun for example_short_circuit_operator to 2025-07-15 00:00:00+00:00, run_after=2025-07-16 00:00:00+00:00
[2025-07-16T17:48:49.470+0000] {processor.py:183} INFO - Processing /mnt/c/Users/Shivam Gupta/OneDrive/Documents/Shivam_Developement/data_engineering/data_engineering_project/batch-etl-pyspark/.venv/lib/python3.12/site-packages/airflow/example_dags/example_short_circuit_operator.py took 0.250 seconds
[2025-07-16T17:50:21.958+0000] {processor.py:161} INFO - Started process (PID=5927) to work on /mnt/c/Users/Shivam Gupta/OneDrive/Documents/Shivam_Developement/data_engineering/data_engineering_project/batch-etl-pyspark/.venv/lib/python3.12/site-packages/airflow/example_dags/example_short_circuit_operator.py
[2025-07-16T17:50:21.961+0000] {processor.py:830} INFO - Processing file /mnt/c/Users/Shivam Gupta/OneDrive/Documents/Shivam_Developement/data_engineering/data_engineering_project/batch-etl-pyspark/.venv/lib/python3.12/site-packages/airflow/example_dags/example_short_circuit_operator.py for tasks to queue
[2025-07-16T17:50:21.964+0000] {logging_mixin.py:188} INFO - [2025-07-16T17:50:21.963+0000] {dagbag.py:545} INFO - Filling up the DagBag from /mnt/c/Users/Shivam Gupta/OneDrive/Documents/Shivam_Developement/data_engineering/data_engineering_project/batch-etl-pyspark/.venv/lib/python3.12/site-packages/airflow/example_dags/example_short_circuit_operator.py
[2025-07-16T17:50:21.999+0000] {processor.py:840} INFO - DAG(s) 'example_short_circuit_operator' retrieved from /mnt/c/Users/Shivam Gupta/OneDrive/Documents/Shivam_Developement/data_engineering/data_engineering_project/batch-etl-pyspark/.venv/lib/python3.12/site-packages/airflow/example_dags/example_short_circuit_operator.py
[2025-07-16T17:50:22.048+0000] {logging_mixin.py:188} INFO - [2025-07-16T17:50:22.046+0000] {dag.py:3096} INFO - Sync 1 DAGs
[2025-07-16T17:50:22.094+0000] {logging_mixin.py:188} INFO - [2025-07-16T17:50:22.092+0000] {dag.py:3954} INFO - Setting next_dagrun for example_short_circuit_operator to 2025-07-15 00:00:00+00:00, run_after=2025-07-16 00:00:00+00:00
[2025-07-16T17:50:22.193+0000] {processor.py:183} INFO - Processing /mnt/c/Users/Shivam Gupta/OneDrive/Documents/Shivam_Developement/data_engineering/data_engineering_project/batch-etl-pyspark/.venv/lib/python3.12/site-packages/airflow/example_dags/example_short_circuit_operator.py took 0.253 seconds
[2025-07-16T17:51:43.242+0000] {processor.py:161} INFO - Started process (PID=6015) to work on /mnt/c/Users/Shivam Gupta/OneDrive/Documents/Shivam_Developement/data_engineering/data_engineering_project/batch-etl-pyspark/.venv/lib/python3.12/site-packages/airflow/example_dags/example_short_circuit_operator.py
[2025-07-16T17:51:43.244+0000] {processor.py:830} INFO - Processing file /mnt/c/Users/Shivam Gupta/OneDrive/Documents/Shivam_Developement/data_engineering/data_engineering_project/batch-etl-pyspark/.venv/lib/python3.12/site-packages/airflow/example_dags/example_short_circuit_operator.py for tasks to queue
[2025-07-16T17:51:43.246+0000] {logging_mixin.py:188} INFO - [2025-07-16T17:51:43.246+0000] {dagbag.py:545} INFO - Filling up the DagBag from /mnt/c/Users/Shivam Gupta/OneDrive/Documents/Shivam_Developement/data_engineering/data_engineering_project/batch-etl-pyspark/.venv/lib/python3.12/site-packages/airflow/example_dags/example_short_circuit_operator.py
[2025-07-16T17:51:43.266+0000] {processor.py:840} INFO - DAG(s) 'example_short_circuit_operator' retrieved from /mnt/c/Users/Shivam Gupta/OneDrive/Documents/Shivam_Developement/data_engineering/data_engineering_project/batch-etl-pyspark/.venv/lib/python3.12/site-packages/airflow/example_dags/example_short_circuit_operator.py
[2025-07-16T17:51:43.292+0000] {logging_mixin.py:188} INFO - [2025-07-16T17:51:43.291+0000] {dag.py:3096} INFO - Sync 1 DAGs
[2025-07-16T17:51:43.314+0000] {logging_mixin.py:188} INFO - [2025-07-16T17:51:43.314+0000] {dag.py:3954} INFO - Setting next_dagrun for example_short_circuit_operator to 2025-07-15 00:00:00+00:00, run_after=2025-07-16 00:00:00+00:00
[2025-07-16T17:51:43.369+0000] {processor.py:183} INFO - Processing /mnt/c/Users/Shivam Gupta/OneDrive/Documents/Shivam_Developement/data_engineering/data_engineering_project/batch-etl-pyspark/.venv/lib/python3.12/site-packages/airflow/example_dags/example_short_circuit_operator.py took 0.138 seconds
[2025-07-16T17:52:59.482+0000] {processor.py:161} INFO - Started process (PID=6086) to work on /mnt/c/Users/Shivam Gupta/OneDrive/Documents/Shivam_Developement/data_engineering/data_engineering_project/batch-etl-pyspark/.venv/lib/python3.12/site-packages/airflow/example_dags/example_short_circuit_operator.py
[2025-07-16T17:52:59.484+0000] {processor.py:830} INFO - Processing file /mnt/c/Users/Shivam Gupta/OneDrive/Documents/Shivam_Developement/data_engineering/data_engineering_project/batch-etl-pyspark/.venv/lib/python3.12/site-packages/airflow/example_dags/example_short_circuit_operator.py for tasks to queue
[2025-07-16T17:52:59.487+0000] {logging_mixin.py:188} INFO - [2025-07-16T17:52:59.486+0000] {dagbag.py:545} INFO - Filling up the DagBag from /mnt/c/Users/Shivam Gupta/OneDrive/Documents/Shivam_Developement/data_engineering/data_engineering_project/batch-etl-pyspark/.venv/lib/python3.12/site-packages/airflow/example_dags/example_short_circuit_operator.py
[2025-07-16T17:52:59.509+0000] {processor.py:840} INFO - DAG(s) 'example_short_circuit_operator' retrieved from /mnt/c/Users/Shivam Gupta/OneDrive/Documents/Shivam_Developement/data_engineering/data_engineering_project/batch-etl-pyspark/.venv/lib/python3.12/site-packages/airflow/example_dags/example_short_circuit_operator.py
[2025-07-16T17:52:59.538+0000] {logging_mixin.py:188} INFO - [2025-07-16T17:52:59.537+0000] {dag.py:3096} INFO - Sync 1 DAGs
[2025-07-16T17:52:59.565+0000] {logging_mixin.py:188} INFO - [2025-07-16T17:52:59.564+0000] {dag.py:3954} INFO - Setting next_dagrun for example_short_circuit_operator to 2025-07-15 00:00:00+00:00, run_after=2025-07-16 00:00:00+00:00
[2025-07-16T17:52:59.623+0000] {processor.py:183} INFO - Processing /mnt/c/Users/Shivam Gupta/OneDrive/Documents/Shivam_Developement/data_engineering/data_engineering_project/batch-etl-pyspark/.venv/lib/python3.12/site-packages/airflow/example_dags/example_short_circuit_operator.py took 0.162 seconds
[2025-07-16T17:54:33.588+0000] {processor.py:161} INFO - Started process (PID=6175) to work on /mnt/c/Users/Shivam Gupta/OneDrive/Documents/Shivam_Developement/data_engineering/data_engineering_project/batch-etl-pyspark/.venv/lib/python3.12/site-packages/airflow/example_dags/example_short_circuit_operator.py
[2025-07-16T17:54:33.592+0000] {processor.py:830} INFO - Processing file /mnt/c/Users/Shivam Gupta/OneDrive/Documents/Shivam_Developement/data_engineering/data_engineering_project/batch-etl-pyspark/.venv/lib/python3.12/site-packages/airflow/example_dags/example_short_circuit_operator.py for tasks to queue
[2025-07-16T17:54:33.599+0000] {logging_mixin.py:188} INFO - [2025-07-16T17:54:33.596+0000] {dagbag.py:545} INFO - Filling up the DagBag from /mnt/c/Users/Shivam Gupta/OneDrive/Documents/Shivam_Developement/data_engineering/data_engineering_project/batch-etl-pyspark/.venv/lib/python3.12/site-packages/airflow/example_dags/example_short_circuit_operator.py
[2025-07-16T17:54:33.637+0000] {processor.py:840} INFO - DAG(s) 'example_short_circuit_operator' retrieved from /mnt/c/Users/Shivam Gupta/OneDrive/Documents/Shivam_Developement/data_engineering/data_engineering_project/batch-etl-pyspark/.venv/lib/python3.12/site-packages/airflow/example_dags/example_short_circuit_operator.py
[2025-07-16T17:54:33.681+0000] {logging_mixin.py:188} INFO - [2025-07-16T17:54:33.680+0000] {dag.py:3096} INFO - Sync 1 DAGs
[2025-07-16T17:54:33.718+0000] {logging_mixin.py:188} INFO - [2025-07-16T17:54:33.717+0000] {dag.py:3954} INFO - Setting next_dagrun for example_short_circuit_operator to 2025-07-15 00:00:00+00:00, run_after=2025-07-16 00:00:00+00:00
[2025-07-16T17:54:33.805+0000] {processor.py:183} INFO - Processing /mnt/c/Users/Shivam Gupta/OneDrive/Documents/Shivam_Developement/data_engineering/data_engineering_project/batch-etl-pyspark/.venv/lib/python3.12/site-packages/airflow/example_dags/example_short_circuit_operator.py took 0.246 seconds
[2025-07-16T17:55:59.593+0000] {processor.py:161} INFO - Started process (PID=6263) to work on /mnt/c/Users/Shivam Gupta/OneDrive/Documents/Shivam_Developement/data_engineering/data_engineering_project/batch-etl-pyspark/.venv/lib/python3.12/site-packages/airflow/example_dags/example_short_circuit_operator.py
[2025-07-16T17:55:59.594+0000] {processor.py:830} INFO - Processing file /mnt/c/Users/Shivam Gupta/OneDrive/Documents/Shivam_Developement/data_engineering/data_engineering_project/batch-etl-pyspark/.venv/lib/python3.12/site-packages/airflow/example_dags/example_short_circuit_operator.py for tasks to queue
[2025-07-16T17:55:59.597+0000] {logging_mixin.py:188} INFO - [2025-07-16T17:55:59.596+0000] {dagbag.py:545} INFO - Filling up the DagBag from /mnt/c/Users/Shivam Gupta/OneDrive/Documents/Shivam_Developement/data_engineering/data_engineering_project/batch-etl-pyspark/.venv/lib/python3.12/site-packages/airflow/example_dags/example_short_circuit_operator.py
[2025-07-16T17:55:59.617+0000] {processor.py:840} INFO - DAG(s) 'example_short_circuit_operator' retrieved from /mnt/c/Users/Shivam Gupta/OneDrive/Documents/Shivam_Developement/data_engineering/data_engineering_project/batch-etl-pyspark/.venv/lib/python3.12/site-packages/airflow/example_dags/example_short_circuit_operator.py
[2025-07-16T17:55:59.645+0000] {logging_mixin.py:188} INFO - [2025-07-16T17:55:59.644+0000] {dag.py:3096} INFO - Sync 1 DAGs
[2025-07-16T17:55:59.675+0000] {logging_mixin.py:188} INFO - [2025-07-16T17:55:59.674+0000] {dag.py:3954} INFO - Setting next_dagrun for example_short_circuit_operator to 2025-07-15 00:00:00+00:00, run_after=2025-07-16 00:00:00+00:00
[2025-07-16T17:55:59.748+0000] {processor.py:183} INFO - Processing /mnt/c/Users/Shivam Gupta/OneDrive/Documents/Shivam_Developement/data_engineering/data_engineering_project/batch-etl-pyspark/.venv/lib/python3.12/site-packages/airflow/example_dags/example_short_circuit_operator.py took 0.169 seconds
[2025-07-16T18:02:29.048+0000] {processor.py:161} INFO - Started process (PID=6735) to work on /mnt/c/Users/Shivam Gupta/OneDrive/Documents/Shivam_Developement/data_engineering/data_engineering_project/batch-etl-pyspark/.venv/lib/python3.12/site-packages/airflow/example_dags/example_short_circuit_operator.py
[2025-07-16T18:02:29.050+0000] {processor.py:830} INFO - Processing file /mnt/c/Users/Shivam Gupta/OneDrive/Documents/Shivam_Developement/data_engineering/data_engineering_project/batch-etl-pyspark/.venv/lib/python3.12/site-packages/airflow/example_dags/example_short_circuit_operator.py for tasks to queue
[2025-07-16T18:02:29.053+0000] {logging_mixin.py:188} INFO - [2025-07-16T18:02:29.052+0000] {dagbag.py:545} INFO - Filling up the DagBag from /mnt/c/Users/Shivam Gupta/OneDrive/Documents/Shivam_Developement/data_engineering/data_engineering_project/batch-etl-pyspark/.venv/lib/python3.12/site-packages/airflow/example_dags/example_short_circuit_operator.py
[2025-07-16T18:02:29.077+0000] {processor.py:840} INFO - DAG(s) 'example_short_circuit_operator' retrieved from /mnt/c/Users/Shivam Gupta/OneDrive/Documents/Shivam_Developement/data_engineering/data_engineering_project/batch-etl-pyspark/.venv/lib/python3.12/site-packages/airflow/example_dags/example_short_circuit_operator.py
[2025-07-16T18:02:29.116+0000] {logging_mixin.py:188} INFO - [2025-07-16T18:02:29.115+0000] {dag.py:3096} INFO - Sync 1 DAGs
[2025-07-16T18:02:29.151+0000] {logging_mixin.py:188} INFO - [2025-07-16T18:02:29.150+0000] {dag.py:3954} INFO - Setting next_dagrun for example_short_circuit_operator to 2025-07-15 00:00:00+00:00, run_after=2025-07-16 00:00:00+00:00
[2025-07-16T18:02:29.209+0000] {processor.py:183} INFO - Processing /mnt/c/Users/Shivam Gupta/OneDrive/Documents/Shivam_Developement/data_engineering/data_engineering_project/batch-etl-pyspark/.venv/lib/python3.12/site-packages/airflow/example_dags/example_short_circuit_operator.py took 0.176 seconds
[2025-07-16T18:03:51.950+0000] {processor.py:161} INFO - Started process (PID=6802) to work on /mnt/c/Users/Shivam Gupta/OneDrive/Documents/Shivam_Developement/data_engineering/data_engineering_project/batch-etl-pyspark/.venv/lib/python3.12/site-packages/airflow/example_dags/example_short_circuit_operator.py
[2025-07-16T18:03:51.951+0000] {processor.py:830} INFO - Processing file /mnt/c/Users/Shivam Gupta/OneDrive/Documents/Shivam_Developement/data_engineering/data_engineering_project/batch-etl-pyspark/.venv/lib/python3.12/site-packages/airflow/example_dags/example_short_circuit_operator.py for tasks to queue
[2025-07-16T18:03:51.954+0000] {logging_mixin.py:188} INFO - [2025-07-16T18:03:51.953+0000] {dagbag.py:545} INFO - Filling up the DagBag from /mnt/c/Users/Shivam Gupta/OneDrive/Documents/Shivam_Developement/data_engineering/data_engineering_project/batch-etl-pyspark/.venv/lib/python3.12/site-packages/airflow/example_dags/example_short_circuit_operator.py
[2025-07-16T18:03:51.978+0000] {processor.py:840} INFO - DAG(s) 'example_short_circuit_operator' retrieved from /mnt/c/Users/Shivam Gupta/OneDrive/Documents/Shivam_Developement/data_engineering/data_engineering_project/batch-etl-pyspark/.venv/lib/python3.12/site-packages/airflow/example_dags/example_short_circuit_operator.py
[2025-07-16T18:03:52.006+0000] {logging_mixin.py:188} INFO - [2025-07-16T18:03:52.005+0000] {dag.py:3096} INFO - Sync 1 DAGs
[2025-07-16T18:03:52.031+0000] {logging_mixin.py:188} INFO - [2025-07-16T18:03:52.030+0000] {dag.py:3954} INFO - Setting next_dagrun for example_short_circuit_operator to 2025-07-15 00:00:00+00:00, run_after=2025-07-16 00:00:00+00:00
[2025-07-16T18:03:52.087+0000] {processor.py:183} INFO - Processing /mnt/c/Users/Shivam Gupta/OneDrive/Documents/Shivam_Developement/data_engineering/data_engineering_project/batch-etl-pyspark/.venv/lib/python3.12/site-packages/airflow/example_dags/example_short_circuit_operator.py took 0.148 seconds
[2025-07-16T18:38:21.250+0000] {processor.py:161} INFO - Started process (PID=8682) to work on /mnt/c/Users/Shivam Gupta/OneDrive/Documents/Shivam_Developement/data_engineering/data_engineering_project/batch-etl-pyspark/.venv/lib/python3.12/site-packages/airflow/example_dags/example_short_circuit_operator.py
[2025-07-16T18:38:21.255+0000] {processor.py:830} INFO - Processing file /mnt/c/Users/Shivam Gupta/OneDrive/Documents/Shivam_Developement/data_engineering/data_engineering_project/batch-etl-pyspark/.venv/lib/python3.12/site-packages/airflow/example_dags/example_short_circuit_operator.py for tasks to queue
[2025-07-16T18:38:21.259+0000] {logging_mixin.py:188} INFO - [2025-07-16T18:38:21.257+0000] {dagbag.py:545} INFO - Filling up the DagBag from /mnt/c/Users/Shivam Gupta/OneDrive/Documents/Shivam_Developement/data_engineering/data_engineering_project/batch-etl-pyspark/.venv/lib/python3.12/site-packages/airflow/example_dags/example_short_circuit_operator.py
[2025-07-16T18:38:21.313+0000] {processor.py:840} INFO - DAG(s) 'example_short_circuit_operator' retrieved from /mnt/c/Users/Shivam Gupta/OneDrive/Documents/Shivam_Developement/data_engineering/data_engineering_project/batch-etl-pyspark/.venv/lib/python3.12/site-packages/airflow/example_dags/example_short_circuit_operator.py
[2025-07-16T18:38:21.396+0000] {logging_mixin.py:188} INFO - [2025-07-16T18:38:21.395+0000] {dag.py:3096} INFO - Sync 1 DAGs
[2025-07-16T18:38:21.423+0000] {logging_mixin.py:188} INFO - [2025-07-16T18:38:21.422+0000] {dag.py:3954} INFO - Setting next_dagrun for example_short_circuit_operator to 2025-07-15 00:00:00+00:00, run_after=2025-07-16 00:00:00+00:00
[2025-07-16T18:38:21.549+0000] {processor.py:183} INFO - Processing /mnt/c/Users/Shivam Gupta/OneDrive/Documents/Shivam_Developement/data_engineering/data_engineering_project/batch-etl-pyspark/.venv/lib/python3.12/site-packages/airflow/example_dags/example_short_circuit_operator.py took 0.313 seconds
[2025-07-16T18:52:27.896+0000] {processor.py:161} INFO - Started process (PID=9382) to work on /mnt/c/Users/Shivam Gupta/OneDrive/Documents/Shivam_Developement/data_engineering/data_engineering_project/batch-etl-pyspark/.venv/lib/python3.12/site-packages/airflow/example_dags/example_short_circuit_operator.py
[2025-07-16T18:52:27.898+0000] {processor.py:830} INFO - Processing file /mnt/c/Users/Shivam Gupta/OneDrive/Documents/Shivam_Developement/data_engineering/data_engineering_project/batch-etl-pyspark/.venv/lib/python3.12/site-packages/airflow/example_dags/example_short_circuit_operator.py for tasks to queue
[2025-07-16T18:52:27.901+0000] {logging_mixin.py:188} INFO - [2025-07-16T18:52:27.899+0000] {dagbag.py:545} INFO - Filling up the DagBag from /mnt/c/Users/Shivam Gupta/OneDrive/Documents/Shivam_Developement/data_engineering/data_engineering_project/batch-etl-pyspark/.venv/lib/python3.12/site-packages/airflow/example_dags/example_short_circuit_operator.py
[2025-07-16T18:52:27.921+0000] {processor.py:840} INFO - DAG(s) 'example_short_circuit_operator' retrieved from /mnt/c/Users/Shivam Gupta/OneDrive/Documents/Shivam_Developement/data_engineering/data_engineering_project/batch-etl-pyspark/.venv/lib/python3.12/site-packages/airflow/example_dags/example_short_circuit_operator.py
[2025-07-16T18:52:27.957+0000] {logging_mixin.py:188} INFO - [2025-07-16T18:52:27.956+0000] {dag.py:3096} INFO - Sync 1 DAGs
[2025-07-16T18:52:27.979+0000] {logging_mixin.py:188} INFO - [2025-07-16T18:52:27.979+0000] {dag.py:3954} INFO - Setting next_dagrun for example_short_circuit_operator to 2025-07-15 00:00:00+00:00, run_after=2025-07-16 00:00:00+00:00
[2025-07-16T18:52:28.027+0000] {processor.py:183} INFO - Processing /mnt/c/Users/Shivam Gupta/OneDrive/Documents/Shivam_Developement/data_engineering/data_engineering_project/batch-etl-pyspark/.venv/lib/python3.12/site-packages/airflow/example_dags/example_short_circuit_operator.py took 0.140 seconds
[2025-07-16T18:53:40.261+0000] {processor.py:161} INFO - Started process (PID=9449) to work on /mnt/c/Users/Shivam Gupta/OneDrive/Documents/Shivam_Developement/data_engineering/data_engineering_project/batch-etl-pyspark/.venv/lib/python3.12/site-packages/airflow/example_dags/example_short_circuit_operator.py
[2025-07-16T18:53:40.263+0000] {processor.py:830} INFO - Processing file /mnt/c/Users/Shivam Gupta/OneDrive/Documents/Shivam_Developement/data_engineering/data_engineering_project/batch-etl-pyspark/.venv/lib/python3.12/site-packages/airflow/example_dags/example_short_circuit_operator.py for tasks to queue
[2025-07-16T18:53:40.267+0000] {logging_mixin.py:188} INFO - [2025-07-16T18:53:40.264+0000] {dagbag.py:545} INFO - Filling up the DagBag from /mnt/c/Users/Shivam Gupta/OneDrive/Documents/Shivam_Developement/data_engineering/data_engineering_project/batch-etl-pyspark/.venv/lib/python3.12/site-packages/airflow/example_dags/example_short_circuit_operator.py
[2025-07-16T18:53:40.308+0000] {processor.py:840} INFO - DAG(s) 'example_short_circuit_operator' retrieved from /mnt/c/Users/Shivam Gupta/OneDrive/Documents/Shivam_Developement/data_engineering/data_engineering_project/batch-etl-pyspark/.venv/lib/python3.12/site-packages/airflow/example_dags/example_short_circuit_operator.py
[2025-07-16T18:53:40.359+0000] {logging_mixin.py:188} INFO - [2025-07-16T18:53:40.357+0000] {dag.py:3096} INFO - Sync 1 DAGs
[2025-07-16T18:53:40.401+0000] {logging_mixin.py:188} INFO - [2025-07-16T18:53:40.399+0000] {dag.py:3954} INFO - Setting next_dagrun for example_short_circuit_operator to 2025-07-15 00:00:00+00:00, run_after=2025-07-16 00:00:00+00:00
[2025-07-16T18:53:40.496+0000] {processor.py:183} INFO - Processing /mnt/c/Users/Shivam Gupta/OneDrive/Documents/Shivam_Developement/data_engineering/data_engineering_project/batch-etl-pyspark/.venv/lib/python3.12/site-packages/airflow/example_dags/example_short_circuit_operator.py took 0.246 seconds
[2025-07-16T18:55:04.552+0000] {processor.py:161} INFO - Started process (PID=9614) to work on /mnt/c/Users/Shivam Gupta/OneDrive/Documents/Shivam_Developement/data_engineering/data_engineering_project/batch-etl-pyspark/.venv/lib/python3.12/site-packages/airflow/example_dags/example_short_circuit_operator.py
[2025-07-16T18:55:04.554+0000] {processor.py:830} INFO - Processing file /mnt/c/Users/Shivam Gupta/OneDrive/Documents/Shivam_Developement/data_engineering/data_engineering_project/batch-etl-pyspark/.venv/lib/python3.12/site-packages/airflow/example_dags/example_short_circuit_operator.py for tasks to queue
[2025-07-16T18:55:04.557+0000] {logging_mixin.py:188} INFO - [2025-07-16T18:55:04.556+0000] {dagbag.py:545} INFO - Filling up the DagBag from /mnt/c/Users/Shivam Gupta/OneDrive/Documents/Shivam_Developement/data_engineering/data_engineering_project/batch-etl-pyspark/.venv/lib/python3.12/site-packages/airflow/example_dags/example_short_circuit_operator.py
[2025-07-16T18:55:04.579+0000] {processor.py:840} INFO - DAG(s) 'example_short_circuit_operator' retrieved from /mnt/c/Users/Shivam Gupta/OneDrive/Documents/Shivam_Developement/data_engineering/data_engineering_project/batch-etl-pyspark/.venv/lib/python3.12/site-packages/airflow/example_dags/example_short_circuit_operator.py
[2025-07-16T18:55:04.607+0000] {logging_mixin.py:188} INFO - [2025-07-16T18:55:04.606+0000] {dag.py:3096} INFO - Sync 1 DAGs
[2025-07-16T18:55:04.636+0000] {logging_mixin.py:188} INFO - [2025-07-16T18:55:04.635+0000] {dag.py:3954} INFO - Setting next_dagrun for example_short_circuit_operator to 2025-07-15 00:00:00+00:00, run_after=2025-07-16 00:00:00+00:00
[2025-07-16T18:55:04.716+0000] {processor.py:183} INFO - Processing /mnt/c/Users/Shivam Gupta/OneDrive/Documents/Shivam_Developement/data_engineering/data_engineering_project/batch-etl-pyspark/.venv/lib/python3.12/site-packages/airflow/example_dags/example_short_circuit_operator.py took 0.176 seconds
[2025-07-16T18:56:19.711+0000] {processor.py:161} INFO - Started process (PID=9845) to work on /mnt/c/Users/Shivam Gupta/OneDrive/Documents/Shivam_Developement/data_engineering/data_engineering_project/batch-etl-pyspark/.venv/lib/python3.12/site-packages/airflow/example_dags/example_short_circuit_operator.py
[2025-07-16T18:56:19.712+0000] {processor.py:830} INFO - Processing file /mnt/c/Users/Shivam Gupta/OneDrive/Documents/Shivam_Developement/data_engineering/data_engineering_project/batch-etl-pyspark/.venv/lib/python3.12/site-packages/airflow/example_dags/example_short_circuit_operator.py for tasks to queue
[2025-07-16T18:56:19.714+0000] {logging_mixin.py:188} INFO - [2025-07-16T18:56:19.714+0000] {dagbag.py:545} INFO - Filling up the DagBag from /mnt/c/Users/Shivam Gupta/OneDrive/Documents/Shivam_Developement/data_engineering/data_engineering_project/batch-etl-pyspark/.venv/lib/python3.12/site-packages/airflow/example_dags/example_short_circuit_operator.py
[2025-07-16T18:56:19.741+0000] {processor.py:840} INFO - DAG(s) 'example_short_circuit_operator' retrieved from /mnt/c/Users/Shivam Gupta/OneDrive/Documents/Shivam_Developement/data_engineering/data_engineering_project/batch-etl-pyspark/.venv/lib/python3.12/site-packages/airflow/example_dags/example_short_circuit_operator.py
[2025-07-16T18:56:19.764+0000] {logging_mixin.py:188} INFO - [2025-07-16T18:56:19.764+0000] {dag.py:3096} INFO - Sync 1 DAGs
[2025-07-16T18:56:19.799+0000] {logging_mixin.py:188} INFO - [2025-07-16T18:56:19.797+0000] {dag.py:3954} INFO - Setting next_dagrun for example_short_circuit_operator to 2025-07-15 00:00:00+00:00, run_after=2025-07-16 00:00:00+00:00
[2025-07-16T18:56:19.875+0000] {processor.py:183} INFO - Processing /mnt/c/Users/Shivam Gupta/OneDrive/Documents/Shivam_Developement/data_engineering/data_engineering_project/batch-etl-pyspark/.venv/lib/python3.12/site-packages/airflow/example_dags/example_short_circuit_operator.py took 0.173 seconds
[2025-07-16T18:57:37.749+0000] {processor.py:161} INFO - Started process (PID=9987) to work on /mnt/c/Users/Shivam Gupta/OneDrive/Documents/Shivam_Developement/data_engineering/data_engineering_project/batch-etl-pyspark/.venv/lib/python3.12/site-packages/airflow/example_dags/example_short_circuit_operator.py
[2025-07-16T18:57:37.751+0000] {processor.py:830} INFO - Processing file /mnt/c/Users/Shivam Gupta/OneDrive/Documents/Shivam_Developement/data_engineering/data_engineering_project/batch-etl-pyspark/.venv/lib/python3.12/site-packages/airflow/example_dags/example_short_circuit_operator.py for tasks to queue
[2025-07-16T18:57:37.755+0000] {logging_mixin.py:188} INFO - [2025-07-16T18:57:37.753+0000] {dagbag.py:545} INFO - Filling up the DagBag from /mnt/c/Users/Shivam Gupta/OneDrive/Documents/Shivam_Developement/data_engineering/data_engineering_project/batch-etl-pyspark/.venv/lib/python3.12/site-packages/airflow/example_dags/example_short_circuit_operator.py
[2025-07-16T18:57:37.781+0000] {processor.py:840} INFO - DAG(s) 'example_short_circuit_operator' retrieved from /mnt/c/Users/Shivam Gupta/OneDrive/Documents/Shivam_Developement/data_engineering/data_engineering_project/batch-etl-pyspark/.venv/lib/python3.12/site-packages/airflow/example_dags/example_short_circuit_operator.py
[2025-07-16T18:57:37.814+0000] {logging_mixin.py:188} INFO - [2025-07-16T18:57:37.813+0000] {dag.py:3096} INFO - Sync 1 DAGs
[2025-07-16T18:57:37.846+0000] {logging_mixin.py:188} INFO - [2025-07-16T18:57:37.845+0000] {dag.py:3954} INFO - Setting next_dagrun for example_short_circuit_operator to 2025-07-15 00:00:00+00:00, run_after=2025-07-16 00:00:00+00:00
[2025-07-16T18:57:37.946+0000] {processor.py:183} INFO - Processing /mnt/c/Users/Shivam Gupta/OneDrive/Documents/Shivam_Developement/data_engineering/data_engineering_project/batch-etl-pyspark/.venv/lib/python3.12/site-packages/airflow/example_dags/example_short_circuit_operator.py took 0.209 seconds
[2025-07-16T18:58:59.669+0000] {processor.py:161} INFO - Started process (PID=10127) to work on /mnt/c/Users/Shivam Gupta/OneDrive/Documents/Shivam_Developement/data_engineering/data_engineering_project/batch-etl-pyspark/.venv/lib/python3.12/site-packages/airflow/example_dags/example_short_circuit_operator.py
[2025-07-16T18:58:59.671+0000] {processor.py:830} INFO - Processing file /mnt/c/Users/Shivam Gupta/OneDrive/Documents/Shivam_Developement/data_engineering/data_engineering_project/batch-etl-pyspark/.venv/lib/python3.12/site-packages/airflow/example_dags/example_short_circuit_operator.py for tasks to queue
[2025-07-16T18:58:59.673+0000] {logging_mixin.py:188} INFO - [2025-07-16T18:58:59.672+0000] {dagbag.py:545} INFO - Filling up the DagBag from /mnt/c/Users/Shivam Gupta/OneDrive/Documents/Shivam_Developement/data_engineering/data_engineering_project/batch-etl-pyspark/.venv/lib/python3.12/site-packages/airflow/example_dags/example_short_circuit_operator.py
[2025-07-16T18:58:59.690+0000] {processor.py:840} INFO - DAG(s) 'example_short_circuit_operator' retrieved from /mnt/c/Users/Shivam Gupta/OneDrive/Documents/Shivam_Developement/data_engineering/data_engineering_project/batch-etl-pyspark/.venv/lib/python3.12/site-packages/airflow/example_dags/example_short_circuit_operator.py
[2025-07-16T18:58:59.716+0000] {logging_mixin.py:188} INFO - [2025-07-16T18:58:59.715+0000] {dag.py:3096} INFO - Sync 1 DAGs
[2025-07-16T18:58:59.740+0000] {logging_mixin.py:188} INFO - [2025-07-16T18:58:59.739+0000] {dag.py:3954} INFO - Setting next_dagrun for example_short_circuit_operator to 2025-07-15 00:00:00+00:00, run_after=2025-07-16 00:00:00+00:00
[2025-07-16T18:58:59.798+0000] {processor.py:183} INFO - Processing /mnt/c/Users/Shivam Gupta/OneDrive/Documents/Shivam_Developement/data_engineering/data_engineering_project/batch-etl-pyspark/.venv/lib/python3.12/site-packages/airflow/example_dags/example_short_circuit_operator.py took 0.138 seconds
[2025-07-16T19:00:28.852+0000] {processor.py:161} INFO - Started process (PID=10328) to work on /mnt/c/Users/Shivam Gupta/OneDrive/Documents/Shivam_Developement/data_engineering/data_engineering_project/batch-etl-pyspark/.venv/lib/python3.12/site-packages/airflow/example_dags/example_short_circuit_operator.py
[2025-07-16T19:00:28.855+0000] {processor.py:830} INFO - Processing file /mnt/c/Users/Shivam Gupta/OneDrive/Documents/Shivam_Developement/data_engineering/data_engineering_project/batch-etl-pyspark/.venv/lib/python3.12/site-packages/airflow/example_dags/example_short_circuit_operator.py for tasks to queue
[2025-07-16T19:00:28.858+0000] {logging_mixin.py:188} INFO - [2025-07-16T19:00:28.857+0000] {dagbag.py:545} INFO - Filling up the DagBag from /mnt/c/Users/Shivam Gupta/OneDrive/Documents/Shivam_Developement/data_engineering/data_engineering_project/batch-etl-pyspark/.venv/lib/python3.12/site-packages/airflow/example_dags/example_short_circuit_operator.py
[2025-07-16T19:00:28.885+0000] {processor.py:840} INFO - DAG(s) 'example_short_circuit_operator' retrieved from /mnt/c/Users/Shivam Gupta/OneDrive/Documents/Shivam_Developement/data_engineering/data_engineering_project/batch-etl-pyspark/.venv/lib/python3.12/site-packages/airflow/example_dags/example_short_circuit_operator.py
[2025-07-16T19:00:28.917+0000] {logging_mixin.py:188} INFO - [2025-07-16T19:00:28.916+0000] {dag.py:3096} INFO - Sync 1 DAGs
[2025-07-16T19:00:28.952+0000] {logging_mixin.py:188} INFO - [2025-07-16T19:00:28.951+0000] {dag.py:3954} INFO - Setting next_dagrun for example_short_circuit_operator to 2025-07-15 00:00:00+00:00, run_after=2025-07-16 00:00:00+00:00
[2025-07-16T19:00:29.026+0000] {processor.py:183} INFO - Processing /mnt/c/Users/Shivam Gupta/OneDrive/Documents/Shivam_Developement/data_engineering/data_engineering_project/batch-etl-pyspark/.venv/lib/python3.12/site-packages/airflow/example_dags/example_short_circuit_operator.py took 0.189 seconds
[2025-07-16T19:02:01.266+0000] {processor.py:161} INFO - Started process (PID=10528) to work on /mnt/c/Users/Shivam Gupta/OneDrive/Documents/Shivam_Developement/data_engineering/data_engineering_project/batch-etl-pyspark/.venv/lib/python3.12/site-packages/airflow/example_dags/example_short_circuit_operator.py
[2025-07-16T19:02:01.270+0000] {processor.py:830} INFO - Processing file /mnt/c/Users/Shivam Gupta/OneDrive/Documents/Shivam_Developement/data_engineering/data_engineering_project/batch-etl-pyspark/.venv/lib/python3.12/site-packages/airflow/example_dags/example_short_circuit_operator.py for tasks to queue
[2025-07-16T19:02:01.275+0000] {logging_mixin.py:188} INFO - [2025-07-16T19:02:01.274+0000] {dagbag.py:545} INFO - Filling up the DagBag from /mnt/c/Users/Shivam Gupta/OneDrive/Documents/Shivam_Developement/data_engineering/data_engineering_project/batch-etl-pyspark/.venv/lib/python3.12/site-packages/airflow/example_dags/example_short_circuit_operator.py
[2025-07-16T19:02:01.303+0000] {processor.py:840} INFO - DAG(s) 'example_short_circuit_operator' retrieved from /mnt/c/Users/Shivam Gupta/OneDrive/Documents/Shivam_Developement/data_engineering/data_engineering_project/batch-etl-pyspark/.venv/lib/python3.12/site-packages/airflow/example_dags/example_short_circuit_operator.py
[2025-07-16T19:02:01.341+0000] {logging_mixin.py:188} INFO - [2025-07-16T19:02:01.340+0000] {dag.py:3096} INFO - Sync 1 DAGs
[2025-07-16T19:02:01.383+0000] {logging_mixin.py:188} INFO - [2025-07-16T19:02:01.382+0000] {dag.py:3954} INFO - Setting next_dagrun for example_short_circuit_operator to 2025-07-15 00:00:00+00:00, run_after=2025-07-16 00:00:00+00:00
[2025-07-16T19:02:01.481+0000] {processor.py:183} INFO - Processing /mnt/c/Users/Shivam Gupta/OneDrive/Documents/Shivam_Developement/data_engineering/data_engineering_project/batch-etl-pyspark/.venv/lib/python3.12/site-packages/airflow/example_dags/example_short_circuit_operator.py took 0.230 seconds
[2025-07-16T19:03:31.622+0000] {processor.py:161} INFO - Started process (PID=10709) to work on /mnt/c/Users/Shivam Gupta/OneDrive/Documents/Shivam_Developement/data_engineering/data_engineering_project/batch-etl-pyspark/.venv/lib/python3.12/site-packages/airflow/example_dags/example_short_circuit_operator.py
[2025-07-16T19:03:31.625+0000] {processor.py:830} INFO - Processing file /mnt/c/Users/Shivam Gupta/OneDrive/Documents/Shivam_Developement/data_engineering/data_engineering_project/batch-etl-pyspark/.venv/lib/python3.12/site-packages/airflow/example_dags/example_short_circuit_operator.py for tasks to queue
[2025-07-16T19:03:31.629+0000] {logging_mixin.py:188} INFO - [2025-07-16T19:03:31.627+0000] {dagbag.py:545} INFO - Filling up the DagBag from /mnt/c/Users/Shivam Gupta/OneDrive/Documents/Shivam_Developement/data_engineering/data_engineering_project/batch-etl-pyspark/.venv/lib/python3.12/site-packages/airflow/example_dags/example_short_circuit_operator.py
[2025-07-16T19:03:31.663+0000] {processor.py:840} INFO - DAG(s) 'example_short_circuit_operator' retrieved from /mnt/c/Users/Shivam Gupta/OneDrive/Documents/Shivam_Developement/data_engineering/data_engineering_project/batch-etl-pyspark/.venv/lib/python3.12/site-packages/airflow/example_dags/example_short_circuit_operator.py
[2025-07-16T19:03:31.713+0000] {logging_mixin.py:188} INFO - [2025-07-16T19:03:31.711+0000] {dag.py:3096} INFO - Sync 1 DAGs
[2025-07-16T19:03:31.784+0000] {logging_mixin.py:188} INFO - [2025-07-16T19:03:31.782+0000] {dag.py:3954} INFO - Setting next_dagrun for example_short_circuit_operator to 2025-07-15 00:00:00+00:00, run_after=2025-07-16 00:00:00+00:00
[2025-07-16T19:03:31.882+0000] {processor.py:183} INFO - Processing /mnt/c/Users/Shivam Gupta/OneDrive/Documents/Shivam_Developement/data_engineering/data_engineering_project/batch-etl-pyspark/.venv/lib/python3.12/site-packages/airflow/example_dags/example_short_circuit_operator.py took 0.274 seconds
[2025-07-16T19:04:59.319+0000] {processor.py:161} INFO - Started process (PID=10852) to work on /mnt/c/Users/Shivam Gupta/OneDrive/Documents/Shivam_Developement/data_engineering/data_engineering_project/batch-etl-pyspark/.venv/lib/python3.12/site-packages/airflow/example_dags/example_short_circuit_operator.py
[2025-07-16T19:04:59.321+0000] {processor.py:830} INFO - Processing file /mnt/c/Users/Shivam Gupta/OneDrive/Documents/Shivam_Developement/data_engineering/data_engineering_project/batch-etl-pyspark/.venv/lib/python3.12/site-packages/airflow/example_dags/example_short_circuit_operator.py for tasks to queue
[2025-07-16T19:04:59.324+0000] {logging_mixin.py:188} INFO - [2025-07-16T19:04:59.323+0000] {dagbag.py:545} INFO - Filling up the DagBag from /mnt/c/Users/Shivam Gupta/OneDrive/Documents/Shivam_Developement/data_engineering/data_engineering_project/batch-etl-pyspark/.venv/lib/python3.12/site-packages/airflow/example_dags/example_short_circuit_operator.py
[2025-07-16T19:04:59.340+0000] {processor.py:840} INFO - DAG(s) 'example_short_circuit_operator' retrieved from /mnt/c/Users/Shivam Gupta/OneDrive/Documents/Shivam_Developement/data_engineering/data_engineering_project/batch-etl-pyspark/.venv/lib/python3.12/site-packages/airflow/example_dags/example_short_circuit_operator.py
[2025-07-16T19:04:59.367+0000] {logging_mixin.py:188} INFO - [2025-07-16T19:04:59.366+0000] {dag.py:3096} INFO - Sync 1 DAGs
[2025-07-16T19:04:59.398+0000] {logging_mixin.py:188} INFO - [2025-07-16T19:04:59.397+0000] {dag.py:3954} INFO - Setting next_dagrun for example_short_circuit_operator to 2025-07-15 00:00:00+00:00, run_after=2025-07-16 00:00:00+00:00
[2025-07-16T19:04:59.485+0000] {processor.py:183} INFO - Processing /mnt/c/Users/Shivam Gupta/OneDrive/Documents/Shivam_Developement/data_engineering/data_engineering_project/batch-etl-pyspark/.venv/lib/python3.12/site-packages/airflow/example_dags/example_short_circuit_operator.py took 0.174 seconds
[2025-07-16T19:06:22.897+0000] {processor.py:161} INFO - Started process (PID=11023) to work on /mnt/c/Users/Shivam Gupta/OneDrive/Documents/Shivam_Developement/data_engineering/data_engineering_project/batch-etl-pyspark/.venv/lib/python3.12/site-packages/airflow/example_dags/example_short_circuit_operator.py
[2025-07-16T19:06:22.900+0000] {processor.py:830} INFO - Processing file /mnt/c/Users/Shivam Gupta/OneDrive/Documents/Shivam_Developement/data_engineering/data_engineering_project/batch-etl-pyspark/.venv/lib/python3.12/site-packages/airflow/example_dags/example_short_circuit_operator.py for tasks to queue
[2025-07-16T19:06:22.904+0000] {logging_mixin.py:188} INFO - [2025-07-16T19:06:22.902+0000] {dagbag.py:545} INFO - Filling up the DagBag from /mnt/c/Users/Shivam Gupta/OneDrive/Documents/Shivam_Developement/data_engineering/data_engineering_project/batch-etl-pyspark/.venv/lib/python3.12/site-packages/airflow/example_dags/example_short_circuit_operator.py
[2025-07-16T19:06:22.942+0000] {processor.py:840} INFO - DAG(s) 'example_short_circuit_operator' retrieved from /mnt/c/Users/Shivam Gupta/OneDrive/Documents/Shivam_Developement/data_engineering/data_engineering_project/batch-etl-pyspark/.venv/lib/python3.12/site-packages/airflow/example_dags/example_short_circuit_operator.py
[2025-07-16T19:06:22.985+0000] {logging_mixin.py:188} INFO - [2025-07-16T19:06:22.983+0000] {dag.py:3096} INFO - Sync 1 DAGs
[2025-07-16T19:06:23.029+0000] {logging_mixin.py:188} INFO - [2025-07-16T19:06:23.028+0000] {dag.py:3954} INFO - Setting next_dagrun for example_short_circuit_operator to 2025-07-15 00:00:00+00:00, run_after=2025-07-16 00:00:00+00:00
[2025-07-16T19:06:23.125+0000] {processor.py:183} INFO - Processing /mnt/c/Users/Shivam Gupta/OneDrive/Documents/Shivam_Developement/data_engineering/data_engineering_project/batch-etl-pyspark/.venv/lib/python3.12/site-packages/airflow/example_dags/example_short_circuit_operator.py took 0.245 seconds
[2025-07-16T19:07:52.372+0000] {processor.py:161} INFO - Started process (PID=11183) to work on /mnt/c/Users/Shivam Gupta/OneDrive/Documents/Shivam_Developement/data_engineering/data_engineering_project/batch-etl-pyspark/.venv/lib/python3.12/site-packages/airflow/example_dags/example_short_circuit_operator.py
[2025-07-16T19:07:52.374+0000] {processor.py:830} INFO - Processing file /mnt/c/Users/Shivam Gupta/OneDrive/Documents/Shivam_Developement/data_engineering/data_engineering_project/batch-etl-pyspark/.venv/lib/python3.12/site-packages/airflow/example_dags/example_short_circuit_operator.py for tasks to queue
[2025-07-16T19:07:52.376+0000] {logging_mixin.py:188} INFO - [2025-07-16T19:07:52.376+0000] {dagbag.py:545} INFO - Filling up the DagBag from /mnt/c/Users/Shivam Gupta/OneDrive/Documents/Shivam_Developement/data_engineering/data_engineering_project/batch-etl-pyspark/.venv/lib/python3.12/site-packages/airflow/example_dags/example_short_circuit_operator.py
[2025-07-16T19:07:52.392+0000] {processor.py:840} INFO - DAG(s) 'example_short_circuit_operator' retrieved from /mnt/c/Users/Shivam Gupta/OneDrive/Documents/Shivam_Developement/data_engineering/data_engineering_project/batch-etl-pyspark/.venv/lib/python3.12/site-packages/airflow/example_dags/example_short_circuit_operator.py
[2025-07-16T19:07:52.415+0000] {logging_mixin.py:188} INFO - [2025-07-16T19:07:52.414+0000] {dag.py:3096} INFO - Sync 1 DAGs
[2025-07-16T19:07:52.436+0000] {logging_mixin.py:188} INFO - [2025-07-16T19:07:52.436+0000] {dag.py:3954} INFO - Setting next_dagrun for example_short_circuit_operator to 2025-07-15 00:00:00+00:00, run_after=2025-07-16 00:00:00+00:00
[2025-07-16T19:07:52.522+0000] {processor.py:183} INFO - Processing /mnt/c/Users/Shivam Gupta/OneDrive/Documents/Shivam_Developement/data_engineering/data_engineering_project/batch-etl-pyspark/.venv/lib/python3.12/site-packages/airflow/example_dags/example_short_circuit_operator.py took 0.160 seconds
[2025-07-16T19:09:25.203+0000] {processor.py:161} INFO - Started process (PID=11335) to work on /mnt/c/Users/Shivam Gupta/OneDrive/Documents/Shivam_Developement/data_engineering/data_engineering_project/batch-etl-pyspark/.venv/lib/python3.12/site-packages/airflow/example_dags/example_short_circuit_operator.py
[2025-07-16T19:09:25.206+0000] {processor.py:830} INFO - Processing file /mnt/c/Users/Shivam Gupta/OneDrive/Documents/Shivam_Developement/data_engineering/data_engineering_project/batch-etl-pyspark/.venv/lib/python3.12/site-packages/airflow/example_dags/example_short_circuit_operator.py for tasks to queue
[2025-07-16T19:09:25.211+0000] {logging_mixin.py:188} INFO - [2025-07-16T19:09:25.209+0000] {dagbag.py:545} INFO - Filling up the DagBag from /mnt/c/Users/Shivam Gupta/OneDrive/Documents/Shivam_Developement/data_engineering/data_engineering_project/batch-etl-pyspark/.venv/lib/python3.12/site-packages/airflow/example_dags/example_short_circuit_operator.py
[2025-07-16T19:09:25.255+0000] {processor.py:840} INFO - DAG(s) 'example_short_circuit_operator' retrieved from /mnt/c/Users/Shivam Gupta/OneDrive/Documents/Shivam_Developement/data_engineering/data_engineering_project/batch-etl-pyspark/.venv/lib/python3.12/site-packages/airflow/example_dags/example_short_circuit_operator.py
[2025-07-16T19:09:25.296+0000] {logging_mixin.py:188} INFO - [2025-07-16T19:09:25.295+0000] {dag.py:3096} INFO - Sync 1 DAGs
[2025-07-16T19:09:25.330+0000] {logging_mixin.py:188} INFO - [2025-07-16T19:09:25.329+0000] {dag.py:3954} INFO - Setting next_dagrun for example_short_circuit_operator to 2025-07-15 00:00:00+00:00, run_after=2025-07-16 00:00:00+00:00
[2025-07-16T19:09:25.426+0000] {processor.py:183} INFO - Processing /mnt/c/Users/Shivam Gupta/OneDrive/Documents/Shivam_Developement/data_engineering/data_engineering_project/batch-etl-pyspark/.venv/lib/python3.12/site-packages/airflow/example_dags/example_short_circuit_operator.py took 0.238 seconds
[2025-07-16T19:10:53.786+0000] {processor.py:161} INFO - Started process (PID=11501) to work on /mnt/c/Users/Shivam Gupta/OneDrive/Documents/Shivam_Developement/data_engineering/data_engineering_project/batch-etl-pyspark/.venv/lib/python3.12/site-packages/airflow/example_dags/example_short_circuit_operator.py
[2025-07-16T19:10:53.788+0000] {processor.py:830} INFO - Processing file /mnt/c/Users/Shivam Gupta/OneDrive/Documents/Shivam_Developement/data_engineering/data_engineering_project/batch-etl-pyspark/.venv/lib/python3.12/site-packages/airflow/example_dags/example_short_circuit_operator.py for tasks to queue
[2025-07-16T19:10:53.793+0000] {logging_mixin.py:188} INFO - [2025-07-16T19:10:53.791+0000] {dagbag.py:545} INFO - Filling up the DagBag from /mnt/c/Users/Shivam Gupta/OneDrive/Documents/Shivam_Developement/data_engineering/data_engineering_project/batch-etl-pyspark/.venv/lib/python3.12/site-packages/airflow/example_dags/example_short_circuit_operator.py
[2025-07-16T19:10:53.827+0000] {processor.py:840} INFO - DAG(s) 'example_short_circuit_operator' retrieved from /mnt/c/Users/Shivam Gupta/OneDrive/Documents/Shivam_Developement/data_engineering/data_engineering_project/batch-etl-pyspark/.venv/lib/python3.12/site-packages/airflow/example_dags/example_short_circuit_operator.py
[2025-07-16T19:10:53.874+0000] {logging_mixin.py:188} INFO - [2025-07-16T19:10:53.872+0000] {dag.py:3096} INFO - Sync 1 DAGs
[2025-07-16T19:10:53.916+0000] {logging_mixin.py:188} INFO - [2025-07-16T19:10:53.915+0000] {dag.py:3954} INFO - Setting next_dagrun for example_short_circuit_operator to 2025-07-15 00:00:00+00:00, run_after=2025-07-16 00:00:00+00:00
[2025-07-16T19:10:54.009+0000] {processor.py:183} INFO - Processing /mnt/c/Users/Shivam Gupta/OneDrive/Documents/Shivam_Developement/data_engineering/data_engineering_project/batch-etl-pyspark/.venv/lib/python3.12/site-packages/airflow/example_dags/example_short_circuit_operator.py took 0.238 seconds
[2025-07-16T19:12:25.444+0000] {processor.py:161} INFO - Started process (PID=11686) to work on /mnt/c/Users/Shivam Gupta/OneDrive/Documents/Shivam_Developement/data_engineering/data_engineering_project/batch-etl-pyspark/.venv/lib/python3.12/site-packages/airflow/example_dags/example_short_circuit_operator.py
[2025-07-16T19:12:25.445+0000] {processor.py:830} INFO - Processing file /mnt/c/Users/Shivam Gupta/OneDrive/Documents/Shivam_Developement/data_engineering/data_engineering_project/batch-etl-pyspark/.venv/lib/python3.12/site-packages/airflow/example_dags/example_short_circuit_operator.py for tasks to queue
[2025-07-16T19:12:25.447+0000] {logging_mixin.py:188} INFO - [2025-07-16T19:12:25.447+0000] {dagbag.py:545} INFO - Filling up the DagBag from /mnt/c/Users/Shivam Gupta/OneDrive/Documents/Shivam_Developement/data_engineering/data_engineering_project/batch-etl-pyspark/.venv/lib/python3.12/site-packages/airflow/example_dags/example_short_circuit_operator.py
[2025-07-16T19:12:25.464+0000] {processor.py:840} INFO - DAG(s) 'example_short_circuit_operator' retrieved from /mnt/c/Users/Shivam Gupta/OneDrive/Documents/Shivam_Developement/data_engineering/data_engineering_project/batch-etl-pyspark/.venv/lib/python3.12/site-packages/airflow/example_dags/example_short_circuit_operator.py
[2025-07-16T19:12:25.512+0000] {logging_mixin.py:188} INFO - [2025-07-16T19:12:25.511+0000] {dag.py:3096} INFO - Sync 1 DAGs
[2025-07-16T19:12:25.579+0000] {logging_mixin.py:188} INFO - [2025-07-16T19:12:25.577+0000] {dag.py:3954} INFO - Setting next_dagrun for example_short_circuit_operator to 2025-07-15 00:00:00+00:00, run_after=2025-07-16 00:00:00+00:00
[2025-07-16T19:12:25.681+0000] {processor.py:183} INFO - Processing /mnt/c/Users/Shivam Gupta/OneDrive/Documents/Shivam_Developement/data_engineering/data_engineering_project/batch-etl-pyspark/.venv/lib/python3.12/site-packages/airflow/example_dags/example_short_circuit_operator.py took 0.247 seconds
[2025-07-16T19:13:51.263+0000] {processor.py:161} INFO - Started process (PID=11846) to work on /mnt/c/Users/Shivam Gupta/OneDrive/Documents/Shivam_Developement/data_engineering/data_engineering_project/batch-etl-pyspark/.venv/lib/python3.12/site-packages/airflow/example_dags/example_short_circuit_operator.py
[2025-07-16T19:13:51.266+0000] {processor.py:830} INFO - Processing file /mnt/c/Users/Shivam Gupta/OneDrive/Documents/Shivam_Developement/data_engineering/data_engineering_project/batch-etl-pyspark/.venv/lib/python3.12/site-packages/airflow/example_dags/example_short_circuit_operator.py for tasks to queue
[2025-07-16T19:13:51.269+0000] {logging_mixin.py:188} INFO - [2025-07-16T19:13:51.268+0000] {dagbag.py:545} INFO - Filling up the DagBag from /mnt/c/Users/Shivam Gupta/OneDrive/Documents/Shivam_Developement/data_engineering/data_engineering_project/batch-etl-pyspark/.venv/lib/python3.12/site-packages/airflow/example_dags/example_short_circuit_operator.py
[2025-07-16T19:13:51.286+0000] {processor.py:840} INFO - DAG(s) 'example_short_circuit_operator' retrieved from /mnt/c/Users/Shivam Gupta/OneDrive/Documents/Shivam_Developement/data_engineering/data_engineering_project/batch-etl-pyspark/.venv/lib/python3.12/site-packages/airflow/example_dags/example_short_circuit_operator.py
[2025-07-16T19:13:51.319+0000] {logging_mixin.py:188} INFO - [2025-07-16T19:13:51.318+0000] {dag.py:3096} INFO - Sync 1 DAGs
[2025-07-16T19:13:51.353+0000] {logging_mixin.py:188} INFO - [2025-07-16T19:13:51.352+0000] {dag.py:3954} INFO - Setting next_dagrun for example_short_circuit_operator to 2025-07-15 00:00:00+00:00, run_after=2025-07-16 00:00:00+00:00
[2025-07-16T19:13:51.445+0000] {processor.py:183} INFO - Processing /mnt/c/Users/Shivam Gupta/OneDrive/Documents/Shivam_Developement/data_engineering/data_engineering_project/batch-etl-pyspark/.venv/lib/python3.12/site-packages/airflow/example_dags/example_short_circuit_operator.py took 0.196 seconds
[2025-07-16T19:15:25.475+0000] {processor.py:161} INFO - Started process (PID=12036) to work on /mnt/c/Users/Shivam Gupta/OneDrive/Documents/Shivam_Developement/data_engineering/data_engineering_project/batch-etl-pyspark/.venv/lib/python3.12/site-packages/airflow/example_dags/example_short_circuit_operator.py
[2025-07-16T19:15:25.477+0000] {processor.py:830} INFO - Processing file /mnt/c/Users/Shivam Gupta/OneDrive/Documents/Shivam_Developement/data_engineering/data_engineering_project/batch-etl-pyspark/.venv/lib/python3.12/site-packages/airflow/example_dags/example_short_circuit_operator.py for tasks to queue
[2025-07-16T19:15:25.479+0000] {logging_mixin.py:188} INFO - [2025-07-16T19:15:25.479+0000] {dagbag.py:545} INFO - Filling up the DagBag from /mnt/c/Users/Shivam Gupta/OneDrive/Documents/Shivam_Developement/data_engineering/data_engineering_project/batch-etl-pyspark/.venv/lib/python3.12/site-packages/airflow/example_dags/example_short_circuit_operator.py
[2025-07-16T19:15:25.498+0000] {processor.py:840} INFO - DAG(s) 'example_short_circuit_operator' retrieved from /mnt/c/Users/Shivam Gupta/OneDrive/Documents/Shivam_Developement/data_engineering/data_engineering_project/batch-etl-pyspark/.venv/lib/python3.12/site-packages/airflow/example_dags/example_short_circuit_operator.py
[2025-07-16T19:15:25.524+0000] {logging_mixin.py:188} INFO - [2025-07-16T19:15:25.523+0000] {dag.py:3096} INFO - Sync 1 DAGs
[2025-07-16T19:15:25.547+0000] {logging_mixin.py:188} INFO - [2025-07-16T19:15:25.547+0000] {dag.py:3954} INFO - Setting next_dagrun for example_short_circuit_operator to 2025-07-15 00:00:00+00:00, run_after=2025-07-16 00:00:00+00:00
[2025-07-16T19:15:25.603+0000] {processor.py:183} INFO - Processing /mnt/c/Users/Shivam Gupta/OneDrive/Documents/Shivam_Developement/data_engineering/data_engineering_project/batch-etl-pyspark/.venv/lib/python3.12/site-packages/airflow/example_dags/example_short_circuit_operator.py took 0.138 seconds
[2025-07-16T19:16:49.588+0000] {processor.py:161} INFO - Started process (PID=12201) to work on /mnt/c/Users/Shivam Gupta/OneDrive/Documents/Shivam_Developement/data_engineering/data_engineering_project/batch-etl-pyspark/.venv/lib/python3.12/site-packages/airflow/example_dags/example_short_circuit_operator.py
[2025-07-16T19:16:49.590+0000] {processor.py:830} INFO - Processing file /mnt/c/Users/Shivam Gupta/OneDrive/Documents/Shivam_Developement/data_engineering/data_engineering_project/batch-etl-pyspark/.venv/lib/python3.12/site-packages/airflow/example_dags/example_short_circuit_operator.py for tasks to queue
[2025-07-16T19:16:49.594+0000] {logging_mixin.py:188} INFO - [2025-07-16T19:16:49.593+0000] {dagbag.py:545} INFO - Filling up the DagBag from /mnt/c/Users/Shivam Gupta/OneDrive/Documents/Shivam_Developement/data_engineering/data_engineering_project/batch-etl-pyspark/.venv/lib/python3.12/site-packages/airflow/example_dags/example_short_circuit_operator.py
[2025-07-16T19:16:49.616+0000] {processor.py:840} INFO - DAG(s) 'example_short_circuit_operator' retrieved from /mnt/c/Users/Shivam Gupta/OneDrive/Documents/Shivam_Developement/data_engineering/data_engineering_project/batch-etl-pyspark/.venv/lib/python3.12/site-packages/airflow/example_dags/example_short_circuit_operator.py
[2025-07-16T19:16:49.651+0000] {logging_mixin.py:188} INFO - [2025-07-16T19:16:49.650+0000] {dag.py:3096} INFO - Sync 1 DAGs
[2025-07-16T19:16:49.682+0000] {logging_mixin.py:188} INFO - [2025-07-16T19:16:49.681+0000] {dag.py:3954} INFO - Setting next_dagrun for example_short_circuit_operator to 2025-07-15 00:00:00+00:00, run_after=2025-07-16 00:00:00+00:00
[2025-07-16T19:16:49.789+0000] {processor.py:183} INFO - Processing /mnt/c/Users/Shivam Gupta/OneDrive/Documents/Shivam_Developement/data_engineering/data_engineering_project/batch-etl-pyspark/.venv/lib/python3.12/site-packages/airflow/example_dags/example_short_circuit_operator.py took 0.211 seconds
[2025-07-16T19:18:21.551+0000] {processor.py:161} INFO - Started process (PID=12373) to work on /mnt/c/Users/Shivam Gupta/OneDrive/Documents/Shivam_Developement/data_engineering/data_engineering_project/batch-etl-pyspark/.venv/lib/python3.12/site-packages/airflow/example_dags/example_short_circuit_operator.py
[2025-07-16T19:18:21.553+0000] {processor.py:830} INFO - Processing file /mnt/c/Users/Shivam Gupta/OneDrive/Documents/Shivam_Developement/data_engineering/data_engineering_project/batch-etl-pyspark/.venv/lib/python3.12/site-packages/airflow/example_dags/example_short_circuit_operator.py for tasks to queue
[2025-07-16T19:18:21.557+0000] {logging_mixin.py:188} INFO - [2025-07-16T19:18:21.556+0000] {dagbag.py:545} INFO - Filling up the DagBag from /mnt/c/Users/Shivam Gupta/OneDrive/Documents/Shivam_Developement/data_engineering/data_engineering_project/batch-etl-pyspark/.venv/lib/python3.12/site-packages/airflow/example_dags/example_short_circuit_operator.py
[2025-07-16T19:18:21.597+0000] {processor.py:840} INFO - DAG(s) 'example_short_circuit_operator' retrieved from /mnt/c/Users/Shivam Gupta/OneDrive/Documents/Shivam_Developement/data_engineering/data_engineering_project/batch-etl-pyspark/.venv/lib/python3.12/site-packages/airflow/example_dags/example_short_circuit_operator.py
[2025-07-16T19:18:21.671+0000] {logging_mixin.py:188} INFO - [2025-07-16T19:18:21.670+0000] {dag.py:3096} INFO - Sync 1 DAGs
[2025-07-16T19:18:21.714+0000] {logging_mixin.py:188} INFO - [2025-07-16T19:18:21.712+0000] {dag.py:3954} INFO - Setting next_dagrun for example_short_circuit_operator to 2025-07-15 00:00:00+00:00, run_after=2025-07-16 00:00:00+00:00
[2025-07-16T19:18:21.806+0000] {processor.py:183} INFO - Processing /mnt/c/Users/Shivam Gupta/OneDrive/Documents/Shivam_Developement/data_engineering/data_engineering_project/batch-etl-pyspark/.venv/lib/python3.12/site-packages/airflow/example_dags/example_short_circuit_operator.py took 0.269 seconds
[2025-07-16T19:19:41.112+0000] {processor.py:161} INFO - Started process (PID=12515) to work on /mnt/c/Users/Shivam Gupta/OneDrive/Documents/Shivam_Developement/data_engineering/data_engineering_project/batch-etl-pyspark/.venv/lib/python3.12/site-packages/airflow/example_dags/example_short_circuit_operator.py
[2025-07-16T19:19:41.114+0000] {processor.py:830} INFO - Processing file /mnt/c/Users/Shivam Gupta/OneDrive/Documents/Shivam_Developement/data_engineering/data_engineering_project/batch-etl-pyspark/.venv/lib/python3.12/site-packages/airflow/example_dags/example_short_circuit_operator.py for tasks to queue
[2025-07-16T19:19:41.117+0000] {logging_mixin.py:188} INFO - [2025-07-16T19:19:41.116+0000] {dagbag.py:545} INFO - Filling up the DagBag from /mnt/c/Users/Shivam Gupta/OneDrive/Documents/Shivam_Developement/data_engineering/data_engineering_project/batch-etl-pyspark/.venv/lib/python3.12/site-packages/airflow/example_dags/example_short_circuit_operator.py
[2025-07-16T19:19:41.147+0000] {processor.py:840} INFO - DAG(s) 'example_short_circuit_operator' retrieved from /mnt/c/Users/Shivam Gupta/OneDrive/Documents/Shivam_Developement/data_engineering/data_engineering_project/batch-etl-pyspark/.venv/lib/python3.12/site-packages/airflow/example_dags/example_short_circuit_operator.py
[2025-07-16T19:19:41.189+0000] {logging_mixin.py:188} INFO - [2025-07-16T19:19:41.187+0000] {dag.py:3096} INFO - Sync 1 DAGs
[2025-07-16T19:19:41.223+0000] {logging_mixin.py:188} INFO - [2025-07-16T19:19:41.222+0000] {dag.py:3954} INFO - Setting next_dagrun for example_short_circuit_operator to 2025-07-15 00:00:00+00:00, run_after=2025-07-16 00:00:00+00:00
[2025-07-16T19:19:41.310+0000] {processor.py:183} INFO - Processing /mnt/c/Users/Shivam Gupta/OneDrive/Documents/Shivam_Developement/data_engineering/data_engineering_project/batch-etl-pyspark/.venv/lib/python3.12/site-packages/airflow/example_dags/example_short_circuit_operator.py took 0.211 seconds
[2025-07-16T19:21:01.261+0000] {processor.py:161} INFO - Started process (PID=12660) to work on /mnt/c/Users/Shivam Gupta/OneDrive/Documents/Shivam_Developement/data_engineering/data_engineering_project/batch-etl-pyspark/.venv/lib/python3.12/site-packages/airflow/example_dags/example_short_circuit_operator.py
[2025-07-16T19:21:01.265+0000] {processor.py:830} INFO - Processing file /mnt/c/Users/Shivam Gupta/OneDrive/Documents/Shivam_Developement/data_engineering/data_engineering_project/batch-etl-pyspark/.venv/lib/python3.12/site-packages/airflow/example_dags/example_short_circuit_operator.py for tasks to queue
[2025-07-16T19:21:01.271+0000] {logging_mixin.py:188} INFO - [2025-07-16T19:21:01.270+0000] {dagbag.py:545} INFO - Filling up the DagBag from /mnt/c/Users/Shivam Gupta/OneDrive/Documents/Shivam_Developement/data_engineering/data_engineering_project/batch-etl-pyspark/.venv/lib/python3.12/site-packages/airflow/example_dags/example_short_circuit_operator.py
[2025-07-16T19:21:01.313+0000] {processor.py:840} INFO - DAG(s) 'example_short_circuit_operator' retrieved from /mnt/c/Users/Shivam Gupta/OneDrive/Documents/Shivam_Developement/data_engineering/data_engineering_project/batch-etl-pyspark/.venv/lib/python3.12/site-packages/airflow/example_dags/example_short_circuit_operator.py
[2025-07-16T19:21:01.364+0000] {logging_mixin.py:188} INFO - [2025-07-16T19:21:01.362+0000] {dag.py:3096} INFO - Sync 1 DAGs
[2025-07-16T19:21:01.405+0000] {logging_mixin.py:188} INFO - [2025-07-16T19:21:01.404+0000] {dag.py:3954} INFO - Setting next_dagrun for example_short_circuit_operator to 2025-07-15 00:00:00+00:00, run_after=2025-07-16 00:00:00+00:00
[2025-07-16T19:21:01.673+0000] {processor.py:183} INFO - Processing /mnt/c/Users/Shivam Gupta/OneDrive/Documents/Shivam_Developement/data_engineering/data_engineering_project/batch-etl-pyspark/.venv/lib/python3.12/site-packages/airflow/example_dags/example_short_circuit_operator.py took 0.442 seconds
[2025-07-16T19:22:36.727+0000] {processor.py:161} INFO - Started process (PID=12851) to work on /mnt/c/Users/Shivam Gupta/OneDrive/Documents/Shivam_Developement/data_engineering/data_engineering_project/batch-etl-pyspark/.venv/lib/python3.12/site-packages/airflow/example_dags/example_short_circuit_operator.py
[2025-07-16T19:22:36.728+0000] {processor.py:830} INFO - Processing file /mnt/c/Users/Shivam Gupta/OneDrive/Documents/Shivam_Developement/data_engineering/data_engineering_project/batch-etl-pyspark/.venv/lib/python3.12/site-packages/airflow/example_dags/example_short_circuit_operator.py for tasks to queue
[2025-07-16T19:22:36.731+0000] {logging_mixin.py:188} INFO - [2025-07-16T19:22:36.730+0000] {dagbag.py:545} INFO - Filling up the DagBag from /mnt/c/Users/Shivam Gupta/OneDrive/Documents/Shivam_Developement/data_engineering/data_engineering_project/batch-etl-pyspark/.venv/lib/python3.12/site-packages/airflow/example_dags/example_short_circuit_operator.py
[2025-07-16T19:22:36.757+0000] {processor.py:840} INFO - DAG(s) 'example_short_circuit_operator' retrieved from /mnt/c/Users/Shivam Gupta/OneDrive/Documents/Shivam_Developement/data_engineering/data_engineering_project/batch-etl-pyspark/.venv/lib/python3.12/site-packages/airflow/example_dags/example_short_circuit_operator.py
[2025-07-16T19:22:36.784+0000] {logging_mixin.py:188} INFO - [2025-07-16T19:22:36.783+0000] {dag.py:3096} INFO - Sync 1 DAGs
[2025-07-16T19:22:36.809+0000] {logging_mixin.py:188} INFO - [2025-07-16T19:22:36.808+0000] {dag.py:3954} INFO - Setting next_dagrun for example_short_circuit_operator to 2025-07-15 00:00:00+00:00, run_after=2025-07-16 00:00:00+00:00
[2025-07-16T19:22:36.865+0000] {processor.py:183} INFO - Processing /mnt/c/Users/Shivam Gupta/OneDrive/Documents/Shivam_Developement/data_engineering/data_engineering_project/batch-etl-pyspark/.venv/lib/python3.12/site-packages/airflow/example_dags/example_short_circuit_operator.py took 0.146 seconds
[2025-07-16T19:23:58.098+0000] {processor.py:161} INFO - Started process (PID=12976) to work on /mnt/c/Users/Shivam Gupta/OneDrive/Documents/Shivam_Developement/data_engineering/data_engineering_project/batch-etl-pyspark/.venv/lib/python3.12/site-packages/airflow/example_dags/example_short_circuit_operator.py
[2025-07-16T19:23:58.101+0000] {processor.py:830} INFO - Processing file /mnt/c/Users/Shivam Gupta/OneDrive/Documents/Shivam_Developement/data_engineering/data_engineering_project/batch-etl-pyspark/.venv/lib/python3.12/site-packages/airflow/example_dags/example_short_circuit_operator.py for tasks to queue
[2025-07-16T19:23:58.104+0000] {logging_mixin.py:188} INFO - [2025-07-16T19:23:58.103+0000] {dagbag.py:545} INFO - Filling up the DagBag from /mnt/c/Users/Shivam Gupta/OneDrive/Documents/Shivam_Developement/data_engineering/data_engineering_project/batch-etl-pyspark/.venv/lib/python3.12/site-packages/airflow/example_dags/example_short_circuit_operator.py
[2025-07-16T19:23:58.134+0000] {processor.py:840} INFO - DAG(s) 'example_short_circuit_operator' retrieved from /mnt/c/Users/Shivam Gupta/OneDrive/Documents/Shivam_Developement/data_engineering/data_engineering_project/batch-etl-pyspark/.venv/lib/python3.12/site-packages/airflow/example_dags/example_short_circuit_operator.py
[2025-07-16T19:23:58.172+0000] {logging_mixin.py:188} INFO - [2025-07-16T19:23:58.171+0000] {dag.py:3096} INFO - Sync 1 DAGs
[2025-07-16T19:23:58.213+0000] {logging_mixin.py:188} INFO - [2025-07-16T19:23:58.211+0000] {dag.py:3954} INFO - Setting next_dagrun for example_short_circuit_operator to 2025-07-15 00:00:00+00:00, run_after=2025-07-16 00:00:00+00:00
[2025-07-16T19:23:58.298+0000] {processor.py:183} INFO - Processing /mnt/c/Users/Shivam Gupta/OneDrive/Documents/Shivam_Developement/data_engineering/data_engineering_project/batch-etl-pyspark/.venv/lib/python3.12/site-packages/airflow/example_dags/example_short_circuit_operator.py took 0.212 seconds
[2025-07-16T19:25:22.426+0000] {processor.py:161} INFO - Started process (PID=13087) to work on /mnt/c/Users/Shivam Gupta/OneDrive/Documents/Shivam_Developement/data_engineering/data_engineering_project/batch-etl-pyspark/.venv/lib/python3.12/site-packages/airflow/example_dags/example_short_circuit_operator.py
[2025-07-16T19:25:22.429+0000] {processor.py:830} INFO - Processing file /mnt/c/Users/Shivam Gupta/OneDrive/Documents/Shivam_Developement/data_engineering/data_engineering_project/batch-etl-pyspark/.venv/lib/python3.12/site-packages/airflow/example_dags/example_short_circuit_operator.py for tasks to queue
[2025-07-16T19:25:22.432+0000] {logging_mixin.py:188} INFO - [2025-07-16T19:25:22.431+0000] {dagbag.py:545} INFO - Filling up the DagBag from /mnt/c/Users/Shivam Gupta/OneDrive/Documents/Shivam_Developement/data_engineering/data_engineering_project/batch-etl-pyspark/.venv/lib/python3.12/site-packages/airflow/example_dags/example_short_circuit_operator.py
[2025-07-16T19:25:22.462+0000] {processor.py:840} INFO - DAG(s) 'example_short_circuit_operator' retrieved from /mnt/c/Users/Shivam Gupta/OneDrive/Documents/Shivam_Developement/data_engineering/data_engineering_project/batch-etl-pyspark/.venv/lib/python3.12/site-packages/airflow/example_dags/example_short_circuit_operator.py
[2025-07-16T19:25:22.497+0000] {logging_mixin.py:188} INFO - [2025-07-16T19:25:22.496+0000] {dag.py:3096} INFO - Sync 1 DAGs
[2025-07-16T19:25:22.535+0000] {logging_mixin.py:188} INFO - [2025-07-16T19:25:22.533+0000] {dag.py:3954} INFO - Setting next_dagrun for example_short_circuit_operator to 2025-07-15 00:00:00+00:00, run_after=2025-07-16 00:00:00+00:00
[2025-07-16T19:25:22.611+0000] {processor.py:183} INFO - Processing /mnt/c/Users/Shivam Gupta/OneDrive/Documents/Shivam_Developement/data_engineering/data_engineering_project/batch-etl-pyspark/.venv/lib/python3.12/site-packages/airflow/example_dags/example_short_circuit_operator.py took 0.200 seconds
[2025-07-16T19:26:41.262+0000] {processor.py:161} INFO - Started process (PID=13186) to work on /mnt/c/Users/Shivam Gupta/OneDrive/Documents/Shivam_Developement/data_engineering/data_engineering_project/batch-etl-pyspark/.venv/lib/python3.12/site-packages/airflow/example_dags/example_short_circuit_operator.py
[2025-07-16T19:26:41.265+0000] {processor.py:830} INFO - Processing file /mnt/c/Users/Shivam Gupta/OneDrive/Documents/Shivam_Developement/data_engineering/data_engineering_project/batch-etl-pyspark/.venv/lib/python3.12/site-packages/airflow/example_dags/example_short_circuit_operator.py for tasks to queue
[2025-07-16T19:26:41.269+0000] {logging_mixin.py:188} INFO - [2025-07-16T19:26:41.268+0000] {dagbag.py:545} INFO - Filling up the DagBag from /mnt/c/Users/Shivam Gupta/OneDrive/Documents/Shivam_Developement/data_engineering/data_engineering_project/batch-etl-pyspark/.venv/lib/python3.12/site-packages/airflow/example_dags/example_short_circuit_operator.py
[2025-07-16T19:26:41.295+0000] {processor.py:840} INFO - DAG(s) 'example_short_circuit_operator' retrieved from /mnt/c/Users/Shivam Gupta/OneDrive/Documents/Shivam_Developement/data_engineering/data_engineering_project/batch-etl-pyspark/.venv/lib/python3.12/site-packages/airflow/example_dags/example_short_circuit_operator.py
[2025-07-16T19:26:41.336+0000] {logging_mixin.py:188} INFO - [2025-07-16T19:26:41.335+0000] {dag.py:3096} INFO - Sync 1 DAGs
[2025-07-16T19:26:41.456+0000] {logging_mixin.py:188} INFO - [2025-07-16T19:26:41.455+0000] {dag.py:3954} INFO - Setting next_dagrun for example_short_circuit_operator to 2025-07-15 00:00:00+00:00, run_after=2025-07-16 00:00:00+00:00
[2025-07-16T19:26:41.571+0000] {processor.py:183} INFO - Processing /mnt/c/Users/Shivam Gupta/OneDrive/Documents/Shivam_Developement/data_engineering/data_engineering_project/batch-etl-pyspark/.venv/lib/python3.12/site-packages/airflow/example_dags/example_short_circuit_operator.py took 0.323 seconds
[2025-07-16T19:27:58.615+0000] {processor.py:161} INFO - Started process (PID=13275) to work on /mnt/c/Users/Shivam Gupta/OneDrive/Documents/Shivam_Developement/data_engineering/data_engineering_project/batch-etl-pyspark/.venv/lib/python3.12/site-packages/airflow/example_dags/example_short_circuit_operator.py
[2025-07-16T19:27:58.618+0000] {processor.py:830} INFO - Processing file /mnt/c/Users/Shivam Gupta/OneDrive/Documents/Shivam_Developement/data_engineering/data_engineering_project/batch-etl-pyspark/.venv/lib/python3.12/site-packages/airflow/example_dags/example_short_circuit_operator.py for tasks to queue
[2025-07-16T19:27:58.621+0000] {logging_mixin.py:188} INFO - [2025-07-16T19:27:58.620+0000] {dagbag.py:545} INFO - Filling up the DagBag from /mnt/c/Users/Shivam Gupta/OneDrive/Documents/Shivam_Developement/data_engineering/data_engineering_project/batch-etl-pyspark/.venv/lib/python3.12/site-packages/airflow/example_dags/example_short_circuit_operator.py
[2025-07-16T19:27:58.640+0000] {processor.py:840} INFO - DAG(s) 'example_short_circuit_operator' retrieved from /mnt/c/Users/Shivam Gupta/OneDrive/Documents/Shivam_Developement/data_engineering/data_engineering_project/batch-etl-pyspark/.venv/lib/python3.12/site-packages/airflow/example_dags/example_short_circuit_operator.py
[2025-07-16T19:27:58.666+0000] {logging_mixin.py:188} INFO - [2025-07-16T19:27:58.665+0000] {dag.py:3096} INFO - Sync 1 DAGs
[2025-07-16T19:27:58.698+0000] {logging_mixin.py:188} INFO - [2025-07-16T19:27:58.698+0000] {dag.py:3954} INFO - Setting next_dagrun for example_short_circuit_operator to 2025-07-15 00:00:00+00:00, run_after=2025-07-16 00:00:00+00:00
[2025-07-16T19:27:58.754+0000] {processor.py:183} INFO - Processing /mnt/c/Users/Shivam Gupta/OneDrive/Documents/Shivam_Developement/data_engineering/data_engineering_project/batch-etl-pyspark/.venv/lib/python3.12/site-packages/airflow/example_dags/example_short_circuit_operator.py took 0.154 seconds
[2025-07-16T19:29:12.402+0000] {processor.py:161} INFO - Started process (PID=13399) to work on /mnt/c/Users/Shivam Gupta/OneDrive/Documents/Shivam_Developement/data_engineering/data_engineering_project/batch-etl-pyspark/.venv/lib/python3.12/site-packages/airflow/example_dags/example_short_circuit_operator.py
[2025-07-16T19:29:12.405+0000] {processor.py:830} INFO - Processing file /mnt/c/Users/Shivam Gupta/OneDrive/Documents/Shivam_Developement/data_engineering/data_engineering_project/batch-etl-pyspark/.venv/lib/python3.12/site-packages/airflow/example_dags/example_short_circuit_operator.py for tasks to queue
[2025-07-16T19:29:12.409+0000] {logging_mixin.py:188} INFO - [2025-07-16T19:29:12.407+0000] {dagbag.py:545} INFO - Filling up the DagBag from /mnt/c/Users/Shivam Gupta/OneDrive/Documents/Shivam_Developement/data_engineering/data_engineering_project/batch-etl-pyspark/.venv/lib/python3.12/site-packages/airflow/example_dags/example_short_circuit_operator.py
[2025-07-16T19:29:12.451+0000] {processor.py:840} INFO - DAG(s) 'example_short_circuit_operator' retrieved from /mnt/c/Users/Shivam Gupta/OneDrive/Documents/Shivam_Developement/data_engineering/data_engineering_project/batch-etl-pyspark/.venv/lib/python3.12/site-packages/airflow/example_dags/example_short_circuit_operator.py
[2025-07-16T19:29:12.501+0000] {logging_mixin.py:188} INFO - [2025-07-16T19:29:12.499+0000] {dag.py:3096} INFO - Sync 1 DAGs
[2025-07-16T19:29:12.546+0000] {logging_mixin.py:188} INFO - [2025-07-16T19:29:12.544+0000] {dag.py:3954} INFO - Setting next_dagrun for example_short_circuit_operator to 2025-07-15 00:00:00+00:00, run_after=2025-07-16 00:00:00+00:00
[2025-07-16T19:29:12.643+0000] {processor.py:183} INFO - Processing /mnt/c/Users/Shivam Gupta/OneDrive/Documents/Shivam_Developement/data_engineering/data_engineering_project/batch-etl-pyspark/.venv/lib/python3.12/site-packages/airflow/example_dags/example_short_circuit_operator.py took 0.256 seconds
[2025-07-16T19:30:27.343+0000] {processor.py:161} INFO - Started process (PID=13486) to work on /mnt/c/Users/Shivam Gupta/OneDrive/Documents/Shivam_Developement/data_engineering/data_engineering_project/batch-etl-pyspark/.venv/lib/python3.12/site-packages/airflow/example_dags/example_short_circuit_operator.py
[2025-07-16T19:30:27.345+0000] {processor.py:830} INFO - Processing file /mnt/c/Users/Shivam Gupta/OneDrive/Documents/Shivam_Developement/data_engineering/data_engineering_project/batch-etl-pyspark/.venv/lib/python3.12/site-packages/airflow/example_dags/example_short_circuit_operator.py for tasks to queue
[2025-07-16T19:30:27.347+0000] {logging_mixin.py:188} INFO - [2025-07-16T19:30:27.346+0000] {dagbag.py:545} INFO - Filling up the DagBag from /mnt/c/Users/Shivam Gupta/OneDrive/Documents/Shivam_Developement/data_engineering/data_engineering_project/batch-etl-pyspark/.venv/lib/python3.12/site-packages/airflow/example_dags/example_short_circuit_operator.py
[2025-07-16T19:30:27.360+0000] {processor.py:840} INFO - DAG(s) 'example_short_circuit_operator' retrieved from /mnt/c/Users/Shivam Gupta/OneDrive/Documents/Shivam_Developement/data_engineering/data_engineering_project/batch-etl-pyspark/.venv/lib/python3.12/site-packages/airflow/example_dags/example_short_circuit_operator.py
[2025-07-16T19:30:27.383+0000] {logging_mixin.py:188} INFO - [2025-07-16T19:30:27.382+0000] {dag.py:3096} INFO - Sync 1 DAGs
[2025-07-16T19:30:27.411+0000] {logging_mixin.py:188} INFO - [2025-07-16T19:30:27.409+0000] {dag.py:3954} INFO - Setting next_dagrun for example_short_circuit_operator to 2025-07-15 00:00:00+00:00, run_after=2025-07-16 00:00:00+00:00
[2025-07-16T19:30:27.517+0000] {processor.py:183} INFO - Processing /mnt/c/Users/Shivam Gupta/OneDrive/Documents/Shivam_Developement/data_engineering/data_engineering_project/batch-etl-pyspark/.venv/lib/python3.12/site-packages/airflow/example_dags/example_short_circuit_operator.py took 0.182 seconds
[2025-07-16T19:31:43.511+0000] {processor.py:161} INFO - Started process (PID=13629) to work on /mnt/c/Users/Shivam Gupta/OneDrive/Documents/Shivam_Developement/data_engineering/data_engineering_project/batch-etl-pyspark/.venv/lib/python3.12/site-packages/airflow/example_dags/example_short_circuit_operator.py
[2025-07-16T19:31:43.512+0000] {processor.py:830} INFO - Processing file /mnt/c/Users/Shivam Gupta/OneDrive/Documents/Shivam_Developement/data_engineering/data_engineering_project/batch-etl-pyspark/.venv/lib/python3.12/site-packages/airflow/example_dags/example_short_circuit_operator.py for tasks to queue
[2025-07-16T19:31:43.515+0000] {logging_mixin.py:188} INFO - [2025-07-16T19:31:43.514+0000] {dagbag.py:545} INFO - Filling up the DagBag from /mnt/c/Users/Shivam Gupta/OneDrive/Documents/Shivam_Developement/data_engineering/data_engineering_project/batch-etl-pyspark/.venv/lib/python3.12/site-packages/airflow/example_dags/example_short_circuit_operator.py
[2025-07-16T19:31:43.530+0000] {processor.py:840} INFO - DAG(s) 'example_short_circuit_operator' retrieved from /mnt/c/Users/Shivam Gupta/OneDrive/Documents/Shivam_Developement/data_engineering/data_engineering_project/batch-etl-pyspark/.venv/lib/python3.12/site-packages/airflow/example_dags/example_short_circuit_operator.py
[2025-07-16T19:31:43.553+0000] {logging_mixin.py:188} INFO - [2025-07-16T19:31:43.553+0000] {dag.py:3096} INFO - Sync 1 DAGs
[2025-07-16T19:31:43.576+0000] {logging_mixin.py:188} INFO - [2025-07-16T19:31:43.576+0000] {dag.py:3954} INFO - Setting next_dagrun for example_short_circuit_operator to 2025-07-15 00:00:00+00:00, run_after=2025-07-16 00:00:00+00:00
[2025-07-16T19:31:43.655+0000] {processor.py:183} INFO - Processing /mnt/c/Users/Shivam Gupta/OneDrive/Documents/Shivam_Developement/data_engineering/data_engineering_project/batch-etl-pyspark/.venv/lib/python3.12/site-packages/airflow/example_dags/example_short_circuit_operator.py took 0.153 seconds
[2025-07-16T19:32:48.671+0000] {processor.py:161} INFO - Started process (PID=13769) to work on /mnt/c/Users/Shivam Gupta/OneDrive/Documents/Shivam_Developement/data_engineering/data_engineering_project/batch-etl-pyspark/.venv/lib/python3.12/site-packages/airflow/example_dags/example_short_circuit_operator.py
[2025-07-16T19:32:48.673+0000] {processor.py:830} INFO - Processing file /mnt/c/Users/Shivam Gupta/OneDrive/Documents/Shivam_Developement/data_engineering/data_engineering_project/batch-etl-pyspark/.venv/lib/python3.12/site-packages/airflow/example_dags/example_short_circuit_operator.py for tasks to queue
[2025-07-16T19:32:48.676+0000] {logging_mixin.py:188} INFO - [2025-07-16T19:32:48.675+0000] {dagbag.py:545} INFO - Filling up the DagBag from /mnt/c/Users/Shivam Gupta/OneDrive/Documents/Shivam_Developement/data_engineering/data_engineering_project/batch-etl-pyspark/.venv/lib/python3.12/site-packages/airflow/example_dags/example_short_circuit_operator.py
[2025-07-16T19:32:48.693+0000] {processor.py:840} INFO - DAG(s) 'example_short_circuit_operator' retrieved from /mnt/c/Users/Shivam Gupta/OneDrive/Documents/Shivam_Developement/data_engineering/data_engineering_project/batch-etl-pyspark/.venv/lib/python3.12/site-packages/airflow/example_dags/example_short_circuit_operator.py
[2025-07-16T19:32:48.757+0000] {logging_mixin.py:188} INFO - [2025-07-16T19:32:48.753+0000] {dag.py:3096} INFO - Sync 1 DAGs
[2025-07-16T19:32:48.835+0000] {logging_mixin.py:188} INFO - [2025-07-16T19:32:48.831+0000] {dag.py:3954} INFO - Setting next_dagrun for example_short_circuit_operator to 2025-07-15 00:00:00+00:00, run_after=2025-07-16 00:00:00+00:00
[2025-07-16T19:32:48.953+0000] {processor.py:183} INFO - Processing /mnt/c/Users/Shivam Gupta/OneDrive/Documents/Shivam_Developement/data_engineering/data_engineering_project/batch-etl-pyspark/.venv/lib/python3.12/site-packages/airflow/example_dags/example_short_circuit_operator.py took 0.291 seconds
[2025-07-16T19:34:03.375+0000] {processor.py:161} INFO - Started process (PID=13913) to work on /mnt/c/Users/Shivam Gupta/OneDrive/Documents/Shivam_Developement/data_engineering/data_engineering_project/batch-etl-pyspark/.venv/lib/python3.12/site-packages/airflow/example_dags/example_short_circuit_operator.py
[2025-07-16T19:34:03.377+0000] {processor.py:830} INFO - Processing file /mnt/c/Users/Shivam Gupta/OneDrive/Documents/Shivam_Developement/data_engineering/data_engineering_project/batch-etl-pyspark/.venv/lib/python3.12/site-packages/airflow/example_dags/example_short_circuit_operator.py for tasks to queue
[2025-07-16T19:34:03.381+0000] {logging_mixin.py:188} INFO - [2025-07-16T19:34:03.380+0000] {dagbag.py:545} INFO - Filling up the DagBag from /mnt/c/Users/Shivam Gupta/OneDrive/Documents/Shivam_Developement/data_engineering/data_engineering_project/batch-etl-pyspark/.venv/lib/python3.12/site-packages/airflow/example_dags/example_short_circuit_operator.py
[2025-07-16T19:34:03.406+0000] {processor.py:840} INFO - DAG(s) 'example_short_circuit_operator' retrieved from /mnt/c/Users/Shivam Gupta/OneDrive/Documents/Shivam_Developement/data_engineering/data_engineering_project/batch-etl-pyspark/.venv/lib/python3.12/site-packages/airflow/example_dags/example_short_circuit_operator.py
[2025-07-16T19:34:03.433+0000] {logging_mixin.py:188} INFO - [2025-07-16T19:34:03.432+0000] {dag.py:3096} INFO - Sync 1 DAGs
[2025-07-16T19:34:03.458+0000] {logging_mixin.py:188} INFO - [2025-07-16T19:34:03.457+0000] {dag.py:3954} INFO - Setting next_dagrun for example_short_circuit_operator to 2025-07-15 00:00:00+00:00, run_after=2025-07-16 00:00:00+00:00
[2025-07-16T19:34:03.514+0000] {processor.py:183} INFO - Processing /mnt/c/Users/Shivam Gupta/OneDrive/Documents/Shivam_Developement/data_engineering/data_engineering_project/batch-etl-pyspark/.venv/lib/python3.12/site-packages/airflow/example_dags/example_short_circuit_operator.py took 0.153 seconds
[2025-07-16T19:35:15.587+0000] {processor.py:161} INFO - Started process (PID=14000) to work on /mnt/c/Users/Shivam Gupta/OneDrive/Documents/Shivam_Developement/data_engineering/data_engineering_project/batch-etl-pyspark/.venv/lib/python3.12/site-packages/airflow/example_dags/example_short_circuit_operator.py
[2025-07-16T19:35:15.589+0000] {processor.py:830} INFO - Processing file /mnt/c/Users/Shivam Gupta/OneDrive/Documents/Shivam_Developement/data_engineering/data_engineering_project/batch-etl-pyspark/.venv/lib/python3.12/site-packages/airflow/example_dags/example_short_circuit_operator.py for tasks to queue
[2025-07-16T19:35:15.592+0000] {logging_mixin.py:188} INFO - [2025-07-16T19:35:15.591+0000] {dagbag.py:545} INFO - Filling up the DagBag from /mnt/c/Users/Shivam Gupta/OneDrive/Documents/Shivam_Developement/data_engineering/data_engineering_project/batch-etl-pyspark/.venv/lib/python3.12/site-packages/airflow/example_dags/example_short_circuit_operator.py
[2025-07-16T19:35:15.611+0000] {processor.py:840} INFO - DAG(s) 'example_short_circuit_operator' retrieved from /mnt/c/Users/Shivam Gupta/OneDrive/Documents/Shivam_Developement/data_engineering/data_engineering_project/batch-etl-pyspark/.venv/lib/python3.12/site-packages/airflow/example_dags/example_short_circuit_operator.py
[2025-07-16T19:35:15.641+0000] {logging_mixin.py:188} INFO - [2025-07-16T19:35:15.640+0000] {dag.py:3096} INFO - Sync 1 DAGs
[2025-07-16T19:35:15.666+0000] {logging_mixin.py:188} INFO - [2025-07-16T19:35:15.665+0000] {dag.py:3954} INFO - Setting next_dagrun for example_short_circuit_operator to 2025-07-15 00:00:00+00:00, run_after=2025-07-16 00:00:00+00:00
[2025-07-16T19:35:15.723+0000] {processor.py:183} INFO - Processing /mnt/c/Users/Shivam Gupta/OneDrive/Documents/Shivam_Developement/data_engineering/data_engineering_project/batch-etl-pyspark/.venv/lib/python3.12/site-packages/airflow/example_dags/example_short_circuit_operator.py took 0.148 seconds
[2025-07-16T19:36:29.594+0000] {processor.py:161} INFO - Started process (PID=14209) to work on /mnt/c/Users/Shivam Gupta/OneDrive/Documents/Shivam_Developement/data_engineering/data_engineering_project/batch-etl-pyspark/.venv/lib/python3.12/site-packages/airflow/example_dags/example_short_circuit_operator.py
[2025-07-16T19:36:29.596+0000] {processor.py:830} INFO - Processing file /mnt/c/Users/Shivam Gupta/OneDrive/Documents/Shivam_Developement/data_engineering/data_engineering_project/batch-etl-pyspark/.venv/lib/python3.12/site-packages/airflow/example_dags/example_short_circuit_operator.py for tasks to queue
[2025-07-16T19:36:29.599+0000] {logging_mixin.py:188} INFO - [2025-07-16T19:36:29.598+0000] {dagbag.py:545} INFO - Filling up the DagBag from /mnt/c/Users/Shivam Gupta/OneDrive/Documents/Shivam_Developement/data_engineering/data_engineering_project/batch-etl-pyspark/.venv/lib/python3.12/site-packages/airflow/example_dags/example_short_circuit_operator.py
[2025-07-16T19:36:29.619+0000] {processor.py:840} INFO - DAG(s) 'example_short_circuit_operator' retrieved from /mnt/c/Users/Shivam Gupta/OneDrive/Documents/Shivam_Developement/data_engineering/data_engineering_project/batch-etl-pyspark/.venv/lib/python3.12/site-packages/airflow/example_dags/example_short_circuit_operator.py
[2025-07-16T19:36:29.649+0000] {logging_mixin.py:188} INFO - [2025-07-16T19:36:29.648+0000] {dag.py:3096} INFO - Sync 1 DAGs
[2025-07-16T19:36:29.684+0000] {logging_mixin.py:188} INFO - [2025-07-16T19:36:29.683+0000] {dag.py:3954} INFO - Setting next_dagrun for example_short_circuit_operator to 2025-07-15 00:00:00+00:00, run_after=2025-07-16 00:00:00+00:00
[2025-07-16T19:36:29.762+0000] {processor.py:183} INFO - Processing /mnt/c/Users/Shivam Gupta/OneDrive/Documents/Shivam_Developement/data_engineering/data_engineering_project/batch-etl-pyspark/.venv/lib/python3.12/site-packages/airflow/example_dags/example_short_circuit_operator.py took 0.178 seconds
[2025-07-16T19:49:07.229+0000] {processor.py:161} INFO - Started process (PID=15079) to work on /mnt/c/Users/Shivam Gupta/OneDrive/Documents/Shivam_Developement/data_engineering/data_engineering_project/batch-etl-pyspark/.venv/lib/python3.12/site-packages/airflow/example_dags/example_short_circuit_operator.py
[2025-07-16T19:49:07.233+0000] {processor.py:830} INFO - Processing file /mnt/c/Users/Shivam Gupta/OneDrive/Documents/Shivam_Developement/data_engineering/data_engineering_project/batch-etl-pyspark/.venv/lib/python3.12/site-packages/airflow/example_dags/example_short_circuit_operator.py for tasks to queue
[2025-07-16T19:49:07.238+0000] {logging_mixin.py:188} INFO - [2025-07-16T19:49:07.236+0000] {dagbag.py:545} INFO - Filling up the DagBag from /mnt/c/Users/Shivam Gupta/OneDrive/Documents/Shivam_Developement/data_engineering/data_engineering_project/batch-etl-pyspark/.venv/lib/python3.12/site-packages/airflow/example_dags/example_short_circuit_operator.py
[2025-07-16T19:49:07.269+0000] {processor.py:840} INFO - DAG(s) 'example_short_circuit_operator' retrieved from /mnt/c/Users/Shivam Gupta/OneDrive/Documents/Shivam_Developement/data_engineering/data_engineering_project/batch-etl-pyspark/.venv/lib/python3.12/site-packages/airflow/example_dags/example_short_circuit_operator.py
[2025-07-16T19:49:07.317+0000] {logging_mixin.py:188} INFO - [2025-07-16T19:49:07.315+0000] {dag.py:3096} INFO - Sync 1 DAGs
[2025-07-16T19:49:07.359+0000] {logging_mixin.py:188} INFO - [2025-07-16T19:49:07.358+0000] {dag.py:3954} INFO - Setting next_dagrun for example_short_circuit_operator to 2025-07-15 00:00:00+00:00, run_after=2025-07-16 00:00:00+00:00
[2025-07-16T19:49:07.454+0000] {processor.py:183} INFO - Processing /mnt/c/Users/Shivam Gupta/OneDrive/Documents/Shivam_Developement/data_engineering/data_engineering_project/batch-etl-pyspark/.venv/lib/python3.12/site-packages/airflow/example_dags/example_short_circuit_operator.py took 0.243 seconds
[2025-07-16T19:50:22.436+0000] {processor.py:161} INFO - Started process (PID=15182) to work on /mnt/c/Users/Shivam Gupta/OneDrive/Documents/Shivam_Developement/data_engineering/data_engineering_project/batch-etl-pyspark/.venv/lib/python3.12/site-packages/airflow/example_dags/example_short_circuit_operator.py
[2025-07-16T19:50:22.438+0000] {processor.py:830} INFO - Processing file /mnt/c/Users/Shivam Gupta/OneDrive/Documents/Shivam_Developement/data_engineering/data_engineering_project/batch-etl-pyspark/.venv/lib/python3.12/site-packages/airflow/example_dags/example_short_circuit_operator.py for tasks to queue
[2025-07-16T19:50:22.441+0000] {logging_mixin.py:188} INFO - [2025-07-16T19:50:22.440+0000] {dagbag.py:545} INFO - Filling up the DagBag from /mnt/c/Users/Shivam Gupta/OneDrive/Documents/Shivam_Developement/data_engineering/data_engineering_project/batch-etl-pyspark/.venv/lib/python3.12/site-packages/airflow/example_dags/example_short_circuit_operator.py
[2025-07-16T19:50:22.455+0000] {processor.py:840} INFO - DAG(s) 'example_short_circuit_operator' retrieved from /mnt/c/Users/Shivam Gupta/OneDrive/Documents/Shivam_Developement/data_engineering/data_engineering_project/batch-etl-pyspark/.venv/lib/python3.12/site-packages/airflow/example_dags/example_short_circuit_operator.py
[2025-07-16T19:50:22.495+0000] {logging_mixin.py:188} INFO - [2025-07-16T19:50:22.493+0000] {dag.py:3096} INFO - Sync 1 DAGs
[2025-07-16T19:50:22.521+0000] {logging_mixin.py:188} INFO - [2025-07-16T19:50:22.520+0000] {dag.py:3954} INFO - Setting next_dagrun for example_short_circuit_operator to 2025-07-15 00:00:00+00:00, run_after=2025-07-16 00:00:00+00:00
[2025-07-16T19:50:22.576+0000] {processor.py:183} INFO - Processing /mnt/c/Users/Shivam Gupta/OneDrive/Documents/Shivam_Developement/data_engineering/data_engineering_project/batch-etl-pyspark/.venv/lib/python3.12/site-packages/airflow/example_dags/example_short_circuit_operator.py took 0.147 seconds
[2025-07-16T19:51:47.242+0000] {processor.py:161} INFO - Started process (PID=15272) to work on /mnt/c/Users/Shivam Gupta/OneDrive/Documents/Shivam_Developement/data_engineering/data_engineering_project/batch-etl-pyspark/.venv/lib/python3.12/site-packages/airflow/example_dags/example_short_circuit_operator.py
[2025-07-16T19:51:47.244+0000] {processor.py:830} INFO - Processing file /mnt/c/Users/Shivam Gupta/OneDrive/Documents/Shivam_Developement/data_engineering/data_engineering_project/batch-etl-pyspark/.venv/lib/python3.12/site-packages/airflow/example_dags/example_short_circuit_operator.py for tasks to queue
[2025-07-16T19:51:47.247+0000] {logging_mixin.py:188} INFO - [2025-07-16T19:51:47.246+0000] {dagbag.py:545} INFO - Filling up the DagBag from /mnt/c/Users/Shivam Gupta/OneDrive/Documents/Shivam_Developement/data_engineering/data_engineering_project/batch-etl-pyspark/.venv/lib/python3.12/site-packages/airflow/example_dags/example_short_circuit_operator.py
[2025-07-16T19:51:47.270+0000] {processor.py:840} INFO - DAG(s) 'example_short_circuit_operator' retrieved from /mnt/c/Users/Shivam Gupta/OneDrive/Documents/Shivam_Developement/data_engineering/data_engineering_project/batch-etl-pyspark/.venv/lib/python3.12/site-packages/airflow/example_dags/example_short_circuit_operator.py
[2025-07-16T19:51:47.301+0000] {logging_mixin.py:188} INFO - [2025-07-16T19:51:47.300+0000] {dag.py:3096} INFO - Sync 1 DAGs
[2025-07-16T19:51:47.327+0000] {logging_mixin.py:188} INFO - [2025-07-16T19:51:47.326+0000] {dag.py:3954} INFO - Setting next_dagrun for example_short_circuit_operator to 2025-07-15 00:00:00+00:00, run_after=2025-07-16 00:00:00+00:00
[2025-07-16T19:51:47.383+0000] {processor.py:183} INFO - Processing /mnt/c/Users/Shivam Gupta/OneDrive/Documents/Shivam_Developement/data_engineering/data_engineering_project/batch-etl-pyspark/.venv/lib/python3.12/site-packages/airflow/example_dags/example_short_circuit_operator.py took 0.151 seconds
[2025-07-16T19:53:21.449+0000] {processor.py:161} INFO - Started process (PID=15432) to work on /mnt/c/Users/Shivam Gupta/OneDrive/Documents/Shivam_Developement/data_engineering/data_engineering_project/batch-etl-pyspark/.venv/lib/python3.12/site-packages/airflow/example_dags/example_short_circuit_operator.py
[2025-07-16T19:53:21.451+0000] {processor.py:830} INFO - Processing file /mnt/c/Users/Shivam Gupta/OneDrive/Documents/Shivam_Developement/data_engineering/data_engineering_project/batch-etl-pyspark/.venv/lib/python3.12/site-packages/airflow/example_dags/example_short_circuit_operator.py for tasks to queue
[2025-07-16T19:53:21.457+0000] {logging_mixin.py:188} INFO - [2025-07-16T19:53:21.455+0000] {dagbag.py:545} INFO - Filling up the DagBag from /mnt/c/Users/Shivam Gupta/OneDrive/Documents/Shivam_Developement/data_engineering/data_engineering_project/batch-etl-pyspark/.venv/lib/python3.12/site-packages/airflow/example_dags/example_short_circuit_operator.py
[2025-07-16T19:53:21.489+0000] {processor.py:840} INFO - DAG(s) 'example_short_circuit_operator' retrieved from /mnt/c/Users/Shivam Gupta/OneDrive/Documents/Shivam_Developement/data_engineering/data_engineering_project/batch-etl-pyspark/.venv/lib/python3.12/site-packages/airflow/example_dags/example_short_circuit_operator.py
[2025-07-16T19:53:21.531+0000] {logging_mixin.py:188} INFO - [2025-07-16T19:53:21.530+0000] {dag.py:3096} INFO - Sync 1 DAGs
[2025-07-16T19:53:21.565+0000] {logging_mixin.py:188} INFO - [2025-07-16T19:53:21.564+0000] {dag.py:3954} INFO - Setting next_dagrun for example_short_circuit_operator to 2025-07-15 00:00:00+00:00, run_after=2025-07-16 00:00:00+00:00
[2025-07-16T19:53:21.644+0000] {processor.py:183} INFO - Processing /mnt/c/Users/Shivam Gupta/OneDrive/Documents/Shivam_Developement/data_engineering/data_engineering_project/batch-etl-pyspark/.venv/lib/python3.12/site-packages/airflow/example_dags/example_short_circuit_operator.py took 0.213 seconds
