[2025-07-16T17:47:00.487+0000] {processor.py:161} INFO - Started process (PID=5758) to work on /mnt/c/Users/Shivam Gupta/OneDrive/Documents/Shivam_Developement/data_engineering/data_engineering_project/batch-etl-pyspark/.venv/lib/python3.12/site-packages/airflow/example_dags/example_setup_teardown.py
[2025-07-16T17:47:00.490+0000] {processor.py:830} INFO - Processing file /mnt/c/Users/Shivam Gupta/OneDrive/Documents/Shivam_Developement/data_engineering/data_engineering_project/batch-etl-pyspark/.venv/lib/python3.12/site-packages/airflow/example_dags/example_setup_teardown.py for tasks to queue
[2025-07-16T17:47:00.494+0000] {logging_mixin.py:188} INFO - [2025-07-16T17:47:00.492+0000] {dagbag.py:545} INFO - Filling up the DagBag from /mnt/c/Users/Shivam Gupta/OneDrive/Documents/Shivam_Developement/data_engineering/data_engineering_project/batch-etl-pyspark/.venv/lib/python3.12/site-packages/airflow/example_dags/example_setup_teardown.py
[2025-07-16T17:47:00.527+0000] {processor.py:840} INFO - DAG(s) 'example_setup_teardown' retrieved from /mnt/c/Users/Shivam Gupta/OneDrive/Documents/Shivam_Developement/data_engineering/data_engineering_project/batch-etl-pyspark/.venv/lib/python3.12/site-packages/airflow/example_dags/example_setup_teardown.py
[2025-07-16T17:47:02.271+0000] {logging_mixin.py:188} INFO - [2025-07-16T17:47:02.267+0000] {override.py:1930} INFO - Created Permission View: can read on DAG:example_setup_teardown
[2025-07-16T17:47:02.326+0000] {logging_mixin.py:188} INFO - [2025-07-16T17:47:02.325+0000] {override.py:1930} INFO - Created Permission View: can edit on DAG:example_setup_teardown
[2025-07-16T17:47:02.379+0000] {logging_mixin.py:188} INFO - [2025-07-16T17:47:02.377+0000] {override.py:1930} INFO - Created Permission View: can delete on DAG:example_setup_teardown
[2025-07-16T17:47:02.383+0000] {logging_mixin.py:188} INFO - [2025-07-16T17:47:02.381+0000] {dag.py:3096} INFO - Sync 1 DAGs
[2025-07-16T17:47:02.416+0000] {logging_mixin.py:188} INFO - [2025-07-16T17:47:02.414+0000] {dag.py:3118} INFO - Creating ORM DAG for example_setup_teardown
[2025-07-16T17:47:02.444+0000] {logging_mixin.py:188} INFO - [2025-07-16T17:47:02.443+0000] {dag.py:3954} INFO - Setting next_dagrun for example_setup_teardown to 2025-07-15 00:00:00+00:00, run_after=2025-07-16 00:00:00+00:00
[2025-07-16T17:47:02.551+0000] {processor.py:183} INFO - Processing /mnt/c/Users/Shivam Gupta/OneDrive/Documents/Shivam_Developement/data_engineering/data_engineering_project/batch-etl-pyspark/.venv/lib/python3.12/site-packages/airflow/example_dags/example_setup_teardown.py took 2.082 seconds
[2025-07-16T17:48:53.290+0000] {processor.py:161} INFO - Started process (PID=5834) to work on /mnt/c/Users/Shivam Gupta/OneDrive/Documents/Shivam_Developement/data_engineering/data_engineering_project/batch-etl-pyspark/.venv/lib/python3.12/site-packages/airflow/example_dags/example_setup_teardown.py
[2025-07-16T17:48:53.293+0000] {processor.py:830} INFO - Processing file /mnt/c/Users/Shivam Gupta/OneDrive/Documents/Shivam_Developement/data_engineering/data_engineering_project/batch-etl-pyspark/.venv/lib/python3.12/site-packages/airflow/example_dags/example_setup_teardown.py for tasks to queue
[2025-07-16T17:48:53.296+0000] {logging_mixin.py:188} INFO - [2025-07-16T17:48:53.295+0000] {dagbag.py:545} INFO - Filling up the DagBag from /mnt/c/Users/Shivam Gupta/OneDrive/Documents/Shivam_Developement/data_engineering/data_engineering_project/batch-etl-pyspark/.venv/lib/python3.12/site-packages/airflow/example_dags/example_setup_teardown.py
[2025-07-16T17:48:53.337+0000] {processor.py:840} INFO - DAG(s) 'example_setup_teardown' retrieved from /mnt/c/Users/Shivam Gupta/OneDrive/Documents/Shivam_Developement/data_engineering/data_engineering_project/batch-etl-pyspark/.venv/lib/python3.12/site-packages/airflow/example_dags/example_setup_teardown.py
[2025-07-16T17:48:53.378+0000] {logging_mixin.py:188} INFO - [2025-07-16T17:48:53.377+0000] {dag.py:3096} INFO - Sync 1 DAGs
[2025-07-16T17:48:53.414+0000] {logging_mixin.py:188} INFO - [2025-07-16T17:48:53.413+0000] {dag.py:3954} INFO - Setting next_dagrun for example_setup_teardown to 2025-07-15 00:00:00+00:00, run_after=2025-07-16 00:00:00+00:00
[2025-07-16T17:48:53.539+0000] {processor.py:183} INFO - Processing /mnt/c/Users/Shivam Gupta/OneDrive/Documents/Shivam_Developement/data_engineering/data_engineering_project/batch-etl-pyspark/.venv/lib/python3.12/site-packages/airflow/example_dags/example_setup_teardown.py took 0.262 seconds
[2025-07-16T17:50:26.477+0000] {processor.py:161} INFO - Started process (PID=5930) to work on /mnt/c/Users/Shivam Gupta/OneDrive/Documents/Shivam_Developement/data_engineering/data_engineering_project/batch-etl-pyspark/.venv/lib/python3.12/site-packages/airflow/example_dags/example_setup_teardown.py
[2025-07-16T17:50:26.480+0000] {processor.py:830} INFO - Processing file /mnt/c/Users/Shivam Gupta/OneDrive/Documents/Shivam_Developement/data_engineering/data_engineering_project/batch-etl-pyspark/.venv/lib/python3.12/site-packages/airflow/example_dags/example_setup_teardown.py for tasks to queue
[2025-07-16T17:50:26.486+0000] {logging_mixin.py:188} INFO - [2025-07-16T17:50:26.483+0000] {dagbag.py:545} INFO - Filling up the DagBag from /mnt/c/Users/Shivam Gupta/OneDrive/Documents/Shivam_Developement/data_engineering/data_engineering_project/batch-etl-pyspark/.venv/lib/python3.12/site-packages/airflow/example_dags/example_setup_teardown.py
[2025-07-16T17:50:26.522+0000] {processor.py:840} INFO - DAG(s) 'example_setup_teardown' retrieved from /mnt/c/Users/Shivam Gupta/OneDrive/Documents/Shivam_Developement/data_engineering/data_engineering_project/batch-etl-pyspark/.venv/lib/python3.12/site-packages/airflow/example_dags/example_setup_teardown.py
[2025-07-16T17:50:26.589+0000] {logging_mixin.py:188} INFO - [2025-07-16T17:50:26.587+0000] {dag.py:3096} INFO - Sync 1 DAGs
[2025-07-16T17:50:26.635+0000] {logging_mixin.py:188} INFO - [2025-07-16T17:50:26.633+0000] {dag.py:3954} INFO - Setting next_dagrun for example_setup_teardown to 2025-07-15 00:00:00+00:00, run_after=2025-07-16 00:00:00+00:00
[2025-07-16T17:50:26.741+0000] {processor.py:183} INFO - Processing /mnt/c/Users/Shivam Gupta/OneDrive/Documents/Shivam_Developement/data_engineering/data_engineering_project/batch-etl-pyspark/.venv/lib/python3.12/site-packages/airflow/example_dags/example_setup_teardown.py took 0.282 seconds
[2025-07-16T17:51:46.428+0000] {processor.py:161} INFO - Started process (PID=6018) to work on /mnt/c/Users/Shivam Gupta/OneDrive/Documents/Shivam_Developement/data_engineering/data_engineering_project/batch-etl-pyspark/.venv/lib/python3.12/site-packages/airflow/example_dags/example_setup_teardown.py
[2025-07-16T17:51:46.430+0000] {processor.py:830} INFO - Processing file /mnt/c/Users/Shivam Gupta/OneDrive/Documents/Shivam_Developement/data_engineering/data_engineering_project/batch-etl-pyspark/.venv/lib/python3.12/site-packages/airflow/example_dags/example_setup_teardown.py for tasks to queue
[2025-07-16T17:51:46.433+0000] {logging_mixin.py:188} INFO - [2025-07-16T17:51:46.432+0000] {dagbag.py:545} INFO - Filling up the DagBag from /mnt/c/Users/Shivam Gupta/OneDrive/Documents/Shivam_Developement/data_engineering/data_engineering_project/batch-etl-pyspark/.venv/lib/python3.12/site-packages/airflow/example_dags/example_setup_teardown.py
[2025-07-16T17:51:46.455+0000] {processor.py:840} INFO - DAG(s) 'example_setup_teardown' retrieved from /mnt/c/Users/Shivam Gupta/OneDrive/Documents/Shivam_Developement/data_engineering/data_engineering_project/batch-etl-pyspark/.venv/lib/python3.12/site-packages/airflow/example_dags/example_setup_teardown.py
[2025-07-16T17:51:46.482+0000] {logging_mixin.py:188} INFO - [2025-07-16T17:51:46.481+0000] {dag.py:3096} INFO - Sync 1 DAGs
[2025-07-16T17:51:46.507+0000] {logging_mixin.py:188} INFO - [2025-07-16T17:51:46.507+0000] {dag.py:3954} INFO - Setting next_dagrun for example_setup_teardown to 2025-07-15 00:00:00+00:00, run_after=2025-07-16 00:00:00+00:00
[2025-07-16T17:51:46.570+0000] {processor.py:183} INFO - Processing /mnt/c/Users/Shivam Gupta/OneDrive/Documents/Shivam_Developement/data_engineering/data_engineering_project/batch-etl-pyspark/.venv/lib/python3.12/site-packages/airflow/example_dags/example_setup_teardown.py took 0.152 seconds
[2025-07-16T17:53:02.938+0000] {processor.py:161} INFO - Started process (PID=6089) to work on /mnt/c/Users/Shivam Gupta/OneDrive/Documents/Shivam_Developement/data_engineering/data_engineering_project/batch-etl-pyspark/.venv/lib/python3.12/site-packages/airflow/example_dags/example_setup_teardown.py
[2025-07-16T17:53:02.940+0000] {processor.py:830} INFO - Processing file /mnt/c/Users/Shivam Gupta/OneDrive/Documents/Shivam_Developement/data_engineering/data_engineering_project/batch-etl-pyspark/.venv/lib/python3.12/site-packages/airflow/example_dags/example_setup_teardown.py for tasks to queue
[2025-07-16T17:53:02.944+0000] {logging_mixin.py:188} INFO - [2025-07-16T17:53:02.943+0000] {dagbag.py:545} INFO - Filling up the DagBag from /mnt/c/Users/Shivam Gupta/OneDrive/Documents/Shivam_Developement/data_engineering/data_engineering_project/batch-etl-pyspark/.venv/lib/python3.12/site-packages/airflow/example_dags/example_setup_teardown.py
[2025-07-16T17:53:02.970+0000] {processor.py:840} INFO - DAG(s) 'example_setup_teardown' retrieved from /mnt/c/Users/Shivam Gupta/OneDrive/Documents/Shivam_Developement/data_engineering/data_engineering_project/batch-etl-pyspark/.venv/lib/python3.12/site-packages/airflow/example_dags/example_setup_teardown.py
[2025-07-16T17:53:03.014+0000] {logging_mixin.py:188} INFO - [2025-07-16T17:53:03.012+0000] {dag.py:3096} INFO - Sync 1 DAGs
[2025-07-16T17:53:03.055+0000] {logging_mixin.py:188} INFO - [2025-07-16T17:53:03.054+0000] {dag.py:3954} INFO - Setting next_dagrun for example_setup_teardown to 2025-07-15 00:00:00+00:00, run_after=2025-07-16 00:00:00+00:00
[2025-07-16T17:53:03.146+0000] {processor.py:183} INFO - Processing /mnt/c/Users/Shivam Gupta/OneDrive/Documents/Shivam_Developement/data_engineering/data_engineering_project/batch-etl-pyspark/.venv/lib/python3.12/site-packages/airflow/example_dags/example_setup_teardown.py took 0.224 seconds
[2025-07-16T17:54:36.729+0000] {processor.py:161} INFO - Started process (PID=6178) to work on /mnt/c/Users/Shivam Gupta/OneDrive/Documents/Shivam_Developement/data_engineering/data_engineering_project/batch-etl-pyspark/.venv/lib/python3.12/site-packages/airflow/example_dags/example_setup_teardown.py
[2025-07-16T17:54:36.731+0000] {processor.py:830} INFO - Processing file /mnt/c/Users/Shivam Gupta/OneDrive/Documents/Shivam_Developement/data_engineering/data_engineering_project/batch-etl-pyspark/.venv/lib/python3.12/site-packages/airflow/example_dags/example_setup_teardown.py for tasks to queue
[2025-07-16T17:54:36.735+0000] {logging_mixin.py:188} INFO - [2025-07-16T17:54:36.733+0000] {dagbag.py:545} INFO - Filling up the DagBag from /mnt/c/Users/Shivam Gupta/OneDrive/Documents/Shivam_Developement/data_engineering/data_engineering_project/batch-etl-pyspark/.venv/lib/python3.12/site-packages/airflow/example_dags/example_setup_teardown.py
[2025-07-16T17:54:36.754+0000] {processor.py:840} INFO - DAG(s) 'example_setup_teardown' retrieved from /mnt/c/Users/Shivam Gupta/OneDrive/Documents/Shivam_Developement/data_engineering/data_engineering_project/batch-etl-pyspark/.venv/lib/python3.12/site-packages/airflow/example_dags/example_setup_teardown.py
[2025-07-16T17:54:36.786+0000] {logging_mixin.py:188} INFO - [2025-07-16T17:54:36.785+0000] {dag.py:3096} INFO - Sync 1 DAGs
[2025-07-16T17:54:36.822+0000] {logging_mixin.py:188} INFO - [2025-07-16T17:54:36.821+0000] {dag.py:3954} INFO - Setting next_dagrun for example_setup_teardown to 2025-07-15 00:00:00+00:00, run_after=2025-07-16 00:00:00+00:00
[2025-07-16T17:54:36.888+0000] {processor.py:183} INFO - Processing /mnt/c/Users/Shivam Gupta/OneDrive/Documents/Shivam_Developement/data_engineering/data_engineering_project/batch-etl-pyspark/.venv/lib/python3.12/site-packages/airflow/example_dags/example_setup_teardown.py took 0.169 seconds
[2025-07-16T17:56:03.724+0000] {processor.py:161} INFO - Started process (PID=6266) to work on /mnt/c/Users/Shivam Gupta/OneDrive/Documents/Shivam_Developement/data_engineering/data_engineering_project/batch-etl-pyspark/.venv/lib/python3.12/site-packages/airflow/example_dags/example_setup_teardown.py
[2025-07-16T17:56:03.728+0000] {processor.py:830} INFO - Processing file /mnt/c/Users/Shivam Gupta/OneDrive/Documents/Shivam_Developement/data_engineering/data_engineering_project/batch-etl-pyspark/.venv/lib/python3.12/site-packages/airflow/example_dags/example_setup_teardown.py for tasks to queue
[2025-07-16T17:56:03.733+0000] {logging_mixin.py:188} INFO - [2025-07-16T17:56:03.731+0000] {dagbag.py:545} INFO - Filling up the DagBag from /mnt/c/Users/Shivam Gupta/OneDrive/Documents/Shivam_Developement/data_engineering/data_engineering_project/batch-etl-pyspark/.venv/lib/python3.12/site-packages/airflow/example_dags/example_setup_teardown.py
[2025-07-16T17:56:03.770+0000] {processor.py:840} INFO - DAG(s) 'example_setup_teardown' retrieved from /mnt/c/Users/Shivam Gupta/OneDrive/Documents/Shivam_Developement/data_engineering/data_engineering_project/batch-etl-pyspark/.venv/lib/python3.12/site-packages/airflow/example_dags/example_setup_teardown.py
[2025-07-16T17:56:03.815+0000] {logging_mixin.py:188} INFO - [2025-07-16T17:56:03.813+0000] {dag.py:3096} INFO - Sync 1 DAGs
[2025-07-16T17:56:03.857+0000] {logging_mixin.py:188} INFO - [2025-07-16T17:56:03.856+0000] {dag.py:3954} INFO - Setting next_dagrun for example_setup_teardown to 2025-07-15 00:00:00+00:00, run_after=2025-07-16 00:00:00+00:00
[2025-07-16T17:56:03.943+0000] {processor.py:183} INFO - Processing /mnt/c/Users/Shivam Gupta/OneDrive/Documents/Shivam_Developement/data_engineering/data_engineering_project/batch-etl-pyspark/.venv/lib/python3.12/site-packages/airflow/example_dags/example_setup_teardown.py took 0.235 seconds
[2025-07-16T18:02:33.096+0000] {processor.py:161} INFO - Started process (PID=6738) to work on /mnt/c/Users/Shivam Gupta/OneDrive/Documents/Shivam_Developement/data_engineering/data_engineering_project/batch-etl-pyspark/.venv/lib/python3.12/site-packages/airflow/example_dags/example_setup_teardown.py
[2025-07-16T18:02:33.099+0000] {processor.py:830} INFO - Processing file /mnt/c/Users/Shivam Gupta/OneDrive/Documents/Shivam_Developement/data_engineering/data_engineering_project/batch-etl-pyspark/.venv/lib/python3.12/site-packages/airflow/example_dags/example_setup_teardown.py for tasks to queue
[2025-07-16T18:02:33.103+0000] {logging_mixin.py:188} INFO - [2025-07-16T18:02:33.102+0000] {dagbag.py:545} INFO - Filling up the DagBag from /mnt/c/Users/Shivam Gupta/OneDrive/Documents/Shivam_Developement/data_engineering/data_engineering_project/batch-etl-pyspark/.venv/lib/python3.12/site-packages/airflow/example_dags/example_setup_teardown.py
[2025-07-16T18:02:33.132+0000] {processor.py:840} INFO - DAG(s) 'example_setup_teardown' retrieved from /mnt/c/Users/Shivam Gupta/OneDrive/Documents/Shivam_Developement/data_engineering/data_engineering_project/batch-etl-pyspark/.venv/lib/python3.12/site-packages/airflow/example_dags/example_setup_teardown.py
[2025-07-16T18:02:33.182+0000] {logging_mixin.py:188} INFO - [2025-07-16T18:02:33.180+0000] {dag.py:3096} INFO - Sync 1 DAGs
[2025-07-16T18:02:33.239+0000] {logging_mixin.py:188} INFO - [2025-07-16T18:02:33.238+0000] {dag.py:3954} INFO - Setting next_dagrun for example_setup_teardown to 2025-07-15 00:00:00+00:00, run_after=2025-07-16 00:00:00+00:00
[2025-07-16T18:02:33.343+0000] {processor.py:183} INFO - Processing /mnt/c/Users/Shivam Gupta/OneDrive/Documents/Shivam_Developement/data_engineering/data_engineering_project/batch-etl-pyspark/.venv/lib/python3.12/site-packages/airflow/example_dags/example_setup_teardown.py took 0.260 seconds
[2025-07-16T18:03:54.695+0000] {processor.py:161} INFO - Started process (PID=6805) to work on /mnt/c/Users/Shivam Gupta/OneDrive/Documents/Shivam_Developement/data_engineering/data_engineering_project/batch-etl-pyspark/.venv/lib/python3.12/site-packages/airflow/example_dags/example_setup_teardown.py
[2025-07-16T18:03:54.697+0000] {processor.py:830} INFO - Processing file /mnt/c/Users/Shivam Gupta/OneDrive/Documents/Shivam_Developement/data_engineering/data_engineering_project/batch-etl-pyspark/.venv/lib/python3.12/site-packages/airflow/example_dags/example_setup_teardown.py for tasks to queue
[2025-07-16T18:03:54.700+0000] {logging_mixin.py:188} INFO - [2025-07-16T18:03:54.699+0000] {dagbag.py:545} INFO - Filling up the DagBag from /mnt/c/Users/Shivam Gupta/OneDrive/Documents/Shivam_Developement/data_engineering/data_engineering_project/batch-etl-pyspark/.venv/lib/python3.12/site-packages/airflow/example_dags/example_setup_teardown.py
[2025-07-16T18:03:54.719+0000] {processor.py:840} INFO - DAG(s) 'example_setup_teardown' retrieved from /mnt/c/Users/Shivam Gupta/OneDrive/Documents/Shivam_Developement/data_engineering/data_engineering_project/batch-etl-pyspark/.venv/lib/python3.12/site-packages/airflow/example_dags/example_setup_teardown.py
[2025-07-16T18:03:54.748+0000] {logging_mixin.py:188} INFO - [2025-07-16T18:03:54.747+0000] {dag.py:3096} INFO - Sync 1 DAGs
[2025-07-16T18:03:54.773+0000] {logging_mixin.py:188} INFO - [2025-07-16T18:03:54.772+0000] {dag.py:3954} INFO - Setting next_dagrun for example_setup_teardown to 2025-07-15 00:00:00+00:00, run_after=2025-07-16 00:00:00+00:00
[2025-07-16T18:03:54.831+0000] {processor.py:183} INFO - Processing /mnt/c/Users/Shivam Gupta/OneDrive/Documents/Shivam_Developement/data_engineering/data_engineering_project/batch-etl-pyspark/.venv/lib/python3.12/site-packages/airflow/example_dags/example_setup_teardown.py took 0.145 seconds
[2025-07-16T18:38:24.799+0000] {processor.py:161} INFO - Started process (PID=8685) to work on /mnt/c/Users/Shivam Gupta/OneDrive/Documents/Shivam_Developement/data_engineering/data_engineering_project/batch-etl-pyspark/.venv/lib/python3.12/site-packages/airflow/example_dags/example_setup_teardown.py
[2025-07-16T18:38:24.802+0000] {processor.py:830} INFO - Processing file /mnt/c/Users/Shivam Gupta/OneDrive/Documents/Shivam_Developement/data_engineering/data_engineering_project/batch-etl-pyspark/.venv/lib/python3.12/site-packages/airflow/example_dags/example_setup_teardown.py for tasks to queue
[2025-07-16T18:38:24.805+0000] {logging_mixin.py:188} INFO - [2025-07-16T18:38:24.804+0000] {dagbag.py:545} INFO - Filling up the DagBag from /mnt/c/Users/Shivam Gupta/OneDrive/Documents/Shivam_Developement/data_engineering/data_engineering_project/batch-etl-pyspark/.venv/lib/python3.12/site-packages/airflow/example_dags/example_setup_teardown.py
[2025-07-16T18:38:24.838+0000] {processor.py:840} INFO - DAG(s) 'example_setup_teardown' retrieved from /mnt/c/Users/Shivam Gupta/OneDrive/Documents/Shivam_Developement/data_engineering/data_engineering_project/batch-etl-pyspark/.venv/lib/python3.12/site-packages/airflow/example_dags/example_setup_teardown.py
[2025-07-16T18:38:24.885+0000] {logging_mixin.py:188} INFO - [2025-07-16T18:38:24.884+0000] {dag.py:3096} INFO - Sync 1 DAGs
[2025-07-16T18:38:24.925+0000] {logging_mixin.py:188} INFO - [2025-07-16T18:38:24.923+0000] {dag.py:3954} INFO - Setting next_dagrun for example_setup_teardown to 2025-07-15 00:00:00+00:00, run_after=2025-07-16 00:00:00+00:00
[2025-07-16T18:38:24.986+0000] {processor.py:183} INFO - Processing /mnt/c/Users/Shivam Gupta/OneDrive/Documents/Shivam_Developement/data_engineering/data_engineering_project/batch-etl-pyspark/.venv/lib/python3.12/site-packages/airflow/example_dags/example_setup_teardown.py took 0.200 seconds
[2025-07-16T18:52:31.810+0000] {processor.py:161} INFO - Started process (PID=9385) to work on /mnt/c/Users/Shivam Gupta/OneDrive/Documents/Shivam_Developement/data_engineering/data_engineering_project/batch-etl-pyspark/.venv/lib/python3.12/site-packages/airflow/example_dags/example_setup_teardown.py
[2025-07-16T18:52:31.812+0000] {processor.py:830} INFO - Processing file /mnt/c/Users/Shivam Gupta/OneDrive/Documents/Shivam_Developement/data_engineering/data_engineering_project/batch-etl-pyspark/.venv/lib/python3.12/site-packages/airflow/example_dags/example_setup_teardown.py for tasks to queue
[2025-07-16T18:52:31.814+0000] {logging_mixin.py:188} INFO - [2025-07-16T18:52:31.813+0000] {dagbag.py:545} INFO - Filling up the DagBag from /mnt/c/Users/Shivam Gupta/OneDrive/Documents/Shivam_Developement/data_engineering/data_engineering_project/batch-etl-pyspark/.venv/lib/python3.12/site-packages/airflow/example_dags/example_setup_teardown.py
[2025-07-16T18:52:31.830+0000] {processor.py:840} INFO - DAG(s) 'example_setup_teardown' retrieved from /mnt/c/Users/Shivam Gupta/OneDrive/Documents/Shivam_Developement/data_engineering/data_engineering_project/batch-etl-pyspark/.venv/lib/python3.12/site-packages/airflow/example_dags/example_setup_teardown.py
[2025-07-16T18:52:31.857+0000] {logging_mixin.py:188} INFO - [2025-07-16T18:52:31.856+0000] {dag.py:3096} INFO - Sync 1 DAGs
[2025-07-16T18:52:31.879+0000] {logging_mixin.py:188} INFO - [2025-07-16T18:52:31.878+0000] {dag.py:3954} INFO - Setting next_dagrun for example_setup_teardown to 2025-07-15 00:00:00+00:00, run_after=2025-07-16 00:00:00+00:00
[2025-07-16T18:52:31.959+0000] {processor.py:183} INFO - Processing /mnt/c/Users/Shivam Gupta/OneDrive/Documents/Shivam_Developement/data_engineering/data_engineering_project/batch-etl-pyspark/.venv/lib/python3.12/site-packages/airflow/example_dags/example_setup_teardown.py took 0.157 seconds
[2025-07-16T18:53:44.611+0000] {processor.py:161} INFO - Started process (PID=9452) to work on /mnt/c/Users/Shivam Gupta/OneDrive/Documents/Shivam_Developement/data_engineering/data_engineering_project/batch-etl-pyspark/.venv/lib/python3.12/site-packages/airflow/example_dags/example_setup_teardown.py
[2025-07-16T18:53:44.612+0000] {processor.py:830} INFO - Processing file /mnt/c/Users/Shivam Gupta/OneDrive/Documents/Shivam_Developement/data_engineering/data_engineering_project/batch-etl-pyspark/.venv/lib/python3.12/site-packages/airflow/example_dags/example_setup_teardown.py for tasks to queue
[2025-07-16T18:53:44.615+0000] {logging_mixin.py:188} INFO - [2025-07-16T18:53:44.614+0000] {dagbag.py:545} INFO - Filling up the DagBag from /mnt/c/Users/Shivam Gupta/OneDrive/Documents/Shivam_Developement/data_engineering/data_engineering_project/batch-etl-pyspark/.venv/lib/python3.12/site-packages/airflow/example_dags/example_setup_teardown.py
[2025-07-16T18:53:44.633+0000] {processor.py:840} INFO - DAG(s) 'example_setup_teardown' retrieved from /mnt/c/Users/Shivam Gupta/OneDrive/Documents/Shivam_Developement/data_engineering/data_engineering_project/batch-etl-pyspark/.venv/lib/python3.12/site-packages/airflow/example_dags/example_setup_teardown.py
[2025-07-16T18:53:44.657+0000] {logging_mixin.py:188} INFO - [2025-07-16T18:53:44.656+0000] {dag.py:3096} INFO - Sync 1 DAGs
[2025-07-16T18:53:44.680+0000] {logging_mixin.py:188} INFO - [2025-07-16T18:53:44.679+0000] {dag.py:3954} INFO - Setting next_dagrun for example_setup_teardown to 2025-07-15 00:00:00+00:00, run_after=2025-07-16 00:00:00+00:00
[2025-07-16T18:53:44.727+0000] {processor.py:183} INFO - Processing /mnt/c/Users/Shivam Gupta/OneDrive/Documents/Shivam_Developement/data_engineering/data_engineering_project/batch-etl-pyspark/.venv/lib/python3.12/site-packages/airflow/example_dags/example_setup_teardown.py took 0.127 seconds
[2025-07-16T18:55:08.661+0000] {processor.py:161} INFO - Started process (PID=9617) to work on /mnt/c/Users/Shivam Gupta/OneDrive/Documents/Shivam_Developement/data_engineering/data_engineering_project/batch-etl-pyspark/.venv/lib/python3.12/site-packages/airflow/example_dags/example_setup_teardown.py
[2025-07-16T18:55:08.664+0000] {processor.py:830} INFO - Processing file /mnt/c/Users/Shivam Gupta/OneDrive/Documents/Shivam_Developement/data_engineering/data_engineering_project/batch-etl-pyspark/.venv/lib/python3.12/site-packages/airflow/example_dags/example_setup_teardown.py for tasks to queue
[2025-07-16T18:55:08.670+0000] {logging_mixin.py:188} INFO - [2025-07-16T18:55:08.668+0000] {dagbag.py:545} INFO - Filling up the DagBag from /mnt/c/Users/Shivam Gupta/OneDrive/Documents/Shivam_Developement/data_engineering/data_engineering_project/batch-etl-pyspark/.venv/lib/python3.12/site-packages/airflow/example_dags/example_setup_teardown.py
[2025-07-16T18:55:08.714+0000] {processor.py:840} INFO - DAG(s) 'example_setup_teardown' retrieved from /mnt/c/Users/Shivam Gupta/OneDrive/Documents/Shivam_Developement/data_engineering/data_engineering_project/batch-etl-pyspark/.venv/lib/python3.12/site-packages/airflow/example_dags/example_setup_teardown.py
[2025-07-16T18:55:08.784+0000] {logging_mixin.py:188} INFO - [2025-07-16T18:55:08.782+0000] {dag.py:3096} INFO - Sync 1 DAGs
[2025-07-16T18:55:08.820+0000] {logging_mixin.py:188} INFO - [2025-07-16T18:55:08.819+0000] {dag.py:3954} INFO - Setting next_dagrun for example_setup_teardown to 2025-07-15 00:00:00+00:00, run_after=2025-07-16 00:00:00+00:00
[2025-07-16T18:55:09.002+0000] {processor.py:183} INFO - Processing /mnt/c/Users/Shivam Gupta/OneDrive/Documents/Shivam_Developement/data_engineering/data_engineering_project/batch-etl-pyspark/.venv/lib/python3.12/site-packages/airflow/example_dags/example_setup_teardown.py took 0.363 seconds
[2025-07-16T18:56:23.076+0000] {processor.py:161} INFO - Started process (PID=9851) to work on /mnt/c/Users/Shivam Gupta/OneDrive/Documents/Shivam_Developement/data_engineering/data_engineering_project/batch-etl-pyspark/.venv/lib/python3.12/site-packages/airflow/example_dags/example_setup_teardown.py
[2025-07-16T18:56:23.078+0000] {processor.py:830} INFO - Processing file /mnt/c/Users/Shivam Gupta/OneDrive/Documents/Shivam_Developement/data_engineering/data_engineering_project/batch-etl-pyspark/.venv/lib/python3.12/site-packages/airflow/example_dags/example_setup_teardown.py for tasks to queue
[2025-07-16T18:56:23.080+0000] {logging_mixin.py:188} INFO - [2025-07-16T18:56:23.079+0000] {dagbag.py:545} INFO - Filling up the DagBag from /mnt/c/Users/Shivam Gupta/OneDrive/Documents/Shivam_Developement/data_engineering/data_engineering_project/batch-etl-pyspark/.venv/lib/python3.12/site-packages/airflow/example_dags/example_setup_teardown.py
[2025-07-16T18:56:23.100+0000] {processor.py:840} INFO - DAG(s) 'example_setup_teardown' retrieved from /mnt/c/Users/Shivam Gupta/OneDrive/Documents/Shivam_Developement/data_engineering/data_engineering_project/batch-etl-pyspark/.venv/lib/python3.12/site-packages/airflow/example_dags/example_setup_teardown.py
[2025-07-16T18:56:23.124+0000] {logging_mixin.py:188} INFO - [2025-07-16T18:56:23.123+0000] {dag.py:3096} INFO - Sync 1 DAGs
[2025-07-16T18:56:23.148+0000] {logging_mixin.py:188} INFO - [2025-07-16T18:56:23.148+0000] {dag.py:3954} INFO - Setting next_dagrun for example_setup_teardown to 2025-07-15 00:00:00+00:00, run_after=2025-07-16 00:00:00+00:00
[2025-07-16T18:56:23.196+0000] {processor.py:183} INFO - Processing /mnt/c/Users/Shivam Gupta/OneDrive/Documents/Shivam_Developement/data_engineering/data_engineering_project/batch-etl-pyspark/.venv/lib/python3.12/site-packages/airflow/example_dags/example_setup_teardown.py took 0.130 seconds
[2025-07-16T18:57:41.398+0000] {processor.py:161} INFO - Started process (PID=9991) to work on /mnt/c/Users/Shivam Gupta/OneDrive/Documents/Shivam_Developement/data_engineering/data_engineering_project/batch-etl-pyspark/.venv/lib/python3.12/site-packages/airflow/example_dags/example_setup_teardown.py
[2025-07-16T18:57:41.400+0000] {processor.py:830} INFO - Processing file /mnt/c/Users/Shivam Gupta/OneDrive/Documents/Shivam_Developement/data_engineering/data_engineering_project/batch-etl-pyspark/.venv/lib/python3.12/site-packages/airflow/example_dags/example_setup_teardown.py for tasks to queue
[2025-07-16T18:57:41.404+0000] {logging_mixin.py:188} INFO - [2025-07-16T18:57:41.402+0000] {dagbag.py:545} INFO - Filling up the DagBag from /mnt/c/Users/Shivam Gupta/OneDrive/Documents/Shivam_Developement/data_engineering/data_engineering_project/batch-etl-pyspark/.venv/lib/python3.12/site-packages/airflow/example_dags/example_setup_teardown.py
[2025-07-16T18:57:41.434+0000] {processor.py:840} INFO - DAG(s) 'example_setup_teardown' retrieved from /mnt/c/Users/Shivam Gupta/OneDrive/Documents/Shivam_Developement/data_engineering/data_engineering_project/batch-etl-pyspark/.venv/lib/python3.12/site-packages/airflow/example_dags/example_setup_teardown.py
[2025-07-16T18:57:41.467+0000] {logging_mixin.py:188} INFO - [2025-07-16T18:57:41.466+0000] {dag.py:3096} INFO - Sync 1 DAGs
[2025-07-16T18:57:41.503+0000] {logging_mixin.py:188} INFO - [2025-07-16T18:57:41.502+0000] {dag.py:3954} INFO - Setting next_dagrun for example_setup_teardown to 2025-07-15 00:00:00+00:00, run_after=2025-07-16 00:00:00+00:00
[2025-07-16T18:57:41.590+0000] {processor.py:183} INFO - Processing /mnt/c/Users/Shivam Gupta/OneDrive/Documents/Shivam_Developement/data_engineering/data_engineering_project/batch-etl-pyspark/.venv/lib/python3.12/site-packages/airflow/example_dags/example_setup_teardown.py took 0.208 seconds
[2025-07-16T18:59:02.879+0000] {processor.py:161} INFO - Started process (PID=10133) to work on /mnt/c/Users/Shivam Gupta/OneDrive/Documents/Shivam_Developement/data_engineering/data_engineering_project/batch-etl-pyspark/.venv/lib/python3.12/site-packages/airflow/example_dags/example_setup_teardown.py
[2025-07-16T18:59:02.881+0000] {processor.py:830} INFO - Processing file /mnt/c/Users/Shivam Gupta/OneDrive/Documents/Shivam_Developement/data_engineering/data_engineering_project/batch-etl-pyspark/.venv/lib/python3.12/site-packages/airflow/example_dags/example_setup_teardown.py for tasks to queue
[2025-07-16T18:59:02.883+0000] {logging_mixin.py:188} INFO - [2025-07-16T18:59:02.882+0000] {dagbag.py:545} INFO - Filling up the DagBag from /mnt/c/Users/Shivam Gupta/OneDrive/Documents/Shivam_Developement/data_engineering/data_engineering_project/batch-etl-pyspark/.venv/lib/python3.12/site-packages/airflow/example_dags/example_setup_teardown.py
[2025-07-16T18:59:02.900+0000] {processor.py:840} INFO - DAG(s) 'example_setup_teardown' retrieved from /mnt/c/Users/Shivam Gupta/OneDrive/Documents/Shivam_Developement/data_engineering/data_engineering_project/batch-etl-pyspark/.venv/lib/python3.12/site-packages/airflow/example_dags/example_setup_teardown.py
[2025-07-16T18:59:02.923+0000] {logging_mixin.py:188} INFO - [2025-07-16T18:59:02.922+0000] {dag.py:3096} INFO - Sync 1 DAGs
[2025-07-16T18:59:02.946+0000] {logging_mixin.py:188} INFO - [2025-07-16T18:59:02.945+0000] {dag.py:3954} INFO - Setting next_dagrun for example_setup_teardown to 2025-07-15 00:00:00+00:00, run_after=2025-07-16 00:00:00+00:00
[2025-07-16T18:59:03.004+0000] {processor.py:183} INFO - Processing /mnt/c/Users/Shivam Gupta/OneDrive/Documents/Shivam_Developement/data_engineering/data_engineering_project/batch-etl-pyspark/.venv/lib/python3.12/site-packages/airflow/example_dags/example_setup_teardown.py took 0.133 seconds
[2025-07-16T19:00:32.882+0000] {processor.py:161} INFO - Started process (PID=10334) to work on /mnt/c/Users/Shivam Gupta/OneDrive/Documents/Shivam_Developement/data_engineering/data_engineering_project/batch-etl-pyspark/.venv/lib/python3.12/site-packages/airflow/example_dags/example_setup_teardown.py
[2025-07-16T19:00:32.885+0000] {processor.py:830} INFO - Processing file /mnt/c/Users/Shivam Gupta/OneDrive/Documents/Shivam_Developement/data_engineering/data_engineering_project/batch-etl-pyspark/.venv/lib/python3.12/site-packages/airflow/example_dags/example_setup_teardown.py for tasks to queue
[2025-07-16T19:00:32.891+0000] {logging_mixin.py:188} INFO - [2025-07-16T19:00:32.889+0000] {dagbag.py:545} INFO - Filling up the DagBag from /mnt/c/Users/Shivam Gupta/OneDrive/Documents/Shivam_Developement/data_engineering/data_engineering_project/batch-etl-pyspark/.venv/lib/python3.12/site-packages/airflow/example_dags/example_setup_teardown.py
[2025-07-16T19:00:32.937+0000] {processor.py:840} INFO - DAG(s) 'example_setup_teardown' retrieved from /mnt/c/Users/Shivam Gupta/OneDrive/Documents/Shivam_Developement/data_engineering/data_engineering_project/batch-etl-pyspark/.venv/lib/python3.12/site-packages/airflow/example_dags/example_setup_teardown.py
[2025-07-16T19:00:32.985+0000] {logging_mixin.py:188} INFO - [2025-07-16T19:00:32.983+0000] {dag.py:3096} INFO - Sync 1 DAGs
[2025-07-16T19:00:33.027+0000] {logging_mixin.py:188} INFO - [2025-07-16T19:00:33.026+0000] {dag.py:3954} INFO - Setting next_dagrun for example_setup_teardown to 2025-07-15 00:00:00+00:00, run_after=2025-07-16 00:00:00+00:00
[2025-07-16T19:00:33.124+0000] {processor.py:183} INFO - Processing /mnt/c/Users/Shivam Gupta/OneDrive/Documents/Shivam_Developement/data_engineering/data_engineering_project/batch-etl-pyspark/.venv/lib/python3.12/site-packages/airflow/example_dags/example_setup_teardown.py took 0.265 seconds
[2025-07-16T19:02:04.920+0000] {processor.py:161} INFO - Started process (PID=10549) to work on /mnt/c/Users/Shivam Gupta/OneDrive/Documents/Shivam_Developement/data_engineering/data_engineering_project/batch-etl-pyspark/.venv/lib/python3.12/site-packages/airflow/example_dags/example_setup_teardown.py
[2025-07-16T19:02:04.932+0000] {processor.py:830} INFO - Processing file /mnt/c/Users/Shivam Gupta/OneDrive/Documents/Shivam_Developement/data_engineering/data_engineering_project/batch-etl-pyspark/.venv/lib/python3.12/site-packages/airflow/example_dags/example_setup_teardown.py for tasks to queue
[2025-07-16T19:02:04.935+0000] {logging_mixin.py:188} INFO - [2025-07-16T19:02:04.934+0000] {dagbag.py:545} INFO - Filling up the DagBag from /mnt/c/Users/Shivam Gupta/OneDrive/Documents/Shivam_Developement/data_engineering/data_engineering_project/batch-etl-pyspark/.venv/lib/python3.12/site-packages/airflow/example_dags/example_setup_teardown.py
[2025-07-16T19:02:04.953+0000] {processor.py:840} INFO - DAG(s) 'example_setup_teardown' retrieved from /mnt/c/Users/Shivam Gupta/OneDrive/Documents/Shivam_Developement/data_engineering/data_engineering_project/batch-etl-pyspark/.venv/lib/python3.12/site-packages/airflow/example_dags/example_setup_teardown.py
[2025-07-16T19:02:04.981+0000] {logging_mixin.py:188} INFO - [2025-07-16T19:02:04.980+0000] {dag.py:3096} INFO - Sync 1 DAGs
[2025-07-16T19:02:05.006+0000] {logging_mixin.py:188} INFO - [2025-07-16T19:02:05.006+0000] {dag.py:3954} INFO - Setting next_dagrun for example_setup_teardown to 2025-07-15 00:00:00+00:00, run_after=2025-07-16 00:00:00+00:00
[2025-07-16T19:02:05.066+0000] {processor.py:183} INFO - Processing /mnt/c/Users/Shivam Gupta/OneDrive/Documents/Shivam_Developement/data_engineering/data_engineering_project/batch-etl-pyspark/.venv/lib/python3.12/site-packages/airflow/example_dags/example_setup_teardown.py took 0.156 seconds
[2025-07-16T19:03:35.613+0000] {processor.py:161} INFO - Started process (PID=10715) to work on /mnt/c/Users/Shivam Gupta/OneDrive/Documents/Shivam_Developement/data_engineering/data_engineering_project/batch-etl-pyspark/.venv/lib/python3.12/site-packages/airflow/example_dags/example_setup_teardown.py
[2025-07-16T19:03:35.615+0000] {processor.py:830} INFO - Processing file /mnt/c/Users/Shivam Gupta/OneDrive/Documents/Shivam_Developement/data_engineering/data_engineering_project/batch-etl-pyspark/.venv/lib/python3.12/site-packages/airflow/example_dags/example_setup_teardown.py for tasks to queue
[2025-07-16T19:03:35.618+0000] {logging_mixin.py:188} INFO - [2025-07-16T19:03:35.617+0000] {dagbag.py:545} INFO - Filling up the DagBag from /mnt/c/Users/Shivam Gupta/OneDrive/Documents/Shivam_Developement/data_engineering/data_engineering_project/batch-etl-pyspark/.venv/lib/python3.12/site-packages/airflow/example_dags/example_setup_teardown.py
[2025-07-16T19:03:35.648+0000] {processor.py:840} INFO - DAG(s) 'example_setup_teardown' retrieved from /mnt/c/Users/Shivam Gupta/OneDrive/Documents/Shivam_Developement/data_engineering/data_engineering_project/batch-etl-pyspark/.venv/lib/python3.12/site-packages/airflow/example_dags/example_setup_teardown.py
[2025-07-16T19:03:35.685+0000] {logging_mixin.py:188} INFO - [2025-07-16T19:03:35.683+0000] {dag.py:3096} INFO - Sync 1 DAGs
[2025-07-16T19:03:35.724+0000] {logging_mixin.py:188} INFO - [2025-07-16T19:03:35.722+0000] {dag.py:3954} INFO - Setting next_dagrun for example_setup_teardown to 2025-07-15 00:00:00+00:00, run_after=2025-07-16 00:00:00+00:00
[2025-07-16T19:03:35.811+0000] {processor.py:183} INFO - Processing /mnt/c/Users/Shivam Gupta/OneDrive/Documents/Shivam_Developement/data_engineering/data_engineering_project/batch-etl-pyspark/.venv/lib/python3.12/site-packages/airflow/example_dags/example_setup_teardown.py took 0.211 seconds
[2025-07-16T19:05:02.529+0000] {processor.py:161} INFO - Started process (PID=10855) to work on /mnt/c/Users/Shivam Gupta/OneDrive/Documents/Shivam_Developement/data_engineering/data_engineering_project/batch-etl-pyspark/.venv/lib/python3.12/site-packages/airflow/example_dags/example_setup_teardown.py
[2025-07-16T19:05:02.530+0000] {processor.py:830} INFO - Processing file /mnt/c/Users/Shivam Gupta/OneDrive/Documents/Shivam_Developement/data_engineering/data_engineering_project/batch-etl-pyspark/.venv/lib/python3.12/site-packages/airflow/example_dags/example_setup_teardown.py for tasks to queue
[2025-07-16T19:05:02.533+0000] {logging_mixin.py:188} INFO - [2025-07-16T19:05:02.532+0000] {dagbag.py:545} INFO - Filling up the DagBag from /mnt/c/Users/Shivam Gupta/OneDrive/Documents/Shivam_Developement/data_engineering/data_engineering_project/batch-etl-pyspark/.venv/lib/python3.12/site-packages/airflow/example_dags/example_setup_teardown.py
[2025-07-16T19:05:02.549+0000] {processor.py:840} INFO - DAG(s) 'example_setup_teardown' retrieved from /mnt/c/Users/Shivam Gupta/OneDrive/Documents/Shivam_Developement/data_engineering/data_engineering_project/batch-etl-pyspark/.venv/lib/python3.12/site-packages/airflow/example_dags/example_setup_teardown.py
[2025-07-16T19:05:02.575+0000] {logging_mixin.py:188} INFO - [2025-07-16T19:05:02.574+0000] {dag.py:3096} INFO - Sync 1 DAGs
[2025-07-16T19:05:02.609+0000] {logging_mixin.py:188} INFO - [2025-07-16T19:05:02.609+0000] {dag.py:3954} INFO - Setting next_dagrun for example_setup_teardown to 2025-07-15 00:00:00+00:00, run_after=2025-07-16 00:00:00+00:00
[2025-07-16T19:05:02.691+0000] {processor.py:183} INFO - Processing /mnt/c/Users/Shivam Gupta/OneDrive/Documents/Shivam_Developement/data_engineering/data_engineering_project/batch-etl-pyspark/.venv/lib/python3.12/site-packages/airflow/example_dags/example_setup_teardown.py took 0.171 seconds
[2025-07-16T19:06:26.489+0000] {processor.py:161} INFO - Started process (PID=11026) to work on /mnt/c/Users/Shivam Gupta/OneDrive/Documents/Shivam_Developement/data_engineering/data_engineering_project/batch-etl-pyspark/.venv/lib/python3.12/site-packages/airflow/example_dags/example_setup_teardown.py
[2025-07-16T19:06:26.492+0000] {processor.py:830} INFO - Processing file /mnt/c/Users/Shivam Gupta/OneDrive/Documents/Shivam_Developement/data_engineering/data_engineering_project/batch-etl-pyspark/.venv/lib/python3.12/site-packages/airflow/example_dags/example_setup_teardown.py for tasks to queue
[2025-07-16T19:06:26.496+0000] {logging_mixin.py:188} INFO - [2025-07-16T19:06:26.494+0000] {dagbag.py:545} INFO - Filling up the DagBag from /mnt/c/Users/Shivam Gupta/OneDrive/Documents/Shivam_Developement/data_engineering/data_engineering_project/batch-etl-pyspark/.venv/lib/python3.12/site-packages/airflow/example_dags/example_setup_teardown.py
[2025-07-16T19:06:26.526+0000] {processor.py:840} INFO - DAG(s) 'example_setup_teardown' retrieved from /mnt/c/Users/Shivam Gupta/OneDrive/Documents/Shivam_Developement/data_engineering/data_engineering_project/batch-etl-pyspark/.venv/lib/python3.12/site-packages/airflow/example_dags/example_setup_teardown.py
[2025-07-16T19:06:26.567+0000] {logging_mixin.py:188} INFO - [2025-07-16T19:06:26.566+0000] {dag.py:3096} INFO - Sync 1 DAGs
[2025-07-16T19:06:26.599+0000] {logging_mixin.py:188} INFO - [2025-07-16T19:06:26.598+0000] {dag.py:3954} INFO - Setting next_dagrun for example_setup_teardown to 2025-07-15 00:00:00+00:00, run_after=2025-07-16 00:00:00+00:00
[2025-07-16T19:06:26.685+0000] {processor.py:183} INFO - Processing /mnt/c/Users/Shivam Gupta/OneDrive/Documents/Shivam_Developement/data_engineering/data_engineering_project/batch-etl-pyspark/.venv/lib/python3.12/site-packages/airflow/example_dags/example_setup_teardown.py took 0.211 seconds
[2025-07-16T19:07:56.373+0000] {processor.py:161} INFO - Started process (PID=11201) to work on /mnt/c/Users/Shivam Gupta/OneDrive/Documents/Shivam_Developement/data_engineering/data_engineering_project/batch-etl-pyspark/.venv/lib/python3.12/site-packages/airflow/example_dags/example_setup_teardown.py
[2025-07-16T19:07:56.374+0000] {processor.py:830} INFO - Processing file /mnt/c/Users/Shivam Gupta/OneDrive/Documents/Shivam_Developement/data_engineering/data_engineering_project/batch-etl-pyspark/.venv/lib/python3.12/site-packages/airflow/example_dags/example_setup_teardown.py for tasks to queue
[2025-07-16T19:07:56.376+0000] {logging_mixin.py:188} INFO - [2025-07-16T19:07:56.375+0000] {dagbag.py:545} INFO - Filling up the DagBag from /mnt/c/Users/Shivam Gupta/OneDrive/Documents/Shivam_Developement/data_engineering/data_engineering_project/batch-etl-pyspark/.venv/lib/python3.12/site-packages/airflow/example_dags/example_setup_teardown.py
[2025-07-16T19:07:56.394+0000] {processor.py:840} INFO - DAG(s) 'example_setup_teardown' retrieved from /mnt/c/Users/Shivam Gupta/OneDrive/Documents/Shivam_Developement/data_engineering/data_engineering_project/batch-etl-pyspark/.venv/lib/python3.12/site-packages/airflow/example_dags/example_setup_teardown.py
[2025-07-16T19:07:56.427+0000] {logging_mixin.py:188} INFO - [2025-07-16T19:07:56.426+0000] {dag.py:3096} INFO - Sync 1 DAGs
[2025-07-16T19:07:56.464+0000] {logging_mixin.py:188} INFO - [2025-07-16T19:07:56.463+0000] {dag.py:3954} INFO - Setting next_dagrun for example_setup_teardown to 2025-07-15 00:00:00+00:00, run_after=2025-07-16 00:00:00+00:00
[2025-07-16T19:07:56.550+0000] {processor.py:183} INFO - Processing /mnt/c/Users/Shivam Gupta/OneDrive/Documents/Shivam_Developement/data_engineering/data_engineering_project/batch-etl-pyspark/.venv/lib/python3.12/site-packages/airflow/example_dags/example_setup_teardown.py took 0.186 seconds
[2025-07-16T19:09:29.209+0000] {processor.py:161} INFO - Started process (PID=11340) to work on /mnt/c/Users/Shivam Gupta/OneDrive/Documents/Shivam_Developement/data_engineering/data_engineering_project/batch-etl-pyspark/.venv/lib/python3.12/site-packages/airflow/example_dags/example_setup_teardown.py
[2025-07-16T19:09:29.212+0000] {processor.py:830} INFO - Processing file /mnt/c/Users/Shivam Gupta/OneDrive/Documents/Shivam_Developement/data_engineering/data_engineering_project/batch-etl-pyspark/.venv/lib/python3.12/site-packages/airflow/example_dags/example_setup_teardown.py for tasks to queue
[2025-07-16T19:09:29.217+0000] {logging_mixin.py:188} INFO - [2025-07-16T19:09:29.215+0000] {dagbag.py:545} INFO - Filling up the DagBag from /mnt/c/Users/Shivam Gupta/OneDrive/Documents/Shivam_Developement/data_engineering/data_engineering_project/batch-etl-pyspark/.venv/lib/python3.12/site-packages/airflow/example_dags/example_setup_teardown.py
[2025-07-16T19:09:29.253+0000] {processor.py:840} INFO - DAG(s) 'example_setup_teardown' retrieved from /mnt/c/Users/Shivam Gupta/OneDrive/Documents/Shivam_Developement/data_engineering/data_engineering_project/batch-etl-pyspark/.venv/lib/python3.12/site-packages/airflow/example_dags/example_setup_teardown.py
[2025-07-16T19:09:29.290+0000] {logging_mixin.py:188} INFO - [2025-07-16T19:09:29.289+0000] {dag.py:3096} INFO - Sync 1 DAGs
[2025-07-16T19:09:29.324+0000] {logging_mixin.py:188} INFO - [2025-07-16T19:09:29.323+0000] {dag.py:3954} INFO - Setting next_dagrun for example_setup_teardown to 2025-07-15 00:00:00+00:00, run_after=2025-07-16 00:00:00+00:00
[2025-07-16T19:09:29.438+0000] {processor.py:183} INFO - Processing /mnt/c/Users/Shivam Gupta/OneDrive/Documents/Shivam_Developement/data_engineering/data_engineering_project/batch-etl-pyspark/.venv/lib/python3.12/site-packages/airflow/example_dags/example_setup_teardown.py took 0.247 seconds
[2025-07-16T19:10:57.786+0000] {processor.py:161} INFO - Started process (PID=11504) to work on /mnt/c/Users/Shivam Gupta/OneDrive/Documents/Shivam_Developement/data_engineering/data_engineering_project/batch-etl-pyspark/.venv/lib/python3.12/site-packages/airflow/example_dags/example_setup_teardown.py
[2025-07-16T19:10:57.790+0000] {processor.py:830} INFO - Processing file /mnt/c/Users/Shivam Gupta/OneDrive/Documents/Shivam_Developement/data_engineering/data_engineering_project/batch-etl-pyspark/.venv/lib/python3.12/site-packages/airflow/example_dags/example_setup_teardown.py for tasks to queue
[2025-07-16T19:10:57.794+0000] {logging_mixin.py:188} INFO - [2025-07-16T19:10:57.793+0000] {dagbag.py:545} INFO - Filling up the DagBag from /mnt/c/Users/Shivam Gupta/OneDrive/Documents/Shivam_Developement/data_engineering/data_engineering_project/batch-etl-pyspark/.venv/lib/python3.12/site-packages/airflow/example_dags/example_setup_teardown.py
[2025-07-16T19:10:57.829+0000] {processor.py:840} INFO - DAG(s) 'example_setup_teardown' retrieved from /mnt/c/Users/Shivam Gupta/OneDrive/Documents/Shivam_Developement/data_engineering/data_engineering_project/batch-etl-pyspark/.venv/lib/python3.12/site-packages/airflow/example_dags/example_setup_teardown.py
[2025-07-16T19:10:57.866+0000] {logging_mixin.py:188} INFO - [2025-07-16T19:10:57.865+0000] {dag.py:3096} INFO - Sync 1 DAGs
[2025-07-16T19:10:57.905+0000] {logging_mixin.py:188} INFO - [2025-07-16T19:10:57.903+0000] {dag.py:3954} INFO - Setting next_dagrun for example_setup_teardown to 2025-07-15 00:00:00+00:00, run_after=2025-07-16 00:00:00+00:00
[2025-07-16T19:10:58.003+0000] {processor.py:183} INFO - Processing /mnt/c/Users/Shivam Gupta/OneDrive/Documents/Shivam_Developement/data_engineering/data_engineering_project/batch-etl-pyspark/.venv/lib/python3.12/site-packages/airflow/example_dags/example_setup_teardown.py took 0.231 seconds
[2025-07-16T19:12:29.838+0000] {processor.py:161} INFO - Started process (PID=11691) to work on /mnt/c/Users/Shivam Gupta/OneDrive/Documents/Shivam_Developement/data_engineering/data_engineering_project/batch-etl-pyspark/.venv/lib/python3.12/site-packages/airflow/example_dags/example_setup_teardown.py
[2025-07-16T19:12:29.840+0000] {processor.py:830} INFO - Processing file /mnt/c/Users/Shivam Gupta/OneDrive/Documents/Shivam_Developement/data_engineering/data_engineering_project/batch-etl-pyspark/.venv/lib/python3.12/site-packages/airflow/example_dags/example_setup_teardown.py for tasks to queue
[2025-07-16T19:12:29.844+0000] {logging_mixin.py:188} INFO - [2025-07-16T19:12:29.843+0000] {dagbag.py:545} INFO - Filling up the DagBag from /mnt/c/Users/Shivam Gupta/OneDrive/Documents/Shivam_Developement/data_engineering/data_engineering_project/batch-etl-pyspark/.venv/lib/python3.12/site-packages/airflow/example_dags/example_setup_teardown.py
[2025-07-16T19:12:29.874+0000] {processor.py:840} INFO - DAG(s) 'example_setup_teardown' retrieved from /mnt/c/Users/Shivam Gupta/OneDrive/Documents/Shivam_Developement/data_engineering/data_engineering_project/batch-etl-pyspark/.venv/lib/python3.12/site-packages/airflow/example_dags/example_setup_teardown.py
[2025-07-16T19:12:29.913+0000] {logging_mixin.py:188} INFO - [2025-07-16T19:12:29.911+0000] {dag.py:3096} INFO - Sync 1 DAGs
[2025-07-16T19:12:29.951+0000] {logging_mixin.py:188} INFO - [2025-07-16T19:12:29.948+0000] {dag.py:3954} INFO - Setting next_dagrun for example_setup_teardown to 2025-07-15 00:00:00+00:00, run_after=2025-07-16 00:00:00+00:00
[2025-07-16T19:12:30.037+0000] {processor.py:183} INFO - Processing /mnt/c/Users/Shivam Gupta/OneDrive/Documents/Shivam_Developement/data_engineering/data_engineering_project/batch-etl-pyspark/.venv/lib/python3.12/site-packages/airflow/example_dags/example_setup_teardown.py took 0.213 seconds
[2025-07-16T19:13:54.708+0000] {processor.py:161} INFO - Started process (PID=11866) to work on /mnt/c/Users/Shivam Gupta/OneDrive/Documents/Shivam_Developement/data_engineering/data_engineering_project/batch-etl-pyspark/.venv/lib/python3.12/site-packages/airflow/example_dags/example_setup_teardown.py
[2025-07-16T19:13:54.710+0000] {processor.py:830} INFO - Processing file /mnt/c/Users/Shivam Gupta/OneDrive/Documents/Shivam_Developement/data_engineering/data_engineering_project/batch-etl-pyspark/.venv/lib/python3.12/site-packages/airflow/example_dags/example_setup_teardown.py for tasks to queue
[2025-07-16T19:13:54.713+0000] {logging_mixin.py:188} INFO - [2025-07-16T19:13:54.712+0000] {dagbag.py:545} INFO - Filling up the DagBag from /mnt/c/Users/Shivam Gupta/OneDrive/Documents/Shivam_Developement/data_engineering/data_engineering_project/batch-etl-pyspark/.venv/lib/python3.12/site-packages/airflow/example_dags/example_setup_teardown.py
[2025-07-16T19:13:54.736+0000] {processor.py:840} INFO - DAG(s) 'example_setup_teardown' retrieved from /mnt/c/Users/Shivam Gupta/OneDrive/Documents/Shivam_Developement/data_engineering/data_engineering_project/batch-etl-pyspark/.venv/lib/python3.12/site-packages/airflow/example_dags/example_setup_teardown.py
[2025-07-16T19:13:54.764+0000] {logging_mixin.py:188} INFO - [2025-07-16T19:13:54.763+0000] {dag.py:3096} INFO - Sync 1 DAGs
[2025-07-16T19:13:54.791+0000] {logging_mixin.py:188} INFO - [2025-07-16T19:13:54.790+0000] {dag.py:3954} INFO - Setting next_dagrun for example_setup_teardown to 2025-07-15 00:00:00+00:00, run_after=2025-07-16 00:00:00+00:00
[2025-07-16T19:13:54.871+0000] {processor.py:183} INFO - Processing /mnt/c/Users/Shivam Gupta/OneDrive/Documents/Shivam_Developement/data_engineering/data_engineering_project/batch-etl-pyspark/.venv/lib/python3.12/site-packages/airflow/example_dags/example_setup_teardown.py took 0.176 seconds
[2025-07-16T19:15:29.732+0000] {processor.py:161} INFO - Started process (PID=12043) to work on /mnt/c/Users/Shivam Gupta/OneDrive/Documents/Shivam_Developement/data_engineering/data_engineering_project/batch-etl-pyspark/.venv/lib/python3.12/site-packages/airflow/example_dags/example_setup_teardown.py
[2025-07-16T19:15:29.734+0000] {processor.py:830} INFO - Processing file /mnt/c/Users/Shivam Gupta/OneDrive/Documents/Shivam_Developement/data_engineering/data_engineering_project/batch-etl-pyspark/.venv/lib/python3.12/site-packages/airflow/example_dags/example_setup_teardown.py for tasks to queue
[2025-07-16T19:15:29.738+0000] {logging_mixin.py:188} INFO - [2025-07-16T19:15:29.737+0000] {dagbag.py:545} INFO - Filling up the DagBag from /mnt/c/Users/Shivam Gupta/OneDrive/Documents/Shivam_Developement/data_engineering/data_engineering_project/batch-etl-pyspark/.venv/lib/python3.12/site-packages/airflow/example_dags/example_setup_teardown.py
[2025-07-16T19:15:29.767+0000] {processor.py:840} INFO - DAG(s) 'example_setup_teardown' retrieved from /mnt/c/Users/Shivam Gupta/OneDrive/Documents/Shivam_Developement/data_engineering/data_engineering_project/batch-etl-pyspark/.venv/lib/python3.12/site-packages/airflow/example_dags/example_setup_teardown.py
[2025-07-16T19:15:29.800+0000] {logging_mixin.py:188} INFO - [2025-07-16T19:15:29.799+0000] {dag.py:3096} INFO - Sync 1 DAGs
[2025-07-16T19:15:29.833+0000] {logging_mixin.py:188} INFO - [2025-07-16T19:15:29.832+0000] {dag.py:3954} INFO - Setting next_dagrun for example_setup_teardown to 2025-07-15 00:00:00+00:00, run_after=2025-07-16 00:00:00+00:00
[2025-07-16T19:15:29.917+0000] {processor.py:183} INFO - Processing /mnt/c/Users/Shivam Gupta/OneDrive/Documents/Shivam_Developement/data_engineering/data_engineering_project/batch-etl-pyspark/.venv/lib/python3.12/site-packages/airflow/example_dags/example_setup_teardown.py took 0.199 seconds
[2025-07-16T19:16:52.738+0000] {processor.py:161} INFO - Started process (PID=12208) to work on /mnt/c/Users/Shivam Gupta/OneDrive/Documents/Shivam_Developement/data_engineering/data_engineering_project/batch-etl-pyspark/.venv/lib/python3.12/site-packages/airflow/example_dags/example_setup_teardown.py
[2025-07-16T19:16:52.740+0000] {processor.py:830} INFO - Processing file /mnt/c/Users/Shivam Gupta/OneDrive/Documents/Shivam_Developement/data_engineering/data_engineering_project/batch-etl-pyspark/.venv/lib/python3.12/site-packages/airflow/example_dags/example_setup_teardown.py for tasks to queue
[2025-07-16T19:16:52.744+0000] {logging_mixin.py:188} INFO - [2025-07-16T19:16:52.743+0000] {dagbag.py:545} INFO - Filling up the DagBag from /mnt/c/Users/Shivam Gupta/OneDrive/Documents/Shivam_Developement/data_engineering/data_engineering_project/batch-etl-pyspark/.venv/lib/python3.12/site-packages/airflow/example_dags/example_setup_teardown.py
[2025-07-16T19:16:52.776+0000] {processor.py:840} INFO - DAG(s) 'example_setup_teardown' retrieved from /mnt/c/Users/Shivam Gupta/OneDrive/Documents/Shivam_Developement/data_engineering/data_engineering_project/batch-etl-pyspark/.venv/lib/python3.12/site-packages/airflow/example_dags/example_setup_teardown.py
[2025-07-16T19:16:52.814+0000] {logging_mixin.py:188} INFO - [2025-07-16T19:16:52.811+0000] {dag.py:3096} INFO - Sync 1 DAGs
[2025-07-16T19:16:52.854+0000] {logging_mixin.py:188} INFO - [2025-07-16T19:16:52.853+0000] {dag.py:3954} INFO - Setting next_dagrun for example_setup_teardown to 2025-07-15 00:00:00+00:00, run_after=2025-07-16 00:00:00+00:00
[2025-07-16T19:16:52.950+0000] {processor.py:183} INFO - Processing /mnt/c/Users/Shivam Gupta/OneDrive/Documents/Shivam_Developement/data_engineering/data_engineering_project/batch-etl-pyspark/.venv/lib/python3.12/site-packages/airflow/example_dags/example_setup_teardown.py took 0.226 seconds
[2025-07-16T19:18:25.412+0000] {processor.py:161} INFO - Started process (PID=12376) to work on /mnt/c/Users/Shivam Gupta/OneDrive/Documents/Shivam_Developement/data_engineering/data_engineering_project/batch-etl-pyspark/.venv/lib/python3.12/site-packages/airflow/example_dags/example_setup_teardown.py
[2025-07-16T19:18:25.415+0000] {processor.py:830} INFO - Processing file /mnt/c/Users/Shivam Gupta/OneDrive/Documents/Shivam_Developement/data_engineering/data_engineering_project/batch-etl-pyspark/.venv/lib/python3.12/site-packages/airflow/example_dags/example_setup_teardown.py for tasks to queue
[2025-07-16T19:18:25.417+0000] {logging_mixin.py:188} INFO - [2025-07-16T19:18:25.416+0000] {dagbag.py:545} INFO - Filling up the DagBag from /mnt/c/Users/Shivam Gupta/OneDrive/Documents/Shivam_Developement/data_engineering/data_engineering_project/batch-etl-pyspark/.venv/lib/python3.12/site-packages/airflow/example_dags/example_setup_teardown.py
[2025-07-16T19:18:25.433+0000] {processor.py:840} INFO - DAG(s) 'example_setup_teardown' retrieved from /mnt/c/Users/Shivam Gupta/OneDrive/Documents/Shivam_Developement/data_engineering/data_engineering_project/batch-etl-pyspark/.venv/lib/python3.12/site-packages/airflow/example_dags/example_setup_teardown.py
[2025-07-16T19:18:25.455+0000] {logging_mixin.py:188} INFO - [2025-07-16T19:18:25.454+0000] {dag.py:3096} INFO - Sync 1 DAGs
[2025-07-16T19:18:25.477+0000] {logging_mixin.py:188} INFO - [2025-07-16T19:18:25.476+0000] {dag.py:3954} INFO - Setting next_dagrun for example_setup_teardown to 2025-07-15 00:00:00+00:00, run_after=2025-07-16 00:00:00+00:00
[2025-07-16T19:18:25.532+0000] {processor.py:183} INFO - Processing /mnt/c/Users/Shivam Gupta/OneDrive/Documents/Shivam_Developement/data_engineering/data_engineering_project/batch-etl-pyspark/.venv/lib/python3.12/site-packages/airflow/example_dags/example_setup_teardown.py took 0.128 seconds
[2025-07-16T19:19:45.134+0000] {processor.py:161} INFO - Started process (PID=12519) to work on /mnt/c/Users/Shivam Gupta/OneDrive/Documents/Shivam_Developement/data_engineering/data_engineering_project/batch-etl-pyspark/.venv/lib/python3.12/site-packages/airflow/example_dags/example_setup_teardown.py
[2025-07-16T19:19:45.136+0000] {processor.py:830} INFO - Processing file /mnt/c/Users/Shivam Gupta/OneDrive/Documents/Shivam_Developement/data_engineering/data_engineering_project/batch-etl-pyspark/.venv/lib/python3.12/site-packages/airflow/example_dags/example_setup_teardown.py for tasks to queue
[2025-07-16T19:19:45.138+0000] {logging_mixin.py:188} INFO - [2025-07-16T19:19:45.138+0000] {dagbag.py:545} INFO - Filling up the DagBag from /mnt/c/Users/Shivam Gupta/OneDrive/Documents/Shivam_Developement/data_engineering/data_engineering_project/batch-etl-pyspark/.venv/lib/python3.12/site-packages/airflow/example_dags/example_setup_teardown.py
[2025-07-16T19:19:45.160+0000] {processor.py:840} INFO - DAG(s) 'example_setup_teardown' retrieved from /mnt/c/Users/Shivam Gupta/OneDrive/Documents/Shivam_Developement/data_engineering/data_engineering_project/batch-etl-pyspark/.venv/lib/python3.12/site-packages/airflow/example_dags/example_setup_teardown.py
[2025-07-16T19:19:45.185+0000] {logging_mixin.py:188} INFO - [2025-07-16T19:19:45.185+0000] {dag.py:3096} INFO - Sync 1 DAGs
[2025-07-16T19:19:45.212+0000] {logging_mixin.py:188} INFO - [2025-07-16T19:19:45.211+0000] {dag.py:3954} INFO - Setting next_dagrun for example_setup_teardown to 2025-07-15 00:00:00+00:00, run_after=2025-07-16 00:00:00+00:00
[2025-07-16T19:19:45.281+0000] {processor.py:183} INFO - Processing /mnt/c/Users/Shivam Gupta/OneDrive/Documents/Shivam_Developement/data_engineering/data_engineering_project/batch-etl-pyspark/.venv/lib/python3.12/site-packages/airflow/example_dags/example_setup_teardown.py took 0.157 seconds
[2025-07-16T19:21:05.234+0000] {processor.py:161} INFO - Started process (PID=12667) to work on /mnt/c/Users/Shivam Gupta/OneDrive/Documents/Shivam_Developement/data_engineering/data_engineering_project/batch-etl-pyspark/.venv/lib/python3.12/site-packages/airflow/example_dags/example_setup_teardown.py
[2025-07-16T19:21:05.239+0000] {processor.py:830} INFO - Processing file /mnt/c/Users/Shivam Gupta/OneDrive/Documents/Shivam_Developement/data_engineering/data_engineering_project/batch-etl-pyspark/.venv/lib/python3.12/site-packages/airflow/example_dags/example_setup_teardown.py for tasks to queue
[2025-07-16T19:21:05.246+0000] {logging_mixin.py:188} INFO - [2025-07-16T19:21:05.244+0000] {dagbag.py:545} INFO - Filling up the DagBag from /mnt/c/Users/Shivam Gupta/OneDrive/Documents/Shivam_Developement/data_engineering/data_engineering_project/batch-etl-pyspark/.venv/lib/python3.12/site-packages/airflow/example_dags/example_setup_teardown.py
[2025-07-16T19:21:05.299+0000] {processor.py:840} INFO - DAG(s) 'example_setup_teardown' retrieved from /mnt/c/Users/Shivam Gupta/OneDrive/Documents/Shivam_Developement/data_engineering/data_engineering_project/batch-etl-pyspark/.venv/lib/python3.12/site-packages/airflow/example_dags/example_setup_teardown.py
[2025-07-16T19:21:05.367+0000] {logging_mixin.py:188} INFO - [2025-07-16T19:21:05.365+0000] {dag.py:3096} INFO - Sync 1 DAGs
[2025-07-16T19:21:05.427+0000] {logging_mixin.py:188} INFO - [2025-07-16T19:21:05.426+0000] {dag.py:3954} INFO - Setting next_dagrun for example_setup_teardown to 2025-07-15 00:00:00+00:00, run_after=2025-07-16 00:00:00+00:00
[2025-07-16T19:21:05.940+0000] {processor.py:183} INFO - Processing /mnt/c/Users/Shivam Gupta/OneDrive/Documents/Shivam_Developement/data_engineering/data_engineering_project/batch-etl-pyspark/.venv/lib/python3.12/site-packages/airflow/example_dags/example_setup_teardown.py took 0.737 seconds
[2025-07-16T19:22:40.929+0000] {processor.py:161} INFO - Started process (PID=12854) to work on /mnt/c/Users/Shivam Gupta/OneDrive/Documents/Shivam_Developement/data_engineering/data_engineering_project/batch-etl-pyspark/.venv/lib/python3.12/site-packages/airflow/example_dags/example_setup_teardown.py
[2025-07-16T19:22:40.930+0000] {processor.py:830} INFO - Processing file /mnt/c/Users/Shivam Gupta/OneDrive/Documents/Shivam_Developement/data_engineering/data_engineering_project/batch-etl-pyspark/.venv/lib/python3.12/site-packages/airflow/example_dags/example_setup_teardown.py for tasks to queue
[2025-07-16T19:22:40.933+0000] {logging_mixin.py:188} INFO - [2025-07-16T19:22:40.932+0000] {dagbag.py:545} INFO - Filling up the DagBag from /mnt/c/Users/Shivam Gupta/OneDrive/Documents/Shivam_Developement/data_engineering/data_engineering_project/batch-etl-pyspark/.venv/lib/python3.12/site-packages/airflow/example_dags/example_setup_teardown.py
[2025-07-16T19:22:40.949+0000] {processor.py:840} INFO - DAG(s) 'example_setup_teardown' retrieved from /mnt/c/Users/Shivam Gupta/OneDrive/Documents/Shivam_Developement/data_engineering/data_engineering_project/batch-etl-pyspark/.venv/lib/python3.12/site-packages/airflow/example_dags/example_setup_teardown.py
[2025-07-16T19:22:40.972+0000] {logging_mixin.py:188} INFO - [2025-07-16T19:22:40.971+0000] {dag.py:3096} INFO - Sync 1 DAGs
[2025-07-16T19:22:40.998+0000] {logging_mixin.py:188} INFO - [2025-07-16T19:22:40.997+0000] {dag.py:3954} INFO - Setting next_dagrun for example_setup_teardown to 2025-07-15 00:00:00+00:00, run_after=2025-07-16 00:00:00+00:00
[2025-07-16T19:22:41.050+0000] {processor.py:183} INFO - Processing /mnt/c/Users/Shivam Gupta/OneDrive/Documents/Shivam_Developement/data_engineering/data_engineering_project/batch-etl-pyspark/.venv/lib/python3.12/site-packages/airflow/example_dags/example_setup_teardown.py took 0.130 seconds
[2025-07-16T19:24:02.116+0000] {processor.py:161} INFO - Started process (PID=12979) to work on /mnt/c/Users/Shivam Gupta/OneDrive/Documents/Shivam_Developement/data_engineering/data_engineering_project/batch-etl-pyspark/.venv/lib/python3.12/site-packages/airflow/example_dags/example_setup_teardown.py
[2025-07-16T19:24:02.120+0000] {processor.py:830} INFO - Processing file /mnt/c/Users/Shivam Gupta/OneDrive/Documents/Shivam_Developement/data_engineering/data_engineering_project/batch-etl-pyspark/.venv/lib/python3.12/site-packages/airflow/example_dags/example_setup_teardown.py for tasks to queue
[2025-07-16T19:24:02.123+0000] {logging_mixin.py:188} INFO - [2025-07-16T19:24:02.122+0000] {dagbag.py:545} INFO - Filling up the DagBag from /mnt/c/Users/Shivam Gupta/OneDrive/Documents/Shivam_Developement/data_engineering/data_engineering_project/batch-etl-pyspark/.venv/lib/python3.12/site-packages/airflow/example_dags/example_setup_teardown.py
[2025-07-16T19:24:02.139+0000] {processor.py:840} INFO - DAG(s) 'example_setup_teardown' retrieved from /mnt/c/Users/Shivam Gupta/OneDrive/Documents/Shivam_Developement/data_engineering/data_engineering_project/batch-etl-pyspark/.venv/lib/python3.12/site-packages/airflow/example_dags/example_setup_teardown.py
[2025-07-16T19:24:02.173+0000] {logging_mixin.py:188} INFO - [2025-07-16T19:24:02.172+0000] {dag.py:3096} INFO - Sync 1 DAGs
[2025-07-16T19:24:02.199+0000] {logging_mixin.py:188} INFO - [2025-07-16T19:24:02.198+0000] {dag.py:3954} INFO - Setting next_dagrun for example_setup_teardown to 2025-07-15 00:00:00+00:00, run_after=2025-07-16 00:00:00+00:00
[2025-07-16T19:24:02.253+0000] {processor.py:183} INFO - Processing /mnt/c/Users/Shivam Gupta/OneDrive/Documents/Shivam_Developement/data_engineering/data_engineering_project/batch-etl-pyspark/.venv/lib/python3.12/site-packages/airflow/example_dags/example_setup_teardown.py took 0.150 seconds
[2025-07-16T19:25:25.582+0000] {processor.py:161} INFO - Started process (PID=13094) to work on /mnt/c/Users/Shivam Gupta/OneDrive/Documents/Shivam_Developement/data_engineering/data_engineering_project/batch-etl-pyspark/.venv/lib/python3.12/site-packages/airflow/example_dags/example_setup_teardown.py
[2025-07-16T19:25:25.584+0000] {processor.py:830} INFO - Processing file /mnt/c/Users/Shivam Gupta/OneDrive/Documents/Shivam_Developement/data_engineering/data_engineering_project/batch-etl-pyspark/.venv/lib/python3.12/site-packages/airflow/example_dags/example_setup_teardown.py for tasks to queue
[2025-07-16T19:25:25.588+0000] {logging_mixin.py:188} INFO - [2025-07-16T19:25:25.587+0000] {dagbag.py:545} INFO - Filling up the DagBag from /mnt/c/Users/Shivam Gupta/OneDrive/Documents/Shivam_Developement/data_engineering/data_engineering_project/batch-etl-pyspark/.venv/lib/python3.12/site-packages/airflow/example_dags/example_setup_teardown.py
[2025-07-16T19:25:25.617+0000] {processor.py:840} INFO - DAG(s) 'example_setup_teardown' retrieved from /mnt/c/Users/Shivam Gupta/OneDrive/Documents/Shivam_Developement/data_engineering/data_engineering_project/batch-etl-pyspark/.venv/lib/python3.12/site-packages/airflow/example_dags/example_setup_teardown.py
[2025-07-16T19:25:25.651+0000] {logging_mixin.py:188} INFO - [2025-07-16T19:25:25.650+0000] {dag.py:3096} INFO - Sync 1 DAGs
[2025-07-16T19:25:25.692+0000] {logging_mixin.py:188} INFO - [2025-07-16T19:25:25.690+0000] {dag.py:3954} INFO - Setting next_dagrun for example_setup_teardown to 2025-07-15 00:00:00+00:00, run_after=2025-07-16 00:00:00+00:00
[2025-07-16T19:25:25.770+0000] {processor.py:183} INFO - Processing /mnt/c/Users/Shivam Gupta/OneDrive/Documents/Shivam_Developement/data_engineering/data_engineering_project/batch-etl-pyspark/.venv/lib/python3.12/site-packages/airflow/example_dags/example_setup_teardown.py took 0.204 seconds
[2025-07-16T19:26:45.799+0000] {processor.py:161} INFO - Started process (PID=13189) to work on /mnt/c/Users/Shivam Gupta/OneDrive/Documents/Shivam_Developement/data_engineering/data_engineering_project/batch-etl-pyspark/.venv/lib/python3.12/site-packages/airflow/example_dags/example_setup_teardown.py
[2025-07-16T19:26:45.801+0000] {processor.py:830} INFO - Processing file /mnt/c/Users/Shivam Gupta/OneDrive/Documents/Shivam_Developement/data_engineering/data_engineering_project/batch-etl-pyspark/.venv/lib/python3.12/site-packages/airflow/example_dags/example_setup_teardown.py for tasks to queue
[2025-07-16T19:26:45.804+0000] {logging_mixin.py:188} INFO - [2025-07-16T19:26:45.803+0000] {dagbag.py:545} INFO - Filling up the DagBag from /mnt/c/Users/Shivam Gupta/OneDrive/Documents/Shivam_Developement/data_engineering/data_engineering_project/batch-etl-pyspark/.venv/lib/python3.12/site-packages/airflow/example_dags/example_setup_teardown.py
[2025-07-16T19:26:45.825+0000] {processor.py:840} INFO - DAG(s) 'example_setup_teardown' retrieved from /mnt/c/Users/Shivam Gupta/OneDrive/Documents/Shivam_Developement/data_engineering/data_engineering_project/batch-etl-pyspark/.venv/lib/python3.12/site-packages/airflow/example_dags/example_setup_teardown.py
[2025-07-16T19:26:45.850+0000] {logging_mixin.py:188} INFO - [2025-07-16T19:26:45.849+0000] {dag.py:3096} INFO - Sync 1 DAGs
[2025-07-16T19:26:45.945+0000] {logging_mixin.py:188} INFO - [2025-07-16T19:26:45.945+0000] {dag.py:3954} INFO - Setting next_dagrun for example_setup_teardown to 2025-07-15 00:00:00+00:00, run_after=2025-07-16 00:00:00+00:00
[2025-07-16T19:26:46.000+0000] {processor.py:183} INFO - Processing /mnt/c/Users/Shivam Gupta/OneDrive/Documents/Shivam_Developement/data_engineering/data_engineering_project/batch-etl-pyspark/.venv/lib/python3.12/site-packages/airflow/example_dags/example_setup_teardown.py took 0.213 seconds
[2025-07-16T19:28:01.404+0000] {processor.py:161} INFO - Started process (PID=13278) to work on /mnt/c/Users/Shivam Gupta/OneDrive/Documents/Shivam_Developement/data_engineering/data_engineering_project/batch-etl-pyspark/.venv/lib/python3.12/site-packages/airflow/example_dags/example_setup_teardown.py
[2025-07-16T19:28:01.405+0000] {processor.py:830} INFO - Processing file /mnt/c/Users/Shivam Gupta/OneDrive/Documents/Shivam_Developement/data_engineering/data_engineering_project/batch-etl-pyspark/.venv/lib/python3.12/site-packages/airflow/example_dags/example_setup_teardown.py for tasks to queue
[2025-07-16T19:28:01.408+0000] {logging_mixin.py:188} INFO - [2025-07-16T19:28:01.407+0000] {dagbag.py:545} INFO - Filling up the DagBag from /mnt/c/Users/Shivam Gupta/OneDrive/Documents/Shivam_Developement/data_engineering/data_engineering_project/batch-etl-pyspark/.venv/lib/python3.12/site-packages/airflow/example_dags/example_setup_teardown.py
[2025-07-16T19:28:01.426+0000] {processor.py:840} INFO - DAG(s) 'example_setup_teardown' retrieved from /mnt/c/Users/Shivam Gupta/OneDrive/Documents/Shivam_Developement/data_engineering/data_engineering_project/batch-etl-pyspark/.venv/lib/python3.12/site-packages/airflow/example_dags/example_setup_teardown.py
[2025-07-16T19:28:01.456+0000] {logging_mixin.py:188} INFO - [2025-07-16T19:28:01.455+0000] {dag.py:3096} INFO - Sync 1 DAGs
[2025-07-16T19:28:01.483+0000] {logging_mixin.py:188} INFO - [2025-07-16T19:28:01.482+0000] {dag.py:3954} INFO - Setting next_dagrun for example_setup_teardown to 2025-07-15 00:00:00+00:00, run_after=2025-07-16 00:00:00+00:00
[2025-07-16T19:28:01.545+0000] {processor.py:183} INFO - Processing /mnt/c/Users/Shivam Gupta/OneDrive/Documents/Shivam_Developement/data_engineering/data_engineering_project/batch-etl-pyspark/.venv/lib/python3.12/site-packages/airflow/example_dags/example_setup_teardown.py took 0.150 seconds
[2025-07-16T19:29:16.654+0000] {processor.py:161} INFO - Started process (PID=13402) to work on /mnt/c/Users/Shivam Gupta/OneDrive/Documents/Shivam_Developement/data_engineering/data_engineering_project/batch-etl-pyspark/.venv/lib/python3.12/site-packages/airflow/example_dags/example_setup_teardown.py
[2025-07-16T19:29:16.656+0000] {processor.py:830} INFO - Processing file /mnt/c/Users/Shivam Gupta/OneDrive/Documents/Shivam_Developement/data_engineering/data_engineering_project/batch-etl-pyspark/.venv/lib/python3.12/site-packages/airflow/example_dags/example_setup_teardown.py for tasks to queue
[2025-07-16T19:29:16.659+0000] {logging_mixin.py:188} INFO - [2025-07-16T19:29:16.658+0000] {dagbag.py:545} INFO - Filling up the DagBag from /mnt/c/Users/Shivam Gupta/OneDrive/Documents/Shivam_Developement/data_engineering/data_engineering_project/batch-etl-pyspark/.venv/lib/python3.12/site-packages/airflow/example_dags/example_setup_teardown.py
[2025-07-16T19:29:16.679+0000] {processor.py:840} INFO - DAG(s) 'example_setup_teardown' retrieved from /mnt/c/Users/Shivam Gupta/OneDrive/Documents/Shivam_Developement/data_engineering/data_engineering_project/batch-etl-pyspark/.venv/lib/python3.12/site-packages/airflow/example_dags/example_setup_teardown.py
[2025-07-16T19:29:16.707+0000] {logging_mixin.py:188} INFO - [2025-07-16T19:29:16.706+0000] {dag.py:3096} INFO - Sync 1 DAGs
[2025-07-16T19:29:16.737+0000] {logging_mixin.py:188} INFO - [2025-07-16T19:29:16.736+0000] {dag.py:3954} INFO - Setting next_dagrun for example_setup_teardown to 2025-07-15 00:00:00+00:00, run_after=2025-07-16 00:00:00+00:00
[2025-07-16T19:29:16.796+0000] {processor.py:183} INFO - Processing /mnt/c/Users/Shivam Gupta/OneDrive/Documents/Shivam_Developement/data_engineering/data_engineering_project/batch-etl-pyspark/.venv/lib/python3.12/site-packages/airflow/example_dags/example_setup_teardown.py took 0.152 seconds
[2025-07-16T19:30:31.805+0000] {processor.py:161} INFO - Started process (PID=13489) to work on /mnt/c/Users/Shivam Gupta/OneDrive/Documents/Shivam_Developement/data_engineering/data_engineering_project/batch-etl-pyspark/.venv/lib/python3.12/site-packages/airflow/example_dags/example_setup_teardown.py
[2025-07-16T19:30:31.806+0000] {processor.py:830} INFO - Processing file /mnt/c/Users/Shivam Gupta/OneDrive/Documents/Shivam_Developement/data_engineering/data_engineering_project/batch-etl-pyspark/.venv/lib/python3.12/site-packages/airflow/example_dags/example_setup_teardown.py for tasks to queue
[2025-07-16T19:30:31.808+0000] {logging_mixin.py:188} INFO - [2025-07-16T19:30:31.808+0000] {dagbag.py:545} INFO - Filling up the DagBag from /mnt/c/Users/Shivam Gupta/OneDrive/Documents/Shivam_Developement/data_engineering/data_engineering_project/batch-etl-pyspark/.venv/lib/python3.12/site-packages/airflow/example_dags/example_setup_teardown.py
[2025-07-16T19:30:31.822+0000] {processor.py:840} INFO - DAG(s) 'example_setup_teardown' retrieved from /mnt/c/Users/Shivam Gupta/OneDrive/Documents/Shivam_Developement/data_engineering/data_engineering_project/batch-etl-pyspark/.venv/lib/python3.12/site-packages/airflow/example_dags/example_setup_teardown.py
[2025-07-16T19:30:31.842+0000] {logging_mixin.py:188} INFO - [2025-07-16T19:30:31.841+0000] {dag.py:3096} INFO - Sync 1 DAGs
[2025-07-16T19:30:31.861+0000] {logging_mixin.py:188} INFO - [2025-07-16T19:30:31.861+0000] {dag.py:3954} INFO - Setting next_dagrun for example_setup_teardown to 2025-07-15 00:00:00+00:00, run_after=2025-07-16 00:00:00+00:00
[2025-07-16T19:30:31.909+0000] {processor.py:183} INFO - Processing /mnt/c/Users/Shivam Gupta/OneDrive/Documents/Shivam_Developement/data_engineering/data_engineering_project/batch-etl-pyspark/.venv/lib/python3.12/site-packages/airflow/example_dags/example_setup_teardown.py took 0.112 seconds
[2025-07-16T19:31:47.630+0000] {processor.py:161} INFO - Started process (PID=13647) to work on /mnt/c/Users/Shivam Gupta/OneDrive/Documents/Shivam_Developement/data_engineering/data_engineering_project/batch-etl-pyspark/.venv/lib/python3.12/site-packages/airflow/example_dags/example_setup_teardown.py
[2025-07-16T19:31:47.632+0000] {processor.py:830} INFO - Processing file /mnt/c/Users/Shivam Gupta/OneDrive/Documents/Shivam_Developement/data_engineering/data_engineering_project/batch-etl-pyspark/.venv/lib/python3.12/site-packages/airflow/example_dags/example_setup_teardown.py for tasks to queue
[2025-07-16T19:31:47.635+0000] {logging_mixin.py:188} INFO - [2025-07-16T19:31:47.634+0000] {dagbag.py:545} INFO - Filling up the DagBag from /mnt/c/Users/Shivam Gupta/OneDrive/Documents/Shivam_Developement/data_engineering/data_engineering_project/batch-etl-pyspark/.venv/lib/python3.12/site-packages/airflow/example_dags/example_setup_teardown.py
[2025-07-16T19:31:47.655+0000] {processor.py:840} INFO - DAG(s) 'example_setup_teardown' retrieved from /mnt/c/Users/Shivam Gupta/OneDrive/Documents/Shivam_Developement/data_engineering/data_engineering_project/batch-etl-pyspark/.venv/lib/python3.12/site-packages/airflow/example_dags/example_setup_teardown.py
[2025-07-16T19:31:47.683+0000] {logging_mixin.py:188} INFO - [2025-07-16T19:31:47.683+0000] {dag.py:3096} INFO - Sync 1 DAGs
[2025-07-16T19:31:47.718+0000] {logging_mixin.py:188} INFO - [2025-07-16T19:31:47.718+0000] {dag.py:3954} INFO - Setting next_dagrun for example_setup_teardown to 2025-07-15 00:00:00+00:00, run_after=2025-07-16 00:00:00+00:00
[2025-07-16T19:31:47.776+0000] {processor.py:183} INFO - Processing /mnt/c/Users/Shivam Gupta/OneDrive/Documents/Shivam_Developement/data_engineering/data_engineering_project/batch-etl-pyspark/.venv/lib/python3.12/site-packages/airflow/example_dags/example_setup_teardown.py took 0.156 seconds
[2025-07-16T19:32:52.344+0000] {processor.py:161} INFO - Started process (PID=13772) to work on /mnt/c/Users/Shivam Gupta/OneDrive/Documents/Shivam_Developement/data_engineering/data_engineering_project/batch-etl-pyspark/.venv/lib/python3.12/site-packages/airflow/example_dags/example_setup_teardown.py
[2025-07-16T19:32:52.346+0000] {processor.py:830} INFO - Processing file /mnt/c/Users/Shivam Gupta/OneDrive/Documents/Shivam_Developement/data_engineering/data_engineering_project/batch-etl-pyspark/.venv/lib/python3.12/site-packages/airflow/example_dags/example_setup_teardown.py for tasks to queue
[2025-07-16T19:32:52.349+0000] {logging_mixin.py:188} INFO - [2025-07-16T19:32:52.348+0000] {dagbag.py:545} INFO - Filling up the DagBag from /mnt/c/Users/Shivam Gupta/OneDrive/Documents/Shivam_Developement/data_engineering/data_engineering_project/batch-etl-pyspark/.venv/lib/python3.12/site-packages/airflow/example_dags/example_setup_teardown.py
[2025-07-16T19:32:52.379+0000] {processor.py:840} INFO - DAG(s) 'example_setup_teardown' retrieved from /mnt/c/Users/Shivam Gupta/OneDrive/Documents/Shivam_Developement/data_engineering/data_engineering_project/batch-etl-pyspark/.venv/lib/python3.12/site-packages/airflow/example_dags/example_setup_teardown.py
[2025-07-16T19:32:52.408+0000] {logging_mixin.py:188} INFO - [2025-07-16T19:32:52.407+0000] {dag.py:3096} INFO - Sync 1 DAGs
[2025-07-16T19:32:52.434+0000] {logging_mixin.py:188} INFO - [2025-07-16T19:32:52.434+0000] {dag.py:3954} INFO - Setting next_dagrun for example_setup_teardown to 2025-07-15 00:00:00+00:00, run_after=2025-07-16 00:00:00+00:00
[2025-07-16T19:32:52.507+0000] {processor.py:183} INFO - Processing /mnt/c/Users/Shivam Gupta/OneDrive/Documents/Shivam_Developement/data_engineering/data_engineering_project/batch-etl-pyspark/.venv/lib/python3.12/site-packages/airflow/example_dags/example_setup_teardown.py took 0.176 seconds
[2025-07-16T19:34:06.525+0000] {processor.py:161} INFO - Started process (PID=13916) to work on /mnt/c/Users/Shivam Gupta/OneDrive/Documents/Shivam_Developement/data_engineering/data_engineering_project/batch-etl-pyspark/.venv/lib/python3.12/site-packages/airflow/example_dags/example_setup_teardown.py
[2025-07-16T19:34:06.527+0000] {processor.py:830} INFO - Processing file /mnt/c/Users/Shivam Gupta/OneDrive/Documents/Shivam_Developement/data_engineering/data_engineering_project/batch-etl-pyspark/.venv/lib/python3.12/site-packages/airflow/example_dags/example_setup_teardown.py for tasks to queue
[2025-07-16T19:34:06.530+0000] {logging_mixin.py:188} INFO - [2025-07-16T19:34:06.529+0000] {dagbag.py:545} INFO - Filling up the DagBag from /mnt/c/Users/Shivam Gupta/OneDrive/Documents/Shivam_Developement/data_engineering/data_engineering_project/batch-etl-pyspark/.venv/lib/python3.12/site-packages/airflow/example_dags/example_setup_teardown.py
[2025-07-16T19:34:06.549+0000] {processor.py:840} INFO - DAG(s) 'example_setup_teardown' retrieved from /mnt/c/Users/Shivam Gupta/OneDrive/Documents/Shivam_Developement/data_engineering/data_engineering_project/batch-etl-pyspark/.venv/lib/python3.12/site-packages/airflow/example_dags/example_setup_teardown.py
[2025-07-16T19:34:06.573+0000] {logging_mixin.py:188} INFO - [2025-07-16T19:34:06.572+0000] {dag.py:3096} INFO - Sync 1 DAGs
[2025-07-16T19:34:06.599+0000] {logging_mixin.py:188} INFO - [2025-07-16T19:34:06.598+0000] {dag.py:3954} INFO - Setting next_dagrun for example_setup_teardown to 2025-07-15 00:00:00+00:00, run_after=2025-07-16 00:00:00+00:00
[2025-07-16T19:34:06.653+0000] {processor.py:183} INFO - Processing /mnt/c/Users/Shivam Gupta/OneDrive/Documents/Shivam_Developement/data_engineering/data_engineering_project/batch-etl-pyspark/.venv/lib/python3.12/site-packages/airflow/example_dags/example_setup_teardown.py took 0.138 seconds
[2025-07-16T19:35:18.558+0000] {processor.py:161} INFO - Started process (PID=14003) to work on /mnt/c/Users/Shivam Gupta/OneDrive/Documents/Shivam_Developement/data_engineering/data_engineering_project/batch-etl-pyspark/.venv/lib/python3.12/site-packages/airflow/example_dags/example_setup_teardown.py
[2025-07-16T19:35:18.560+0000] {processor.py:830} INFO - Processing file /mnt/c/Users/Shivam Gupta/OneDrive/Documents/Shivam_Developement/data_engineering/data_engineering_project/batch-etl-pyspark/.venv/lib/python3.12/site-packages/airflow/example_dags/example_setup_teardown.py for tasks to queue
[2025-07-16T19:35:18.563+0000] {logging_mixin.py:188} INFO - [2025-07-16T19:35:18.562+0000] {dagbag.py:545} INFO - Filling up the DagBag from /mnt/c/Users/Shivam Gupta/OneDrive/Documents/Shivam_Developement/data_engineering/data_engineering_project/batch-etl-pyspark/.venv/lib/python3.12/site-packages/airflow/example_dags/example_setup_teardown.py
[2025-07-16T19:35:18.588+0000] {processor.py:840} INFO - DAG(s) 'example_setup_teardown' retrieved from /mnt/c/Users/Shivam Gupta/OneDrive/Documents/Shivam_Developement/data_engineering/data_engineering_project/batch-etl-pyspark/.venv/lib/python3.12/site-packages/airflow/example_dags/example_setup_teardown.py
[2025-07-16T19:35:18.617+0000] {logging_mixin.py:188} INFO - [2025-07-16T19:35:18.616+0000] {dag.py:3096} INFO - Sync 1 DAGs
[2025-07-16T19:35:18.641+0000] {logging_mixin.py:188} INFO - [2025-07-16T19:35:18.641+0000] {dag.py:3954} INFO - Setting next_dagrun for example_setup_teardown to 2025-07-15 00:00:00+00:00, run_after=2025-07-16 00:00:00+00:00
[2025-07-16T19:35:18.717+0000] {processor.py:183} INFO - Processing /mnt/c/Users/Shivam Gupta/OneDrive/Documents/Shivam_Developement/data_engineering/data_engineering_project/batch-etl-pyspark/.venv/lib/python3.12/site-packages/airflow/example_dags/example_setup_teardown.py took 0.172 seconds
[2025-07-16T19:36:32.503+0000] {processor.py:161} INFO - Started process (PID=14230) to work on /mnt/c/Users/Shivam Gupta/OneDrive/Documents/Shivam_Developement/data_engineering/data_engineering_project/batch-etl-pyspark/.venv/lib/python3.12/site-packages/airflow/example_dags/example_setup_teardown.py
[2025-07-16T19:36:32.505+0000] {processor.py:830} INFO - Processing file /mnt/c/Users/Shivam Gupta/OneDrive/Documents/Shivam_Developement/data_engineering/data_engineering_project/batch-etl-pyspark/.venv/lib/python3.12/site-packages/airflow/example_dags/example_setup_teardown.py for tasks to queue
[2025-07-16T19:36:32.508+0000] {logging_mixin.py:188} INFO - [2025-07-16T19:36:32.507+0000] {dagbag.py:545} INFO - Filling up the DagBag from /mnt/c/Users/Shivam Gupta/OneDrive/Documents/Shivam_Developement/data_engineering/data_engineering_project/batch-etl-pyspark/.venv/lib/python3.12/site-packages/airflow/example_dags/example_setup_teardown.py
[2025-07-16T19:36:32.529+0000] {processor.py:840} INFO - DAG(s) 'example_setup_teardown' retrieved from /mnt/c/Users/Shivam Gupta/OneDrive/Documents/Shivam_Developement/data_engineering/data_engineering_project/batch-etl-pyspark/.venv/lib/python3.12/site-packages/airflow/example_dags/example_setup_teardown.py
[2025-07-16T19:36:32.559+0000] {logging_mixin.py:188} INFO - [2025-07-16T19:36:32.558+0000] {dag.py:3096} INFO - Sync 1 DAGs
[2025-07-16T19:36:32.590+0000] {logging_mixin.py:188} INFO - [2025-07-16T19:36:32.589+0000] {dag.py:3954} INFO - Setting next_dagrun for example_setup_teardown to 2025-07-15 00:00:00+00:00, run_after=2025-07-16 00:00:00+00:00
[2025-07-16T19:36:32.712+0000] {processor.py:183} INFO - Processing /mnt/c/Users/Shivam Gupta/OneDrive/Documents/Shivam_Developement/data_engineering/data_engineering_project/batch-etl-pyspark/.venv/lib/python3.12/site-packages/airflow/example_dags/example_setup_teardown.py took 0.220 seconds
[2025-07-16T19:49:10.184+0000] {processor.py:161} INFO - Started process (PID=15082) to work on /mnt/c/Users/Shivam Gupta/OneDrive/Documents/Shivam_Developement/data_engineering/data_engineering_project/batch-etl-pyspark/.venv/lib/python3.12/site-packages/airflow/example_dags/example_setup_teardown.py
[2025-07-16T19:49:10.186+0000] {processor.py:830} INFO - Processing file /mnt/c/Users/Shivam Gupta/OneDrive/Documents/Shivam_Developement/data_engineering/data_engineering_project/batch-etl-pyspark/.venv/lib/python3.12/site-packages/airflow/example_dags/example_setup_teardown.py for tasks to queue
[2025-07-16T19:49:10.189+0000] {logging_mixin.py:188} INFO - [2025-07-16T19:49:10.188+0000] {dagbag.py:545} INFO - Filling up the DagBag from /mnt/c/Users/Shivam Gupta/OneDrive/Documents/Shivam_Developement/data_engineering/data_engineering_project/batch-etl-pyspark/.venv/lib/python3.12/site-packages/airflow/example_dags/example_setup_teardown.py
[2025-07-16T19:49:10.211+0000] {processor.py:840} INFO - DAG(s) 'example_setup_teardown' retrieved from /mnt/c/Users/Shivam Gupta/OneDrive/Documents/Shivam_Developement/data_engineering/data_engineering_project/batch-etl-pyspark/.venv/lib/python3.12/site-packages/airflow/example_dags/example_setup_teardown.py
[2025-07-16T19:49:10.248+0000] {logging_mixin.py:188} INFO - [2025-07-16T19:49:10.247+0000] {dag.py:3096} INFO - Sync 1 DAGs
[2025-07-16T19:49:10.279+0000] {logging_mixin.py:188} INFO - [2025-07-16T19:49:10.278+0000] {dag.py:3954} INFO - Setting next_dagrun for example_setup_teardown to 2025-07-15 00:00:00+00:00, run_after=2025-07-16 00:00:00+00:00
[2025-07-16T19:49:10.344+0000] {processor.py:183} INFO - Processing /mnt/c/Users/Shivam Gupta/OneDrive/Documents/Shivam_Developement/data_engineering/data_engineering_project/batch-etl-pyspark/.venv/lib/python3.12/site-packages/airflow/example_dags/example_setup_teardown.py took 0.171 seconds
[2025-07-16T19:50:26.426+0000] {processor.py:161} INFO - Started process (PID=15185) to work on /mnt/c/Users/Shivam Gupta/OneDrive/Documents/Shivam_Developement/data_engineering/data_engineering_project/batch-etl-pyspark/.venv/lib/python3.12/site-packages/airflow/example_dags/example_setup_teardown.py
[2025-07-16T19:50:26.427+0000] {processor.py:830} INFO - Processing file /mnt/c/Users/Shivam Gupta/OneDrive/Documents/Shivam_Developement/data_engineering/data_engineering_project/batch-etl-pyspark/.venv/lib/python3.12/site-packages/airflow/example_dags/example_setup_teardown.py for tasks to queue
[2025-07-16T19:50:26.430+0000] {logging_mixin.py:188} INFO - [2025-07-16T19:50:26.429+0000] {dagbag.py:545} INFO - Filling up the DagBag from /mnt/c/Users/Shivam Gupta/OneDrive/Documents/Shivam_Developement/data_engineering/data_engineering_project/batch-etl-pyspark/.venv/lib/python3.12/site-packages/airflow/example_dags/example_setup_teardown.py
[2025-07-16T19:50:26.445+0000] {processor.py:840} INFO - DAG(s) 'example_setup_teardown' retrieved from /mnt/c/Users/Shivam Gupta/OneDrive/Documents/Shivam_Developement/data_engineering/data_engineering_project/batch-etl-pyspark/.venv/lib/python3.12/site-packages/airflow/example_dags/example_setup_teardown.py
[2025-07-16T19:50:26.465+0000] {logging_mixin.py:188} INFO - [2025-07-16T19:50:26.463+0000] {dag.py:3096} INFO - Sync 1 DAGs
[2025-07-16T19:50:26.499+0000] {logging_mixin.py:188} INFO - [2025-07-16T19:50:26.498+0000] {dag.py:3954} INFO - Setting next_dagrun for example_setup_teardown to 2025-07-15 00:00:00+00:00, run_after=2025-07-16 00:00:00+00:00
[2025-07-16T19:50:26.561+0000] {processor.py:183} INFO - Processing /mnt/c/Users/Shivam Gupta/OneDrive/Documents/Shivam_Developement/data_engineering/data_engineering_project/batch-etl-pyspark/.venv/lib/python3.12/site-packages/airflow/example_dags/example_setup_teardown.py took 0.142 seconds
[2025-07-16T19:51:51.663+0000] {processor.py:161} INFO - Started process (PID=15276) to work on /mnt/c/Users/Shivam Gupta/OneDrive/Documents/Shivam_Developement/data_engineering/data_engineering_project/batch-etl-pyspark/.venv/lib/python3.12/site-packages/airflow/example_dags/example_setup_teardown.py
[2025-07-16T19:51:51.667+0000] {processor.py:830} INFO - Processing file /mnt/c/Users/Shivam Gupta/OneDrive/Documents/Shivam_Developement/data_engineering/data_engineering_project/batch-etl-pyspark/.venv/lib/python3.12/site-packages/airflow/example_dags/example_setup_teardown.py for tasks to queue
[2025-07-16T19:51:51.671+0000] {logging_mixin.py:188} INFO - [2025-07-16T19:51:51.669+0000] {dagbag.py:545} INFO - Filling up the DagBag from /mnt/c/Users/Shivam Gupta/OneDrive/Documents/Shivam_Developement/data_engineering/data_engineering_project/batch-etl-pyspark/.venv/lib/python3.12/site-packages/airflow/example_dags/example_setup_teardown.py
[2025-07-16T19:51:51.707+0000] {processor.py:840} INFO - DAG(s) 'example_setup_teardown' retrieved from /mnt/c/Users/Shivam Gupta/OneDrive/Documents/Shivam_Developement/data_engineering/data_engineering_project/batch-etl-pyspark/.venv/lib/python3.12/site-packages/airflow/example_dags/example_setup_teardown.py
[2025-07-16T19:51:51.749+0000] {logging_mixin.py:188} INFO - [2025-07-16T19:51:51.748+0000] {dag.py:3096} INFO - Sync 1 DAGs
[2025-07-16T19:51:51.790+0000] {logging_mixin.py:188} INFO - [2025-07-16T19:51:51.789+0000] {dag.py:3954} INFO - Setting next_dagrun for example_setup_teardown to 2025-07-15 00:00:00+00:00, run_after=2025-07-16 00:00:00+00:00
[2025-07-16T19:51:51.882+0000] {processor.py:183} INFO - Processing /mnt/c/Users/Shivam Gupta/OneDrive/Documents/Shivam_Developement/data_engineering/data_engineering_project/batch-etl-pyspark/.venv/lib/python3.12/site-packages/airflow/example_dags/example_setup_teardown.py took 0.236 seconds
[2025-07-16T19:53:26.093+0000] {processor.py:161} INFO - Started process (PID=15440) to work on /mnt/c/Users/Shivam Gupta/OneDrive/Documents/Shivam_Developement/data_engineering/data_engineering_project/batch-etl-pyspark/.venv/lib/python3.12/site-packages/airflow/example_dags/example_setup_teardown.py
[2025-07-16T19:53:26.097+0000] {processor.py:830} INFO - Processing file /mnt/c/Users/Shivam Gupta/OneDrive/Documents/Shivam_Developement/data_engineering/data_engineering_project/batch-etl-pyspark/.venv/lib/python3.12/site-packages/airflow/example_dags/example_setup_teardown.py for tasks to queue
[2025-07-16T19:53:26.102+0000] {logging_mixin.py:188} INFO - [2025-07-16T19:53:26.100+0000] {dagbag.py:545} INFO - Filling up the DagBag from /mnt/c/Users/Shivam Gupta/OneDrive/Documents/Shivam_Developement/data_engineering/data_engineering_project/batch-etl-pyspark/.venv/lib/python3.12/site-packages/airflow/example_dags/example_setup_teardown.py
[2025-07-16T19:53:26.141+0000] {processor.py:840} INFO - DAG(s) 'example_setup_teardown' retrieved from /mnt/c/Users/Shivam Gupta/OneDrive/Documents/Shivam_Developement/data_engineering/data_engineering_project/batch-etl-pyspark/.venv/lib/python3.12/site-packages/airflow/example_dags/example_setup_teardown.py
[2025-07-16T19:53:26.186+0000] {logging_mixin.py:188} INFO - [2025-07-16T19:53:26.184+0000] {dag.py:3096} INFO - Sync 1 DAGs
[2025-07-16T19:53:26.222+0000] {logging_mixin.py:188} INFO - [2025-07-16T19:53:26.220+0000] {dag.py:3954} INFO - Setting next_dagrun for example_setup_teardown to 2025-07-15 00:00:00+00:00, run_after=2025-07-16 00:00:00+00:00
[2025-07-16T19:53:26.311+0000] {processor.py:183} INFO - Processing /mnt/c/Users/Shivam Gupta/OneDrive/Documents/Shivam_Developement/data_engineering/data_engineering_project/batch-etl-pyspark/.venv/lib/python3.12/site-packages/airflow/example_dags/example_setup_teardown.py took 0.270 seconds
