[2025-07-16T17:46:46.194+0000] {processor.py:161} INFO - Started process (PID=5750) to work on /mnt/c/Users/Shivam Gupta/OneDrive/Documents/Shivam_Developement/data_engineering/data_engineering_project/batch-etl-pyspark/.venv/lib/python3.12/site-packages/airflow/example_dags/example_task_group.py
[2025-07-16T17:46:46.195+0000] {processor.py:830} INFO - Processing file /mnt/c/Users/Shivam Gupta/OneDrive/Documents/Shivam_Developement/data_engineering/data_engineering_project/batch-etl-pyspark/.venv/lib/python3.12/site-packages/airflow/example_dags/example_task_group.py for tasks to queue
[2025-07-16T17:46:46.209+0000] {logging_mixin.py:188} INFO - [2025-07-16T17:46:46.208+0000] {dagbag.py:545} INFO - Filling up the DagBag from /mnt/c/Users/Shivam Gupta/OneDrive/Documents/Shivam_Developement/data_engineering/data_engineering_project/batch-etl-pyspark/.venv/lib/python3.12/site-packages/airflow/example_dags/example_task_group.py
[2025-07-16T17:46:46.243+0000] {processor.py:840} INFO - DAG(s) 'example_task_group' retrieved from /mnt/c/Users/Shivam Gupta/OneDrive/Documents/Shivam_Developement/data_engineering/data_engineering_project/batch-etl-pyspark/.venv/lib/python3.12/site-packages/airflow/example_dags/example_task_group.py
[2025-07-16T17:46:46.901+0000] {logging_mixin.py:188} INFO - [2025-07-16T17:46:46.899+0000] {override.py:1930} INFO - Created Permission View: can read on DAG:example_task_group
[2025-07-16T17:46:46.930+0000] {logging_mixin.py:188} INFO - [2025-07-16T17:46:46.929+0000] {override.py:1930} INFO - Created Permission View: can edit on DAG:example_task_group
[2025-07-16T17:46:47.008+0000] {logging_mixin.py:188} INFO - [2025-07-16T17:46:47.007+0000] {override.py:1930} INFO - Created Permission View: can delete on DAG:example_task_group
[2025-07-16T17:46:47.011+0000] {logging_mixin.py:188} INFO - [2025-07-16T17:46:47.010+0000] {dag.py:3096} INFO - Sync 1 DAGs
[2025-07-16T17:46:47.031+0000] {logging_mixin.py:188} INFO - [2025-07-16T17:46:47.031+0000] {dag.py:3118} INFO - Creating ORM DAG for example_task_group
[2025-07-16T17:46:47.045+0000] {logging_mixin.py:188} INFO - [2025-07-16T17:46:47.044+0000] {dag.py:3954} INFO - Setting next_dagrun for example_task_group to 2025-07-15 00:00:00+00:00, run_after=2025-07-16 00:00:00+00:00
[2025-07-16T17:46:47.113+0000] {processor.py:183} INFO - Processing /mnt/c/Users/Shivam Gupta/OneDrive/Documents/Shivam_Developement/data_engineering/data_engineering_project/batch-etl-pyspark/.venv/lib/python3.12/site-packages/airflow/example_dags/example_task_group.py took 0.926 seconds
[2025-07-16T17:48:43.648+0000] {processor.py:161} INFO - Started process (PID=5827) to work on /mnt/c/Users/Shivam Gupta/OneDrive/Documents/Shivam_Developement/data_engineering/data_engineering_project/batch-etl-pyspark/.venv/lib/python3.12/site-packages/airflow/example_dags/example_task_group.py
[2025-07-16T17:48:43.651+0000] {processor.py:830} INFO - Processing file /mnt/c/Users/Shivam Gupta/OneDrive/Documents/Shivam_Developement/data_engineering/data_engineering_project/batch-etl-pyspark/.venv/lib/python3.12/site-packages/airflow/example_dags/example_task_group.py for tasks to queue
[2025-07-16T17:48:43.655+0000] {logging_mixin.py:188} INFO - [2025-07-16T17:48:43.653+0000] {dagbag.py:545} INFO - Filling up the DagBag from /mnt/c/Users/Shivam Gupta/OneDrive/Documents/Shivam_Developement/data_engineering/data_engineering_project/batch-etl-pyspark/.venv/lib/python3.12/site-packages/airflow/example_dags/example_task_group.py
[2025-07-16T17:48:43.682+0000] {processor.py:840} INFO - DAG(s) 'example_task_group' retrieved from /mnt/c/Users/Shivam Gupta/OneDrive/Documents/Shivam_Developement/data_engineering/data_engineering_project/batch-etl-pyspark/.venv/lib/python3.12/site-packages/airflow/example_dags/example_task_group.py
[2025-07-16T17:48:43.715+0000] {logging_mixin.py:188} INFO - [2025-07-16T17:48:43.713+0000] {dag.py:3096} INFO - Sync 1 DAGs
[2025-07-16T17:48:43.748+0000] {logging_mixin.py:188} INFO - [2025-07-16T17:48:43.747+0000] {dag.py:3954} INFO - Setting next_dagrun for example_task_group to 2025-07-15 00:00:00+00:00, run_after=2025-07-16 00:00:00+00:00
[2025-07-16T17:48:43.832+0000] {processor.py:183} INFO - Processing /mnt/c/Users/Shivam Gupta/OneDrive/Documents/Shivam_Developement/data_engineering/data_engineering_project/batch-etl-pyspark/.venv/lib/python3.12/site-packages/airflow/example_dags/example_task_group.py took 0.195 seconds
[2025-07-16T17:49:42.340+0000] {processor.py:161} INFO - Started process (PID=5888) to work on /mnt/c/Users/Shivam Gupta/OneDrive/Documents/Shivam_Developement/data_engineering/data_engineering_project/batch-etl-pyspark/.venv/lib/python3.12/site-packages/airflow/example_dags/example_task_group.py
[2025-07-16T17:49:42.342+0000] {processor.py:830} INFO - Processing file /mnt/c/Users/Shivam Gupta/OneDrive/Documents/Shivam_Developement/data_engineering/data_engineering_project/batch-etl-pyspark/.venv/lib/python3.12/site-packages/airflow/example_dags/example_task_group.py for tasks to queue
[2025-07-16T17:49:42.345+0000] {logging_mixin.py:188} INFO - [2025-07-16T17:49:42.344+0000] {dagbag.py:545} INFO - Filling up the DagBag from /mnt/c/Users/Shivam Gupta/OneDrive/Documents/Shivam_Developement/data_engineering/data_engineering_project/batch-etl-pyspark/.venv/lib/python3.12/site-packages/airflow/example_dags/example_task_group.py
[2025-07-16T17:49:42.368+0000] {processor.py:840} INFO - DAG(s) 'example_task_group' retrieved from /mnt/c/Users/Shivam Gupta/OneDrive/Documents/Shivam_Developement/data_engineering/data_engineering_project/batch-etl-pyspark/.venv/lib/python3.12/site-packages/airflow/example_dags/example_task_group.py
[2025-07-16T17:49:42.396+0000] {logging_mixin.py:188} INFO - [2025-07-16T17:49:42.395+0000] {dag.py:3096} INFO - Sync 1 DAGs
[2025-07-16T17:49:42.421+0000] {logging_mixin.py:188} INFO - [2025-07-16T17:49:42.421+0000] {dag.py:3954} INFO - Setting next_dagrun for example_task_group to 2025-07-15 00:00:00+00:00, run_after=2025-07-16 00:00:00+00:00
[2025-07-16T17:49:42.478+0000] {processor.py:183} INFO - Processing /mnt/c/Users/Shivam Gupta/OneDrive/Documents/Shivam_Developement/data_engineering/data_engineering_project/batch-etl-pyspark/.venv/lib/python3.12/site-packages/airflow/example_dags/example_task_group.py took 0.150 seconds
[2025-07-16T17:51:13.376+0000] {processor.py:161} INFO - Started process (PID=5978) to work on /mnt/c/Users/Shivam Gupta/OneDrive/Documents/Shivam_Developement/data_engineering/data_engineering_project/batch-etl-pyspark/.venv/lib/python3.12/site-packages/airflow/example_dags/example_task_group.py
[2025-07-16T17:51:13.377+0000] {processor.py:830} INFO - Processing file /mnt/c/Users/Shivam Gupta/OneDrive/Documents/Shivam_Developement/data_engineering/data_engineering_project/batch-etl-pyspark/.venv/lib/python3.12/site-packages/airflow/example_dags/example_task_group.py for tasks to queue
[2025-07-16T17:51:13.380+0000] {logging_mixin.py:188} INFO - [2025-07-16T17:51:13.379+0000] {dagbag.py:545} INFO - Filling up the DagBag from /mnt/c/Users/Shivam Gupta/OneDrive/Documents/Shivam_Developement/data_engineering/data_engineering_project/batch-etl-pyspark/.venv/lib/python3.12/site-packages/airflow/example_dags/example_task_group.py
[2025-07-16T17:51:13.394+0000] {processor.py:840} INFO - DAG(s) 'example_task_group' retrieved from /mnt/c/Users/Shivam Gupta/OneDrive/Documents/Shivam_Developement/data_engineering/data_engineering_project/batch-etl-pyspark/.venv/lib/python3.12/site-packages/airflow/example_dags/example_task_group.py
[2025-07-16T17:51:13.415+0000] {logging_mixin.py:188} INFO - [2025-07-16T17:51:13.414+0000] {dag.py:3096} INFO - Sync 1 DAGs
[2025-07-16T17:51:13.435+0000] {logging_mixin.py:188} INFO - [2025-07-16T17:51:13.435+0000] {dag.py:3954} INFO - Setting next_dagrun for example_task_group to 2025-07-15 00:00:00+00:00, run_after=2025-07-16 00:00:00+00:00
[2025-07-16T17:51:13.490+0000] {processor.py:183} INFO - Processing /mnt/c/Users/Shivam Gupta/OneDrive/Documents/Shivam_Developement/data_engineering/data_engineering_project/batch-etl-pyspark/.venv/lib/python3.12/site-packages/airflow/example_dags/example_task_group.py took 0.122 seconds
[2025-07-16T17:52:21.161+0000] {processor.py:161} INFO - Started process (PID=6047) to work on /mnt/c/Users/Shivam Gupta/OneDrive/Documents/Shivam_Developement/data_engineering/data_engineering_project/batch-etl-pyspark/.venv/lib/python3.12/site-packages/airflow/example_dags/example_task_group.py
[2025-07-16T17:52:21.164+0000] {processor.py:830} INFO - Processing file /mnt/c/Users/Shivam Gupta/OneDrive/Documents/Shivam_Developement/data_engineering/data_engineering_project/batch-etl-pyspark/.venv/lib/python3.12/site-packages/airflow/example_dags/example_task_group.py for tasks to queue
[2025-07-16T17:52:21.169+0000] {logging_mixin.py:188} INFO - [2025-07-16T17:52:21.167+0000] {dagbag.py:545} INFO - Filling up the DagBag from /mnt/c/Users/Shivam Gupta/OneDrive/Documents/Shivam_Developement/data_engineering/data_engineering_project/batch-etl-pyspark/.venv/lib/python3.12/site-packages/airflow/example_dags/example_task_group.py
[2025-07-16T17:52:21.202+0000] {processor.py:840} INFO - DAG(s) 'example_task_group' retrieved from /mnt/c/Users/Shivam Gupta/OneDrive/Documents/Shivam_Developement/data_engineering/data_engineering_project/batch-etl-pyspark/.venv/lib/python3.12/site-packages/airflow/example_dags/example_task_group.py
[2025-07-16T17:52:21.246+0000] {logging_mixin.py:188} INFO - [2025-07-16T17:52:21.244+0000] {dag.py:3096} INFO - Sync 1 DAGs
[2025-07-16T17:52:21.285+0000] {logging_mixin.py:188} INFO - [2025-07-16T17:52:21.283+0000] {dag.py:3954} INFO - Setting next_dagrun for example_task_group to 2025-07-15 00:00:00+00:00, run_after=2025-07-16 00:00:00+00:00
[2025-07-16T17:52:21.390+0000] {processor.py:183} INFO - Processing /mnt/c/Users/Shivam Gupta/OneDrive/Documents/Shivam_Developement/data_engineering/data_engineering_project/batch-etl-pyspark/.venv/lib/python3.12/site-packages/airflow/example_dags/example_task_group.py took 0.246 seconds
[2025-07-16T17:53:48.942+0000] {processor.py:161} INFO - Started process (PID=6134) to work on /mnt/c/Users/Shivam Gupta/OneDrive/Documents/Shivam_Developement/data_engineering/data_engineering_project/batch-etl-pyspark/.venv/lib/python3.12/site-packages/airflow/example_dags/example_task_group.py
[2025-07-16T17:53:48.945+0000] {processor.py:830} INFO - Processing file /mnt/c/Users/Shivam Gupta/OneDrive/Documents/Shivam_Developement/data_engineering/data_engineering_project/batch-etl-pyspark/.venv/lib/python3.12/site-packages/airflow/example_dags/example_task_group.py for tasks to queue
[2025-07-16T17:53:48.950+0000] {logging_mixin.py:188} INFO - [2025-07-16T17:53:48.948+0000] {dagbag.py:545} INFO - Filling up the DagBag from /mnt/c/Users/Shivam Gupta/OneDrive/Documents/Shivam_Developement/data_engineering/data_engineering_project/batch-etl-pyspark/.venv/lib/python3.12/site-packages/airflow/example_dags/example_task_group.py
[2025-07-16T17:53:48.975+0000] {processor.py:840} INFO - DAG(s) 'example_task_group' retrieved from /mnt/c/Users/Shivam Gupta/OneDrive/Documents/Shivam_Developement/data_engineering/data_engineering_project/batch-etl-pyspark/.venv/lib/python3.12/site-packages/airflow/example_dags/example_task_group.py
[2025-07-16T17:53:49.010+0000] {logging_mixin.py:188} INFO - [2025-07-16T17:53:49.009+0000] {dag.py:3096} INFO - Sync 1 DAGs
[2025-07-16T17:53:49.042+0000] {logging_mixin.py:188} INFO - [2025-07-16T17:53:49.041+0000] {dag.py:3954} INFO - Setting next_dagrun for example_task_group to 2025-07-15 00:00:00+00:00, run_after=2025-07-16 00:00:00+00:00
[2025-07-16T17:53:49.128+0000] {processor.py:183} INFO - Processing /mnt/c/Users/Shivam Gupta/OneDrive/Documents/Shivam_Developement/data_engineering/data_engineering_project/batch-etl-pyspark/.venv/lib/python3.12/site-packages/airflow/example_dags/example_task_group.py took 0.204 seconds
[2025-07-16T17:55:19.335+0000] {processor.py:161} INFO - Started process (PID=6223) to work on /mnt/c/Users/Shivam Gupta/OneDrive/Documents/Shivam_Developement/data_engineering/data_engineering_project/batch-etl-pyspark/.venv/lib/python3.12/site-packages/airflow/example_dags/example_task_group.py
[2025-07-16T17:55:19.337+0000] {processor.py:830} INFO - Processing file /mnt/c/Users/Shivam Gupta/OneDrive/Documents/Shivam_Developement/data_engineering/data_engineering_project/batch-etl-pyspark/.venv/lib/python3.12/site-packages/airflow/example_dags/example_task_group.py for tasks to queue
[2025-07-16T17:55:19.341+0000] {logging_mixin.py:188} INFO - [2025-07-16T17:55:19.340+0000] {dagbag.py:545} INFO - Filling up the DagBag from /mnt/c/Users/Shivam Gupta/OneDrive/Documents/Shivam_Developement/data_engineering/data_engineering_project/batch-etl-pyspark/.venv/lib/python3.12/site-packages/airflow/example_dags/example_task_group.py
[2025-07-16T17:55:19.374+0000] {processor.py:840} INFO - DAG(s) 'example_task_group' retrieved from /mnt/c/Users/Shivam Gupta/OneDrive/Documents/Shivam_Developement/data_engineering/data_engineering_project/batch-etl-pyspark/.venv/lib/python3.12/site-packages/airflow/example_dags/example_task_group.py
[2025-07-16T17:55:19.403+0000] {logging_mixin.py:188} INFO - [2025-07-16T17:55:19.402+0000] {dag.py:3096} INFO - Sync 1 DAGs
[2025-07-16T17:55:19.436+0000] {logging_mixin.py:188} INFO - [2025-07-16T17:55:19.435+0000] {dag.py:3954} INFO - Setting next_dagrun for example_task_group to 2025-07-15 00:00:00+00:00, run_after=2025-07-16 00:00:00+00:00
[2025-07-16T17:55:19.533+0000] {processor.py:183} INFO - Processing /mnt/c/Users/Shivam Gupta/OneDrive/Documents/Shivam_Developement/data_engineering/data_engineering_project/batch-etl-pyspark/.venv/lib/python3.12/site-packages/airflow/example_dags/example_task_group.py took 0.211 seconds
[2025-07-16T18:02:24.202+0000] {processor.py:161} INFO - Started process (PID=6731) to work on /mnt/c/Users/Shivam Gupta/OneDrive/Documents/Shivam_Developement/data_engineering/data_engineering_project/batch-etl-pyspark/.venv/lib/python3.12/site-packages/airflow/example_dags/example_task_group.py
[2025-07-16T18:02:24.204+0000] {processor.py:830} INFO - Processing file /mnt/c/Users/Shivam Gupta/OneDrive/Documents/Shivam_Developement/data_engineering/data_engineering_project/batch-etl-pyspark/.venv/lib/python3.12/site-packages/airflow/example_dags/example_task_group.py for tasks to queue
[2025-07-16T18:02:24.206+0000] {logging_mixin.py:188} INFO - [2025-07-16T18:02:24.206+0000] {dagbag.py:545} INFO - Filling up the DagBag from /mnt/c/Users/Shivam Gupta/OneDrive/Documents/Shivam_Developement/data_engineering/data_engineering_project/batch-etl-pyspark/.venv/lib/python3.12/site-packages/airflow/example_dags/example_task_group.py
[2025-07-16T18:02:24.262+0000] {processor.py:840} INFO - DAG(s) 'example_task_group' retrieved from /mnt/c/Users/Shivam Gupta/OneDrive/Documents/Shivam_Developement/data_engineering/data_engineering_project/batch-etl-pyspark/.venv/lib/python3.12/site-packages/airflow/example_dags/example_task_group.py
[2025-07-16T18:02:24.297+0000] {logging_mixin.py:188} INFO - [2025-07-16T18:02:24.296+0000] {dag.py:3096} INFO - Sync 1 DAGs
[2025-07-16T18:02:24.325+0000] {logging_mixin.py:188} INFO - [2025-07-16T18:02:24.324+0000] {dag.py:3954} INFO - Setting next_dagrun for example_task_group to 2025-07-15 00:00:00+00:00, run_after=2025-07-16 00:00:00+00:00
[2025-07-16T18:02:24.381+0000] {processor.py:183} INFO - Processing /mnt/c/Users/Shivam Gupta/OneDrive/Documents/Shivam_Developement/data_engineering/data_engineering_project/batch-etl-pyspark/.venv/lib/python3.12/site-packages/airflow/example_dags/example_task_group.py took 0.187 seconds
[2025-07-16T18:03:46.727+0000] {processor.py:161} INFO - Started process (PID=6798) to work on /mnt/c/Users/Shivam Gupta/OneDrive/Documents/Shivam_Developement/data_engineering/data_engineering_project/batch-etl-pyspark/.venv/lib/python3.12/site-packages/airflow/example_dags/example_task_group.py
[2025-07-16T18:03:46.729+0000] {processor.py:830} INFO - Processing file /mnt/c/Users/Shivam Gupta/OneDrive/Documents/Shivam_Developement/data_engineering/data_engineering_project/batch-etl-pyspark/.venv/lib/python3.12/site-packages/airflow/example_dags/example_task_group.py for tasks to queue
[2025-07-16T18:03:46.733+0000] {logging_mixin.py:188} INFO - [2025-07-16T18:03:46.732+0000] {dagbag.py:545} INFO - Filling up the DagBag from /mnt/c/Users/Shivam Gupta/OneDrive/Documents/Shivam_Developement/data_engineering/data_engineering_project/batch-etl-pyspark/.venv/lib/python3.12/site-packages/airflow/example_dags/example_task_group.py
[2025-07-16T18:03:46.778+0000] {processor.py:840} INFO - DAG(s) 'example_task_group' retrieved from /mnt/c/Users/Shivam Gupta/OneDrive/Documents/Shivam_Developement/data_engineering/data_engineering_project/batch-etl-pyspark/.venv/lib/python3.12/site-packages/airflow/example_dags/example_task_group.py
[2025-07-16T18:03:46.817+0000] {logging_mixin.py:188} INFO - [2025-07-16T18:03:46.815+0000] {dag.py:3096} INFO - Sync 1 DAGs
[2025-07-16T18:03:46.857+0000] {logging_mixin.py:188} INFO - [2025-07-16T18:03:46.856+0000] {dag.py:3954} INFO - Setting next_dagrun for example_task_group to 2025-07-15 00:00:00+00:00, run_after=2025-07-16 00:00:00+00:00
[2025-07-16T18:03:46.949+0000] {processor.py:183} INFO - Processing /mnt/c/Users/Shivam Gupta/OneDrive/Documents/Shivam_Developement/data_engineering/data_engineering_project/batch-etl-pyspark/.venv/lib/python3.12/site-packages/airflow/example_dags/example_task_group.py took 0.232 seconds
[2025-07-16T18:38:15.745+0000] {processor.py:161} INFO - Started process (PID=8678) to work on /mnt/c/Users/Shivam Gupta/OneDrive/Documents/Shivam_Developement/data_engineering/data_engineering_project/batch-etl-pyspark/.venv/lib/python3.12/site-packages/airflow/example_dags/example_task_group.py
[2025-07-16T18:38:15.747+0000] {processor.py:830} INFO - Processing file /mnt/c/Users/Shivam Gupta/OneDrive/Documents/Shivam_Developement/data_engineering/data_engineering_project/batch-etl-pyspark/.venv/lib/python3.12/site-packages/airflow/example_dags/example_task_group.py for tasks to queue
[2025-07-16T18:38:15.750+0000] {logging_mixin.py:188} INFO - [2025-07-16T18:38:15.749+0000] {dagbag.py:545} INFO - Filling up the DagBag from /mnt/c/Users/Shivam Gupta/OneDrive/Documents/Shivam_Developement/data_engineering/data_engineering_project/batch-etl-pyspark/.venv/lib/python3.12/site-packages/airflow/example_dags/example_task_group.py
[2025-07-16T18:38:15.796+0000] {processor.py:840} INFO - DAG(s) 'example_task_group' retrieved from /mnt/c/Users/Shivam Gupta/OneDrive/Documents/Shivam_Developement/data_engineering/data_engineering_project/batch-etl-pyspark/.venv/lib/python3.12/site-packages/airflow/example_dags/example_task_group.py
[2025-07-16T18:38:15.828+0000] {logging_mixin.py:188} INFO - [2025-07-16T18:38:15.827+0000] {dag.py:3096} INFO - Sync 1 DAGs
[2025-07-16T18:38:15.853+0000] {logging_mixin.py:188} INFO - [2025-07-16T18:38:15.852+0000] {dag.py:3954} INFO - Setting next_dagrun for example_task_group to 2025-07-15 00:00:00+00:00, run_after=2025-07-16 00:00:00+00:00
[2025-07-16T18:38:15.933+0000] {processor.py:183} INFO - Processing /mnt/c/Users/Shivam Gupta/OneDrive/Documents/Shivam_Developement/data_engineering/data_engineering_project/batch-etl-pyspark/.venv/lib/python3.12/site-packages/airflow/example_dags/example_task_group.py took 0.198 seconds
[2025-07-16T18:52:22.947+0000] {processor.py:161} INFO - Started process (PID=9378) to work on /mnt/c/Users/Shivam Gupta/OneDrive/Documents/Shivam_Developement/data_engineering/data_engineering_project/batch-etl-pyspark/.venv/lib/python3.12/site-packages/airflow/example_dags/example_task_group.py
[2025-07-16T18:52:22.949+0000] {processor.py:830} INFO - Processing file /mnt/c/Users/Shivam Gupta/OneDrive/Documents/Shivam_Developement/data_engineering/data_engineering_project/batch-etl-pyspark/.venv/lib/python3.12/site-packages/airflow/example_dags/example_task_group.py for tasks to queue
[2025-07-16T18:52:22.951+0000] {logging_mixin.py:188} INFO - [2025-07-16T18:52:22.951+0000] {dagbag.py:545} INFO - Filling up the DagBag from /mnt/c/Users/Shivam Gupta/OneDrive/Documents/Shivam_Developement/data_engineering/data_engineering_project/batch-etl-pyspark/.venv/lib/python3.12/site-packages/airflow/example_dags/example_task_group.py
[2025-07-16T18:52:23.006+0000] {processor.py:840} INFO - DAG(s) 'example_task_group' retrieved from /mnt/c/Users/Shivam Gupta/OneDrive/Documents/Shivam_Developement/data_engineering/data_engineering_project/batch-etl-pyspark/.venv/lib/python3.12/site-packages/airflow/example_dags/example_task_group.py
[2025-07-16T18:52:23.039+0000] {logging_mixin.py:188} INFO - [2025-07-16T18:52:23.038+0000] {dag.py:3096} INFO - Sync 1 DAGs
[2025-07-16T18:52:23.063+0000] {logging_mixin.py:188} INFO - [2025-07-16T18:52:23.063+0000] {dag.py:3954} INFO - Setting next_dagrun for example_task_group to 2025-07-15 00:00:00+00:00, run_after=2025-07-16 00:00:00+00:00
[2025-07-16T18:52:23.121+0000] {processor.py:183} INFO - Processing /mnt/c/Users/Shivam Gupta/OneDrive/Documents/Shivam_Developement/data_engineering/data_engineering_project/batch-etl-pyspark/.venv/lib/python3.12/site-packages/airflow/example_dags/example_task_group.py took 0.184 seconds
[2025-07-16T18:53:35.738+0000] {processor.py:161} INFO - Started process (PID=9445) to work on /mnt/c/Users/Shivam Gupta/OneDrive/Documents/Shivam_Developement/data_engineering/data_engineering_project/batch-etl-pyspark/.venv/lib/python3.12/site-packages/airflow/example_dags/example_task_group.py
[2025-07-16T18:53:35.739+0000] {processor.py:830} INFO - Processing file /mnt/c/Users/Shivam Gupta/OneDrive/Documents/Shivam_Developement/data_engineering/data_engineering_project/batch-etl-pyspark/.venv/lib/python3.12/site-packages/airflow/example_dags/example_task_group.py for tasks to queue
[2025-07-16T18:53:35.741+0000] {logging_mixin.py:188} INFO - [2025-07-16T18:53:35.740+0000] {dagbag.py:545} INFO - Filling up the DagBag from /mnt/c/Users/Shivam Gupta/OneDrive/Documents/Shivam_Developement/data_engineering/data_engineering_project/batch-etl-pyspark/.venv/lib/python3.12/site-packages/airflow/example_dags/example_task_group.py
[2025-07-16T18:53:35.755+0000] {processor.py:840} INFO - DAG(s) 'example_task_group' retrieved from /mnt/c/Users/Shivam Gupta/OneDrive/Documents/Shivam_Developement/data_engineering/data_engineering_project/batch-etl-pyspark/.venv/lib/python3.12/site-packages/airflow/example_dags/example_task_group.py
[2025-07-16T18:53:35.773+0000] {logging_mixin.py:188} INFO - [2025-07-16T18:53:35.772+0000] {dag.py:3096} INFO - Sync 1 DAGs
[2025-07-16T18:53:35.791+0000] {logging_mixin.py:188} INFO - [2025-07-16T18:53:35.790+0000] {dag.py:3954} INFO - Setting next_dagrun for example_task_group to 2025-07-15 00:00:00+00:00, run_after=2025-07-16 00:00:00+00:00
[2025-07-16T18:53:35.832+0000] {processor.py:183} INFO - Processing /mnt/c/Users/Shivam Gupta/OneDrive/Documents/Shivam_Developement/data_engineering/data_engineering_project/batch-etl-pyspark/.venv/lib/python3.12/site-packages/airflow/example_dags/example_task_group.py took 0.101 seconds
[2025-07-16T18:54:59.537+0000] {processor.py:161} INFO - Started process (PID=9591) to work on /mnt/c/Users/Shivam Gupta/OneDrive/Documents/Shivam_Developement/data_engineering/data_engineering_project/batch-etl-pyspark/.venv/lib/python3.12/site-packages/airflow/example_dags/example_task_group.py
[2025-07-16T18:54:59.539+0000] {processor.py:830} INFO - Processing file /mnt/c/Users/Shivam Gupta/OneDrive/Documents/Shivam_Developement/data_engineering/data_engineering_project/batch-etl-pyspark/.venv/lib/python3.12/site-packages/airflow/example_dags/example_task_group.py for tasks to queue
[2025-07-16T18:54:59.544+0000] {logging_mixin.py:188} INFO - [2025-07-16T18:54:59.541+0000] {dagbag.py:545} INFO - Filling up the DagBag from /mnt/c/Users/Shivam Gupta/OneDrive/Documents/Shivam_Developement/data_engineering/data_engineering_project/batch-etl-pyspark/.venv/lib/python3.12/site-packages/airflow/example_dags/example_task_group.py
[2025-07-16T18:54:59.573+0000] {processor.py:840} INFO - DAG(s) 'example_task_group' retrieved from /mnt/c/Users/Shivam Gupta/OneDrive/Documents/Shivam_Developement/data_engineering/data_engineering_project/batch-etl-pyspark/.venv/lib/python3.12/site-packages/airflow/example_dags/example_task_group.py
[2025-07-16T18:54:59.668+0000] {logging_mixin.py:188} INFO - [2025-07-16T18:54:59.667+0000] {dag.py:3096} INFO - Sync 1 DAGs
[2025-07-16T18:54:59.712+0000] {logging_mixin.py:188} INFO - [2025-07-16T18:54:59.711+0000] {dag.py:3954} INFO - Setting next_dagrun for example_task_group to 2025-07-15 00:00:00+00:00, run_after=2025-07-16 00:00:00+00:00
[2025-07-16T18:54:59.831+0000] {processor.py:183} INFO - Processing /mnt/c/Users/Shivam Gupta/OneDrive/Documents/Shivam_Developement/data_engineering/data_engineering_project/batch-etl-pyspark/.venv/lib/python3.12/site-packages/airflow/example_dags/example_task_group.py took 0.310 seconds
[2025-07-16T18:56:15.326+0000] {processor.py:161} INFO - Started process (PID=9826) to work on /mnt/c/Users/Shivam Gupta/OneDrive/Documents/Shivam_Developement/data_engineering/data_engineering_project/batch-etl-pyspark/.venv/lib/python3.12/site-packages/airflow/example_dags/example_task_group.py
[2025-07-16T18:56:15.327+0000] {processor.py:830} INFO - Processing file /mnt/c/Users/Shivam Gupta/OneDrive/Documents/Shivam_Developement/data_engineering/data_engineering_project/batch-etl-pyspark/.venv/lib/python3.12/site-packages/airflow/example_dags/example_task_group.py for tasks to queue
[2025-07-16T18:56:15.329+0000] {logging_mixin.py:188} INFO - [2025-07-16T18:56:15.329+0000] {dagbag.py:545} INFO - Filling up the DagBag from /mnt/c/Users/Shivam Gupta/OneDrive/Documents/Shivam_Developement/data_engineering/data_engineering_project/batch-etl-pyspark/.venv/lib/python3.12/site-packages/airflow/example_dags/example_task_group.py
[2025-07-16T18:56:15.356+0000] {processor.py:840} INFO - DAG(s) 'example_task_group' retrieved from /mnt/c/Users/Shivam Gupta/OneDrive/Documents/Shivam_Developement/data_engineering/data_engineering_project/batch-etl-pyspark/.venv/lib/python3.12/site-packages/airflow/example_dags/example_task_group.py
[2025-07-16T18:56:15.377+0000] {logging_mixin.py:188} INFO - [2025-07-16T18:56:15.377+0000] {dag.py:3096} INFO - Sync 1 DAGs
[2025-07-16T18:56:15.398+0000] {logging_mixin.py:188} INFO - [2025-07-16T18:56:15.398+0000] {dag.py:3954} INFO - Setting next_dagrun for example_task_group to 2025-07-15 00:00:00+00:00, run_after=2025-07-16 00:00:00+00:00
[2025-07-16T18:56:15.448+0000] {processor.py:183} INFO - Processing /mnt/c/Users/Shivam Gupta/OneDrive/Documents/Shivam_Developement/data_engineering/data_engineering_project/batch-etl-pyspark/.venv/lib/python3.12/site-packages/airflow/example_dags/example_task_group.py took 0.130 seconds
[2025-07-16T18:57:32.367+0000] {processor.py:161} INFO - Started process (PID=9981) to work on /mnt/c/Users/Shivam Gupta/OneDrive/Documents/Shivam_Developement/data_engineering/data_engineering_project/batch-etl-pyspark/.venv/lib/python3.12/site-packages/airflow/example_dags/example_task_group.py
[2025-07-16T18:57:32.369+0000] {processor.py:830} INFO - Processing file /mnt/c/Users/Shivam Gupta/OneDrive/Documents/Shivam_Developement/data_engineering/data_engineering_project/batch-etl-pyspark/.venv/lib/python3.12/site-packages/airflow/example_dags/example_task_group.py for tasks to queue
[2025-07-16T18:57:32.371+0000] {logging_mixin.py:188} INFO - [2025-07-16T18:57:32.370+0000] {dagbag.py:545} INFO - Filling up the DagBag from /mnt/c/Users/Shivam Gupta/OneDrive/Documents/Shivam_Developement/data_engineering/data_engineering_project/batch-etl-pyspark/.venv/lib/python3.12/site-packages/airflow/example_dags/example_task_group.py
[2025-07-16T18:57:32.389+0000] {processor.py:840} INFO - DAG(s) 'example_task_group' retrieved from /mnt/c/Users/Shivam Gupta/OneDrive/Documents/Shivam_Developement/data_engineering/data_engineering_project/batch-etl-pyspark/.venv/lib/python3.12/site-packages/airflow/example_dags/example_task_group.py
[2025-07-16T18:57:32.413+0000] {logging_mixin.py:188} INFO - [2025-07-16T18:57:32.412+0000] {dag.py:3096} INFO - Sync 1 DAGs
[2025-07-16T18:57:32.435+0000] {logging_mixin.py:188} INFO - [2025-07-16T18:57:32.434+0000] {dag.py:3954} INFO - Setting next_dagrun for example_task_group to 2025-07-15 00:00:00+00:00, run_after=2025-07-16 00:00:00+00:00
[2025-07-16T18:57:32.497+0000] {processor.py:183} INFO - Processing /mnt/c/Users/Shivam Gupta/OneDrive/Documents/Shivam_Developement/data_engineering/data_engineering_project/batch-etl-pyspark/.venv/lib/python3.12/site-packages/airflow/example_dags/example_task_group.py took 0.139 seconds
[2025-07-16T18:58:54.929+0000] {processor.py:161} INFO - Started process (PID=10121) to work on /mnt/c/Users/Shivam Gupta/OneDrive/Documents/Shivam_Developement/data_engineering/data_engineering_project/batch-etl-pyspark/.venv/lib/python3.12/site-packages/airflow/example_dags/example_task_group.py
[2025-07-16T18:58:54.931+0000] {processor.py:830} INFO - Processing file /mnt/c/Users/Shivam Gupta/OneDrive/Documents/Shivam_Developement/data_engineering/data_engineering_project/batch-etl-pyspark/.venv/lib/python3.12/site-packages/airflow/example_dags/example_task_group.py for tasks to queue
[2025-07-16T18:58:54.933+0000] {logging_mixin.py:188} INFO - [2025-07-16T18:58:54.932+0000] {dagbag.py:545} INFO - Filling up the DagBag from /mnt/c/Users/Shivam Gupta/OneDrive/Documents/Shivam_Developement/data_engineering/data_engineering_project/batch-etl-pyspark/.venv/lib/python3.12/site-packages/airflow/example_dags/example_task_group.py
[2025-07-16T18:58:54.956+0000] {processor.py:840} INFO - DAG(s) 'example_task_group' retrieved from /mnt/c/Users/Shivam Gupta/OneDrive/Documents/Shivam_Developement/data_engineering/data_engineering_project/batch-etl-pyspark/.venv/lib/python3.12/site-packages/airflow/example_dags/example_task_group.py
[2025-07-16T18:58:54.993+0000] {logging_mixin.py:188} INFO - [2025-07-16T18:58:54.992+0000] {dag.py:3096} INFO - Sync 1 DAGs
[2025-07-16T18:58:55.032+0000] {logging_mixin.py:188} INFO - [2025-07-16T18:58:55.031+0000] {dag.py:3954} INFO - Setting next_dagrun for example_task_group to 2025-07-15 00:00:00+00:00, run_after=2025-07-16 00:00:00+00:00
[2025-07-16T18:58:55.134+0000] {processor.py:183} INFO - Processing /mnt/c/Users/Shivam Gupta/OneDrive/Documents/Shivam_Developement/data_engineering/data_engineering_project/batch-etl-pyspark/.venv/lib/python3.12/site-packages/airflow/example_dags/example_task_group.py took 0.219 seconds
[2025-07-16T19:00:24.669+0000] {processor.py:161} INFO - Started process (PID=10320) to work on /mnt/c/Users/Shivam Gupta/OneDrive/Documents/Shivam_Developement/data_engineering/data_engineering_project/batch-etl-pyspark/.venv/lib/python3.12/site-packages/airflow/example_dags/example_task_group.py
[2025-07-16T19:00:24.671+0000] {processor.py:830} INFO - Processing file /mnt/c/Users/Shivam Gupta/OneDrive/Documents/Shivam_Developement/data_engineering/data_engineering_project/batch-etl-pyspark/.venv/lib/python3.12/site-packages/airflow/example_dags/example_task_group.py for tasks to queue
[2025-07-16T19:00:24.673+0000] {logging_mixin.py:188} INFO - [2025-07-16T19:00:24.672+0000] {dagbag.py:545} INFO - Filling up the DagBag from /mnt/c/Users/Shivam Gupta/OneDrive/Documents/Shivam_Developement/data_engineering/data_engineering_project/batch-etl-pyspark/.venv/lib/python3.12/site-packages/airflow/example_dags/example_task_group.py
[2025-07-16T19:00:24.698+0000] {processor.py:840} INFO - DAG(s) 'example_task_group' retrieved from /mnt/c/Users/Shivam Gupta/OneDrive/Documents/Shivam_Developement/data_engineering/data_engineering_project/batch-etl-pyspark/.venv/lib/python3.12/site-packages/airflow/example_dags/example_task_group.py
[2025-07-16T19:00:24.727+0000] {logging_mixin.py:188} INFO - [2025-07-16T19:00:24.726+0000] {dag.py:3096} INFO - Sync 1 DAGs
[2025-07-16T19:00:24.754+0000] {logging_mixin.py:188} INFO - [2025-07-16T19:00:24.753+0000] {dag.py:3954} INFO - Setting next_dagrun for example_task_group to 2025-07-15 00:00:00+00:00, run_after=2025-07-16 00:00:00+00:00
[2025-07-16T19:00:24.817+0000] {processor.py:183} INFO - Processing /mnt/c/Users/Shivam Gupta/OneDrive/Documents/Shivam_Developement/data_engineering/data_engineering_project/batch-etl-pyspark/.venv/lib/python3.12/site-packages/airflow/example_dags/example_task_group.py took 0.158 seconds
[2025-07-16T19:01:55.687+0000] {processor.py:161} INFO - Started process (PID=10515) to work on /mnt/c/Users/Shivam Gupta/OneDrive/Documents/Shivam_Developement/data_engineering/data_engineering_project/batch-etl-pyspark/.venv/lib/python3.12/site-packages/airflow/example_dags/example_task_group.py
[2025-07-16T19:01:55.690+0000] {processor.py:830} INFO - Processing file /mnt/c/Users/Shivam Gupta/OneDrive/Documents/Shivam_Developement/data_engineering/data_engineering_project/batch-etl-pyspark/.venv/lib/python3.12/site-packages/airflow/example_dags/example_task_group.py for tasks to queue
[2025-07-16T19:01:55.693+0000] {logging_mixin.py:188} INFO - [2025-07-16T19:01:55.692+0000] {dagbag.py:545} INFO - Filling up the DagBag from /mnt/c/Users/Shivam Gupta/OneDrive/Documents/Shivam_Developement/data_engineering/data_engineering_project/batch-etl-pyspark/.venv/lib/python3.12/site-packages/airflow/example_dags/example_task_group.py
[2025-07-16T19:01:55.718+0000] {processor.py:840} INFO - DAG(s) 'example_task_group' retrieved from /mnt/c/Users/Shivam Gupta/OneDrive/Documents/Shivam_Developement/data_engineering/data_engineering_project/batch-etl-pyspark/.venv/lib/python3.12/site-packages/airflow/example_dags/example_task_group.py
[2025-07-16T19:01:55.751+0000] {logging_mixin.py:188} INFO - [2025-07-16T19:01:55.750+0000] {dag.py:3096} INFO - Sync 1 DAGs
[2025-07-16T19:01:55.786+0000] {logging_mixin.py:188} INFO - [2025-07-16T19:01:55.785+0000] {dag.py:3954} INFO - Setting next_dagrun for example_task_group to 2025-07-15 00:00:00+00:00, run_after=2025-07-16 00:00:00+00:00
[2025-07-16T19:01:55.863+0000] {processor.py:183} INFO - Processing /mnt/c/Users/Shivam Gupta/OneDrive/Documents/Shivam_Developement/data_engineering/data_engineering_project/batch-etl-pyspark/.venv/lib/python3.12/site-packages/airflow/example_dags/example_task_group.py took 0.186 seconds
[2025-07-16T19:03:26.751+0000] {processor.py:161} INFO - Started process (PID=10704) to work on /mnt/c/Users/Shivam Gupta/OneDrive/Documents/Shivam_Developement/data_engineering/data_engineering_project/batch-etl-pyspark/.venv/lib/python3.12/site-packages/airflow/example_dags/example_task_group.py
[2025-07-16T19:03:26.755+0000] {processor.py:830} INFO - Processing file /mnt/c/Users/Shivam Gupta/OneDrive/Documents/Shivam_Developement/data_engineering/data_engineering_project/batch-etl-pyspark/.venv/lib/python3.12/site-packages/airflow/example_dags/example_task_group.py for tasks to queue
[2025-07-16T19:03:26.760+0000] {logging_mixin.py:188} INFO - [2025-07-16T19:03:26.758+0000] {dagbag.py:545} INFO - Filling up the DagBag from /mnt/c/Users/Shivam Gupta/OneDrive/Documents/Shivam_Developement/data_engineering/data_engineering_project/batch-etl-pyspark/.venv/lib/python3.12/site-packages/airflow/example_dags/example_task_group.py
[2025-07-16T19:03:26.796+0000] {processor.py:840} INFO - DAG(s) 'example_task_group' retrieved from /mnt/c/Users/Shivam Gupta/OneDrive/Documents/Shivam_Developement/data_engineering/data_engineering_project/batch-etl-pyspark/.venv/lib/python3.12/site-packages/airflow/example_dags/example_task_group.py
[2025-07-16T19:03:26.840+0000] {logging_mixin.py:188} INFO - [2025-07-16T19:03:26.838+0000] {dag.py:3096} INFO - Sync 1 DAGs
[2025-07-16T19:03:26.881+0000] {logging_mixin.py:188} INFO - [2025-07-16T19:03:26.879+0000] {dag.py:3954} INFO - Setting next_dagrun for example_task_group to 2025-07-15 00:00:00+00:00, run_after=2025-07-16 00:00:00+00:00
[2025-07-16T19:03:26.989+0000] {processor.py:183} INFO - Processing /mnt/c/Users/Shivam Gupta/OneDrive/Documents/Shivam_Developement/data_engineering/data_engineering_project/batch-etl-pyspark/.venv/lib/python3.12/site-packages/airflow/example_dags/example_task_group.py took 0.256 seconds
[2025-07-16T19:04:54.271+0000] {processor.py:161} INFO - Started process (PID=10848) to work on /mnt/c/Users/Shivam Gupta/OneDrive/Documents/Shivam_Developement/data_engineering/data_engineering_project/batch-etl-pyspark/.venv/lib/python3.12/site-packages/airflow/example_dags/example_task_group.py
[2025-07-16T19:04:54.273+0000] {processor.py:830} INFO - Processing file /mnt/c/Users/Shivam Gupta/OneDrive/Documents/Shivam_Developement/data_engineering/data_engineering_project/batch-etl-pyspark/.venv/lib/python3.12/site-packages/airflow/example_dags/example_task_group.py for tasks to queue
[2025-07-16T19:04:54.278+0000] {logging_mixin.py:188} INFO - [2025-07-16T19:04:54.276+0000] {dagbag.py:545} INFO - Filling up the DagBag from /mnt/c/Users/Shivam Gupta/OneDrive/Documents/Shivam_Developement/data_engineering/data_engineering_project/batch-etl-pyspark/.venv/lib/python3.12/site-packages/airflow/example_dags/example_task_group.py
[2025-07-16T19:04:54.310+0000] {processor.py:840} INFO - DAG(s) 'example_task_group' retrieved from /mnt/c/Users/Shivam Gupta/OneDrive/Documents/Shivam_Developement/data_engineering/data_engineering_project/batch-etl-pyspark/.venv/lib/python3.12/site-packages/airflow/example_dags/example_task_group.py
[2025-07-16T19:04:54.347+0000] {logging_mixin.py:188} INFO - [2025-07-16T19:04:54.346+0000] {dag.py:3096} INFO - Sync 1 DAGs
[2025-07-16T19:04:54.382+0000] {logging_mixin.py:188} INFO - [2025-07-16T19:04:54.381+0000] {dag.py:3954} INFO - Setting next_dagrun for example_task_group to 2025-07-15 00:00:00+00:00, run_after=2025-07-16 00:00:00+00:00
[2025-07-16T19:04:54.464+0000] {processor.py:183} INFO - Processing /mnt/c/Users/Shivam Gupta/OneDrive/Documents/Shivam_Developement/data_engineering/data_engineering_project/batch-etl-pyspark/.venv/lib/python3.12/site-packages/airflow/example_dags/example_task_group.py took 0.204 seconds
[2025-07-16T19:06:17.475+0000] {processor.py:161} INFO - Started process (PID=10999) to work on /mnt/c/Users/Shivam Gupta/OneDrive/Documents/Shivam_Developement/data_engineering/data_engineering_project/batch-etl-pyspark/.venv/lib/python3.12/site-packages/airflow/example_dags/example_task_group.py
[2025-07-16T19:06:17.478+0000] {processor.py:830} INFO - Processing file /mnt/c/Users/Shivam Gupta/OneDrive/Documents/Shivam_Developement/data_engineering/data_engineering_project/batch-etl-pyspark/.venv/lib/python3.12/site-packages/airflow/example_dags/example_task_group.py for tasks to queue
[2025-07-16T19:06:17.481+0000] {logging_mixin.py:188} INFO - [2025-07-16T19:06:17.480+0000] {dagbag.py:545} INFO - Filling up the DagBag from /mnt/c/Users/Shivam Gupta/OneDrive/Documents/Shivam_Developement/data_engineering/data_engineering_project/batch-etl-pyspark/.venv/lib/python3.12/site-packages/airflow/example_dags/example_task_group.py
[2025-07-16T19:06:17.505+0000] {processor.py:840} INFO - DAG(s) 'example_task_group' retrieved from /mnt/c/Users/Shivam Gupta/OneDrive/Documents/Shivam_Developement/data_engineering/data_engineering_project/batch-etl-pyspark/.venv/lib/python3.12/site-packages/airflow/example_dags/example_task_group.py
[2025-07-16T19:06:17.540+0000] {logging_mixin.py:188} INFO - [2025-07-16T19:06:17.539+0000] {dag.py:3096} INFO - Sync 1 DAGs
[2025-07-16T19:06:17.576+0000] {logging_mixin.py:188} INFO - [2025-07-16T19:06:17.573+0000] {dag.py:3954} INFO - Setting next_dagrun for example_task_group to 2025-07-15 00:00:00+00:00, run_after=2025-07-16 00:00:00+00:00
[2025-07-16T19:06:17.658+0000] {processor.py:183} INFO - Processing /mnt/c/Users/Shivam Gupta/OneDrive/Documents/Shivam_Developement/data_engineering/data_engineering_project/batch-etl-pyspark/.venv/lib/python3.12/site-packages/airflow/example_dags/example_task_group.py took 0.198 seconds
[2025-07-16T19:07:46.981+0000] {processor.py:161} INFO - Started process (PID=11178) to work on /mnt/c/Users/Shivam Gupta/OneDrive/Documents/Shivam_Developement/data_engineering/data_engineering_project/batch-etl-pyspark/.venv/lib/python3.12/site-packages/airflow/example_dags/example_task_group.py
[2025-07-16T19:07:46.982+0000] {processor.py:830} INFO - Processing file /mnt/c/Users/Shivam Gupta/OneDrive/Documents/Shivam_Developement/data_engineering/data_engineering_project/batch-etl-pyspark/.venv/lib/python3.12/site-packages/airflow/example_dags/example_task_group.py for tasks to queue
[2025-07-16T19:07:46.985+0000] {logging_mixin.py:188} INFO - [2025-07-16T19:07:46.984+0000] {dagbag.py:545} INFO - Filling up the DagBag from /mnt/c/Users/Shivam Gupta/OneDrive/Documents/Shivam_Developement/data_engineering/data_engineering_project/batch-etl-pyspark/.venv/lib/python3.12/site-packages/airflow/example_dags/example_task_group.py
[2025-07-16T19:07:47.005+0000] {processor.py:840} INFO - DAG(s) 'example_task_group' retrieved from /mnt/c/Users/Shivam Gupta/OneDrive/Documents/Shivam_Developement/data_engineering/data_engineering_project/batch-etl-pyspark/.venv/lib/python3.12/site-packages/airflow/example_dags/example_task_group.py
[2025-07-16T19:07:47.031+0000] {logging_mixin.py:188} INFO - [2025-07-16T19:07:47.030+0000] {dag.py:3096} INFO - Sync 1 DAGs
[2025-07-16T19:07:47.056+0000] {logging_mixin.py:188} INFO - [2025-07-16T19:07:47.055+0000] {dag.py:3954} INFO - Setting next_dagrun for example_task_group to 2025-07-15 00:00:00+00:00, run_after=2025-07-16 00:00:00+00:00
[2025-07-16T19:07:47.171+0000] {processor.py:183} INFO - Processing /mnt/c/Users/Shivam Gupta/OneDrive/Documents/Shivam_Developement/data_engineering/data_engineering_project/batch-etl-pyspark/.venv/lib/python3.12/site-packages/airflow/example_dags/example_task_group.py took 0.204 seconds
[2025-07-16T19:09:19.796+0000] {processor.py:161} INFO - Started process (PID=11327) to work on /mnt/c/Users/Shivam Gupta/OneDrive/Documents/Shivam_Developement/data_engineering/data_engineering_project/batch-etl-pyspark/.venv/lib/python3.12/site-packages/airflow/example_dags/example_task_group.py
[2025-07-16T19:09:19.798+0000] {processor.py:830} INFO - Processing file /mnt/c/Users/Shivam Gupta/OneDrive/Documents/Shivam_Developement/data_engineering/data_engineering_project/batch-etl-pyspark/.venv/lib/python3.12/site-packages/airflow/example_dags/example_task_group.py for tasks to queue
[2025-07-16T19:09:19.801+0000] {logging_mixin.py:188} INFO - [2025-07-16T19:09:19.800+0000] {dagbag.py:545} INFO - Filling up the DagBag from /mnt/c/Users/Shivam Gupta/OneDrive/Documents/Shivam_Developement/data_engineering/data_engineering_project/batch-etl-pyspark/.venv/lib/python3.12/site-packages/airflow/example_dags/example_task_group.py
[2025-07-16T19:09:19.824+0000] {processor.py:840} INFO - DAG(s) 'example_task_group' retrieved from /mnt/c/Users/Shivam Gupta/OneDrive/Documents/Shivam_Developement/data_engineering/data_engineering_project/batch-etl-pyspark/.venv/lib/python3.12/site-packages/airflow/example_dags/example_task_group.py
[2025-07-16T19:09:19.857+0000] {logging_mixin.py:188} INFO - [2025-07-16T19:09:19.856+0000] {dag.py:3096} INFO - Sync 1 DAGs
[2025-07-16T19:09:19.892+0000] {logging_mixin.py:188} INFO - [2025-07-16T19:09:19.891+0000] {dag.py:3954} INFO - Setting next_dagrun for example_task_group to 2025-07-15 00:00:00+00:00, run_after=2025-07-16 00:00:00+00:00
[2025-07-16T19:09:19.957+0000] {processor.py:183} INFO - Processing /mnt/c/Users/Shivam Gupta/OneDrive/Documents/Shivam_Developement/data_engineering/data_engineering_project/batch-etl-pyspark/.venv/lib/python3.12/site-packages/airflow/example_dags/example_task_group.py took 0.175 seconds
[2025-07-16T19:10:48.483+0000] {processor.py:161} INFO - Started process (PID=11497) to work on /mnt/c/Users/Shivam Gupta/OneDrive/Documents/Shivam_Developement/data_engineering/data_engineering_project/batch-etl-pyspark/.venv/lib/python3.12/site-packages/airflow/example_dags/example_task_group.py
[2025-07-16T19:10:48.485+0000] {processor.py:830} INFO - Processing file /mnt/c/Users/Shivam Gupta/OneDrive/Documents/Shivam_Developement/data_engineering/data_engineering_project/batch-etl-pyspark/.venv/lib/python3.12/site-packages/airflow/example_dags/example_task_group.py for tasks to queue
[2025-07-16T19:10:48.489+0000] {logging_mixin.py:188} INFO - [2025-07-16T19:10:48.487+0000] {dagbag.py:545} INFO - Filling up the DagBag from /mnt/c/Users/Shivam Gupta/OneDrive/Documents/Shivam_Developement/data_engineering/data_engineering_project/batch-etl-pyspark/.venv/lib/python3.12/site-packages/airflow/example_dags/example_task_group.py
[2025-07-16T19:10:48.522+0000] {processor.py:840} INFO - DAG(s) 'example_task_group' retrieved from /mnt/c/Users/Shivam Gupta/OneDrive/Documents/Shivam_Developement/data_engineering/data_engineering_project/batch-etl-pyspark/.venv/lib/python3.12/site-packages/airflow/example_dags/example_task_group.py
[2025-07-16T19:10:48.559+0000] {logging_mixin.py:188} INFO - [2025-07-16T19:10:48.557+0000] {dag.py:3096} INFO - Sync 1 DAGs
[2025-07-16T19:10:48.589+0000] {logging_mixin.py:188} INFO - [2025-07-16T19:10:48.588+0000] {dag.py:3954} INFO - Setting next_dagrun for example_task_group to 2025-07-15 00:00:00+00:00, run_after=2025-07-16 00:00:00+00:00
[2025-07-16T19:10:48.647+0000] {processor.py:183} INFO - Processing /mnt/c/Users/Shivam Gupta/OneDrive/Documents/Shivam_Developement/data_engineering/data_engineering_project/batch-etl-pyspark/.venv/lib/python3.12/site-packages/airflow/example_dags/example_task_group.py took 0.179 seconds
[2025-07-16T19:12:19.965+0000] {processor.py:161} INFO - Started process (PID=11680) to work on /mnt/c/Users/Shivam Gupta/OneDrive/Documents/Shivam_Developement/data_engineering/data_engineering_project/batch-etl-pyspark/.venv/lib/python3.12/site-packages/airflow/example_dags/example_task_group.py
[2025-07-16T19:12:19.969+0000] {processor.py:830} INFO - Processing file /mnt/c/Users/Shivam Gupta/OneDrive/Documents/Shivam_Developement/data_engineering/data_engineering_project/batch-etl-pyspark/.venv/lib/python3.12/site-packages/airflow/example_dags/example_task_group.py for tasks to queue
[2025-07-16T19:12:19.973+0000] {logging_mixin.py:188} INFO - [2025-07-16T19:12:19.972+0000] {dagbag.py:545} INFO - Filling up the DagBag from /mnt/c/Users/Shivam Gupta/OneDrive/Documents/Shivam_Developement/data_engineering/data_engineering_project/batch-etl-pyspark/.venv/lib/python3.12/site-packages/airflow/example_dags/example_task_group.py
[2025-07-16T19:12:20.006+0000] {processor.py:840} INFO - DAG(s) 'example_task_group' retrieved from /mnt/c/Users/Shivam Gupta/OneDrive/Documents/Shivam_Developement/data_engineering/data_engineering_project/batch-etl-pyspark/.venv/lib/python3.12/site-packages/airflow/example_dags/example_task_group.py
[2025-07-16T19:12:20.052+0000] {logging_mixin.py:188} INFO - [2025-07-16T19:12:20.050+0000] {dag.py:3096} INFO - Sync 1 DAGs
[2025-07-16T19:12:20.098+0000] {logging_mixin.py:188} INFO - [2025-07-16T19:12:20.096+0000] {dag.py:3954} INFO - Setting next_dagrun for example_task_group to 2025-07-15 00:00:00+00:00, run_after=2025-07-16 00:00:00+00:00
[2025-07-16T19:12:20.190+0000] {processor.py:183} INFO - Processing /mnt/c/Users/Shivam Gupta/OneDrive/Documents/Shivam_Developement/data_engineering/data_engineering_project/batch-etl-pyspark/.venv/lib/python3.12/site-packages/airflow/example_dags/example_task_group.py took 0.240 seconds
[2025-07-16T19:13:47.192+0000] {processor.py:161} INFO - Started process (PID=11838) to work on /mnt/c/Users/Shivam Gupta/OneDrive/Documents/Shivam_Developement/data_engineering/data_engineering_project/batch-etl-pyspark/.venv/lib/python3.12/site-packages/airflow/example_dags/example_task_group.py
[2025-07-16T19:13:47.194+0000] {processor.py:830} INFO - Processing file /mnt/c/Users/Shivam Gupta/OneDrive/Documents/Shivam_Developement/data_engineering/data_engineering_project/batch-etl-pyspark/.venv/lib/python3.12/site-packages/airflow/example_dags/example_task_group.py for tasks to queue
[2025-07-16T19:13:47.197+0000] {logging_mixin.py:188} INFO - [2025-07-16T19:13:47.196+0000] {dagbag.py:545} INFO - Filling up the DagBag from /mnt/c/Users/Shivam Gupta/OneDrive/Documents/Shivam_Developement/data_engineering/data_engineering_project/batch-etl-pyspark/.venv/lib/python3.12/site-packages/airflow/example_dags/example_task_group.py
[2025-07-16T19:13:47.215+0000] {processor.py:840} INFO - DAG(s) 'example_task_group' retrieved from /mnt/c/Users/Shivam Gupta/OneDrive/Documents/Shivam_Developement/data_engineering/data_engineering_project/batch-etl-pyspark/.venv/lib/python3.12/site-packages/airflow/example_dags/example_task_group.py
[2025-07-16T19:13:47.255+0000] {logging_mixin.py:188} INFO - [2025-07-16T19:13:47.254+0000] {dag.py:3096} INFO - Sync 1 DAGs
[2025-07-16T19:13:47.287+0000] {logging_mixin.py:188} INFO - [2025-07-16T19:13:47.285+0000] {dag.py:3954} INFO - Setting next_dagrun for example_task_group to 2025-07-15 00:00:00+00:00, run_after=2025-07-16 00:00:00+00:00
[2025-07-16T19:13:47.363+0000] {processor.py:183} INFO - Processing /mnt/c/Users/Shivam Gupta/OneDrive/Documents/Shivam_Developement/data_engineering/data_engineering_project/batch-etl-pyspark/.venv/lib/python3.12/site-packages/airflow/example_dags/example_task_group.py took 0.182 seconds
[2025-07-16T19:15:20.188+0000] {processor.py:161} INFO - Started process (PID=12028) to work on /mnt/c/Users/Shivam Gupta/OneDrive/Documents/Shivam_Developement/data_engineering/data_engineering_project/batch-etl-pyspark/.venv/lib/python3.12/site-packages/airflow/example_dags/example_task_group.py
[2025-07-16T19:15:20.191+0000] {processor.py:830} INFO - Processing file /mnt/c/Users/Shivam Gupta/OneDrive/Documents/Shivam_Developement/data_engineering/data_engineering_project/batch-etl-pyspark/.venv/lib/python3.12/site-packages/airflow/example_dags/example_task_group.py for tasks to queue
[2025-07-16T19:15:20.195+0000] {logging_mixin.py:188} INFO - [2025-07-16T19:15:20.194+0000] {dagbag.py:545} INFO - Filling up the DagBag from /mnt/c/Users/Shivam Gupta/OneDrive/Documents/Shivam_Developement/data_engineering/data_engineering_project/batch-etl-pyspark/.venv/lib/python3.12/site-packages/airflow/example_dags/example_task_group.py
[2025-07-16T19:15:20.241+0000] {processor.py:840} INFO - DAG(s) 'example_task_group' retrieved from /mnt/c/Users/Shivam Gupta/OneDrive/Documents/Shivam_Developement/data_engineering/data_engineering_project/batch-etl-pyspark/.venv/lib/python3.12/site-packages/airflow/example_dags/example_task_group.py
[2025-07-16T19:15:20.278+0000] {logging_mixin.py:188} INFO - [2025-07-16T19:15:20.277+0000] {dag.py:3096} INFO - Sync 1 DAGs
[2025-07-16T19:15:20.311+0000] {logging_mixin.py:188} INFO - [2025-07-16T19:15:20.310+0000] {dag.py:3954} INFO - Setting next_dagrun for example_task_group to 2025-07-15 00:00:00+00:00, run_after=2025-07-16 00:00:00+00:00
[2025-07-16T19:15:20.397+0000] {processor.py:183} INFO - Processing /mnt/c/Users/Shivam Gupta/OneDrive/Documents/Shivam_Developement/data_engineering/data_engineering_project/batch-etl-pyspark/.venv/lib/python3.12/site-packages/airflow/example_dags/example_task_group.py took 0.230 seconds
[2025-07-16T19:16:44.001+0000] {processor.py:161} INFO - Started process (PID=12195) to work on /mnt/c/Users/Shivam Gupta/OneDrive/Documents/Shivam_Developement/data_engineering/data_engineering_project/batch-etl-pyspark/.venv/lib/python3.12/site-packages/airflow/example_dags/example_task_group.py
[2025-07-16T19:16:44.004+0000] {processor.py:830} INFO - Processing file /mnt/c/Users/Shivam Gupta/OneDrive/Documents/Shivam_Developement/data_engineering/data_engineering_project/batch-etl-pyspark/.venv/lib/python3.12/site-packages/airflow/example_dags/example_task_group.py for tasks to queue
[2025-07-16T19:16:44.009+0000] {logging_mixin.py:188} INFO - [2025-07-16T19:16:44.007+0000] {dagbag.py:545} INFO - Filling up the DagBag from /mnt/c/Users/Shivam Gupta/OneDrive/Documents/Shivam_Developement/data_engineering/data_engineering_project/batch-etl-pyspark/.venv/lib/python3.12/site-packages/airflow/example_dags/example_task_group.py
[2025-07-16T19:16:44.055+0000] {processor.py:840} INFO - DAG(s) 'example_task_group' retrieved from /mnt/c/Users/Shivam Gupta/OneDrive/Documents/Shivam_Developement/data_engineering/data_engineering_project/batch-etl-pyspark/.venv/lib/python3.12/site-packages/airflow/example_dags/example_task_group.py
[2025-07-16T19:16:44.107+0000] {logging_mixin.py:188} INFO - [2025-07-16T19:16:44.105+0000] {dag.py:3096} INFO - Sync 1 DAGs
[2025-07-16T19:16:44.150+0000] {logging_mixin.py:188} INFO - [2025-07-16T19:16:44.149+0000] {dag.py:3954} INFO - Setting next_dagrun for example_task_group to 2025-07-15 00:00:00+00:00, run_after=2025-07-16 00:00:00+00:00
[2025-07-16T19:16:44.251+0000] {processor.py:183} INFO - Processing /mnt/c/Users/Shivam Gupta/OneDrive/Documents/Shivam_Developement/data_engineering/data_engineering_project/batch-etl-pyspark/.venv/lib/python3.12/site-packages/airflow/example_dags/example_task_group.py took 0.272 seconds
[2025-07-16T19:18:16.469+0000] {processor.py:161} INFO - Started process (PID=12369) to work on /mnt/c/Users/Shivam Gupta/OneDrive/Documents/Shivam_Developement/data_engineering/data_engineering_project/batch-etl-pyspark/.venv/lib/python3.12/site-packages/airflow/example_dags/example_task_group.py
[2025-07-16T19:18:16.471+0000] {processor.py:830} INFO - Processing file /mnt/c/Users/Shivam Gupta/OneDrive/Documents/Shivam_Developement/data_engineering/data_engineering_project/batch-etl-pyspark/.venv/lib/python3.12/site-packages/airflow/example_dags/example_task_group.py for tasks to queue
[2025-07-16T19:18:16.474+0000] {logging_mixin.py:188} INFO - [2025-07-16T19:18:16.473+0000] {dagbag.py:545} INFO - Filling up the DagBag from /mnt/c/Users/Shivam Gupta/OneDrive/Documents/Shivam_Developement/data_engineering/data_engineering_project/batch-etl-pyspark/.venv/lib/python3.12/site-packages/airflow/example_dags/example_task_group.py
[2025-07-16T19:18:16.497+0000] {processor.py:840} INFO - DAG(s) 'example_task_group' retrieved from /mnt/c/Users/Shivam Gupta/OneDrive/Documents/Shivam_Developement/data_engineering/data_engineering_project/batch-etl-pyspark/.venv/lib/python3.12/site-packages/airflow/example_dags/example_task_group.py
[2025-07-16T19:18:16.533+0000] {logging_mixin.py:188} INFO - [2025-07-16T19:18:16.530+0000] {dag.py:3096} INFO - Sync 1 DAGs
[2025-07-16T19:18:16.572+0000] {logging_mixin.py:188} INFO - [2025-07-16T19:18:16.571+0000] {dag.py:3954} INFO - Setting next_dagrun for example_task_group to 2025-07-15 00:00:00+00:00, run_after=2025-07-16 00:00:00+00:00
[2025-07-16T19:18:16.664+0000] {processor.py:183} INFO - Processing /mnt/c/Users/Shivam Gupta/OneDrive/Documents/Shivam_Developement/data_engineering/data_engineering_project/batch-etl-pyspark/.venv/lib/python3.12/site-packages/airflow/example_dags/example_task_group.py took 0.210 seconds
[2025-07-16T19:19:35.721+0000] {processor.py:161} INFO - Started process (PID=12496) to work on /mnt/c/Users/Shivam Gupta/OneDrive/Documents/Shivam_Developement/data_engineering/data_engineering_project/batch-etl-pyspark/.venv/lib/python3.12/site-packages/airflow/example_dags/example_task_group.py
[2025-07-16T19:19:35.722+0000] {processor.py:830} INFO - Processing file /mnt/c/Users/Shivam Gupta/OneDrive/Documents/Shivam_Developement/data_engineering/data_engineering_project/batch-etl-pyspark/.venv/lib/python3.12/site-packages/airflow/example_dags/example_task_group.py for tasks to queue
[2025-07-16T19:19:35.726+0000] {logging_mixin.py:188} INFO - [2025-07-16T19:19:35.724+0000] {dagbag.py:545} INFO - Filling up the DagBag from /mnt/c/Users/Shivam Gupta/OneDrive/Documents/Shivam_Developement/data_engineering/data_engineering_project/batch-etl-pyspark/.venv/lib/python3.12/site-packages/airflow/example_dags/example_task_group.py
[2025-07-16T19:19:35.742+0000] {processor.py:840} INFO - DAG(s) 'example_task_group' retrieved from /mnt/c/Users/Shivam Gupta/OneDrive/Documents/Shivam_Developement/data_engineering/data_engineering_project/batch-etl-pyspark/.venv/lib/python3.12/site-packages/airflow/example_dags/example_task_group.py
[2025-07-16T19:19:35.769+0000] {logging_mixin.py:188} INFO - [2025-07-16T19:19:35.768+0000] {dag.py:3096} INFO - Sync 1 DAGs
[2025-07-16T19:19:35.800+0000] {logging_mixin.py:188} INFO - [2025-07-16T19:19:35.799+0000] {dag.py:3954} INFO - Setting next_dagrun for example_task_group to 2025-07-15 00:00:00+00:00, run_after=2025-07-16 00:00:00+00:00
[2025-07-16T19:19:35.885+0000] {processor.py:183} INFO - Processing /mnt/c/Users/Shivam Gupta/OneDrive/Documents/Shivam_Developement/data_engineering/data_engineering_project/batch-etl-pyspark/.venv/lib/python3.12/site-packages/airflow/example_dags/example_task_group.py took 0.174 seconds
[2025-07-16T19:20:55.696+0000] {processor.py:161} INFO - Started process (PID=12655) to work on /mnt/c/Users/Shivam Gupta/OneDrive/Documents/Shivam_Developement/data_engineering/data_engineering_project/batch-etl-pyspark/.venv/lib/python3.12/site-packages/airflow/example_dags/example_task_group.py
[2025-07-16T19:20:55.698+0000] {processor.py:830} INFO - Processing file /mnt/c/Users/Shivam Gupta/OneDrive/Documents/Shivam_Developement/data_engineering/data_engineering_project/batch-etl-pyspark/.venv/lib/python3.12/site-packages/airflow/example_dags/example_task_group.py for tasks to queue
[2025-07-16T19:20:55.700+0000] {logging_mixin.py:188} INFO - [2025-07-16T19:20:55.699+0000] {dagbag.py:545} INFO - Filling up the DagBag from /mnt/c/Users/Shivam Gupta/OneDrive/Documents/Shivam_Developement/data_engineering/data_engineering_project/batch-etl-pyspark/.venv/lib/python3.12/site-packages/airflow/example_dags/example_task_group.py
[2025-07-16T19:20:55.721+0000] {processor.py:840} INFO - DAG(s) 'example_task_group' retrieved from /mnt/c/Users/Shivam Gupta/OneDrive/Documents/Shivam_Developement/data_engineering/data_engineering_project/batch-etl-pyspark/.venv/lib/python3.12/site-packages/airflow/example_dags/example_task_group.py
[2025-07-16T19:20:55.747+0000] {logging_mixin.py:188} INFO - [2025-07-16T19:20:55.746+0000] {dag.py:3096} INFO - Sync 1 DAGs
[2025-07-16T19:20:55.779+0000] {logging_mixin.py:188} INFO - [2025-07-16T19:20:55.778+0000] {dag.py:3954} INFO - Setting next_dagrun for example_task_group to 2025-07-15 00:00:00+00:00, run_after=2025-07-16 00:00:00+00:00
[2025-07-16T19:20:55.973+0000] {processor.py:183} INFO - Processing /mnt/c/Users/Shivam Gupta/OneDrive/Documents/Shivam_Developement/data_engineering/data_engineering_project/batch-etl-pyspark/.venv/lib/python3.12/site-packages/airflow/example_dags/example_task_group.py took 0.287 seconds
[2025-07-16T19:22:31.250+0000] {processor.py:161} INFO - Started process (PID=12845) to work on /mnt/c/Users/Shivam Gupta/OneDrive/Documents/Shivam_Developement/data_engineering/data_engineering_project/batch-etl-pyspark/.venv/lib/python3.12/site-packages/airflow/example_dags/example_task_group.py
[2025-07-16T19:22:31.252+0000] {processor.py:830} INFO - Processing file /mnt/c/Users/Shivam Gupta/OneDrive/Documents/Shivam_Developement/data_engineering/data_engineering_project/batch-etl-pyspark/.venv/lib/python3.12/site-packages/airflow/example_dags/example_task_group.py for tasks to queue
[2025-07-16T19:22:31.255+0000] {logging_mixin.py:188} INFO - [2025-07-16T19:22:31.254+0000] {dagbag.py:545} INFO - Filling up the DagBag from /mnt/c/Users/Shivam Gupta/OneDrive/Documents/Shivam_Developement/data_engineering/data_engineering_project/batch-etl-pyspark/.venv/lib/python3.12/site-packages/airflow/example_dags/example_task_group.py
[2025-07-16T19:22:31.289+0000] {processor.py:840} INFO - DAG(s) 'example_task_group' retrieved from /mnt/c/Users/Shivam Gupta/OneDrive/Documents/Shivam_Developement/data_engineering/data_engineering_project/batch-etl-pyspark/.venv/lib/python3.12/site-packages/airflow/example_dags/example_task_group.py
[2025-07-16T19:22:31.331+0000] {logging_mixin.py:188} INFO - [2025-07-16T19:22:31.329+0000] {dag.py:3096} INFO - Sync 1 DAGs
[2025-07-16T19:22:31.379+0000] {logging_mixin.py:188} INFO - [2025-07-16T19:22:31.377+0000] {dag.py:3954} INFO - Setting next_dagrun for example_task_group to 2025-07-15 00:00:00+00:00, run_after=2025-07-16 00:00:00+00:00
[2025-07-16T19:22:31.475+0000] {processor.py:183} INFO - Processing /mnt/c/Users/Shivam Gupta/OneDrive/Documents/Shivam_Developement/data_engineering/data_engineering_project/batch-etl-pyspark/.venv/lib/python3.12/site-packages/airflow/example_dags/example_task_group.py took 0.240 seconds
[2025-07-16T19:23:52.729+0000] {processor.py:161} INFO - Started process (PID=12972) to work on /mnt/c/Users/Shivam Gupta/OneDrive/Documents/Shivam_Developement/data_engineering/data_engineering_project/batch-etl-pyspark/.venv/lib/python3.12/site-packages/airflow/example_dags/example_task_group.py
[2025-07-16T19:23:52.731+0000] {processor.py:830} INFO - Processing file /mnt/c/Users/Shivam Gupta/OneDrive/Documents/Shivam_Developement/data_engineering/data_engineering_project/batch-etl-pyspark/.venv/lib/python3.12/site-packages/airflow/example_dags/example_task_group.py for tasks to queue
[2025-07-16T19:23:52.734+0000] {logging_mixin.py:188} INFO - [2025-07-16T19:23:52.733+0000] {dagbag.py:545} INFO - Filling up the DagBag from /mnt/c/Users/Shivam Gupta/OneDrive/Documents/Shivam_Developement/data_engineering/data_engineering_project/batch-etl-pyspark/.venv/lib/python3.12/site-packages/airflow/example_dags/example_task_group.py
[2025-07-16T19:23:52.754+0000] {processor.py:840} INFO - DAG(s) 'example_task_group' retrieved from /mnt/c/Users/Shivam Gupta/OneDrive/Documents/Shivam_Developement/data_engineering/data_engineering_project/batch-etl-pyspark/.venv/lib/python3.12/site-packages/airflow/example_dags/example_task_group.py
[2025-07-16T19:23:52.780+0000] {logging_mixin.py:188} INFO - [2025-07-16T19:23:52.779+0000] {dag.py:3096} INFO - Sync 1 DAGs
[2025-07-16T19:23:52.803+0000] {logging_mixin.py:188} INFO - [2025-07-16T19:23:52.802+0000] {dag.py:3954} INFO - Setting next_dagrun for example_task_group to 2025-07-15 00:00:00+00:00, run_after=2025-07-16 00:00:00+00:00
[2025-07-16T19:23:52.865+0000] {processor.py:183} INFO - Processing /mnt/c/Users/Shivam Gupta/OneDrive/Documents/Shivam_Developement/data_engineering/data_engineering_project/batch-etl-pyspark/.venv/lib/python3.12/site-packages/airflow/example_dags/example_task_group.py took 0.145 seconds
[2025-07-16T19:25:16.927+0000] {processor.py:161} INFO - Started process (PID=13080) to work on /mnt/c/Users/Shivam Gupta/OneDrive/Documents/Shivam_Developement/data_engineering/data_engineering_project/batch-etl-pyspark/.venv/lib/python3.12/site-packages/airflow/example_dags/example_task_group.py
[2025-07-16T19:25:16.930+0000] {processor.py:830} INFO - Processing file /mnt/c/Users/Shivam Gupta/OneDrive/Documents/Shivam_Developement/data_engineering/data_engineering_project/batch-etl-pyspark/.venv/lib/python3.12/site-packages/airflow/example_dags/example_task_group.py for tasks to queue
[2025-07-16T19:25:16.935+0000] {logging_mixin.py:188} INFO - [2025-07-16T19:25:16.933+0000] {dagbag.py:545} INFO - Filling up the DagBag from /mnt/c/Users/Shivam Gupta/OneDrive/Documents/Shivam_Developement/data_engineering/data_engineering_project/batch-etl-pyspark/.venv/lib/python3.12/site-packages/airflow/example_dags/example_task_group.py
[2025-07-16T19:25:16.971+0000] {processor.py:840} INFO - DAG(s) 'example_task_group' retrieved from /mnt/c/Users/Shivam Gupta/OneDrive/Documents/Shivam_Developement/data_engineering/data_engineering_project/batch-etl-pyspark/.venv/lib/python3.12/site-packages/airflow/example_dags/example_task_group.py
[2025-07-16T19:25:17.016+0000] {logging_mixin.py:188} INFO - [2025-07-16T19:25:17.015+0000] {dag.py:3096} INFO - Sync 1 DAGs
[2025-07-16T19:25:17.063+0000] {logging_mixin.py:188} INFO - [2025-07-16T19:25:17.060+0000] {dag.py:3954} INFO - Setting next_dagrun for example_task_group to 2025-07-15 00:00:00+00:00, run_after=2025-07-16 00:00:00+00:00
[2025-07-16T19:25:17.219+0000] {processor.py:183} INFO - Processing /mnt/c/Users/Shivam Gupta/OneDrive/Documents/Shivam_Developement/data_engineering/data_engineering_project/batch-etl-pyspark/.venv/lib/python3.12/site-packages/airflow/example_dags/example_task_group.py took 0.309 seconds
[2025-07-16T19:26:35.744+0000] {processor.py:161} INFO - Started process (PID=13182) to work on /mnt/c/Users/Shivam Gupta/OneDrive/Documents/Shivam_Developement/data_engineering/data_engineering_project/batch-etl-pyspark/.venv/lib/python3.12/site-packages/airflow/example_dags/example_task_group.py
[2025-07-16T19:26:35.745+0000] {processor.py:830} INFO - Processing file /mnt/c/Users/Shivam Gupta/OneDrive/Documents/Shivam_Developement/data_engineering/data_engineering_project/batch-etl-pyspark/.venv/lib/python3.12/site-packages/airflow/example_dags/example_task_group.py for tasks to queue
[2025-07-16T19:26:35.747+0000] {logging_mixin.py:188} INFO - [2025-07-16T19:26:35.747+0000] {dagbag.py:545} INFO - Filling up the DagBag from /mnt/c/Users/Shivam Gupta/OneDrive/Documents/Shivam_Developement/data_engineering/data_engineering_project/batch-etl-pyspark/.venv/lib/python3.12/site-packages/airflow/example_dags/example_task_group.py
[2025-07-16T19:26:35.760+0000] {processor.py:840} INFO - DAG(s) 'example_task_group' retrieved from /mnt/c/Users/Shivam Gupta/OneDrive/Documents/Shivam_Developement/data_engineering/data_engineering_project/batch-etl-pyspark/.venv/lib/python3.12/site-packages/airflow/example_dags/example_task_group.py
[2025-07-16T19:26:35.787+0000] {logging_mixin.py:188} INFO - [2025-07-16T19:26:35.786+0000] {dag.py:3096} INFO - Sync 1 DAGs
[2025-07-16T19:26:35.900+0000] {logging_mixin.py:188} INFO - [2025-07-16T19:26:35.899+0000] {dag.py:3954} INFO - Setting next_dagrun for example_task_group to 2025-07-15 00:00:00+00:00, run_after=2025-07-16 00:00:00+00:00
[2025-07-16T19:26:35.978+0000] {processor.py:183} INFO - Processing /mnt/c/Users/Shivam Gupta/OneDrive/Documents/Shivam_Developement/data_engineering/data_engineering_project/batch-etl-pyspark/.venv/lib/python3.12/site-packages/airflow/example_dags/example_task_group.py took 0.241 seconds
[2025-07-16T19:27:53.069+0000] {processor.py:161} INFO - Started process (PID=13271) to work on /mnt/c/Users/Shivam Gupta/OneDrive/Documents/Shivam_Developement/data_engineering/data_engineering_project/batch-etl-pyspark/.venv/lib/python3.12/site-packages/airflow/example_dags/example_task_group.py
[2025-07-16T19:27:53.071+0000] {processor.py:830} INFO - Processing file /mnt/c/Users/Shivam Gupta/OneDrive/Documents/Shivam_Developement/data_engineering/data_engineering_project/batch-etl-pyspark/.venv/lib/python3.12/site-packages/airflow/example_dags/example_task_group.py for tasks to queue
[2025-07-16T19:27:53.074+0000] {logging_mixin.py:188} INFO - [2025-07-16T19:27:53.073+0000] {dagbag.py:545} INFO - Filling up the DagBag from /mnt/c/Users/Shivam Gupta/OneDrive/Documents/Shivam_Developement/data_engineering/data_engineering_project/batch-etl-pyspark/.venv/lib/python3.12/site-packages/airflow/example_dags/example_task_group.py
[2025-07-16T19:27:53.097+0000] {processor.py:840} INFO - DAG(s) 'example_task_group' retrieved from /mnt/c/Users/Shivam Gupta/OneDrive/Documents/Shivam_Developement/data_engineering/data_engineering_project/batch-etl-pyspark/.venv/lib/python3.12/site-packages/airflow/example_dags/example_task_group.py
[2025-07-16T19:27:53.146+0000] {logging_mixin.py:188} INFO - [2025-07-16T19:27:53.145+0000] {dag.py:3096} INFO - Sync 1 DAGs
[2025-07-16T19:27:53.180+0000] {logging_mixin.py:188} INFO - [2025-07-16T19:27:53.179+0000] {dag.py:3954} INFO - Setting next_dagrun for example_task_group to 2025-07-15 00:00:00+00:00, run_after=2025-07-16 00:00:00+00:00
[2025-07-16T19:27:53.273+0000] {processor.py:183} INFO - Processing /mnt/c/Users/Shivam Gupta/OneDrive/Documents/Shivam_Developement/data_engineering/data_engineering_project/batch-etl-pyspark/.venv/lib/python3.12/site-packages/airflow/example_dags/example_task_group.py took 0.217 seconds
[2025-07-16T19:29:07.318+0000] {processor.py:161} INFO - Started process (PID=13391) to work on /mnt/c/Users/Shivam Gupta/OneDrive/Documents/Shivam_Developement/data_engineering/data_engineering_project/batch-etl-pyspark/.venv/lib/python3.12/site-packages/airflow/example_dags/example_task_group.py
[2025-07-16T19:29:07.321+0000] {processor.py:830} INFO - Processing file /mnt/c/Users/Shivam Gupta/OneDrive/Documents/Shivam_Developement/data_engineering/data_engineering_project/batch-etl-pyspark/.venv/lib/python3.12/site-packages/airflow/example_dags/example_task_group.py for tasks to queue
[2025-07-16T19:29:07.326+0000] {logging_mixin.py:188} INFO - [2025-07-16T19:29:07.325+0000] {dagbag.py:545} INFO - Filling up the DagBag from /mnt/c/Users/Shivam Gupta/OneDrive/Documents/Shivam_Developement/data_engineering/data_engineering_project/batch-etl-pyspark/.venv/lib/python3.12/site-packages/airflow/example_dags/example_task_group.py
[2025-07-16T19:29:07.353+0000] {processor.py:840} INFO - DAG(s) 'example_task_group' retrieved from /mnt/c/Users/Shivam Gupta/OneDrive/Documents/Shivam_Developement/data_engineering/data_engineering_project/batch-etl-pyspark/.venv/lib/python3.12/site-packages/airflow/example_dags/example_task_group.py
[2025-07-16T19:29:07.391+0000] {logging_mixin.py:188} INFO - [2025-07-16T19:29:07.390+0000] {dag.py:3096} INFO - Sync 1 DAGs
[2025-07-16T19:29:07.420+0000] {logging_mixin.py:188} INFO - [2025-07-16T19:29:07.419+0000] {dag.py:3954} INFO - Setting next_dagrun for example_task_group to 2025-07-15 00:00:00+00:00, run_after=2025-07-16 00:00:00+00:00
[2025-07-16T19:29:07.477+0000] {processor.py:183} INFO - Processing /mnt/c/Users/Shivam Gupta/OneDrive/Documents/Shivam_Developement/data_engineering/data_engineering_project/batch-etl-pyspark/.venv/lib/python3.12/site-packages/airflow/example_dags/example_task_group.py took 0.174 seconds
[2025-07-16T19:30:21.840+0000] {processor.py:161} INFO - Started process (PID=13482) to work on /mnt/c/Users/Shivam Gupta/OneDrive/Documents/Shivam_Developement/data_engineering/data_engineering_project/batch-etl-pyspark/.venv/lib/python3.12/site-packages/airflow/example_dags/example_task_group.py
[2025-07-16T19:30:21.841+0000] {processor.py:830} INFO - Processing file /mnt/c/Users/Shivam Gupta/OneDrive/Documents/Shivam_Developement/data_engineering/data_engineering_project/batch-etl-pyspark/.venv/lib/python3.12/site-packages/airflow/example_dags/example_task_group.py for tasks to queue
[2025-07-16T19:30:21.843+0000] {logging_mixin.py:188} INFO - [2025-07-16T19:30:21.843+0000] {dagbag.py:545} INFO - Filling up the DagBag from /mnt/c/Users/Shivam Gupta/OneDrive/Documents/Shivam_Developement/data_engineering/data_engineering_project/batch-etl-pyspark/.venv/lib/python3.12/site-packages/airflow/example_dags/example_task_group.py
[2025-07-16T19:30:21.857+0000] {processor.py:840} INFO - DAG(s) 'example_task_group' retrieved from /mnt/c/Users/Shivam Gupta/OneDrive/Documents/Shivam_Developement/data_engineering/data_engineering_project/batch-etl-pyspark/.venv/lib/python3.12/site-packages/airflow/example_dags/example_task_group.py
[2025-07-16T19:30:21.877+0000] {logging_mixin.py:188} INFO - [2025-07-16T19:30:21.877+0000] {dag.py:3096} INFO - Sync 1 DAGs
[2025-07-16T19:30:21.895+0000] {logging_mixin.py:188} INFO - [2025-07-16T19:30:21.895+0000] {dag.py:3954} INFO - Setting next_dagrun for example_task_group to 2025-07-15 00:00:00+00:00, run_after=2025-07-16 00:00:00+00:00
[2025-07-16T19:30:21.937+0000] {processor.py:183} INFO - Processing /mnt/c/Users/Shivam Gupta/OneDrive/Documents/Shivam_Developement/data_engineering/data_engineering_project/batch-etl-pyspark/.venv/lib/python3.12/site-packages/airflow/example_dags/example_task_group.py took 0.104 seconds
[2025-07-16T19:31:38.641+0000] {processor.py:161} INFO - Started process (PID=13625) to work on /mnt/c/Users/Shivam Gupta/OneDrive/Documents/Shivam_Developement/data_engineering/data_engineering_project/batch-etl-pyspark/.venv/lib/python3.12/site-packages/airflow/example_dags/example_task_group.py
[2025-07-16T19:31:38.643+0000] {processor.py:830} INFO - Processing file /mnt/c/Users/Shivam Gupta/OneDrive/Documents/Shivam_Developement/data_engineering/data_engineering_project/batch-etl-pyspark/.venv/lib/python3.12/site-packages/airflow/example_dags/example_task_group.py for tasks to queue
[2025-07-16T19:31:38.647+0000] {logging_mixin.py:188} INFO - [2025-07-16T19:31:38.645+0000] {dagbag.py:545} INFO - Filling up the DagBag from /mnt/c/Users/Shivam Gupta/OneDrive/Documents/Shivam_Developement/data_engineering/data_engineering_project/batch-etl-pyspark/.venv/lib/python3.12/site-packages/airflow/example_dags/example_task_group.py
[2025-07-16T19:31:38.668+0000] {processor.py:840} INFO - DAG(s) 'example_task_group' retrieved from /mnt/c/Users/Shivam Gupta/OneDrive/Documents/Shivam_Developement/data_engineering/data_engineering_project/batch-etl-pyspark/.venv/lib/python3.12/site-packages/airflow/example_dags/example_task_group.py
[2025-07-16T19:31:38.694+0000] {logging_mixin.py:188} INFO - [2025-07-16T19:31:38.693+0000] {dag.py:3096} INFO - Sync 1 DAGs
[2025-07-16T19:31:38.722+0000] {logging_mixin.py:188} INFO - [2025-07-16T19:31:38.721+0000] {dag.py:3954} INFO - Setting next_dagrun for example_task_group to 2025-07-15 00:00:00+00:00, run_after=2025-07-16 00:00:00+00:00
[2025-07-16T19:31:38.780+0000] {processor.py:183} INFO - Processing /mnt/c/Users/Shivam Gupta/OneDrive/Documents/Shivam_Developement/data_engineering/data_engineering_project/batch-etl-pyspark/.venv/lib/python3.12/site-packages/airflow/example_dags/example_task_group.py took 0.150 seconds
[2025-07-16T19:32:43.345+0000] {processor.py:161} INFO - Started process (PID=13748) to work on /mnt/c/Users/Shivam Gupta/OneDrive/Documents/Shivam_Developement/data_engineering/data_engineering_project/batch-etl-pyspark/.venv/lib/python3.12/site-packages/airflow/example_dags/example_task_group.py
[2025-07-16T19:32:43.347+0000] {processor.py:830} INFO - Processing file /mnt/c/Users/Shivam Gupta/OneDrive/Documents/Shivam_Developement/data_engineering/data_engineering_project/batch-etl-pyspark/.venv/lib/python3.12/site-packages/airflow/example_dags/example_task_group.py for tasks to queue
[2025-07-16T19:32:43.349+0000] {logging_mixin.py:188} INFO - [2025-07-16T19:32:43.348+0000] {dagbag.py:545} INFO - Filling up the DagBag from /mnt/c/Users/Shivam Gupta/OneDrive/Documents/Shivam_Developement/data_engineering/data_engineering_project/batch-etl-pyspark/.venv/lib/python3.12/site-packages/airflow/example_dags/example_task_group.py
[2025-07-16T19:32:43.368+0000] {processor.py:840} INFO - DAG(s) 'example_task_group' retrieved from /mnt/c/Users/Shivam Gupta/OneDrive/Documents/Shivam_Developement/data_engineering/data_engineering_project/batch-etl-pyspark/.venv/lib/python3.12/site-packages/airflow/example_dags/example_task_group.py
[2025-07-16T19:32:43.389+0000] {logging_mixin.py:188} INFO - [2025-07-16T19:32:43.388+0000] {dag.py:3096} INFO - Sync 1 DAGs
[2025-07-16T19:32:43.412+0000] {logging_mixin.py:188} INFO - [2025-07-16T19:32:43.411+0000] {dag.py:3954} INFO - Setting next_dagrun for example_task_group to 2025-07-15 00:00:00+00:00, run_after=2025-07-16 00:00:00+00:00
[2025-07-16T19:32:43.492+0000] {processor.py:183} INFO - Processing /mnt/c/Users/Shivam Gupta/OneDrive/Documents/Shivam_Developement/data_engineering/data_engineering_project/batch-etl-pyspark/.venv/lib/python3.12/site-packages/airflow/example_dags/example_task_group.py took 0.157 seconds
[2025-07-16T19:33:58.026+0000] {processor.py:161} INFO - Started process (PID=13909) to work on /mnt/c/Users/Shivam Gupta/OneDrive/Documents/Shivam_Developement/data_engineering/data_engineering_project/batch-etl-pyspark/.venv/lib/python3.12/site-packages/airflow/example_dags/example_task_group.py
[2025-07-16T19:33:58.029+0000] {processor.py:830} INFO - Processing file /mnt/c/Users/Shivam Gupta/OneDrive/Documents/Shivam_Developement/data_engineering/data_engineering_project/batch-etl-pyspark/.venv/lib/python3.12/site-packages/airflow/example_dags/example_task_group.py for tasks to queue
[2025-07-16T19:33:58.033+0000] {logging_mixin.py:188} INFO - [2025-07-16T19:33:58.032+0000] {dagbag.py:545} INFO - Filling up the DagBag from /mnt/c/Users/Shivam Gupta/OneDrive/Documents/Shivam_Developement/data_engineering/data_engineering_project/batch-etl-pyspark/.venv/lib/python3.12/site-packages/airflow/example_dags/example_task_group.py
[2025-07-16T19:33:58.061+0000] {processor.py:840} INFO - DAG(s) 'example_task_group' retrieved from /mnt/c/Users/Shivam Gupta/OneDrive/Documents/Shivam_Developement/data_engineering/data_engineering_project/batch-etl-pyspark/.venv/lib/python3.12/site-packages/airflow/example_dags/example_task_group.py
[2025-07-16T19:33:58.093+0000] {logging_mixin.py:188} INFO - [2025-07-16T19:33:58.092+0000] {dag.py:3096} INFO - Sync 1 DAGs
[2025-07-16T19:33:58.120+0000] {logging_mixin.py:188} INFO - [2025-07-16T19:33:58.119+0000] {dag.py:3954} INFO - Setting next_dagrun for example_task_group to 2025-07-15 00:00:00+00:00, run_after=2025-07-16 00:00:00+00:00
[2025-07-16T19:33:58.175+0000] {processor.py:183} INFO - Processing /mnt/c/Users/Shivam Gupta/OneDrive/Documents/Shivam_Developement/data_engineering/data_engineering_project/batch-etl-pyspark/.venv/lib/python3.12/site-packages/airflow/example_dags/example_task_group.py took 0.163 seconds
[2025-07-16T19:35:10.725+0000] {processor.py:161} INFO - Started process (PID=13996) to work on /mnt/c/Users/Shivam Gupta/OneDrive/Documents/Shivam_Developement/data_engineering/data_engineering_project/batch-etl-pyspark/.venv/lib/python3.12/site-packages/airflow/example_dags/example_task_group.py
[2025-07-16T19:35:10.727+0000] {processor.py:830} INFO - Processing file /mnt/c/Users/Shivam Gupta/OneDrive/Documents/Shivam_Developement/data_engineering/data_engineering_project/batch-etl-pyspark/.venv/lib/python3.12/site-packages/airflow/example_dags/example_task_group.py for tasks to queue
[2025-07-16T19:35:10.731+0000] {logging_mixin.py:188} INFO - [2025-07-16T19:35:10.729+0000] {dagbag.py:545} INFO - Filling up the DagBag from /mnt/c/Users/Shivam Gupta/OneDrive/Documents/Shivam_Developement/data_engineering/data_engineering_project/batch-etl-pyspark/.venv/lib/python3.12/site-packages/airflow/example_dags/example_task_group.py
[2025-07-16T19:35:10.753+0000] {processor.py:840} INFO - DAG(s) 'example_task_group' retrieved from /mnt/c/Users/Shivam Gupta/OneDrive/Documents/Shivam_Developement/data_engineering/data_engineering_project/batch-etl-pyspark/.venv/lib/python3.12/site-packages/airflow/example_dags/example_task_group.py
[2025-07-16T19:35:10.781+0000] {logging_mixin.py:188} INFO - [2025-07-16T19:35:10.781+0000] {dag.py:3096} INFO - Sync 1 DAGs
[2025-07-16T19:35:10.808+0000] {logging_mixin.py:188} INFO - [2025-07-16T19:35:10.807+0000] {dag.py:3954} INFO - Setting next_dagrun for example_task_group to 2025-07-15 00:00:00+00:00, run_after=2025-07-16 00:00:00+00:00
[2025-07-16T19:35:10.881+0000] {processor.py:183} INFO - Processing /mnt/c/Users/Shivam Gupta/OneDrive/Documents/Shivam_Developement/data_engineering/data_engineering_project/batch-etl-pyspark/.venv/lib/python3.12/site-packages/airflow/example_dags/example_task_group.py took 0.167 seconds
[2025-07-16T19:36:24.270+0000] {processor.py:161} INFO - Started process (PID=14190) to work on /mnt/c/Users/Shivam Gupta/OneDrive/Documents/Shivam_Developement/data_engineering/data_engineering_project/batch-etl-pyspark/.venv/lib/python3.12/site-packages/airflow/example_dags/example_task_group.py
[2025-07-16T19:36:24.273+0000] {processor.py:830} INFO - Processing file /mnt/c/Users/Shivam Gupta/OneDrive/Documents/Shivam_Developement/data_engineering/data_engineering_project/batch-etl-pyspark/.venv/lib/python3.12/site-packages/airflow/example_dags/example_task_group.py for tasks to queue
[2025-07-16T19:36:24.278+0000] {logging_mixin.py:188} INFO - [2025-07-16T19:36:24.277+0000] {dagbag.py:545} INFO - Filling up the DagBag from /mnt/c/Users/Shivam Gupta/OneDrive/Documents/Shivam_Developement/data_engineering/data_engineering_project/batch-etl-pyspark/.venv/lib/python3.12/site-packages/airflow/example_dags/example_task_group.py
[2025-07-16T19:36:24.308+0000] {processor.py:840} INFO - DAG(s) 'example_task_group' retrieved from /mnt/c/Users/Shivam Gupta/OneDrive/Documents/Shivam_Developement/data_engineering/data_engineering_project/batch-etl-pyspark/.venv/lib/python3.12/site-packages/airflow/example_dags/example_task_group.py
[2025-07-16T19:36:24.348+0000] {logging_mixin.py:188} INFO - [2025-07-16T19:36:24.347+0000] {dag.py:3096} INFO - Sync 1 DAGs
[2025-07-16T19:36:24.384+0000] {logging_mixin.py:188} INFO - [2025-07-16T19:36:24.382+0000] {dag.py:3954} INFO - Setting next_dagrun for example_task_group to 2025-07-15 00:00:00+00:00, run_after=2025-07-16 00:00:00+00:00
[2025-07-16T19:36:24.473+0000] {processor.py:183} INFO - Processing /mnt/c/Users/Shivam Gupta/OneDrive/Documents/Shivam_Developement/data_engineering/data_engineering_project/batch-etl-pyspark/.venv/lib/python3.12/site-packages/airflow/example_dags/example_task_group.py took 0.222 seconds
[2025-07-16T19:49:02.256+0000] {processor.py:161} INFO - Started process (PID=15071) to work on /mnt/c/Users/Shivam Gupta/OneDrive/Documents/Shivam_Developement/data_engineering/data_engineering_project/batch-etl-pyspark/.venv/lib/python3.12/site-packages/airflow/example_dags/example_task_group.py
[2025-07-16T19:49:02.258+0000] {processor.py:830} INFO - Processing file /mnt/c/Users/Shivam Gupta/OneDrive/Documents/Shivam_Developement/data_engineering/data_engineering_project/batch-etl-pyspark/.venv/lib/python3.12/site-packages/airflow/example_dags/example_task_group.py for tasks to queue
[2025-07-16T19:49:02.261+0000] {logging_mixin.py:188} INFO - [2025-07-16T19:49:02.260+0000] {dagbag.py:545} INFO - Filling up the DagBag from /mnt/c/Users/Shivam Gupta/OneDrive/Documents/Shivam_Developement/data_engineering/data_engineering_project/batch-etl-pyspark/.venv/lib/python3.12/site-packages/airflow/example_dags/example_task_group.py
[2025-07-16T19:49:02.319+0000] {processor.py:840} INFO - DAG(s) 'example_task_group' retrieved from /mnt/c/Users/Shivam Gupta/OneDrive/Documents/Shivam_Developement/data_engineering/data_engineering_project/batch-etl-pyspark/.venv/lib/python3.12/site-packages/airflow/example_dags/example_task_group.py
[2025-07-16T19:49:02.353+0000] {logging_mixin.py:188} INFO - [2025-07-16T19:49:02.352+0000] {dag.py:3096} INFO - Sync 1 DAGs
[2025-07-16T19:49:02.385+0000] {logging_mixin.py:188} INFO - [2025-07-16T19:49:02.384+0000] {dag.py:3954} INFO - Setting next_dagrun for example_task_group to 2025-07-15 00:00:00+00:00, run_after=2025-07-16 00:00:00+00:00
[2025-07-16T19:49:02.463+0000] {processor.py:183} INFO - Processing /mnt/c/Users/Shivam Gupta/OneDrive/Documents/Shivam_Developement/data_engineering/data_engineering_project/batch-etl-pyspark/.venv/lib/python3.12/site-packages/airflow/example_dags/example_task_group.py took 0.218 seconds
[2025-07-16T19:50:17.803+0000] {processor.py:161} INFO - Started process (PID=15178) to work on /mnt/c/Users/Shivam Gupta/OneDrive/Documents/Shivam_Developement/data_engineering/data_engineering_project/batch-etl-pyspark/.venv/lib/python3.12/site-packages/airflow/example_dags/example_task_group.py
[2025-07-16T19:50:17.805+0000] {processor.py:830} INFO - Processing file /mnt/c/Users/Shivam Gupta/OneDrive/Documents/Shivam_Developement/data_engineering/data_engineering_project/batch-etl-pyspark/.venv/lib/python3.12/site-packages/airflow/example_dags/example_task_group.py for tasks to queue
[2025-07-16T19:50:17.809+0000] {logging_mixin.py:188} INFO - [2025-07-16T19:50:17.808+0000] {dagbag.py:545} INFO - Filling up the DagBag from /mnt/c/Users/Shivam Gupta/OneDrive/Documents/Shivam_Developement/data_engineering/data_engineering_project/batch-etl-pyspark/.venv/lib/python3.12/site-packages/airflow/example_dags/example_task_group.py
[2025-07-16T19:50:17.840+0000] {processor.py:840} INFO - DAG(s) 'example_task_group' retrieved from /mnt/c/Users/Shivam Gupta/OneDrive/Documents/Shivam_Developement/data_engineering/data_engineering_project/batch-etl-pyspark/.venv/lib/python3.12/site-packages/airflow/example_dags/example_task_group.py
[2025-07-16T19:50:17.880+0000] {logging_mixin.py:188} INFO - [2025-07-16T19:50:17.879+0000] {dag.py:3096} INFO - Sync 1 DAGs
[2025-07-16T19:50:17.922+0000] {logging_mixin.py:188} INFO - [2025-07-16T19:50:17.920+0000] {dag.py:3954} INFO - Setting next_dagrun for example_task_group to 2025-07-15 00:00:00+00:00, run_after=2025-07-16 00:00:00+00:00
[2025-07-16T19:50:18.007+0000] {processor.py:183} INFO - Processing /mnt/c/Users/Shivam Gupta/OneDrive/Documents/Shivam_Developement/data_engineering/data_engineering_project/batch-etl-pyspark/.venv/lib/python3.12/site-packages/airflow/example_dags/example_task_group.py took 0.221 seconds
[2025-07-16T19:51:43.244+0000] {processor.py:161} INFO - Started process (PID=15268) to work on /mnt/c/Users/Shivam Gupta/OneDrive/Documents/Shivam_Developement/data_engineering/data_engineering_project/batch-etl-pyspark/.venv/lib/python3.12/site-packages/airflow/example_dags/example_task_group.py
[2025-07-16T19:51:43.246+0000] {processor.py:830} INFO - Processing file /mnt/c/Users/Shivam Gupta/OneDrive/Documents/Shivam_Developement/data_engineering/data_engineering_project/batch-etl-pyspark/.venv/lib/python3.12/site-packages/airflow/example_dags/example_task_group.py for tasks to queue
[2025-07-16T19:51:43.249+0000] {logging_mixin.py:188} INFO - [2025-07-16T19:51:43.248+0000] {dagbag.py:545} INFO - Filling up the DagBag from /mnt/c/Users/Shivam Gupta/OneDrive/Documents/Shivam_Developement/data_engineering/data_engineering_project/batch-etl-pyspark/.venv/lib/python3.12/site-packages/airflow/example_dags/example_task_group.py
[2025-07-16T19:51:43.271+0000] {processor.py:840} INFO - DAG(s) 'example_task_group' retrieved from /mnt/c/Users/Shivam Gupta/OneDrive/Documents/Shivam_Developement/data_engineering/data_engineering_project/batch-etl-pyspark/.venv/lib/python3.12/site-packages/airflow/example_dags/example_task_group.py
[2025-07-16T19:51:43.298+0000] {logging_mixin.py:188} INFO - [2025-07-16T19:51:43.297+0000] {dag.py:3096} INFO - Sync 1 DAGs
[2025-07-16T19:51:43.327+0000] {logging_mixin.py:188} INFO - [2025-07-16T19:51:43.326+0000] {dag.py:3954} INFO - Setting next_dagrun for example_task_group to 2025-07-15 00:00:00+00:00, run_after=2025-07-16 00:00:00+00:00
[2025-07-16T19:51:43.415+0000] {processor.py:183} INFO - Processing /mnt/c/Users/Shivam Gupta/OneDrive/Documents/Shivam_Developement/data_engineering/data_engineering_project/batch-etl-pyspark/.venv/lib/python3.12/site-packages/airflow/example_dags/example_task_group.py took 0.182 seconds
[2025-07-16T19:53:14.303+0000] {processor.py:161} INFO - Started process (PID=15413) to work on /mnt/c/Users/Shivam Gupta/OneDrive/Documents/Shivam_Developement/data_engineering/data_engineering_project/batch-etl-pyspark/.venv/lib/python3.12/site-packages/airflow/example_dags/example_task_group.py
[2025-07-16T19:53:14.307+0000] {processor.py:830} INFO - Processing file /mnt/c/Users/Shivam Gupta/OneDrive/Documents/Shivam_Developement/data_engineering/data_engineering_project/batch-etl-pyspark/.venv/lib/python3.12/site-packages/airflow/example_dags/example_task_group.py for tasks to queue
[2025-07-16T19:53:14.310+0000] {logging_mixin.py:188} INFO - [2025-07-16T19:53:14.309+0000] {dagbag.py:545} INFO - Filling up the DagBag from /mnt/c/Users/Shivam Gupta/OneDrive/Documents/Shivam_Developement/data_engineering/data_engineering_project/batch-etl-pyspark/.venv/lib/python3.12/site-packages/airflow/example_dags/example_task_group.py
[2025-07-16T19:53:14.346+0000] {processor.py:840} INFO - DAG(s) 'example_task_group' retrieved from /mnt/c/Users/Shivam Gupta/OneDrive/Documents/Shivam_Developement/data_engineering/data_engineering_project/batch-etl-pyspark/.venv/lib/python3.12/site-packages/airflow/example_dags/example_task_group.py
[2025-07-16T19:53:14.388+0000] {logging_mixin.py:188} INFO - [2025-07-16T19:53:14.387+0000] {dag.py:3096} INFO - Sync 1 DAGs
[2025-07-16T19:53:14.423+0000] {logging_mixin.py:188} INFO - [2025-07-16T19:53:14.422+0000] {dag.py:3954} INFO - Setting next_dagrun for example_task_group to 2025-07-15 00:00:00+00:00, run_after=2025-07-16 00:00:00+00:00
[2025-07-16T19:53:14.510+0000] {processor.py:183} INFO - Processing /mnt/c/Users/Shivam Gupta/OneDrive/Documents/Shivam_Developement/data_engineering/data_engineering_project/batch-etl-pyspark/.venv/lib/python3.12/site-packages/airflow/example_dags/example_task_group.py took 0.223 seconds
