[2025-07-16T17:46:52.551+0000] {processor.py:161} INFO - Started process (PID=5753) to work on /mnt/c/Users/Shivam Gupta/OneDrive/Documents/Shivam_Developement/data_engineering/data_engineering_project/batch-etl-pyspark/.venv/lib/python3.12/site-packages/airflow/example_dags/example_skip_dag.py
[2025-07-16T17:46:52.552+0000] {processor.py:830} INFO - Processing file /mnt/c/Users/Shivam Gupta/OneDrive/Documents/Shivam_Developement/data_engineering/data_engineering_project/batch-etl-pyspark/.venv/lib/python3.12/site-packages/airflow/example_dags/example_skip_dag.py for tasks to queue
[2025-07-16T17:46:52.555+0000] {logging_mixin.py:188} INFO - [2025-07-16T17:46:52.554+0000] {dagbag.py:545} INFO - Filling up the DagBag from /mnt/c/Users/Shivam Gupta/OneDrive/Documents/Shivam_Developement/data_engineering/data_engineering_project/batch-etl-pyspark/.venv/lib/python3.12/site-packages/airflow/example_dags/example_skip_dag.py
[2025-07-16T17:46:52.573+0000] {processor.py:840} INFO - DAG(s) 'example_skip_dag' retrieved from /mnt/c/Users/Shivam Gupta/OneDrive/Documents/Shivam_Developement/data_engineering/data_engineering_project/batch-etl-pyspark/.venv/lib/python3.12/site-packages/airflow/example_dags/example_skip_dag.py
[2025-07-16T17:46:53.256+0000] {logging_mixin.py:188} INFO - [2025-07-16T17:46:53.254+0000] {override.py:1930} INFO - Created Permission View: can read on DAG:example_skip_dag
[2025-07-16T17:46:53.293+0000] {logging_mixin.py:188} INFO - [2025-07-16T17:46:53.292+0000] {override.py:1930} INFO - Created Permission View: can edit on DAG:example_skip_dag
[2025-07-16T17:46:53.322+0000] {logging_mixin.py:188} INFO - [2025-07-16T17:46:53.321+0000] {override.py:1930} INFO - Created Permission View: can delete on DAG:example_skip_dag
[2025-07-16T17:46:53.324+0000] {logging_mixin.py:188} INFO - [2025-07-16T17:46:53.323+0000] {dag.py:3096} INFO - Sync 1 DAGs
[2025-07-16T17:46:53.339+0000] {logging_mixin.py:188} INFO - [2025-07-16T17:46:53.338+0000] {dag.py:3118} INFO - Creating ORM DAG for example_skip_dag
[2025-07-16T17:46:53.354+0000] {logging_mixin.py:188} INFO - [2025-07-16T17:46:53.353+0000] {dag.py:3954} INFO - Setting next_dagrun for example_skip_dag to 2025-07-15 00:00:00+00:00, run_after=2025-07-16 00:00:00+00:00
[2025-07-16T17:46:53.443+0000] {processor.py:183} INFO - Processing /mnt/c/Users/Shivam Gupta/OneDrive/Documents/Shivam_Developement/data_engineering/data_engineering_project/batch-etl-pyspark/.venv/lib/python3.12/site-packages/airflow/example_dags/example_skip_dag.py took 0.902 seconds
[2025-07-16T17:48:47.783+0000] {processor.py:161} INFO - Started process (PID=5830) to work on /mnt/c/Users/Shivam Gupta/OneDrive/Documents/Shivam_Developement/data_engineering/data_engineering_project/batch-etl-pyspark/.venv/lib/python3.12/site-packages/airflow/example_dags/example_skip_dag.py
[2025-07-16T17:48:47.785+0000] {processor.py:830} INFO - Processing file /mnt/c/Users/Shivam Gupta/OneDrive/Documents/Shivam_Developement/data_engineering/data_engineering_project/batch-etl-pyspark/.venv/lib/python3.12/site-packages/airflow/example_dags/example_skip_dag.py for tasks to queue
[2025-07-16T17:48:47.787+0000] {logging_mixin.py:188} INFO - [2025-07-16T17:48:47.787+0000] {dagbag.py:545} INFO - Filling up the DagBag from /mnt/c/Users/Shivam Gupta/OneDrive/Documents/Shivam_Developement/data_engineering/data_engineering_project/batch-etl-pyspark/.venv/lib/python3.12/site-packages/airflow/example_dags/example_skip_dag.py
[2025-07-16T17:48:47.809+0000] {processor.py:840} INFO - DAG(s) 'example_skip_dag' retrieved from /mnt/c/Users/Shivam Gupta/OneDrive/Documents/Shivam_Developement/data_engineering/data_engineering_project/batch-etl-pyspark/.venv/lib/python3.12/site-packages/airflow/example_dags/example_skip_dag.py
[2025-07-16T17:48:47.837+0000] {logging_mixin.py:188} INFO - [2025-07-16T17:48:47.836+0000] {dag.py:3096} INFO - Sync 1 DAGs
[2025-07-16T17:48:47.880+0000] {logging_mixin.py:188} INFO - [2025-07-16T17:48:47.878+0000] {dag.py:3954} INFO - Setting next_dagrun for example_skip_dag to 2025-07-15 00:00:00+00:00, run_after=2025-07-16 00:00:00+00:00
[2025-07-16T17:48:48.019+0000] {processor.py:183} INFO - Processing /mnt/c/Users/Shivam Gupta/OneDrive/Documents/Shivam_Developement/data_engineering/data_engineering_project/batch-etl-pyspark/.venv/lib/python3.12/site-packages/airflow/example_dags/example_skip_dag.py took 0.246 seconds
[2025-07-16T17:50:21.215+0000] {processor.py:161} INFO - Started process (PID=5926) to work on /mnt/c/Users/Shivam Gupta/OneDrive/Documents/Shivam_Developement/data_engineering/data_engineering_project/batch-etl-pyspark/.venv/lib/python3.12/site-packages/airflow/example_dags/example_skip_dag.py
[2025-07-16T17:50:21.217+0000] {processor.py:830} INFO - Processing file /mnt/c/Users/Shivam Gupta/OneDrive/Documents/Shivam_Developement/data_engineering/data_engineering_project/batch-etl-pyspark/.venv/lib/python3.12/site-packages/airflow/example_dags/example_skip_dag.py for tasks to queue
[2025-07-16T17:50:21.223+0000] {logging_mixin.py:188} INFO - [2025-07-16T17:50:21.221+0000] {dagbag.py:545} INFO - Filling up the DagBag from /mnt/c/Users/Shivam Gupta/OneDrive/Documents/Shivam_Developement/data_engineering/data_engineering_project/batch-etl-pyspark/.venv/lib/python3.12/site-packages/airflow/example_dags/example_skip_dag.py
[2025-07-16T17:50:21.260+0000] {processor.py:840} INFO - DAG(s) 'example_skip_dag' retrieved from /mnt/c/Users/Shivam Gupta/OneDrive/Documents/Shivam_Developement/data_engineering/data_engineering_project/batch-etl-pyspark/.venv/lib/python3.12/site-packages/airflow/example_dags/example_skip_dag.py
[2025-07-16T17:50:21.307+0000] {logging_mixin.py:188} INFO - [2025-07-16T17:50:21.305+0000] {dag.py:3096} INFO - Sync 1 DAGs
[2025-07-16T17:50:21.350+0000] {logging_mixin.py:188} INFO - [2025-07-16T17:50:21.349+0000] {dag.py:3954} INFO - Setting next_dagrun for example_skip_dag to 2025-07-15 00:00:00+00:00, run_after=2025-07-16 00:00:00+00:00
[2025-07-16T17:50:21.472+0000] {processor.py:183} INFO - Processing /mnt/c/Users/Shivam Gupta/OneDrive/Documents/Shivam_Developement/data_engineering/data_engineering_project/batch-etl-pyspark/.venv/lib/python3.12/site-packages/airflow/example_dags/example_skip_dag.py took 0.277 seconds
[2025-07-16T17:51:42.406+0000] {processor.py:161} INFO - Started process (PID=6014) to work on /mnt/c/Users/Shivam Gupta/OneDrive/Documents/Shivam_Developement/data_engineering/data_engineering_project/batch-etl-pyspark/.venv/lib/python3.12/site-packages/airflow/example_dags/example_skip_dag.py
[2025-07-16T17:51:42.408+0000] {processor.py:830} INFO - Processing file /mnt/c/Users/Shivam Gupta/OneDrive/Documents/Shivam_Developement/data_engineering/data_engineering_project/batch-etl-pyspark/.venv/lib/python3.12/site-packages/airflow/example_dags/example_skip_dag.py for tasks to queue
[2025-07-16T17:51:42.410+0000] {logging_mixin.py:188} INFO - [2025-07-16T17:51:42.409+0000] {dagbag.py:545} INFO - Filling up the DagBag from /mnt/c/Users/Shivam Gupta/OneDrive/Documents/Shivam_Developement/data_engineering/data_engineering_project/batch-etl-pyspark/.venv/lib/python3.12/site-packages/airflow/example_dags/example_skip_dag.py
[2025-07-16T17:51:42.429+0000] {processor.py:840} INFO - DAG(s) 'example_skip_dag' retrieved from /mnt/c/Users/Shivam Gupta/OneDrive/Documents/Shivam_Developement/data_engineering/data_engineering_project/batch-etl-pyspark/.venv/lib/python3.12/site-packages/airflow/example_dags/example_skip_dag.py
[2025-07-16T17:51:42.456+0000] {logging_mixin.py:188} INFO - [2025-07-16T17:51:42.455+0000] {dag.py:3096} INFO - Sync 1 DAGs
[2025-07-16T17:51:42.485+0000] {logging_mixin.py:188} INFO - [2025-07-16T17:51:42.484+0000] {dag.py:3954} INFO - Setting next_dagrun for example_skip_dag to 2025-07-15 00:00:00+00:00, run_after=2025-07-16 00:00:00+00:00
[2025-07-16T17:51:42.532+0000] {processor.py:183} INFO - Processing /mnt/c/Users/Shivam Gupta/OneDrive/Documents/Shivam_Developement/data_engineering/data_engineering_project/batch-etl-pyspark/.venv/lib/python3.12/site-packages/airflow/example_dags/example_skip_dag.py took 0.136 seconds
[2025-07-16T17:52:58.334+0000] {processor.py:161} INFO - Started process (PID=6085) to work on /mnt/c/Users/Shivam Gupta/OneDrive/Documents/Shivam_Developement/data_engineering/data_engineering_project/batch-etl-pyspark/.venv/lib/python3.12/site-packages/airflow/example_dags/example_skip_dag.py
[2025-07-16T17:52:58.336+0000] {processor.py:830} INFO - Processing file /mnt/c/Users/Shivam Gupta/OneDrive/Documents/Shivam_Developement/data_engineering/data_engineering_project/batch-etl-pyspark/.venv/lib/python3.12/site-packages/airflow/example_dags/example_skip_dag.py for tasks to queue
[2025-07-16T17:52:58.339+0000] {logging_mixin.py:188} INFO - [2025-07-16T17:52:58.338+0000] {dagbag.py:545} INFO - Filling up the DagBag from /mnt/c/Users/Shivam Gupta/OneDrive/Documents/Shivam_Developement/data_engineering/data_engineering_project/batch-etl-pyspark/.venv/lib/python3.12/site-packages/airflow/example_dags/example_skip_dag.py
[2025-07-16T17:52:58.357+0000] {processor.py:840} INFO - DAG(s) 'example_skip_dag' retrieved from /mnt/c/Users/Shivam Gupta/OneDrive/Documents/Shivam_Developement/data_engineering/data_engineering_project/batch-etl-pyspark/.venv/lib/python3.12/site-packages/airflow/example_dags/example_skip_dag.py
[2025-07-16T17:52:58.382+0000] {logging_mixin.py:188} INFO - [2025-07-16T17:52:58.381+0000] {dag.py:3096} INFO - Sync 1 DAGs
[2025-07-16T17:52:58.406+0000] {logging_mixin.py:188} INFO - [2025-07-16T17:52:58.405+0000] {dag.py:3954} INFO - Setting next_dagrun for example_skip_dag to 2025-07-15 00:00:00+00:00, run_after=2025-07-16 00:00:00+00:00
[2025-07-16T17:52:58.459+0000] {processor.py:183} INFO - Processing /mnt/c/Users/Shivam Gupta/OneDrive/Documents/Shivam_Developement/data_engineering/data_engineering_project/batch-etl-pyspark/.venv/lib/python3.12/site-packages/airflow/example_dags/example_skip_dag.py took 0.134 seconds
[2025-07-16T17:54:32.169+0000] {processor.py:161} INFO - Started process (PID=6174) to work on /mnt/c/Users/Shivam Gupta/OneDrive/Documents/Shivam_Developement/data_engineering/data_engineering_project/batch-etl-pyspark/.venv/lib/python3.12/site-packages/airflow/example_dags/example_skip_dag.py
[2025-07-16T17:54:32.171+0000] {processor.py:830} INFO - Processing file /mnt/c/Users/Shivam Gupta/OneDrive/Documents/Shivam_Developement/data_engineering/data_engineering_project/batch-etl-pyspark/.venv/lib/python3.12/site-packages/airflow/example_dags/example_skip_dag.py for tasks to queue
[2025-07-16T17:54:32.173+0000] {logging_mixin.py:188} INFO - [2025-07-16T17:54:32.172+0000] {dagbag.py:545} INFO - Filling up the DagBag from /mnt/c/Users/Shivam Gupta/OneDrive/Documents/Shivam_Developement/data_engineering/data_engineering_project/batch-etl-pyspark/.venv/lib/python3.12/site-packages/airflow/example_dags/example_skip_dag.py
[2025-07-16T17:54:32.187+0000] {processor.py:840} INFO - DAG(s) 'example_skip_dag' retrieved from /mnt/c/Users/Shivam Gupta/OneDrive/Documents/Shivam_Developement/data_engineering/data_engineering_project/batch-etl-pyspark/.venv/lib/python3.12/site-packages/airflow/example_dags/example_skip_dag.py
[2025-07-16T17:54:32.207+0000] {logging_mixin.py:188} INFO - [2025-07-16T17:54:32.206+0000] {dag.py:3096} INFO - Sync 1 DAGs
[2025-07-16T17:54:32.225+0000] {logging_mixin.py:188} INFO - [2025-07-16T17:54:32.225+0000] {dag.py:3954} INFO - Setting next_dagrun for example_skip_dag to 2025-07-15 00:00:00+00:00, run_after=2025-07-16 00:00:00+00:00
[2025-07-16T17:54:32.279+0000] {processor.py:183} INFO - Processing /mnt/c/Users/Shivam Gupta/OneDrive/Documents/Shivam_Developement/data_engineering/data_engineering_project/batch-etl-pyspark/.venv/lib/python3.12/site-packages/airflow/example_dags/example_skip_dag.py took 0.117 seconds
[2025-07-16T17:55:59.129+0000] {processor.py:161} INFO - Started process (PID=6262) to work on /mnt/c/Users/Shivam Gupta/OneDrive/Documents/Shivam_Developement/data_engineering/data_engineering_project/batch-etl-pyspark/.venv/lib/python3.12/site-packages/airflow/example_dags/example_skip_dag.py
[2025-07-16T17:55:59.131+0000] {processor.py:830} INFO - Processing file /mnt/c/Users/Shivam Gupta/OneDrive/Documents/Shivam_Developement/data_engineering/data_engineering_project/batch-etl-pyspark/.venv/lib/python3.12/site-packages/airflow/example_dags/example_skip_dag.py for tasks to queue
[2025-07-16T17:55:59.134+0000] {logging_mixin.py:188} INFO - [2025-07-16T17:55:59.132+0000] {dagbag.py:545} INFO - Filling up the DagBag from /mnt/c/Users/Shivam Gupta/OneDrive/Documents/Shivam_Developement/data_engineering/data_engineering_project/batch-etl-pyspark/.venv/lib/python3.12/site-packages/airflow/example_dags/example_skip_dag.py
[2025-07-16T17:55:59.154+0000] {processor.py:840} INFO - DAG(s) 'example_skip_dag' retrieved from /mnt/c/Users/Shivam Gupta/OneDrive/Documents/Shivam_Developement/data_engineering/data_engineering_project/batch-etl-pyspark/.venv/lib/python3.12/site-packages/airflow/example_dags/example_skip_dag.py
[2025-07-16T17:55:59.179+0000] {logging_mixin.py:188} INFO - [2025-07-16T17:55:59.178+0000] {dag.py:3096} INFO - Sync 1 DAGs
[2025-07-16T17:55:59.207+0000] {logging_mixin.py:188} INFO - [2025-07-16T17:55:59.207+0000] {dag.py:3954} INFO - Setting next_dagrun for example_skip_dag to 2025-07-15 00:00:00+00:00, run_after=2025-07-16 00:00:00+00:00
[2025-07-16T17:55:59.260+0000] {processor.py:183} INFO - Processing /mnt/c/Users/Shivam Gupta/OneDrive/Documents/Shivam_Developement/data_engineering/data_engineering_project/batch-etl-pyspark/.venv/lib/python3.12/site-packages/airflow/example_dags/example_skip_dag.py took 0.142 seconds
[2025-07-16T18:02:28.170+0000] {processor.py:161} INFO - Started process (PID=6734) to work on /mnt/c/Users/Shivam Gupta/OneDrive/Documents/Shivam_Developement/data_engineering/data_engineering_project/batch-etl-pyspark/.venv/lib/python3.12/site-packages/airflow/example_dags/example_skip_dag.py
[2025-07-16T18:02:28.171+0000] {processor.py:830} INFO - Processing file /mnt/c/Users/Shivam Gupta/OneDrive/Documents/Shivam_Developement/data_engineering/data_engineering_project/batch-etl-pyspark/.venv/lib/python3.12/site-packages/airflow/example_dags/example_skip_dag.py for tasks to queue
[2025-07-16T18:02:28.173+0000] {logging_mixin.py:188} INFO - [2025-07-16T18:02:28.172+0000] {dagbag.py:545} INFO - Filling up the DagBag from /mnt/c/Users/Shivam Gupta/OneDrive/Documents/Shivam_Developement/data_engineering/data_engineering_project/batch-etl-pyspark/.venv/lib/python3.12/site-packages/airflow/example_dags/example_skip_dag.py
[2025-07-16T18:02:28.186+0000] {processor.py:840} INFO - DAG(s) 'example_skip_dag' retrieved from /mnt/c/Users/Shivam Gupta/OneDrive/Documents/Shivam_Developement/data_engineering/data_engineering_project/batch-etl-pyspark/.venv/lib/python3.12/site-packages/airflow/example_dags/example_skip_dag.py
[2025-07-16T18:02:28.209+0000] {logging_mixin.py:188} INFO - [2025-07-16T18:02:28.208+0000] {dag.py:3096} INFO - Sync 1 DAGs
[2025-07-16T18:02:28.227+0000] {logging_mixin.py:188} INFO - [2025-07-16T18:02:28.226+0000] {dag.py:3954} INFO - Setting next_dagrun for example_skip_dag to 2025-07-15 00:00:00+00:00, run_after=2025-07-16 00:00:00+00:00
[2025-07-16T18:02:28.277+0000] {processor.py:183} INFO - Processing /mnt/c/Users/Shivam Gupta/OneDrive/Documents/Shivam_Developement/data_engineering/data_engineering_project/batch-etl-pyspark/.venv/lib/python3.12/site-packages/airflow/example_dags/example_skip_dag.py took 0.115 seconds
[2025-07-16T18:03:50.661+0000] {processor.py:161} INFO - Started process (PID=6801) to work on /mnt/c/Users/Shivam Gupta/OneDrive/Documents/Shivam_Developement/data_engineering/data_engineering_project/batch-etl-pyspark/.venv/lib/python3.12/site-packages/airflow/example_dags/example_skip_dag.py
[2025-07-16T18:03:50.663+0000] {processor.py:830} INFO - Processing file /mnt/c/Users/Shivam Gupta/OneDrive/Documents/Shivam_Developement/data_engineering/data_engineering_project/batch-etl-pyspark/.venv/lib/python3.12/site-packages/airflow/example_dags/example_skip_dag.py for tasks to queue
[2025-07-16T18:03:50.666+0000] {logging_mixin.py:188} INFO - [2025-07-16T18:03:50.665+0000] {dagbag.py:545} INFO - Filling up the DagBag from /mnt/c/Users/Shivam Gupta/OneDrive/Documents/Shivam_Developement/data_engineering/data_engineering_project/batch-etl-pyspark/.venv/lib/python3.12/site-packages/airflow/example_dags/example_skip_dag.py
[2025-07-16T18:03:50.684+0000] {processor.py:840} INFO - DAG(s) 'example_skip_dag' retrieved from /mnt/c/Users/Shivam Gupta/OneDrive/Documents/Shivam_Developement/data_engineering/data_engineering_project/batch-etl-pyspark/.venv/lib/python3.12/site-packages/airflow/example_dags/example_skip_dag.py
[2025-07-16T18:03:50.709+0000] {logging_mixin.py:188} INFO - [2025-07-16T18:03:50.708+0000] {dag.py:3096} INFO - Sync 1 DAGs
[2025-07-16T18:03:50.733+0000] {logging_mixin.py:188} INFO - [2025-07-16T18:03:50.732+0000] {dag.py:3954} INFO - Setting next_dagrun for example_skip_dag to 2025-07-15 00:00:00+00:00, run_after=2025-07-16 00:00:00+00:00
[2025-07-16T18:03:50.785+0000] {processor.py:183} INFO - Processing /mnt/c/Users/Shivam Gupta/OneDrive/Documents/Shivam_Developement/data_engineering/data_engineering_project/batch-etl-pyspark/.venv/lib/python3.12/site-packages/airflow/example_dags/example_skip_dag.py took 0.133 seconds
[2025-07-16T18:38:19.903+0000] {processor.py:161} INFO - Started process (PID=8681) to work on /mnt/c/Users/Shivam Gupta/OneDrive/Documents/Shivam_Developement/data_engineering/data_engineering_project/batch-etl-pyspark/.venv/lib/python3.12/site-packages/airflow/example_dags/example_skip_dag.py
[2025-07-16T18:38:19.905+0000] {processor.py:830} INFO - Processing file /mnt/c/Users/Shivam Gupta/OneDrive/Documents/Shivam_Developement/data_engineering/data_engineering_project/batch-etl-pyspark/.venv/lib/python3.12/site-packages/airflow/example_dags/example_skip_dag.py for tasks to queue
[2025-07-16T18:38:19.907+0000] {logging_mixin.py:188} INFO - [2025-07-16T18:38:19.906+0000] {dagbag.py:545} INFO - Filling up the DagBag from /mnt/c/Users/Shivam Gupta/OneDrive/Documents/Shivam_Developement/data_engineering/data_engineering_project/batch-etl-pyspark/.venv/lib/python3.12/site-packages/airflow/example_dags/example_skip_dag.py
[2025-07-16T18:38:19.927+0000] {processor.py:840} INFO - DAG(s) 'example_skip_dag' retrieved from /mnt/c/Users/Shivam Gupta/OneDrive/Documents/Shivam_Developement/data_engineering/data_engineering_project/batch-etl-pyspark/.venv/lib/python3.12/site-packages/airflow/example_dags/example_skip_dag.py
[2025-07-16T18:38:19.969+0000] {logging_mixin.py:188} INFO - [2025-07-16T18:38:19.969+0000] {dag.py:3096} INFO - Sync 1 DAGs
[2025-07-16T18:38:19.999+0000] {logging_mixin.py:188} INFO - [2025-07-16T18:38:19.998+0000] {dag.py:3954} INFO - Setting next_dagrun for example_skip_dag to 2025-07-15 00:00:00+00:00, run_after=2025-07-16 00:00:00+00:00
[2025-07-16T18:38:20.079+0000] {processor.py:183} INFO - Processing /mnt/c/Users/Shivam Gupta/OneDrive/Documents/Shivam_Developement/data_engineering/data_engineering_project/batch-etl-pyspark/.venv/lib/python3.12/site-packages/airflow/example_dags/example_skip_dag.py took 0.186 seconds
[2025-07-16T18:52:26.509+0000] {processor.py:161} INFO - Started process (PID=9381) to work on /mnt/c/Users/Shivam Gupta/OneDrive/Documents/Shivam_Developement/data_engineering/data_engineering_project/batch-etl-pyspark/.venv/lib/python3.12/site-packages/airflow/example_dags/example_skip_dag.py
[2025-07-16T18:52:26.511+0000] {processor.py:830} INFO - Processing file /mnt/c/Users/Shivam Gupta/OneDrive/Documents/Shivam_Developement/data_engineering/data_engineering_project/batch-etl-pyspark/.venv/lib/python3.12/site-packages/airflow/example_dags/example_skip_dag.py for tasks to queue
[2025-07-16T18:52:26.515+0000] {logging_mixin.py:188} INFO - [2025-07-16T18:52:26.513+0000] {dagbag.py:545} INFO - Filling up the DagBag from /mnt/c/Users/Shivam Gupta/OneDrive/Documents/Shivam_Developement/data_engineering/data_engineering_project/batch-etl-pyspark/.venv/lib/python3.12/site-packages/airflow/example_dags/example_skip_dag.py
[2025-07-16T18:52:26.538+0000] {processor.py:840} INFO - DAG(s) 'example_skip_dag' retrieved from /mnt/c/Users/Shivam Gupta/OneDrive/Documents/Shivam_Developement/data_engineering/data_engineering_project/batch-etl-pyspark/.venv/lib/python3.12/site-packages/airflow/example_dags/example_skip_dag.py
[2025-07-16T18:52:26.572+0000] {logging_mixin.py:188} INFO - [2025-07-16T18:52:26.571+0000] {dag.py:3096} INFO - Sync 1 DAGs
[2025-07-16T18:52:26.611+0000] {logging_mixin.py:188} INFO - [2025-07-16T18:52:26.611+0000] {dag.py:3954} INFO - Setting next_dagrun for example_skip_dag to 2025-07-15 00:00:00+00:00, run_after=2025-07-16 00:00:00+00:00
[2025-07-16T18:52:26.754+0000] {processor.py:183} INFO - Processing /mnt/c/Users/Shivam Gupta/OneDrive/Documents/Shivam_Developement/data_engineering/data_engineering_project/batch-etl-pyspark/.venv/lib/python3.12/site-packages/airflow/example_dags/example_skip_dag.py took 0.265 seconds
[2025-07-16T18:53:39.580+0000] {processor.py:161} INFO - Started process (PID=9448) to work on /mnt/c/Users/Shivam Gupta/OneDrive/Documents/Shivam_Developement/data_engineering/data_engineering_project/batch-etl-pyspark/.venv/lib/python3.12/site-packages/airflow/example_dags/example_skip_dag.py
[2025-07-16T18:53:39.581+0000] {processor.py:830} INFO - Processing file /mnt/c/Users/Shivam Gupta/OneDrive/Documents/Shivam_Developement/data_engineering/data_engineering_project/batch-etl-pyspark/.venv/lib/python3.12/site-packages/airflow/example_dags/example_skip_dag.py for tasks to queue
[2025-07-16T18:53:39.584+0000] {logging_mixin.py:188} INFO - [2025-07-16T18:53:39.583+0000] {dagbag.py:545} INFO - Filling up the DagBag from /mnt/c/Users/Shivam Gupta/OneDrive/Documents/Shivam_Developement/data_engineering/data_engineering_project/batch-etl-pyspark/.venv/lib/python3.12/site-packages/airflow/example_dags/example_skip_dag.py
[2025-07-16T18:53:39.604+0000] {processor.py:840} INFO - DAG(s) 'example_skip_dag' retrieved from /mnt/c/Users/Shivam Gupta/OneDrive/Documents/Shivam_Developement/data_engineering/data_engineering_project/batch-etl-pyspark/.venv/lib/python3.12/site-packages/airflow/example_dags/example_skip_dag.py
[2025-07-16T18:53:39.631+0000] {logging_mixin.py:188} INFO - [2025-07-16T18:53:39.630+0000] {dag.py:3096} INFO - Sync 1 DAGs
[2025-07-16T18:53:39.659+0000] {logging_mixin.py:188} INFO - [2025-07-16T18:53:39.658+0000] {dag.py:3954} INFO - Setting next_dagrun for example_skip_dag to 2025-07-15 00:00:00+00:00, run_after=2025-07-16 00:00:00+00:00
[2025-07-16T18:53:39.726+0000] {processor.py:183} INFO - Processing /mnt/c/Users/Shivam Gupta/OneDrive/Documents/Shivam_Developement/data_engineering/data_engineering_project/batch-etl-pyspark/.venv/lib/python3.12/site-packages/airflow/example_dags/example_skip_dag.py took 0.156 seconds
[2025-07-16T18:55:03.013+0000] {processor.py:161} INFO - Started process (PID=9613) to work on /mnt/c/Users/Shivam Gupta/OneDrive/Documents/Shivam_Developement/data_engineering/data_engineering_project/batch-etl-pyspark/.venv/lib/python3.12/site-packages/airflow/example_dags/example_skip_dag.py
[2025-07-16T18:55:03.015+0000] {processor.py:830} INFO - Processing file /mnt/c/Users/Shivam Gupta/OneDrive/Documents/Shivam_Developement/data_engineering/data_engineering_project/batch-etl-pyspark/.venv/lib/python3.12/site-packages/airflow/example_dags/example_skip_dag.py for tasks to queue
[2025-07-16T18:55:03.019+0000] {logging_mixin.py:188} INFO - [2025-07-16T18:55:03.017+0000] {dagbag.py:545} INFO - Filling up the DagBag from /mnt/c/Users/Shivam Gupta/OneDrive/Documents/Shivam_Developement/data_engineering/data_engineering_project/batch-etl-pyspark/.venv/lib/python3.12/site-packages/airflow/example_dags/example_skip_dag.py
[2025-07-16T18:55:03.089+0000] {processor.py:840} INFO - DAG(s) 'example_skip_dag' retrieved from /mnt/c/Users/Shivam Gupta/OneDrive/Documents/Shivam_Developement/data_engineering/data_engineering_project/batch-etl-pyspark/.venv/lib/python3.12/site-packages/airflow/example_dags/example_skip_dag.py
[2025-07-16T18:55:03.129+0000] {logging_mixin.py:188} INFO - [2025-07-16T18:55:03.128+0000] {dag.py:3096} INFO - Sync 1 DAGs
[2025-07-16T18:55:03.170+0000] {logging_mixin.py:188} INFO - [2025-07-16T18:55:03.168+0000] {dag.py:3954} INFO - Setting next_dagrun for example_skip_dag to 2025-07-15 00:00:00+00:00, run_after=2025-07-16 00:00:00+00:00
[2025-07-16T18:55:03.265+0000] {processor.py:183} INFO - Processing /mnt/c/Users/Shivam Gupta/OneDrive/Documents/Shivam_Developement/data_engineering/data_engineering_project/batch-etl-pyspark/.venv/lib/python3.12/site-packages/airflow/example_dags/example_skip_dag.py took 0.264 seconds
[2025-07-16T18:56:18.397+0000] {processor.py:161} INFO - Started process (PID=9844) to work on /mnt/c/Users/Shivam Gupta/OneDrive/Documents/Shivam_Developement/data_engineering/data_engineering_project/batch-etl-pyspark/.venv/lib/python3.12/site-packages/airflow/example_dags/example_skip_dag.py
[2025-07-16T18:56:18.399+0000] {processor.py:830} INFO - Processing file /mnt/c/Users/Shivam Gupta/OneDrive/Documents/Shivam_Developement/data_engineering/data_engineering_project/batch-etl-pyspark/.venv/lib/python3.12/site-packages/airflow/example_dags/example_skip_dag.py for tasks to queue
[2025-07-16T18:56:18.402+0000] {logging_mixin.py:188} INFO - [2025-07-16T18:56:18.401+0000] {dagbag.py:545} INFO - Filling up the DagBag from /mnt/c/Users/Shivam Gupta/OneDrive/Documents/Shivam_Developement/data_engineering/data_engineering_project/batch-etl-pyspark/.venv/lib/python3.12/site-packages/airflow/example_dags/example_skip_dag.py
[2025-07-16T18:56:18.424+0000] {processor.py:840} INFO - DAG(s) 'example_skip_dag' retrieved from /mnt/c/Users/Shivam Gupta/OneDrive/Documents/Shivam_Developement/data_engineering/data_engineering_project/batch-etl-pyspark/.venv/lib/python3.12/site-packages/airflow/example_dags/example_skip_dag.py
[2025-07-16T18:56:18.452+0000] {logging_mixin.py:188} INFO - [2025-07-16T18:56:18.451+0000] {dag.py:3096} INFO - Sync 1 DAGs
[2025-07-16T18:56:18.481+0000] {logging_mixin.py:188} INFO - [2025-07-16T18:56:18.480+0000] {dag.py:3954} INFO - Setting next_dagrun for example_skip_dag to 2025-07-15 00:00:00+00:00, run_after=2025-07-16 00:00:00+00:00
[2025-07-16T18:56:18.542+0000] {processor.py:183} INFO - Processing /mnt/c/Users/Shivam Gupta/OneDrive/Documents/Shivam_Developement/data_engineering/data_engineering_project/batch-etl-pyspark/.venv/lib/python3.12/site-packages/airflow/example_dags/example_skip_dag.py took 0.156 seconds
[2025-07-16T18:57:36.601+0000] {processor.py:161} INFO - Started process (PID=9985) to work on /mnt/c/Users/Shivam Gupta/OneDrive/Documents/Shivam_Developement/data_engineering/data_engineering_project/batch-etl-pyspark/.venv/lib/python3.12/site-packages/airflow/example_dags/example_skip_dag.py
[2025-07-16T18:57:36.603+0000] {processor.py:830} INFO - Processing file /mnt/c/Users/Shivam Gupta/OneDrive/Documents/Shivam_Developement/data_engineering/data_engineering_project/batch-etl-pyspark/.venv/lib/python3.12/site-packages/airflow/example_dags/example_skip_dag.py for tasks to queue
[2025-07-16T18:57:36.607+0000] {logging_mixin.py:188} INFO - [2025-07-16T18:57:36.605+0000] {dagbag.py:545} INFO - Filling up the DagBag from /mnt/c/Users/Shivam Gupta/OneDrive/Documents/Shivam_Developement/data_engineering/data_engineering_project/batch-etl-pyspark/.venv/lib/python3.12/site-packages/airflow/example_dags/example_skip_dag.py
[2025-07-16T18:57:36.632+0000] {processor.py:840} INFO - DAG(s) 'example_skip_dag' retrieved from /mnt/c/Users/Shivam Gupta/OneDrive/Documents/Shivam_Developement/data_engineering/data_engineering_project/batch-etl-pyspark/.venv/lib/python3.12/site-packages/airflow/example_dags/example_skip_dag.py
[2025-07-16T18:57:36.662+0000] {logging_mixin.py:188} INFO - [2025-07-16T18:57:36.661+0000] {dag.py:3096} INFO - Sync 1 DAGs
[2025-07-16T18:57:36.700+0000] {logging_mixin.py:188} INFO - [2025-07-16T18:57:36.699+0000] {dag.py:3954} INFO - Setting next_dagrun for example_skip_dag to 2025-07-15 00:00:00+00:00, run_after=2025-07-16 00:00:00+00:00
[2025-07-16T18:57:36.780+0000] {processor.py:183} INFO - Processing /mnt/c/Users/Shivam Gupta/OneDrive/Documents/Shivam_Developement/data_engineering/data_engineering_project/batch-etl-pyspark/.venv/lib/python3.12/site-packages/airflow/example_dags/example_skip_dag.py took 0.190 seconds
[2025-07-16T18:58:58.500+0000] {processor.py:161} INFO - Started process (PID=10126) to work on /mnt/c/Users/Shivam Gupta/OneDrive/Documents/Shivam_Developement/data_engineering/data_engineering_project/batch-etl-pyspark/.venv/lib/python3.12/site-packages/airflow/example_dags/example_skip_dag.py
[2025-07-16T18:58:58.503+0000] {processor.py:830} INFO - Processing file /mnt/c/Users/Shivam Gupta/OneDrive/Documents/Shivam_Developement/data_engineering/data_engineering_project/batch-etl-pyspark/.venv/lib/python3.12/site-packages/airflow/example_dags/example_skip_dag.py for tasks to queue
[2025-07-16T18:58:58.506+0000] {logging_mixin.py:188} INFO - [2025-07-16T18:58:58.505+0000] {dagbag.py:545} INFO - Filling up the DagBag from /mnt/c/Users/Shivam Gupta/OneDrive/Documents/Shivam_Developement/data_engineering/data_engineering_project/batch-etl-pyspark/.venv/lib/python3.12/site-packages/airflow/example_dags/example_skip_dag.py
[2025-07-16T18:58:58.531+0000] {processor.py:840} INFO - DAG(s) 'example_skip_dag' retrieved from /mnt/c/Users/Shivam Gupta/OneDrive/Documents/Shivam_Developement/data_engineering/data_engineering_project/batch-etl-pyspark/.venv/lib/python3.12/site-packages/airflow/example_dags/example_skip_dag.py
[2025-07-16T18:58:58.564+0000] {logging_mixin.py:188} INFO - [2025-07-16T18:58:58.563+0000] {dag.py:3096} INFO - Sync 1 DAGs
[2025-07-16T18:58:58.591+0000] {logging_mixin.py:188} INFO - [2025-07-16T18:58:58.590+0000] {dag.py:3954} INFO - Setting next_dagrun for example_skip_dag to 2025-07-15 00:00:00+00:00, run_after=2025-07-16 00:00:00+00:00
[2025-07-16T18:58:58.662+0000] {processor.py:183} INFO - Processing /mnt/c/Users/Shivam Gupta/OneDrive/Documents/Shivam_Developement/data_engineering/data_engineering_project/batch-etl-pyspark/.venv/lib/python3.12/site-packages/airflow/example_dags/example_skip_dag.py took 0.177 seconds
[2025-07-16T19:00:27.426+0000] {processor.py:161} INFO - Started process (PID=10326) to work on /mnt/c/Users/Shivam Gupta/OneDrive/Documents/Shivam_Developement/data_engineering/data_engineering_project/batch-etl-pyspark/.venv/lib/python3.12/site-packages/airflow/example_dags/example_skip_dag.py
[2025-07-16T19:00:27.429+0000] {processor.py:830} INFO - Processing file /mnt/c/Users/Shivam Gupta/OneDrive/Documents/Shivam_Developement/data_engineering/data_engineering_project/batch-etl-pyspark/.venv/lib/python3.12/site-packages/airflow/example_dags/example_skip_dag.py for tasks to queue
[2025-07-16T19:00:27.435+0000] {logging_mixin.py:188} INFO - [2025-07-16T19:00:27.433+0000] {dagbag.py:545} INFO - Filling up the DagBag from /mnt/c/Users/Shivam Gupta/OneDrive/Documents/Shivam_Developement/data_engineering/data_engineering_project/batch-etl-pyspark/.venv/lib/python3.12/site-packages/airflow/example_dags/example_skip_dag.py
[2025-07-16T19:00:27.465+0000] {processor.py:840} INFO - DAG(s) 'example_skip_dag' retrieved from /mnt/c/Users/Shivam Gupta/OneDrive/Documents/Shivam_Developement/data_engineering/data_engineering_project/batch-etl-pyspark/.venv/lib/python3.12/site-packages/airflow/example_dags/example_skip_dag.py
[2025-07-16T19:00:27.503+0000] {logging_mixin.py:188} INFO - [2025-07-16T19:00:27.502+0000] {dag.py:3096} INFO - Sync 1 DAGs
[2025-07-16T19:00:27.538+0000] {logging_mixin.py:188} INFO - [2025-07-16T19:00:27.537+0000] {dag.py:3954} INFO - Setting next_dagrun for example_skip_dag to 2025-07-15 00:00:00+00:00, run_after=2025-07-16 00:00:00+00:00
[2025-07-16T19:00:27.630+0000] {processor.py:183} INFO - Processing /mnt/c/Users/Shivam Gupta/OneDrive/Documents/Shivam_Developement/data_engineering/data_engineering_project/batch-etl-pyspark/.venv/lib/python3.12/site-packages/airflow/example_dags/example_skip_dag.py took 0.216 seconds
[2025-07-16T19:01:59.711+0000] {processor.py:161} INFO - Started process (PID=10524) to work on /mnt/c/Users/Shivam Gupta/OneDrive/Documents/Shivam_Developement/data_engineering/data_engineering_project/batch-etl-pyspark/.venv/lib/python3.12/site-packages/airflow/example_dags/example_skip_dag.py
[2025-07-16T19:01:59.715+0000] {processor.py:830} INFO - Processing file /mnt/c/Users/Shivam Gupta/OneDrive/Documents/Shivam_Developement/data_engineering/data_engineering_project/batch-etl-pyspark/.venv/lib/python3.12/site-packages/airflow/example_dags/example_skip_dag.py for tasks to queue
[2025-07-16T19:01:59.719+0000] {logging_mixin.py:188} INFO - [2025-07-16T19:01:59.718+0000] {dagbag.py:545} INFO - Filling up the DagBag from /mnt/c/Users/Shivam Gupta/OneDrive/Documents/Shivam_Developement/data_engineering/data_engineering_project/batch-etl-pyspark/.venv/lib/python3.12/site-packages/airflow/example_dags/example_skip_dag.py
[2025-07-16T19:01:59.754+0000] {processor.py:840} INFO - DAG(s) 'example_skip_dag' retrieved from /mnt/c/Users/Shivam Gupta/OneDrive/Documents/Shivam_Developement/data_engineering/data_engineering_project/batch-etl-pyspark/.venv/lib/python3.12/site-packages/airflow/example_dags/example_skip_dag.py
[2025-07-16T19:01:59.797+0000] {logging_mixin.py:188} INFO - [2025-07-16T19:01:59.794+0000] {dag.py:3096} INFO - Sync 1 DAGs
[2025-07-16T19:01:59.836+0000] {logging_mixin.py:188} INFO - [2025-07-16T19:01:59.834+0000] {dag.py:3954} INFO - Setting next_dagrun for example_skip_dag to 2025-07-15 00:00:00+00:00, run_after=2025-07-16 00:00:00+00:00
[2025-07-16T19:01:59.942+0000] {processor.py:183} INFO - Processing /mnt/c/Users/Shivam Gupta/OneDrive/Documents/Shivam_Developement/data_engineering/data_engineering_project/batch-etl-pyspark/.venv/lib/python3.12/site-packages/airflow/example_dags/example_skip_dag.py took 0.249 seconds
[2025-07-16T19:03:30.147+0000] {processor.py:161} INFO - Started process (PID=10708) to work on /mnt/c/Users/Shivam Gupta/OneDrive/Documents/Shivam_Developement/data_engineering/data_engineering_project/batch-etl-pyspark/.venv/lib/python3.12/site-packages/airflow/example_dags/example_skip_dag.py
[2025-07-16T19:03:30.150+0000] {processor.py:830} INFO - Processing file /mnt/c/Users/Shivam Gupta/OneDrive/Documents/Shivam_Developement/data_engineering/data_engineering_project/batch-etl-pyspark/.venv/lib/python3.12/site-packages/airflow/example_dags/example_skip_dag.py for tasks to queue
[2025-07-16T19:03:30.156+0000] {logging_mixin.py:188} INFO - [2025-07-16T19:03:30.153+0000] {dagbag.py:545} INFO - Filling up the DagBag from /mnt/c/Users/Shivam Gupta/OneDrive/Documents/Shivam_Developement/data_engineering/data_engineering_project/batch-etl-pyspark/.venv/lib/python3.12/site-packages/airflow/example_dags/example_skip_dag.py
[2025-07-16T19:03:30.185+0000] {processor.py:840} INFO - DAG(s) 'example_skip_dag' retrieved from /mnt/c/Users/Shivam Gupta/OneDrive/Documents/Shivam_Developement/data_engineering/data_engineering_project/batch-etl-pyspark/.venv/lib/python3.12/site-packages/airflow/example_dags/example_skip_dag.py
[2025-07-16T19:03:30.222+0000] {logging_mixin.py:188} INFO - [2025-07-16T19:03:30.221+0000] {dag.py:3096} INFO - Sync 1 DAGs
[2025-07-16T19:03:30.258+0000] {logging_mixin.py:188} INFO - [2025-07-16T19:03:30.256+0000] {dag.py:3954} INFO - Setting next_dagrun for example_skip_dag to 2025-07-15 00:00:00+00:00, run_after=2025-07-16 00:00:00+00:00
[2025-07-16T19:03:30.342+0000] {processor.py:183} INFO - Processing /mnt/c/Users/Shivam Gupta/OneDrive/Documents/Shivam_Developement/data_engineering/data_engineering_project/batch-etl-pyspark/.venv/lib/python3.12/site-packages/airflow/example_dags/example_skip_dag.py took 0.209 seconds
[2025-07-16T19:04:58.647+0000] {processor.py:161} INFO - Started process (PID=10851) to work on /mnt/c/Users/Shivam Gupta/OneDrive/Documents/Shivam_Developement/data_engineering/data_engineering_project/batch-etl-pyspark/.venv/lib/python3.12/site-packages/airflow/example_dags/example_skip_dag.py
[2025-07-16T19:04:58.649+0000] {processor.py:830} INFO - Processing file /mnt/c/Users/Shivam Gupta/OneDrive/Documents/Shivam_Developement/data_engineering/data_engineering_project/batch-etl-pyspark/.venv/lib/python3.12/site-packages/airflow/example_dags/example_skip_dag.py for tasks to queue
[2025-07-16T19:04:58.652+0000] {logging_mixin.py:188} INFO - [2025-07-16T19:04:58.651+0000] {dagbag.py:545} INFO - Filling up the DagBag from /mnt/c/Users/Shivam Gupta/OneDrive/Documents/Shivam_Developement/data_engineering/data_engineering_project/batch-etl-pyspark/.venv/lib/python3.12/site-packages/airflow/example_dags/example_skip_dag.py
[2025-07-16T19:04:58.691+0000] {processor.py:840} INFO - DAG(s) 'example_skip_dag' retrieved from /mnt/c/Users/Shivam Gupta/OneDrive/Documents/Shivam_Developement/data_engineering/data_engineering_project/batch-etl-pyspark/.venv/lib/python3.12/site-packages/airflow/example_dags/example_skip_dag.py
[2025-07-16T19:04:58.727+0000] {logging_mixin.py:188} INFO - [2025-07-16T19:04:58.726+0000] {dag.py:3096} INFO - Sync 1 DAGs
[2025-07-16T19:04:58.755+0000] {logging_mixin.py:188} INFO - [2025-07-16T19:04:58.754+0000] {dag.py:3954} INFO - Setting next_dagrun for example_skip_dag to 2025-07-15 00:00:00+00:00, run_after=2025-07-16 00:00:00+00:00
[2025-07-16T19:04:58.818+0000] {processor.py:183} INFO - Processing /mnt/c/Users/Shivam Gupta/OneDrive/Documents/Shivam_Developement/data_engineering/data_engineering_project/batch-etl-pyspark/.venv/lib/python3.12/site-packages/airflow/example_dags/example_skip_dag.py took 0.186 seconds
[2025-07-16T19:06:21.441+0000] {processor.py:161} INFO - Started process (PID=11017) to work on /mnt/c/Users/Shivam Gupta/OneDrive/Documents/Shivam_Developement/data_engineering/data_engineering_project/batch-etl-pyspark/.venv/lib/python3.12/site-packages/airflow/example_dags/example_skip_dag.py
[2025-07-16T19:06:21.443+0000] {processor.py:830} INFO - Processing file /mnt/c/Users/Shivam Gupta/OneDrive/Documents/Shivam_Developement/data_engineering/data_engineering_project/batch-etl-pyspark/.venv/lib/python3.12/site-packages/airflow/example_dags/example_skip_dag.py for tasks to queue
[2025-07-16T19:06:21.446+0000] {logging_mixin.py:188} INFO - [2025-07-16T19:06:21.445+0000] {dagbag.py:545} INFO - Filling up the DagBag from /mnt/c/Users/Shivam Gupta/OneDrive/Documents/Shivam_Developement/data_engineering/data_engineering_project/batch-etl-pyspark/.venv/lib/python3.12/site-packages/airflow/example_dags/example_skip_dag.py
[2025-07-16T19:06:21.468+0000] {processor.py:840} INFO - DAG(s) 'example_skip_dag' retrieved from /mnt/c/Users/Shivam Gupta/OneDrive/Documents/Shivam_Developement/data_engineering/data_engineering_project/batch-etl-pyspark/.venv/lib/python3.12/site-packages/airflow/example_dags/example_skip_dag.py
[2025-07-16T19:06:21.496+0000] {logging_mixin.py:188} INFO - [2025-07-16T19:06:21.495+0000] {dag.py:3096} INFO - Sync 1 DAGs
[2025-07-16T19:06:21.521+0000] {logging_mixin.py:188} INFO - [2025-07-16T19:06:21.520+0000] {dag.py:3954} INFO - Setting next_dagrun for example_skip_dag to 2025-07-15 00:00:00+00:00, run_after=2025-07-16 00:00:00+00:00
[2025-07-16T19:06:21.617+0000] {processor.py:183} INFO - Processing /mnt/c/Users/Shivam Gupta/OneDrive/Documents/Shivam_Developement/data_engineering/data_engineering_project/batch-etl-pyspark/.venv/lib/python3.12/site-packages/airflow/example_dags/example_skip_dag.py took 0.186 seconds
[2025-07-16T19:07:51.170+0000] {processor.py:161} INFO - Started process (PID=11182) to work on /mnt/c/Users/Shivam Gupta/OneDrive/Documents/Shivam_Developement/data_engineering/data_engineering_project/batch-etl-pyspark/.venv/lib/python3.12/site-packages/airflow/example_dags/example_skip_dag.py
[2025-07-16T19:07:51.171+0000] {processor.py:830} INFO - Processing file /mnt/c/Users/Shivam Gupta/OneDrive/Documents/Shivam_Developement/data_engineering/data_engineering_project/batch-etl-pyspark/.venv/lib/python3.12/site-packages/airflow/example_dags/example_skip_dag.py for tasks to queue
[2025-07-16T19:07:51.174+0000] {logging_mixin.py:188} INFO - [2025-07-16T19:07:51.174+0000] {dagbag.py:545} INFO - Filling up the DagBag from /mnt/c/Users/Shivam Gupta/OneDrive/Documents/Shivam_Developement/data_engineering/data_engineering_project/batch-etl-pyspark/.venv/lib/python3.12/site-packages/airflow/example_dags/example_skip_dag.py
[2025-07-16T19:07:51.191+0000] {processor.py:840} INFO - DAG(s) 'example_skip_dag' retrieved from /mnt/c/Users/Shivam Gupta/OneDrive/Documents/Shivam_Developement/data_engineering/data_engineering_project/batch-etl-pyspark/.venv/lib/python3.12/site-packages/airflow/example_dags/example_skip_dag.py
[2025-07-16T19:07:51.218+0000] {logging_mixin.py:188} INFO - [2025-07-16T19:07:51.217+0000] {dag.py:3096} INFO - Sync 1 DAGs
[2025-07-16T19:07:51.246+0000] {logging_mixin.py:188} INFO - [2025-07-16T19:07:51.245+0000] {dag.py:3954} INFO - Setting next_dagrun for example_skip_dag to 2025-07-15 00:00:00+00:00, run_after=2025-07-16 00:00:00+00:00
[2025-07-16T19:07:51.310+0000] {processor.py:183} INFO - Processing /mnt/c/Users/Shivam Gupta/OneDrive/Documents/Shivam_Developement/data_engineering/data_engineering_project/batch-etl-pyspark/.venv/lib/python3.12/site-packages/airflow/example_dags/example_skip_dag.py took 0.151 seconds
[2025-07-16T19:09:23.665+0000] {processor.py:161} INFO - Started process (PID=11334) to work on /mnt/c/Users/Shivam Gupta/OneDrive/Documents/Shivam_Developement/data_engineering/data_engineering_project/batch-etl-pyspark/.venv/lib/python3.12/site-packages/airflow/example_dags/example_skip_dag.py
[2025-07-16T19:09:23.668+0000] {processor.py:830} INFO - Processing file /mnt/c/Users/Shivam Gupta/OneDrive/Documents/Shivam_Developement/data_engineering/data_engineering_project/batch-etl-pyspark/.venv/lib/python3.12/site-packages/airflow/example_dags/example_skip_dag.py for tasks to queue
[2025-07-16T19:09:23.673+0000] {logging_mixin.py:188} INFO - [2025-07-16T19:09:23.671+0000] {dagbag.py:545} INFO - Filling up the DagBag from /mnt/c/Users/Shivam Gupta/OneDrive/Documents/Shivam_Developement/data_engineering/data_engineering_project/batch-etl-pyspark/.venv/lib/python3.12/site-packages/airflow/example_dags/example_skip_dag.py
[2025-07-16T19:09:23.707+0000] {processor.py:840} INFO - DAG(s) 'example_skip_dag' retrieved from /mnt/c/Users/Shivam Gupta/OneDrive/Documents/Shivam_Developement/data_engineering/data_engineering_project/batch-etl-pyspark/.venv/lib/python3.12/site-packages/airflow/example_dags/example_skip_dag.py
[2025-07-16T19:09:23.749+0000] {logging_mixin.py:188} INFO - [2025-07-16T19:09:23.748+0000] {dag.py:3096} INFO - Sync 1 DAGs
[2025-07-16T19:09:23.785+0000] {logging_mixin.py:188} INFO - [2025-07-16T19:09:23.784+0000] {dag.py:3954} INFO - Setting next_dagrun for example_skip_dag to 2025-07-15 00:00:00+00:00, run_after=2025-07-16 00:00:00+00:00
[2025-07-16T19:09:23.889+0000] {processor.py:183} INFO - Processing /mnt/c/Users/Shivam Gupta/OneDrive/Documents/Shivam_Developement/data_engineering/data_engineering_project/batch-etl-pyspark/.venv/lib/python3.12/site-packages/airflow/example_dags/example_skip_dag.py took 0.243 seconds
[2025-07-16T19:10:52.346+0000] {processor.py:161} INFO - Started process (PID=11500) to work on /mnt/c/Users/Shivam Gupta/OneDrive/Documents/Shivam_Developement/data_engineering/data_engineering_project/batch-etl-pyspark/.venv/lib/python3.12/site-packages/airflow/example_dags/example_skip_dag.py
[2025-07-16T19:10:52.349+0000] {processor.py:830} INFO - Processing file /mnt/c/Users/Shivam Gupta/OneDrive/Documents/Shivam_Developement/data_engineering/data_engineering_project/batch-etl-pyspark/.venv/lib/python3.12/site-packages/airflow/example_dags/example_skip_dag.py for tasks to queue
[2025-07-16T19:10:52.354+0000] {logging_mixin.py:188} INFO - [2025-07-16T19:10:52.352+0000] {dagbag.py:545} INFO - Filling up the DagBag from /mnt/c/Users/Shivam Gupta/OneDrive/Documents/Shivam_Developement/data_engineering/data_engineering_project/batch-etl-pyspark/.venv/lib/python3.12/site-packages/airflow/example_dags/example_skip_dag.py
[2025-07-16T19:10:52.391+0000] {processor.py:840} INFO - DAG(s) 'example_skip_dag' retrieved from /mnt/c/Users/Shivam Gupta/OneDrive/Documents/Shivam_Developement/data_engineering/data_engineering_project/batch-etl-pyspark/.venv/lib/python3.12/site-packages/airflow/example_dags/example_skip_dag.py
[2025-07-16T19:10:52.433+0000] {logging_mixin.py:188} INFO - [2025-07-16T19:10:52.431+0000] {dag.py:3096} INFO - Sync 1 DAGs
[2025-07-16T19:10:52.481+0000] {logging_mixin.py:188} INFO - [2025-07-16T19:10:52.480+0000] {dag.py:3954} INFO - Setting next_dagrun for example_skip_dag to 2025-07-15 00:00:00+00:00, run_after=2025-07-16 00:00:00+00:00
[2025-07-16T19:10:52.570+0000] {processor.py:183} INFO - Processing /mnt/c/Users/Shivam Gupta/OneDrive/Documents/Shivam_Developement/data_engineering/data_engineering_project/batch-etl-pyspark/.venv/lib/python3.12/site-packages/airflow/example_dags/example_skip_dag.py took 0.241 seconds
[2025-07-16T19:12:24.227+0000] {processor.py:161} INFO - Started process (PID=11685) to work on /mnt/c/Users/Shivam Gupta/OneDrive/Documents/Shivam_Developement/data_engineering/data_engineering_project/batch-etl-pyspark/.venv/lib/python3.12/site-packages/airflow/example_dags/example_skip_dag.py
[2025-07-16T19:12:24.228+0000] {processor.py:830} INFO - Processing file /mnt/c/Users/Shivam Gupta/OneDrive/Documents/Shivam_Developement/data_engineering/data_engineering_project/batch-etl-pyspark/.venv/lib/python3.12/site-packages/airflow/example_dags/example_skip_dag.py for tasks to queue
[2025-07-16T19:12:24.232+0000] {logging_mixin.py:188} INFO - [2025-07-16T19:12:24.231+0000] {dagbag.py:545} INFO - Filling up the DagBag from /mnt/c/Users/Shivam Gupta/OneDrive/Documents/Shivam_Developement/data_engineering/data_engineering_project/batch-etl-pyspark/.venv/lib/python3.12/site-packages/airflow/example_dags/example_skip_dag.py
[2025-07-16T19:12:24.253+0000] {processor.py:840} INFO - DAG(s) 'example_skip_dag' retrieved from /mnt/c/Users/Shivam Gupta/OneDrive/Documents/Shivam_Developement/data_engineering/data_engineering_project/batch-etl-pyspark/.venv/lib/python3.12/site-packages/airflow/example_dags/example_skip_dag.py
[2025-07-16T19:12:24.284+0000] {logging_mixin.py:188} INFO - [2025-07-16T19:12:24.283+0000] {dag.py:3096} INFO - Sync 1 DAGs
[2025-07-16T19:12:24.318+0000] {logging_mixin.py:188} INFO - [2025-07-16T19:12:24.317+0000] {dag.py:3954} INFO - Setting next_dagrun for example_skip_dag to 2025-07-15 00:00:00+00:00, run_after=2025-07-16 00:00:00+00:00
[2025-07-16T19:12:24.400+0000] {processor.py:183} INFO - Processing /mnt/c/Users/Shivam Gupta/OneDrive/Documents/Shivam_Developement/data_engineering/data_engineering_project/batch-etl-pyspark/.venv/lib/python3.12/site-packages/airflow/example_dags/example_skip_dag.py took 0.182 seconds
[2025-07-16T19:13:49.795+0000] {processor.py:161} INFO - Started process (PID=11845) to work on /mnt/c/Users/Shivam Gupta/OneDrive/Documents/Shivam_Developement/data_engineering/data_engineering_project/batch-etl-pyspark/.venv/lib/python3.12/site-packages/airflow/example_dags/example_skip_dag.py
[2025-07-16T19:13:49.797+0000] {processor.py:830} INFO - Processing file /mnt/c/Users/Shivam Gupta/OneDrive/Documents/Shivam_Developement/data_engineering/data_engineering_project/batch-etl-pyspark/.venv/lib/python3.12/site-packages/airflow/example_dags/example_skip_dag.py for tasks to queue
[2025-07-16T19:13:49.802+0000] {logging_mixin.py:188} INFO - [2025-07-16T19:13:49.800+0000] {dagbag.py:545} INFO - Filling up the DagBag from /mnt/c/Users/Shivam Gupta/OneDrive/Documents/Shivam_Developement/data_engineering/data_engineering_project/batch-etl-pyspark/.venv/lib/python3.12/site-packages/airflow/example_dags/example_skip_dag.py
[2025-07-16T19:13:49.829+0000] {processor.py:840} INFO - DAG(s) 'example_skip_dag' retrieved from /mnt/c/Users/Shivam Gupta/OneDrive/Documents/Shivam_Developement/data_engineering/data_engineering_project/batch-etl-pyspark/.venv/lib/python3.12/site-packages/airflow/example_dags/example_skip_dag.py
[2025-07-16T19:13:49.869+0000] {logging_mixin.py:188} INFO - [2025-07-16T19:13:49.867+0000] {dag.py:3096} INFO - Sync 1 DAGs
[2025-07-16T19:13:49.907+0000] {logging_mixin.py:188} INFO - [2025-07-16T19:13:49.906+0000] {dag.py:3954} INFO - Setting next_dagrun for example_skip_dag to 2025-07-15 00:00:00+00:00, run_after=2025-07-16 00:00:00+00:00
[2025-07-16T19:13:49.995+0000] {processor.py:183} INFO - Processing /mnt/c/Users/Shivam Gupta/OneDrive/Documents/Shivam_Developement/data_engineering/data_engineering_project/batch-etl-pyspark/.venv/lib/python3.12/site-packages/airflow/example_dags/example_skip_dag.py took 0.219 seconds
[2025-07-16T19:15:24.180+0000] {processor.py:161} INFO - Started process (PID=12035) to work on /mnt/c/Users/Shivam Gupta/OneDrive/Documents/Shivam_Developement/data_engineering/data_engineering_project/batch-etl-pyspark/.venv/lib/python3.12/site-packages/airflow/example_dags/example_skip_dag.py
[2025-07-16T19:15:24.182+0000] {processor.py:830} INFO - Processing file /mnt/c/Users/Shivam Gupta/OneDrive/Documents/Shivam_Developement/data_engineering/data_engineering_project/batch-etl-pyspark/.venv/lib/python3.12/site-packages/airflow/example_dags/example_skip_dag.py for tasks to queue
[2025-07-16T19:15:24.185+0000] {logging_mixin.py:188} INFO - [2025-07-16T19:15:24.184+0000] {dagbag.py:545} INFO - Filling up the DagBag from /mnt/c/Users/Shivam Gupta/OneDrive/Documents/Shivam_Developement/data_engineering/data_engineering_project/batch-etl-pyspark/.venv/lib/python3.12/site-packages/airflow/example_dags/example_skip_dag.py
[2025-07-16T19:15:24.205+0000] {processor.py:840} INFO - DAG(s) 'example_skip_dag' retrieved from /mnt/c/Users/Shivam Gupta/OneDrive/Documents/Shivam_Developement/data_engineering/data_engineering_project/batch-etl-pyspark/.venv/lib/python3.12/site-packages/airflow/example_dags/example_skip_dag.py
[2025-07-16T19:15:24.230+0000] {logging_mixin.py:188} INFO - [2025-07-16T19:15:24.230+0000] {dag.py:3096} INFO - Sync 1 DAGs
[2025-07-16T19:15:24.257+0000] {logging_mixin.py:188} INFO - [2025-07-16T19:15:24.256+0000] {dag.py:3954} INFO - Setting next_dagrun for example_skip_dag to 2025-07-15 00:00:00+00:00, run_after=2025-07-16 00:00:00+00:00
[2025-07-16T19:15:24.319+0000] {processor.py:183} INFO - Processing /mnt/c/Users/Shivam Gupta/OneDrive/Documents/Shivam_Developement/data_engineering/data_engineering_project/batch-etl-pyspark/.venv/lib/python3.12/site-packages/airflow/example_dags/example_skip_dag.py took 0.148 seconds
[2025-07-16T19:16:48.544+0000] {processor.py:161} INFO - Started process (PID=12200) to work on /mnt/c/Users/Shivam Gupta/OneDrive/Documents/Shivam_Developement/data_engineering/data_engineering_project/batch-etl-pyspark/.venv/lib/python3.12/site-packages/airflow/example_dags/example_skip_dag.py
[2025-07-16T19:16:48.546+0000] {processor.py:830} INFO - Processing file /mnt/c/Users/Shivam Gupta/OneDrive/Documents/Shivam_Developement/data_engineering/data_engineering_project/batch-etl-pyspark/.venv/lib/python3.12/site-packages/airflow/example_dags/example_skip_dag.py for tasks to queue
[2025-07-16T19:16:48.556+0000] {logging_mixin.py:188} INFO - [2025-07-16T19:16:48.552+0000] {dagbag.py:545} INFO - Filling up the DagBag from /mnt/c/Users/Shivam Gupta/OneDrive/Documents/Shivam_Developement/data_engineering/data_engineering_project/batch-etl-pyspark/.venv/lib/python3.12/site-packages/airflow/example_dags/example_skip_dag.py
[2025-07-16T19:16:48.587+0000] {processor.py:840} INFO - DAG(s) 'example_skip_dag' retrieved from /mnt/c/Users/Shivam Gupta/OneDrive/Documents/Shivam_Developement/data_engineering/data_engineering_project/batch-etl-pyspark/.venv/lib/python3.12/site-packages/airflow/example_dags/example_skip_dag.py
[2025-07-16T19:16:48.622+0000] {logging_mixin.py:188} INFO - [2025-07-16T19:16:48.621+0000] {dag.py:3096} INFO - Sync 1 DAGs
[2025-07-16T19:16:48.660+0000] {logging_mixin.py:188} INFO - [2025-07-16T19:16:48.658+0000] {dag.py:3954} INFO - Setting next_dagrun for example_skip_dag to 2025-07-15 00:00:00+00:00, run_after=2025-07-16 00:00:00+00:00
[2025-07-16T19:16:48.747+0000] {processor.py:183} INFO - Processing /mnt/c/Users/Shivam Gupta/OneDrive/Documents/Shivam_Developement/data_engineering/data_engineering_project/batch-etl-pyspark/.venv/lib/python3.12/site-packages/airflow/example_dags/example_skip_dag.py took 0.213 seconds
[2025-07-16T19:18:20.045+0000] {processor.py:161} INFO - Started process (PID=12372) to work on /mnt/c/Users/Shivam Gupta/OneDrive/Documents/Shivam_Developement/data_engineering/data_engineering_project/batch-etl-pyspark/.venv/lib/python3.12/site-packages/airflow/example_dags/example_skip_dag.py
[2025-07-16T19:18:20.047+0000] {processor.py:830} INFO - Processing file /mnt/c/Users/Shivam Gupta/OneDrive/Documents/Shivam_Developement/data_engineering/data_engineering_project/batch-etl-pyspark/.venv/lib/python3.12/site-packages/airflow/example_dags/example_skip_dag.py for tasks to queue
[2025-07-16T19:18:20.052+0000] {logging_mixin.py:188} INFO - [2025-07-16T19:18:20.050+0000] {dagbag.py:545} INFO - Filling up the DagBag from /mnt/c/Users/Shivam Gupta/OneDrive/Documents/Shivam_Developement/data_engineering/data_engineering_project/batch-etl-pyspark/.venv/lib/python3.12/site-packages/airflow/example_dags/example_skip_dag.py
[2025-07-16T19:18:20.078+0000] {processor.py:840} INFO - DAG(s) 'example_skip_dag' retrieved from /mnt/c/Users/Shivam Gupta/OneDrive/Documents/Shivam_Developement/data_engineering/data_engineering_project/batch-etl-pyspark/.venv/lib/python3.12/site-packages/airflow/example_dags/example_skip_dag.py
[2025-07-16T19:18:20.108+0000] {logging_mixin.py:188} INFO - [2025-07-16T19:18:20.106+0000] {dag.py:3096} INFO - Sync 1 DAGs
[2025-07-16T19:18:20.138+0000] {logging_mixin.py:188} INFO - [2025-07-16T19:18:20.137+0000] {dag.py:3954} INFO - Setting next_dagrun for example_skip_dag to 2025-07-15 00:00:00+00:00, run_after=2025-07-16 00:00:00+00:00
[2025-07-16T19:18:20.244+0000] {processor.py:183} INFO - Processing /mnt/c/Users/Shivam Gupta/OneDrive/Documents/Shivam_Developement/data_engineering/data_engineering_project/batch-etl-pyspark/.venv/lib/python3.12/site-packages/airflow/example_dags/example_skip_dag.py took 0.211 seconds
[2025-07-16T19:19:39.913+0000] {processor.py:161} INFO - Started process (PID=12499) to work on /mnt/c/Users/Shivam Gupta/OneDrive/Documents/Shivam_Developement/data_engineering/data_engineering_project/batch-etl-pyspark/.venv/lib/python3.12/site-packages/airflow/example_dags/example_skip_dag.py
[2025-07-16T19:19:39.916+0000] {processor.py:830} INFO - Processing file /mnt/c/Users/Shivam Gupta/OneDrive/Documents/Shivam_Developement/data_engineering/data_engineering_project/batch-etl-pyspark/.venv/lib/python3.12/site-packages/airflow/example_dags/example_skip_dag.py for tasks to queue
[2025-07-16T19:19:39.920+0000] {logging_mixin.py:188} INFO - [2025-07-16T19:19:39.919+0000] {dagbag.py:545} INFO - Filling up the DagBag from /mnt/c/Users/Shivam Gupta/OneDrive/Documents/Shivam_Developement/data_engineering/data_engineering_project/batch-etl-pyspark/.venv/lib/python3.12/site-packages/airflow/example_dags/example_skip_dag.py
[2025-07-16T19:19:39.951+0000] {processor.py:840} INFO - DAG(s) 'example_skip_dag' retrieved from /mnt/c/Users/Shivam Gupta/OneDrive/Documents/Shivam_Developement/data_engineering/data_engineering_project/batch-etl-pyspark/.venv/lib/python3.12/site-packages/airflow/example_dags/example_skip_dag.py
[2025-07-16T19:19:39.977+0000] {logging_mixin.py:188} INFO - [2025-07-16T19:19:39.977+0000] {dag.py:3096} INFO - Sync 1 DAGs
[2025-07-16T19:19:40.000+0000] {logging_mixin.py:188} INFO - [2025-07-16T19:19:40.000+0000] {dag.py:3954} INFO - Setting next_dagrun for example_skip_dag to 2025-07-15 00:00:00+00:00, run_after=2025-07-16 00:00:00+00:00
[2025-07-16T19:19:40.078+0000] {processor.py:183} INFO - Processing /mnt/c/Users/Shivam Gupta/OneDrive/Documents/Shivam_Developement/data_engineering/data_engineering_project/batch-etl-pyspark/.venv/lib/python3.12/site-packages/airflow/example_dags/example_skip_dag.py took 0.182 seconds
[2025-07-16T19:20:59.593+0000] {processor.py:161} INFO - Started process (PID=12659) to work on /mnt/c/Users/Shivam Gupta/OneDrive/Documents/Shivam_Developement/data_engineering/data_engineering_project/batch-etl-pyspark/.venv/lib/python3.12/site-packages/airflow/example_dags/example_skip_dag.py
[2025-07-16T19:20:59.596+0000] {processor.py:830} INFO - Processing file /mnt/c/Users/Shivam Gupta/OneDrive/Documents/Shivam_Developement/data_engineering/data_engineering_project/batch-etl-pyspark/.venv/lib/python3.12/site-packages/airflow/example_dags/example_skip_dag.py for tasks to queue
[2025-07-16T19:20:59.599+0000] {logging_mixin.py:188} INFO - [2025-07-16T19:20:59.598+0000] {dagbag.py:545} INFO - Filling up the DagBag from /mnt/c/Users/Shivam Gupta/OneDrive/Documents/Shivam_Developement/data_engineering/data_engineering_project/batch-etl-pyspark/.venv/lib/python3.12/site-packages/airflow/example_dags/example_skip_dag.py
[2025-07-16T19:20:59.638+0000] {processor.py:840} INFO - DAG(s) 'example_skip_dag' retrieved from /mnt/c/Users/Shivam Gupta/OneDrive/Documents/Shivam_Developement/data_engineering/data_engineering_project/batch-etl-pyspark/.venv/lib/python3.12/site-packages/airflow/example_dags/example_skip_dag.py
[2025-07-16T19:20:59.681+0000] {logging_mixin.py:188} INFO - [2025-07-16T19:20:59.679+0000] {dag.py:3096} INFO - Sync 1 DAGs
[2025-07-16T19:20:59.722+0000] {logging_mixin.py:188} INFO - [2025-07-16T19:20:59.720+0000] {dag.py:3954} INFO - Setting next_dagrun for example_skip_dag to 2025-07-15 00:00:00+00:00, run_after=2025-07-16 00:00:00+00:00
[2025-07-16T19:20:59.949+0000] {processor.py:183} INFO - Processing /mnt/c/Users/Shivam Gupta/OneDrive/Documents/Shivam_Developement/data_engineering/data_engineering_project/batch-etl-pyspark/.venv/lib/python3.12/site-packages/airflow/example_dags/example_skip_dag.py took 0.373 seconds
[2025-07-16T19:22:35.585+0000] {processor.py:161} INFO - Started process (PID=12850) to work on /mnt/c/Users/Shivam Gupta/OneDrive/Documents/Shivam_Developement/data_engineering/data_engineering_project/batch-etl-pyspark/.venv/lib/python3.12/site-packages/airflow/example_dags/example_skip_dag.py
[2025-07-16T19:22:35.587+0000] {processor.py:830} INFO - Processing file /mnt/c/Users/Shivam Gupta/OneDrive/Documents/Shivam_Developement/data_engineering/data_engineering_project/batch-etl-pyspark/.venv/lib/python3.12/site-packages/airflow/example_dags/example_skip_dag.py for tasks to queue
[2025-07-16T19:22:35.590+0000] {logging_mixin.py:188} INFO - [2025-07-16T19:22:35.589+0000] {dagbag.py:545} INFO - Filling up the DagBag from /mnt/c/Users/Shivam Gupta/OneDrive/Documents/Shivam_Developement/data_engineering/data_engineering_project/batch-etl-pyspark/.venv/lib/python3.12/site-packages/airflow/example_dags/example_skip_dag.py
[2025-07-16T19:22:35.620+0000] {processor.py:840} INFO - DAG(s) 'example_skip_dag' retrieved from /mnt/c/Users/Shivam Gupta/OneDrive/Documents/Shivam_Developement/data_engineering/data_engineering_project/batch-etl-pyspark/.venv/lib/python3.12/site-packages/airflow/example_dags/example_skip_dag.py
[2025-07-16T19:22:35.656+0000] {logging_mixin.py:188} INFO - [2025-07-16T19:22:35.655+0000] {dag.py:3096} INFO - Sync 1 DAGs
[2025-07-16T19:22:35.687+0000] {logging_mixin.py:188} INFO - [2025-07-16T19:22:35.686+0000] {dag.py:3954} INFO - Setting next_dagrun for example_skip_dag to 2025-07-15 00:00:00+00:00, run_after=2025-07-16 00:00:00+00:00
[2025-07-16T19:22:35.787+0000] {processor.py:183} INFO - Processing /mnt/c/Users/Shivam Gupta/OneDrive/Documents/Shivam_Developement/data_engineering/data_engineering_project/batch-etl-pyspark/.venv/lib/python3.12/site-packages/airflow/example_dags/example_skip_dag.py took 0.215 seconds
[2025-07-16T19:23:56.776+0000] {processor.py:161} INFO - Started process (PID=12975) to work on /mnt/c/Users/Shivam Gupta/OneDrive/Documents/Shivam_Developement/data_engineering/data_engineering_project/batch-etl-pyspark/.venv/lib/python3.12/site-packages/airflow/example_dags/example_skip_dag.py
[2025-07-16T19:23:56.779+0000] {processor.py:830} INFO - Processing file /mnt/c/Users/Shivam Gupta/OneDrive/Documents/Shivam_Developement/data_engineering/data_engineering_project/batch-etl-pyspark/.venv/lib/python3.12/site-packages/airflow/example_dags/example_skip_dag.py for tasks to queue
[2025-07-16T19:23:56.784+0000] {logging_mixin.py:188} INFO - [2025-07-16T19:23:56.782+0000] {dagbag.py:545} INFO - Filling up the DagBag from /mnt/c/Users/Shivam Gupta/OneDrive/Documents/Shivam_Developement/data_engineering/data_engineering_project/batch-etl-pyspark/.venv/lib/python3.12/site-packages/airflow/example_dags/example_skip_dag.py
[2025-07-16T19:23:56.807+0000] {processor.py:840} INFO - DAG(s) 'example_skip_dag' retrieved from /mnt/c/Users/Shivam Gupta/OneDrive/Documents/Shivam_Developement/data_engineering/data_engineering_project/batch-etl-pyspark/.venv/lib/python3.12/site-packages/airflow/example_dags/example_skip_dag.py
[2025-07-16T19:23:56.832+0000] {logging_mixin.py:188} INFO - [2025-07-16T19:23:56.831+0000] {dag.py:3096} INFO - Sync 1 DAGs
[2025-07-16T19:23:56.855+0000] {logging_mixin.py:188} INFO - [2025-07-16T19:23:56.855+0000] {dag.py:3954} INFO - Setting next_dagrun for example_skip_dag to 2025-07-15 00:00:00+00:00, run_after=2025-07-16 00:00:00+00:00
[2025-07-16T19:23:56.906+0000] {processor.py:183} INFO - Processing /mnt/c/Users/Shivam Gupta/OneDrive/Documents/Shivam_Developement/data_engineering/data_engineering_project/batch-etl-pyspark/.venv/lib/python3.12/site-packages/airflow/example_dags/example_skip_dag.py took 0.150 seconds
[2025-07-16T19:25:20.989+0000] {processor.py:161} INFO - Started process (PID=13086) to work on /mnt/c/Users/Shivam Gupta/OneDrive/Documents/Shivam_Developement/data_engineering/data_engineering_project/batch-etl-pyspark/.venv/lib/python3.12/site-packages/airflow/example_dags/example_skip_dag.py
[2025-07-16T19:25:20.990+0000] {processor.py:830} INFO - Processing file /mnt/c/Users/Shivam Gupta/OneDrive/Documents/Shivam_Developement/data_engineering/data_engineering_project/batch-etl-pyspark/.venv/lib/python3.12/site-packages/airflow/example_dags/example_skip_dag.py for tasks to queue
[2025-07-16T19:25:20.994+0000] {logging_mixin.py:188} INFO - [2025-07-16T19:25:20.993+0000] {dagbag.py:545} INFO - Filling up the DagBag from /mnt/c/Users/Shivam Gupta/OneDrive/Documents/Shivam_Developement/data_engineering/data_engineering_project/batch-etl-pyspark/.venv/lib/python3.12/site-packages/airflow/example_dags/example_skip_dag.py
[2025-07-16T19:25:21.014+0000] {processor.py:840} INFO - DAG(s) 'example_skip_dag' retrieved from /mnt/c/Users/Shivam Gupta/OneDrive/Documents/Shivam_Developement/data_engineering/data_engineering_project/batch-etl-pyspark/.venv/lib/python3.12/site-packages/airflow/example_dags/example_skip_dag.py
[2025-07-16T19:25:21.041+0000] {logging_mixin.py:188} INFO - [2025-07-16T19:25:21.040+0000] {dag.py:3096} INFO - Sync 1 DAGs
[2025-07-16T19:25:21.074+0000] {logging_mixin.py:188} INFO - [2025-07-16T19:25:21.072+0000] {dag.py:3954} INFO - Setting next_dagrun for example_skip_dag to 2025-07-15 00:00:00+00:00, run_after=2025-07-16 00:00:00+00:00
[2025-07-16T19:25:21.169+0000] {processor.py:183} INFO - Processing /mnt/c/Users/Shivam Gupta/OneDrive/Documents/Shivam_Developement/data_engineering/data_engineering_project/batch-etl-pyspark/.venv/lib/python3.12/site-packages/airflow/example_dags/example_skip_dag.py took 0.191 seconds
[2025-07-16T19:26:40.181+0000] {processor.py:161} INFO - Started process (PID=13185) to work on /mnt/c/Users/Shivam Gupta/OneDrive/Documents/Shivam_Developement/data_engineering/data_engineering_project/batch-etl-pyspark/.venv/lib/python3.12/site-packages/airflow/example_dags/example_skip_dag.py
[2025-07-16T19:26:40.184+0000] {processor.py:830} INFO - Processing file /mnt/c/Users/Shivam Gupta/OneDrive/Documents/Shivam_Developement/data_engineering/data_engineering_project/batch-etl-pyspark/.venv/lib/python3.12/site-packages/airflow/example_dags/example_skip_dag.py for tasks to queue
[2025-07-16T19:26:40.190+0000] {logging_mixin.py:188} INFO - [2025-07-16T19:26:40.188+0000] {dagbag.py:545} INFO - Filling up the DagBag from /mnt/c/Users/Shivam Gupta/OneDrive/Documents/Shivam_Developement/data_engineering/data_engineering_project/batch-etl-pyspark/.venv/lib/python3.12/site-packages/airflow/example_dags/example_skip_dag.py
[2025-07-16T19:26:40.224+0000] {processor.py:840} INFO - DAG(s) 'example_skip_dag' retrieved from /mnt/c/Users/Shivam Gupta/OneDrive/Documents/Shivam_Developement/data_engineering/data_engineering_project/batch-etl-pyspark/.venv/lib/python3.12/site-packages/airflow/example_dags/example_skip_dag.py
[2025-07-16T19:26:40.261+0000] {logging_mixin.py:188} INFO - [2025-07-16T19:26:40.260+0000] {dag.py:3096} INFO - Sync 1 DAGs
[2025-07-16T19:26:40.368+0000] {logging_mixin.py:188} INFO - [2025-07-16T19:26:40.367+0000] {dag.py:3954} INFO - Setting next_dagrun for example_skip_dag to 2025-07-15 00:00:00+00:00, run_after=2025-07-16 00:00:00+00:00
[2025-07-16T19:26:40.440+0000] {processor.py:183} INFO - Processing /mnt/c/Users/Shivam Gupta/OneDrive/Documents/Shivam_Developement/data_engineering/data_engineering_project/batch-etl-pyspark/.venv/lib/python3.12/site-packages/airflow/example_dags/example_skip_dag.py took 0.275 seconds
[2025-07-16T19:27:57.160+0000] {processor.py:161} INFO - Started process (PID=13274) to work on /mnt/c/Users/Shivam Gupta/OneDrive/Documents/Shivam_Developement/data_engineering/data_engineering_project/batch-etl-pyspark/.venv/lib/python3.12/site-packages/airflow/example_dags/example_skip_dag.py
[2025-07-16T19:27:57.162+0000] {processor.py:830} INFO - Processing file /mnt/c/Users/Shivam Gupta/OneDrive/Documents/Shivam_Developement/data_engineering/data_engineering_project/batch-etl-pyspark/.venv/lib/python3.12/site-packages/airflow/example_dags/example_skip_dag.py for tasks to queue
[2025-07-16T19:27:57.165+0000] {logging_mixin.py:188} INFO - [2025-07-16T19:27:57.164+0000] {dagbag.py:545} INFO - Filling up the DagBag from /mnt/c/Users/Shivam Gupta/OneDrive/Documents/Shivam_Developement/data_engineering/data_engineering_project/batch-etl-pyspark/.venv/lib/python3.12/site-packages/airflow/example_dags/example_skip_dag.py
[2025-07-16T19:27:57.190+0000] {processor.py:840} INFO - DAG(s) 'example_skip_dag' retrieved from /mnt/c/Users/Shivam Gupta/OneDrive/Documents/Shivam_Developement/data_engineering/data_engineering_project/batch-etl-pyspark/.venv/lib/python3.12/site-packages/airflow/example_dags/example_skip_dag.py
[2025-07-16T19:27:57.227+0000] {logging_mixin.py:188} INFO - [2025-07-16T19:27:57.226+0000] {dag.py:3096} INFO - Sync 1 DAGs
[2025-07-16T19:27:57.265+0000] {logging_mixin.py:188} INFO - [2025-07-16T19:27:57.264+0000] {dag.py:3954} INFO - Setting next_dagrun for example_skip_dag to 2025-07-15 00:00:00+00:00, run_after=2025-07-16 00:00:00+00:00
[2025-07-16T19:27:57.365+0000] {processor.py:183} INFO - Processing /mnt/c/Users/Shivam Gupta/OneDrive/Documents/Shivam_Developement/data_engineering/data_engineering_project/batch-etl-pyspark/.venv/lib/python3.12/site-packages/airflow/example_dags/example_skip_dag.py took 0.217 seconds
[2025-07-16T19:29:11.787+0000] {processor.py:161} INFO - Started process (PID=13398) to work on /mnt/c/Users/Shivam Gupta/OneDrive/Documents/Shivam_Developement/data_engineering/data_engineering_project/batch-etl-pyspark/.venv/lib/python3.12/site-packages/airflow/example_dags/example_skip_dag.py
[2025-07-16T19:29:11.789+0000] {processor.py:830} INFO - Processing file /mnt/c/Users/Shivam Gupta/OneDrive/Documents/Shivam_Developement/data_engineering/data_engineering_project/batch-etl-pyspark/.venv/lib/python3.12/site-packages/airflow/example_dags/example_skip_dag.py for tasks to queue
[2025-07-16T19:29:11.791+0000] {logging_mixin.py:188} INFO - [2025-07-16T19:29:11.790+0000] {dagbag.py:545} INFO - Filling up the DagBag from /mnt/c/Users/Shivam Gupta/OneDrive/Documents/Shivam_Developement/data_engineering/data_engineering_project/batch-etl-pyspark/.venv/lib/python3.12/site-packages/airflow/example_dags/example_skip_dag.py
[2025-07-16T19:29:11.812+0000] {processor.py:840} INFO - DAG(s) 'example_skip_dag' retrieved from /mnt/c/Users/Shivam Gupta/OneDrive/Documents/Shivam_Developement/data_engineering/data_engineering_project/batch-etl-pyspark/.venv/lib/python3.12/site-packages/airflow/example_dags/example_skip_dag.py
[2025-07-16T19:29:11.849+0000] {logging_mixin.py:188} INFO - [2025-07-16T19:29:11.848+0000] {dag.py:3096} INFO - Sync 1 DAGs
[2025-07-16T19:29:11.876+0000] {logging_mixin.py:188} INFO - [2025-07-16T19:29:11.875+0000] {dag.py:3954} INFO - Setting next_dagrun for example_skip_dag to 2025-07-15 00:00:00+00:00, run_after=2025-07-16 00:00:00+00:00
[2025-07-16T19:29:11.969+0000] {processor.py:183} INFO - Processing /mnt/c/Users/Shivam Gupta/OneDrive/Documents/Shivam_Developement/data_engineering/data_engineering_project/batch-etl-pyspark/.venv/lib/python3.12/site-packages/airflow/example_dags/example_skip_dag.py took 0.199 seconds
[2025-07-16T19:30:25.837+0000] {processor.py:161} INFO - Started process (PID=13485) to work on /mnt/c/Users/Shivam Gupta/OneDrive/Documents/Shivam_Developement/data_engineering/data_engineering_project/batch-etl-pyspark/.venv/lib/python3.12/site-packages/airflow/example_dags/example_skip_dag.py
[2025-07-16T19:30:25.840+0000] {processor.py:830} INFO - Processing file /mnt/c/Users/Shivam Gupta/OneDrive/Documents/Shivam_Developement/data_engineering/data_engineering_project/batch-etl-pyspark/.venv/lib/python3.12/site-packages/airflow/example_dags/example_skip_dag.py for tasks to queue
[2025-07-16T19:30:25.846+0000] {logging_mixin.py:188} INFO - [2025-07-16T19:30:25.843+0000] {dagbag.py:545} INFO - Filling up the DagBag from /mnt/c/Users/Shivam Gupta/OneDrive/Documents/Shivam_Developement/data_engineering/data_engineering_project/batch-etl-pyspark/.venv/lib/python3.12/site-packages/airflow/example_dags/example_skip_dag.py
[2025-07-16T19:30:25.870+0000] {processor.py:840} INFO - DAG(s) 'example_skip_dag' retrieved from /mnt/c/Users/Shivam Gupta/OneDrive/Documents/Shivam_Developement/data_engineering/data_engineering_project/batch-etl-pyspark/.venv/lib/python3.12/site-packages/airflow/example_dags/example_skip_dag.py
[2025-07-16T19:30:25.900+0000] {logging_mixin.py:188} INFO - [2025-07-16T19:30:25.899+0000] {dag.py:3096} INFO - Sync 1 DAGs
[2025-07-16T19:30:25.927+0000] {logging_mixin.py:188} INFO - [2025-07-16T19:30:25.926+0000] {dag.py:3954} INFO - Setting next_dagrun for example_skip_dag to 2025-07-15 00:00:00+00:00, run_after=2025-07-16 00:00:00+00:00
[2025-07-16T19:30:25.995+0000] {processor.py:183} INFO - Processing /mnt/c/Users/Shivam Gupta/OneDrive/Documents/Shivam_Developement/data_engineering/data_engineering_project/batch-etl-pyspark/.venv/lib/python3.12/site-packages/airflow/example_dags/example_skip_dag.py took 0.178 seconds
[2025-07-16T19:31:42.168+0000] {processor.py:161} INFO - Started process (PID=13628) to work on /mnt/c/Users/Shivam Gupta/OneDrive/Documents/Shivam_Developement/data_engineering/data_engineering_project/batch-etl-pyspark/.venv/lib/python3.12/site-packages/airflow/example_dags/example_skip_dag.py
[2025-07-16T19:31:42.170+0000] {processor.py:830} INFO - Processing file /mnt/c/Users/Shivam Gupta/OneDrive/Documents/Shivam_Developement/data_engineering/data_engineering_project/batch-etl-pyspark/.venv/lib/python3.12/site-packages/airflow/example_dags/example_skip_dag.py for tasks to queue
[2025-07-16T19:31:42.172+0000] {logging_mixin.py:188} INFO - [2025-07-16T19:31:42.171+0000] {dagbag.py:545} INFO - Filling up the DagBag from /mnt/c/Users/Shivam Gupta/OneDrive/Documents/Shivam_Developement/data_engineering/data_engineering_project/batch-etl-pyspark/.venv/lib/python3.12/site-packages/airflow/example_dags/example_skip_dag.py
[2025-07-16T19:31:42.194+0000] {processor.py:840} INFO - DAG(s) 'example_skip_dag' retrieved from /mnt/c/Users/Shivam Gupta/OneDrive/Documents/Shivam_Developement/data_engineering/data_engineering_project/batch-etl-pyspark/.venv/lib/python3.12/site-packages/airflow/example_dags/example_skip_dag.py
[2025-07-16T19:31:42.219+0000] {logging_mixin.py:188} INFO - [2025-07-16T19:31:42.218+0000] {dag.py:3096} INFO - Sync 1 DAGs
[2025-07-16T19:31:42.245+0000] {logging_mixin.py:188} INFO - [2025-07-16T19:31:42.245+0000] {dag.py:3954} INFO - Setting next_dagrun for example_skip_dag to 2025-07-15 00:00:00+00:00, run_after=2025-07-16 00:00:00+00:00
[2025-07-16T19:31:42.302+0000] {processor.py:183} INFO - Processing /mnt/c/Users/Shivam Gupta/OneDrive/Documents/Shivam_Developement/data_engineering/data_engineering_project/batch-etl-pyspark/.venv/lib/python3.12/site-packages/airflow/example_dags/example_skip_dag.py took 0.147 seconds
[2025-07-16T19:32:47.741+0000] {processor.py:161} INFO - Started process (PID=13768) to work on /mnt/c/Users/Shivam Gupta/OneDrive/Documents/Shivam_Developement/data_engineering/data_engineering_project/batch-etl-pyspark/.venv/lib/python3.12/site-packages/airflow/example_dags/example_skip_dag.py
[2025-07-16T19:32:47.744+0000] {processor.py:830} INFO - Processing file /mnt/c/Users/Shivam Gupta/OneDrive/Documents/Shivam_Developement/data_engineering/data_engineering_project/batch-etl-pyspark/.venv/lib/python3.12/site-packages/airflow/example_dags/example_skip_dag.py for tasks to queue
[2025-07-16T19:32:47.749+0000] {logging_mixin.py:188} INFO - [2025-07-16T19:32:47.748+0000] {dagbag.py:545} INFO - Filling up the DagBag from /mnt/c/Users/Shivam Gupta/OneDrive/Documents/Shivam_Developement/data_engineering/data_engineering_project/batch-etl-pyspark/.venv/lib/python3.12/site-packages/airflow/example_dags/example_skip_dag.py
[2025-07-16T19:32:47.775+0000] {processor.py:840} INFO - DAG(s) 'example_skip_dag' retrieved from /mnt/c/Users/Shivam Gupta/OneDrive/Documents/Shivam_Developement/data_engineering/data_engineering_project/batch-etl-pyspark/.venv/lib/python3.12/site-packages/airflow/example_dags/example_skip_dag.py
[2025-07-16T19:32:47.809+0000] {logging_mixin.py:188} INFO - [2025-07-16T19:32:47.807+0000] {dag.py:3096} INFO - Sync 1 DAGs
[2025-07-16T19:32:47.841+0000] {logging_mixin.py:188} INFO - [2025-07-16T19:32:47.840+0000] {dag.py:3954} INFO - Setting next_dagrun for example_skip_dag to 2025-07-15 00:00:00+00:00, run_after=2025-07-16 00:00:00+00:00
[2025-07-16T19:32:47.913+0000] {processor.py:183} INFO - Processing /mnt/c/Users/Shivam Gupta/OneDrive/Documents/Shivam_Developement/data_engineering/data_engineering_project/batch-etl-pyspark/.venv/lib/python3.12/site-packages/airflow/example_dags/example_skip_dag.py took 0.196 seconds
[2025-07-16T19:34:02.079+0000] {processor.py:161} INFO - Started process (PID=13912) to work on /mnt/c/Users/Shivam Gupta/OneDrive/Documents/Shivam_Developement/data_engineering/data_engineering_project/batch-etl-pyspark/.venv/lib/python3.12/site-packages/airflow/example_dags/example_skip_dag.py
[2025-07-16T19:34:02.081+0000] {processor.py:830} INFO - Processing file /mnt/c/Users/Shivam Gupta/OneDrive/Documents/Shivam_Developement/data_engineering/data_engineering_project/batch-etl-pyspark/.venv/lib/python3.12/site-packages/airflow/example_dags/example_skip_dag.py for tasks to queue
[2025-07-16T19:34:02.084+0000] {logging_mixin.py:188} INFO - [2025-07-16T19:34:02.083+0000] {dagbag.py:545} INFO - Filling up the DagBag from /mnt/c/Users/Shivam Gupta/OneDrive/Documents/Shivam_Developement/data_engineering/data_engineering_project/batch-etl-pyspark/.venv/lib/python3.12/site-packages/airflow/example_dags/example_skip_dag.py
[2025-07-16T19:34:02.104+0000] {processor.py:840} INFO - DAG(s) 'example_skip_dag' retrieved from /mnt/c/Users/Shivam Gupta/OneDrive/Documents/Shivam_Developement/data_engineering/data_engineering_project/batch-etl-pyspark/.venv/lib/python3.12/site-packages/airflow/example_dags/example_skip_dag.py
[2025-07-16T19:34:02.131+0000] {logging_mixin.py:188} INFO - [2025-07-16T19:34:02.130+0000] {dag.py:3096} INFO - Sync 1 DAGs
[2025-07-16T19:34:02.161+0000] {logging_mixin.py:188} INFO - [2025-07-16T19:34:02.160+0000] {dag.py:3954} INFO - Setting next_dagrun for example_skip_dag to 2025-07-15 00:00:00+00:00, run_after=2025-07-16 00:00:00+00:00
[2025-07-16T19:34:02.219+0000] {processor.py:183} INFO - Processing /mnt/c/Users/Shivam Gupta/OneDrive/Documents/Shivam_Developement/data_engineering/data_engineering_project/batch-etl-pyspark/.venv/lib/python3.12/site-packages/airflow/example_dags/example_skip_dag.py took 0.151 seconds
[2025-07-16T19:35:14.252+0000] {processor.py:161} INFO - Started process (PID=13999) to work on /mnt/c/Users/Shivam Gupta/OneDrive/Documents/Shivam_Developement/data_engineering/data_engineering_project/batch-etl-pyspark/.venv/lib/python3.12/site-packages/airflow/example_dags/example_skip_dag.py
[2025-07-16T19:35:14.254+0000] {processor.py:830} INFO - Processing file /mnt/c/Users/Shivam Gupta/OneDrive/Documents/Shivam_Developement/data_engineering/data_engineering_project/batch-etl-pyspark/.venv/lib/python3.12/site-packages/airflow/example_dags/example_skip_dag.py for tasks to queue
[2025-07-16T19:35:14.256+0000] {logging_mixin.py:188} INFO - [2025-07-16T19:35:14.255+0000] {dagbag.py:545} INFO - Filling up the DagBag from /mnt/c/Users/Shivam Gupta/OneDrive/Documents/Shivam_Developement/data_engineering/data_engineering_project/batch-etl-pyspark/.venv/lib/python3.12/site-packages/airflow/example_dags/example_skip_dag.py
[2025-07-16T19:35:14.271+0000] {processor.py:840} INFO - DAG(s) 'example_skip_dag' retrieved from /mnt/c/Users/Shivam Gupta/OneDrive/Documents/Shivam_Developement/data_engineering/data_engineering_project/batch-etl-pyspark/.venv/lib/python3.12/site-packages/airflow/example_dags/example_skip_dag.py
[2025-07-16T19:35:14.293+0000] {logging_mixin.py:188} INFO - [2025-07-16T19:35:14.292+0000] {dag.py:3096} INFO - Sync 1 DAGs
[2025-07-16T19:35:14.315+0000] {logging_mixin.py:188} INFO - [2025-07-16T19:35:14.314+0000] {dag.py:3954} INFO - Setting next_dagrun for example_skip_dag to 2025-07-15 00:00:00+00:00, run_after=2025-07-16 00:00:00+00:00
[2025-07-16T19:35:14.369+0000] {processor.py:183} INFO - Processing /mnt/c/Users/Shivam Gupta/OneDrive/Documents/Shivam_Developement/data_engineering/data_engineering_project/batch-etl-pyspark/.venv/lib/python3.12/site-packages/airflow/example_dags/example_skip_dag.py took 0.126 seconds
[2025-07-16T19:36:28.275+0000] {processor.py:161} INFO - Started process (PID=14208) to work on /mnt/c/Users/Shivam Gupta/OneDrive/Documents/Shivam_Developement/data_engineering/data_engineering_project/batch-etl-pyspark/.venv/lib/python3.12/site-packages/airflow/example_dags/example_skip_dag.py
[2025-07-16T19:36:28.277+0000] {processor.py:830} INFO - Processing file /mnt/c/Users/Shivam Gupta/OneDrive/Documents/Shivam_Developement/data_engineering/data_engineering_project/batch-etl-pyspark/.venv/lib/python3.12/site-packages/airflow/example_dags/example_skip_dag.py for tasks to queue
[2025-07-16T19:36:28.280+0000] {logging_mixin.py:188} INFO - [2025-07-16T19:36:28.279+0000] {dagbag.py:545} INFO - Filling up the DagBag from /mnt/c/Users/Shivam Gupta/OneDrive/Documents/Shivam_Developement/data_engineering/data_engineering_project/batch-etl-pyspark/.venv/lib/python3.12/site-packages/airflow/example_dags/example_skip_dag.py
[2025-07-16T19:36:28.301+0000] {processor.py:840} INFO - DAG(s) 'example_skip_dag' retrieved from /mnt/c/Users/Shivam Gupta/OneDrive/Documents/Shivam_Developement/data_engineering/data_engineering_project/batch-etl-pyspark/.venv/lib/python3.12/site-packages/airflow/example_dags/example_skip_dag.py
[2025-07-16T19:36:28.329+0000] {logging_mixin.py:188} INFO - [2025-07-16T19:36:28.328+0000] {dag.py:3096} INFO - Sync 1 DAGs
[2025-07-16T19:36:28.360+0000] {logging_mixin.py:188} INFO - [2025-07-16T19:36:28.359+0000] {dag.py:3954} INFO - Setting next_dagrun for example_skip_dag to 2025-07-15 00:00:00+00:00, run_after=2025-07-16 00:00:00+00:00
[2025-07-16T19:36:28.433+0000] {processor.py:183} INFO - Processing /mnt/c/Users/Shivam Gupta/OneDrive/Documents/Shivam_Developement/data_engineering/data_engineering_project/batch-etl-pyspark/.venv/lib/python3.12/site-packages/airflow/example_dags/example_skip_dag.py took 0.171 seconds
[2025-07-16T19:49:05.880+0000] {processor.py:161} INFO - Started process (PID=15074) to work on /mnt/c/Users/Shivam Gupta/OneDrive/Documents/Shivam_Developement/data_engineering/data_engineering_project/batch-etl-pyspark/.venv/lib/python3.12/site-packages/airflow/example_dags/example_skip_dag.py
[2025-07-16T19:49:05.882+0000] {processor.py:830} INFO - Processing file /mnt/c/Users/Shivam Gupta/OneDrive/Documents/Shivam_Developement/data_engineering/data_engineering_project/batch-etl-pyspark/.venv/lib/python3.12/site-packages/airflow/example_dags/example_skip_dag.py for tasks to queue
[2025-07-16T19:49:05.885+0000] {logging_mixin.py:188} INFO - [2025-07-16T19:49:05.884+0000] {dagbag.py:545} INFO - Filling up the DagBag from /mnt/c/Users/Shivam Gupta/OneDrive/Documents/Shivam_Developement/data_engineering/data_engineering_project/batch-etl-pyspark/.venv/lib/python3.12/site-packages/airflow/example_dags/example_skip_dag.py
[2025-07-16T19:49:05.905+0000] {processor.py:840} INFO - DAG(s) 'example_skip_dag' retrieved from /mnt/c/Users/Shivam Gupta/OneDrive/Documents/Shivam_Developement/data_engineering/data_engineering_project/batch-etl-pyspark/.venv/lib/python3.12/site-packages/airflow/example_dags/example_skip_dag.py
[2025-07-16T19:49:05.939+0000] {logging_mixin.py:188} INFO - [2025-07-16T19:49:05.938+0000] {dag.py:3096} INFO - Sync 1 DAGs
[2025-07-16T19:49:05.969+0000] {logging_mixin.py:188} INFO - [2025-07-16T19:49:05.969+0000] {dag.py:3954} INFO - Setting next_dagrun for example_skip_dag to 2025-07-15 00:00:00+00:00, run_after=2025-07-16 00:00:00+00:00
[2025-07-16T19:49:06.022+0000] {processor.py:183} INFO - Processing /mnt/c/Users/Shivam Gupta/OneDrive/Documents/Shivam_Developement/data_engineering/data_engineering_project/batch-etl-pyspark/.venv/lib/python3.12/site-packages/airflow/example_dags/example_skip_dag.py took 0.153 seconds
[2025-07-16T19:50:21.093+0000] {processor.py:161} INFO - Started process (PID=15181) to work on /mnt/c/Users/Shivam Gupta/OneDrive/Documents/Shivam_Developement/data_engineering/data_engineering_project/batch-etl-pyspark/.venv/lib/python3.12/site-packages/airflow/example_dags/example_skip_dag.py
[2025-07-16T19:50:21.095+0000] {processor.py:830} INFO - Processing file /mnt/c/Users/Shivam Gupta/OneDrive/Documents/Shivam_Developement/data_engineering/data_engineering_project/batch-etl-pyspark/.venv/lib/python3.12/site-packages/airflow/example_dags/example_skip_dag.py for tasks to queue
[2025-07-16T19:50:21.099+0000] {logging_mixin.py:188} INFO - [2025-07-16T19:50:21.097+0000] {dagbag.py:545} INFO - Filling up the DagBag from /mnt/c/Users/Shivam Gupta/OneDrive/Documents/Shivam_Developement/data_engineering/data_engineering_project/batch-etl-pyspark/.venv/lib/python3.12/site-packages/airflow/example_dags/example_skip_dag.py
[2025-07-16T19:50:21.132+0000] {processor.py:840} INFO - DAG(s) 'example_skip_dag' retrieved from /mnt/c/Users/Shivam Gupta/OneDrive/Documents/Shivam_Developement/data_engineering/data_engineering_project/batch-etl-pyspark/.venv/lib/python3.12/site-packages/airflow/example_dags/example_skip_dag.py
[2025-07-16T19:50:21.187+0000] {logging_mixin.py:188} INFO - [2025-07-16T19:50:21.186+0000] {dag.py:3096} INFO - Sync 1 DAGs
[2025-07-16T19:50:21.207+0000] {logging_mixin.py:188} INFO - [2025-07-16T19:50:21.207+0000] {dag.py:3954} INFO - Setting next_dagrun for example_skip_dag to 2025-07-15 00:00:00+00:00, run_after=2025-07-16 00:00:00+00:00
[2025-07-16T19:50:21.259+0000] {processor.py:183} INFO - Processing /mnt/c/Users/Shivam Gupta/OneDrive/Documents/Shivam_Developement/data_engineering/data_engineering_project/batch-etl-pyspark/.venv/lib/python3.12/site-packages/airflow/example_dags/example_skip_dag.py took 0.179 seconds
[2025-07-16T19:51:46.473+0000] {processor.py:161} INFO - Started process (PID=15271) to work on /mnt/c/Users/Shivam Gupta/OneDrive/Documents/Shivam_Developement/data_engineering/data_engineering_project/batch-etl-pyspark/.venv/lib/python3.12/site-packages/airflow/example_dags/example_skip_dag.py
[2025-07-16T19:51:46.475+0000] {processor.py:830} INFO - Processing file /mnt/c/Users/Shivam Gupta/OneDrive/Documents/Shivam_Developement/data_engineering/data_engineering_project/batch-etl-pyspark/.venv/lib/python3.12/site-packages/airflow/example_dags/example_skip_dag.py for tasks to queue
[2025-07-16T19:51:46.478+0000] {logging_mixin.py:188} INFO - [2025-07-16T19:51:46.477+0000] {dagbag.py:545} INFO - Filling up the DagBag from /mnt/c/Users/Shivam Gupta/OneDrive/Documents/Shivam_Developement/data_engineering/data_engineering_project/batch-etl-pyspark/.venv/lib/python3.12/site-packages/airflow/example_dags/example_skip_dag.py
[2025-07-16T19:51:46.498+0000] {processor.py:840} INFO - DAG(s) 'example_skip_dag' retrieved from /mnt/c/Users/Shivam Gupta/OneDrive/Documents/Shivam_Developement/data_engineering/data_engineering_project/batch-etl-pyspark/.venv/lib/python3.12/site-packages/airflow/example_dags/example_skip_dag.py
[2025-07-16T19:51:46.524+0000] {logging_mixin.py:188} INFO - [2025-07-16T19:51:46.524+0000] {dag.py:3096} INFO - Sync 1 DAGs
[2025-07-16T19:51:46.551+0000] {logging_mixin.py:188} INFO - [2025-07-16T19:51:46.550+0000] {dag.py:3954} INFO - Setting next_dagrun for example_skip_dag to 2025-07-15 00:00:00+00:00, run_after=2025-07-16 00:00:00+00:00
[2025-07-16T19:51:46.631+0000] {processor.py:183} INFO - Processing /mnt/c/Users/Shivam Gupta/OneDrive/Documents/Shivam_Developement/data_engineering/data_engineering_project/batch-etl-pyspark/.venv/lib/python3.12/site-packages/airflow/example_dags/example_skip_dag.py took 0.170 seconds
[2025-07-16T19:53:20.772+0000] {processor.py:161} INFO - Started process (PID=15431) to work on /mnt/c/Users/Shivam Gupta/OneDrive/Documents/Shivam_Developement/data_engineering/data_engineering_project/batch-etl-pyspark/.venv/lib/python3.12/site-packages/airflow/example_dags/example_skip_dag.py
[2025-07-16T19:53:20.774+0000] {processor.py:830} INFO - Processing file /mnt/c/Users/Shivam Gupta/OneDrive/Documents/Shivam_Developement/data_engineering/data_engineering_project/batch-etl-pyspark/.venv/lib/python3.12/site-packages/airflow/example_dags/example_skip_dag.py for tasks to queue
[2025-07-16T19:53:20.778+0000] {logging_mixin.py:188} INFO - [2025-07-16T19:53:20.777+0000] {dagbag.py:545} INFO - Filling up the DagBag from /mnt/c/Users/Shivam Gupta/OneDrive/Documents/Shivam_Developement/data_engineering/data_engineering_project/batch-etl-pyspark/.venv/lib/python3.12/site-packages/airflow/example_dags/example_skip_dag.py
[2025-07-16T19:53:20.804+0000] {processor.py:840} INFO - DAG(s) 'example_skip_dag' retrieved from /mnt/c/Users/Shivam Gupta/OneDrive/Documents/Shivam_Developement/data_engineering/data_engineering_project/batch-etl-pyspark/.venv/lib/python3.12/site-packages/airflow/example_dags/example_skip_dag.py
[2025-07-16T19:53:20.846+0000] {logging_mixin.py:188} INFO - [2025-07-16T19:53:20.844+0000] {dag.py:3096} INFO - Sync 1 DAGs
[2025-07-16T19:53:20.895+0000] {logging_mixin.py:188} INFO - [2025-07-16T19:53:20.893+0000] {dag.py:3954} INFO - Setting next_dagrun for example_skip_dag to 2025-07-15 00:00:00+00:00, run_after=2025-07-16 00:00:00+00:00
[2025-07-16T19:53:21.004+0000] {processor.py:183} INFO - Processing /mnt/c/Users/Shivam Gupta/OneDrive/Documents/Shivam_Developement/data_engineering/data_engineering_project/batch-etl-pyspark/.venv/lib/python3.12/site-packages/airflow/example_dags/example_skip_dag.py took 0.248 seconds
