[2025-07-16T17:46:29.106+0000] {processor.py:161} INFO - Started process (PID=5741) to work on /mnt/c/Users/Shivam Gupta/OneDrive/Documents/Shivam_Developement/data_engineering/data_engineering_project/batch-etl-pyspark/.venv/lib/python3.12/site-packages/airflow/example_dags/tutorial_objectstorage.py
[2025-07-16T17:46:29.107+0000] {processor.py:830} INFO - Processing file /mnt/c/Users/Shivam Gupta/OneDrive/Documents/Shivam_Developement/data_engineering/data_engineering_project/batch-etl-pyspark/.venv/lib/python3.12/site-packages/airflow/example_dags/tutorial_objectstorage.py for tasks to queue
[2025-07-16T17:46:29.109+0000] {logging_mixin.py:188} INFO - [2025-07-16T17:46:29.109+0000] {dagbag.py:545} INFO - Filling up the DagBag from /mnt/c/Users/Shivam Gupta/OneDrive/Documents/Shivam_Developement/data_engineering/data_engineering_project/batch-etl-pyspark/.venv/lib/python3.12/site-packages/airflow/example_dags/tutorial_objectstorage.py
[2025-07-16T17:46:29.162+0000] {processor.py:840} INFO - DAG(s) 'tutorial_objectstorage' retrieved from /mnt/c/Users/Shivam Gupta/OneDrive/Documents/Shivam_Developement/data_engineering/data_engineering_project/batch-etl-pyspark/.venv/lib/python3.12/site-packages/airflow/example_dags/tutorial_objectstorage.py
[2025-07-16T17:46:29.821+0000] {logging_mixin.py:188} INFO - [2025-07-16T17:46:29.820+0000] {override.py:1930} INFO - Created Permission View: can read on DAG:tutorial_objectstorage
[2025-07-16T17:46:29.849+0000] {logging_mixin.py:188} INFO - [2025-07-16T17:46:29.848+0000] {override.py:1930} INFO - Created Permission View: can edit on DAG:tutorial_objectstorage
[2025-07-16T17:46:29.875+0000] {logging_mixin.py:188} INFO - [2025-07-16T17:46:29.874+0000] {override.py:1930} INFO - Created Permission View: can delete on DAG:tutorial_objectstorage
[2025-07-16T17:46:29.876+0000] {logging_mixin.py:188} INFO - [2025-07-16T17:46:29.875+0000] {dag.py:3096} INFO - Sync 1 DAGs
[2025-07-16T17:46:29.891+0000] {logging_mixin.py:188} INFO - [2025-07-16T17:46:29.890+0000] {dag.py:3118} INFO - Creating ORM DAG for tutorial_objectstorage
[2025-07-16T17:46:29.893+0000] {logging_mixin.py:188} INFO - [2025-07-16T17:46:29.892+0000] {dag.py:3954} INFO - Setting next_dagrun for tutorial_objectstorage to None, run_after=None
[2025-07-16T17:46:29.950+0000] {processor.py:183} INFO - Processing /mnt/c/Users/Shivam Gupta/OneDrive/Documents/Shivam_Developement/data_engineering/data_engineering_project/batch-etl-pyspark/.venv/lib/python3.12/site-packages/airflow/example_dags/tutorial_objectstorage.py took 0.851 seconds
[2025-07-16T17:48:31.694+0000] {processor.py:161} INFO - Started process (PID=5818) to work on /mnt/c/Users/Shivam Gupta/OneDrive/Documents/Shivam_Developement/data_engineering/data_engineering_project/batch-etl-pyspark/.venv/lib/python3.12/site-packages/airflow/example_dags/tutorial_objectstorage.py
[2025-07-16T17:48:31.696+0000] {processor.py:830} INFO - Processing file /mnt/c/Users/Shivam Gupta/OneDrive/Documents/Shivam_Developement/data_engineering/data_engineering_project/batch-etl-pyspark/.venv/lib/python3.12/site-packages/airflow/example_dags/tutorial_objectstorage.py for tasks to queue
[2025-07-16T17:48:31.699+0000] {logging_mixin.py:188} INFO - [2025-07-16T17:48:31.698+0000] {dagbag.py:545} INFO - Filling up the DagBag from /mnt/c/Users/Shivam Gupta/OneDrive/Documents/Shivam_Developement/data_engineering/data_engineering_project/batch-etl-pyspark/.venv/lib/python3.12/site-packages/airflow/example_dags/tutorial_objectstorage.py
[2025-07-16T17:48:31.719+0000] {processor.py:840} INFO - DAG(s) 'tutorial_objectstorage' retrieved from /mnt/c/Users/Shivam Gupta/OneDrive/Documents/Shivam_Developement/data_engineering/data_engineering_project/batch-etl-pyspark/.venv/lib/python3.12/site-packages/airflow/example_dags/tutorial_objectstorage.py
[2025-07-16T17:48:31.747+0000] {logging_mixin.py:188} INFO - [2025-07-16T17:48:31.746+0000] {dag.py:3096} INFO - Sync 1 DAGs
[2025-07-16T17:48:31.760+0000] {logging_mixin.py:188} INFO - [2025-07-16T17:48:31.759+0000] {dag.py:3954} INFO - Setting next_dagrun for tutorial_objectstorage to None, run_after=None
[2025-07-16T17:48:31.843+0000] {processor.py:183} INFO - Processing /mnt/c/Users/Shivam Gupta/OneDrive/Documents/Shivam_Developement/data_engineering/data_engineering_project/batch-etl-pyspark/.venv/lib/python3.12/site-packages/airflow/example_dags/tutorial_objectstorage.py took 0.158 seconds
[2025-07-16T17:49:30.814+0000] {processor.py:161} INFO - Started process (PID=5879) to work on /mnt/c/Users/Shivam Gupta/OneDrive/Documents/Shivam_Developement/data_engineering/data_engineering_project/batch-etl-pyspark/.venv/lib/python3.12/site-packages/airflow/example_dags/tutorial_objectstorage.py
[2025-07-16T17:49:30.816+0000] {processor.py:830} INFO - Processing file /mnt/c/Users/Shivam Gupta/OneDrive/Documents/Shivam_Developement/data_engineering/data_engineering_project/batch-etl-pyspark/.venv/lib/python3.12/site-packages/airflow/example_dags/tutorial_objectstorage.py for tasks to queue
[2025-07-16T17:49:30.819+0000] {logging_mixin.py:188} INFO - [2025-07-16T17:49:30.818+0000] {dagbag.py:545} INFO - Filling up the DagBag from /mnt/c/Users/Shivam Gupta/OneDrive/Documents/Shivam_Developement/data_engineering/data_engineering_project/batch-etl-pyspark/.venv/lib/python3.12/site-packages/airflow/example_dags/tutorial_objectstorage.py
[2025-07-16T17:49:30.854+0000] {processor.py:840} INFO - DAG(s) 'tutorial_objectstorage' retrieved from /mnt/c/Users/Shivam Gupta/OneDrive/Documents/Shivam_Developement/data_engineering/data_engineering_project/batch-etl-pyspark/.venv/lib/python3.12/site-packages/airflow/example_dags/tutorial_objectstorage.py
[2025-07-16T17:49:30.882+0000] {logging_mixin.py:188} INFO - [2025-07-16T17:49:30.880+0000] {dag.py:3096} INFO - Sync 1 DAGs
[2025-07-16T17:49:30.894+0000] {logging_mixin.py:188} INFO - [2025-07-16T17:49:30.894+0000] {dag.py:3954} INFO - Setting next_dagrun for tutorial_objectstorage to None, run_after=None
[2025-07-16T17:49:30.950+0000] {processor.py:183} INFO - Processing /mnt/c/Users/Shivam Gupta/OneDrive/Documents/Shivam_Developement/data_engineering/data_engineering_project/batch-etl-pyspark/.venv/lib/python3.12/site-packages/airflow/example_dags/tutorial_objectstorage.py took 0.148 seconds
[2025-07-16T17:51:01.747+0000] {processor.py:161} INFO - Started process (PID=5969) to work on /mnt/c/Users/Shivam Gupta/OneDrive/Documents/Shivam_Developement/data_engineering/data_engineering_project/batch-etl-pyspark/.venv/lib/python3.12/site-packages/airflow/example_dags/tutorial_objectstorage.py
[2025-07-16T17:51:01.749+0000] {processor.py:830} INFO - Processing file /mnt/c/Users/Shivam Gupta/OneDrive/Documents/Shivam_Developement/data_engineering/data_engineering_project/batch-etl-pyspark/.venv/lib/python3.12/site-packages/airflow/example_dags/tutorial_objectstorage.py for tasks to queue
[2025-07-16T17:51:01.753+0000] {logging_mixin.py:188} INFO - [2025-07-16T17:51:01.751+0000] {dagbag.py:545} INFO - Filling up the DagBag from /mnt/c/Users/Shivam Gupta/OneDrive/Documents/Shivam_Developement/data_engineering/data_engineering_project/batch-etl-pyspark/.venv/lib/python3.12/site-packages/airflow/example_dags/tutorial_objectstorage.py
[2025-07-16T17:51:01.772+0000] {processor.py:840} INFO - DAG(s) 'tutorial_objectstorage' retrieved from /mnt/c/Users/Shivam Gupta/OneDrive/Documents/Shivam_Developement/data_engineering/data_engineering_project/batch-etl-pyspark/.venv/lib/python3.12/site-packages/airflow/example_dags/tutorial_objectstorage.py
[2025-07-16T17:51:01.795+0000] {logging_mixin.py:188} INFO - [2025-07-16T17:51:01.794+0000] {dag.py:3096} INFO - Sync 1 DAGs
[2025-07-16T17:51:01.807+0000] {logging_mixin.py:188} INFO - [2025-07-16T17:51:01.807+0000] {dag.py:3954} INFO - Setting next_dagrun for tutorial_objectstorage to None, run_after=None
[2025-07-16T17:51:01.859+0000] {processor.py:183} INFO - Processing /mnt/c/Users/Shivam Gupta/OneDrive/Documents/Shivam_Developement/data_engineering/data_engineering_project/batch-etl-pyspark/.venv/lib/python3.12/site-packages/airflow/example_dags/tutorial_objectstorage.py took 0.122 seconds
[2025-07-16T17:52:09.065+0000] {processor.py:161} INFO - Started process (PID=6038) to work on /mnt/c/Users/Shivam Gupta/OneDrive/Documents/Shivam_Developement/data_engineering/data_engineering_project/batch-etl-pyspark/.venv/lib/python3.12/site-packages/airflow/example_dags/tutorial_objectstorage.py
[2025-07-16T17:52:09.067+0000] {processor.py:830} INFO - Processing file /mnt/c/Users/Shivam Gupta/OneDrive/Documents/Shivam_Developement/data_engineering/data_engineering_project/batch-etl-pyspark/.venv/lib/python3.12/site-packages/airflow/example_dags/tutorial_objectstorage.py for tasks to queue
[2025-07-16T17:52:09.069+0000] {logging_mixin.py:188} INFO - [2025-07-16T17:52:09.068+0000] {dagbag.py:545} INFO - Filling up the DagBag from /mnt/c/Users/Shivam Gupta/OneDrive/Documents/Shivam_Developement/data_engineering/data_engineering_project/batch-etl-pyspark/.venv/lib/python3.12/site-packages/airflow/example_dags/tutorial_objectstorage.py
[2025-07-16T17:52:09.086+0000] {processor.py:840} INFO - DAG(s) 'tutorial_objectstorage' retrieved from /mnt/c/Users/Shivam Gupta/OneDrive/Documents/Shivam_Developement/data_engineering/data_engineering_project/batch-etl-pyspark/.venv/lib/python3.12/site-packages/airflow/example_dags/tutorial_objectstorage.py
[2025-07-16T17:52:09.107+0000] {logging_mixin.py:188} INFO - [2025-07-16T17:52:09.106+0000] {dag.py:3096} INFO - Sync 1 DAGs
[2025-07-16T17:52:09.117+0000] {logging_mixin.py:188} INFO - [2025-07-16T17:52:09.117+0000] {dag.py:3954} INFO - Setting next_dagrun for tutorial_objectstorage to None, run_after=None
[2025-07-16T17:52:09.174+0000] {processor.py:183} INFO - Processing /mnt/c/Users/Shivam Gupta/OneDrive/Documents/Shivam_Developement/data_engineering/data_engineering_project/batch-etl-pyspark/.venv/lib/python3.12/site-packages/airflow/example_dags/tutorial_objectstorage.py took 0.118 seconds
[2025-07-16T17:53:36.771+0000] {processor.py:161} INFO - Started process (PID=6125) to work on /mnt/c/Users/Shivam Gupta/OneDrive/Documents/Shivam_Developement/data_engineering/data_engineering_project/batch-etl-pyspark/.venv/lib/python3.12/site-packages/airflow/example_dags/tutorial_objectstorage.py
[2025-07-16T17:53:36.774+0000] {processor.py:830} INFO - Processing file /mnt/c/Users/Shivam Gupta/OneDrive/Documents/Shivam_Developement/data_engineering/data_engineering_project/batch-etl-pyspark/.venv/lib/python3.12/site-packages/airflow/example_dags/tutorial_objectstorage.py for tasks to queue
[2025-07-16T17:53:36.776+0000] {logging_mixin.py:188} INFO - [2025-07-16T17:53:36.775+0000] {dagbag.py:545} INFO - Filling up the DagBag from /mnt/c/Users/Shivam Gupta/OneDrive/Documents/Shivam_Developement/data_engineering/data_engineering_project/batch-etl-pyspark/.venv/lib/python3.12/site-packages/airflow/example_dags/tutorial_objectstorage.py
[2025-07-16T17:53:36.808+0000] {processor.py:840} INFO - DAG(s) 'tutorial_objectstorage' retrieved from /mnt/c/Users/Shivam Gupta/OneDrive/Documents/Shivam_Developement/data_engineering/data_engineering_project/batch-etl-pyspark/.venv/lib/python3.12/site-packages/airflow/example_dags/tutorial_objectstorage.py
[2025-07-16T17:53:36.851+0000] {logging_mixin.py:188} INFO - [2025-07-16T17:53:36.849+0000] {dag.py:3096} INFO - Sync 1 DAGs
[2025-07-16T17:53:36.870+0000] {logging_mixin.py:188} INFO - [2025-07-16T17:53:36.869+0000] {dag.py:3954} INFO - Setting next_dagrun for tutorial_objectstorage to None, run_after=None
[2025-07-16T17:53:36.974+0000] {processor.py:183} INFO - Processing /mnt/c/Users/Shivam Gupta/OneDrive/Documents/Shivam_Developement/data_engineering/data_engineering_project/batch-etl-pyspark/.venv/lib/python3.12/site-packages/airflow/example_dags/tutorial_objectstorage.py took 0.216 seconds
[2025-07-16T17:54:26.687+0000] {processor.py:161} INFO - Started process (PID=6170) to work on /mnt/c/Users/Shivam Gupta/OneDrive/Documents/Shivam_Developement/data_engineering/data_engineering_project/batch-etl-pyspark/.venv/lib/python3.12/site-packages/airflow/example_dags/tutorial_objectstorage.py
[2025-07-16T17:54:26.688+0000] {processor.py:830} INFO - Processing file /mnt/c/Users/Shivam Gupta/OneDrive/Documents/Shivam_Developement/data_engineering/data_engineering_project/batch-etl-pyspark/.venv/lib/python3.12/site-packages/airflow/example_dags/tutorial_objectstorage.py for tasks to queue
[2025-07-16T17:54:26.692+0000] {logging_mixin.py:188} INFO - [2025-07-16T17:54:26.691+0000] {dagbag.py:545} INFO - Filling up the DagBag from /mnt/c/Users/Shivam Gupta/OneDrive/Documents/Shivam_Developement/data_engineering/data_engineering_project/batch-etl-pyspark/.venv/lib/python3.12/site-packages/airflow/example_dags/tutorial_objectstorage.py
[2025-07-16T17:54:26.715+0000] {processor.py:840} INFO - DAG(s) 'tutorial_objectstorage' retrieved from /mnt/c/Users/Shivam Gupta/OneDrive/Documents/Shivam_Developement/data_engineering/data_engineering_project/batch-etl-pyspark/.venv/lib/python3.12/site-packages/airflow/example_dags/tutorial_objectstorage.py
[2025-07-16T17:54:26.741+0000] {logging_mixin.py:188} INFO - [2025-07-16T17:54:26.740+0000] {dag.py:3096} INFO - Sync 1 DAGs
[2025-07-16T17:54:26.754+0000] {logging_mixin.py:188} INFO - [2025-07-16T17:54:26.753+0000] {dag.py:3954} INFO - Setting next_dagrun for tutorial_objectstorage to None, run_after=None
[2025-07-16T17:54:26.813+0000] {processor.py:183} INFO - Processing /mnt/c/Users/Shivam Gupta/OneDrive/Documents/Shivam_Developement/data_engineering/data_engineering_project/batch-etl-pyspark/.venv/lib/python3.12/site-packages/airflow/example_dags/tutorial_objectstorage.py took 0.138 seconds
[2025-07-16T17:55:54.147+0000] {processor.py:161} INFO - Started process (PID=6258) to work on /mnt/c/Users/Shivam Gupta/OneDrive/Documents/Shivam_Developement/data_engineering/data_engineering_project/batch-etl-pyspark/.venv/lib/python3.12/site-packages/airflow/example_dags/tutorial_objectstorage.py
[2025-07-16T17:55:54.150+0000] {processor.py:830} INFO - Processing file /mnt/c/Users/Shivam Gupta/OneDrive/Documents/Shivam_Developement/data_engineering/data_engineering_project/batch-etl-pyspark/.venv/lib/python3.12/site-packages/airflow/example_dags/tutorial_objectstorage.py for tasks to queue
[2025-07-16T17:55:54.154+0000] {logging_mixin.py:188} INFO - [2025-07-16T17:55:54.153+0000] {dagbag.py:545} INFO - Filling up the DagBag from /mnt/c/Users/Shivam Gupta/OneDrive/Documents/Shivam_Developement/data_engineering/data_engineering_project/batch-etl-pyspark/.venv/lib/python3.12/site-packages/airflow/example_dags/tutorial_objectstorage.py
[2025-07-16T17:55:54.180+0000] {processor.py:840} INFO - DAG(s) 'tutorial_objectstorage' retrieved from /mnt/c/Users/Shivam Gupta/OneDrive/Documents/Shivam_Developement/data_engineering/data_engineering_project/batch-etl-pyspark/.venv/lib/python3.12/site-packages/airflow/example_dags/tutorial_objectstorage.py
[2025-07-16T17:55:54.208+0000] {logging_mixin.py:188} INFO - [2025-07-16T17:55:54.207+0000] {dag.py:3096} INFO - Sync 1 DAGs
[2025-07-16T17:55:54.223+0000] {logging_mixin.py:188} INFO - [2025-07-16T17:55:54.223+0000] {dag.py:3954} INFO - Setting next_dagrun for tutorial_objectstorage to None, run_after=None
[2025-07-16T17:55:54.277+0000] {processor.py:183} INFO - Processing /mnt/c/Users/Shivam Gupta/OneDrive/Documents/Shivam_Developement/data_engineering/data_engineering_project/batch-etl-pyspark/.venv/lib/python3.12/site-packages/airflow/example_dags/tutorial_objectstorage.py took 0.144 seconds
[2025-07-16T18:02:10.490+0000] {processor.py:161} INFO - Started process (PID=6722) to work on /mnt/c/Users/Shivam Gupta/OneDrive/Documents/Shivam_Developement/data_engineering/data_engineering_project/batch-etl-pyspark/.venv/lib/python3.12/site-packages/airflow/example_dags/tutorial_objectstorage.py
[2025-07-16T18:02:10.492+0000] {processor.py:830} INFO - Processing file /mnt/c/Users/Shivam Gupta/OneDrive/Documents/Shivam_Developement/data_engineering/data_engineering_project/batch-etl-pyspark/.venv/lib/python3.12/site-packages/airflow/example_dags/tutorial_objectstorage.py for tasks to queue
[2025-07-16T18:02:10.496+0000] {logging_mixin.py:188} INFO - [2025-07-16T18:02:10.495+0000] {dagbag.py:545} INFO - Filling up the DagBag from /mnt/c/Users/Shivam Gupta/OneDrive/Documents/Shivam_Developement/data_engineering/data_engineering_project/batch-etl-pyspark/.venv/lib/python3.12/site-packages/airflow/example_dags/tutorial_objectstorage.py
[2025-07-16T18:02:10.640+0000] {processor.py:840} INFO - DAG(s) 'tutorial_objectstorage' retrieved from /mnt/c/Users/Shivam Gupta/OneDrive/Documents/Shivam_Developement/data_engineering/data_engineering_project/batch-etl-pyspark/.venv/lib/python3.12/site-packages/airflow/example_dags/tutorial_objectstorage.py
[2025-07-16T18:02:10.836+0000] {logging_mixin.py:188} INFO - [2025-07-16T18:02:10.834+0000] {dag.py:3096} INFO - Sync 1 DAGs
[2025-07-16T18:02:10.861+0000] {logging_mixin.py:188} INFO - [2025-07-16T18:02:10.859+0000] {dag.py:3954} INFO - Setting next_dagrun for tutorial_objectstorage to None, run_after=None
[2025-07-16T18:02:10.971+0000] {processor.py:183} INFO - Processing /mnt/c/Users/Shivam Gupta/OneDrive/Documents/Shivam_Developement/data_engineering/data_engineering_project/batch-etl-pyspark/.venv/lib/python3.12/site-packages/airflow/example_dags/tutorial_objectstorage.py took 0.495 seconds
[2025-07-16T18:03:35.556+0000] {processor.py:161} INFO - Started process (PID=6789) to work on /mnt/c/Users/Shivam Gupta/OneDrive/Documents/Shivam_Developement/data_engineering/data_engineering_project/batch-etl-pyspark/.venv/lib/python3.12/site-packages/airflow/example_dags/tutorial_objectstorage.py
[2025-07-16T18:03:35.558+0000] {processor.py:830} INFO - Processing file /mnt/c/Users/Shivam Gupta/OneDrive/Documents/Shivam_Developement/data_engineering/data_engineering_project/batch-etl-pyspark/.venv/lib/python3.12/site-packages/airflow/example_dags/tutorial_objectstorage.py for tasks to queue
[2025-07-16T18:03:35.561+0000] {logging_mixin.py:188} INFO - [2025-07-16T18:03:35.560+0000] {dagbag.py:545} INFO - Filling up the DagBag from /mnt/c/Users/Shivam Gupta/OneDrive/Documents/Shivam_Developement/data_engineering/data_engineering_project/batch-etl-pyspark/.venv/lib/python3.12/site-packages/airflow/example_dags/tutorial_objectstorage.py
[2025-07-16T18:03:35.588+0000] {processor.py:840} INFO - DAG(s) 'tutorial_objectstorage' retrieved from /mnt/c/Users/Shivam Gupta/OneDrive/Documents/Shivam_Developement/data_engineering/data_engineering_project/batch-etl-pyspark/.venv/lib/python3.12/site-packages/airflow/example_dags/tutorial_objectstorage.py
[2025-07-16T18:03:35.626+0000] {logging_mixin.py:188} INFO - [2025-07-16T18:03:35.625+0000] {dag.py:3096} INFO - Sync 1 DAGs
[2025-07-16T18:03:35.640+0000] {logging_mixin.py:188} INFO - [2025-07-16T18:03:35.639+0000] {dag.py:3954} INFO - Setting next_dagrun for tutorial_objectstorage to None, run_after=None
[2025-07-16T18:03:35.706+0000] {processor.py:183} INFO - Processing /mnt/c/Users/Shivam Gupta/OneDrive/Documents/Shivam_Developement/data_engineering/data_engineering_project/batch-etl-pyspark/.venv/lib/python3.12/site-packages/airflow/example_dags/tutorial_objectstorage.py took 0.162 seconds
[2025-07-16T18:38:01.675+0000] {processor.py:161} INFO - Started process (PID=8669) to work on /mnt/c/Users/Shivam Gupta/OneDrive/Documents/Shivam_Developement/data_engineering/data_engineering_project/batch-etl-pyspark/.venv/lib/python3.12/site-packages/airflow/example_dags/tutorial_objectstorage.py
[2025-07-16T18:38:01.677+0000] {processor.py:830} INFO - Processing file /mnt/c/Users/Shivam Gupta/OneDrive/Documents/Shivam_Developement/data_engineering/data_engineering_project/batch-etl-pyspark/.venv/lib/python3.12/site-packages/airflow/example_dags/tutorial_objectstorage.py for tasks to queue
[2025-07-16T18:38:01.680+0000] {logging_mixin.py:188} INFO - [2025-07-16T18:38:01.679+0000] {dagbag.py:545} INFO - Filling up the DagBag from /mnt/c/Users/Shivam Gupta/OneDrive/Documents/Shivam_Developement/data_engineering/data_engineering_project/batch-etl-pyspark/.venv/lib/python3.12/site-packages/airflow/example_dags/tutorial_objectstorage.py
[2025-07-16T18:38:01.963+0000] {processor.py:840} INFO - DAG(s) 'tutorial_objectstorage' retrieved from /mnt/c/Users/Shivam Gupta/OneDrive/Documents/Shivam_Developement/data_engineering/data_engineering_project/batch-etl-pyspark/.venv/lib/python3.12/site-packages/airflow/example_dags/tutorial_objectstorage.py
[2025-07-16T18:38:02.340+0000] {logging_mixin.py:188} INFO - [2025-07-16T18:38:02.339+0000] {dag.py:3096} INFO - Sync 1 DAGs
[2025-07-16T18:38:02.369+0000] {logging_mixin.py:188} INFO - [2025-07-16T18:38:02.368+0000] {dag.py:3954} INFO - Setting next_dagrun for tutorial_objectstorage to None, run_after=None
[2025-07-16T18:38:02.482+0000] {processor.py:183} INFO - Processing /mnt/c/Users/Shivam Gupta/OneDrive/Documents/Shivam_Developement/data_engineering/data_engineering_project/batch-etl-pyspark/.venv/lib/python3.12/site-packages/airflow/example_dags/tutorial_objectstorage.py took 0.821 seconds
[2025-07-16T18:52:10.386+0000] {processor.py:161} INFO - Started process (PID=9369) to work on /mnt/c/Users/Shivam Gupta/OneDrive/Documents/Shivam_Developement/data_engineering/data_engineering_project/batch-etl-pyspark/.venv/lib/python3.12/site-packages/airflow/example_dags/tutorial_objectstorage.py
[2025-07-16T18:52:10.388+0000] {processor.py:830} INFO - Processing file /mnt/c/Users/Shivam Gupta/OneDrive/Documents/Shivam_Developement/data_engineering/data_engineering_project/batch-etl-pyspark/.venv/lib/python3.12/site-packages/airflow/example_dags/tutorial_objectstorage.py for tasks to queue
[2025-07-16T18:52:10.392+0000] {logging_mixin.py:188} INFO - [2025-07-16T18:52:10.391+0000] {dagbag.py:545} INFO - Filling up the DagBag from /mnt/c/Users/Shivam Gupta/OneDrive/Documents/Shivam_Developement/data_engineering/data_engineering_project/batch-etl-pyspark/.venv/lib/python3.12/site-packages/airflow/example_dags/tutorial_objectstorage.py
[2025-07-16T18:52:10.477+0000] {processor.py:840} INFO - DAG(s) 'tutorial_objectstorage' retrieved from /mnt/c/Users/Shivam Gupta/OneDrive/Documents/Shivam_Developement/data_engineering/data_engineering_project/batch-etl-pyspark/.venv/lib/python3.12/site-packages/airflow/example_dags/tutorial_objectstorage.py
[2025-07-16T18:52:10.573+0000] {logging_mixin.py:188} INFO - [2025-07-16T18:52:10.572+0000] {dag.py:3096} INFO - Sync 1 DAGs
[2025-07-16T18:52:10.588+0000] {logging_mixin.py:188} INFO - [2025-07-16T18:52:10.587+0000] {dag.py:3954} INFO - Setting next_dagrun for tutorial_objectstorage to None, run_after=None
[2025-07-16T18:52:10.644+0000] {processor.py:183} INFO - Processing /mnt/c/Users/Shivam Gupta/OneDrive/Documents/Shivam_Developement/data_engineering/data_engineering_project/batch-etl-pyspark/.venv/lib/python3.12/site-packages/airflow/example_dags/tutorial_objectstorage.py took 0.268 seconds
[2025-07-16T18:53:24.959+0000] {processor.py:161} INFO - Started process (PID=9436) to work on /mnt/c/Users/Shivam Gupta/OneDrive/Documents/Shivam_Developement/data_engineering/data_engineering_project/batch-etl-pyspark/.venv/lib/python3.12/site-packages/airflow/example_dags/tutorial_objectstorage.py
[2025-07-16T18:53:24.961+0000] {processor.py:830} INFO - Processing file /mnt/c/Users/Shivam Gupta/OneDrive/Documents/Shivam_Developement/data_engineering/data_engineering_project/batch-etl-pyspark/.venv/lib/python3.12/site-packages/airflow/example_dags/tutorial_objectstorage.py for tasks to queue
[2025-07-16T18:53:24.962+0000] {logging_mixin.py:188} INFO - [2025-07-16T18:53:24.962+0000] {dagbag.py:545} INFO - Filling up the DagBag from /mnt/c/Users/Shivam Gupta/OneDrive/Documents/Shivam_Developement/data_engineering/data_engineering_project/batch-etl-pyspark/.venv/lib/python3.12/site-packages/airflow/example_dags/tutorial_objectstorage.py
[2025-07-16T18:53:24.978+0000] {processor.py:840} INFO - DAG(s) 'tutorial_objectstorage' retrieved from /mnt/c/Users/Shivam Gupta/OneDrive/Documents/Shivam_Developement/data_engineering/data_engineering_project/batch-etl-pyspark/.venv/lib/python3.12/site-packages/airflow/example_dags/tutorial_objectstorage.py
[2025-07-16T18:53:25.001+0000] {logging_mixin.py:188} INFO - [2025-07-16T18:53:25.000+0000] {dag.py:3096} INFO - Sync 1 DAGs
[2025-07-16T18:53:25.014+0000] {logging_mixin.py:188} INFO - [2025-07-16T18:53:25.013+0000] {dag.py:3954} INFO - Setting next_dagrun for tutorial_objectstorage to None, run_after=None
[2025-07-16T18:53:25.067+0000] {processor.py:183} INFO - Processing /mnt/c/Users/Shivam Gupta/OneDrive/Documents/Shivam_Developement/data_engineering/data_engineering_project/batch-etl-pyspark/.venv/lib/python3.12/site-packages/airflow/example_dags/tutorial_objectstorage.py took 0.115 seconds
[2025-07-16T18:54:47.591+0000] {processor.py:161} INFO - Started process (PID=9568) to work on /mnt/c/Users/Shivam Gupta/OneDrive/Documents/Shivam_Developement/data_engineering/data_engineering_project/batch-etl-pyspark/.venv/lib/python3.12/site-packages/airflow/example_dags/tutorial_objectstorage.py
[2025-07-16T18:54:47.593+0000] {processor.py:830} INFO - Processing file /mnt/c/Users/Shivam Gupta/OneDrive/Documents/Shivam_Developement/data_engineering/data_engineering_project/batch-etl-pyspark/.venv/lib/python3.12/site-packages/airflow/example_dags/tutorial_objectstorage.py for tasks to queue
[2025-07-16T18:54:47.596+0000] {logging_mixin.py:188} INFO - [2025-07-16T18:54:47.595+0000] {dagbag.py:545} INFO - Filling up the DagBag from /mnt/c/Users/Shivam Gupta/OneDrive/Documents/Shivam_Developement/data_engineering/data_engineering_project/batch-etl-pyspark/.venv/lib/python3.12/site-packages/airflow/example_dags/tutorial_objectstorage.py
[2025-07-16T18:54:47.619+0000] {processor.py:840} INFO - DAG(s) 'tutorial_objectstorage' retrieved from /mnt/c/Users/Shivam Gupta/OneDrive/Documents/Shivam_Developement/data_engineering/data_engineering_project/batch-etl-pyspark/.venv/lib/python3.12/site-packages/airflow/example_dags/tutorial_objectstorage.py
[2025-07-16T18:54:47.649+0000] {logging_mixin.py:188} INFO - [2025-07-16T18:54:47.648+0000] {dag.py:3096} INFO - Sync 1 DAGs
[2025-07-16T18:54:47.665+0000] {logging_mixin.py:188} INFO - [2025-07-16T18:54:47.663+0000] {dag.py:3954} INFO - Setting next_dagrun for tutorial_objectstorage to None, run_after=None
[2025-07-16T18:54:47.727+0000] {processor.py:183} INFO - Processing /mnt/c/Users/Shivam Gupta/OneDrive/Documents/Shivam_Developement/data_engineering/data_engineering_project/batch-etl-pyspark/.venv/lib/python3.12/site-packages/airflow/example_dags/tutorial_objectstorage.py took 0.145 seconds
[2025-07-16T18:56:05.018+0000] {processor.py:161} INFO - Started process (PID=9811) to work on /mnt/c/Users/Shivam Gupta/OneDrive/Documents/Shivam_Developement/data_engineering/data_engineering_project/batch-etl-pyspark/.venv/lib/python3.12/site-packages/airflow/example_dags/tutorial_objectstorage.py
[2025-07-16T18:56:05.019+0000] {processor.py:830} INFO - Processing file /mnt/c/Users/Shivam Gupta/OneDrive/Documents/Shivam_Developement/data_engineering/data_engineering_project/batch-etl-pyspark/.venv/lib/python3.12/site-packages/airflow/example_dags/tutorial_objectstorage.py for tasks to queue
[2025-07-16T18:56:05.021+0000] {logging_mixin.py:188} INFO - [2025-07-16T18:56:05.021+0000] {dagbag.py:545} INFO - Filling up the DagBag from /mnt/c/Users/Shivam Gupta/OneDrive/Documents/Shivam_Developement/data_engineering/data_engineering_project/batch-etl-pyspark/.venv/lib/python3.12/site-packages/airflow/example_dags/tutorial_objectstorage.py
[2025-07-16T18:56:05.037+0000] {processor.py:840} INFO - DAG(s) 'tutorial_objectstorage' retrieved from /mnt/c/Users/Shivam Gupta/OneDrive/Documents/Shivam_Developement/data_engineering/data_engineering_project/batch-etl-pyspark/.venv/lib/python3.12/site-packages/airflow/example_dags/tutorial_objectstorage.py
[2025-07-16T18:56:05.065+0000] {logging_mixin.py:188} INFO - [2025-07-16T18:56:05.064+0000] {dag.py:3096} INFO - Sync 1 DAGs
[2025-07-16T18:56:05.076+0000] {logging_mixin.py:188} INFO - [2025-07-16T18:56:05.075+0000] {dag.py:3954} INFO - Setting next_dagrun for tutorial_objectstorage to None, run_after=None
[2025-07-16T18:56:05.128+0000] {processor.py:183} INFO - Processing /mnt/c/Users/Shivam Gupta/OneDrive/Documents/Shivam_Developement/data_engineering/data_engineering_project/batch-etl-pyspark/.venv/lib/python3.12/site-packages/airflow/example_dags/tutorial_objectstorage.py took 0.118 seconds
[2025-07-16T18:57:20.686+0000] {processor.py:161} INFO - Started process (PID=9966) to work on /mnt/c/Users/Shivam Gupta/OneDrive/Documents/Shivam_Developement/data_engineering/data_engineering_project/batch-etl-pyspark/.venv/lib/python3.12/site-packages/airflow/example_dags/tutorial_objectstorage.py
[2025-07-16T18:57:20.689+0000] {processor.py:830} INFO - Processing file /mnt/c/Users/Shivam Gupta/OneDrive/Documents/Shivam_Developement/data_engineering/data_engineering_project/batch-etl-pyspark/.venv/lib/python3.12/site-packages/airflow/example_dags/tutorial_objectstorage.py for tasks to queue
[2025-07-16T18:57:20.693+0000] {logging_mixin.py:188} INFO - [2025-07-16T18:57:20.692+0000] {dagbag.py:545} INFO - Filling up the DagBag from /mnt/c/Users/Shivam Gupta/OneDrive/Documents/Shivam_Developement/data_engineering/data_engineering_project/batch-etl-pyspark/.venv/lib/python3.12/site-packages/airflow/example_dags/tutorial_objectstorage.py
[2025-07-16T18:57:20.722+0000] {processor.py:840} INFO - DAG(s) 'tutorial_objectstorage' retrieved from /mnt/c/Users/Shivam Gupta/OneDrive/Documents/Shivam_Developement/data_engineering/data_engineering_project/batch-etl-pyspark/.venv/lib/python3.12/site-packages/airflow/example_dags/tutorial_objectstorage.py
[2025-07-16T18:57:20.760+0000] {logging_mixin.py:188} INFO - [2025-07-16T18:57:20.759+0000] {dag.py:3096} INFO - Sync 1 DAGs
[2025-07-16T18:57:20.777+0000] {logging_mixin.py:188} INFO - [2025-07-16T18:57:20.776+0000] {dag.py:3954} INFO - Setting next_dagrun for tutorial_objectstorage to None, run_after=None
[2025-07-16T18:57:20.895+0000] {processor.py:183} INFO - Processing /mnt/c/Users/Shivam Gupta/OneDrive/Documents/Shivam_Developement/data_engineering/data_engineering_project/batch-etl-pyspark/.venv/lib/python3.12/site-packages/airflow/example_dags/tutorial_objectstorage.py took 0.222 seconds
[2025-07-16T18:58:43.302+0000] {processor.py:161} INFO - Started process (PID=10103) to work on /mnt/c/Users/Shivam Gupta/OneDrive/Documents/Shivam_Developement/data_engineering/data_engineering_project/batch-etl-pyspark/.venv/lib/python3.12/site-packages/airflow/example_dags/tutorial_objectstorage.py
[2025-07-16T18:58:43.305+0000] {processor.py:830} INFO - Processing file /mnt/c/Users/Shivam Gupta/OneDrive/Documents/Shivam_Developement/data_engineering/data_engineering_project/batch-etl-pyspark/.venv/lib/python3.12/site-packages/airflow/example_dags/tutorial_objectstorage.py for tasks to queue
[2025-07-16T18:58:43.310+0000] {logging_mixin.py:188} INFO - [2025-07-16T18:58:43.308+0000] {dagbag.py:545} INFO - Filling up the DagBag from /mnt/c/Users/Shivam Gupta/OneDrive/Documents/Shivam_Developement/data_engineering/data_engineering_project/batch-etl-pyspark/.venv/lib/python3.12/site-packages/airflow/example_dags/tutorial_objectstorage.py
[2025-07-16T18:58:43.366+0000] {processor.py:840} INFO - DAG(s) 'tutorial_objectstorage' retrieved from /mnt/c/Users/Shivam Gupta/OneDrive/Documents/Shivam_Developement/data_engineering/data_engineering_project/batch-etl-pyspark/.venv/lib/python3.12/site-packages/airflow/example_dags/tutorial_objectstorage.py
[2025-07-16T18:58:43.406+0000] {logging_mixin.py:188} INFO - [2025-07-16T18:58:43.405+0000] {dag.py:3096} INFO - Sync 1 DAGs
[2025-07-16T18:58:43.423+0000] {logging_mixin.py:188} INFO - [2025-07-16T18:58:43.421+0000] {dag.py:3954} INFO - Setting next_dagrun for tutorial_objectstorage to None, run_after=None
[2025-07-16T18:58:43.586+0000] {processor.py:183} INFO - Processing /mnt/c/Users/Shivam Gupta/OneDrive/Documents/Shivam_Developement/data_engineering/data_engineering_project/batch-etl-pyspark/.venv/lib/python3.12/site-packages/airflow/example_dags/tutorial_objectstorage.py took 0.322 seconds
[2025-07-16T19:00:12.525+0000] {processor.py:161} INFO - Started process (PID=10301) to work on /mnt/c/Users/Shivam Gupta/OneDrive/Documents/Shivam_Developement/data_engineering/data_engineering_project/batch-etl-pyspark/.venv/lib/python3.12/site-packages/airflow/example_dags/tutorial_objectstorage.py
[2025-07-16T19:00:12.528+0000] {processor.py:830} INFO - Processing file /mnt/c/Users/Shivam Gupta/OneDrive/Documents/Shivam_Developement/data_engineering/data_engineering_project/batch-etl-pyspark/.venv/lib/python3.12/site-packages/airflow/example_dags/tutorial_objectstorage.py for tasks to queue
[2025-07-16T19:00:12.532+0000] {logging_mixin.py:188} INFO - [2025-07-16T19:00:12.530+0000] {dagbag.py:545} INFO - Filling up the DagBag from /mnt/c/Users/Shivam Gupta/OneDrive/Documents/Shivam_Developement/data_engineering/data_engineering_project/batch-etl-pyspark/.venv/lib/python3.12/site-packages/airflow/example_dags/tutorial_objectstorage.py
[2025-07-16T19:00:12.562+0000] {processor.py:840} INFO - DAG(s) 'tutorial_objectstorage' retrieved from /mnt/c/Users/Shivam Gupta/OneDrive/Documents/Shivam_Developement/data_engineering/data_engineering_project/batch-etl-pyspark/.venv/lib/python3.12/site-packages/airflow/example_dags/tutorial_objectstorage.py
[2025-07-16T19:00:12.596+0000] {logging_mixin.py:188} INFO - [2025-07-16T19:00:12.595+0000] {dag.py:3096} INFO - Sync 1 DAGs
[2025-07-16T19:00:12.611+0000] {logging_mixin.py:188} INFO - [2025-07-16T19:00:12.610+0000] {dag.py:3954} INFO - Setting next_dagrun for tutorial_objectstorage to None, run_after=None
[2025-07-16T19:00:12.687+0000] {processor.py:183} INFO - Processing /mnt/c/Users/Shivam Gupta/OneDrive/Documents/Shivam_Developement/data_engineering/data_engineering_project/batch-etl-pyspark/.venv/lib/python3.12/site-packages/airflow/example_dags/tutorial_objectstorage.py took 0.178 seconds
[2025-07-16T19:01:43.239+0000] {processor.py:161} INFO - Started process (PID=10491) to work on /mnt/c/Users/Shivam Gupta/OneDrive/Documents/Shivam_Developement/data_engineering/data_engineering_project/batch-etl-pyspark/.venv/lib/python3.12/site-packages/airflow/example_dags/tutorial_objectstorage.py
[2025-07-16T19:01:43.241+0000] {processor.py:830} INFO - Processing file /mnt/c/Users/Shivam Gupta/OneDrive/Documents/Shivam_Developement/data_engineering/data_engineering_project/batch-etl-pyspark/.venv/lib/python3.12/site-packages/airflow/example_dags/tutorial_objectstorage.py for tasks to queue
[2025-07-16T19:01:43.244+0000] {logging_mixin.py:188} INFO - [2025-07-16T19:01:43.243+0000] {dagbag.py:545} INFO - Filling up the DagBag from /mnt/c/Users/Shivam Gupta/OneDrive/Documents/Shivam_Developement/data_engineering/data_engineering_project/batch-etl-pyspark/.venv/lib/python3.12/site-packages/airflow/example_dags/tutorial_objectstorage.py
[2025-07-16T19:01:43.264+0000] {processor.py:840} INFO - DAG(s) 'tutorial_objectstorage' retrieved from /mnt/c/Users/Shivam Gupta/OneDrive/Documents/Shivam_Developement/data_engineering/data_engineering_project/batch-etl-pyspark/.venv/lib/python3.12/site-packages/airflow/example_dags/tutorial_objectstorage.py
[2025-07-16T19:01:43.292+0000] {logging_mixin.py:188} INFO - [2025-07-16T19:01:43.291+0000] {dag.py:3096} INFO - Sync 1 DAGs
[2025-07-16T19:01:43.306+0000] {logging_mixin.py:188} INFO - [2025-07-16T19:01:43.305+0000] {dag.py:3954} INFO - Setting next_dagrun for tutorial_objectstorage to None, run_after=None
[2025-07-16T19:01:43.389+0000] {processor.py:183} INFO - Processing /mnt/c/Users/Shivam Gupta/OneDrive/Documents/Shivam_Developement/data_engineering/data_engineering_project/batch-etl-pyspark/.venv/lib/python3.12/site-packages/airflow/example_dags/tutorial_objectstorage.py took 0.160 seconds
[2025-07-16T19:03:15.558+0000] {processor.py:161} INFO - Started process (PID=10673) to work on /mnt/c/Users/Shivam Gupta/OneDrive/Documents/Shivam_Developement/data_engineering/data_engineering_project/batch-etl-pyspark/.venv/lib/python3.12/site-packages/airflow/example_dags/tutorial_objectstorage.py
[2025-07-16T19:03:15.560+0000] {processor.py:830} INFO - Processing file /mnt/c/Users/Shivam Gupta/OneDrive/Documents/Shivam_Developement/data_engineering/data_engineering_project/batch-etl-pyspark/.venv/lib/python3.12/site-packages/airflow/example_dags/tutorial_objectstorage.py for tasks to queue
[2025-07-16T19:03:15.562+0000] {logging_mixin.py:188} INFO - [2025-07-16T19:03:15.562+0000] {dagbag.py:545} INFO - Filling up the DagBag from /mnt/c/Users/Shivam Gupta/OneDrive/Documents/Shivam_Developement/data_engineering/data_engineering_project/batch-etl-pyspark/.venv/lib/python3.12/site-packages/airflow/example_dags/tutorial_objectstorage.py
[2025-07-16T19:03:15.581+0000] {processor.py:840} INFO - DAG(s) 'tutorial_objectstorage' retrieved from /mnt/c/Users/Shivam Gupta/OneDrive/Documents/Shivam_Developement/data_engineering/data_engineering_project/batch-etl-pyspark/.venv/lib/python3.12/site-packages/airflow/example_dags/tutorial_objectstorage.py
[2025-07-16T19:03:15.610+0000] {logging_mixin.py:188} INFO - [2025-07-16T19:03:15.609+0000] {dag.py:3096} INFO - Sync 1 DAGs
[2025-07-16T19:03:15.627+0000] {logging_mixin.py:188} INFO - [2025-07-16T19:03:15.626+0000] {dag.py:3954} INFO - Setting next_dagrun for tutorial_objectstorage to None, run_after=None
[2025-07-16T19:03:15.723+0000] {processor.py:183} INFO - Processing /mnt/c/Users/Shivam Gupta/OneDrive/Documents/Shivam_Developement/data_engineering/data_engineering_project/batch-etl-pyspark/.venv/lib/python3.12/site-packages/airflow/example_dags/tutorial_objectstorage.py took 0.174 seconds
[2025-07-16T19:04:43.999+0000] {processor.py:161} INFO - Started process (PID=10821) to work on /mnt/c/Users/Shivam Gupta/OneDrive/Documents/Shivam_Developement/data_engineering/data_engineering_project/batch-etl-pyspark/.venv/lib/python3.12/site-packages/airflow/example_dags/tutorial_objectstorage.py
[2025-07-16T19:04:44.001+0000] {processor.py:830} INFO - Processing file /mnt/c/Users/Shivam Gupta/OneDrive/Documents/Shivam_Developement/data_engineering/data_engineering_project/batch-etl-pyspark/.venv/lib/python3.12/site-packages/airflow/example_dags/tutorial_objectstorage.py for tasks to queue
[2025-07-16T19:04:44.003+0000] {logging_mixin.py:188} INFO - [2025-07-16T19:04:44.002+0000] {dagbag.py:545} INFO - Filling up the DagBag from /mnt/c/Users/Shivam Gupta/OneDrive/Documents/Shivam_Developement/data_engineering/data_engineering_project/batch-etl-pyspark/.venv/lib/python3.12/site-packages/airflow/example_dags/tutorial_objectstorage.py
[2025-07-16T19:04:44.016+0000] {processor.py:840} INFO - DAG(s) 'tutorial_objectstorage' retrieved from /mnt/c/Users/Shivam Gupta/OneDrive/Documents/Shivam_Developement/data_engineering/data_engineering_project/batch-etl-pyspark/.venv/lib/python3.12/site-packages/airflow/example_dags/tutorial_objectstorage.py
[2025-07-16T19:04:44.039+0000] {logging_mixin.py:188} INFO - [2025-07-16T19:04:44.038+0000] {dag.py:3096} INFO - Sync 1 DAGs
[2025-07-16T19:04:44.050+0000] {logging_mixin.py:188} INFO - [2025-07-16T19:04:44.049+0000] {dag.py:3954} INFO - Setting next_dagrun for tutorial_objectstorage to None, run_after=None
[2025-07-16T19:04:44.099+0000] {processor.py:183} INFO - Processing /mnt/c/Users/Shivam Gupta/OneDrive/Documents/Shivam_Developement/data_engineering/data_engineering_project/batch-etl-pyspark/.venv/lib/python3.12/site-packages/airflow/example_dags/tutorial_objectstorage.py took 0.109 seconds
[2025-07-16T19:06:05.610+0000] {processor.py:161} INFO - Started process (PID=10985) to work on /mnt/c/Users/Shivam Gupta/OneDrive/Documents/Shivam_Developement/data_engineering/data_engineering_project/batch-etl-pyspark/.venv/lib/python3.12/site-packages/airflow/example_dags/tutorial_objectstorage.py
[2025-07-16T19:06:05.612+0000] {processor.py:830} INFO - Processing file /mnt/c/Users/Shivam Gupta/OneDrive/Documents/Shivam_Developement/data_engineering/data_engineering_project/batch-etl-pyspark/.venv/lib/python3.12/site-packages/airflow/example_dags/tutorial_objectstorage.py for tasks to queue
[2025-07-16T19:06:05.615+0000] {logging_mixin.py:188} INFO - [2025-07-16T19:06:05.614+0000] {dagbag.py:545} INFO - Filling up the DagBag from /mnt/c/Users/Shivam Gupta/OneDrive/Documents/Shivam_Developement/data_engineering/data_engineering_project/batch-etl-pyspark/.venv/lib/python3.12/site-packages/airflow/example_dags/tutorial_objectstorage.py
[2025-07-16T19:06:05.644+0000] {processor.py:840} INFO - DAG(s) 'tutorial_objectstorage' retrieved from /mnt/c/Users/Shivam Gupta/OneDrive/Documents/Shivam_Developement/data_engineering/data_engineering_project/batch-etl-pyspark/.venv/lib/python3.12/site-packages/airflow/example_dags/tutorial_objectstorage.py
[2025-07-16T19:06:05.675+0000] {logging_mixin.py:188} INFO - [2025-07-16T19:06:05.674+0000] {dag.py:3096} INFO - Sync 1 DAGs
[2025-07-16T19:06:05.690+0000] {logging_mixin.py:188} INFO - [2025-07-16T19:06:05.689+0000] {dag.py:3954} INFO - Setting next_dagrun for tutorial_objectstorage to None, run_after=None
[2025-07-16T19:06:05.747+0000] {processor.py:183} INFO - Processing /mnt/c/Users/Shivam Gupta/OneDrive/Documents/Shivam_Developement/data_engineering/data_engineering_project/batch-etl-pyspark/.venv/lib/python3.12/site-packages/airflow/example_dags/tutorial_objectstorage.py took 0.151 seconds
[2025-07-16T19:07:37.601+0000] {processor.py:161} INFO - Started process (PID=11169) to work on /mnt/c/Users/Shivam Gupta/OneDrive/Documents/Shivam_Developement/data_engineering/data_engineering_project/batch-etl-pyspark/.venv/lib/python3.12/site-packages/airflow/example_dags/tutorial_objectstorage.py
[2025-07-16T19:07:37.603+0000] {processor.py:830} INFO - Processing file /mnt/c/Users/Shivam Gupta/OneDrive/Documents/Shivam_Developement/data_engineering/data_engineering_project/batch-etl-pyspark/.venv/lib/python3.12/site-packages/airflow/example_dags/tutorial_objectstorage.py for tasks to queue
[2025-07-16T19:07:37.605+0000] {logging_mixin.py:188} INFO - [2025-07-16T19:07:37.604+0000] {dagbag.py:545} INFO - Filling up the DagBag from /mnt/c/Users/Shivam Gupta/OneDrive/Documents/Shivam_Developement/data_engineering/data_engineering_project/batch-etl-pyspark/.venv/lib/python3.12/site-packages/airflow/example_dags/tutorial_objectstorage.py
[2025-07-16T19:07:37.626+0000] {processor.py:840} INFO - DAG(s) 'tutorial_objectstorage' retrieved from /mnt/c/Users/Shivam Gupta/OneDrive/Documents/Shivam_Developement/data_engineering/data_engineering_project/batch-etl-pyspark/.venv/lib/python3.12/site-packages/airflow/example_dags/tutorial_objectstorage.py
[2025-07-16T19:07:37.649+0000] {logging_mixin.py:188} INFO - [2025-07-16T19:07:37.648+0000] {dag.py:3096} INFO - Sync 1 DAGs
[2025-07-16T19:07:37.661+0000] {logging_mixin.py:188} INFO - [2025-07-16T19:07:37.660+0000] {dag.py:3954} INFO - Setting next_dagrun for tutorial_objectstorage to None, run_after=None
[2025-07-16T19:07:37.715+0000] {processor.py:183} INFO - Processing /mnt/c/Users/Shivam Gupta/OneDrive/Documents/Shivam_Developement/data_engineering/data_engineering_project/batch-etl-pyspark/.venv/lib/python3.12/site-packages/airflow/example_dags/tutorial_objectstorage.py took 0.125 seconds
[2025-07-16T19:09:08.673+0000] {processor.py:161} INFO - Started process (PID=11313) to work on /mnt/c/Users/Shivam Gupta/OneDrive/Documents/Shivam_Developement/data_engineering/data_engineering_project/batch-etl-pyspark/.venv/lib/python3.12/site-packages/airflow/example_dags/tutorial_objectstorage.py
[2025-07-16T19:09:08.685+0000] {processor.py:830} INFO - Processing file /mnt/c/Users/Shivam Gupta/OneDrive/Documents/Shivam_Developement/data_engineering/data_engineering_project/batch-etl-pyspark/.venv/lib/python3.12/site-packages/airflow/example_dags/tutorial_objectstorage.py for tasks to queue
[2025-07-16T19:09:08.693+0000] {logging_mixin.py:188} INFO - [2025-07-16T19:09:08.690+0000] {dagbag.py:545} INFO - Filling up the DagBag from /mnt/c/Users/Shivam Gupta/OneDrive/Documents/Shivam_Developement/data_engineering/data_engineering_project/batch-etl-pyspark/.venv/lib/python3.12/site-packages/airflow/example_dags/tutorial_objectstorage.py
[2025-07-16T19:09:08.732+0000] {processor.py:840} INFO - DAG(s) 'tutorial_objectstorage' retrieved from /mnt/c/Users/Shivam Gupta/OneDrive/Documents/Shivam_Developement/data_engineering/data_engineering_project/batch-etl-pyspark/.venv/lib/python3.12/site-packages/airflow/example_dags/tutorial_objectstorage.py
[2025-07-16T19:09:08.791+0000] {logging_mixin.py:188} INFO - [2025-07-16T19:09:08.790+0000] {dag.py:3096} INFO - Sync 1 DAGs
[2025-07-16T19:09:08.843+0000] {logging_mixin.py:188} INFO - [2025-07-16T19:09:08.840+0000] {dag.py:3954} INFO - Setting next_dagrun for tutorial_objectstorage to None, run_after=None
[2025-07-16T19:09:09.167+0000] {processor.py:183} INFO - Processing /mnt/c/Users/Shivam Gupta/OneDrive/Documents/Shivam_Developement/data_engineering/data_engineering_project/batch-etl-pyspark/.venv/lib/python3.12/site-packages/airflow/example_dags/tutorial_objectstorage.py took 0.529 seconds
[2025-07-16T19:10:36.353+0000] {processor.py:161} INFO - Started process (PID=11470) to work on /mnt/c/Users/Shivam Gupta/OneDrive/Documents/Shivam_Developement/data_engineering/data_engineering_project/batch-etl-pyspark/.venv/lib/python3.12/site-packages/airflow/example_dags/tutorial_objectstorage.py
[2025-07-16T19:10:36.356+0000] {processor.py:830} INFO - Processing file /mnt/c/Users/Shivam Gupta/OneDrive/Documents/Shivam_Developement/data_engineering/data_engineering_project/batch-etl-pyspark/.venv/lib/python3.12/site-packages/airflow/example_dags/tutorial_objectstorage.py for tasks to queue
[2025-07-16T19:10:36.360+0000] {logging_mixin.py:188} INFO - [2025-07-16T19:10:36.359+0000] {dagbag.py:545} INFO - Filling up the DagBag from /mnt/c/Users/Shivam Gupta/OneDrive/Documents/Shivam_Developement/data_engineering/data_engineering_project/batch-etl-pyspark/.venv/lib/python3.12/site-packages/airflow/example_dags/tutorial_objectstorage.py
[2025-07-16T19:10:36.393+0000] {processor.py:840} INFO - DAG(s) 'tutorial_objectstorage' retrieved from /mnt/c/Users/Shivam Gupta/OneDrive/Documents/Shivam_Developement/data_engineering/data_engineering_project/batch-etl-pyspark/.venv/lib/python3.12/site-packages/airflow/example_dags/tutorial_objectstorage.py
[2025-07-16T19:10:36.431+0000] {logging_mixin.py:188} INFO - [2025-07-16T19:10:36.429+0000] {dag.py:3096} INFO - Sync 1 DAGs
[2025-07-16T19:10:36.447+0000] {logging_mixin.py:188} INFO - [2025-07-16T19:10:36.446+0000] {dag.py:3954} INFO - Setting next_dagrun for tutorial_objectstorage to None, run_after=None
[2025-07-16T19:10:36.539+0000] {processor.py:183} INFO - Processing /mnt/c/Users/Shivam Gupta/OneDrive/Documents/Shivam_Developement/data_engineering/data_engineering_project/batch-etl-pyspark/.venv/lib/python3.12/site-packages/airflow/example_dags/tutorial_objectstorage.py took 0.204 seconds
[2025-07-16T19:12:08.819+0000] {processor.py:161} INFO - Started process (PID=11664) to work on /mnt/c/Users/Shivam Gupta/OneDrive/Documents/Shivam_Developement/data_engineering/data_engineering_project/batch-etl-pyspark/.venv/lib/python3.12/site-packages/airflow/example_dags/tutorial_objectstorage.py
[2025-07-16T19:12:08.822+0000] {processor.py:830} INFO - Processing file /mnt/c/Users/Shivam Gupta/OneDrive/Documents/Shivam_Developement/data_engineering/data_engineering_project/batch-etl-pyspark/.venv/lib/python3.12/site-packages/airflow/example_dags/tutorial_objectstorage.py for tasks to queue
[2025-07-16T19:12:08.826+0000] {logging_mixin.py:188} INFO - [2025-07-16T19:12:08.825+0000] {dagbag.py:545} INFO - Filling up the DagBag from /mnt/c/Users/Shivam Gupta/OneDrive/Documents/Shivam_Developement/data_engineering/data_engineering_project/batch-etl-pyspark/.venv/lib/python3.12/site-packages/airflow/example_dags/tutorial_objectstorage.py
[2025-07-16T19:12:08.858+0000] {processor.py:840} INFO - DAG(s) 'tutorial_objectstorage' retrieved from /mnt/c/Users/Shivam Gupta/OneDrive/Documents/Shivam_Developement/data_engineering/data_engineering_project/batch-etl-pyspark/.venv/lib/python3.12/site-packages/airflow/example_dags/tutorial_objectstorage.py
[2025-07-16T19:12:08.900+0000] {logging_mixin.py:188} INFO - [2025-07-16T19:12:08.899+0000] {dag.py:3096} INFO - Sync 1 DAGs
[2025-07-16T19:12:08.924+0000] {logging_mixin.py:188} INFO - [2025-07-16T19:12:08.923+0000] {dag.py:3954} INFO - Setting next_dagrun for tutorial_objectstorage to None, run_after=None
[2025-07-16T19:12:09.116+0000] {processor.py:183} INFO - Processing /mnt/c/Users/Shivam Gupta/OneDrive/Documents/Shivam_Developement/data_engineering/data_engineering_project/batch-etl-pyspark/.venv/lib/python3.12/site-packages/airflow/example_dags/tutorial_objectstorage.py took 0.313 seconds
[2025-07-16T19:12:53.691+0000] {processor.py:161} INFO - Started process (PID=11745) to work on /mnt/c/Users/Shivam Gupta/OneDrive/Documents/Shivam_Developement/data_engineering/data_engineering_project/batch-etl-pyspark/.venv/lib/python3.12/site-packages/airflow/example_dags/tutorial_objectstorage.py
[2025-07-16T19:12:53.693+0000] {processor.py:830} INFO - Processing file /mnt/c/Users/Shivam Gupta/OneDrive/Documents/Shivam_Developement/data_engineering/data_engineering_project/batch-etl-pyspark/.venv/lib/python3.12/site-packages/airflow/example_dags/tutorial_objectstorage.py for tasks to queue
[2025-07-16T19:12:53.697+0000] {logging_mixin.py:188} INFO - [2025-07-16T19:12:53.695+0000] {dagbag.py:545} INFO - Filling up the DagBag from /mnt/c/Users/Shivam Gupta/OneDrive/Documents/Shivam_Developement/data_engineering/data_engineering_project/batch-etl-pyspark/.venv/lib/python3.12/site-packages/airflow/example_dags/tutorial_objectstorage.py
[2025-07-16T19:12:53.728+0000] {processor.py:840} INFO - DAG(s) 'tutorial_objectstorage' retrieved from /mnt/c/Users/Shivam Gupta/OneDrive/Documents/Shivam_Developement/data_engineering/data_engineering_project/batch-etl-pyspark/.venv/lib/python3.12/site-packages/airflow/example_dags/tutorial_objectstorage.py
[2025-07-16T19:12:53.754+0000] {logging_mixin.py:188} INFO - [2025-07-16T19:12:53.753+0000] {dag.py:3096} INFO - Sync 1 DAGs
[2025-07-16T19:12:53.767+0000] {logging_mixin.py:188} INFO - [2025-07-16T19:12:53.766+0000] {dag.py:3954} INFO - Setting next_dagrun for tutorial_objectstorage to None, run_after=None
[2025-07-16T19:12:53.822+0000] {processor.py:183} INFO - Processing /mnt/c/Users/Shivam Gupta/OneDrive/Documents/Shivam_Developement/data_engineering/data_engineering_project/batch-etl-pyspark/.venv/lib/python3.12/site-packages/airflow/example_dags/tutorial_objectstorage.py took 0.145 seconds
[2025-07-16T19:14:20.929+0000] {processor.py:161} INFO - Started process (PID=11912) to work on /mnt/c/Users/Shivam Gupta/OneDrive/Documents/Shivam_Developement/data_engineering/data_engineering_project/batch-etl-pyspark/.venv/lib/python3.12/site-packages/airflow/example_dags/tutorial_objectstorage.py
[2025-07-16T19:14:20.934+0000] {processor.py:830} INFO - Processing file /mnt/c/Users/Shivam Gupta/OneDrive/Documents/Shivam_Developement/data_engineering/data_engineering_project/batch-etl-pyspark/.venv/lib/python3.12/site-packages/airflow/example_dags/tutorial_objectstorage.py for tasks to queue
[2025-07-16T19:14:20.941+0000] {logging_mixin.py:188} INFO - [2025-07-16T19:14:20.940+0000] {dagbag.py:545} INFO - Filling up the DagBag from /mnt/c/Users/Shivam Gupta/OneDrive/Documents/Shivam_Developement/data_engineering/data_engineering_project/batch-etl-pyspark/.venv/lib/python3.12/site-packages/airflow/example_dags/tutorial_objectstorage.py
[2025-07-16T19:14:20.974+0000] {processor.py:840} INFO - DAG(s) 'tutorial_objectstorage' retrieved from /mnt/c/Users/Shivam Gupta/OneDrive/Documents/Shivam_Developement/data_engineering/data_engineering_project/batch-etl-pyspark/.venv/lib/python3.12/site-packages/airflow/example_dags/tutorial_objectstorage.py
[2025-07-16T19:14:21.011+0000] {logging_mixin.py:188} INFO - [2025-07-16T19:14:21.009+0000] {dag.py:3096} INFO - Sync 1 DAGs
[2025-07-16T19:14:21.033+0000] {logging_mixin.py:188} INFO - [2025-07-16T19:14:21.032+0000] {dag.py:3954} INFO - Setting next_dagrun for tutorial_objectstorage to None, run_after=None
[2025-07-16T19:14:21.120+0000] {processor.py:183} INFO - Processing /mnt/c/Users/Shivam Gupta/OneDrive/Documents/Shivam_Developement/data_engineering/data_engineering_project/batch-etl-pyspark/.venv/lib/python3.12/site-packages/airflow/example_dags/tutorial_objectstorage.py took 0.219 seconds
[2025-07-16T19:15:53.877+0000] {processor.py:161} INFO - Started process (PID=12102) to work on /mnt/c/Users/Shivam Gupta/OneDrive/Documents/Shivam_Developement/data_engineering/data_engineering_project/batch-etl-pyspark/.venv/lib/python3.12/site-packages/airflow/example_dags/tutorial_objectstorage.py
[2025-07-16T19:15:53.879+0000] {processor.py:830} INFO - Processing file /mnt/c/Users/Shivam Gupta/OneDrive/Documents/Shivam_Developement/data_engineering/data_engineering_project/batch-etl-pyspark/.venv/lib/python3.12/site-packages/airflow/example_dags/tutorial_objectstorage.py for tasks to queue
[2025-07-16T19:15:53.881+0000] {logging_mixin.py:188} INFO - [2025-07-16T19:15:53.880+0000] {dagbag.py:545} INFO - Filling up the DagBag from /mnt/c/Users/Shivam Gupta/OneDrive/Documents/Shivam_Developement/data_engineering/data_engineering_project/batch-etl-pyspark/.venv/lib/python3.12/site-packages/airflow/example_dags/tutorial_objectstorage.py
[2025-07-16T19:15:53.926+0000] {processor.py:840} INFO - DAG(s) 'tutorial_objectstorage' retrieved from /mnt/c/Users/Shivam Gupta/OneDrive/Documents/Shivam_Developement/data_engineering/data_engineering_project/batch-etl-pyspark/.venv/lib/python3.12/site-packages/airflow/example_dags/tutorial_objectstorage.py
[2025-07-16T19:15:53.979+0000] {logging_mixin.py:188} INFO - [2025-07-16T19:15:53.978+0000] {dag.py:3096} INFO - Sync 1 DAGs
[2025-07-16T19:15:53.997+0000] {logging_mixin.py:188} INFO - [2025-07-16T19:15:53.996+0000] {dag.py:3954} INFO - Setting next_dagrun for tutorial_objectstorage to None, run_after=None
[2025-07-16T19:15:54.092+0000] {processor.py:183} INFO - Processing /mnt/c/Users/Shivam Gupta/OneDrive/Documents/Shivam_Developement/data_engineering/data_engineering_project/batch-etl-pyspark/.venv/lib/python3.12/site-packages/airflow/example_dags/tutorial_objectstorage.py took 0.231 seconds
[2025-07-16T19:17:21.910+0000] {processor.py:161} INFO - Started process (PID=12270) to work on /mnt/c/Users/Shivam Gupta/OneDrive/Documents/Shivam_Developement/data_engineering/data_engineering_project/batch-etl-pyspark/.venv/lib/python3.12/site-packages/airflow/example_dags/tutorial_objectstorage.py
[2025-07-16T19:17:21.913+0000] {processor.py:830} INFO - Processing file /mnt/c/Users/Shivam Gupta/OneDrive/Documents/Shivam_Developement/data_engineering/data_engineering_project/batch-etl-pyspark/.venv/lib/python3.12/site-packages/airflow/example_dags/tutorial_objectstorage.py for tasks to queue
[2025-07-16T19:17:21.918+0000] {logging_mixin.py:188} INFO - [2025-07-16T19:17:21.916+0000] {dagbag.py:545} INFO - Filling up the DagBag from /mnt/c/Users/Shivam Gupta/OneDrive/Documents/Shivam_Developement/data_engineering/data_engineering_project/batch-etl-pyspark/.venv/lib/python3.12/site-packages/airflow/example_dags/tutorial_objectstorage.py
[2025-07-16T19:17:21.955+0000] {processor.py:840} INFO - DAG(s) 'tutorial_objectstorage' retrieved from /mnt/c/Users/Shivam Gupta/OneDrive/Documents/Shivam_Developement/data_engineering/data_engineering_project/batch-etl-pyspark/.venv/lib/python3.12/site-packages/airflow/example_dags/tutorial_objectstorage.py
[2025-07-16T19:17:22.005+0000] {logging_mixin.py:188} INFO - [2025-07-16T19:17:22.003+0000] {dag.py:3096} INFO - Sync 1 DAGs
[2025-07-16T19:17:22.027+0000] {logging_mixin.py:188} INFO - [2025-07-16T19:17:22.026+0000] {dag.py:3954} INFO - Setting next_dagrun for tutorial_objectstorage to None, run_after=None
[2025-07-16T19:17:22.139+0000] {processor.py:183} INFO - Processing /mnt/c/Users/Shivam Gupta/OneDrive/Documents/Shivam_Developement/data_engineering/data_engineering_project/batch-etl-pyspark/.venv/lib/python3.12/site-packages/airflow/example_dags/tutorial_objectstorage.py took 0.251 seconds
[2025-07-16T19:18:43.694+0000] {processor.py:161} INFO - Started process (PID=12422) to work on /mnt/c/Users/Shivam Gupta/OneDrive/Documents/Shivam_Developement/data_engineering/data_engineering_project/batch-etl-pyspark/.venv/lib/python3.12/site-packages/airflow/example_dags/tutorial_objectstorage.py
[2025-07-16T19:18:43.697+0000] {processor.py:830} INFO - Processing file /mnt/c/Users/Shivam Gupta/OneDrive/Documents/Shivam_Developement/data_engineering/data_engineering_project/batch-etl-pyspark/.venv/lib/python3.12/site-packages/airflow/example_dags/tutorial_objectstorage.py for tasks to queue
[2025-07-16T19:18:43.703+0000] {logging_mixin.py:188} INFO - [2025-07-16T19:18:43.701+0000] {dagbag.py:545} INFO - Filling up the DagBag from /mnt/c/Users/Shivam Gupta/OneDrive/Documents/Shivam_Developement/data_engineering/data_engineering_project/batch-etl-pyspark/.venv/lib/python3.12/site-packages/airflow/example_dags/tutorial_objectstorage.py
[2025-07-16T19:18:43.753+0000] {processor.py:840} INFO - DAG(s) 'tutorial_objectstorage' retrieved from /mnt/c/Users/Shivam Gupta/OneDrive/Documents/Shivam_Developement/data_engineering/data_engineering_project/batch-etl-pyspark/.venv/lib/python3.12/site-packages/airflow/example_dags/tutorial_objectstorage.py
[2025-07-16T19:18:43.818+0000] {logging_mixin.py:188} INFO - [2025-07-16T19:18:43.817+0000] {dag.py:3096} INFO - Sync 1 DAGs
[2025-07-16T19:18:43.850+0000] {logging_mixin.py:188} INFO - [2025-07-16T19:18:43.848+0000] {dag.py:3954} INFO - Setting next_dagrun for tutorial_objectstorage to None, run_after=None
[2025-07-16T19:18:43.961+0000] {processor.py:183} INFO - Processing /mnt/c/Users/Shivam Gupta/OneDrive/Documents/Shivam_Developement/data_engineering/data_engineering_project/batch-etl-pyspark/.venv/lib/python3.12/site-packages/airflow/example_dags/tutorial_objectstorage.py took 0.288 seconds
[2025-07-16T19:20:06.735+0000] {processor.py:161} INFO - Started process (PID=12565) to work on /mnt/c/Users/Shivam Gupta/OneDrive/Documents/Shivam_Developement/data_engineering/data_engineering_project/batch-etl-pyspark/.venv/lib/python3.12/site-packages/airflow/example_dags/tutorial_objectstorage.py
[2025-07-16T19:20:06.748+0000] {processor.py:830} INFO - Processing file /mnt/c/Users/Shivam Gupta/OneDrive/Documents/Shivam_Developement/data_engineering/data_engineering_project/batch-etl-pyspark/.venv/lib/python3.12/site-packages/airflow/example_dags/tutorial_objectstorage.py for tasks to queue
[2025-07-16T19:20:06.751+0000] {logging_mixin.py:188} INFO - [2025-07-16T19:20:06.750+0000] {dagbag.py:545} INFO - Filling up the DagBag from /mnt/c/Users/Shivam Gupta/OneDrive/Documents/Shivam_Developement/data_engineering/data_engineering_project/batch-etl-pyspark/.venv/lib/python3.12/site-packages/airflow/example_dags/tutorial_objectstorage.py
[2025-07-16T19:20:06.775+0000] {processor.py:840} INFO - DAG(s) 'tutorial_objectstorage' retrieved from /mnt/c/Users/Shivam Gupta/OneDrive/Documents/Shivam_Developement/data_engineering/data_engineering_project/batch-etl-pyspark/.venv/lib/python3.12/site-packages/airflow/example_dags/tutorial_objectstorage.py
[2025-07-16T19:20:06.805+0000] {logging_mixin.py:188} INFO - [2025-07-16T19:20:06.804+0000] {dag.py:3096} INFO - Sync 1 DAGs
[2025-07-16T19:20:06.818+0000] {logging_mixin.py:188} INFO - [2025-07-16T19:20:06.817+0000] {dag.py:3954} INFO - Setting next_dagrun for tutorial_objectstorage to None, run_after=None
[2025-07-16T19:20:06.909+0000] {processor.py:183} INFO - Processing /mnt/c/Users/Shivam Gupta/OneDrive/Documents/Shivam_Developement/data_engineering/data_engineering_project/batch-etl-pyspark/.venv/lib/python3.12/site-packages/airflow/example_dags/tutorial_objectstorage.py took 0.186 seconds
[2025-07-16T19:21:32.259+0000] {processor.py:161} INFO - Started process (PID=12730) to work on /mnt/c/Users/Shivam Gupta/OneDrive/Documents/Shivam_Developement/data_engineering/data_engineering_project/batch-etl-pyspark/.venv/lib/python3.12/site-packages/airflow/example_dags/tutorial_objectstorage.py
[2025-07-16T19:21:32.261+0000] {processor.py:830} INFO - Processing file /mnt/c/Users/Shivam Gupta/OneDrive/Documents/Shivam_Developement/data_engineering/data_engineering_project/batch-etl-pyspark/.venv/lib/python3.12/site-packages/airflow/example_dags/tutorial_objectstorage.py for tasks to queue
[2025-07-16T19:21:32.264+0000] {logging_mixin.py:188} INFO - [2025-07-16T19:21:32.263+0000] {dagbag.py:545} INFO - Filling up the DagBag from /mnt/c/Users/Shivam Gupta/OneDrive/Documents/Shivam_Developement/data_engineering/data_engineering_project/batch-etl-pyspark/.venv/lib/python3.12/site-packages/airflow/example_dags/tutorial_objectstorage.py
[2025-07-16T19:21:32.282+0000] {processor.py:840} INFO - DAG(s) 'tutorial_objectstorage' retrieved from /mnt/c/Users/Shivam Gupta/OneDrive/Documents/Shivam_Developement/data_engineering/data_engineering_project/batch-etl-pyspark/.venv/lib/python3.12/site-packages/airflow/example_dags/tutorial_objectstorage.py
[2025-07-16T19:21:32.304+0000] {logging_mixin.py:188} INFO - [2025-07-16T19:21:32.303+0000] {dag.py:3096} INFO - Sync 1 DAGs
[2025-07-16T19:21:32.317+0000] {logging_mixin.py:188} INFO - [2025-07-16T19:21:32.316+0000] {dag.py:3954} INFO - Setting next_dagrun for tutorial_objectstorage to None, run_after=None
[2025-07-16T19:21:32.418+0000] {processor.py:183} INFO - Processing /mnt/c/Users/Shivam Gupta/OneDrive/Documents/Shivam_Developement/data_engineering/data_engineering_project/batch-etl-pyspark/.venv/lib/python3.12/site-packages/airflow/example_dags/tutorial_objectstorage.py took 0.167 seconds
[2025-07-16T19:22:21.786+0000] {processor.py:161} INFO - Started process (PID=12820) to work on /mnt/c/Users/Shivam Gupta/OneDrive/Documents/Shivam_Developement/data_engineering/data_engineering_project/batch-etl-pyspark/.venv/lib/python3.12/site-packages/airflow/example_dags/tutorial_objectstorage.py
[2025-07-16T19:22:21.788+0000] {processor.py:830} INFO - Processing file /mnt/c/Users/Shivam Gupta/OneDrive/Documents/Shivam_Developement/data_engineering/data_engineering_project/batch-etl-pyspark/.venv/lib/python3.12/site-packages/airflow/example_dags/tutorial_objectstorage.py for tasks to queue
[2025-07-16T19:22:21.792+0000] {logging_mixin.py:188} INFO - [2025-07-16T19:22:21.791+0000] {dagbag.py:545} INFO - Filling up the DagBag from /mnt/c/Users/Shivam Gupta/OneDrive/Documents/Shivam_Developement/data_engineering/data_engineering_project/batch-etl-pyspark/.venv/lib/python3.12/site-packages/airflow/example_dags/tutorial_objectstorage.py
[2025-07-16T19:22:21.834+0000] {processor.py:840} INFO - DAG(s) 'tutorial_objectstorage' retrieved from /mnt/c/Users/Shivam Gupta/OneDrive/Documents/Shivam_Developement/data_engineering/data_engineering_project/batch-etl-pyspark/.venv/lib/python3.12/site-packages/airflow/example_dags/tutorial_objectstorage.py
[2025-07-16T19:22:21.880+0000] {logging_mixin.py:188} INFO - [2025-07-16T19:22:21.879+0000] {dag.py:3096} INFO - Sync 1 DAGs
[2025-07-16T19:22:21.896+0000] {logging_mixin.py:188} INFO - [2025-07-16T19:22:21.895+0000] {dag.py:3954} INFO - Setting next_dagrun for tutorial_objectstorage to None, run_after=None
[2025-07-16T19:22:21.990+0000] {processor.py:183} INFO - Processing /mnt/c/Users/Shivam Gupta/OneDrive/Documents/Shivam_Developement/data_engineering/data_engineering_project/batch-etl-pyspark/.venv/lib/python3.12/site-packages/airflow/example_dags/tutorial_objectstorage.py took 0.220 seconds
[2025-07-16T19:23:41.818+0000] {processor.py:161} INFO - Started process (PID=12963) to work on /mnt/c/Users/Shivam Gupta/OneDrive/Documents/Shivam_Developement/data_engineering/data_engineering_project/batch-etl-pyspark/.venv/lib/python3.12/site-packages/airflow/example_dags/tutorial_objectstorage.py
[2025-07-16T19:23:41.820+0000] {processor.py:830} INFO - Processing file /mnt/c/Users/Shivam Gupta/OneDrive/Documents/Shivam_Developement/data_engineering/data_engineering_project/batch-etl-pyspark/.venv/lib/python3.12/site-packages/airflow/example_dags/tutorial_objectstorage.py for tasks to queue
[2025-07-16T19:23:41.823+0000] {logging_mixin.py:188} INFO - [2025-07-16T19:23:41.822+0000] {dagbag.py:545} INFO - Filling up the DagBag from /mnt/c/Users/Shivam Gupta/OneDrive/Documents/Shivam_Developement/data_engineering/data_engineering_project/batch-etl-pyspark/.venv/lib/python3.12/site-packages/airflow/example_dags/tutorial_objectstorage.py
[2025-07-16T19:23:41.842+0000] {processor.py:840} INFO - DAG(s) 'tutorial_objectstorage' retrieved from /mnt/c/Users/Shivam Gupta/OneDrive/Documents/Shivam_Developement/data_engineering/data_engineering_project/batch-etl-pyspark/.venv/lib/python3.12/site-packages/airflow/example_dags/tutorial_objectstorage.py
[2025-07-16T19:23:41.875+0000] {logging_mixin.py:188} INFO - [2025-07-16T19:23:41.874+0000] {dag.py:3096} INFO - Sync 1 DAGs
[2025-07-16T19:23:41.897+0000] {logging_mixin.py:188} INFO - [2025-07-16T19:23:41.895+0000] {dag.py:3954} INFO - Setting next_dagrun for tutorial_objectstorage to None, run_after=None
[2025-07-16T19:23:41.986+0000] {processor.py:183} INFO - Processing /mnt/c/Users/Shivam Gupta/OneDrive/Documents/Shivam_Developement/data_engineering/data_engineering_project/batch-etl-pyspark/.venv/lib/python3.12/site-packages/airflow/example_dags/tutorial_objectstorage.py took 0.177 seconds
[2025-07-16T19:25:04.324+0000] {processor.py:161} INFO - Started process (PID=13053) to work on /mnt/c/Users/Shivam Gupta/OneDrive/Documents/Shivam_Developement/data_engineering/data_engineering_project/batch-etl-pyspark/.venv/lib/python3.12/site-packages/airflow/example_dags/tutorial_objectstorage.py
[2025-07-16T19:25:04.325+0000] {processor.py:830} INFO - Processing file /mnt/c/Users/Shivam Gupta/OneDrive/Documents/Shivam_Developement/data_engineering/data_engineering_project/batch-etl-pyspark/.venv/lib/python3.12/site-packages/airflow/example_dags/tutorial_objectstorage.py for tasks to queue
[2025-07-16T19:25:04.327+0000] {logging_mixin.py:188} INFO - [2025-07-16T19:25:04.327+0000] {dagbag.py:545} INFO - Filling up the DagBag from /mnt/c/Users/Shivam Gupta/OneDrive/Documents/Shivam_Developement/data_engineering/data_engineering_project/batch-etl-pyspark/.venv/lib/python3.12/site-packages/airflow/example_dags/tutorial_objectstorage.py
[2025-07-16T19:25:04.351+0000] {processor.py:840} INFO - DAG(s) 'tutorial_objectstorage' retrieved from /mnt/c/Users/Shivam Gupta/OneDrive/Documents/Shivam_Developement/data_engineering/data_engineering_project/batch-etl-pyspark/.venv/lib/python3.12/site-packages/airflow/example_dags/tutorial_objectstorage.py
[2025-07-16T19:25:04.378+0000] {logging_mixin.py:188} INFO - [2025-07-16T19:25:04.378+0000] {dag.py:3096} INFO - Sync 1 DAGs
[2025-07-16T19:25:04.461+0000] {logging_mixin.py:188} INFO - [2025-07-16T19:25:04.460+0000] {dag.py:3954} INFO - Setting next_dagrun for tutorial_objectstorage to None, run_after=None
[2025-07-16T19:25:04.519+0000] {processor.py:183} INFO - Processing /mnt/c/Users/Shivam Gupta/OneDrive/Documents/Shivam_Developement/data_engineering/data_engineering_project/batch-etl-pyspark/.venv/lib/python3.12/site-packages/airflow/example_dags/tutorial_objectstorage.py took 0.202 seconds
[2025-07-16T19:26:24.156+0000] {processor.py:161} INFO - Started process (PID=13173) to work on /mnt/c/Users/Shivam Gupta/OneDrive/Documents/Shivam_Developement/data_engineering/data_engineering_project/batch-etl-pyspark/.venv/lib/python3.12/site-packages/airflow/example_dags/tutorial_objectstorage.py
[2025-07-16T19:26:24.160+0000] {processor.py:830} INFO - Processing file /mnt/c/Users/Shivam Gupta/OneDrive/Documents/Shivam_Developement/data_engineering/data_engineering_project/batch-etl-pyspark/.venv/lib/python3.12/site-packages/airflow/example_dags/tutorial_objectstorage.py for tasks to queue
[2025-07-16T19:26:24.167+0000] {logging_mixin.py:188} INFO - [2025-07-16T19:26:24.164+0000] {dagbag.py:545} INFO - Filling up the DagBag from /mnt/c/Users/Shivam Gupta/OneDrive/Documents/Shivam_Developement/data_engineering/data_engineering_project/batch-etl-pyspark/.venv/lib/python3.12/site-packages/airflow/example_dags/tutorial_objectstorage.py
[2025-07-16T19:26:24.210+0000] {processor.py:840} INFO - DAG(s) 'tutorial_objectstorage' retrieved from /mnt/c/Users/Shivam Gupta/OneDrive/Documents/Shivam_Developement/data_engineering/data_engineering_project/batch-etl-pyspark/.venv/lib/python3.12/site-packages/airflow/example_dags/tutorial_objectstorage.py
[2025-07-16T19:26:24.257+0000] {logging_mixin.py:188} INFO - [2025-07-16T19:26:24.255+0000] {dag.py:3096} INFO - Sync 1 DAGs
[2025-07-16T19:26:24.283+0000] {logging_mixin.py:188} INFO - [2025-07-16T19:26:24.281+0000] {dag.py:3954} INFO - Setting next_dagrun for tutorial_objectstorage to None, run_after=None
[2025-07-16T19:26:24.741+0000] {processor.py:183} INFO - Processing /mnt/c/Users/Shivam Gupta/OneDrive/Documents/Shivam_Developement/data_engineering/data_engineering_project/batch-etl-pyspark/.venv/lib/python3.12/site-packages/airflow/example_dags/tutorial_objectstorage.py took 0.604 seconds
[2025-07-16T19:27:06.564+0000] {processor.py:161} INFO - Started process (PID=13220) to work on /mnt/c/Users/Shivam Gupta/OneDrive/Documents/Shivam_Developement/data_engineering/data_engineering_project/batch-etl-pyspark/.venv/lib/python3.12/site-packages/airflow/example_dags/tutorial_objectstorage.py
[2025-07-16T19:27:06.566+0000] {processor.py:830} INFO - Processing file /mnt/c/Users/Shivam Gupta/OneDrive/Documents/Shivam_Developement/data_engineering/data_engineering_project/batch-etl-pyspark/.venv/lib/python3.12/site-packages/airflow/example_dags/tutorial_objectstorage.py for tasks to queue
[2025-07-16T19:27:06.568+0000] {logging_mixin.py:188} INFO - [2025-07-16T19:27:06.567+0000] {dagbag.py:545} INFO - Filling up the DagBag from /mnt/c/Users/Shivam Gupta/OneDrive/Documents/Shivam_Developement/data_engineering/data_engineering_project/batch-etl-pyspark/.venv/lib/python3.12/site-packages/airflow/example_dags/tutorial_objectstorage.py
[2025-07-16T19:27:06.590+0000] {processor.py:840} INFO - DAG(s) 'tutorial_objectstorage' retrieved from /mnt/c/Users/Shivam Gupta/OneDrive/Documents/Shivam_Developement/data_engineering/data_engineering_project/batch-etl-pyspark/.venv/lib/python3.12/site-packages/airflow/example_dags/tutorial_objectstorage.py
[2025-07-16T19:27:06.617+0000] {logging_mixin.py:188} INFO - [2025-07-16T19:27:06.616+0000] {dag.py:3096} INFO - Sync 1 DAGs
[2025-07-16T19:27:06.632+0000] {logging_mixin.py:188} INFO - [2025-07-16T19:27:06.631+0000] {dag.py:3954} INFO - Setting next_dagrun for tutorial_objectstorage to None, run_after=None
[2025-07-16T19:27:06.691+0000] {processor.py:183} INFO - Processing /mnt/c/Users/Shivam Gupta/OneDrive/Documents/Shivam_Developement/data_engineering/data_engineering_project/batch-etl-pyspark/.venv/lib/python3.12/site-packages/airflow/example_dags/tutorial_objectstorage.py took 0.138 seconds
[2025-07-16T19:28:21.455+0000] {processor.py:161} INFO - Started process (PID=13306) to work on /mnt/c/Users/Shivam Gupta/OneDrive/Documents/Shivam_Developement/data_engineering/data_engineering_project/batch-etl-pyspark/.venv/lib/python3.12/site-packages/airflow/example_dags/tutorial_objectstorage.py
[2025-07-16T19:28:21.457+0000] {processor.py:830} INFO - Processing file /mnt/c/Users/Shivam Gupta/OneDrive/Documents/Shivam_Developement/data_engineering/data_engineering_project/batch-etl-pyspark/.venv/lib/python3.12/site-packages/airflow/example_dags/tutorial_objectstorage.py for tasks to queue
[2025-07-16T19:28:21.460+0000] {logging_mixin.py:188} INFO - [2025-07-16T19:28:21.459+0000] {dagbag.py:545} INFO - Filling up the DagBag from /mnt/c/Users/Shivam Gupta/OneDrive/Documents/Shivam_Developement/data_engineering/data_engineering_project/batch-etl-pyspark/.venv/lib/python3.12/site-packages/airflow/example_dags/tutorial_objectstorage.py
[2025-07-16T19:28:21.479+0000] {processor.py:840} INFO - DAG(s) 'tutorial_objectstorage' retrieved from /mnt/c/Users/Shivam Gupta/OneDrive/Documents/Shivam_Developement/data_engineering/data_engineering_project/batch-etl-pyspark/.venv/lib/python3.12/site-packages/airflow/example_dags/tutorial_objectstorage.py
[2025-07-16T19:28:21.500+0000] {logging_mixin.py:188} INFO - [2025-07-16T19:28:21.499+0000] {dag.py:3096} INFO - Sync 1 DAGs
[2025-07-16T19:28:21.556+0000] {logging_mixin.py:188} INFO - [2025-07-16T19:28:21.549+0000] {dag.py:3954} INFO - Setting next_dagrun for tutorial_objectstorage to None, run_after=None
[2025-07-16T19:28:21.623+0000] {processor.py:183} INFO - Processing /mnt/c/Users/Shivam Gupta/OneDrive/Documents/Shivam_Developement/data_engineering/data_engineering_project/batch-etl-pyspark/.venv/lib/python3.12/site-packages/airflow/example_dags/tutorial_objectstorage.py took 0.178 seconds
[2025-07-16T19:29:32.388+0000] {processor.py:161} INFO - Started process (PID=13430) to work on /mnt/c/Users/Shivam Gupta/OneDrive/Documents/Shivam_Developement/data_engineering/data_engineering_project/batch-etl-pyspark/.venv/lib/python3.12/site-packages/airflow/example_dags/tutorial_objectstorage.py
[2025-07-16T19:29:32.389+0000] {processor.py:830} INFO - Processing file /mnt/c/Users/Shivam Gupta/OneDrive/Documents/Shivam_Developement/data_engineering/data_engineering_project/batch-etl-pyspark/.venv/lib/python3.12/site-packages/airflow/example_dags/tutorial_objectstorage.py for tasks to queue
[2025-07-16T19:29:32.391+0000] {logging_mixin.py:188} INFO - [2025-07-16T19:29:32.391+0000] {dagbag.py:545} INFO - Filling up the DagBag from /mnt/c/Users/Shivam Gupta/OneDrive/Documents/Shivam_Developement/data_engineering/data_engineering_project/batch-etl-pyspark/.venv/lib/python3.12/site-packages/airflow/example_dags/tutorial_objectstorage.py
[2025-07-16T19:29:32.404+0000] {processor.py:840} INFO - DAG(s) 'tutorial_objectstorage' retrieved from /mnt/c/Users/Shivam Gupta/OneDrive/Documents/Shivam_Developement/data_engineering/data_engineering_project/batch-etl-pyspark/.venv/lib/python3.12/site-packages/airflow/example_dags/tutorial_objectstorage.py
[2025-07-16T19:29:32.424+0000] {logging_mixin.py:188} INFO - [2025-07-16T19:29:32.423+0000] {dag.py:3096} INFO - Sync 1 DAGs
[2025-07-16T19:29:32.433+0000] {logging_mixin.py:188} INFO - [2025-07-16T19:29:32.432+0000] {dag.py:3954} INFO - Setting next_dagrun for tutorial_objectstorage to None, run_after=None
[2025-07-16T19:29:32.479+0000] {processor.py:183} INFO - Processing /mnt/c/Users/Shivam Gupta/OneDrive/Documents/Shivam_Developement/data_engineering/data_engineering_project/batch-etl-pyspark/.venv/lib/python3.12/site-packages/airflow/example_dags/tutorial_objectstorage.py took 0.098 seconds
[2025-07-16T19:30:50.711+0000] {processor.py:161} INFO - Started process (PID=13528) to work on /mnt/c/Users/Shivam Gupta/OneDrive/Documents/Shivam_Developement/data_engineering/data_engineering_project/batch-etl-pyspark/.venv/lib/python3.12/site-packages/airflow/example_dags/tutorial_objectstorage.py
[2025-07-16T19:30:50.712+0000] {processor.py:830} INFO - Processing file /mnt/c/Users/Shivam Gupta/OneDrive/Documents/Shivam_Developement/data_engineering/data_engineering_project/batch-etl-pyspark/.venv/lib/python3.12/site-packages/airflow/example_dags/tutorial_objectstorage.py for tasks to queue
[2025-07-16T19:30:50.715+0000] {logging_mixin.py:188} INFO - [2025-07-16T19:30:50.714+0000] {dagbag.py:545} INFO - Filling up the DagBag from /mnt/c/Users/Shivam Gupta/OneDrive/Documents/Shivam_Developement/data_engineering/data_engineering_project/batch-etl-pyspark/.venv/lib/python3.12/site-packages/airflow/example_dags/tutorial_objectstorage.py
[2025-07-16T19:30:50.737+0000] {processor.py:840} INFO - DAG(s) 'tutorial_objectstorage' retrieved from /mnt/c/Users/Shivam Gupta/OneDrive/Documents/Shivam_Developement/data_engineering/data_engineering_project/batch-etl-pyspark/.venv/lib/python3.12/site-packages/airflow/example_dags/tutorial_objectstorage.py
[2025-07-16T19:30:50.763+0000] {logging_mixin.py:188} INFO - [2025-07-16T19:30:50.762+0000] {dag.py:3096} INFO - Sync 1 DAGs
[2025-07-16T19:30:50.778+0000] {logging_mixin.py:188} INFO - [2025-07-16T19:30:50.776+0000] {dag.py:3954} INFO - Setting next_dagrun for tutorial_objectstorage to None, run_after=None
[2025-07-16T19:30:50.849+0000] {processor.py:183} INFO - Processing /mnt/c/Users/Shivam Gupta/OneDrive/Documents/Shivam_Developement/data_engineering/data_engineering_project/batch-etl-pyspark/.venv/lib/python3.12/site-packages/airflow/example_dags/tutorial_objectstorage.py took 0.150 seconds
[2025-07-16T19:32:02.424+0000] {processor.py:161} INFO - Started process (PID=13679) to work on /mnt/c/Users/Shivam Gupta/OneDrive/Documents/Shivam_Developement/data_engineering/data_engineering_project/batch-etl-pyspark/.venv/lib/python3.12/site-packages/airflow/example_dags/tutorial_objectstorage.py
[2025-07-16T19:32:02.438+0000] {processor.py:830} INFO - Processing file /mnt/c/Users/Shivam Gupta/OneDrive/Documents/Shivam_Developement/data_engineering/data_engineering_project/batch-etl-pyspark/.venv/lib/python3.12/site-packages/airflow/example_dags/tutorial_objectstorage.py for tasks to queue
[2025-07-16T19:32:02.442+0000] {logging_mixin.py:188} INFO - [2025-07-16T19:32:02.440+0000] {dagbag.py:545} INFO - Filling up the DagBag from /mnt/c/Users/Shivam Gupta/OneDrive/Documents/Shivam_Developement/data_engineering/data_engineering_project/batch-etl-pyspark/.venv/lib/python3.12/site-packages/airflow/example_dags/tutorial_objectstorage.py
[2025-07-16T19:32:02.472+0000] {processor.py:840} INFO - DAG(s) 'tutorial_objectstorage' retrieved from /mnt/c/Users/Shivam Gupta/OneDrive/Documents/Shivam_Developement/data_engineering/data_engineering_project/batch-etl-pyspark/.venv/lib/python3.12/site-packages/airflow/example_dags/tutorial_objectstorage.py
[2025-07-16T19:32:02.500+0000] {logging_mixin.py:188} INFO - [2025-07-16T19:32:02.499+0000] {dag.py:3096} INFO - Sync 1 DAGs
[2025-07-16T19:32:02.515+0000] {logging_mixin.py:188} INFO - [2025-07-16T19:32:02.513+0000] {dag.py:3954} INFO - Setting next_dagrun for tutorial_objectstorage to None, run_after=None
[2025-07-16T19:32:02.581+0000] {processor.py:183} INFO - Processing /mnt/c/Users/Shivam Gupta/OneDrive/Documents/Shivam_Developement/data_engineering/data_engineering_project/batch-etl-pyspark/.venv/lib/python3.12/site-packages/airflow/example_dags/tutorial_objectstorage.py took 0.168 seconds
[2025-07-16T19:33:07.512+0000] {processor.py:161} INFO - Started process (PID=13806) to work on /mnt/c/Users/Shivam Gupta/OneDrive/Documents/Shivam_Developement/data_engineering/data_engineering_project/batch-etl-pyspark/.venv/lib/python3.12/site-packages/airflow/example_dags/tutorial_objectstorage.py
[2025-07-16T19:33:07.513+0000] {processor.py:830} INFO - Processing file /mnt/c/Users/Shivam Gupta/OneDrive/Documents/Shivam_Developement/data_engineering/data_engineering_project/batch-etl-pyspark/.venv/lib/python3.12/site-packages/airflow/example_dags/tutorial_objectstorage.py for tasks to queue
[2025-07-16T19:33:07.515+0000] {logging_mixin.py:188} INFO - [2025-07-16T19:33:07.515+0000] {dagbag.py:545} INFO - Filling up the DagBag from /mnt/c/Users/Shivam Gupta/OneDrive/Documents/Shivam_Developement/data_engineering/data_engineering_project/batch-etl-pyspark/.venv/lib/python3.12/site-packages/airflow/example_dags/tutorial_objectstorage.py
[2025-07-16T19:33:07.528+0000] {processor.py:840} INFO - DAG(s) 'tutorial_objectstorage' retrieved from /mnt/c/Users/Shivam Gupta/OneDrive/Documents/Shivam_Developement/data_engineering/data_engineering_project/batch-etl-pyspark/.venv/lib/python3.12/site-packages/airflow/example_dags/tutorial_objectstorage.py
[2025-07-16T19:33:07.545+0000] {logging_mixin.py:188} INFO - [2025-07-16T19:33:07.545+0000] {dag.py:3096} INFO - Sync 1 DAGs
[2025-07-16T19:33:07.554+0000] {logging_mixin.py:188} INFO - [2025-07-16T19:33:07.554+0000] {dag.py:3954} INFO - Setting next_dagrun for tutorial_objectstorage to None, run_after=None
[2025-07-16T19:33:07.627+0000] {processor.py:183} INFO - Processing /mnt/c/Users/Shivam Gupta/OneDrive/Documents/Shivam_Developement/data_engineering/data_engineering_project/batch-etl-pyspark/.venv/lib/python3.12/site-packages/airflow/example_dags/tutorial_objectstorage.py took 0.122 seconds
[2025-07-16T19:34:22.640+0000] {processor.py:161} INFO - Started process (PID=13944) to work on /mnt/c/Users/Shivam Gupta/OneDrive/Documents/Shivam_Developement/data_engineering/data_engineering_project/batch-etl-pyspark/.venv/lib/python3.12/site-packages/airflow/example_dags/tutorial_objectstorage.py
[2025-07-16T19:34:22.642+0000] {processor.py:830} INFO - Processing file /mnt/c/Users/Shivam Gupta/OneDrive/Documents/Shivam_Developement/data_engineering/data_engineering_project/batch-etl-pyspark/.venv/lib/python3.12/site-packages/airflow/example_dags/tutorial_objectstorage.py for tasks to queue
[2025-07-16T19:34:22.645+0000] {logging_mixin.py:188} INFO - [2025-07-16T19:34:22.644+0000] {dagbag.py:545} INFO - Filling up the DagBag from /mnt/c/Users/Shivam Gupta/OneDrive/Documents/Shivam_Developement/data_engineering/data_engineering_project/batch-etl-pyspark/.venv/lib/python3.12/site-packages/airflow/example_dags/tutorial_objectstorage.py
[2025-07-16T19:34:22.670+0000] {processor.py:840} INFO - DAG(s) 'tutorial_objectstorage' retrieved from /mnt/c/Users/Shivam Gupta/OneDrive/Documents/Shivam_Developement/data_engineering/data_engineering_project/batch-etl-pyspark/.venv/lib/python3.12/site-packages/airflow/example_dags/tutorial_objectstorage.py
[2025-07-16T19:34:22.699+0000] {logging_mixin.py:188} INFO - [2025-07-16T19:34:22.698+0000] {dag.py:3096} INFO - Sync 1 DAGs
[2025-07-16T19:34:22.722+0000] {logging_mixin.py:188} INFO - [2025-07-16T19:34:22.720+0000] {dag.py:3954} INFO - Setting next_dagrun for tutorial_objectstorage to None, run_after=None
[2025-07-16T19:34:22.825+0000] {processor.py:183} INFO - Processing /mnt/c/Users/Shivam Gupta/OneDrive/Documents/Shivam_Developement/data_engineering/data_engineering_project/batch-etl-pyspark/.venv/lib/python3.12/site-packages/airflow/example_dags/tutorial_objectstorage.py took 0.197 seconds
[2025-07-16T19:35:35.916+0000] {processor.py:161} INFO - Started process (PID=14082) to work on /mnt/c/Users/Shivam Gupta/OneDrive/Documents/Shivam_Developement/data_engineering/data_engineering_project/batch-etl-pyspark/.venv/lib/python3.12/site-packages/airflow/example_dags/tutorial_objectstorage.py
[2025-07-16T19:35:35.919+0000] {processor.py:830} INFO - Processing file /mnt/c/Users/Shivam Gupta/OneDrive/Documents/Shivam_Developement/data_engineering/data_engineering_project/batch-etl-pyspark/.venv/lib/python3.12/site-packages/airflow/example_dags/tutorial_objectstorage.py for tasks to queue
[2025-07-16T19:35:35.923+0000] {logging_mixin.py:188} INFO - [2025-07-16T19:35:35.921+0000] {dagbag.py:545} INFO - Filling up the DagBag from /mnt/c/Users/Shivam Gupta/OneDrive/Documents/Shivam_Developement/data_engineering/data_engineering_project/batch-etl-pyspark/.venv/lib/python3.12/site-packages/airflow/example_dags/tutorial_objectstorage.py
[2025-07-16T19:35:35.945+0000] {processor.py:840} INFO - DAG(s) 'tutorial_objectstorage' retrieved from /mnt/c/Users/Shivam Gupta/OneDrive/Documents/Shivam_Developement/data_engineering/data_engineering_project/batch-etl-pyspark/.venv/lib/python3.12/site-packages/airflow/example_dags/tutorial_objectstorage.py
[2025-07-16T19:35:35.970+0000] {logging_mixin.py:188} INFO - [2025-07-16T19:35:35.969+0000] {dag.py:3096} INFO - Sync 1 DAGs
[2025-07-16T19:35:35.983+0000] {logging_mixin.py:188} INFO - [2025-07-16T19:35:35.982+0000] {dag.py:3954} INFO - Setting next_dagrun for tutorial_objectstorage to None, run_after=None
[2025-07-16T19:35:36.054+0000] {processor.py:183} INFO - Processing /mnt/c/Users/Shivam Gupta/OneDrive/Documents/Shivam_Developement/data_engineering/data_engineering_project/batch-etl-pyspark/.venv/lib/python3.12/site-packages/airflow/example_dags/tutorial_objectstorage.py took 0.149 seconds
[2025-07-16T19:48:46.209+0000] {processor.py:161} INFO - Started process (PID=15062) to work on /mnt/c/Users/Shivam Gupta/OneDrive/Documents/Shivam_Developement/data_engineering/data_engineering_project/batch-etl-pyspark/.venv/lib/python3.12/site-packages/airflow/example_dags/tutorial_objectstorage.py
[2025-07-16T19:48:46.213+0000] {processor.py:830} INFO - Processing file /mnt/c/Users/Shivam Gupta/OneDrive/Documents/Shivam_Developement/data_engineering/data_engineering_project/batch-etl-pyspark/.venv/lib/python3.12/site-packages/airflow/example_dags/tutorial_objectstorage.py for tasks to queue
[2025-07-16T19:48:46.221+0000] {logging_mixin.py:188} INFO - [2025-07-16T19:48:46.219+0000] {dagbag.py:545} INFO - Filling up the DagBag from /mnt/c/Users/Shivam Gupta/OneDrive/Documents/Shivam_Developement/data_engineering/data_engineering_project/batch-etl-pyspark/.venv/lib/python3.12/site-packages/airflow/example_dags/tutorial_objectstorage.py
[2025-07-16T19:48:46.441+0000] {processor.py:840} INFO - DAG(s) 'tutorial_objectstorage' retrieved from /mnt/c/Users/Shivam Gupta/OneDrive/Documents/Shivam_Developement/data_engineering/data_engineering_project/batch-etl-pyspark/.venv/lib/python3.12/site-packages/airflow/example_dags/tutorial_objectstorage.py
[2025-07-16T19:48:46.651+0000] {logging_mixin.py:188} INFO - [2025-07-16T19:48:46.650+0000] {dag.py:3096} INFO - Sync 1 DAGs
[2025-07-16T19:48:46.675+0000] {logging_mixin.py:188} INFO - [2025-07-16T19:48:46.674+0000] {dag.py:3954} INFO - Setting next_dagrun for tutorial_objectstorage to None, run_after=None
[2025-07-16T19:48:46.785+0000] {processor.py:183} INFO - Processing /mnt/c/Users/Shivam Gupta/OneDrive/Documents/Shivam_Developement/data_engineering/data_engineering_project/batch-etl-pyspark/.venv/lib/python3.12/site-packages/airflow/example_dags/tutorial_objectstorage.py took 0.603 seconds
[2025-07-16T19:50:06.096+0000] {processor.py:161} INFO - Started process (PID=15167) to work on /mnt/c/Users/Shivam Gupta/OneDrive/Documents/Shivam_Developement/data_engineering/data_engineering_project/batch-etl-pyspark/.venv/lib/python3.12/site-packages/airflow/example_dags/tutorial_objectstorage.py
[2025-07-16T19:50:06.100+0000] {processor.py:830} INFO - Processing file /mnt/c/Users/Shivam Gupta/OneDrive/Documents/Shivam_Developement/data_engineering/data_engineering_project/batch-etl-pyspark/.venv/lib/python3.12/site-packages/airflow/example_dags/tutorial_objectstorage.py for tasks to queue
[2025-07-16T19:50:06.105+0000] {logging_mixin.py:188} INFO - [2025-07-16T19:50:06.103+0000] {dagbag.py:545} INFO - Filling up the DagBag from /mnt/c/Users/Shivam Gupta/OneDrive/Documents/Shivam_Developement/data_engineering/data_engineering_project/batch-etl-pyspark/.venv/lib/python3.12/site-packages/airflow/example_dags/tutorial_objectstorage.py
[2025-07-16T19:50:06.151+0000] {processor.py:840} INFO - DAG(s) 'tutorial_objectstorage' retrieved from /mnt/c/Users/Shivam Gupta/OneDrive/Documents/Shivam_Developement/data_engineering/data_engineering_project/batch-etl-pyspark/.venv/lib/python3.12/site-packages/airflow/example_dags/tutorial_objectstorage.py
[2025-07-16T19:50:06.199+0000] {logging_mixin.py:188} INFO - [2025-07-16T19:50:06.198+0000] {dag.py:3096} INFO - Sync 1 DAGs
[2025-07-16T19:50:06.221+0000] {logging_mixin.py:188} INFO - [2025-07-16T19:50:06.219+0000] {dag.py:3954} INFO - Setting next_dagrun for tutorial_objectstorage to None, run_after=None
[2025-07-16T19:50:06.372+0000] {processor.py:183} INFO - Processing /mnt/c/Users/Shivam Gupta/OneDrive/Documents/Shivam_Developement/data_engineering/data_engineering_project/batch-etl-pyspark/.venv/lib/python3.12/site-packages/airflow/example_dags/tutorial_objectstorage.py took 0.298 seconds
[2025-07-16T19:51:33.901+0000] {processor.py:161} INFO - Started process (PID=15259) to work on /mnt/c/Users/Shivam Gupta/OneDrive/Documents/Shivam_Developement/data_engineering/data_engineering_project/batch-etl-pyspark/.venv/lib/python3.12/site-packages/airflow/example_dags/tutorial_objectstorage.py
[2025-07-16T19:51:33.902+0000] {processor.py:830} INFO - Processing file /mnt/c/Users/Shivam Gupta/OneDrive/Documents/Shivam_Developement/data_engineering/data_engineering_project/batch-etl-pyspark/.venv/lib/python3.12/site-packages/airflow/example_dags/tutorial_objectstorage.py for tasks to queue
[2025-07-16T19:51:33.905+0000] {logging_mixin.py:188} INFO - [2025-07-16T19:51:33.904+0000] {dagbag.py:545} INFO - Filling up the DagBag from /mnt/c/Users/Shivam Gupta/OneDrive/Documents/Shivam_Developement/data_engineering/data_engineering_project/batch-etl-pyspark/.venv/lib/python3.12/site-packages/airflow/example_dags/tutorial_objectstorage.py
[2025-07-16T19:51:33.926+0000] {processor.py:840} INFO - DAG(s) 'tutorial_objectstorage' retrieved from /mnt/c/Users/Shivam Gupta/OneDrive/Documents/Shivam_Developement/data_engineering/data_engineering_project/batch-etl-pyspark/.venv/lib/python3.12/site-packages/airflow/example_dags/tutorial_objectstorage.py
[2025-07-16T19:51:33.948+0000] {logging_mixin.py:188} INFO - [2025-07-16T19:51:33.947+0000] {dag.py:3096} INFO - Sync 1 DAGs
[2025-07-16T19:51:33.961+0000] {logging_mixin.py:188} INFO - [2025-07-16T19:51:33.960+0000] {dag.py:3954} INFO - Setting next_dagrun for tutorial_objectstorage to None, run_after=None
[2025-07-16T19:51:34.015+0000] {processor.py:183} INFO - Processing /mnt/c/Users/Shivam Gupta/OneDrive/Documents/Shivam_Developement/data_engineering/data_engineering_project/batch-etl-pyspark/.venv/lib/python3.12/site-packages/airflow/example_dags/tutorial_objectstorage.py took 0.127 seconds
[2025-07-16T19:53:02.161+0000] {processor.py:161} INFO - Started process (PID=15397) to work on /mnt/c/Users/Shivam Gupta/OneDrive/Documents/Shivam_Developement/data_engineering/data_engineering_project/batch-etl-pyspark/.venv/lib/python3.12/site-packages/airflow/example_dags/tutorial_objectstorage.py
[2025-07-16T19:53:02.163+0000] {processor.py:830} INFO - Processing file /mnt/c/Users/Shivam Gupta/OneDrive/Documents/Shivam_Developement/data_engineering/data_engineering_project/batch-etl-pyspark/.venv/lib/python3.12/site-packages/airflow/example_dags/tutorial_objectstorage.py for tasks to queue
[2025-07-16T19:53:02.167+0000] {logging_mixin.py:188} INFO - [2025-07-16T19:53:02.166+0000] {dagbag.py:545} INFO - Filling up the DagBag from /mnt/c/Users/Shivam Gupta/OneDrive/Documents/Shivam_Developement/data_engineering/data_engineering_project/batch-etl-pyspark/.venv/lib/python3.12/site-packages/airflow/example_dags/tutorial_objectstorage.py
[2025-07-16T19:53:02.210+0000] {processor.py:840} INFO - DAG(s) 'tutorial_objectstorage' retrieved from /mnt/c/Users/Shivam Gupta/OneDrive/Documents/Shivam_Developement/data_engineering/data_engineering_project/batch-etl-pyspark/.venv/lib/python3.12/site-packages/airflow/example_dags/tutorial_objectstorage.py
[2025-07-16T19:53:02.307+0000] {logging_mixin.py:188} INFO - [2025-07-16T19:53:02.305+0000] {dag.py:3096} INFO - Sync 1 DAGs
[2025-07-16T19:53:02.347+0000] {logging_mixin.py:188} INFO - [2025-07-16T19:53:02.343+0000] {dag.py:3954} INFO - Setting next_dagrun for tutorial_objectstorage to None, run_after=None
[2025-07-16T19:53:02.515+0000] {processor.py:183} INFO - Processing /mnt/c/Users/Shivam Gupta/OneDrive/Documents/Shivam_Developement/data_engineering/data_engineering_project/batch-etl-pyspark/.venv/lib/python3.12/site-packages/airflow/example_dags/tutorial_objectstorage.py took 0.367 seconds
[2025-07-16T19:53:53.370+0000] {processor.py:161} INFO - Started process (PID=15554) to work on /mnt/c/Users/Shivam Gupta/OneDrive/Documents/Shivam_Developement/data_engineering/data_engineering_project/batch-etl-pyspark/.venv/lib/python3.12/site-packages/airflow/example_dags/tutorial_objectstorage.py
[2025-07-16T19:53:53.373+0000] {processor.py:830} INFO - Processing file /mnt/c/Users/Shivam Gupta/OneDrive/Documents/Shivam_Developement/data_engineering/data_engineering_project/batch-etl-pyspark/.venv/lib/python3.12/site-packages/airflow/example_dags/tutorial_objectstorage.py for tasks to queue
[2025-07-16T19:53:53.377+0000] {logging_mixin.py:188} INFO - [2025-07-16T19:53:53.376+0000] {dagbag.py:545} INFO - Filling up the DagBag from /mnt/c/Users/Shivam Gupta/OneDrive/Documents/Shivam_Developement/data_engineering/data_engineering_project/batch-etl-pyspark/.venv/lib/python3.12/site-packages/airflow/example_dags/tutorial_objectstorage.py
[2025-07-16T19:53:53.415+0000] {processor.py:840} INFO - DAG(s) 'tutorial_objectstorage' retrieved from /mnt/c/Users/Shivam Gupta/OneDrive/Documents/Shivam_Developement/data_engineering/data_engineering_project/batch-etl-pyspark/.venv/lib/python3.12/site-packages/airflow/example_dags/tutorial_objectstorage.py
[2025-07-16T19:53:53.458+0000] {logging_mixin.py:188} INFO - [2025-07-16T19:53:53.456+0000] {dag.py:3096} INFO - Sync 1 DAGs
[2025-07-16T19:53:53.473+0000] {logging_mixin.py:188} INFO - [2025-07-16T19:53:53.472+0000] {dag.py:3954} INFO - Setting next_dagrun for tutorial_objectstorage to None, run_after=None
[2025-07-16T19:53:53.563+0000] {processor.py:183} INFO - Processing /mnt/c/Users/Shivam Gupta/OneDrive/Documents/Shivam_Developement/data_engineering/data_engineering_project/batch-etl-pyspark/.venv/lib/python3.12/site-packages/airflow/example_dags/tutorial_objectstorage.py took 0.211 seconds
