[2025-07-16T17:46:32.379+0000] {processor.py:161} INFO - Started process (PID=5743) to work on /mnt/c/Users/Shivam Gupta/OneDrive/Documents/Shivam_Developement/data_engineering/data_engineering_project/batch-etl-pyspark/.venv/lib/python3.12/site-packages/airflow/example_dags/tutorial.py
[2025-07-16T17:46:32.380+0000] {processor.py:830} INFO - Processing file /mnt/c/Users/Shivam Gupta/OneDrive/Documents/Shivam_Developement/data_engineering/data_engineering_project/batch-etl-pyspark/.venv/lib/python3.12/site-packages/airflow/example_dags/tutorial.py for tasks to queue
[2025-07-16T17:46:32.382+0000] {logging_mixin.py:188} INFO - [2025-07-16T17:46:32.381+0000] {dagbag.py:545} INFO - Filling up the DagBag from /mnt/c/Users/Shivam Gupta/OneDrive/Documents/Shivam_Developement/data_engineering/data_engineering_project/batch-etl-pyspark/.venv/lib/python3.12/site-packages/airflow/example_dags/tutorial.py
[2025-07-16T17:46:32.433+0000] {processor.py:840} INFO - DAG(s) 'tutorial' retrieved from /mnt/c/Users/Shivam Gupta/OneDrive/Documents/Shivam_Developement/data_engineering/data_engineering_project/batch-etl-pyspark/.venv/lib/python3.12/site-packages/airflow/example_dags/tutorial.py
[2025-07-16T17:46:33.116+0000] {logging_mixin.py:188} INFO - [2025-07-16T17:46:33.114+0000] {override.py:1930} INFO - Created Permission View: can read on DAG:tutorial
[2025-07-16T17:46:33.140+0000] {logging_mixin.py:188} INFO - [2025-07-16T17:46:33.139+0000] {override.py:1930} INFO - Created Permission View: can edit on DAG:tutorial
[2025-07-16T17:46:33.162+0000] {logging_mixin.py:188} INFO - [2025-07-16T17:46:33.161+0000] {override.py:1930} INFO - Created Permission View: can delete on DAG:tutorial
[2025-07-16T17:46:33.163+0000] {logging_mixin.py:188} INFO - [2025-07-16T17:46:33.163+0000] {dag.py:3096} INFO - Sync 1 DAGs
[2025-07-16T17:46:33.183+0000] {logging_mixin.py:188} INFO - [2025-07-16T17:46:33.182+0000] {dag.py:3118} INFO - Creating ORM DAG for tutorial
[2025-07-16T17:46:33.199+0000] {logging_mixin.py:188} INFO - [2025-07-16T17:46:33.199+0000] {dag.py:3954} INFO - Setting next_dagrun for tutorial to 2025-07-15 00:00:00+00:00, run_after=2025-07-16 00:00:00+00:00
[2025-07-16T17:46:33.251+0000] {processor.py:183} INFO - Processing /mnt/c/Users/Shivam Gupta/OneDrive/Documents/Shivam_Developement/data_engineering/data_engineering_project/batch-etl-pyspark/.venv/lib/python3.12/site-packages/airflow/example_dags/tutorial.py took 0.879 seconds
[2025-07-16T17:48:34.053+0000] {processor.py:161} INFO - Started process (PID=5820) to work on /mnt/c/Users/Shivam Gupta/OneDrive/Documents/Shivam_Developement/data_engineering/data_engineering_project/batch-etl-pyspark/.venv/lib/python3.12/site-packages/airflow/example_dags/tutorial.py
[2025-07-16T17:48:34.054+0000] {processor.py:830} INFO - Processing file /mnt/c/Users/Shivam Gupta/OneDrive/Documents/Shivam_Developement/data_engineering/data_engineering_project/batch-etl-pyspark/.venv/lib/python3.12/site-packages/airflow/example_dags/tutorial.py for tasks to queue
[2025-07-16T17:48:34.057+0000] {logging_mixin.py:188} INFO - [2025-07-16T17:48:34.056+0000] {dagbag.py:545} INFO - Filling up the DagBag from /mnt/c/Users/Shivam Gupta/OneDrive/Documents/Shivam_Developement/data_engineering/data_engineering_project/batch-etl-pyspark/.venv/lib/python3.12/site-packages/airflow/example_dags/tutorial.py
[2025-07-16T17:48:34.072+0000] {processor.py:840} INFO - DAG(s) 'tutorial' retrieved from /mnt/c/Users/Shivam Gupta/OneDrive/Documents/Shivam_Developement/data_engineering/data_engineering_project/batch-etl-pyspark/.venv/lib/python3.12/site-packages/airflow/example_dags/tutorial.py
[2025-07-16T17:48:34.093+0000] {logging_mixin.py:188} INFO - [2025-07-16T17:48:34.092+0000] {dag.py:3096} INFO - Sync 1 DAGs
[2025-07-16T17:48:34.118+0000] {logging_mixin.py:188} INFO - [2025-07-16T17:48:34.117+0000] {dag.py:3954} INFO - Setting next_dagrun for tutorial to 2025-07-15 00:00:00+00:00, run_after=2025-07-16 00:00:00+00:00
[2025-07-16T17:48:34.175+0000] {processor.py:183} INFO - Processing /mnt/c/Users/Shivam Gupta/OneDrive/Documents/Shivam_Developement/data_engineering/data_engineering_project/batch-etl-pyspark/.venv/lib/python3.12/site-packages/airflow/example_dags/tutorial.py took 0.132 seconds
[2025-07-16T17:49:33.369+0000] {processor.py:161} INFO - Started process (PID=5881) to work on /mnt/c/Users/Shivam Gupta/OneDrive/Documents/Shivam_Developement/data_engineering/data_engineering_project/batch-etl-pyspark/.venv/lib/python3.12/site-packages/airflow/example_dags/tutorial.py
[2025-07-16T17:49:33.370+0000] {processor.py:830} INFO - Processing file /mnt/c/Users/Shivam Gupta/OneDrive/Documents/Shivam_Developement/data_engineering/data_engineering_project/batch-etl-pyspark/.venv/lib/python3.12/site-packages/airflow/example_dags/tutorial.py for tasks to queue
[2025-07-16T17:49:33.372+0000] {logging_mixin.py:188} INFO - [2025-07-16T17:49:33.371+0000] {dagbag.py:545} INFO - Filling up the DagBag from /mnt/c/Users/Shivam Gupta/OneDrive/Documents/Shivam_Developement/data_engineering/data_engineering_project/batch-etl-pyspark/.venv/lib/python3.12/site-packages/airflow/example_dags/tutorial.py
[2025-07-16T17:49:33.384+0000] {processor.py:840} INFO - DAG(s) 'tutorial' retrieved from /mnt/c/Users/Shivam Gupta/OneDrive/Documents/Shivam_Developement/data_engineering/data_engineering_project/batch-etl-pyspark/.venv/lib/python3.12/site-packages/airflow/example_dags/tutorial.py
[2025-07-16T17:49:33.402+0000] {logging_mixin.py:188} INFO - [2025-07-16T17:49:33.401+0000] {dag.py:3096} INFO - Sync 1 DAGs
[2025-07-16T17:49:33.426+0000] {logging_mixin.py:188} INFO - [2025-07-16T17:49:33.425+0000] {dag.py:3954} INFO - Setting next_dagrun for tutorial to 2025-07-15 00:00:00+00:00, run_after=2025-07-16 00:00:00+00:00
[2025-07-16T17:49:33.485+0000] {processor.py:183} INFO - Processing /mnt/c/Users/Shivam Gupta/OneDrive/Documents/Shivam_Developement/data_engineering/data_engineering_project/batch-etl-pyspark/.venv/lib/python3.12/site-packages/airflow/example_dags/tutorial.py took 0.125 seconds
[2025-07-16T17:51:04.436+0000] {processor.py:161} INFO - Started process (PID=5971) to work on /mnt/c/Users/Shivam Gupta/OneDrive/Documents/Shivam_Developement/data_engineering/data_engineering_project/batch-etl-pyspark/.venv/lib/python3.12/site-packages/airflow/example_dags/tutorial.py
[2025-07-16T17:51:04.439+0000] {processor.py:830} INFO - Processing file /mnt/c/Users/Shivam Gupta/OneDrive/Documents/Shivam_Developement/data_engineering/data_engineering_project/batch-etl-pyspark/.venv/lib/python3.12/site-packages/airflow/example_dags/tutorial.py for tasks to queue
[2025-07-16T17:51:04.443+0000] {logging_mixin.py:188} INFO - [2025-07-16T17:51:04.441+0000] {dagbag.py:545} INFO - Filling up the DagBag from /mnt/c/Users/Shivam Gupta/OneDrive/Documents/Shivam_Developement/data_engineering/data_engineering_project/batch-etl-pyspark/.venv/lib/python3.12/site-packages/airflow/example_dags/tutorial.py
[2025-07-16T17:51:04.467+0000] {processor.py:840} INFO - DAG(s) 'tutorial' retrieved from /mnt/c/Users/Shivam Gupta/OneDrive/Documents/Shivam_Developement/data_engineering/data_engineering_project/batch-etl-pyspark/.venv/lib/python3.12/site-packages/airflow/example_dags/tutorial.py
[2025-07-16T17:51:04.512+0000] {logging_mixin.py:188} INFO - [2025-07-16T17:51:04.511+0000] {dag.py:3096} INFO - Sync 1 DAGs
[2025-07-16T17:51:04.555+0000] {logging_mixin.py:188} INFO - [2025-07-16T17:51:04.554+0000] {dag.py:3954} INFO - Setting next_dagrun for tutorial to 2025-07-15 00:00:00+00:00, run_after=2025-07-16 00:00:00+00:00
[2025-07-16T17:51:04.671+0000] {processor.py:183} INFO - Processing /mnt/c/Users/Shivam Gupta/OneDrive/Documents/Shivam_Developement/data_engineering/data_engineering_project/batch-etl-pyspark/.venv/lib/python3.12/site-packages/airflow/example_dags/tutorial.py took 0.244 seconds
[2025-07-16T17:52:11.560+0000] {processor.py:161} INFO - Started process (PID=6040) to work on /mnt/c/Users/Shivam Gupta/OneDrive/Documents/Shivam_Developement/data_engineering/data_engineering_project/batch-etl-pyspark/.venv/lib/python3.12/site-packages/airflow/example_dags/tutorial.py
[2025-07-16T17:52:11.562+0000] {processor.py:830} INFO - Processing file /mnt/c/Users/Shivam Gupta/OneDrive/Documents/Shivam_Developement/data_engineering/data_engineering_project/batch-etl-pyspark/.venv/lib/python3.12/site-packages/airflow/example_dags/tutorial.py for tasks to queue
[2025-07-16T17:52:11.564+0000] {logging_mixin.py:188} INFO - [2025-07-16T17:52:11.563+0000] {dagbag.py:545} INFO - Filling up the DagBag from /mnt/c/Users/Shivam Gupta/OneDrive/Documents/Shivam_Developement/data_engineering/data_engineering_project/batch-etl-pyspark/.venv/lib/python3.12/site-packages/airflow/example_dags/tutorial.py
[2025-07-16T17:52:11.580+0000] {processor.py:840} INFO - DAG(s) 'tutorial' retrieved from /mnt/c/Users/Shivam Gupta/OneDrive/Documents/Shivam_Developement/data_engineering/data_engineering_project/batch-etl-pyspark/.venv/lib/python3.12/site-packages/airflow/example_dags/tutorial.py
[2025-07-16T17:52:11.604+0000] {logging_mixin.py:188} INFO - [2025-07-16T17:52:11.603+0000] {dag.py:3096} INFO - Sync 1 DAGs
[2025-07-16T17:52:11.627+0000] {logging_mixin.py:188} INFO - [2025-07-16T17:52:11.626+0000] {dag.py:3954} INFO - Setting next_dagrun for tutorial to 2025-07-15 00:00:00+00:00, run_after=2025-07-16 00:00:00+00:00
[2025-07-16T17:52:11.690+0000] {processor.py:183} INFO - Processing /mnt/c/Users/Shivam Gupta/OneDrive/Documents/Shivam_Developement/data_engineering/data_engineering_project/batch-etl-pyspark/.venv/lib/python3.12/site-packages/airflow/example_dags/tutorial.py took 0.139 seconds
[2025-07-16T17:53:39.627+0000] {processor.py:161} INFO - Started process (PID=6127) to work on /mnt/c/Users/Shivam Gupta/OneDrive/Documents/Shivam_Developement/data_engineering/data_engineering_project/batch-etl-pyspark/.venv/lib/python3.12/site-packages/airflow/example_dags/tutorial.py
[2025-07-16T17:53:39.630+0000] {processor.py:830} INFO - Processing file /mnt/c/Users/Shivam Gupta/OneDrive/Documents/Shivam_Developement/data_engineering/data_engineering_project/batch-etl-pyspark/.venv/lib/python3.12/site-packages/airflow/example_dags/tutorial.py for tasks to queue
[2025-07-16T17:53:39.637+0000] {logging_mixin.py:188} INFO - [2025-07-16T17:53:39.635+0000] {dagbag.py:545} INFO - Filling up the DagBag from /mnt/c/Users/Shivam Gupta/OneDrive/Documents/Shivam_Developement/data_engineering/data_engineering_project/batch-etl-pyspark/.venv/lib/python3.12/site-packages/airflow/example_dags/tutorial.py
[2025-07-16T17:53:39.674+0000] {processor.py:840} INFO - DAG(s) 'tutorial' retrieved from /mnt/c/Users/Shivam Gupta/OneDrive/Documents/Shivam_Developement/data_engineering/data_engineering_project/batch-etl-pyspark/.venv/lib/python3.12/site-packages/airflow/example_dags/tutorial.py
[2025-07-16T17:53:39.713+0000] {logging_mixin.py:188} INFO - [2025-07-16T17:53:39.712+0000] {dag.py:3096} INFO - Sync 1 DAGs
[2025-07-16T17:53:39.746+0000] {logging_mixin.py:188} INFO - [2025-07-16T17:53:39.745+0000] {dag.py:3954} INFO - Setting next_dagrun for tutorial to 2025-07-15 00:00:00+00:00, run_after=2025-07-16 00:00:00+00:00
[2025-07-16T17:53:39.821+0000] {processor.py:183} INFO - Processing /mnt/c/Users/Shivam Gupta/OneDrive/Documents/Shivam_Developement/data_engineering/data_engineering_project/batch-etl-pyspark/.venv/lib/python3.12/site-packages/airflow/example_dags/tutorial.py took 0.232 seconds
[2025-07-16T17:55:10.629+0000] {processor.py:161} INFO - Started process (PID=6216) to work on /mnt/c/Users/Shivam Gupta/OneDrive/Documents/Shivam_Developement/data_engineering/data_engineering_project/batch-etl-pyspark/.venv/lib/python3.12/site-packages/airflow/example_dags/tutorial.py
[2025-07-16T17:55:10.631+0000] {processor.py:830} INFO - Processing file /mnt/c/Users/Shivam Gupta/OneDrive/Documents/Shivam_Developement/data_engineering/data_engineering_project/batch-etl-pyspark/.venv/lib/python3.12/site-packages/airflow/example_dags/tutorial.py for tasks to queue
[2025-07-16T17:55:10.633+0000] {logging_mixin.py:188} INFO - [2025-07-16T17:55:10.632+0000] {dagbag.py:545} INFO - Filling up the DagBag from /mnt/c/Users/Shivam Gupta/OneDrive/Documents/Shivam_Developement/data_engineering/data_engineering_project/batch-etl-pyspark/.venv/lib/python3.12/site-packages/airflow/example_dags/tutorial.py
[2025-07-16T17:55:10.648+0000] {processor.py:840} INFO - DAG(s) 'tutorial' retrieved from /mnt/c/Users/Shivam Gupta/OneDrive/Documents/Shivam_Developement/data_engineering/data_engineering_project/batch-etl-pyspark/.venv/lib/python3.12/site-packages/airflow/example_dags/tutorial.py
[2025-07-16T17:55:10.672+0000] {logging_mixin.py:188} INFO - [2025-07-16T17:55:10.671+0000] {dag.py:3096} INFO - Sync 1 DAGs
[2025-07-16T17:55:10.698+0000] {logging_mixin.py:188} INFO - [2025-07-16T17:55:10.697+0000] {dag.py:3954} INFO - Setting next_dagrun for tutorial to 2025-07-15 00:00:00+00:00, run_after=2025-07-16 00:00:00+00:00
[2025-07-16T17:55:10.759+0000] {processor.py:183} INFO - Processing /mnt/c/Users/Shivam Gupta/OneDrive/Documents/Shivam_Developement/data_engineering/data_engineering_project/batch-etl-pyspark/.venv/lib/python3.12/site-packages/airflow/example_dags/tutorial.py took 0.138 seconds
[2025-07-16T18:02:13.682+0000] {processor.py:161} INFO - Started process (PID=6724) to work on /mnt/c/Users/Shivam Gupta/OneDrive/Documents/Shivam_Developement/data_engineering/data_engineering_project/batch-etl-pyspark/.venv/lib/python3.12/site-packages/airflow/example_dags/tutorial.py
[2025-07-16T18:02:13.684+0000] {processor.py:830} INFO - Processing file /mnt/c/Users/Shivam Gupta/OneDrive/Documents/Shivam_Developement/data_engineering/data_engineering_project/batch-etl-pyspark/.venv/lib/python3.12/site-packages/airflow/example_dags/tutorial.py for tasks to queue
[2025-07-16T18:02:13.687+0000] {logging_mixin.py:188} INFO - [2025-07-16T18:02:13.686+0000] {dagbag.py:545} INFO - Filling up the DagBag from /mnt/c/Users/Shivam Gupta/OneDrive/Documents/Shivam_Developement/data_engineering/data_engineering_project/batch-etl-pyspark/.venv/lib/python3.12/site-packages/airflow/example_dags/tutorial.py
[2025-07-16T18:02:13.766+0000] {processor.py:840} INFO - DAG(s) 'tutorial' retrieved from /mnt/c/Users/Shivam Gupta/OneDrive/Documents/Shivam_Developement/data_engineering/data_engineering_project/batch-etl-pyspark/.venv/lib/python3.12/site-packages/airflow/example_dags/tutorial.py
[2025-07-16T18:02:13.913+0000] {logging_mixin.py:188} INFO - [2025-07-16T18:02:13.913+0000] {dag.py:3096} INFO - Sync 1 DAGs
[2025-07-16T18:02:13.941+0000] {logging_mixin.py:188} INFO - [2025-07-16T18:02:13.940+0000] {dag.py:3954} INFO - Setting next_dagrun for tutorial to 2025-07-15 00:00:00+00:00, run_after=2025-07-16 00:00:00+00:00
[2025-07-16T18:02:14.042+0000] {processor.py:183} INFO - Processing /mnt/c/Users/Shivam Gupta/OneDrive/Documents/Shivam_Developement/data_engineering/data_engineering_project/batch-etl-pyspark/.venv/lib/python3.12/site-packages/airflow/example_dags/tutorial.py took 0.368 seconds
[2025-07-16T18:03:37.412+0000] {processor.py:161} INFO - Started process (PID=6791) to work on /mnt/c/Users/Shivam Gupta/OneDrive/Documents/Shivam_Developement/data_engineering/data_engineering_project/batch-etl-pyspark/.venv/lib/python3.12/site-packages/airflow/example_dags/tutorial.py
[2025-07-16T18:03:37.415+0000] {processor.py:830} INFO - Processing file /mnt/c/Users/Shivam Gupta/OneDrive/Documents/Shivam_Developement/data_engineering/data_engineering_project/batch-etl-pyspark/.venv/lib/python3.12/site-packages/airflow/example_dags/tutorial.py for tasks to queue
[2025-07-16T18:03:37.418+0000] {logging_mixin.py:188} INFO - [2025-07-16T18:03:37.417+0000] {dagbag.py:545} INFO - Filling up the DagBag from /mnt/c/Users/Shivam Gupta/OneDrive/Documents/Shivam_Developement/data_engineering/data_engineering_project/batch-etl-pyspark/.venv/lib/python3.12/site-packages/airflow/example_dags/tutorial.py
[2025-07-16T18:03:37.441+0000] {processor.py:840} INFO - DAG(s) 'tutorial' retrieved from /mnt/c/Users/Shivam Gupta/OneDrive/Documents/Shivam_Developement/data_engineering/data_engineering_project/batch-etl-pyspark/.venv/lib/python3.12/site-packages/airflow/example_dags/tutorial.py
[2025-07-16T18:03:37.470+0000] {logging_mixin.py:188} INFO - [2025-07-16T18:03:37.469+0000] {dag.py:3096} INFO - Sync 1 DAGs
[2025-07-16T18:03:37.503+0000] {logging_mixin.py:188} INFO - [2025-07-16T18:03:37.502+0000] {dag.py:3954} INFO - Setting next_dagrun for tutorial to 2025-07-15 00:00:00+00:00, run_after=2025-07-16 00:00:00+00:00
[2025-07-16T18:03:37.589+0000] {processor.py:183} INFO - Processing /mnt/c/Users/Shivam Gupta/OneDrive/Documents/Shivam_Developement/data_engineering/data_engineering_project/batch-etl-pyspark/.venv/lib/python3.12/site-packages/airflow/example_dags/tutorial.py took 0.187 seconds
[2025-07-16T18:38:05.852+0000] {processor.py:161} INFO - Started process (PID=8671) to work on /mnt/c/Users/Shivam Gupta/OneDrive/Documents/Shivam_Developement/data_engineering/data_engineering_project/batch-etl-pyspark/.venv/lib/python3.12/site-packages/airflow/example_dags/tutorial.py
[2025-07-16T18:38:05.855+0000] {processor.py:830} INFO - Processing file /mnt/c/Users/Shivam Gupta/OneDrive/Documents/Shivam_Developement/data_engineering/data_engineering_project/batch-etl-pyspark/.venv/lib/python3.12/site-packages/airflow/example_dags/tutorial.py for tasks to queue
[2025-07-16T18:38:05.860+0000] {logging_mixin.py:188} INFO - [2025-07-16T18:38:05.858+0000] {dagbag.py:545} INFO - Filling up the DagBag from /mnt/c/Users/Shivam Gupta/OneDrive/Documents/Shivam_Developement/data_engineering/data_engineering_project/batch-etl-pyspark/.venv/lib/python3.12/site-packages/airflow/example_dags/tutorial.py
[2025-07-16T18:38:06.055+0000] {processor.py:840} INFO - DAG(s) 'tutorial' retrieved from /mnt/c/Users/Shivam Gupta/OneDrive/Documents/Shivam_Developement/data_engineering/data_engineering_project/batch-etl-pyspark/.venv/lib/python3.12/site-packages/airflow/example_dags/tutorial.py
[2025-07-16T18:38:06.294+0000] {logging_mixin.py:188} INFO - [2025-07-16T18:38:06.292+0000] {dag.py:3096} INFO - Sync 1 DAGs
[2025-07-16T18:38:06.360+0000] {logging_mixin.py:188} INFO - [2025-07-16T18:38:06.359+0000] {dag.py:3954} INFO - Setting next_dagrun for tutorial to 2025-07-15 00:00:00+00:00, run_after=2025-07-16 00:00:00+00:00
[2025-07-16T18:38:06.482+0000] {processor.py:183} INFO - Processing /mnt/c/Users/Shivam Gupta/OneDrive/Documents/Shivam_Developement/data_engineering/data_engineering_project/batch-etl-pyspark/.venv/lib/python3.12/site-packages/airflow/example_dags/tutorial.py took 0.646 seconds
[2025-07-16T18:52:13.292+0000] {processor.py:161} INFO - Started process (PID=9371) to work on /mnt/c/Users/Shivam Gupta/OneDrive/Documents/Shivam_Developement/data_engineering/data_engineering_project/batch-etl-pyspark/.venv/lib/python3.12/site-packages/airflow/example_dags/tutorial.py
[2025-07-16T18:52:13.295+0000] {processor.py:830} INFO - Processing file /mnt/c/Users/Shivam Gupta/OneDrive/Documents/Shivam_Developement/data_engineering/data_engineering_project/batch-etl-pyspark/.venv/lib/python3.12/site-packages/airflow/example_dags/tutorial.py for tasks to queue
[2025-07-16T18:52:13.298+0000] {logging_mixin.py:188} INFO - [2025-07-16T18:52:13.297+0000] {dagbag.py:545} INFO - Filling up the DagBag from /mnt/c/Users/Shivam Gupta/OneDrive/Documents/Shivam_Developement/data_engineering/data_engineering_project/batch-etl-pyspark/.venv/lib/python3.12/site-packages/airflow/example_dags/tutorial.py
[2025-07-16T18:52:13.419+0000] {processor.py:840} INFO - DAG(s) 'tutorial' retrieved from /mnt/c/Users/Shivam Gupta/OneDrive/Documents/Shivam_Developement/data_engineering/data_engineering_project/batch-etl-pyspark/.venv/lib/python3.12/site-packages/airflow/example_dags/tutorial.py
[2025-07-16T18:52:13.558+0000] {logging_mixin.py:188} INFO - [2025-07-16T18:52:13.557+0000] {dag.py:3096} INFO - Sync 1 DAGs
[2025-07-16T18:52:13.600+0000] {logging_mixin.py:188} INFO - [2025-07-16T18:52:13.599+0000] {dag.py:3954} INFO - Setting next_dagrun for tutorial to 2025-07-15 00:00:00+00:00, run_after=2025-07-16 00:00:00+00:00
[2025-07-16T18:52:13.686+0000] {processor.py:183} INFO - Processing /mnt/c/Users/Shivam Gupta/OneDrive/Documents/Shivam_Developement/data_engineering/data_engineering_project/batch-etl-pyspark/.venv/lib/python3.12/site-packages/airflow/example_dags/tutorial.py took 0.408 seconds
[2025-07-16T18:53:27.583+0000] {processor.py:161} INFO - Started process (PID=9438) to work on /mnt/c/Users/Shivam Gupta/OneDrive/Documents/Shivam_Developement/data_engineering/data_engineering_project/batch-etl-pyspark/.venv/lib/python3.12/site-packages/airflow/example_dags/tutorial.py
[2025-07-16T18:53:27.584+0000] {processor.py:830} INFO - Processing file /mnt/c/Users/Shivam Gupta/OneDrive/Documents/Shivam_Developement/data_engineering/data_engineering_project/batch-etl-pyspark/.venv/lib/python3.12/site-packages/airflow/example_dags/tutorial.py for tasks to queue
[2025-07-16T18:53:27.587+0000] {logging_mixin.py:188} INFO - [2025-07-16T18:53:27.586+0000] {dagbag.py:545} INFO - Filling up the DagBag from /mnt/c/Users/Shivam Gupta/OneDrive/Documents/Shivam_Developement/data_engineering/data_engineering_project/batch-etl-pyspark/.venv/lib/python3.12/site-packages/airflow/example_dags/tutorial.py
[2025-07-16T18:53:27.600+0000] {processor.py:840} INFO - DAG(s) 'tutorial' retrieved from /mnt/c/Users/Shivam Gupta/OneDrive/Documents/Shivam_Developement/data_engineering/data_engineering_project/batch-etl-pyspark/.venv/lib/python3.12/site-packages/airflow/example_dags/tutorial.py
[2025-07-16T18:53:27.621+0000] {logging_mixin.py:188} INFO - [2025-07-16T18:53:27.621+0000] {dag.py:3096} INFO - Sync 1 DAGs
[2025-07-16T18:53:27.640+0000] {logging_mixin.py:188} INFO - [2025-07-16T18:53:27.640+0000] {dag.py:3954} INFO - Setting next_dagrun for tutorial to 2025-07-15 00:00:00+00:00, run_after=2025-07-16 00:00:00+00:00
[2025-07-16T18:53:27.688+0000] {processor.py:183} INFO - Processing /mnt/c/Users/Shivam Gupta/OneDrive/Documents/Shivam_Developement/data_engineering/data_engineering_project/batch-etl-pyspark/.venv/lib/python3.12/site-packages/airflow/example_dags/tutorial.py took 0.113 seconds
[2025-07-16T18:54:50.272+0000] {processor.py:161} INFO - Started process (PID=9580) to work on /mnt/c/Users/Shivam Gupta/OneDrive/Documents/Shivam_Developement/data_engineering/data_engineering_project/batch-etl-pyspark/.venv/lib/python3.12/site-packages/airflow/example_dags/tutorial.py
[2025-07-16T18:54:50.274+0000] {processor.py:830} INFO - Processing file /mnt/c/Users/Shivam Gupta/OneDrive/Documents/Shivam_Developement/data_engineering/data_engineering_project/batch-etl-pyspark/.venv/lib/python3.12/site-packages/airflow/example_dags/tutorial.py for tasks to queue
[2025-07-16T18:54:50.277+0000] {logging_mixin.py:188} INFO - [2025-07-16T18:54:50.276+0000] {dagbag.py:545} INFO - Filling up the DagBag from /mnt/c/Users/Shivam Gupta/OneDrive/Documents/Shivam_Developement/data_engineering/data_engineering_project/batch-etl-pyspark/.venv/lib/python3.12/site-packages/airflow/example_dags/tutorial.py
[2025-07-16T18:54:50.296+0000] {processor.py:840} INFO - DAG(s) 'tutorial' retrieved from /mnt/c/Users/Shivam Gupta/OneDrive/Documents/Shivam_Developement/data_engineering/data_engineering_project/batch-etl-pyspark/.venv/lib/python3.12/site-packages/airflow/example_dags/tutorial.py
[2025-07-16T18:54:50.321+0000] {logging_mixin.py:188} INFO - [2025-07-16T18:54:50.320+0000] {dag.py:3096} INFO - Sync 1 DAGs
[2025-07-16T18:54:50.345+0000] {logging_mixin.py:188} INFO - [2025-07-16T18:54:50.344+0000] {dag.py:3954} INFO - Setting next_dagrun for tutorial to 2025-07-15 00:00:00+00:00, run_after=2025-07-16 00:00:00+00:00
[2025-07-16T18:54:50.470+0000] {processor.py:183} INFO - Processing /mnt/c/Users/Shivam Gupta/OneDrive/Documents/Shivam_Developement/data_engineering/data_engineering_project/batch-etl-pyspark/.venv/lib/python3.12/site-packages/airflow/example_dags/tutorial.py took 0.209 seconds
[2025-07-16T18:56:06.955+0000] {processor.py:161} INFO - Started process (PID=9813) to work on /mnt/c/Users/Shivam Gupta/OneDrive/Documents/Shivam_Developement/data_engineering/data_engineering_project/batch-etl-pyspark/.venv/lib/python3.12/site-packages/airflow/example_dags/tutorial.py
[2025-07-16T18:56:06.956+0000] {processor.py:830} INFO - Processing file /mnt/c/Users/Shivam Gupta/OneDrive/Documents/Shivam_Developement/data_engineering/data_engineering_project/batch-etl-pyspark/.venv/lib/python3.12/site-packages/airflow/example_dags/tutorial.py for tasks to queue
[2025-07-16T18:56:06.958+0000] {logging_mixin.py:188} INFO - [2025-07-16T18:56:06.957+0000] {dagbag.py:545} INFO - Filling up the DagBag from /mnt/c/Users/Shivam Gupta/OneDrive/Documents/Shivam_Developement/data_engineering/data_engineering_project/batch-etl-pyspark/.venv/lib/python3.12/site-packages/airflow/example_dags/tutorial.py
[2025-07-16T18:56:06.972+0000] {processor.py:840} INFO - DAG(s) 'tutorial' retrieved from /mnt/c/Users/Shivam Gupta/OneDrive/Documents/Shivam_Developement/data_engineering/data_engineering_project/batch-etl-pyspark/.venv/lib/python3.12/site-packages/airflow/example_dags/tutorial.py
[2025-07-16T18:56:06.992+0000] {logging_mixin.py:188} INFO - [2025-07-16T18:56:06.992+0000] {dag.py:3096} INFO - Sync 1 DAGs
[2025-07-16T18:56:07.019+0000] {logging_mixin.py:188} INFO - [2025-07-16T18:56:07.018+0000] {dag.py:3954} INFO - Setting next_dagrun for tutorial to 2025-07-15 00:00:00+00:00, run_after=2025-07-16 00:00:00+00:00
[2025-07-16T18:56:07.100+0000] {processor.py:183} INFO - Processing /mnt/c/Users/Shivam Gupta/OneDrive/Documents/Shivam_Developement/data_engineering/data_engineering_project/batch-etl-pyspark/.venv/lib/python3.12/site-packages/airflow/example_dags/tutorial.py took 0.153 seconds
[2025-07-16T18:57:23.090+0000] {processor.py:161} INFO - Started process (PID=9968) to work on /mnt/c/Users/Shivam Gupta/OneDrive/Documents/Shivam_Developement/data_engineering/data_engineering_project/batch-etl-pyspark/.venv/lib/python3.12/site-packages/airflow/example_dags/tutorial.py
[2025-07-16T18:57:23.093+0000] {processor.py:830} INFO - Processing file /mnt/c/Users/Shivam Gupta/OneDrive/Documents/Shivam_Developement/data_engineering/data_engineering_project/batch-etl-pyspark/.venv/lib/python3.12/site-packages/airflow/example_dags/tutorial.py for tasks to queue
[2025-07-16T18:57:23.097+0000] {logging_mixin.py:188} INFO - [2025-07-16T18:57:23.095+0000] {dagbag.py:545} INFO - Filling up the DagBag from /mnt/c/Users/Shivam Gupta/OneDrive/Documents/Shivam_Developement/data_engineering/data_engineering_project/batch-etl-pyspark/.venv/lib/python3.12/site-packages/airflow/example_dags/tutorial.py
[2025-07-16T18:57:23.134+0000] {processor.py:840} INFO - DAG(s) 'tutorial' retrieved from /mnt/c/Users/Shivam Gupta/OneDrive/Documents/Shivam_Developement/data_engineering/data_engineering_project/batch-etl-pyspark/.venv/lib/python3.12/site-packages/airflow/example_dags/tutorial.py
[2025-07-16T18:57:23.175+0000] {logging_mixin.py:188} INFO - [2025-07-16T18:57:23.174+0000] {dag.py:3096} INFO - Sync 1 DAGs
[2025-07-16T18:57:23.216+0000] {logging_mixin.py:188} INFO - [2025-07-16T18:57:23.215+0000] {dag.py:3954} INFO - Setting next_dagrun for tutorial to 2025-07-15 00:00:00+00:00, run_after=2025-07-16 00:00:00+00:00
[2025-07-16T18:57:23.306+0000] {processor.py:183} INFO - Processing /mnt/c/Users/Shivam Gupta/OneDrive/Documents/Shivam_Developement/data_engineering/data_engineering_project/batch-etl-pyspark/.venv/lib/python3.12/site-packages/airflow/example_dags/tutorial.py took 0.234 seconds
[2025-07-16T18:58:44.934+0000] {processor.py:161} INFO - Started process (PID=10105) to work on /mnt/c/Users/Shivam Gupta/OneDrive/Documents/Shivam_Developement/data_engineering/data_engineering_project/batch-etl-pyspark/.venv/lib/python3.12/site-packages/airflow/example_dags/tutorial.py
[2025-07-16T18:58:44.935+0000] {processor.py:830} INFO - Processing file /mnt/c/Users/Shivam Gupta/OneDrive/Documents/Shivam_Developement/data_engineering/data_engineering_project/batch-etl-pyspark/.venv/lib/python3.12/site-packages/airflow/example_dags/tutorial.py for tasks to queue
[2025-07-16T18:58:44.938+0000] {logging_mixin.py:188} INFO - [2025-07-16T18:58:44.937+0000] {dagbag.py:545} INFO - Filling up the DagBag from /mnt/c/Users/Shivam Gupta/OneDrive/Documents/Shivam_Developement/data_engineering/data_engineering_project/batch-etl-pyspark/.venv/lib/python3.12/site-packages/airflow/example_dags/tutorial.py
[2025-07-16T18:58:44.961+0000] {processor.py:840} INFO - DAG(s) 'tutorial' retrieved from /mnt/c/Users/Shivam Gupta/OneDrive/Documents/Shivam_Developement/data_engineering/data_engineering_project/batch-etl-pyspark/.venv/lib/python3.12/site-packages/airflow/example_dags/tutorial.py
[2025-07-16T18:58:44.990+0000] {logging_mixin.py:188} INFO - [2025-07-16T18:58:44.989+0000] {dag.py:3096} INFO - Sync 1 DAGs
[2025-07-16T18:58:45.026+0000] {logging_mixin.py:188} INFO - [2025-07-16T18:58:45.025+0000] {dag.py:3954} INFO - Setting next_dagrun for tutorial to 2025-07-15 00:00:00+00:00, run_after=2025-07-16 00:00:00+00:00
[2025-07-16T18:58:45.129+0000] {processor.py:183} INFO - Processing /mnt/c/Users/Shivam Gupta/OneDrive/Documents/Shivam_Developement/data_engineering/data_engineering_project/batch-etl-pyspark/.venv/lib/python3.12/site-packages/airflow/example_dags/tutorial.py took 0.206 seconds
[2025-07-16T19:00:15.021+0000] {processor.py:161} INFO - Started process (PID=10306) to work on /mnt/c/Users/Shivam Gupta/OneDrive/Documents/Shivam_Developement/data_engineering/data_engineering_project/batch-etl-pyspark/.venv/lib/python3.12/site-packages/airflow/example_dags/tutorial.py
[2025-07-16T19:00:15.023+0000] {processor.py:830} INFO - Processing file /mnt/c/Users/Shivam Gupta/OneDrive/Documents/Shivam_Developement/data_engineering/data_engineering_project/batch-etl-pyspark/.venv/lib/python3.12/site-packages/airflow/example_dags/tutorial.py for tasks to queue
[2025-07-16T19:00:15.026+0000] {logging_mixin.py:188} INFO - [2025-07-16T19:00:15.025+0000] {dagbag.py:545} INFO - Filling up the DagBag from /mnt/c/Users/Shivam Gupta/OneDrive/Documents/Shivam_Developement/data_engineering/data_engineering_project/batch-etl-pyspark/.venv/lib/python3.12/site-packages/airflow/example_dags/tutorial.py
[2025-07-16T19:00:15.048+0000] {processor.py:840} INFO - DAG(s) 'tutorial' retrieved from /mnt/c/Users/Shivam Gupta/OneDrive/Documents/Shivam_Developement/data_engineering/data_engineering_project/batch-etl-pyspark/.venv/lib/python3.12/site-packages/airflow/example_dags/tutorial.py
[2025-07-16T19:00:15.076+0000] {logging_mixin.py:188} INFO - [2025-07-16T19:00:15.075+0000] {dag.py:3096} INFO - Sync 1 DAGs
[2025-07-16T19:00:15.103+0000] {logging_mixin.py:188} INFO - [2025-07-16T19:00:15.103+0000] {dag.py:3954} INFO - Setting next_dagrun for tutorial to 2025-07-15 00:00:00+00:00, run_after=2025-07-16 00:00:00+00:00
[2025-07-16T19:00:15.156+0000] {processor.py:183} INFO - Processing /mnt/c/Users/Shivam Gupta/OneDrive/Documents/Shivam_Developement/data_engineering/data_engineering_project/batch-etl-pyspark/.venv/lib/python3.12/site-packages/airflow/example_dags/tutorial.py took 0.145 seconds
[2025-07-16T19:01:45.870+0000] {processor.py:161} INFO - Started process (PID=10496) to work on /mnt/c/Users/Shivam Gupta/OneDrive/Documents/Shivam_Developement/data_engineering/data_engineering_project/batch-etl-pyspark/.venv/lib/python3.12/site-packages/airflow/example_dags/tutorial.py
[2025-07-16T19:01:45.872+0000] {processor.py:830} INFO - Processing file /mnt/c/Users/Shivam Gupta/OneDrive/Documents/Shivam_Developement/data_engineering/data_engineering_project/batch-etl-pyspark/.venv/lib/python3.12/site-packages/airflow/example_dags/tutorial.py for tasks to queue
[2025-07-16T19:01:45.876+0000] {logging_mixin.py:188} INFO - [2025-07-16T19:01:45.875+0000] {dagbag.py:545} INFO - Filling up the DagBag from /mnt/c/Users/Shivam Gupta/OneDrive/Documents/Shivam_Developement/data_engineering/data_engineering_project/batch-etl-pyspark/.venv/lib/python3.12/site-packages/airflow/example_dags/tutorial.py
[2025-07-16T19:01:45.899+0000] {processor.py:840} INFO - DAG(s) 'tutorial' retrieved from /mnt/c/Users/Shivam Gupta/OneDrive/Documents/Shivam_Developement/data_engineering/data_engineering_project/batch-etl-pyspark/.venv/lib/python3.12/site-packages/airflow/example_dags/tutorial.py
[2025-07-16T19:01:45.929+0000] {logging_mixin.py:188} INFO - [2025-07-16T19:01:45.928+0000] {dag.py:3096} INFO - Sync 1 DAGs
[2025-07-16T19:01:45.968+0000] {logging_mixin.py:188} INFO - [2025-07-16T19:01:45.967+0000] {dag.py:3954} INFO - Setting next_dagrun for tutorial to 2025-07-15 00:00:00+00:00, run_after=2025-07-16 00:00:00+00:00
[2025-07-16T19:01:46.036+0000] {processor.py:183} INFO - Processing /mnt/c/Users/Shivam Gupta/OneDrive/Documents/Shivam_Developement/data_engineering/data_engineering_project/batch-etl-pyspark/.venv/lib/python3.12/site-packages/airflow/example_dags/tutorial.py took 0.180 seconds
[2025-07-16T19:03:18.257+0000] {processor.py:161} INFO - Started process (PID=10676) to work on /mnt/c/Users/Shivam Gupta/OneDrive/Documents/Shivam_Developement/data_engineering/data_engineering_project/batch-etl-pyspark/.venv/lib/python3.12/site-packages/airflow/example_dags/tutorial.py
[2025-07-16T19:03:18.259+0000] {processor.py:830} INFO - Processing file /mnt/c/Users/Shivam Gupta/OneDrive/Documents/Shivam_Developement/data_engineering/data_engineering_project/batch-etl-pyspark/.venv/lib/python3.12/site-packages/airflow/example_dags/tutorial.py for tasks to queue
[2025-07-16T19:03:18.263+0000] {logging_mixin.py:188} INFO - [2025-07-16T19:03:18.261+0000] {dagbag.py:545} INFO - Filling up the DagBag from /mnt/c/Users/Shivam Gupta/OneDrive/Documents/Shivam_Developement/data_engineering/data_engineering_project/batch-etl-pyspark/.venv/lib/python3.12/site-packages/airflow/example_dags/tutorial.py
[2025-07-16T19:03:18.280+0000] {processor.py:840} INFO - DAG(s) 'tutorial' retrieved from /mnt/c/Users/Shivam Gupta/OneDrive/Documents/Shivam_Developement/data_engineering/data_engineering_project/batch-etl-pyspark/.venv/lib/python3.12/site-packages/airflow/example_dags/tutorial.py
[2025-07-16T19:03:18.312+0000] {logging_mixin.py:188} INFO - [2025-07-16T19:03:18.311+0000] {dag.py:3096} INFO - Sync 1 DAGs
[2025-07-16T19:03:18.346+0000] {logging_mixin.py:188} INFO - [2025-07-16T19:03:18.345+0000] {dag.py:3954} INFO - Setting next_dagrun for tutorial to 2025-07-15 00:00:00+00:00, run_after=2025-07-16 00:00:00+00:00
[2025-07-16T19:03:18.430+0000] {processor.py:183} INFO - Processing /mnt/c/Users/Shivam Gupta/OneDrive/Documents/Shivam_Developement/data_engineering/data_engineering_project/batch-etl-pyspark/.venv/lib/python3.12/site-packages/airflow/example_dags/tutorial.py took 0.186 seconds
[2025-07-16T19:04:46.245+0000] {processor.py:161} INFO - Started process (PID=10823) to work on /mnt/c/Users/Shivam Gupta/OneDrive/Documents/Shivam_Developement/data_engineering/data_engineering_project/batch-etl-pyspark/.venv/lib/python3.12/site-packages/airflow/example_dags/tutorial.py
[2025-07-16T19:04:46.247+0000] {processor.py:830} INFO - Processing file /mnt/c/Users/Shivam Gupta/OneDrive/Documents/Shivam_Developement/data_engineering/data_engineering_project/batch-etl-pyspark/.venv/lib/python3.12/site-packages/airflow/example_dags/tutorial.py for tasks to queue
[2025-07-16T19:04:46.250+0000] {logging_mixin.py:188} INFO - [2025-07-16T19:04:46.249+0000] {dagbag.py:545} INFO - Filling up the DagBag from /mnt/c/Users/Shivam Gupta/OneDrive/Documents/Shivam_Developement/data_engineering/data_engineering_project/batch-etl-pyspark/.venv/lib/python3.12/site-packages/airflow/example_dags/tutorial.py
[2025-07-16T19:04:46.268+0000] {processor.py:840} INFO - DAG(s) 'tutorial' retrieved from /mnt/c/Users/Shivam Gupta/OneDrive/Documents/Shivam_Developement/data_engineering/data_engineering_project/batch-etl-pyspark/.venv/lib/python3.12/site-packages/airflow/example_dags/tutorial.py
[2025-07-16T19:04:46.294+0000] {logging_mixin.py:188} INFO - [2025-07-16T19:04:46.293+0000] {dag.py:3096} INFO - Sync 1 DAGs
[2025-07-16T19:04:46.319+0000] {logging_mixin.py:188} INFO - [2025-07-16T19:04:46.318+0000] {dag.py:3954} INFO - Setting next_dagrun for tutorial to 2025-07-15 00:00:00+00:00, run_after=2025-07-16 00:00:00+00:00
[2025-07-16T19:04:46.398+0000] {processor.py:183} INFO - Processing /mnt/c/Users/Shivam Gupta/OneDrive/Documents/Shivam_Developement/data_engineering/data_engineering_project/batch-etl-pyspark/.venv/lib/python3.12/site-packages/airflow/example_dags/tutorial.py took 0.162 seconds
[2025-07-16T19:06:08.221+0000] {processor.py:161} INFO - Started process (PID=10987) to work on /mnt/c/Users/Shivam Gupta/OneDrive/Documents/Shivam_Developement/data_engineering/data_engineering_project/batch-etl-pyspark/.venv/lib/python3.12/site-packages/airflow/example_dags/tutorial.py
[2025-07-16T19:06:08.234+0000] {processor.py:830} INFO - Processing file /mnt/c/Users/Shivam Gupta/OneDrive/Documents/Shivam_Developement/data_engineering/data_engineering_project/batch-etl-pyspark/.venv/lib/python3.12/site-packages/airflow/example_dags/tutorial.py for tasks to queue
[2025-07-16T19:06:08.238+0000] {logging_mixin.py:188} INFO - [2025-07-16T19:06:08.237+0000] {dagbag.py:545} INFO - Filling up the DagBag from /mnt/c/Users/Shivam Gupta/OneDrive/Documents/Shivam_Developement/data_engineering/data_engineering_project/batch-etl-pyspark/.venv/lib/python3.12/site-packages/airflow/example_dags/tutorial.py
[2025-07-16T19:06:08.267+0000] {processor.py:840} INFO - DAG(s) 'tutorial' retrieved from /mnt/c/Users/Shivam Gupta/OneDrive/Documents/Shivam_Developement/data_engineering/data_engineering_project/batch-etl-pyspark/.venv/lib/python3.12/site-packages/airflow/example_dags/tutorial.py
[2025-07-16T19:06:08.293+0000] {logging_mixin.py:188} INFO - [2025-07-16T19:06:08.292+0000] {dag.py:3096} INFO - Sync 1 DAGs
[2025-07-16T19:06:08.319+0000] {logging_mixin.py:188} INFO - [2025-07-16T19:06:08.318+0000] {dag.py:3954} INFO - Setting next_dagrun for tutorial to 2025-07-15 00:00:00+00:00, run_after=2025-07-16 00:00:00+00:00
[2025-07-16T19:06:08.377+0000] {processor.py:183} INFO - Processing /mnt/c/Users/Shivam Gupta/OneDrive/Documents/Shivam_Developement/data_engineering/data_engineering_project/batch-etl-pyspark/.venv/lib/python3.12/site-packages/airflow/example_dags/tutorial.py took 0.171 seconds
[2025-07-16T19:07:40.219+0000] {processor.py:161} INFO - Started process (PID=11171) to work on /mnt/c/Users/Shivam Gupta/OneDrive/Documents/Shivam_Developement/data_engineering/data_engineering_project/batch-etl-pyspark/.venv/lib/python3.12/site-packages/airflow/example_dags/tutorial.py
[2025-07-16T19:07:40.220+0000] {processor.py:830} INFO - Processing file /mnt/c/Users/Shivam Gupta/OneDrive/Documents/Shivam_Developement/data_engineering/data_engineering_project/batch-etl-pyspark/.venv/lib/python3.12/site-packages/airflow/example_dags/tutorial.py for tasks to queue
[2025-07-16T19:07:40.223+0000] {logging_mixin.py:188} INFO - [2025-07-16T19:07:40.222+0000] {dagbag.py:545} INFO - Filling up the DagBag from /mnt/c/Users/Shivam Gupta/OneDrive/Documents/Shivam_Developement/data_engineering/data_engineering_project/batch-etl-pyspark/.venv/lib/python3.12/site-packages/airflow/example_dags/tutorial.py
[2025-07-16T19:07:40.241+0000] {processor.py:840} INFO - DAG(s) 'tutorial' retrieved from /mnt/c/Users/Shivam Gupta/OneDrive/Documents/Shivam_Developement/data_engineering/data_engineering_project/batch-etl-pyspark/.venv/lib/python3.12/site-packages/airflow/example_dags/tutorial.py
[2025-07-16T19:07:40.264+0000] {logging_mixin.py:188} INFO - [2025-07-16T19:07:40.263+0000] {dag.py:3096} INFO - Sync 1 DAGs
[2025-07-16T19:07:40.288+0000] {logging_mixin.py:188} INFO - [2025-07-16T19:07:40.287+0000] {dag.py:3954} INFO - Setting next_dagrun for tutorial to 2025-07-15 00:00:00+00:00, run_after=2025-07-16 00:00:00+00:00
[2025-07-16T19:07:40.352+0000] {processor.py:183} INFO - Processing /mnt/c/Users/Shivam Gupta/OneDrive/Documents/Shivam_Developement/data_engineering/data_engineering_project/batch-etl-pyspark/.venv/lib/python3.12/site-packages/airflow/example_dags/tutorial.py took 0.142 seconds
[2025-07-16T19:09:11.798+0000] {processor.py:161} INFO - Started process (PID=11317) to work on /mnt/c/Users/Shivam Gupta/OneDrive/Documents/Shivam_Developement/data_engineering/data_engineering_project/batch-etl-pyspark/.venv/lib/python3.12/site-packages/airflow/example_dags/tutorial.py
[2025-07-16T19:09:11.800+0000] {processor.py:830} INFO - Processing file /mnt/c/Users/Shivam Gupta/OneDrive/Documents/Shivam_Developement/data_engineering/data_engineering_project/batch-etl-pyspark/.venv/lib/python3.12/site-packages/airflow/example_dags/tutorial.py for tasks to queue
[2025-07-16T19:09:11.804+0000] {logging_mixin.py:188} INFO - [2025-07-16T19:09:11.803+0000] {dagbag.py:545} INFO - Filling up the DagBag from /mnt/c/Users/Shivam Gupta/OneDrive/Documents/Shivam_Developement/data_engineering/data_engineering_project/batch-etl-pyspark/.venv/lib/python3.12/site-packages/airflow/example_dags/tutorial.py
[2025-07-16T19:09:11.834+0000] {processor.py:840} INFO - DAG(s) 'tutorial' retrieved from /mnt/c/Users/Shivam Gupta/OneDrive/Documents/Shivam_Developement/data_engineering/data_engineering_project/batch-etl-pyspark/.venv/lib/python3.12/site-packages/airflow/example_dags/tutorial.py
[2025-07-16T19:09:11.881+0000] {logging_mixin.py:188} INFO - [2025-07-16T19:09:11.880+0000] {dag.py:3096} INFO - Sync 1 DAGs
[2025-07-16T19:09:11.935+0000] {logging_mixin.py:188} INFO - [2025-07-16T19:09:11.934+0000] {dag.py:3954} INFO - Setting next_dagrun for tutorial to 2025-07-15 00:00:00+00:00, run_after=2025-07-16 00:00:00+00:00
[2025-07-16T19:09:12.023+0000] {processor.py:183} INFO - Processing /mnt/c/Users/Shivam Gupta/OneDrive/Documents/Shivam_Developement/data_engineering/data_engineering_project/batch-etl-pyspark/.venv/lib/python3.12/site-packages/airflow/example_dags/tutorial.py took 0.239 seconds
[2025-07-16T19:10:38.647+0000] {processor.py:161} INFO - Started process (PID=11487) to work on /mnt/c/Users/Shivam Gupta/OneDrive/Documents/Shivam_Developement/data_engineering/data_engineering_project/batch-etl-pyspark/.venv/lib/python3.12/site-packages/airflow/example_dags/tutorial.py
[2025-07-16T19:10:38.650+0000] {processor.py:830} INFO - Processing file /mnt/c/Users/Shivam Gupta/OneDrive/Documents/Shivam_Developement/data_engineering/data_engineering_project/batch-etl-pyspark/.venv/lib/python3.12/site-packages/airflow/example_dags/tutorial.py for tasks to queue
[2025-07-16T19:10:38.654+0000] {logging_mixin.py:188} INFO - [2025-07-16T19:10:38.653+0000] {dagbag.py:545} INFO - Filling up the DagBag from /mnt/c/Users/Shivam Gupta/OneDrive/Documents/Shivam_Developement/data_engineering/data_engineering_project/batch-etl-pyspark/.venv/lib/python3.12/site-packages/airflow/example_dags/tutorial.py
[2025-07-16T19:10:38.699+0000] {processor.py:840} INFO - DAG(s) 'tutorial' retrieved from /mnt/c/Users/Shivam Gupta/OneDrive/Documents/Shivam_Developement/data_engineering/data_engineering_project/batch-etl-pyspark/.venv/lib/python3.12/site-packages/airflow/example_dags/tutorial.py
[2025-07-16T19:10:38.748+0000] {logging_mixin.py:188} INFO - [2025-07-16T19:10:38.746+0000] {dag.py:3096} INFO - Sync 1 DAGs
[2025-07-16T19:10:38.790+0000] {logging_mixin.py:188} INFO - [2025-07-16T19:10:38.789+0000] {dag.py:3954} INFO - Setting next_dagrun for tutorial to 2025-07-15 00:00:00+00:00, run_after=2025-07-16 00:00:00+00:00
[2025-07-16T19:10:38.901+0000] {processor.py:183} INFO - Processing /mnt/c/Users/Shivam Gupta/OneDrive/Documents/Shivam_Developement/data_engineering/data_engineering_project/batch-etl-pyspark/.venv/lib/python3.12/site-packages/airflow/example_dags/tutorial.py took 0.273 seconds
[2025-07-16T19:12:11.759+0000] {processor.py:161} INFO - Started process (PID=11670) to work on /mnt/c/Users/Shivam Gupta/OneDrive/Documents/Shivam_Developement/data_engineering/data_engineering_project/batch-etl-pyspark/.venv/lib/python3.12/site-packages/airflow/example_dags/tutorial.py
[2025-07-16T19:12:11.760+0000] {processor.py:830} INFO - Processing file /mnt/c/Users/Shivam Gupta/OneDrive/Documents/Shivam_Developement/data_engineering/data_engineering_project/batch-etl-pyspark/.venv/lib/python3.12/site-packages/airflow/example_dags/tutorial.py for tasks to queue
[2025-07-16T19:12:11.763+0000] {logging_mixin.py:188} INFO - [2025-07-16T19:12:11.762+0000] {dagbag.py:545} INFO - Filling up the DagBag from /mnt/c/Users/Shivam Gupta/OneDrive/Documents/Shivam_Developement/data_engineering/data_engineering_project/batch-etl-pyspark/.venv/lib/python3.12/site-packages/airflow/example_dags/tutorial.py
[2025-07-16T19:12:11.783+0000] {processor.py:840} INFO - DAG(s) 'tutorial' retrieved from /mnt/c/Users/Shivam Gupta/OneDrive/Documents/Shivam_Developement/data_engineering/data_engineering_project/batch-etl-pyspark/.venv/lib/python3.12/site-packages/airflow/example_dags/tutorial.py
[2025-07-16T19:12:11.808+0000] {logging_mixin.py:188} INFO - [2025-07-16T19:12:11.807+0000] {dag.py:3096} INFO - Sync 1 DAGs
[2025-07-16T19:12:11.836+0000] {logging_mixin.py:188} INFO - [2025-07-16T19:12:11.835+0000] {dag.py:3954} INFO - Setting next_dagrun for tutorial to 2025-07-15 00:00:00+00:00, run_after=2025-07-16 00:00:00+00:00
[2025-07-16T19:12:11.897+0000] {processor.py:183} INFO - Processing /mnt/c/Users/Shivam Gupta/OneDrive/Documents/Shivam_Developement/data_engineering/data_engineering_project/batch-etl-pyspark/.venv/lib/python3.12/site-packages/airflow/example_dags/tutorial.py took 0.148 seconds
[2025-07-16T19:13:37.761+0000] {processor.py:161} INFO - Started process (PID=11827) to work on /mnt/c/Users/Shivam Gupta/OneDrive/Documents/Shivam_Developement/data_engineering/data_engineering_project/batch-etl-pyspark/.venv/lib/python3.12/site-packages/airflow/example_dags/tutorial.py
[2025-07-16T19:13:37.764+0000] {processor.py:830} INFO - Processing file /mnt/c/Users/Shivam Gupta/OneDrive/Documents/Shivam_Developement/data_engineering/data_engineering_project/batch-etl-pyspark/.venv/lib/python3.12/site-packages/airflow/example_dags/tutorial.py for tasks to queue
[2025-07-16T19:13:37.768+0000] {logging_mixin.py:188} INFO - [2025-07-16T19:13:37.767+0000] {dagbag.py:545} INFO - Filling up the DagBag from /mnt/c/Users/Shivam Gupta/OneDrive/Documents/Shivam_Developement/data_engineering/data_engineering_project/batch-etl-pyspark/.venv/lib/python3.12/site-packages/airflow/example_dags/tutorial.py
[2025-07-16T19:13:37.798+0000] {processor.py:840} INFO - DAG(s) 'tutorial' retrieved from /mnt/c/Users/Shivam Gupta/OneDrive/Documents/Shivam_Developement/data_engineering/data_engineering_project/batch-etl-pyspark/.venv/lib/python3.12/site-packages/airflow/example_dags/tutorial.py
[2025-07-16T19:13:37.832+0000] {logging_mixin.py:188} INFO - [2025-07-16T19:13:37.831+0000] {dag.py:3096} INFO - Sync 1 DAGs
[2025-07-16T19:13:37.868+0000] {logging_mixin.py:188} INFO - [2025-07-16T19:13:37.867+0000] {dag.py:3954} INFO - Setting next_dagrun for tutorial to 2025-07-15 00:00:00+00:00, run_after=2025-07-16 00:00:00+00:00
[2025-07-16T19:13:37.957+0000] {processor.py:183} INFO - Processing /mnt/c/Users/Shivam Gupta/OneDrive/Documents/Shivam_Developement/data_engineering/data_engineering_project/batch-etl-pyspark/.venv/lib/python3.12/site-packages/airflow/example_dags/tutorial.py took 0.211 seconds
[2025-07-16T19:15:11.081+0000] {processor.py:161} INFO - Started process (PID=12012) to work on /mnt/c/Users/Shivam Gupta/OneDrive/Documents/Shivam_Developement/data_engineering/data_engineering_project/batch-etl-pyspark/.venv/lib/python3.12/site-packages/airflow/example_dags/tutorial.py
[2025-07-16T19:15:11.083+0000] {processor.py:830} INFO - Processing file /mnt/c/Users/Shivam Gupta/OneDrive/Documents/Shivam_Developement/data_engineering/data_engineering_project/batch-etl-pyspark/.venv/lib/python3.12/site-packages/airflow/example_dags/tutorial.py for tasks to queue
[2025-07-16T19:15:11.087+0000] {logging_mixin.py:188} INFO - [2025-07-16T19:15:11.086+0000] {dagbag.py:545} INFO - Filling up the DagBag from /mnt/c/Users/Shivam Gupta/OneDrive/Documents/Shivam_Developement/data_engineering/data_engineering_project/batch-etl-pyspark/.venv/lib/python3.12/site-packages/airflow/example_dags/tutorial.py
[2025-07-16T19:15:11.131+0000] {processor.py:840} INFO - DAG(s) 'tutorial' retrieved from /mnt/c/Users/Shivam Gupta/OneDrive/Documents/Shivam_Developement/data_engineering/data_engineering_project/batch-etl-pyspark/.venv/lib/python3.12/site-packages/airflow/example_dags/tutorial.py
[2025-07-16T19:15:11.182+0000] {logging_mixin.py:188} INFO - [2025-07-16T19:15:11.181+0000] {dag.py:3096} INFO - Sync 1 DAGs
[2025-07-16T19:15:11.228+0000] {logging_mixin.py:188} INFO - [2025-07-16T19:15:11.227+0000] {dag.py:3954} INFO - Setting next_dagrun for tutorial to 2025-07-15 00:00:00+00:00, run_after=2025-07-16 00:00:00+00:00
[2025-07-16T19:15:11.319+0000] {processor.py:183} INFO - Processing /mnt/c/Users/Shivam Gupta/OneDrive/Documents/Shivam_Developement/data_engineering/data_engineering_project/batch-etl-pyspark/.venv/lib/python3.12/site-packages/airflow/example_dags/tutorial.py took 0.258 seconds
[2025-07-16T19:16:34.913+0000] {processor.py:161} INFO - Started process (PID=12184) to work on /mnt/c/Users/Shivam Gupta/OneDrive/Documents/Shivam_Developement/data_engineering/data_engineering_project/batch-etl-pyspark/.venv/lib/python3.12/site-packages/airflow/example_dags/tutorial.py
[2025-07-16T19:16:34.915+0000] {processor.py:830} INFO - Processing file /mnt/c/Users/Shivam Gupta/OneDrive/Documents/Shivam_Developement/data_engineering/data_engineering_project/batch-etl-pyspark/.venv/lib/python3.12/site-packages/airflow/example_dags/tutorial.py for tasks to queue
[2025-07-16T19:16:34.918+0000] {logging_mixin.py:188} INFO - [2025-07-16T19:16:34.917+0000] {dagbag.py:545} INFO - Filling up the DagBag from /mnt/c/Users/Shivam Gupta/OneDrive/Documents/Shivam_Developement/data_engineering/data_engineering_project/batch-etl-pyspark/.venv/lib/python3.12/site-packages/airflow/example_dags/tutorial.py
[2025-07-16T19:16:34.938+0000] {processor.py:840} INFO - DAG(s) 'tutorial' retrieved from /mnt/c/Users/Shivam Gupta/OneDrive/Documents/Shivam_Developement/data_engineering/data_engineering_project/batch-etl-pyspark/.venv/lib/python3.12/site-packages/airflow/example_dags/tutorial.py
[2025-07-16T19:16:34.971+0000] {logging_mixin.py:188} INFO - [2025-07-16T19:16:34.969+0000] {dag.py:3096} INFO - Sync 1 DAGs
[2025-07-16T19:16:34.999+0000] {logging_mixin.py:188} INFO - [2025-07-16T19:16:34.999+0000] {dag.py:3954} INFO - Setting next_dagrun for tutorial to 2025-07-15 00:00:00+00:00, run_after=2025-07-16 00:00:00+00:00
[2025-07-16T19:16:35.097+0000] {processor.py:183} INFO - Processing /mnt/c/Users/Shivam Gupta/OneDrive/Documents/Shivam_Developement/data_engineering/data_engineering_project/batch-etl-pyspark/.venv/lib/python3.12/site-packages/airflow/example_dags/tutorial.py took 0.199 seconds
[2025-07-16T19:18:08.595+0000] {processor.py:161} INFO - Started process (PID=12359) to work on /mnt/c/Users/Shivam Gupta/OneDrive/Documents/Shivam_Developement/data_engineering/data_engineering_project/batch-etl-pyspark/.venv/lib/python3.12/site-packages/airflow/example_dags/tutorial.py
[2025-07-16T19:18:08.599+0000] {processor.py:830} INFO - Processing file /mnt/c/Users/Shivam Gupta/OneDrive/Documents/Shivam_Developement/data_engineering/data_engineering_project/batch-etl-pyspark/.venv/lib/python3.12/site-packages/airflow/example_dags/tutorial.py for tasks to queue
[2025-07-16T19:18:08.604+0000] {logging_mixin.py:188} INFO - [2025-07-16T19:18:08.602+0000] {dagbag.py:545} INFO - Filling up the DagBag from /mnt/c/Users/Shivam Gupta/OneDrive/Documents/Shivam_Developement/data_engineering/data_engineering_project/batch-etl-pyspark/.venv/lib/python3.12/site-packages/airflow/example_dags/tutorial.py
[2025-07-16T19:18:08.635+0000] {processor.py:840} INFO - DAG(s) 'tutorial' retrieved from /mnt/c/Users/Shivam Gupta/OneDrive/Documents/Shivam_Developement/data_engineering/data_engineering_project/batch-etl-pyspark/.venv/lib/python3.12/site-packages/airflow/example_dags/tutorial.py
[2025-07-16T19:18:08.673+0000] {logging_mixin.py:188} INFO - [2025-07-16T19:18:08.672+0000] {dag.py:3096} INFO - Sync 1 DAGs
[2025-07-16T19:18:08.708+0000] {logging_mixin.py:188} INFO - [2025-07-16T19:18:08.707+0000] {dag.py:3954} INFO - Setting next_dagrun for tutorial to 2025-07-15 00:00:00+00:00, run_after=2025-07-16 00:00:00+00:00
[2025-07-16T19:18:08.793+0000] {processor.py:183} INFO - Processing /mnt/c/Users/Shivam Gupta/OneDrive/Documents/Shivam_Developement/data_engineering/data_engineering_project/batch-etl-pyspark/.venv/lib/python3.12/site-packages/airflow/example_dags/tutorial.py took 0.215 seconds
[2025-07-16T19:19:27.567+0000] {processor.py:161} INFO - Started process (PID=12488) to work on /mnt/c/Users/Shivam Gupta/OneDrive/Documents/Shivam_Developement/data_engineering/data_engineering_project/batch-etl-pyspark/.venv/lib/python3.12/site-packages/airflow/example_dags/tutorial.py
[2025-07-16T19:19:27.570+0000] {processor.py:830} INFO - Processing file /mnt/c/Users/Shivam Gupta/OneDrive/Documents/Shivam_Developement/data_engineering/data_engineering_project/batch-etl-pyspark/.venv/lib/python3.12/site-packages/airflow/example_dags/tutorial.py for tasks to queue
[2025-07-16T19:19:27.572+0000] {logging_mixin.py:188} INFO - [2025-07-16T19:19:27.572+0000] {dagbag.py:545} INFO - Filling up the DagBag from /mnt/c/Users/Shivam Gupta/OneDrive/Documents/Shivam_Developement/data_engineering/data_engineering_project/batch-etl-pyspark/.venv/lib/python3.12/site-packages/airflow/example_dags/tutorial.py
[2025-07-16T19:19:27.604+0000] {processor.py:840} INFO - DAG(s) 'tutorial' retrieved from /mnt/c/Users/Shivam Gupta/OneDrive/Documents/Shivam_Developement/data_engineering/data_engineering_project/batch-etl-pyspark/.venv/lib/python3.12/site-packages/airflow/example_dags/tutorial.py
[2025-07-16T19:19:27.643+0000] {logging_mixin.py:188} INFO - [2025-07-16T19:19:27.642+0000] {dag.py:3096} INFO - Sync 1 DAGs
[2025-07-16T19:19:27.672+0000] {logging_mixin.py:188} INFO - [2025-07-16T19:19:27.672+0000] {dag.py:3954} INFO - Setting next_dagrun for tutorial to 2025-07-15 00:00:00+00:00, run_after=2025-07-16 00:00:00+00:00
[2025-07-16T19:19:27.731+0000] {processor.py:183} INFO - Processing /mnt/c/Users/Shivam Gupta/OneDrive/Documents/Shivam_Developement/data_engineering/data_engineering_project/batch-etl-pyspark/.venv/lib/python3.12/site-packages/airflow/example_dags/tutorial.py took 0.179 seconds
[2025-07-16T19:20:47.071+0000] {processor.py:161} INFO - Started process (PID=12632) to work on /mnt/c/Users/Shivam Gupta/OneDrive/Documents/Shivam_Developement/data_engineering/data_engineering_project/batch-etl-pyspark/.venv/lib/python3.12/site-packages/airflow/example_dags/tutorial.py
[2025-07-16T19:20:47.072+0000] {processor.py:830} INFO - Processing file /mnt/c/Users/Shivam Gupta/OneDrive/Documents/Shivam_Developement/data_engineering/data_engineering_project/batch-etl-pyspark/.venv/lib/python3.12/site-packages/airflow/example_dags/tutorial.py for tasks to queue
[2025-07-16T19:20:47.075+0000] {logging_mixin.py:188} INFO - [2025-07-16T19:20:47.074+0000] {dagbag.py:545} INFO - Filling up the DagBag from /mnt/c/Users/Shivam Gupta/OneDrive/Documents/Shivam_Developement/data_engineering/data_engineering_project/batch-etl-pyspark/.venv/lib/python3.12/site-packages/airflow/example_dags/tutorial.py
[2025-07-16T19:20:47.091+0000] {processor.py:840} INFO - DAG(s) 'tutorial' retrieved from /mnt/c/Users/Shivam Gupta/OneDrive/Documents/Shivam_Developement/data_engineering/data_engineering_project/batch-etl-pyspark/.venv/lib/python3.12/site-packages/airflow/example_dags/tutorial.py
[2025-07-16T19:20:47.112+0000] {logging_mixin.py:188} INFO - [2025-07-16T19:20:47.111+0000] {dag.py:3096} INFO - Sync 1 DAGs
[2025-07-16T19:20:47.144+0000] {logging_mixin.py:188} INFO - [2025-07-16T19:20:47.143+0000] {dag.py:3954} INFO - Setting next_dagrun for tutorial to 2025-07-15 00:00:00+00:00, run_after=2025-07-16 00:00:00+00:00
[2025-07-16T19:20:47.301+0000] {processor.py:183} INFO - Processing /mnt/c/Users/Shivam Gupta/OneDrive/Documents/Shivam_Developement/data_engineering/data_engineering_project/batch-etl-pyspark/.venv/lib/python3.12/site-packages/airflow/example_dags/tutorial.py took 0.239 seconds
[2025-07-16T19:22:24.635+0000] {processor.py:161} INFO - Started process (PID=12837) to work on /mnt/c/Users/Shivam Gupta/OneDrive/Documents/Shivam_Developement/data_engineering/data_engineering_project/batch-etl-pyspark/.venv/lib/python3.12/site-packages/airflow/example_dags/tutorial.py
[2025-07-16T19:22:24.638+0000] {processor.py:830} INFO - Processing file /mnt/c/Users/Shivam Gupta/OneDrive/Documents/Shivam_Developement/data_engineering/data_engineering_project/batch-etl-pyspark/.venv/lib/python3.12/site-packages/airflow/example_dags/tutorial.py for tasks to queue
[2025-07-16T19:22:24.643+0000] {logging_mixin.py:188} INFO - [2025-07-16T19:22:24.641+0000] {dagbag.py:545} INFO - Filling up the DagBag from /mnt/c/Users/Shivam Gupta/OneDrive/Documents/Shivam_Developement/data_engineering/data_engineering_project/batch-etl-pyspark/.venv/lib/python3.12/site-packages/airflow/example_dags/tutorial.py
[2025-07-16T19:22:24.673+0000] {processor.py:840} INFO - DAG(s) 'tutorial' retrieved from /mnt/c/Users/Shivam Gupta/OneDrive/Documents/Shivam_Developement/data_engineering/data_engineering_project/batch-etl-pyspark/.venv/lib/python3.12/site-packages/airflow/example_dags/tutorial.py
[2025-07-16T19:22:24.720+0000] {logging_mixin.py:188} INFO - [2025-07-16T19:22:24.719+0000] {dag.py:3096} INFO - Sync 1 DAGs
[2025-07-16T19:22:24.774+0000] {logging_mixin.py:188} INFO - [2025-07-16T19:22:24.773+0000] {dag.py:3954} INFO - Setting next_dagrun for tutorial to 2025-07-15 00:00:00+00:00, run_after=2025-07-16 00:00:00+00:00
[2025-07-16T19:22:24.915+0000] {processor.py:183} INFO - Processing /mnt/c/Users/Shivam Gupta/OneDrive/Documents/Shivam_Developement/data_engineering/data_engineering_project/batch-etl-pyspark/.venv/lib/python3.12/site-packages/airflow/example_dags/tutorial.py took 0.292 seconds
[2025-07-16T19:23:44.409+0000] {processor.py:161} INFO - Started process (PID=12965) to work on /mnt/c/Users/Shivam Gupta/OneDrive/Documents/Shivam_Developement/data_engineering/data_engineering_project/batch-etl-pyspark/.venv/lib/python3.12/site-packages/airflow/example_dags/tutorial.py
[2025-07-16T19:23:44.410+0000] {processor.py:830} INFO - Processing file /mnt/c/Users/Shivam Gupta/OneDrive/Documents/Shivam_Developement/data_engineering/data_engineering_project/batch-etl-pyspark/.venv/lib/python3.12/site-packages/airflow/example_dags/tutorial.py for tasks to queue
[2025-07-16T19:23:44.413+0000] {logging_mixin.py:188} INFO - [2025-07-16T19:23:44.412+0000] {dagbag.py:545} INFO - Filling up the DagBag from /mnt/c/Users/Shivam Gupta/OneDrive/Documents/Shivam_Developement/data_engineering/data_engineering_project/batch-etl-pyspark/.venv/lib/python3.12/site-packages/airflow/example_dags/tutorial.py
[2025-07-16T19:23:44.430+0000] {processor.py:840} INFO - DAG(s) 'tutorial' retrieved from /mnt/c/Users/Shivam Gupta/OneDrive/Documents/Shivam_Developement/data_engineering/data_engineering_project/batch-etl-pyspark/.venv/lib/python3.12/site-packages/airflow/example_dags/tutorial.py
[2025-07-16T19:23:44.452+0000] {logging_mixin.py:188} INFO - [2025-07-16T19:23:44.451+0000] {dag.py:3096} INFO - Sync 1 DAGs
[2025-07-16T19:23:44.485+0000] {logging_mixin.py:188} INFO - [2025-07-16T19:23:44.485+0000] {dag.py:3954} INFO - Setting next_dagrun for tutorial to 2025-07-15 00:00:00+00:00, run_after=2025-07-16 00:00:00+00:00
[2025-07-16T19:23:44.533+0000] {processor.py:183} INFO - Processing /mnt/c/Users/Shivam Gupta/OneDrive/Documents/Shivam_Developement/data_engineering/data_engineering_project/batch-etl-pyspark/.venv/lib/python3.12/site-packages/airflow/example_dags/tutorial.py took 0.136 seconds
[2025-07-16T19:25:06.961+0000] {processor.py:161} INFO - Started process (PID=13068) to work on /mnt/c/Users/Shivam Gupta/OneDrive/Documents/Shivam_Developement/data_engineering/data_engineering_project/batch-etl-pyspark/.venv/lib/python3.12/site-packages/airflow/example_dags/tutorial.py
[2025-07-16T19:25:06.965+0000] {processor.py:830} INFO - Processing file /mnt/c/Users/Shivam Gupta/OneDrive/Documents/Shivam_Developement/data_engineering/data_engineering_project/batch-etl-pyspark/.venv/lib/python3.12/site-packages/airflow/example_dags/tutorial.py for tasks to queue
[2025-07-16T19:25:06.971+0000] {logging_mixin.py:188} INFO - [2025-07-16T19:25:06.969+0000] {dagbag.py:545} INFO - Filling up the DagBag from /mnt/c/Users/Shivam Gupta/OneDrive/Documents/Shivam_Developement/data_engineering/data_engineering_project/batch-etl-pyspark/.venv/lib/python3.12/site-packages/airflow/example_dags/tutorial.py
[2025-07-16T19:25:07.007+0000] {processor.py:840} INFO - DAG(s) 'tutorial' retrieved from /mnt/c/Users/Shivam Gupta/OneDrive/Documents/Shivam_Developement/data_engineering/data_engineering_project/batch-etl-pyspark/.venv/lib/python3.12/site-packages/airflow/example_dags/tutorial.py
[2025-07-16T19:25:07.138+0000] {logging_mixin.py:188} INFO - [2025-07-16T19:25:07.135+0000] {dag.py:3096} INFO - Sync 1 DAGs
[2025-07-16T19:25:07.185+0000] {logging_mixin.py:188} INFO - [2025-07-16T19:25:07.183+0000] {dag.py:3954} INFO - Setting next_dagrun for tutorial to 2025-07-15 00:00:00+00:00, run_after=2025-07-16 00:00:00+00:00
[2025-07-16T19:25:07.291+0000] {processor.py:183} INFO - Processing /mnt/c/Users/Shivam Gupta/OneDrive/Documents/Shivam_Developement/data_engineering/data_engineering_project/batch-etl-pyspark/.venv/lib/python3.12/site-packages/airflow/example_dags/tutorial.py took 0.346 seconds
[2025-07-16T19:26:27.693+0000] {processor.py:161} INFO - Started process (PID=13175) to work on /mnt/c/Users/Shivam Gupta/OneDrive/Documents/Shivam_Developement/data_engineering/data_engineering_project/batch-etl-pyspark/.venv/lib/python3.12/site-packages/airflow/example_dags/tutorial.py
[2025-07-16T19:26:27.696+0000] {processor.py:830} INFO - Processing file /mnt/c/Users/Shivam Gupta/OneDrive/Documents/Shivam_Developement/data_engineering/data_engineering_project/batch-etl-pyspark/.venv/lib/python3.12/site-packages/airflow/example_dags/tutorial.py for tasks to queue
[2025-07-16T19:26:27.701+0000] {logging_mixin.py:188} INFO - [2025-07-16T19:26:27.699+0000] {dagbag.py:545} INFO - Filling up the DagBag from /mnt/c/Users/Shivam Gupta/OneDrive/Documents/Shivam_Developement/data_engineering/data_engineering_project/batch-etl-pyspark/.venv/lib/python3.12/site-packages/airflow/example_dags/tutorial.py
[2025-07-16T19:26:27.742+0000] {processor.py:840} INFO - DAG(s) 'tutorial' retrieved from /mnt/c/Users/Shivam Gupta/OneDrive/Documents/Shivam_Developement/data_engineering/data_engineering_project/batch-etl-pyspark/.venv/lib/python3.12/site-packages/airflow/example_dags/tutorial.py
[2025-07-16T19:26:27.792+0000] {logging_mixin.py:188} INFO - [2025-07-16T19:26:27.790+0000] {dag.py:3096} INFO - Sync 1 DAGs
[2025-07-16T19:26:27.914+0000] {logging_mixin.py:188} INFO - [2025-07-16T19:26:27.912+0000] {dag.py:3954} INFO - Setting next_dagrun for tutorial to 2025-07-15 00:00:00+00:00, run_after=2025-07-16 00:00:00+00:00
[2025-07-16T19:26:28.040+0000] {processor.py:183} INFO - Processing /mnt/c/Users/Shivam Gupta/OneDrive/Documents/Shivam_Developement/data_engineering/data_engineering_project/batch-etl-pyspark/.venv/lib/python3.12/site-packages/airflow/example_dags/tutorial.py took 0.369 seconds
[2025-07-16T19:27:43.845+0000] {processor.py:161} INFO - Started process (PID=13264) to work on /mnt/c/Users/Shivam Gupta/OneDrive/Documents/Shivam_Developement/data_engineering/data_engineering_project/batch-etl-pyspark/.venv/lib/python3.12/site-packages/airflow/example_dags/tutorial.py
[2025-07-16T19:27:43.847+0000] {processor.py:830} INFO - Processing file /mnt/c/Users/Shivam Gupta/OneDrive/Documents/Shivam_Developement/data_engineering/data_engineering_project/batch-etl-pyspark/.venv/lib/python3.12/site-packages/airflow/example_dags/tutorial.py for tasks to queue
[2025-07-16T19:27:43.850+0000] {logging_mixin.py:188} INFO - [2025-07-16T19:27:43.849+0000] {dagbag.py:545} INFO - Filling up the DagBag from /mnt/c/Users/Shivam Gupta/OneDrive/Documents/Shivam_Developement/data_engineering/data_engineering_project/batch-etl-pyspark/.venv/lib/python3.12/site-packages/airflow/example_dags/tutorial.py
[2025-07-16T19:27:43.871+0000] {processor.py:840} INFO - DAG(s) 'tutorial' retrieved from /mnt/c/Users/Shivam Gupta/OneDrive/Documents/Shivam_Developement/data_engineering/data_engineering_project/batch-etl-pyspark/.venv/lib/python3.12/site-packages/airflow/example_dags/tutorial.py
[2025-07-16T19:27:43.896+0000] {logging_mixin.py:188} INFO - [2025-07-16T19:27:43.895+0000] {dag.py:3096} INFO - Sync 1 DAGs
[2025-07-16T19:27:43.920+0000] {logging_mixin.py:188} INFO - [2025-07-16T19:27:43.919+0000] {dag.py:3954} INFO - Setting next_dagrun for tutorial to 2025-07-15 00:00:00+00:00, run_after=2025-07-16 00:00:00+00:00
[2025-07-16T19:27:43.974+0000] {processor.py:183} INFO - Processing /mnt/c/Users/Shivam Gupta/OneDrive/Documents/Shivam_Developement/data_engineering/data_engineering_project/batch-etl-pyspark/.venv/lib/python3.12/site-packages/airflow/example_dags/tutorial.py took 0.142 seconds
[2025-07-16T19:28:58.148+0000] {processor.py:161} INFO - Started process (PID=13371) to work on /mnt/c/Users/Shivam Gupta/OneDrive/Documents/Shivam_Developement/data_engineering/data_engineering_project/batch-etl-pyspark/.venv/lib/python3.12/site-packages/airflow/example_dags/tutorial.py
[2025-07-16T19:28:58.150+0000] {processor.py:830} INFO - Processing file /mnt/c/Users/Shivam Gupta/OneDrive/Documents/Shivam_Developement/data_engineering/data_engineering_project/batch-etl-pyspark/.venv/lib/python3.12/site-packages/airflow/example_dags/tutorial.py for tasks to queue
[2025-07-16T19:28:58.153+0000] {logging_mixin.py:188} INFO - [2025-07-16T19:28:58.152+0000] {dagbag.py:545} INFO - Filling up the DagBag from /mnt/c/Users/Shivam Gupta/OneDrive/Documents/Shivam_Developement/data_engineering/data_engineering_project/batch-etl-pyspark/.venv/lib/python3.12/site-packages/airflow/example_dags/tutorial.py
[2025-07-16T19:28:58.171+0000] {processor.py:840} INFO - DAG(s) 'tutorial' retrieved from /mnt/c/Users/Shivam Gupta/OneDrive/Documents/Shivam_Developement/data_engineering/data_engineering_project/batch-etl-pyspark/.venv/lib/python3.12/site-packages/airflow/example_dags/tutorial.py
[2025-07-16T19:28:58.195+0000] {logging_mixin.py:188} INFO - [2025-07-16T19:28:58.194+0000] {dag.py:3096} INFO - Sync 1 DAGs
[2025-07-16T19:28:58.221+0000] {logging_mixin.py:188} INFO - [2025-07-16T19:28:58.220+0000] {dag.py:3954} INFO - Setting next_dagrun for tutorial to 2025-07-15 00:00:00+00:00, run_after=2025-07-16 00:00:00+00:00
[2025-07-16T19:28:58.283+0000] {processor.py:183} INFO - Processing /mnt/c/Users/Shivam Gupta/OneDrive/Documents/Shivam_Developement/data_engineering/data_engineering_project/batch-etl-pyspark/.venv/lib/python3.12/site-packages/airflow/example_dags/tutorial.py took 0.147 seconds
[2025-07-16T19:30:13.012+0000] {processor.py:161} INFO - Started process (PID=13475) to work on /mnt/c/Users/Shivam Gupta/OneDrive/Documents/Shivam_Developement/data_engineering/data_engineering_project/batch-etl-pyspark/.venv/lib/python3.12/site-packages/airflow/example_dags/tutorial.py
[2025-07-16T19:30:13.014+0000] {processor.py:830} INFO - Processing file /mnt/c/Users/Shivam Gupta/OneDrive/Documents/Shivam_Developement/data_engineering/data_engineering_project/batch-etl-pyspark/.venv/lib/python3.12/site-packages/airflow/example_dags/tutorial.py for tasks to queue
[2025-07-16T19:30:13.016+0000] {logging_mixin.py:188} INFO - [2025-07-16T19:30:13.015+0000] {dagbag.py:545} INFO - Filling up the DagBag from /mnt/c/Users/Shivam Gupta/OneDrive/Documents/Shivam_Developement/data_engineering/data_engineering_project/batch-etl-pyspark/.venv/lib/python3.12/site-packages/airflow/example_dags/tutorial.py
[2025-07-16T19:30:13.029+0000] {processor.py:840} INFO - DAG(s) 'tutorial' retrieved from /mnt/c/Users/Shivam Gupta/OneDrive/Documents/Shivam_Developement/data_engineering/data_engineering_project/batch-etl-pyspark/.venv/lib/python3.12/site-packages/airflow/example_dags/tutorial.py
[2025-07-16T19:30:13.050+0000] {logging_mixin.py:188} INFO - [2025-07-16T19:30:13.049+0000] {dag.py:3096} INFO - Sync 1 DAGs
[2025-07-16T19:30:13.071+0000] {logging_mixin.py:188} INFO - [2025-07-16T19:30:13.071+0000] {dag.py:3954} INFO - Setting next_dagrun for tutorial to 2025-07-15 00:00:00+00:00, run_after=2025-07-16 00:00:00+00:00
[2025-07-16T19:30:13.112+0000] {processor.py:183} INFO - Processing /mnt/c/Users/Shivam Gupta/OneDrive/Documents/Shivam_Developement/data_engineering/data_engineering_project/batch-etl-pyspark/.venv/lib/python3.12/site-packages/airflow/example_dags/tutorial.py took 0.108 seconds
[2025-07-16T19:31:30.021+0000] {processor.py:161} INFO - Started process (PID=13618) to work on /mnt/c/Users/Shivam Gupta/OneDrive/Documents/Shivam_Developement/data_engineering/data_engineering_project/batch-etl-pyspark/.venv/lib/python3.12/site-packages/airflow/example_dags/tutorial.py
[2025-07-16T19:31:30.022+0000] {processor.py:830} INFO - Processing file /mnt/c/Users/Shivam Gupta/OneDrive/Documents/Shivam_Developement/data_engineering/data_engineering_project/batch-etl-pyspark/.venv/lib/python3.12/site-packages/airflow/example_dags/tutorial.py for tasks to queue
[2025-07-16T19:31:30.025+0000] {logging_mixin.py:188} INFO - [2025-07-16T19:31:30.024+0000] {dagbag.py:545} INFO - Filling up the DagBag from /mnt/c/Users/Shivam Gupta/OneDrive/Documents/Shivam_Developement/data_engineering/data_engineering_project/batch-etl-pyspark/.venv/lib/python3.12/site-packages/airflow/example_dags/tutorial.py
[2025-07-16T19:31:30.039+0000] {processor.py:840} INFO - DAG(s) 'tutorial' retrieved from /mnt/c/Users/Shivam Gupta/OneDrive/Documents/Shivam_Developement/data_engineering/data_engineering_project/batch-etl-pyspark/.venv/lib/python3.12/site-packages/airflow/example_dags/tutorial.py
[2025-07-16T19:31:30.061+0000] {logging_mixin.py:188} INFO - [2025-07-16T19:31:30.060+0000] {dag.py:3096} INFO - Sync 1 DAGs
[2025-07-16T19:31:30.084+0000] {logging_mixin.py:188} INFO - [2025-07-16T19:31:30.083+0000] {dag.py:3954} INFO - Setting next_dagrun for tutorial to 2025-07-15 00:00:00+00:00, run_after=2025-07-16 00:00:00+00:00
[2025-07-16T19:31:30.167+0000] {processor.py:183} INFO - Processing /mnt/c/Users/Shivam Gupta/OneDrive/Documents/Shivam_Developement/data_engineering/data_engineering_project/batch-etl-pyspark/.venv/lib/python3.12/site-packages/airflow/example_dags/tutorial.py took 0.155 seconds
[2025-07-16T19:32:34.414+0000] {processor.py:161} INFO - Started process (PID=13740) to work on /mnt/c/Users/Shivam Gupta/OneDrive/Documents/Shivam_Developement/data_engineering/data_engineering_project/batch-etl-pyspark/.venv/lib/python3.12/site-packages/airflow/example_dags/tutorial.py
[2025-07-16T19:32:34.415+0000] {processor.py:830} INFO - Processing file /mnt/c/Users/Shivam Gupta/OneDrive/Documents/Shivam_Developement/data_engineering/data_engineering_project/batch-etl-pyspark/.venv/lib/python3.12/site-packages/airflow/example_dags/tutorial.py for tasks to queue
[2025-07-16T19:32:34.417+0000] {logging_mixin.py:188} INFO - [2025-07-16T19:32:34.417+0000] {dagbag.py:545} INFO - Filling up the DagBag from /mnt/c/Users/Shivam Gupta/OneDrive/Documents/Shivam_Developement/data_engineering/data_engineering_project/batch-etl-pyspark/.venv/lib/python3.12/site-packages/airflow/example_dags/tutorial.py
[2025-07-16T19:32:34.431+0000] {processor.py:840} INFO - DAG(s) 'tutorial' retrieved from /mnt/c/Users/Shivam Gupta/OneDrive/Documents/Shivam_Developement/data_engineering/data_engineering_project/batch-etl-pyspark/.venv/lib/python3.12/site-packages/airflow/example_dags/tutorial.py
[2025-07-16T19:32:34.452+0000] {logging_mixin.py:188} INFO - [2025-07-16T19:32:34.451+0000] {dag.py:3096} INFO - Sync 1 DAGs
[2025-07-16T19:32:34.483+0000] {logging_mixin.py:188} INFO - [2025-07-16T19:32:34.482+0000] {dag.py:3954} INFO - Setting next_dagrun for tutorial to 2025-07-15 00:00:00+00:00, run_after=2025-07-16 00:00:00+00:00
[2025-07-16T19:32:34.538+0000] {processor.py:183} INFO - Processing /mnt/c/Users/Shivam Gupta/OneDrive/Documents/Shivam_Developement/data_engineering/data_engineering_project/batch-etl-pyspark/.venv/lib/python3.12/site-packages/airflow/example_dags/tutorial.py took 0.133 seconds
[2025-07-16T19:33:49.934+0000] {processor.py:161} INFO - Started process (PID=13902) to work on /mnt/c/Users/Shivam Gupta/OneDrive/Documents/Shivam_Developement/data_engineering/data_engineering_project/batch-etl-pyspark/.venv/lib/python3.12/site-packages/airflow/example_dags/tutorial.py
[2025-07-16T19:33:49.937+0000] {processor.py:830} INFO - Processing file /mnt/c/Users/Shivam Gupta/OneDrive/Documents/Shivam_Developement/data_engineering/data_engineering_project/batch-etl-pyspark/.venv/lib/python3.12/site-packages/airflow/example_dags/tutorial.py for tasks to queue
[2025-07-16T19:33:49.941+0000] {logging_mixin.py:188} INFO - [2025-07-16T19:33:49.939+0000] {dagbag.py:545} INFO - Filling up the DagBag from /mnt/c/Users/Shivam Gupta/OneDrive/Documents/Shivam_Developement/data_engineering/data_engineering_project/batch-etl-pyspark/.venv/lib/python3.12/site-packages/airflow/example_dags/tutorial.py
[2025-07-16T19:33:49.972+0000] {processor.py:840} INFO - DAG(s) 'tutorial' retrieved from /mnt/c/Users/Shivam Gupta/OneDrive/Documents/Shivam_Developement/data_engineering/data_engineering_project/batch-etl-pyspark/.venv/lib/python3.12/site-packages/airflow/example_dags/tutorial.py
[2025-07-16T19:33:50.013+0000] {logging_mixin.py:188} INFO - [2025-07-16T19:33:50.012+0000] {dag.py:3096} INFO - Sync 1 DAGs
[2025-07-16T19:33:50.053+0000] {logging_mixin.py:188} INFO - [2025-07-16T19:33:50.051+0000] {dag.py:3954} INFO - Setting next_dagrun for tutorial to 2025-07-15 00:00:00+00:00, run_after=2025-07-16 00:00:00+00:00
[2025-07-16T19:33:50.157+0000] {processor.py:183} INFO - Processing /mnt/c/Users/Shivam Gupta/OneDrive/Documents/Shivam_Developement/data_engineering/data_engineering_project/batch-etl-pyspark/.venv/lib/python3.12/site-packages/airflow/example_dags/tutorial.py took 0.243 seconds
[2025-07-16T19:35:01.306+0000] {processor.py:161} INFO - Started process (PID=13989) to work on /mnt/c/Users/Shivam Gupta/OneDrive/Documents/Shivam_Developement/data_engineering/data_engineering_project/batch-etl-pyspark/.venv/lib/python3.12/site-packages/airflow/example_dags/tutorial.py
[2025-07-16T19:35:01.308+0000] {processor.py:830} INFO - Processing file /mnt/c/Users/Shivam Gupta/OneDrive/Documents/Shivam_Developement/data_engineering/data_engineering_project/batch-etl-pyspark/.venv/lib/python3.12/site-packages/airflow/example_dags/tutorial.py for tasks to queue
[2025-07-16T19:35:01.310+0000] {logging_mixin.py:188} INFO - [2025-07-16T19:35:01.310+0000] {dagbag.py:545} INFO - Filling up the DagBag from /mnt/c/Users/Shivam Gupta/OneDrive/Documents/Shivam_Developement/data_engineering/data_engineering_project/batch-etl-pyspark/.venv/lib/python3.12/site-packages/airflow/example_dags/tutorial.py
[2025-07-16T19:35:01.326+0000] {processor.py:840} INFO - DAG(s) 'tutorial' retrieved from /mnt/c/Users/Shivam Gupta/OneDrive/Documents/Shivam_Developement/data_engineering/data_engineering_project/batch-etl-pyspark/.venv/lib/python3.12/site-packages/airflow/example_dags/tutorial.py
[2025-07-16T19:35:01.347+0000] {logging_mixin.py:188} INFO - [2025-07-16T19:35:01.346+0000] {dag.py:3096} INFO - Sync 1 DAGs
[2025-07-16T19:35:01.370+0000] {logging_mixin.py:188} INFO - [2025-07-16T19:35:01.369+0000] {dag.py:3954} INFO - Setting next_dagrun for tutorial to 2025-07-15 00:00:00+00:00, run_after=2025-07-16 00:00:00+00:00
[2025-07-16T19:35:01.428+0000] {processor.py:183} INFO - Processing /mnt/c/Users/Shivam Gupta/OneDrive/Documents/Shivam_Developement/data_engineering/data_engineering_project/batch-etl-pyspark/.venv/lib/python3.12/site-packages/airflow/example_dags/tutorial.py took 0.131 seconds
[2025-07-16T19:36:16.264+0000] {processor.py:161} INFO - Started process (PID=14154) to work on /mnt/c/Users/Shivam Gupta/OneDrive/Documents/Shivam_Developement/data_engineering/data_engineering_project/batch-etl-pyspark/.venv/lib/python3.12/site-packages/airflow/example_dags/tutorial.py
[2025-07-16T19:36:16.266+0000] {processor.py:830} INFO - Processing file /mnt/c/Users/Shivam Gupta/OneDrive/Documents/Shivam_Developement/data_engineering/data_engineering_project/batch-etl-pyspark/.venv/lib/python3.12/site-packages/airflow/example_dags/tutorial.py for tasks to queue
[2025-07-16T19:36:16.268+0000] {logging_mixin.py:188} INFO - [2025-07-16T19:36:16.267+0000] {dagbag.py:545} INFO - Filling up the DagBag from /mnt/c/Users/Shivam Gupta/OneDrive/Documents/Shivam_Developement/data_engineering/data_engineering_project/batch-etl-pyspark/.venv/lib/python3.12/site-packages/airflow/example_dags/tutorial.py
[2025-07-16T19:36:16.284+0000] {processor.py:840} INFO - DAG(s) 'tutorial' retrieved from /mnt/c/Users/Shivam Gupta/OneDrive/Documents/Shivam_Developement/data_engineering/data_engineering_project/batch-etl-pyspark/.venv/lib/python3.12/site-packages/airflow/example_dags/tutorial.py
[2025-07-16T19:36:16.315+0000] {logging_mixin.py:188} INFO - [2025-07-16T19:36:16.314+0000] {dag.py:3096} INFO - Sync 1 DAGs
[2025-07-16T19:36:16.346+0000] {logging_mixin.py:188} INFO - [2025-07-16T19:36:16.345+0000] {dag.py:3954} INFO - Setting next_dagrun for tutorial to 2025-07-15 00:00:00+00:00, run_after=2025-07-16 00:00:00+00:00
[2025-07-16T19:36:16.433+0000] {processor.py:183} INFO - Processing /mnt/c/Users/Shivam Gupta/OneDrive/Documents/Shivam_Developement/data_engineering/data_engineering_project/batch-etl-pyspark/.venv/lib/python3.12/site-packages/airflow/example_dags/tutorial.py took 0.177 seconds
[2025-07-16T19:48:50.044+0000] {processor.py:161} INFO - Started process (PID=15064) to work on /mnt/c/Users/Shivam Gupta/OneDrive/Documents/Shivam_Developement/data_engineering/data_engineering_project/batch-etl-pyspark/.venv/lib/python3.12/site-packages/airflow/example_dags/tutorial.py
[2025-07-16T19:48:50.047+0000] {processor.py:830} INFO - Processing file /mnt/c/Users/Shivam Gupta/OneDrive/Documents/Shivam_Developement/data_engineering/data_engineering_project/batch-etl-pyspark/.venv/lib/python3.12/site-packages/airflow/example_dags/tutorial.py for tasks to queue
[2025-07-16T19:48:50.052+0000] {logging_mixin.py:188} INFO - [2025-07-16T19:48:50.050+0000] {dagbag.py:545} INFO - Filling up the DagBag from /mnt/c/Users/Shivam Gupta/OneDrive/Documents/Shivam_Developement/data_engineering/data_engineering_project/batch-etl-pyspark/.venv/lib/python3.12/site-packages/airflow/example_dags/tutorial.py
[2025-07-16T19:48:50.257+0000] {processor.py:840} INFO - DAG(s) 'tutorial' retrieved from /mnt/c/Users/Shivam Gupta/OneDrive/Documents/Shivam_Developement/data_engineering/data_engineering_project/batch-etl-pyspark/.venv/lib/python3.12/site-packages/airflow/example_dags/tutorial.py
[2025-07-16T19:48:50.526+0000] {logging_mixin.py:188} INFO - [2025-07-16T19:48:50.525+0000] {dag.py:3096} INFO - Sync 1 DAGs
[2025-07-16T19:48:50.586+0000] {logging_mixin.py:188} INFO - [2025-07-16T19:48:50.585+0000] {dag.py:3954} INFO - Setting next_dagrun for tutorial to 2025-07-15 00:00:00+00:00, run_after=2025-07-16 00:00:00+00:00
[2025-07-16T19:48:50.684+0000] {processor.py:183} INFO - Processing /mnt/c/Users/Shivam Gupta/OneDrive/Documents/Shivam_Developement/data_engineering/data_engineering_project/batch-etl-pyspark/.venv/lib/python3.12/site-packages/airflow/example_dags/tutorial.py took 0.654 seconds
[2025-07-16T19:50:09.068+0000] {processor.py:161} INFO - Started process (PID=15171) to work on /mnt/c/Users/Shivam Gupta/OneDrive/Documents/Shivam_Developement/data_engineering/data_engineering_project/batch-etl-pyspark/.venv/lib/python3.12/site-packages/airflow/example_dags/tutorial.py
[2025-07-16T19:50:09.071+0000] {processor.py:830} INFO - Processing file /mnt/c/Users/Shivam Gupta/OneDrive/Documents/Shivam_Developement/data_engineering/data_engineering_project/batch-etl-pyspark/.venv/lib/python3.12/site-packages/airflow/example_dags/tutorial.py for tasks to queue
[2025-07-16T19:50:09.076+0000] {logging_mixin.py:188} INFO - [2025-07-16T19:50:09.075+0000] {dagbag.py:545} INFO - Filling up the DagBag from /mnt/c/Users/Shivam Gupta/OneDrive/Documents/Shivam_Developement/data_engineering/data_engineering_project/batch-etl-pyspark/.venv/lib/python3.12/site-packages/airflow/example_dags/tutorial.py
[2025-07-16T19:50:09.164+0000] {processor.py:840} INFO - DAG(s) 'tutorial' retrieved from /mnt/c/Users/Shivam Gupta/OneDrive/Documents/Shivam_Developement/data_engineering/data_engineering_project/batch-etl-pyspark/.venv/lib/python3.12/site-packages/airflow/example_dags/tutorial.py
[2025-07-16T19:50:09.290+0000] {logging_mixin.py:188} INFO - [2025-07-16T19:50:09.287+0000] {dag.py:3096} INFO - Sync 1 DAGs
[2025-07-16T19:50:09.342+0000] {logging_mixin.py:188} INFO - [2025-07-16T19:50:09.340+0000] {dag.py:3954} INFO - Setting next_dagrun for tutorial to 2025-07-15 00:00:00+00:00, run_after=2025-07-16 00:00:00+00:00
[2025-07-16T19:50:09.437+0000] {processor.py:183} INFO - Processing /mnt/c/Users/Shivam Gupta/OneDrive/Documents/Shivam_Developement/data_engineering/data_engineering_project/batch-etl-pyspark/.venv/lib/python3.12/site-packages/airflow/example_dags/tutorial.py took 0.410 seconds
[2025-07-16T19:51:36.159+0000] {processor.py:161} INFO - Started process (PID=15261) to work on /mnt/c/Users/Shivam Gupta/OneDrive/Documents/Shivam_Developement/data_engineering/data_engineering_project/batch-etl-pyspark/.venv/lib/python3.12/site-packages/airflow/example_dags/tutorial.py
[2025-07-16T19:51:36.161+0000] {processor.py:830} INFO - Processing file /mnt/c/Users/Shivam Gupta/OneDrive/Documents/Shivam_Developement/data_engineering/data_engineering_project/batch-etl-pyspark/.venv/lib/python3.12/site-packages/airflow/example_dags/tutorial.py for tasks to queue
[2025-07-16T19:51:36.164+0000] {logging_mixin.py:188} INFO - [2025-07-16T19:51:36.163+0000] {dagbag.py:545} INFO - Filling up the DagBag from /mnt/c/Users/Shivam Gupta/OneDrive/Documents/Shivam_Developement/data_engineering/data_engineering_project/batch-etl-pyspark/.venv/lib/python3.12/site-packages/airflow/example_dags/tutorial.py
[2025-07-16T19:51:36.182+0000] {processor.py:840} INFO - DAG(s) 'tutorial' retrieved from /mnt/c/Users/Shivam Gupta/OneDrive/Documents/Shivam_Developement/data_engineering/data_engineering_project/batch-etl-pyspark/.venv/lib/python3.12/site-packages/airflow/example_dags/tutorial.py
[2025-07-16T19:51:36.207+0000] {logging_mixin.py:188} INFO - [2025-07-16T19:51:36.206+0000] {dag.py:3096} INFO - Sync 1 DAGs
[2025-07-16T19:51:36.231+0000] {logging_mixin.py:188} INFO - [2025-07-16T19:51:36.230+0000] {dag.py:3954} INFO - Setting next_dagrun for tutorial to 2025-07-15 00:00:00+00:00, run_after=2025-07-16 00:00:00+00:00
[2025-07-16T19:51:36.282+0000] {processor.py:183} INFO - Processing /mnt/c/Users/Shivam Gupta/OneDrive/Documents/Shivam_Developement/data_engineering/data_engineering_project/batch-etl-pyspark/.venv/lib/python3.12/site-packages/airflow/example_dags/tutorial.py took 0.132 seconds
[2025-07-16T19:53:04.700+0000] {processor.py:161} INFO - Started process (PID=15399) to work on /mnt/c/Users/Shivam Gupta/OneDrive/Documents/Shivam_Developement/data_engineering/data_engineering_project/batch-etl-pyspark/.venv/lib/python3.12/site-packages/airflow/example_dags/tutorial.py
[2025-07-16T19:53:04.702+0000] {processor.py:830} INFO - Processing file /mnt/c/Users/Shivam Gupta/OneDrive/Documents/Shivam_Developement/data_engineering/data_engineering_project/batch-etl-pyspark/.venv/lib/python3.12/site-packages/airflow/example_dags/tutorial.py for tasks to queue
[2025-07-16T19:53:04.707+0000] {logging_mixin.py:188} INFO - [2025-07-16T19:53:04.705+0000] {dagbag.py:545} INFO - Filling up the DagBag from /mnt/c/Users/Shivam Gupta/OneDrive/Documents/Shivam_Developement/data_engineering/data_engineering_project/batch-etl-pyspark/.venv/lib/python3.12/site-packages/airflow/example_dags/tutorial.py
[2025-07-16T19:53:04.740+0000] {processor.py:840} INFO - DAG(s) 'tutorial' retrieved from /mnt/c/Users/Shivam Gupta/OneDrive/Documents/Shivam_Developement/data_engineering/data_engineering_project/batch-etl-pyspark/.venv/lib/python3.12/site-packages/airflow/example_dags/tutorial.py
[2025-07-16T19:53:04.773+0000] {logging_mixin.py:188} INFO - [2025-07-16T19:53:04.772+0000] {dag.py:3096} INFO - Sync 1 DAGs
[2025-07-16T19:53:04.823+0000] {logging_mixin.py:188} INFO - [2025-07-16T19:53:04.813+0000] {dag.py:3954} INFO - Setting next_dagrun for tutorial to 2025-07-15 00:00:00+00:00, run_after=2025-07-16 00:00:00+00:00
[2025-07-16T19:53:04.933+0000] {processor.py:183} INFO - Processing /mnt/c/Users/Shivam Gupta/OneDrive/Documents/Shivam_Developement/data_engineering/data_engineering_project/batch-etl-pyspark/.venv/lib/python3.12/site-packages/airflow/example_dags/tutorial.py took 0.248 seconds
[2025-07-16T19:53:55.366+0000] {processor.py:161} INFO - Started process (PID=15556) to work on /mnt/c/Users/Shivam Gupta/OneDrive/Documents/Shivam_Developement/data_engineering/data_engineering_project/batch-etl-pyspark/.venv/lib/python3.12/site-packages/airflow/example_dags/tutorial.py
[2025-07-16T19:53:55.368+0000] {processor.py:830} INFO - Processing file /mnt/c/Users/Shivam Gupta/OneDrive/Documents/Shivam_Developement/data_engineering/data_engineering_project/batch-etl-pyspark/.venv/lib/python3.12/site-packages/airflow/example_dags/tutorial.py for tasks to queue
[2025-07-16T19:53:55.372+0000] {logging_mixin.py:188} INFO - [2025-07-16T19:53:55.370+0000] {dagbag.py:545} INFO - Filling up the DagBag from /mnt/c/Users/Shivam Gupta/OneDrive/Documents/Shivam_Developement/data_engineering/data_engineering_project/batch-etl-pyspark/.venv/lib/python3.12/site-packages/airflow/example_dags/tutorial.py
[2025-07-16T19:53:55.398+0000] {processor.py:840} INFO - DAG(s) 'tutorial' retrieved from /mnt/c/Users/Shivam Gupta/OneDrive/Documents/Shivam_Developement/data_engineering/data_engineering_project/batch-etl-pyspark/.venv/lib/python3.12/site-packages/airflow/example_dags/tutorial.py
[2025-07-16T19:53:55.431+0000] {logging_mixin.py:188} INFO - [2025-07-16T19:53:55.430+0000] {dag.py:3096} INFO - Sync 1 DAGs
[2025-07-16T19:53:55.463+0000] {logging_mixin.py:188} INFO - [2025-07-16T19:53:55.462+0000] {dag.py:3954} INFO - Setting next_dagrun for tutorial to 2025-07-15 00:00:00+00:00, run_after=2025-07-16 00:00:00+00:00
[2025-07-16T19:53:55.554+0000] {processor.py:183} INFO - Processing /mnt/c/Users/Shivam Gupta/OneDrive/Documents/Shivam_Developement/data_engineering/data_engineering_project/batch-etl-pyspark/.venv/lib/python3.12/site-packages/airflow/example_dags/tutorial.py took 0.203 seconds
