[2025-07-18T10:26:12.045+0000] {local_task_job_runner.py:120} INFO - ::group::Pre task execution logs
[2025-07-18T10:26:12.236+0000] {taskinstance.py:2076} INFO - Dependencies all met for dep_context=non-requeueable deps ti=<TaskInstance: ecommerce_etl.run_etl manual__2025-07-18T09:01:22.623150+00:00 [queued]>
[2025-07-18T10:26:12.253+0000] {taskinstance.py:2076} INFO - Dependencies all met for dep_context=requeueable deps ti=<TaskInstance: ecommerce_etl.run_etl manual__2025-07-18T09:01:22.623150+00:00 [queued]>
[2025-07-18T10:26:12.255+0000] {taskinstance.py:2306} INFO - Starting attempt 3 of 3
[2025-07-18T10:26:12.309+0000] {taskinstance.py:2330} INFO - Executing <Task(PythonOperator): run_etl> on 2025-07-18 09:01:22.623150+00:00
[2025-07-18T10:26:12.317+0000] {standard_task_runner.py:63} INFO - Started process 25013 to run task
[2025-07-18T10:26:12.319+0000] {standard_task_runner.py:90} INFO - Running: ['airflow', 'tasks', 'run', 'ecommerce_etl', 'run_etl', 'manual__2025-07-18T09:01:22.623150+00:00', '--job-id', '38', '--raw', '--subdir', 'DAGS_FOLDER/ecommerce_etl_dag.py', '--cfg-path', '/tmp/tmpqn0jopme']
[2025-07-18T10:26:12.323+0000] {standard_task_runner.py:91} INFO - Job 38: Subtask run_etl
[2025-07-18T10:26:12.483+0000] {task_command.py:426} INFO - Running <TaskInstance: ecommerce_etl.run_etl manual__2025-07-18T09:01:22.623150+00:00 [running]> on host LAPTOP-2CRA05LG.
[2025-07-18T10:26:12.629+0000] {taskinstance.py:2648} INFO - Exporting env vars: AIRFLOW_CTX_DAG_OWNER='airflow' AIRFLOW_CTX_DAG_ID='ecommerce_etl' AIRFLOW_CTX_TASK_ID='run_etl' AIRFLOW_CTX_EXECUTION_DATE='2025-07-18T09:01:22.623150+00:00' AIRFLOW_CTX_TRY_NUMBER='3' AIRFLOW_CTX_DAG_RUN_ID='manual__2025-07-18T09:01:22.623150+00:00'
[2025-07-18T10:26:12.632+0000] {taskinstance.py:430} INFO - ::endgroup::
[2025-07-18T10:26:12.819+0000] {logging_mixin.py:188} INFO - Creating SparkSession with appName: EcommerceSalesAnalytics and master: local[*]
[2025-07-18T10:26:24.747+0000] {logging_mixin.py:188} INFO - SparkSession created successfully.
[2025-07-18T10:26:24.749+0000] {logging_mixin.py:188} INFO - Attempting to read from: /mnt/c/Users/Shivam Gupta/OneDrive/Documents/Shivam_Developement/DATA_ENGINEERING/data_engineering_project/batch-etl-pyspark/data/raw/orders.csv
[2025-07-18T10:26:32.904+0000] {logging_mixin.py:188} INFO - Attempting to read from: /mnt/c/Users/Shivam Gupta/OneDrive/Documents/Shivam_Developement/DATA_ENGINEERING/data_engineering_project/batch-etl-pyspark/data/raw/customers.csv
[2025-07-18T10:26:33.460+0000] {logging_mixin.py:188} INFO - Attempting to read from: /mnt/c/Users/Shivam Gupta/OneDrive/Documents/Shivam_Developement/DATA_ENGINEERING/data_engineering_project/batch-etl-pyspark/data/raw/products.csv
[2025-07-18T10:26:34.003+0000] {logging_mixin.py:188} INFO - Attempting to write to: /mnt/c/Users/Shivam Gupta/OneDrive/Documents/Shivam_Developement/DATA_ENGINEERING/data_engineering_project/batch-etl-pyspark/data/analytics/OUTPUT_PATH=data/analytics/output.parquet
[2025-07-18T10:26:37.419+0000] {logging_mixin.py:188} INFO - Successfully wrote data to /mnt/c/Users/Shivam Gupta/OneDrive/Documents/Shivam_Developement/DATA_ENGINEERING/data_engineering_project/batch-etl-pyspark/data/analytics/OUTPUT_PATH=data/analytics/output.parquet
[2025-07-18T10:26:37.422+0000] {python.py:237} INFO - Done. Returned value was: None
[2025-07-18T10:26:37.424+0000] {taskinstance.py:441} INFO - ::group::Post task execution logs
[2025-07-18T10:26:37.453+0000] {taskinstance.py:1206} INFO - Marking task as SUCCESS. dag_id=ecommerce_etl, task_id=run_etl, run_id=manual__2025-07-18T09:01:22.623150+00:00, execution_date=20250718T090122, start_date=20250718T102612, end_date=20250718T102637
[2025-07-18T10:26:37.541+0000] {local_task_job_runner.py:240} INFO - Task exited with return code 0
[2025-07-18T10:26:37.569+0000] {taskinstance.py:3498} INFO - 0 downstream tasks scheduled from follow-on schedule check
[2025-07-18T10:26:37.572+0000] {local_task_job_runner.py:222} INFO - ::endgroup::
