[2025-07-18T10:29:25.934+0000] {local_task_job_runner.py:120} INFO - ::group::Pre task execution logs
[2025-07-18T10:29:26.022+0000] {taskinstance.py:2076} INFO - Dependencies all met for dep_context=non-requeueable deps ti=<TaskInstance: ecommerce_etl.run_etl manual__2025-07-18T09:47:47.624865+00:00 [queued]>
[2025-07-18T10:29:26.033+0000] {taskinstance.py:2076} INFO - Dependencies all met for dep_context=requeueable deps ti=<TaskInstance: ecommerce_etl.run_etl manual__2025-07-18T09:47:47.624865+00:00 [queued]>
[2025-07-18T10:29:26.033+0000] {taskinstance.py:2306} INFO - Starting attempt 2 of 2
[2025-07-18T10:29:26.060+0000] {taskinstance.py:2330} INFO - Executing <Task(PythonOperator): run_etl> on 2025-07-18 09:47:47.624865+00:00
[2025-07-18T10:29:26.064+0000] {standard_task_runner.py:63} INFO - Started process 26327 to run task
[2025-07-18T10:29:26.066+0000] {standard_task_runner.py:90} INFO - Running: ['airflow', 'tasks', 'run', 'ecommerce_etl', 'run_etl', 'manual__2025-07-18T09:47:47.624865+00:00', '--job-id', '42', '--raw', '--subdir', 'DAGS_FOLDER/ecommerce_etl_dag.py', '--cfg-path', '/tmp/tmp7yekdpo1']
[2025-07-18T10:29:26.071+0000] {standard_task_runner.py:91} INFO - Job 42: Subtask run_etl
[2025-07-18T10:29:26.202+0000] {task_command.py:426} INFO - Running <TaskInstance: ecommerce_etl.run_etl manual__2025-07-18T09:47:47.624865+00:00 [running]> on host LAPTOP-2CRA05LG.
[2025-07-18T10:29:26.313+0000] {taskinstance.py:2648} INFO - Exporting env vars: AIRFLOW_CTX_DAG_OWNER='airflow' AIRFLOW_CTX_DAG_ID='ecommerce_etl' AIRFLOW_CTX_TASK_ID='run_etl' AIRFLOW_CTX_EXECUTION_DATE='2025-07-18T09:47:47.624865+00:00' AIRFLOW_CTX_TRY_NUMBER='2' AIRFLOW_CTX_DAG_RUN_ID='manual__2025-07-18T09:47:47.624865+00:00'
[2025-07-18T10:29:26.314+0000] {taskinstance.py:430} INFO - ::endgroup::
[2025-07-18T10:29:26.427+0000] {logging_mixin.py:188} INFO - Creating SparkSession with appName: EcommerceSalesAnalytics and master: local[*]
[2025-07-18T10:29:38.926+0000] {logging_mixin.py:188} INFO - SparkSession created successfully.
[2025-07-18T10:29:38.929+0000] {logging_mixin.py:188} INFO - Attempting to read from: /mnt/c/Users/Shivam Gupta/OneDrive/Documents/Shivam_Developement/DATA_ENGINEERING/data_engineering_project/batch-etl-pyspark/data/raw/orders.csv
[2025-07-18T10:29:49.080+0000] {logging_mixin.py:188} INFO - Attempting to read from: /mnt/c/Users/Shivam Gupta/OneDrive/Documents/Shivam_Developement/DATA_ENGINEERING/data_engineering_project/batch-etl-pyspark/data/raw/customers.csv
[2025-07-18T10:29:49.597+0000] {logging_mixin.py:188} INFO - Attempting to read from: /mnt/c/Users/Shivam Gupta/OneDrive/Documents/Shivam_Developement/DATA_ENGINEERING/data_engineering_project/batch-etl-pyspark/data/raw/products.csv
[2025-07-18T10:29:50.184+0000] {logging_mixin.py:188} INFO - Attempting to write to: /mnt/c/Users/Shivam Gupta/OneDrive/Documents/Shivam_Developement/DATA_ENGINEERING/data_engineering_project/batch-etl-pyspark/data/analytics/OUTPUT_PATH=data/analytics/output.parquet
[2025-07-18T10:29:54.206+0000] {logging_mixin.py:188} INFO - Successfully wrote data to /mnt/c/Users/Shivam Gupta/OneDrive/Documents/Shivam_Developement/DATA_ENGINEERING/data_engineering_project/batch-etl-pyspark/data/analytics/OUTPUT_PATH=data/analytics/output.parquet
[2025-07-18T10:29:54.209+0000] {python.py:237} INFO - Done. Returned value was: None
[2025-07-18T10:29:54.213+0000] {taskinstance.py:441} INFO - ::group::Post task execution logs
[2025-07-18T10:29:54.245+0000] {taskinstance.py:1206} INFO - Marking task as SUCCESS. dag_id=ecommerce_etl, task_id=run_etl, run_id=manual__2025-07-18T09:47:47.624865+00:00, execution_date=20250718T094747, start_date=20250718T102926, end_date=20250718T102954
[2025-07-18T10:29:54.314+0000] {local_task_job_runner.py:240} INFO - Task exited with return code 0
[2025-07-18T10:29:54.344+0000] {taskinstance.py:3498} INFO - 0 downstream tasks scheduled from follow-on schedule check
[2025-07-18T10:29:54.347+0000] {local_task_job_runner.py:222} INFO - ::endgroup::
